"../../../Engine/Content/EditorBlueprintResources/StandardMacros.uasset" 0
"../../../Engine/Content/EngineSky/C_Sky_Cloud_Color.uasset" 1
"../../../Engine/Content/EngineSky/C_Sky_Horizon_Color.uasset" 2
"../../../Engine/Content/EngineSky/C_Sky_Zenith_Color.uasset" 3
"../../../Engine/Content/EngineSky/T_Sky_Blue.uasset" 4
"../../../Engine/Content/EngineSky/T_Sky_Clouds_M.uasset" 5
"../../../Engine/Content/EngineSky/T_Sky_Stars.uasset" 6
"../../../Engine/Content/EngineSky/SM_SkySphere.uasset" 7
"../../../Engine/Content/EngineSky/M_Sky_Panning_Clouds2.uasset" 8
"../../../Engine/Content/EngineSky/BP_Sky_Sphere.uasset" 9
"../../../Engine/Content/Functions/Engine_MaterialFunctions01/Opacity/CameraDepthFade.uasset" 10
"../../../Engine/Content/EngineMaterials/T_Default_Material_Grid_M.uasset" 11
"../../../Engine/Content/EngineMaterials/T_Default_Material_Grid_N.uasset" 12
"../../../Engine/Content/EngineMaterials/WorldGridMaterial.uasset" 13
"../../../Engine/Content/EngineMaterials/DefaultMaterial.uasset" 14
"../../../Engine/Content/MapTemplates/SM_Template_Map_Floor.uasset" 15
"../../../MyProject19/Content/ThirdPersonBP/Maps/2dTests.umap" 16
"../../../MyProject19/Content/Materials/Grid.uasset" 17
"../../../MyProject19/Content/Materials/Grey.uasset" 18
"../../../MyProject19/Content/Materials/HealthGone.uasset" 19
"../../../MyProject19/Content/Materials/Wod.uasset" 20
"../../../Engine/Content/BasicShapes/Cylinder.uasset" 21
"../../../MyProject19/Content/Maps/WalkDownTheBlock_out.umap" 22
"../../../Engine/Content/Functions/Engine_MaterialFunctions02/Utility/BlendAngleCorrectedNormals.uasset" 23
"../../../Engine/Content/Functions/MaterialLayerFunctions/MatLayerBlend_NormalBlend.uasset" 24
"../../../Engine/Content/Functions/MaterialLayerFunctions/MatLayerBlend_Simple.uasset" 25
"../../../MyProject19/Content/Mannequin/Character/Materials/MaterialLayers/T_ML_Rubber_Blue_01_D.uasset" 26
"../../../MyProject19/Content/Mannequin/Character/Materials/MaterialLayers/T_ML_Rubber_Blue_01_N.uasset" 27
"../../../MyProject19/Content/Mannequin/Character/Materials/MaterialLayers/ML_GlossyBlack_Latex_UE4.uasset" 28
"../../../MyProject19/Content/Mannequin/Character/Materials/MaterialLayers/ML_Plastic_Shiny_Beige.uasset" 29
"../../../MyProject19/Content/Mannequin/Character/Textures/UE4_LOGO_CARD.uasset" 30
"../../../MyProject19/Content/Mannequin/Character/Materials/MaterialLayers/ML_Plastic_Shiny_Beige_LOGO.uasset" 31
"../../../MyProject19/Content/Mannequin/Character/Materials/MaterialLayers/T_ML_Aluminum01.uasset" 32
"../../../MyProject19/Content/Mannequin/Character/Materials/MaterialLayers/T_ML_Aluminum01_N.uasset" 33
"../../../MyProject19/Content/Mannequin/Character/Materials/MaterialLayers/ML_SoftMetal_UE4.uasset" 34
"../../../MyProject19/Content/Mannequin/Character/Textures/UE4_Mannequin__normals.uasset" 35
"../../../MyProject19/Content/Mannequin/Character/Textures/UE4_Mannequin_MAT_MASKA.uasset" 36
"../../../MyProject19/Content/Mannequin/Character/Materials/M_UE4Man_Body.uasset" 37
"../../../MyProject19/Content/Mannequin/Character/Textures/UE4Man_Logo_N.uasset" 38
"../../../MyProject19/Content/Mannequin/Character/Materials/M_UE4Man_ChestLogo.uasset" 39
"../../../MyProject19/Content/Mannequin/Character/Mesh/SK_Mannequin.uasset" 40
"../../../MyProject19/Content/Mannequin/Character/Mesh/UE4_Mannequin_Skeleton.uasset" 41
"../../../MyProject19/Content/Mannequin/Animations/ThirdPerson_Jump.uasset" 42
"../../../MyProject19/Content/Mannequin/Animations/ThirdPersonJump_Loop.uasset" 43
"../../../MyProject19/Content/Mannequin/Animations/ThirdPersonJump_Start.uasset" 44
"../../../MyProject19/Content/Mannequin/Animations/ThirdPersonIdle.uasset" 45
"../../../MyProject19/Content/Mannequin/Animations/ThirdPersonRun.uasset" 46
"../../../MyProject19/Content/Mannequin/Animations/ThirdPersonWalk.uasset" 47
"../../../MyProject19/Content/Mannequin/Animations/ThirdPerson_IdleRun_2D.uasset" 48
"../../../MyProject19/Content/Mannequin/Animations/ThirdPerson_AnimBP.uasset" 49
"../../../MyProject19/Content/Blueprints/UI/EnemyHealth.uasset" 50
"../../../MyProject19/Content/Blueprints/EnemyBasic.uasset" 51
"../../../MyProject19/Content/Blueprints/TimeDecider.uasset" 52
"../../../MyProject19/Content/ThirdPersonBP/Blueprints/TimeInterface.uasset" 53
"../../../MyProject19/Content/Blueprints/UI/TimeMeter.uasset" 54
"../../../MyProject19/Content/Blueprints/2D/u0-eus-d1-5cba9cdbb3335af16c465ce711a6adf0_pimgpsh_fullsize_distr.uasset" 55
"../../../MyProject19/Content/Blueprints/2D/Yes.uasset" 56
"../../../MyProject19/Content/Materials/HealthBad.uasset" 57
"../../../Engine/Plugins/2D/Paper2D/Content/PlaceholderTextures/DummySpriteTexture.uasset" 58
"../../../Engine/Plugins/2D/Paper2D/Content/DefaultSpriteMaterial.uasset" 59
"../../../Engine/Plugins/2D/Paper2D/Content/TranslucentUnlitSpriteMaterial.uasset" 60
"../../../MyProject19/Content/Blueprints/2D/Blueprints/Crest/Idle/Crest_Idle0004.uasset" 61
"../../../MyProject19/Content/Blueprints/2D/Blueprints/Crest/Idle/Crest_Idle0004_Sprite.uasset" 62
"../../../MyProject19/Content/Blueprints/2D/Blueprints/Crest/Idle/FlipBooks/Crest_IdleNorthEast.uasset" 63
"../../../MyProject19/Content/Blueprints/2D/Blueprints/Crest/Idle/Crest_Idle0006.uasset" 64
"../../../MyProject19/Content/Blueprints/2D/Blueprints/Crest/Idle/Crest_Idle0006_Sprite.uasset" 65
"../../../MyProject19/Content/Blueprints/2D/Blueprints/Crest/Idle/FlipBooks/Crest_IdleNorthWest.uasset" 66
"../../../MyProject19/Content/Blueprints/2D/Blueprints/Crest/Idle/Crest_Idle0001.uasset" 67
"../../../MyProject19/Content/Blueprints/2D/Blueprints/Crest/Idle/Crest_Idle0001_Sprite.uasset" 68
"../../../MyProject19/Content/Blueprints/2D/Blueprints/Crest/Idle/FlipBooks/Crest_IdleSouth.uasset" 69
"../../../MyProject19/Content/Blueprints/2D/Blueprints/Crest/Idle/Crest_Idle0002.uasset" 70
"../../../MyProject19/Content/Blueprints/2D/Blueprints/Crest/Idle/Crest_Idle0002_Sprite.uasset" 71
"../../../MyProject19/Content/Blueprints/2D/Blueprints/Crest/Idle/FlipBooks/Crest_IdleSouthEast.uasset" 72
"../../../MyProject19/Content/Blueprints/2D/Blueprints/Crest/Idle/Crest_Idle0007.uasset" 73
"../../../MyProject19/Content/Blueprints/2D/Blueprints/Crest/Idle/Crest_Idle0007_Sprite.uasset" 74
"../../../MyProject19/Content/Blueprints/2D/Blueprints/Crest/Idle/FlipBooks/Crest_IdleSouthWest.uasset" 75
"../../../MyProject19/Content/Blueprints/2D/Blueprints/Crest/Idle/Crest_Idle0003.uasset" 76
"../../../MyProject19/Content/Blueprints/2D/Blueprints/Crest/Idle/Crest_Idle0003_Sprite.uasset" 77
"../../../MyProject19/Content/Blueprints/2D/Blueprints/Crest/Idle/FlipBooks/CrestIdleEast.uasset" 78
"../../../MyProject19/Content/Blueprints/2D/Blueprints/Crest/Idle/Crest_Idle0005.uasset" 79
"../../../MyProject19/Content/Blueprints/2D/Blueprints/Crest/Idle/Crest_Idle0005_Sprite.uasset" 80
"../../../MyProject19/Content/Blueprints/2D/Blueprints/Crest/Idle/FlipBooks/CrestIdleNorth.uasset" 81
"../../../MyProject19/Content/Blueprints/2D/Blueprints/Crest/Idle/Crest_Idle0008.uasset" 82
"../../../MyProject19/Content/Blueprints/2D/Blueprints/Crest/Idle/Crest_Idle0008_Sprite.uasset" 83
"../../../MyProject19/Content/Blueprints/2D/Blueprints/Crest/Idle/FlipBooks/CrestIdleWest.uasset" 84
"../../../MyProject19/Content/Blueprints/2D/Blueprints/Tests/Peng2dSpriteTest.uasset" 85
"../../../MyProject19/Content/Blueprints/2D/Blueprints/Tests/512x512.uasset" 86
"../../../MyProject19/Content/Blueprints/2D/Blueprints/Tests/512x.uasset" 87
"../../../MyProject19/Content/Blueprints/2D/Blueprints/Tests/PengSprite1.uasset" 88
"../../../MyProject19/Content/Blueprints/2D/Blueprints/Tests/PengSprite1_Sprite.uasset" 89
"../../../MyProject19/Content/Blueprints/2D/Blueprints/Tests/PengSprite2.uasset" 90
"../../../MyProject19/Content/Blueprints/2D/Blueprints/Tests/PengSprite2_Sprite.uasset" 91
"../../../MyProject19/Content/Blueprints/2D/Blueprints/Tests/Idle.uasset" 92
"../../../MyProject19/Content/Blueprints/SoundEffects/Damage/Physical.uasset" 93
"../../../MyProject19/Content/Blueprints/SoundEffects/Dialogue/ah.uasset" 94
"../../../MyProject19/Content/Materials/selector.uasset" 95
"../../../MyProject19/Content/Blueprints/UI/Pointer.uasset" 96
"../../../MyProject19/Content/Blueprints/UI/selector2.uasset" 97
"../../../MyProject19/Content/Blueprints/UI/Pointer2.uasset" 98
"../../../MyProject19/Content/Blueprints/UI/Shild.uasset" 99
"../../../MyProject19/Content/Blueprints/UI/SHILED.uasset" 100
"../../../MyProject19/Content/Blueprints/2D/Blueprints/Tests/ThirdPersonCharacter2D.uasset" 101
"../../../MyProject19/Content/Blueprints/UI/ListedItem.uasset" 102
"../../../MyProject19/Content/Blueprints/UI/AbilityMenu.uasset" 103
"../../../MyProject19/Content/ThirdPersonBP/Blueprints/ThirdPersonCharacter.uasset" 104
"../../../Engine/Content/BasicShapes/BasicShapeMaterial.uasset" 105
"../../../MyProject19/Content/Blueprints/IAMBULLETHELLO.uasset" 106
"../../../MyProject19/Content/ThirdPersonBP/Maps/Untitled.umap" 107
"../../../MyProject19/Content/Maps/ScenicView_Blockout.umap" 108
"../../../MyProject19/Content/Maps/SewerPenguinWall_Blockout.umap" 109
"../../../MyProject19/Content/Maps/Plaza_Blockout.umap" 110
"../../../MyProject19/Content/Music/Enviornment/heymanjust.uasset" 111
"../../../MyProject19/Content/Maps/VerticalSlicePersitantLevel.umap" 112
"../../../MyProject19/Content/ThirdPersonBP/Maps/Bar.umap" 113
"../../../MyProject19/Content/Maps/Basement_Blockout.umap" 114
"../../../MyProject19/Content/Maps/EnemyArena.umap" 115
"../../../MyProject19/Content/Maps/KeyItemRoom_Blockout.umap" 116
"../../../MyProject19/Content/Blueprints/Poison.uasset" 117
"../../../MyProject19/Content/Blueprints/SliceGenericEnemy_01.uasset" 118
"../../../MyProject19/Content/Blueprints/UI/IDISPLAYTEXT.uasset" 119
"../../../Engine/Content/EngineFonts/RobotoDistanceField.uasset" 120
"../../../Engine/Content/Functions/Engine_MaterialFunctions03/Procedurals/ComputeFilterWidth.uasset" 121
"../../../Engine/Content/EngineMaterials/AntiAliasedTextMaterialTranslucent.uasset" 122
"../../../MyProject19/Content/Materials/Black.uasset" 123
"../../../Engine/Content/BasicShapes/Cone.uasset" 124
"../../../Engine/Content/BasicShapes/Sphere.uasset" 125
"../../../MyProject19/Content/Geometry/Meshes/CubeMaterial.uasset" 126
"../../../MyProject19/Content/Geometry/Meshes/1M_Cube.uasset" 127
"../../../MyProject19/Content/Geometry/Meshes/TemplateFloor.uasset" 128
"../../../MyProject19/Content/ThirdPersonBP/Maps/ThirdPersonExampleMap.umap" 129
"../../../Engine/Content/EngineMaterials/DefaultDiffuse.uasset" 130
"../../../Engine/Content/EngineMaterials/DefaultNormal.uasset" 131
"../../../Engine/Content/Maps/Entry.umap" 132
"../../../Engine/Content/EditorResources/S_Actor.uasset" 133
"../../../Engine/Content/Maps/Templates/Thumbnails/Default.uasset" 134
"../../../Engine/Content/EditorMaterials/ParticleSystems/PSysThumbnail_NoImage.uasset" 135
"../../../Engine/Content/EditorMaterials/ParticleSystems/PSysThumbnail_OOD.uasset" 136
"../../../Engine/Content/EditorLandscapeResources/DataLayer.uasset" 137
"../../../Engine/Content/EngineFonts/Roboto.uasset" 138
"../../../Engine/Content/Functions/Engine_MaterialFunctions01/Shading/PowerToRoughness.uasset" 139
"../../../Engine/Content/Functions/Engine_MaterialFunctions01/Shading/ConvertFromDiffSpec.uasset" 140
"../../../Engine/Content/EngineMaterials/DefaultDeferredDecalMaterial.uasset" 141
"../../../Engine/Content/EngineMaterials/DefaultLightFunctionMaterial.uasset" 142
"../../../Engine/Content/Functions/Engine_MaterialFunctions02/Utility/BreakOutFloat2Components.uasset" 143
"../../../Engine/Content/EngineMaterials/DefaultPostProcessMaterial.uasset" 144
"../../../Engine/Content/EngineResources/DefaultTexture.uasset" 145
"../../../Engine/Content/Functions/Engine_MaterialFunctions02/Texturing/ScreenAlignedUVs.uasset" 146
"../../../Engine/Content/EngineResources/WhiteSquareTexture.uasset" 147
"../../../Engine/Content/EngineMaterials/Widget3DPassThrough.uasset" 148
"../../../Engine/Content/EngineMaterials/Widget3DPassThrough_Translucent.uasset" 149
"../../../Engine/Content/EngineMaterials/Widget3DPassThrough_Translucent_OneSided.uasset" 150
"../../../Engine/Content/EngineMaterials/Widget3DPassThrough_Opaque.uasset" 151
"../../../Engine/Content/EngineMaterials/Widget3DPassThrough_Opaque_OneSided.uasset" 152
"../../../Engine/Content/EngineMaterials/Widget3DPassThrough_Masked.uasset" 153
"../../../Engine/Content/EngineMaterials/Widget3DPassThrough_Masked_OneSided.uasset" 154
"../../../Engine/Content/EngineDamageTypes/DmgTypeBP_Environmental.uasset" 155
"../../../Engine/Content/EngineMeshes/Sphere.uasset" 156
"../../../Engine/Content/EngineMaterials/DefaultTextMaterialOpaque.uasset" 157
"../../../Engine/Content/EditorResources/S_Trigger.uasset" 158
"../../../Engine/Content/EngineResources/GradientTexture0.uasset" 159
"../../../Engine/Content/EngineResources/Black.uasset" 160
"../../../Engine/Content/EditorMaterials/MatineeGroups/MAT_Groups_Float.uasset" 161
"../../../Engine/Content/EditorMaterials/MatineeGroups/MAT_Groups_Director.uasset" 162
"../../../Engine/Content/EditorMaterials/MatineeGroups/MAT_Groups_Event.uasset" 163
"../../../Engine/Content/EditorMaterials/MatineeGroups/MAT_Groups_Anim.uasset" 164
"../../../Engine/Content/EditorMaterials/MatineeGroups/MAT_Groups_Fade.uasset" 165
"../../../Engine/Content/EditorMaterials/MatineeGroups/MAT_Groups_Move.uasset" 166
"../../../Engine/Content/EditorMaterials/MatineeGroups/MAT_Groups_Slomo.uasset" 167
"../../../Engine/Content/EditorMaterials/MatineeGroups/MAT_ColorTrack.uasset" 168
"../../../Engine/Content/EditorMaterials/MAT_Groups_Toggle.uasset" 169
"../../../Engine/Content/EditorMaterials/MatineeGroups/MAT_Groups_AudioMaster.uasset" 170
"../../../Engine/Content/EditorMaterials/MatineeGroups/MAT_Groups_Sound.uasset" 171
"../../../Engine/Content/EditorMaterials/MatineeGroups/MAT_Groups_Vector.uasset" 172
"../../../Engine/Content/EditorMaterials/MAT_Groups_Visibility.uasset" 173
"../../../Engine/Content/EngineResources/DefaultTextureCube.uasset" 174
"../../../Engine/Content/EngineMeshes/Cylinder.uasset" 175
"../../../Engine/Content/EngineTireTypes/DefaultTireType.uasset" 176
"../../../Engine/Content/EngineResources/AICON-Red.uasset" 177
"../../../Engine/Content/EngineResources/AICON-Green.uasset" 178
"../../../Engine/Content/Tutorial/Basics/LevelEditorAttract.uasset" 179
"../../../Engine/Content/Tutorial/Basics/TutorialAssets/icon_tab_Levels_40x.uasset" 180
"../../../Engine/Content/Tutorial/Basics/LevelEditorOverview.uasset" 181
"../../../Engine/Content/Tutorial/ContentIntroCurve.uasset" 182
"../../../Engine/Plugins/2D/Paper2D/Content/MaskedUnlitSpriteMaterial.uasset" 183
"../../../Engine/Plugins/2D/Paper2D/Content/OpaqueUnlitSpriteMaterial.uasset" 184
"../../../Engine/Plugins/2D/Paper2D/Content/DummySpriteTexture.uasset" 185
"../../../Engine/Plugins/2D/Paper2D/Content/DummySprite.uasset" 186
"../../../Engine/Plugins/2D/Paper2D/Content/DefaultPaperTerrainMaterial.uasset" 187
"../../../Engine/Plugins/Runtime/LeapMotionController/Content/LM_CapsuleMesh.uasset" 188
"../../../Engine/Plugins/Runtime/LeapMotionController/Content/LM_TorusMesh.uasset" 189
"../../../Engine/Plugins/Runtime/LeapMotionController/Content/LM_HandColor.uasset" 190
"../../../Engine/Plugins/Runtime/LeapMotionController/Content/LM_SampleDistortion.uasset" 191
"../../../Engine/Plugins/Runtime/LeapMotionController/Content/LM_TestTexture.uasset" 192
"../../../Engine/Plugins/Runtime/LeapMotionController/Content/LM_PassthroughMaterial.uasset" 193
"../../../Engine/Content/BasicShapes/Cube.uasset" 194
"../../../Engine/Content/EngineMaterials/RemoveSurfaceMaterial.uasset" 195
"../../../Engine/Content/EngineDebugMaterials/DebugMeshMaterial.uasset" 196
"../../../Engine/Content/EngineMaterials/InvalidLightmapSettings.uasset" 197
"../../../Engine/Content/EngineMaterials/M_InvalidLightmapSettings.uasset" 198
"../../../Engine/Content/EditorMaterials/GizmoMaterial.uasset" 199
"../../../Engine/Content/EngineMaterials/Good64x64TilingNoiseHighFreq.uasset" 200
"../../../Engine/Content/EngineMaterials/DefaultBokeh.uasset" 201
"../../../Engine/Content/EngineMaterials/PreintegratedSkinBRDF.uasset" 202
"../../../Engine/Content/EngineMaterials/MiniFont.uasset" 203
"../../../Engine/Content/EngineMaterials/WeightMapPlaceholderTexture.uasset" 204
"../../../Engine/Content/EngineMaterials/DefaultWhiteGrid.uasset" 205
"../../../Engine/Content/EngineMaterials/DefaultPhysicalMaterial.uasset" 206
"../../../Engine/Content/EngineFonts/RobotoTiny.uasset" 207
"../../../MyProject19/Content/Blueprints/2D/Blueprints/Tests/2dFlipBookGameMode.uasset" 208
"../../../Engine/Content/MobileResources/HUD/AnalogHat.uasset" 209
"../../../Engine/Content/MobileResources/HUD/VirtualJoystick_Background.uasset" 210
"../../../Engine/Content/MobileResources/HUD/VirtualJoystick_Thumb.uasset" 211
"../../../Engine/Content/MobileResources/HUD/DefaultVirtualJoysticks.uasset" 212
"../../../Engine/Content/MobileResources/HUD/T_Castle_ThumbstickInner.uasset" 213
"../../../Engine/Content/EditorResources/EmptyActor.uasset" 214
"../../../Engine/Content/MobileResources/HUD/LeftVirtualJoystickOnly.uasset" 215
"../../../Engine/Content/MobileResources/T_MobileMenu2.uasset" 216
"../../../Engine/Content/MobileResources/HUD/T_Castle_ThumbstickOutter.uasset" 217
"../../../Engine/Content/MobileResources/HUD/MobileHUDButton2_off.uasset" 218
"../../../Engine/Content/MobileResources/HUD/MobileHUDButton1_off.uasset" 219
"../../../Engine/Content/EditorResources/AudioIcons/S_AudioComponent_AutoActivate.uasset" 220
"../../../Engine/Content/MobileResources/HUD/MobileHUDDirectionStick.uasset" 221
"../../../Engine/Content/MobileResources/HUD/MobileHUDDirectionPad.uasset" 222
"../../../Engine/Content/MobileResources/HUD/MobileHUDButton2_on.uasset" 223
"../../../Engine/Content/MobileResources/HUD/MobileHUDDirectionPad3.uasset" 224
"../../../Engine/Content/MobileResources/T_MobileControls_texture.uasset" 225
"../../../Engine/Content/MobileResources/HUD/MobileHUDButtonFire.uasset" 226
"../../../Engine/Content/MobileResources/HUD/MobileHUDButton1_on.uasset" 227
"../../../Engine/Content/MobileResources/HUD/MobileHUDDirectionPad2.uasset" 228
"../../../Engine/Content/MobileResources/HUD/MobileHUDButton3.uasset" 229
"../../../Engine/Content/EditorMaterials/PhAT_JointLimitMaterial.uasset" 230
"../../../Engine/Content/EditorMaterials/PreviewShadowIndicator.uasset" 231
"../../../Engine/Content/EditorMaterials/PreviewShadowIndicatorMaterial.uasset" 232
"../../../Engine/Content/EditorMeshes/ColorCalibrator/M_ChromeBall.uasset" 233
"../../../Engine/Content/EditorMeshes/ColorCalibrator/M_ClearCoat.uasset" 234
"../../../Engine/Content/EditorMeshes/ColorCalibrator/M_ClearCoatBlack.uasset" 235
"../../../Engine/Content/EditorMeshes/ColorCalibrator/T_ColorGrid.uasset" 236
"../../../Engine/Content/EditorMeshes/ColorCalibrator/M_ColorGrid.uasset" 237
"../../../Engine/Content/EditorMeshes/ColorCalibrator/M_GreyBall.uasset" 238
"../../../Engine/Content/EditorMeshes/ColorCalibrator/SM_ColorCalibrator.uasset" 239
"../../../Engine/Content/EditorResources/BSPVertex.uasset" 240
"../../../Engine/Content/EngineDebugMaterials/HeatmapGradient.uasset" 241
"../../../Engine/Content/EngineDebugMaterials/BoneWeightMaterial.uasset" 242
"../../../Engine/Content/EngineDebugMaterials/GeomMaterial.uasset" 243
"../../../Engine/Content/EngineMaterials/EditorBrushMaterial.uasset" 244
"../../../Engine/Content/Tutorial/BlueprintTutorials/TutorialAssets/Blueprint_64x.uasset" 245
"../../../Engine/Content/Tutorial/BlueprintTutorials/BlueprintEditorTutorial.uasset" 246
"../../../Engine/Content/Tutorial/BlueprintTutorials/TutorialAssets/BlueprintInterface_64x.uasset" 247
"../../../Engine/Content/Tutorial/BlueprintTutorials/TutorialAssets/Tutorial_BP_Interface.uasset" 248
"../../../Engine/Content/Tutorial/BlueprintTutorials/BlueprintInterfacesEditorOverview.uasset" 249
"../../../Engine/Content/Tutorial/BlueprintTutorials/TutorialAssets/BlueprintMacroLibrary_64x.uasset" 250
"../../../Engine/Content/Tutorial/BlueprintTutorials/TutorialAssets/Tutorial_BP_MacroLib.uasset" 251
"../../../Engine/Content/Tutorial/BlueprintTutorials/BlueprintMacroLibrariesEditorOverview.uasset" 252
"../../../Engine/Content/Tutorial/BlueprintTutorials/LevelBlueprintEditorOverview.uasset" 253
"../../../Engine/Content/Tutorial/Foliage/TutorialAssets/Foliage.uasset" 254
"../../../Engine/Content/Tutorial/Foliage/Foliage_Settings_Tutorial.uasset" 255
"../../../Engine/Content/Tutorial/Foliage/Foliage_Using_The_Tool_Tutorial.uasset" 256
"../../../Engine/Content/Tutorial/Foliage/Foliage_Intro_Tutorial.uasset" 257
"../../../Engine/Content/Tutorial/Landscape/TutorialAssets/Landscape.uasset" 258
"../../../Engine/Content/Tutorial/Landscape/Landscape_Painting_Mode.uasset" 259
"../../../Engine/Content/Tutorial/Landscape/Landscape_Sculpt_Mode.uasset" 260
"../../../Engine/Content/Tutorial/Landscape/Landscape_Manage_Mode.uasset" 261
"../../../Engine/Content/Tutorial/Paper2D/TutorialAssets/Paper2DFlipbook_TutorialIcon.uasset" 262
"../../../Engine/Content/Tutorial/Paper2D/FlipbookEditorTutorial.uasset" 263
"../../../Engine/Content/Tutorial/Paper2D/TutorialAssets/Paper2DSprite_TutorialIcon.uasset" 264
"../../../Engine/Content/Tutorial/Paper2D/SpriteEditorTutorial.uasset" 265
"../../../Engine/Content/EditorMeshes/EditorCube.uasset" 266
"../../../Engine/Content/Tutorial/SubEditors/TutorialAssets/Tutorial_DM.uasset" 267
"../../../Engine/Content/Tutorial/SubEditors/DestructibleMeshEditorTutorial.uasset" 268
"../../../Engine/Content/Tutorial/SubEditors/TutorialAssets/TutorialMaterial.uasset" 269
"../../../Engine/Content/Tutorial/SubEditors/MaterialEditorTutorial.uasset" 270
"../../../Engine/Content/Tutorial/SubEditors/TutorialAssets/T_SmokeSubUV_8X8.uasset" 271
"../../../Engine/Content/Tutorial/SubEditors/TutorialAssets/T_soft_smoke.uasset" 272
"../../../Engine/Content/Tutorial/SubEditors/TutorialAssets/M_smoke_subUV_blackbody.uasset" 273
"../../../Engine/Content/Tutorial/SubEditors/TutorialAssets/TutorialParticleSystem.uasset" 274
"../../../Engine/Content/Tutorial/SubEditors/ParticleSystemEditorTutorial.uasset" 275
"../../../Engine/Content/Tutorial/SubEditors/TutorialAssets/icon_ShowSkeletalMeshes_40x.uasset" 276
"../../../Engine/Content/Tutorial/SubEditors/TutorialAssets/Character/TutorialTPP_Mat.uasset" 277
"../../../Engine/Content/Tutorial/SubEditors/TutorialAssets/Character/TutorialTPP_PhysicsAsset.uasset" 278
"../../../Engine/Content/Tutorial/SubEditors/TutorialAssets/Character/TutorialTPP.uasset" 279
"../../../Engine/Content/Tutorial/SubEditors/TutorialAssets/Character/TutorialTPP_Skeleton.uasset" 280
"../../../Engine/Content/Tutorial/SubEditors/TutorialAssets/Character/Tutorial_Idle.uasset" 281
"../../../Engine/Content/Tutorial/SubEditors/TutorialAssets/Character/Tutorial_Walk_Fwd.uasset" 282
"../../../Engine/Content/Tutorial/SubEditors/TutorialAssets/Character/NewBlendSpace1D.uasset" 283
"../../../Engine/Content/Tutorial/SubEditors/TutorialAssets/Character/TutorialCharacter.uasset" 284
"../../../Engine/Content/Tutorial/SubEditors/TutorialAssets/Character/TutorialTPP_AnimBlueprint.uasset" 285
"../../../Engine/Content/Tutorial/SubEditors/PersonaAnimBlueprintEditorWalkthrough.uasset" 286
"../../../Engine/Content/Tutorial/SubEditors/PersonaAnimEditorWalkthrough.uasset" 287
"../../../Engine/Content/Tutorial/SubEditors/PersonaAnimEditorTutorial.uasset" 288
"../../../Engine/Content/EngineMeshes/Cube.uasset" 289
"../../../Engine/Content/Tutorial/SubEditors/StaticMeshEditorTutorial.uasset" 290
"../../../Engine/Content/Tutorial/SubEditors/TutorialAssets/icon_Editor_Preferences_General_40x.uasset" 291
