[2015.12.28-01.25.42:098][  0]Log file open, 12/27/15 17:25:42
[2015.12.28-01.25.42:098][  0]LogInit:Display: Running engine for game: MyProject19
[2015.12.28-01.25.42:098][  0]LogPlatformFile: Not using cached read wrapper
[2015.12.28-01.25.42:098][  0]LogInit:Display: RandInit(-160663089) SRandInit(-160663087).
[2015.12.28-01.25.42:098][  0]LogTaskGraph: Started task graph with 4 named threads and 7 total threads.
[2015.12.28-01.25.42:098][  0]LogStats: Stats thread started at 0.088226
[2015.12.28-01.25.42:098][  0]LogInit: Version: 4.10.1-2791327+++depot+UE4-Releases+4.10
[2015.12.28-01.25.42:098][  0]LogInit: API Version: 2758231
[2015.12.28-01.25.42:098][  0]LogInit: Compiled (64-bit): Dec  4 2015 19:44:40
[2015.12.28-01.25.42:098][  0]LogInit: Compiled with Visual C++: 19.00.23026.00
[2015.12.28-01.25.42:098][  0]LogInit: Build Configuration: Development
[2015.12.28-01.25.42:098][  0]LogInit: Branch Name: ++depot+UE4-Releases+4.10
[2015.12.28-01.25.42:098][  0]LogInit: Command line:  
[2015.12.28-01.25.42:098][  0]LogInit: Base directory: C:/Program Files/Epic Games/4.10/Engine/Binaries/Win64/
[2015.12.28-01.25.42:098][  0]LogInit: Rocket: 1
[2015.12.28-01.25.42:111][  0]LogInit: Using libcurl 7.41.0
[2015.12.28-01.25.42:111][  0]LogInit:  - built for x86_64-pc-win32
[2015.12.28-01.25.42:111][  0]LogInit:  - supports SSL with WinSSL
[2015.12.28-01.25.42:111][  0]LogInit:  - other features:
[2015.12.28-01.25.42:111][  0]LogInit:      CURL_VERSION_SSL
[2015.12.28-01.25.42:111][  0]LogInit:      CURL_VERSION_IPV6
[2015.12.28-01.25.42:111][  0]LogInit:      CURL_VERSION_ASYNCHDNS
[2015.12.28-01.25.42:111][  0]LogInit:      CURL_VERSION_LARGEFILE
[2015.12.28-01.25.42:111][  0]LogInit:      CURL_VERSION_IDN
[2015.12.28-01.25.42:111][  0]LogInit:  CurlRequestOptions (configurable via config and command line):
[2015.12.28-01.25.42:111][  0]LogInit:  - bVerifyPeer = true  - Libcurl will verify peer certificate
[2015.12.28-01.25.42:111][  0]LogInit:  - bUseHttpProxy = false  - Libcurl will NOT use HTTP proxy
[2015.12.28-01.25.42:111][  0]LogInit:  - bDontReuseConnections = false  - Libcurl will reuse connections
[2015.12.28-01.25.42:111][  0]LogInit:  - CertBundlePath = nullptr  - Libcurl will use whatever was configured at build time.
[2015.12.28-01.25.42:119][  0]LogInit: Presizing for 0 objects not considered by GC, pre-allocating 0 bytes.
[2015.12.28-01.25.42:126][  0]LogInit: Object subsystem initialized
[2015.12.28-01.25.42:127][  0]LogInit: Selected Device Profile: [Windows]
[2015.12.28-01.25.42:127][  0]LogInit: Applying CVar settings loaded from the selected device profile: [Windows]
[2015.12.28-01.25.42:136][  0]LogInit: Computer: MATT-PC
[2015.12.28-01.25.42:136][  0]LogInit: User: Matt
[2015.12.28-01.25.42:136][  0]LogInit: CPU Page size=4096, Cores=4
[2015.12.28-01.25.42:136][  0]LogInit: High frequency timer resolution =3.020527 MHz
[2015.12.28-01.25.42:136][  0]LogMemory: Memory total: Physical=7.9GB (8GB approx)
[2015.12.28-01.25.42:136][  0]LogMemory: Platform Memory Stats for Windows
[2015.12.28-01.25.42:136][  0]LogMemory: Process Physical Memory: 60.35 MB used, 60.35 MB peak
[2015.12.28-01.25.42:136][  0]LogMemory: Process Virtual Memory: 60.71 MB used, 60.71 MB peak
[2015.12.28-01.25.42:136][  0]LogMemory: Physical Memory: 5045.23 MB used, 8109.12 MB total
[2015.12.28-01.25.42:136][  0]LogMemory: Virtual Memory: 354.37 MB used, 8388608.00 MB total
[2015.12.28-01.25.42:208][  0]LogTextLocalizationManager: No specific translations for ('en-US') exist, so ('en') translations will be used.
[2015.12.28-01.25.42:642][  0]LogD3D11RHI: Found D3D11 adapter 0: AMD Radeon HD 7800 Series (Feature Level 11_0)
[2015.12.28-01.25.42:642][  0]LogD3D11RHI: Adapter has 2029MB of dedicated video memory, 0MB of dedicated system memory, and 3798MB of shared system memory, 1 output[s]
[2015.12.28-01.25.42:651][  0]LogD3D11RHI: Found D3D11 adapter 1: Intel(R) HD Graphics (Feature Level 11_0)
[2015.12.28-01.25.42:651][  0]LogD3D11RHI: Adapter has 64MB of dedicated video memory, 0MB of dedicated system memory, and 1632MB of shared system memory, 0 output[s]
[2015.12.28-01.25.42:651][  0]LogD3D11RHI: Chosen D3D11 Adapter Id = 0
[2015.12.28-01.25.42:656][  0]LogD3D11RHI: !Direct3DDevice
[2015.12.28-01.25.42:656][  0]LogRHI: Texture pool is 1361 MB (70% of 1945 MB)
[2015.12.28-01.25.42:660][  0]LogD3D11RHI: Async texture creation disabled: no driver support
[2015.12.28-01.25.42:670][  0]LogShaderCompilers: Guid format shader working directory is -28 characters bigger than the processId version (../../../../../../Users/Matt/Documents/GitHub/P3NGUIN/P3NGUIN/MyProject19/Intermediate/Shaders/WorkingDirectory/7052/).
[2015.12.28-01.25.42:670][  0]LogShaderCompilers: Cleaned the shader compiler working directory 'C:/Users/Matt/AppData/Local/Temp/UnrealShaderWorkingDir/5E41E9B341DDCF055107F7989177B543/'.
[2015.12.28-01.25.42:670][  0]LogShaderCompilers:Display: Using Local Shader Compiler.
[2015.12.28-01.25.43:687][  0]LogTemp:Display: Loaded TP AllDesktopTargetPlatform
[2015.12.28-01.25.43:693][  0]LogTemp:Display: Loaded TP WindowsClientTargetPlatform
[2015.12.28-01.25.43:698][  0]LogTemp:Display: Loaded TP WindowsNoEditorTargetPlatform
[2015.12.28-01.25.43:704][  0]LogTemp:Display: Loaded TP WindowsServerTargetPlatform
[2015.12.28-01.25.43:710][  0]LogTemp:Display: Loaded TP WindowsTargetPlatform
[2015.12.28-01.25.43:713][  0]LogTemp:Display: Loaded TP AndroidTargetPlatform
[2015.12.28-01.25.43:717][  0]LogTemp:Display: Loaded TP Android_ASTCTargetPlatform
[2015.12.28-01.25.43:721][  0]LogTemp:Display: Loaded TP Android_ATCTargetPlatform
[2015.12.28-01.25.43:725][  0]LogTemp:Display: Loaded TP Android_DXTTargetPlatform
[2015.12.28-01.25.43:729][  0]LogTemp:Display: Loaded TP Android_ETC1TargetPlatform
[2015.12.28-01.25.43:733][  0]LogTemp:Display: Loaded TP Android_ETC2TargetPlatform
[2015.12.28-01.25.43:740][  0]LogTemp:Display: Loaded TP Android_MultiTargetPlatform
[2015.12.28-01.25.43:740][  0]LogTemp:Display: Loaded TP Android_PVRTCTargetPlatform
[2015.12.28-01.25.43:742][  0]LogTemp:Display: Loaded TP HTML5TargetPlatform
[2015.12.28-01.25.43:759][  0]LogTemp:Display: Loaded TP IOSTargetPlatform
[2015.12.28-01.25.43:762][  0]LogTemp:Display: Loaded TP LinuxNoEditorTargetPlatform
[2015.12.28-01.25.43:766][  0]LogTemp:Display: Loaded TP LinuxServerTargetPlatform
[2015.12.28-01.25.43:770][  0]LogTemp:Display: Loaded TP LinuxTargetPlatform
[2015.12.28-01.25.43:770][  0]LogTargetPlatformManager:Display: Building Assets For Windows
[2015.12.28-01.25.43:883][  0]LogDerivedDataCache:Display: Max Cache Size: 512 MB
[2015.12.28-01.25.43:924][  0]LogDerivedDataCache: Loaded boot cache 0.04s 41MB C:/Users/Matt/AppData/Local/UnrealEngine/4.10/DerivedDataCache/Boot.ddc.
[2015.12.28-01.25.43:924][  0]LogDerivedDataCache:Display: Loaded Boot cache: C:/Users/Matt/AppData/Local/UnrealEngine/4.10/DerivedDataCache/Boot.ddc
[2015.12.28-01.25.43:924][  0]LogDerivedDataCache: FDerivedDataBackendGraph:  Pak pak cache file ../../../../../../Users/Matt/Documents/GitHub/P3NGUIN/P3NGUIN/MyProject19/DerivedDataCache/DDC.ddp not found, will not use a pak cache.
[2015.12.28-01.25.43:924][  0]LogDerivedDataCache: Unable to find inner node Pak for hierarchical cache Hierarchy.
[2015.12.28-01.25.43:925][  0]LogDerivedDataCache: FDerivedDataBackendGraph:  CompressedPak pak cache file ../../../../../../Users/Matt/Documents/GitHub/P3NGUIN/P3NGUIN/MyProject19/DerivedDataCache/Compressed.ddp not found, will not use a pak cache.
[2015.12.28-01.25.43:925][  0]LogDerivedDataCache: Unable to find inner node CompressedPak for hierarchical cache Hierarchy.
[2015.12.28-01.25.43:986][  0]LogDerivedDataCache:Display: Pak cache opened for reading ../../../Engine/DerivedDataCache/Compressed.ddp.
[2015.12.28-01.25.43:998][  0]LogDerivedDataCache: Using Local data cache path C:/Users/Matt/AppData/Local/UnrealEngine/Common/DerivedDataCache: Writable
[2015.12.28-01.25.44:207][  0]LogInit: Selected Device Profile: [Windows]
[2015.12.28-01.25.44:208][  0]LogContentStreaming: Texture pool size is 0.000000MB
[2015.12.28-01.25.44:258][  0]LogMeshUtilities: No automatic mesh reduction module available
[2015.12.28-01.25.44:258][  0]LogMeshUtilities: No automatic mesh merging module available
[2015.12.28-01.25.44:618][  0]LogInit: WinSock: version 1.1 (2.2), MaxSocks=32767, MaxUdp=65467
[2015.12.28-01.25.45:512][  0]UdpMessaging: Initializing bridge on interface 0.0.0.0:0 to multicast group 230.0.0.1:6666.
[2015.12.28-01.25.45:618][  0]LogAssetRegistry: FAssetRegistry took 0.0105 seconds to start up
[2015.12.28-01.25.45:834][  0]SourceControl: Info Source control is disabled
[2015.12.28-01.25.45:836][  0]SourceControl: Info Source control is disabled
[2015.12.28-01.25.45:856][  0]SourceControl: Info Source control is disabled
[2015.12.28-01.25.45:874][  0]SourceControl: Info Source control is disabled
[2015.12.28-01.25.46:260][  0]LogObj: 28633 objects as part of root set at end of initial load.
[2015.12.28-01.25.46:260][  0]LogUObjectAllocator: 6099752 out of 0 bytes used by permanent object pool.
[2015.12.28-01.25.46:318][  0]LogEngine: Initializing Engine...
[2015.12.28-01.25.46:329][  0]LogHMD: Can't find Oculus library dev build: is proper Runtime installed? Version: 0.8.0.0
[2015.12.28-01.25.46:329][  0]LogHMD: SteamVR failed to initialize.  Err: 110
[2015.12.28-01.25.46:474][  0]LogAIModule: Creating AISystem for world NewWorld
[2015.12.28-01.25.46:480][  0]LogInit: XAudio2 using 'Speakers (Realtek High Definition Audio)' : 2 channels at 48 kHz using 32 bits per sample (channel mask 0x3)
[2015.12.28-01.25.46:521][  0]LogInit: FAudioDevice initialized.
[2015.12.28-01.25.46:545][  0]LogDerivedDataCache: Saved boot cache 0.02s 41MB C:/Users/Matt/AppData/Local/UnrealEngine/4.10/DerivedDataCache/Boot.ddc.
[2015.12.28-01.25.46:548][  0]LogInit: Texture streaming: Enabled
[2015.12.28-01.25.46:554][  0]LogAnalytics: Creating configured Analytics provider AnalyticsET
[2015.12.28-01.25.46:554][  0]LogAnalytics: [UEEditor.Rocket.Release] APIServer = http://et2.epicgames.com/ET2/. AppVersion = 4.10.1-2791327+++depot+UE4-Releases+4.10
[2015.12.28-01.25.46:554][  0]LogAnalytics: [UEEditor.Rocket.Release] SetUserId de43219841e5038bf49fbfa481591ee0|4e461f00ab6f49d29405414d884919d6|9448dfb4-8168-4a85-8046-6b7a073564d8
[2015.12.28-01.25.46:554][  0]LogAnalytics: [UEEditor.Rocket.Release] AnalyticsET::StartSession
[2015.12.28-01.25.46:577][  0]LogInit: Transaction tracking system initialized
[2015.12.28-01.25.46:616][  0]BlueprintLog: New page: Editor Load
[2015.12.28-01.25.46:718][  0]LocalizationService: Info Localization service is disabled
[2015.12.28-01.25.46:824][  0]LogConsoleResponse:Display: 
[2015.12.28-01.25.46:979][  0]LogCook:Display: Done creating registry. It took  0.00s.
[2015.12.28-01.25.47:015][  0]LogFileCache: Scanning file cache for directory 'C:/Users/Matt/Documents/GitHub/P3NGUIN/P3NGUIN/MyProject19/Content/' took 0.01s
[2015.12.28-01.25.47:072][  0]SourceControl: Info Source control is disabled
[2015.12.28-01.25.47:072][  0]Cmd: MAP LOAD FILE="../../../../../../Users/Matt/Documents/GitHub/P3NGUIN/P3NGUIN/MyProject19/Content/Maps/VerticalSlicePersitantLevel.umap" TEMPLATE=0 SHOWPROGRESS=1 FEATURELEVEL=3
[2015.12.28-01.25.47:073][  0]LightingResults: New page: Lighting Build
[2015.12.28-01.25.47:076][  0]MapCheck: New page: Map Check
[2015.12.28-01.25.47:076][  0]LightingResults: New page: Lighting Build
[2015.12.28-01.25.47:094][  0]LogParticles: Destroying 0 GPU particle simulations for FXSystem 0x0000000020F1A160
[2015.12.28-01.25.47:136][  0]LogLinker:Warning: Asset '../../../../../../Users/Matt/Documents/GitHub/P3NGUIN/P3NGUIN/MyProject19/Content/Mannequin/Animations/ThirdPerson_AnimBP.uasset' has been saved with empty engine version. The asset will be loaded but may be incompatible.
[2015.12.28-01.25.47:138][  0]LogLinker:Warning: Asset '../../../../../../Users/Matt/Documents/GitHub/P3NGUIN/P3NGUIN/MyProject19/Content/Mannequin/Animations/ThirdPerson_Jump.uasset' has been saved with empty engine version. The asset will be loaded but may be incompatible.
[2015.12.28-01.25.47:140][  0]LogLinker:Warning: Asset '../../../../../../Users/Matt/Documents/GitHub/P3NGUIN/P3NGUIN/MyProject19/Content/Mannequin/Animations/ThirdPersonJump_Loop.uasset' has been saved with empty engine version. The asset will be loaded but may be incompatible.
[2015.12.28-01.25.47:141][  0]LogLinker:Warning: Asset '../../../../../../Users/Matt/Documents/GitHub/P3NGUIN/P3NGUIN/MyProject19/Content/Mannequin/Animations/ThirdPersonJump_Start.uasset' has been saved with empty engine version. The asset will be loaded but may be incompatible.
[2015.12.28-01.25.47:142][  0]LogLinker:Warning: Asset '../../../../../../Users/Matt/Documents/GitHub/P3NGUIN/P3NGUIN/MyProject19/Content/Mannequin/Animations/ThirdPerson_IdleRun_2D.uasset' has been saved with empty engine version. The asset will be loaded but may be incompatible.
[2015.12.28-01.25.47:142][  0]LogLinker:Warning: Asset '../../../../../../Users/Matt/Documents/GitHub/P3NGUIN/P3NGUIN/MyProject19/Content/Mannequin/Animations/ThirdPersonIdle.uasset' has been saved with empty engine version. The asset will be loaded but may be incompatible.
[2015.12.28-01.25.47:144][  0]LogLinker:Warning: Asset '../../../../../../Users/Matt/Documents/GitHub/P3NGUIN/P3NGUIN/MyProject19/Content/Mannequin/Animations/ThirdPersonRun.uasset' has been saved with empty engine version. The asset will be loaded but may be incompatible.
[2015.12.28-01.25.47:145][  0]LogLinker:Warning: Asset '../../../../../../Users/Matt/Documents/GitHub/P3NGUIN/P3NGUIN/MyProject19/Content/Mannequin/Animations/ThirdPersonWalk.uasset' has been saved with empty engine version. The asset will be loaded but may be incompatible.
[2015.12.28-01.25.48:142][  0]LogBlueprint:Warning: [compiler ThirdPersonCharacter] Warning 'AbilitiesMenu' is already a 'Ability Menu', you don't need  Cast To AbilityMenu .
[2015.12.28-01.25.48:145][  0]LogBlueprint:Warning: [compiler ThirdPersonCharacter] Warning 'PointerClass' is already a 'Pointer', you don't need  Cast To Pointer .
[2015.12.28-01.25.48:147][  0]LogBlueprint:Warning: [compiler ThirdPersonCharacter] Warning No value will be returned by reference. Parameter 'EndTime'. Node:  (none) 
[2015.12.28-01.25.48:159][  0]LogBlueprint:Warning: [compiler ThirdPersonCharacter] Warning 'SecondPointer' is already a 'Pointer 2', you don't need  Cast To Pointer2 .
[2015.12.28-01.25.48:178][  0]LogBlueprint:Warning: [compiler ThirdPersonCharacter] Warning [0006.64] Compile of ThirdPersonCharacter successful, but with 4 Warning(s) [in 115 ms]
[2015.12.28-01.25.48:178][  0]LogBlueprint:Warning: [compiler ThirdPersonCharacter] Warning [0006.64] Compile of ThirdPersonCharacter successful, but with 5 Warning(s) [in 0 ms]
[2015.12.28-01.25.48:178][  0]LogBlueprint:Warning: [compiler ThirdPersonCharacter] Warning [0006.64] Compile of ThirdPersonCharacter successful, but with 6 Warning(s) [in 0 ms]
[2015.12.28-01.25.48:239][  0]LogBlueprint:Warning: [compiler AbilityMenu] Warning 'ReturnValue' is already a 'Listed Item', you don't need  Cast To ListedItem .
[2015.12.28-01.25.48:240][  0]LogBlueprint:Warning: [compiler AbilityMenu] Warning 'ReturnValue' is already a 'Listed Item', you don't need  Cast To ListedItem .
[2015.12.28-01.25.48:244][  0]LogBlueprint:Warning: [compiler AbilityMenu] Warning [0006.70] Compile of AbilityMenu successful, but with 2 Warning(s) [in 29 ms]
[2015.12.28-01.25.48:246][  0]LogBlueprint:Warning: [compiler AbilityMenu] Warning [0006.70] Compile of AbilityMenu successful, but with 3 Warning(s) [in 1 ms]
[2015.12.28-01.25.48:246][  0]LogBlueprint:Warning: [compiler AbilityMenu] Warning [0006.70] Compile of AbilityMenu successful, but with 4 Warning(s) [in 0 ms]
[2015.12.28-01.25.48:282][  0]LogBlueprint:Warning: [compiler FreeMovementLocator] Warning 'Third Person Character 2D' does not inherit from 'Player Controller' ( Cast To ThirdPersonCharacter2D  would always fail).
[2015.12.28-01.25.48:283][  0]LogBlueprint:Warning: [compiler FreeMovementLocator] Warning [0006.74] Compile of FreeMovementLocator successful, but with 1 Warning(s) [in 3 ms]
[2015.12.28-01.25.48:284][  0]LogBlueprint:Warning: [compiler FreeMovementLocator] Warning [0006.74] Compile of FreeMovementLocator successful, but with 2 Warning(s) [in 0 ms]
[2015.12.28-01.25.48:284][  0]LogBlueprint:Warning: [compiler FreeMovementLocator] Warning [0006.74] Compile of FreeMovementLocator successful, but with 3 Warning(s) [in 0 ms]
[2015.12.28-01.25.48:827][  0]LogBlueprint:Warning: [compiler ThirdPersonCharacter2D] Warning No value will be returned by reference. Parameter 'EndTime'. Node:  (none) 
[2015.12.28-01.25.48:844][  0]LogBlueprint:Warning: [compiler ThirdPersonCharacter2D] Warning 'AbilitiesMenu' is already a 'Ability Menu', you don't need  Cast To AbilityMenu .
[2015.12.28-01.25.48:844][  0]LogBlueprint:Warning: [compiler ThirdPersonCharacter2D] Warning 'ReturnValue' is already a 'Knife', you don't need  Cast To Knife .
[2015.12.28-01.25.48:853][  0]LogBlueprint:Warning: [compiler ThirdPersonCharacter2D] Warning 'SecondPointer' is already a 'Pointer 2', you don't need  Cast To Pointer2 .
[2015.12.28-01.25.48:927][  0]LogBlueprint:Warning: [compiler ThirdPersonCharacter2D] Warning [0007.38] Compile of ThirdPersonCharacter2D successful, but with 4 Warning(s) [in 186 ms]
[2015.12.28-01.25.48:928][  0]LogBlueprint:Warning: [compiler ThirdPersonCharacter2D] Warning [0007.39] Compile of ThirdPersonCharacter2D successful, but with 5 Warning(s) [in 0 ms]
[2015.12.28-01.25.48:928][  0]LogBlueprint:Warning: [compiler ThirdPersonCharacter2D] Warning [0007.39] Compile of ThirdPersonCharacter2D successful, but with 6 Warning(s) [in 0 ms]
[2015.12.28-01.25.48:932][  0]LogBlueprint:Warning: [compiler FreeMovementLocator] Warning 'Third Person Character 2D' does not inherit from 'Player Controller' ( Cast To ThirdPersonCharacter2D  would always fail).
[2015.12.28-01.25.48:933][  0]LogBlueprint:Warning: [compiler FreeMovementLocator] Warning [0007.39] Compile of FreeMovementLocator successful, but with 1 Warning(s) [in 3 ms]
[2015.12.28-01.25.48:934][  0]LogBlueprint:Warning: [compiler FreeMovementLocator] Warning [0007.39] Compile of FreeMovementLocator successful, but with 2 Warning(s) [in 0 ms]
[2015.12.28-01.25.48:938][  0]LogBlueprint:Warning: [compiler FreeMovementLocator] Warning [0007.40] Compile of FreeMovementLocator successful, but with 3 Warning(s) [in 3 ms]
[2015.12.28-01.25.49:026][  0]LogBlueprint:Warning: [compiler AbilityMenu] Warning 'ReturnValue' is already a 'Listed Item', you don't need  Cast To ListedItem .
[2015.12.28-01.25.49:026][  0]LogBlueprint:Warning: [compiler AbilityMenu] Warning 'ReturnValue' is already a 'Listed Item', you don't need  Cast To ListedItem .
[2015.12.28-01.25.49:030][  0]LogBlueprint:Warning: [compiler AbilityMenu] Warning [0007.49] Compile of AbilityMenu successful, but with 2 Warning(s) [in 27 ms]
[2015.12.28-01.25.49:030][  0]LogBlueprint:Warning: [compiler AbilityMenu] Warning [0007.49] Compile of AbilityMenu successful, but with 3 Warning(s) [in 0 ms]
[2015.12.28-01.25.49:036][  0]LogBlueprint:Warning: [compiler AbilityMenu] Warning [0007.49] Compile of AbilityMenu successful, but with 4 Warning(s) [in 5 ms]
[2015.12.28-01.25.49:165][  0]LogBlueprint:Warning: [compiler ThirdPersonCharacter] Warning 'AbilitiesMenu' is already a 'Ability Menu', you don't need  Cast To AbilityMenu .
[2015.12.28-01.25.49:168][  0]LogBlueprint:Warning: [compiler ThirdPersonCharacter] Warning 'PointerClass' is already a 'Pointer', you don't need  Cast To Pointer .
[2015.12.28-01.25.49:169][  0]LogBlueprint:Warning: [compiler ThirdPersonCharacter] Warning No value will be returned by reference. Parameter 'EndTime'. Node:  (none) 
[2015.12.28-01.25.49:182][  0]LogBlueprint:Warning: [compiler ThirdPersonCharacter] Warning 'SecondPointer' is already a 'Pointer 2', you don't need  Cast To Pointer2 .
[2015.12.28-01.25.49:201][  0]LogBlueprint:Warning: [compiler ThirdPersonCharacter] Warning [0007.66] Compile of ThirdPersonCharacter successful, but with 4 Warning(s) [in 117 ms]
[2015.12.28-01.25.49:201][  0]LogBlueprint:Warning: [compiler ThirdPersonCharacter] Warning [0007.66] Compile of ThirdPersonCharacter successful, but with 5 Warning(s) [in 0 ms]
[2015.12.28-01.25.49:201][  0]LogBlueprint:Warning: [compiler ThirdPersonCharacter] Warning [0007.66] Compile of ThirdPersonCharacter successful, but with 6 Warning(s) [in 0 ms]
[2015.12.28-01.25.49:336][  0]LogBlueprint:Warning: [compiler ThirdPersonCharacter2D] Warning No value will be returned by reference. Parameter 'EndTime'. Node:  (none) 
[2015.12.28-01.25.49:353][  0]LogBlueprint:Warning: [compiler ThirdPersonCharacter2D] Warning 'AbilitiesMenu' is already a 'Ability Menu', you don't need  Cast To AbilityMenu .
[2015.12.28-01.25.49:353][  0]LogBlueprint:Warning: [compiler ThirdPersonCharacter2D] Warning 'ReturnValue' is already a 'Knife', you don't need  Cast To Knife .
[2015.12.28-01.25.49:362][  0]LogBlueprint:Warning: [compiler ThirdPersonCharacter2D] Warning 'SecondPointer' is already a 'Pointer 2', you don't need  Cast To Pointer2 .
[2015.12.28-01.25.49:440][  0]LogBlueprint:Warning: [compiler ThirdPersonCharacter2D] Warning [0007.90] Compile of ThirdPersonCharacter2D successful, but with 4 Warning(s) [in 192 ms]
[2015.12.28-01.25.49:440][  0]LogBlueprint:Warning: [compiler ThirdPersonCharacter2D] Warning [0007.90] Compile of ThirdPersonCharacter2D successful, but with 5 Warning(s) [in 0 ms]
[2015.12.28-01.25.49:440][  0]LogBlueprint:Warning: [compiler ThirdPersonCharacter2D] Warning [0007.90] Compile of ThirdPersonCharacter2D successful, but with 6 Warning(s) [in 0 ms]
[2015.12.28-01.25.50:536][  0]LogAIModule: Creating AISystem for world VerticalSlicePersitantLevel
[2015.12.28-01.25.51:035][  0]LogBlueprint:Warning: [compiler NewSwitch] Warning 'Item' is already a 'Temporary Platform', you don't need  Cast To TemporaryPlatform .
[2015.12.28-01.25.51:037][  0]LogBlueprint:Warning: [compiler NewSwitch] Warning [0009.49] Compile of NewSwitch successful, but with 1 Warning(s) [in 7 ms]
[2015.12.28-01.25.51:037][  0]LogBlueprint:Warning: [compiler NewSwitch] Warning [0009.49] Compile of NewSwitch successful, but with 2 Warning(s) [in 0 ms]
[2015.12.28-01.25.51:037][  0]LogBlueprint:Warning: [compiler NewSwitch] Warning [0009.49] Compile of NewSwitch successful, but with 3 Warning(s) [in 0 ms]
[2015.12.28-01.25.51:045][  0]LogBlueprint:Warning: [compiler NewSwitch] Warning 'Item' is already a 'Temporary Platform', you don't need  Cast To TemporaryPlatform .
[2015.12.28-01.25.51:047][  0]LogBlueprint:Warning: [compiler NewSwitch] Warning [0009.50] Compile of NewSwitch successful, but with 1 Warning(s) [in 8 ms]
[2015.12.28-01.25.51:047][  0]LogBlueprint:Warning: [compiler NewSwitch] Warning [0009.50] Compile of NewSwitch successful, but with 2 Warning(s) [in 0 ms]
[2015.12.28-01.25.51:047][  0]LogBlueprint:Warning: [compiler NewSwitch] Warning [0009.50] Compile of NewSwitch successful, but with 3 Warning(s) [in 0 ms]
[2015.12.28-01.25.51:055][  0]LogBlueprint:Warning: [compiler Basement_Blockout] Warning  Sequence  has no valid output
[2015.12.28-01.25.51:055][  0]LogBlueprint:Warning: [compiler Basement_Blockout] Warning [0009.51] Compile of Basement_Blockout successful, but with 1 Warning(s) [in 1 ms]
[2015.12.28-01.25.51:055][  0]LogBlueprint:Warning: [compiler Basement_Blockout] Warning [0009.51] Compile of Basement_Blockout successful, but with 2 Warning(s) [in 0 ms]
[2015.12.28-01.25.51:055][  0]LogBlueprint:Warning: [compiler Basement_Blockout] Warning [0009.51] Compile of Basement_Blockout successful, but with 3 Warning(s) [in 0 ms]
[2015.12.28-01.25.51:057][  0]LogBlueprint:Warning: [compiler Basement_Blockout] Warning  Sequence  has no valid output
[2015.12.28-01.25.51:057][  0]LogBlueprint:Warning: [compiler Basement_Blockout] Warning [0009.51] Compile of Basement_Blockout successful, but with 1 Warning(s) [in 1 ms]
[2015.12.28-01.25.51:057][  0]LogBlueprint:Warning: [compiler Basement_Blockout] Warning [0009.51] Compile of Basement_Blockout successful, but with 2 Warning(s) [in 0 ms]
[2015.12.28-01.25.51:057][  0]LogBlueprint:Warning: [compiler Basement_Blockout] Warning [0009.51] Compile of Basement_Blockout successful, but with 3 Warning(s) [in 0 ms]
[2015.12.28-01.25.51:916][  0]LogEditorServer: Finished looking for orphan Actors (0.000 secs)
[2015.12.28-01.25.51:917][  0]Cmd: MAP CHECKDEP NOCLEARLOG
[2015.12.28-01.25.52:038][  0]MapCheck: Info Map check complete: 0 Error(s), 0 Warning(s), took 120.957ms to complete.
[2015.12.28-01.25.52:039][  0]LogFileHelpers: Loading map 'VerticalSlicePersitantLevel' took 4.966
[2015.12.28-01.25.52:151][  0]LogCollectionManager: Loaded 0 collections in 0.002796 seconds
[2015.12.28-01.25.52:191][  0]LogFileCache: Scanning file cache for directory 'C:/Users/Matt/Documents/GitHub/P3NGUIN/P3NGUIN/MyProject19/Saved/Collections/' took 0.01s
[2015.12.28-01.25.52:191][  0]LogFileCache: Scanning file cache for directory 'C:/Users/Matt/Documents/GitHub/P3NGUIN/P3NGUIN/MyProject19/Content/Developers/Matt/Collections/' took 0.01s
[2015.12.28-01.25.52:191][  0]LogFileCache: Scanning file cache for directory 'C:/Users/Matt/Documents/GitHub/P3NGUIN/P3NGUIN/MyProject19/Content/Collections/' took 0.01s
[2015.12.28-01.25.52:191][  0]LogCollectionManager: Rebuilt the GUID cache for 0 collections in 0.000003 seconds
[2015.12.28-01.25.52:199][  0]LogContentBrowser: Native class hierarchy populated in 0.0081 seconds. Added 1893 classes and 338 folders.
[2015.12.28-01.25.52:209][  0]LogContentBrowser: Native class hierarchy updated for 'WidgetCarousel' in 0.0005 seconds. Added 0 classes and 0 folders.
[2015.12.28-01.25.52:274][  0]LogContentBrowser: Native class hierarchy updated for 'AddContentDialog' in 0.0007 seconds. Added 0 classes and 0 folders.
[2015.12.28-01.25.52:279][  0]LogContentBrowser: Native class hierarchy updated for 'SceneOutliner' in 0.0005 seconds. Added 1 classes and 2 folders.
[2015.12.28-01.25.52:295][  0]LogContentBrowser: Native class hierarchy updated for 'WorldBrowser' in 0.0005 seconds. Added 1 classes and 3 folders.
[2015.12.28-01.25.52:300][  0]LogCrashTracker: Crashtracker disabled due to settings.
[2015.12.28-01.25.52:307][  0]LogUObjectGlobals:Warning: Failed to find object 'Class None.'
[2015.12.28-01.25.52:328][  0]LogLoad: Full Startup: 10.79 seconds (BP compile: 1.68 seconds)
[2015.12.28-01.25.52:684][  0]LogOcInput: Can't find Oculus library dev build: is proper Runtime installed? Version: 0.8.0.0
[2015.12.28-01.25.52:770][  0]LogContentStreaming: Texture pool size now 1000 MB
[2015.12.28-01.25.52:949][  0]LogRenderer: Reallocating scene render targets to support 828x516 (Frame:2).
[2015.12.28-01.25.56:911][ 12]LogAssetRegistry: Asset discovery search completed in 11.3032 seconds
[2015.12.28-01.25.56:911][ 12]LogCollectionManager: Rebuilt the object cache for 0 collections in 0.000001 seconds (found 0 objects)
[2015.12.28-01.25.56:911][ 12]LogCollectionManager: Fixed up redirectors for 0 collections in 0.000020 seconds (updated 0 objects)
[2015.12.28-01.27.25:334][ 39]LogSlate:Warning: Prevented a slow task dialog from being summoned while a context menu was open
[2015.12.28-01.27.25:391][ 39]LogLinker:Warning: Asset '../../../Engine/Content/ArtTools/RenderToTexture/Macros/RenderToTextureMacros.uasset' has been saved with empty engine version. The asset will be loaded but may be incompatible.
[2015.12.28-01.27.25:883][ 39]LogContentBrowser: Native class hierarchy updated for 'BlueprintGraph' in 0.0010 seconds. Added 107 classes and 0 folders.
[2015.12.28-01.27.38:352][116]LogUObjectHash:Warning: Ambiguous search, could be K2Node_CallFunction /Game/Blueprints/2D/Blueprints/Tests/ThirdPersonCharacter2D.ThirdPersonCharacter2D:EventGraph.K2Node_CallFunction_4486 or K2Node_CallFunction /Engine/Transient.PROTO_BP_Blueprint_0:UserConstructionScript.K2Node_CallFunction_4486
[2015.12.28-01.27.38:352][116]LogUObjectHash:Warning: Ambiguous search, could be K2Node_CallFunction /Game/Blueprints/2D/Blueprints/Tests/ThirdPersonCharacter2D.ThirdPersonCharacter2D:EventGraph.K2Node_CallFunction_4486 or K2Node_CallFunction /Game/Maps/VerticalSlicePersitantLevel.VerticalSlicePersitantLevel:PersistentLevel.VerticalSlicePersitantLevel.DialogueStart.K2Node_CallFunction_4486
[2015.12.28-01.27.38:352][116]LogProperty:Warning: Illegal TEXT reference to a private object in external package (EdGraphPin /Game/Blueprints/2D/Blueprints/Tests/ThirdPersonCharacter2D.ThirdPersonCharacter2D:EventGraph.K2Node_CallFunction_4486.EdGraphPin_33733) from referencer (EdGraphPin /Game/Maps/VerticalSlicePersitantLevel.VerticalSlicePersitantLevel:PersistentLevel.VerticalSlicePersitantLevel.DialogueStart.K2Node_InputKey_259.EdGraphPin_22796).  Import failed...
[2015.12.28-01.27.38:352][116]LogProperty:Warning: ObjectProperty /Script/Engine.EdGraphPin:LinkedTo.LinkedTo: unresolved reference to 'EdGraphPin'K2Node_CallFunction_4486.EdGraphPin_33733''
[2015.12.28-01.27.38:353][116]LogUObjectHash:Warning: Ambiguous search, could be K2Node_InputKey /Game/Blueprints/2D/Blueprints/Tests/ThirdPersonCharacter2D.ThirdPersonCharacter2D:EventGraph.K2Node_InputKey_259 or K2Node_InputKey /Engine/Transient.PROTO_BP_Blueprint_0:UserConstructionScript.K2Node_InputKey_259
[2015.12.28-01.27.38:353][116]LogProperty:Warning: Illegal TEXT reference to a private object in external package (EdGraphPin /Game/Blueprints/2D/Blueprints/Tests/ThirdPersonCharacter2D.ThirdPersonCharacter2D:EventGraph.K2Node_InputKey_259.EdGraphPin_22796) from referencer (EdGraphPin /Game/Maps/VerticalSlicePersitantLevel.VerticalSlicePersitantLevel:PersistentLevel.VerticalSlicePersitantLevel.DialogueStart.K2Node_CallFunction_4486.EdGraphPin_33733).  Import failed...
[2015.12.28-01.27.38:353][116]LogProperty:Warning: ObjectProperty /Script/Engine.EdGraphPin:LinkedTo.LinkedTo: unresolved reference to 'EdGraphPin'K2Node_InputKey_259.EdGraphPin_22796''
[2015.12.28-01.28.03:839][ 72]LogUObjectHash:Warning: Ambiguous search, could be K2Node_CallFunction /Game/Blueprints/2D/Blueprints/Tests/ThirdPersonCharacter2D.ThirdPersonCharacter2D:EventGraph.K2Node_CallFunction_4486 or K2Node_CallFunction /Engine/Transient.PROTO_BP_Blueprint_0:UserConstructionScript.K2Node_CallFunction_4486
[2015.12.28-01.28.03:839][ 72]LogUObjectHash:Warning: Ambiguous search, could be K2Node_CallFunction /Game/Blueprints/2D/Blueprints/Tests/ThirdPersonCharacter2D.ThirdPersonCharacter2D:EventGraph.K2Node_CallFunction_4486 or K2Node_CallFunction /Game/Maps/VerticalSlicePersitantLevel.VerticalSlicePersitantLevel:PersistentLevel.VerticalSlicePersitantLevel.DialogueStart.K2Node_CallFunction_4486
[2015.12.28-01.28.03:839][ 72]LogUObjectHash:Warning: Ambiguous search, could be K2Node_CallFunction /Game/Blueprints/2D/Blueprints/Tests/ThirdPersonCharacter2D.ThirdPersonCharacter2D:EventGraph.K2Node_CallFunction_4486 or K2Node_CallFunction /Game/Maps/VerticalSlicePersitantLevel.VerticalSlicePersitantLevel:PersistentLevel.VerticalSlicePersitantLevel.EventGraph.K2Node_CallFunction_4486
[2015.12.28-01.28.03:839][ 72]LogProperty:Warning: Illegal TEXT reference to a private object in external package (EdGraphPin /Game/Blueprints/2D/Blueprints/Tests/ThirdPersonCharacter2D.ThirdPersonCharacter2D:EventGraph.K2Node_CallFunction_4486.EdGraphPin_33733) from referencer (EdGraphPin /Game/Maps/VerticalSlicePersitantLevel.VerticalSlicePersitantLevel:PersistentLevel.VerticalSlicePersitantLevel.EventGraph.K2Node_InputKey_259.EdGraphPin_22796).  Import failed...
[2015.12.28-01.28.03:839][ 72]LogProperty:Warning: ObjectProperty /Script/Engine.EdGraphPin:LinkedTo.LinkedTo: unresolved reference to 'EdGraphPin'K2Node_CallFunction_4486.EdGraphPin_33733''
[2015.12.28-01.28.05:199][229]BlueprintLog: New page: Compile VerticalSlicePersitantLevel
[2015.12.28-01.28.05:329][229]LogActorComponent: UnregisterComponent: (/Engine/Transient.CharMoveComp) Not registered. Aborting.
[2015.12.28-01.28.05:329][229]LogActorComponent: UnregisterComponent: (/Engine/Transient.ProjectileMovement_GEN_VARIABLE) Not registered. Aborting.
[2015.12.28-01.28.05:329][229]LogActorComponent: UnregisterComponent: (/Engine/Transient.CharacterMovementComponent_0) Not registered. Aborting.
[2015.12.28-01.28.05:329][229]LogActorComponent: UnregisterComponent: (/Engine/Transient.ProjectileMovementComponent_0) Not registered. Aborting.
[2015.12.28-01.28.05:477][229]BlueprintEditorCompileResults: Info [0143.93] Compile of VerticalSlicePersitantLevel successful! [in 277 ms]
[2015.12.28-01.28.29:126][ 45]BlueprintLog: New page: Compile VerticalSlicePersitantLevel
[2015.12.28-01.28.29:262][ 45]BlueprintEditorCompileResults: Info [0167.72] Compile of VerticalSlicePersitantLevel successful! [in 136 ms]
[2015.12.28-01.28.30:624][197]LogBlueprintUserMessages: Early PlayInEditor Detection: Level '/Game/Maps/VerticalSlicePersitantLevel.VerticalSlicePersitantLevel:PersistentLevel' has LevelScriptBlueprint '/Game/Maps/VerticalSlicePersitantLevel.VerticalSlicePersitantLevel:PersistentLevel.VerticalSlicePersitantLevel' with GeneratedClass '/Game/Maps/VerticalSlicePersitantLevel.VerticalSlicePersitantLevel_C' with ClassGeneratedBy '/Game/Maps/VerticalSlicePersitantLevel.VerticalSlicePersitantLevel:PersistentLevel.VerticalSlicePersitantLevel'
[2015.12.28-01.28.30:624][197]LogBlueprintUserMessages: Early PlayInEditor Detection: Level '/Game/Maps/Plaza_Blockout.Plaza_Blockout:PersistentLevel' has LevelScriptBlueprint '/Game/Maps/Plaza_Blockout.Plaza_Blockout:PersistentLevel.Plaza_Blockout' with GeneratedClass '/Game/Maps/Plaza_Blockout.Plaza_Blockout_C' with ClassGeneratedBy '/Game/Maps/Plaza_Blockout.Plaza_Blockout:PersistentLevel.Plaza_Blockout'
[2015.12.28-01.28.30:624][197]LogBlueprintUserMessages: Early PlayInEditor Detection: Level '/Game/Maps/Basement_Blockout.Basement_Blockout:PersistentLevel' has LevelScriptBlueprint '/Game/Maps/Basement_Blockout.Basement_Blockout:PersistentLevel.Basement_Blockout' with GeneratedClass '/Game/Maps/Basement_Blockout.Basement_Blockout_C' with ClassGeneratedBy '/Game/Maps/Basement_Blockout.Basement_Blockout:PersistentLevel.Basement_Blockout'
[2015.12.28-01.28.30:624][197]LogBlueprintUserMessages: Early PlayInEditor Detection: Level '/Game/ThirdPersonBP/Maps/ThirdPersonExampleMap.ThirdPersonExampleMap:PersistentLevel' has LevelScriptBlueprint '/Game/ThirdPersonBP/Maps/ThirdPersonExampleMap.ThirdPersonExampleMap:PersistentLevel.ThirdPersonExampleMap' with GeneratedClass '/Game/ThirdPersonBP/Maps/ThirdPersonExampleMap.ThirdPersonExampleMap_C' with ClassGeneratedBy '/Game/ThirdPersonBP/Maps/ThirdPersonExampleMap.ThirdPersonExampleMap:PersistentLevel.ThirdPersonExampleMap'
[2015.12.28-01.28.30:624][197]BlueprintLog: New page: Pre-Play auto-recompile
[2015.12.28-01.28.30:674][197]LogPlayLevel: [PlayLevel] Compiling ThirdPersonCharacter2D before play...
[2015.12.28-01.28.31:223][197]LogBlueprint:Warning: [compiler ThirdPersonCharacter2D] Warning No value will be returned by reference. Parameter 'EndTime'. Node:  (none) 
[2015.12.28-01.28.31:243][197]LogBlueprint:Warning: [compiler ThirdPersonCharacter2D] Warning 'AbilitiesMenu' is already a 'Ability Menu', you don't need  Cast To AbilityMenu .
[2015.12.28-01.28.31:243][197]LogBlueprint:Warning: [compiler ThirdPersonCharacter2D] Warning 'ReturnValue' is already a 'Knife', you don't need  Cast To Knife .
[2015.12.28-01.28.31:256][197]LogBlueprint:Warning: [compiler ThirdPersonCharacter2D] Warning 'SecondPointer' is already a 'Pointer 2', you don't need  Cast To Pointer2 .
[2015.12.28-01.28.31:441][197]LogBlueprint:Warning: [compiler ThirdPersonCharacter2D] Warning [0169.90] Compile of ThirdPersonCharacter2D successful, but with 4 Warning(s) [in 573 ms]
[2015.12.28-01.28.31:443][197]LogBlueprint:Warning: [compiler ThirdPersonCharacter2D] Warning [0169.90] Compile of ThirdPersonCharacter2D successful, but with 5 Warning(s) [in 1 ms]
[2015.12.28-01.28.31:443][197]LogBlueprint:Warning: [compiler ThirdPersonCharacter2D] Warning [0169.90] Compile of ThirdPersonCharacter2D successful, but with 6 Warning(s) [in 0 ms]
[2015.12.28-01.28.31:448][197]LogBlueprint:Warning: [compiler FreeMovementLocator] Warning 'Third Person Character 2D' does not inherit from 'Player Controller' ( Cast To ThirdPersonCharacter2D  would always fail).
[2015.12.28-01.28.31:725][197]LogBlueprint:Warning: [compiler AbilityMenu] Warning 'ReturnValue' is already a 'Listed Item', you don't need  Cast To ListedItem .
[2015.12.28-01.28.31:726][197]LogBlueprint:Warning: [compiler AbilityMenu] Warning 'ReturnValue' is already a 'Listed Item', you don't need  Cast To ListedItem .
[2015.12.28-01.28.31:839][197]LogBlueprint:Warning: [compiler ThirdPersonCharacter2D] Warning [0170.29] Compile of ThirdPersonCharacter2D successful, but with 7 Warning(s) [in 394 ms]
[2015.12.28-01.28.31:855][197]LogBlueprint:Warning: [compiler ThirdPersonCharacter2D] Warning [0170.31] Compile of ThirdPersonCharacter2D successful, but with 8 Warning(s) [in 16 ms]
[2015.12.28-01.28.31:855][197]LogBlueprint:Warning: [compiler ThirdPersonCharacter2D] Warning [0170.31] Compile of ThirdPersonCharacter2D successful, but with 9 Warning(s) [in 0 ms]
[2015.12.28-01.28.31:855][197]LogPlayLevel: PlayLevel: Blueprint regeneration took 1231 ms (9 blueprints)
[2015.12.28-01.28.31:856][197]LogPlayLevel: [PlayLevel] Compiling FreeMovementLocator before play...
[2015.12.28-01.28.31:868][197]LogBlueprint:Warning: [compiler FreeMovementLocator] Warning 'Third Person Character 2D' does not inherit from 'Player Controller' ( Cast To ThirdPersonCharacter2D  would always fail).
[2015.12.28-01.28.31:872][197]LogBlueprint:Warning: [compiler FreeMovementLocator] Warning [0170.33] Compile of FreeMovementLocator successful, but with 1 Warning(s) [in 13 ms]
[2015.12.28-01.28.31:876][197]LogBlueprint:Warning: [compiler FreeMovementLocator] Warning [0170.33] Compile of FreeMovementLocator successful, but with 2 Warning(s) [in 3 ms]
[2015.12.28-01.28.31:877][197]LogBlueprint:Warning: [compiler FreeMovementLocator] Warning [0170.33] Compile of FreeMovementLocator successful, but with 3 Warning(s) [in 0 ms]
[2015.12.28-01.28.31:953][197]LogBlueprint:Warning: [compiler FreeMovementLocator] Warning [0170.41] Compile of FreeMovementLocator successful, but with 4 Warning(s) [in 76 ms]
[2015.12.28-01.28.31:954][197]LogBlueprint:Warning: [compiler FreeMovementLocator] Warning [0170.41] Compile of FreeMovementLocator successful, but with 5 Warning(s) [in 0 ms]
[2015.12.28-01.28.31:954][197]LogBlueprint:Warning: [compiler FreeMovementLocator] Warning [0170.41] Compile of FreeMovementLocator successful, but with 6 Warning(s) [in 0 ms]
[2015.12.28-01.28.31:954][197]LogPlayLevel: PlayLevel: Blueprint regeneration took 1330 ms (9 blueprints)
[2015.12.28-01.28.31:955][197]LogPlayLevel: [PlayLevel] Compiling Healer before play...
[2015.12.28-01.28.32:055][197]LogPlayLevel: PlayLevel: Blueprint regeneration took 1430 ms (9 blueprints)
[2015.12.28-01.28.32:055][197]LogPlayLevel: [PlayLevel] Compiling Shield before play...
[2015.12.28-01.28.32:166][197]LogPlayLevel: PlayLevel: Blueprint regeneration took 1542 ms (9 blueprints)
[2015.12.28-01.28.32:167][197]LogPlayLevel: [PlayLevel] Compiling IAMBULLETHELLO before play...
[2015.12.28-01.28.32:267][197]LogPlayLevel: PlayLevel: Blueprint regeneration took 1643 ms (10 blueprints)
[2015.12.28-01.28.32:268][197]LogPlayLevel: [PlayLevel] Compiling Poison before play...
[2015.12.28-01.28.32:364][197]LogPlayLevel: PlayLevel: Blueprint regeneration took 1739 ms (10 blueprints)
[2015.12.28-01.28.32:367][197]LogPlayLevel: [PlayLevel] Compiling VerticalSlicePersitantLevel before play...
[2015.12.28-01.28.32:482][197]LogPlayLevel: PlayLevel: Blueprint regeneration took 1857 ms (10 blueprints)
[2015.12.28-01.28.32:482][197]LogPlayLevel: [PlayLevel] Compiling ThirdPersonExampleMap before play...
[2015.12.28-01.28.32:729][197]LogPlayLevel: PlayLevel: Blueprint regeneration took 2104 ms (10 blueprints)
[2015.12.28-01.28.32:730][197]LogPlayLevel: [PlayLevel] Compiling AbilityMenu before play...
[2015.12.28-01.28.32:805][197]LogBlueprint:Warning: [compiler AbilityMenu] Warning 'ReturnValue' is already a 'Listed Item', you don't need  Cast To ListedItem .
[2015.12.28-01.28.32:806][197]LogBlueprint:Warning: [compiler AbilityMenu] Warning 'ReturnValue' is already a 'Listed Item', you don't need  Cast To ListedItem .
[2015.12.28-01.28.32:815][197]LogBlueprint:Warning: [compiler AbilityMenu] Warning [0171.27] Compile of AbilityMenu successful, but with 2 Warning(s) [in 75 ms]
[2015.12.28-01.28.32:822][197]LogBlueprint:Warning: [compiler AbilityMenu] Warning [0171.28] Compile of AbilityMenu successful, but with 3 Warning(s) [in 6 ms]
[2015.12.28-01.28.32:822][197]LogBlueprint:Warning: [compiler AbilityMenu] Warning [0171.28] Compile of AbilityMenu successful, but with 4 Warning(s) [in 0 ms]
[2015.12.28-01.28.32:903][197]LogBlueprint:Warning: [compiler AbilityMenu] Warning [0171.36] Compile of AbilityMenu successful, but with 5 Warning(s) [in 80 ms]
[2015.12.28-01.28.32:904][197]LogBlueprint:Warning: [compiler AbilityMenu] Warning [0171.36] Compile of AbilityMenu successful, but with 6 Warning(s) [in 0 ms]
[2015.12.28-01.28.32:904][197]LogBlueprint:Warning: [compiler AbilityMenu] Warning [0171.36] Compile of AbilityMenu successful, but with 7 Warning(s) [in 0 ms]
[2015.12.28-01.28.32:906][197]LogPlayLevel: PlayLevel: Blueprint regeneration took 2282 ms (11 blueprints)
[2015.12.28-01.28.32:908][197]LogPlayLevel: [PlayLevel] Compiling SliceGenericEnemy_01 before play...
[2015.12.28-01.28.33:114][197]LogPlayLevel: PlayLevel: Blueprint regeneration took 2490 ms (11 blueprints)
[2015.12.28-01.28.33:119][197]LogPlayLevel: [PlayLevel] Compiling ThirdPersonCharacter before play...
[2015.12.28-01.28.33:502][197]LogBlueprint:Warning: [compiler ThirdPersonCharacter] Warning 'AbilitiesMenu' is already a 'Ability Menu', you don't need  Cast To AbilityMenu .
[2015.12.28-01.28.33:504][197]LogBlueprint:Warning: [compiler ThirdPersonCharacter] Warning 'PointerClass' is already a 'Pointer', you don't need  Cast To Pointer .
[2015.12.28-01.28.33:506][197]LogBlueprint:Warning: [compiler ThirdPersonCharacter] Warning No value will be returned by reference. Parameter 'EndTime'. Node:  (none) 
[2015.12.28-01.28.33:518][197]LogBlueprint:Warning: [compiler ThirdPersonCharacter] Warning 'SecondPointer' is already a 'Pointer 2', you don't need  Cast To Pointer2 .
[2015.12.28-01.28.33:543][197]LogBlueprint:Warning: [compiler ThirdPersonCharacter] Warning [0172.00] Compile of ThirdPersonCharacter successful, but with 4 Warning(s) [in 335 ms]
[2015.12.28-01.28.33:544][197]LogBlueprint:Warning: [compiler ThirdPersonCharacter] Warning [0172.00] Compile of ThirdPersonCharacter successful, but with 5 Warning(s) [in 0 ms]
[2015.12.28-01.28.33:544][197]LogBlueprint:Warning: [compiler ThirdPersonCharacter] Warning [0172.00] Compile of ThirdPersonCharacter successful, but with 6 Warning(s) [in 0 ms]
[2015.12.28-01.28.33:681][197]LogBlueprint:Warning: [compiler ThirdPersonCharacter] Warning [0172.14] Compile of ThirdPersonCharacter successful, but with 7 Warning(s) [in 137 ms]
[2015.12.28-01.28.33:686][197]LogBlueprint:Warning: [compiler ThirdPersonCharacter] Warning [0172.14] Compile of ThirdPersonCharacter successful, but with 8 Warning(s) [in 4 ms]
[2015.12.28-01.28.33:686][197]LogBlueprint:Warning: [compiler ThirdPersonCharacter] Warning [0172.14] Compile of ThirdPersonCharacter successful, but with 9 Warning(s) [in 0 ms]
[2015.12.28-01.28.33:686][197]LogPlayLevel: PlayLevel: Blueprint regeneration took 3062 ms (12 blueprints)
[2015.12.28-01.28.33:687][197]LogPlayLevel: [PlayLevel] Compiling TimeMeter before play...
[2015.12.28-01.28.33:800][197]LogPlayLevel: PlayLevel: Blueprint regeneration took 3175 ms (12 blueprints)
[2015.12.28-01.28.33:898][197]PIE: New page: PIE session: VerticalSlicePersitantLevel (Dec 27, 2015, 9:28:33 AM)
[2015.12.28-01.28.33:898][197]LogPlayLevel: Creating play world package: /Game/Maps/UEDPIE_0_VerticalSlicePersitantLevel
[2015.12.28-01.28.33:920][197]LogPlayLevel: PIE: StaticDuplicateObject took: (0.021670s)
[2015.12.28-01.28.33:921][197]LogAIModule: Creating AISystem for world VerticalSlicePersitantLevel
[2015.12.28-01.28.33:921][197]LogPlayLevel: PIE: World Init took: (0.000676s)
[2015.12.28-01.28.33:921][197]LogPlayLevel: PIE: Created PIE world by copying editor world from /Game/Maps/VerticalSlicePersitantLevel.VerticalSlicePersitantLevel to /Game/Maps/UEDPIE_0_VerticalSlicePersitantLevel.VerticalSlicePersitantLevel (0.022658s)
[2015.12.28-01.28.33:957][197]LogInit: XAudio2 using 'Speakers (Realtek High Definition Audio)' : 2 channels at 48 kHz using 32 bits per sample (channel mask 0x3)
[2015.12.28-01.28.33:997][197]LogInit: FAudioDevice initialized.
[2015.12.28-01.28.34:088][197]LogWorld: Game class is '2dFlipBookGameMode_C'
[2015.12.28-01.28.34:092][197]LogWorld: Bringing World /Game/Maps/UEDPIE_0_VerticalSlicePersitantLevel.VerticalSlicePersitantLevel up for play (max tick rate 0) at 2015.12.27-17.28.34
[2015.12.28-01.28.34:092][197]LogActor:Warning: GameSession /Game/Maps/UEDPIE_0_VerticalSlicePersitantLevel.VerticalSlicePersitantLevel:PersistentLevel.GameSession_0 has natively added scene component(s), but none of them were set as the actor's RootComponent - picking one arbitrarily
[2015.12.28-01.28.34:092][197]LogActor:Warning: GameNetworkManager /Game/Maps/UEDPIE_0_VerticalSlicePersitantLevel.VerticalSlicePersitantLevel:PersistentLevel.GameNetworkManager_0 has natively added scene component(s), but none of them were set as the actor's RootComponent - picking one arbitrarily
[2015.12.28-01.28.34:092][197]LogWorld: Bringing up level for play took: 0.003075
[2015.12.28-01.28.34:097][197]LogLevel: ActivateLevel /Game/Maps/UEDPIE_0_Plaza_Blockout 1 1 1
[2015.12.28-01.28.34:113][197]PIE: Info Play in editor start time for /Game/Maps/UEDPIE_0_VerticalSlicePersitantLevel 3.684
[2015.12.28-01.28.34:113][197]LogBlueprintUserMessages: Late PlayInEditor Detection: Level '/Game/Maps/VerticalSlicePersitantLevel.VerticalSlicePersitantLevel:PersistentLevel' has LevelScriptBlueprint '/Game/Maps/VerticalSlicePersitantLevel.VerticalSlicePersitantLevel:PersistentLevel.VerticalSlicePersitantLevel' with GeneratedClass '/Game/Maps/VerticalSlicePersitantLevel.VerticalSlicePersitantLevel_C' with ClassGeneratedBy '/Game/Maps/VerticalSlicePersitantLevel.VerticalSlicePersitantLevel:PersistentLevel.VerticalSlicePersitantLevel'
[2015.12.28-01.28.34:113][197]LogBlueprintUserMessages: Late PlayInEditor Detection: Level '/Game/Maps/Plaza_Blockout.Plaza_Blockout:PersistentLevel' has LevelScriptBlueprint '/Game/Maps/Plaza_Blockout.Plaza_Blockout:PersistentLevel.Plaza_Blockout' with GeneratedClass '/Game/Maps/Plaza_Blockout.Plaza_Blockout_C' with ClassGeneratedBy '/Game/Maps/Plaza_Blockout.Plaza_Blockout:PersistentLevel.Plaza_Blockout'
[2015.12.28-01.28.34:113][197]LogBlueprintUserMessages: Late PlayInEditor Detection: Level '/Game/Maps/Basement_Blockout.Basement_Blockout:PersistentLevel' has LevelScriptBlueprint '/Game/Maps/Basement_Blockout.Basement_Blockout:PersistentLevel.Basement_Blockout' with GeneratedClass '/Game/Maps/Basement_Blockout.Basement_Blockout_C' with ClassGeneratedBy '/Game/Maps/Basement_Blockout.Basement_Blockout:PersistentLevel.Basement_Blockout'
[2015.12.28-01.28.34:113][197]LogBlueprintUserMessages: Late PlayInEditor Detection: Level '/Game/ThirdPersonBP/Maps/ThirdPersonExampleMap.ThirdPersonExampleMap:PersistentLevel' has LevelScriptBlueprint '/Game/ThirdPersonBP/Maps/ThirdPersonExampleMap.ThirdPersonExampleMap:PersistentLevel.ThirdPersonExampleMap' with GeneratedClass '/Game/ThirdPersonBP/Maps/ThirdPersonExampleMap.ThirdPersonExampleMap_C' with ClassGeneratedBy '/Game/ThirdPersonBP/Maps/ThirdPersonExampleMap.ThirdPersonExampleMap:PersistentLevel.ThirdPersonExampleMap'
[2015.12.28-01.28.34:218][197]LogWorld: PIE: Copying PIE streaming level from /Game/Maps/Plaza_Blockout.Plaza_Blockout to /Game/Maps/UEDPIE_0_Plaza_Blockout.Plaza_Blockout. OwningWorld: /Game/Maps/UEDPIE_0_VerticalSlicePersitantLevel.VerticalSlicePersitantLevel
[2015.12.28-01.28.34:243][198]LogRenderer: Reallocating scene render targets to support 2560x1440 (Frame:1621).
[2015.12.28-01.28.34:243][198]LogRenderTargetPool:Warning: r.RenderTargetPoolMin exceeded 406/400 MB (ok in editor, bad on fixed memory platform)
[2015.12.28-01.28.34:903][223]LogBlueprintUserMessages: Early EndPlayMap Detection: Level '/Game/Maps/VerticalSlicePersitantLevel.VerticalSlicePersitantLevel:PersistentLevel' has LevelScriptBlueprint '/Game/Maps/VerticalSlicePersitantLevel.VerticalSlicePersitantLevel:PersistentLevel.VerticalSlicePersitantLevel' with GeneratedClass '/Game/Maps/VerticalSlicePersitantLevel.VerticalSlicePersitantLevel_C' with ClassGeneratedBy '/Game/Maps/VerticalSlicePersitantLevel.VerticalSlicePersitantLevel:PersistentLevel.VerticalSlicePersitantLevel'
[2015.12.28-01.28.34:903][223]LogBlueprintUserMessages: Early EndPlayMap Detection: Level '/Game/Maps/Plaza_Blockout.Plaza_Blockout:PersistentLevel' has LevelScriptBlueprint '/Game/Maps/Plaza_Blockout.Plaza_Blockout:PersistentLevel.Plaza_Blockout' with GeneratedClass '/Game/Maps/Plaza_Blockout.Plaza_Blockout_C' with ClassGeneratedBy '/Game/Maps/Plaza_Blockout.Plaza_Blockout:PersistentLevel.Plaza_Blockout'
[2015.12.28-01.28.34:903][223]LogBlueprintUserMessages: Early EndPlayMap Detection: Level '/Game/Maps/Basement_Blockout.Basement_Blockout:PersistentLevel' has LevelScriptBlueprint '/Game/Maps/Basement_Blockout.Basement_Blockout:PersistentLevel.Basement_Blockout' with GeneratedClass '/Game/Maps/Basement_Blockout.Basement_Blockout_C' with ClassGeneratedBy '/Game/Maps/Basement_Blockout.Basement_Blockout:PersistentLevel.Basement_Blockout'
[2015.12.28-01.28.34:903][223]LogBlueprintUserMessages: Early EndPlayMap Detection: Level '/Game/ThirdPersonBP/Maps/ThirdPersonExampleMap.ThirdPersonExampleMap:PersistentLevel' has LevelScriptBlueprint '/Game/ThirdPersonBP/Maps/ThirdPersonExampleMap.ThirdPersonExampleMap:PersistentLevel.ThirdPersonExampleMap' with GeneratedClass '/Game/ThirdPersonBP/Maps/ThirdPersonExampleMap.ThirdPersonExampleMap_C' with ClassGeneratedBy '/Game/ThirdPersonBP/Maps/ThirdPersonExampleMap.ThirdPersonExampleMap:PersistentLevel.ThirdPersonExampleMap'
[2015.12.28-01.28.34:977][223]LogBlueprintUserMessages: Late EndPlayMap Detection: Level '/Game/Maps/VerticalSlicePersitantLevel.VerticalSlicePersitantLevel:PersistentLevel' has LevelScriptBlueprint '/Game/Maps/VerticalSlicePersitantLevel.VerticalSlicePersitantLevel:PersistentLevel.VerticalSlicePersitantLevel' with GeneratedClass '/Game/Maps/VerticalSlicePersitantLevel.VerticalSlicePersitantLevel_C' with ClassGeneratedBy '/Game/Maps/VerticalSlicePersitantLevel.VerticalSlicePersitantLevel:PersistentLevel.VerticalSlicePersitantLevel'
[2015.12.28-01.28.34:977][223]LogBlueprintUserMessages: Late EndPlayMap Detection: Level '/Game/Maps/Plaza_Blockout.Plaza_Blockout:PersistentLevel' has LevelScriptBlueprint '/Game/Maps/Plaza_Blockout.Plaza_Blockout:PersistentLevel.Plaza_Blockout' with GeneratedClass '/Game/Maps/Plaza_Blockout.Plaza_Blockout_C' with ClassGeneratedBy '/Game/Maps/Plaza_Blockout.Plaza_Blockout:PersistentLevel.Plaza_Blockout'
[2015.12.28-01.28.34:977][223]LogBlueprintUserMessages: Late EndPlayMap Detection: Level '/Game/Maps/Basement_Blockout.Basement_Blockout:PersistentLevel' has LevelScriptBlueprint '/Game/Maps/Basement_Blockout.Basement_Blockout:PersistentLevel.Basement_Blockout' with GeneratedClass '/Game/Maps/Basement_Blockout.Basement_Blockout_C' with ClassGeneratedBy '/Game/Maps/Basement_Blockout.Basement_Blockout:PersistentLevel.Basement_Blockout'
[2015.12.28-01.28.34:977][223]LogBlueprintUserMessages: Late EndPlayMap Detection: Level '/Game/ThirdPersonBP/Maps/ThirdPersonExampleMap.ThirdPersonExampleMap:PersistentLevel' has LevelScriptBlueprint '/Game/ThirdPersonBP/Maps/ThirdPersonExampleMap.ThirdPersonExampleMap:PersistentLevel.ThirdPersonExampleMap' with GeneratedClass '/Game/ThirdPersonBP/Maps/ThirdPersonExampleMap.ThirdPersonExampleMap_C' with ClassGeneratedBy '/Game/ThirdPersonBP/Maps/ThirdPersonExampleMap.ThirdPersonExampleMap:PersistentLevel.ThirdPersonExampleMap'
[2015.12.28-01.28.34:977][223]LogActorComponent: UnregisterComponent: (/Engine/Transient.CharMoveComp) Not registered. Aborting.
[2015.12.28-01.28.35:042][224]LogParticles: Destroying 0 GPU particle simulations for FXSystem 0x00000000433E4FE0
[2015.12.28-01.28.37:064][380]LogSavePackage: Save=244.785095ms
[2015.12.28-01.28.37:064][380]LogSavePackage: Moving '../../../../../../Users/Matt/Documents/GitHub/P3NGUIN/P3NGUIN/MyProject19/Saved/VerticalSlicePersitantLevel5FC2E933490B4543DD21F1B4A229B715.tmp' to '../../../../../../Users/Matt/Documents/GitHub/P3NGUIN/P3NGUIN/MyProject19/Content/Maps/VerticalSlicePersitantLevel.umap'
[2015.12.28-01.28.37:070][380]LogSavePackage: Total save time: 288.558584ms
[2015.12.28-01.28.37:070][380]LogSavePackage:Display: Finished SavePackage ../../../../../../Users/Matt/Documents/GitHub/P3NGUIN/P3NGUIN/MyProject19/Content/Maps/VerticalSlicePersitantLevel.umap
[2015.12.28-01.28.37:236][380]LogFileHelpers: Saving map 'VerticalSlicePersitantLevel' took 0.653
[2015.12.28-01.28.38:182][380]LogSavePackage: Save=680.727539ms
[2015.12.28-01.28.38:182][380]LogSavePackage: Moving '../../../../../../Users/Matt/Documents/GitHub/P3NGUIN/P3NGUIN/MyProject19/Saved/ThirdPersonExampleMapA88ECA6648C58BD321BC7D8E63DFA754.tmp' to '../../../../../../Users/Matt/Documents/GitHub/P3NGUIN/P3NGUIN/MyProject19/Content/ThirdPersonBP/Maps/ThirdPersonExampleMap.umap'
[2015.12.28-01.28.38:187][380]LogSavePackage: Total save time: 736.508559ms
[2015.12.28-01.28.38:187][380]LogSavePackage:Display: Finished SavePackage ../../../../../../Users/Matt/Documents/GitHub/P3NGUIN/P3NGUIN/MyProject19/Content/ThirdPersonBP/Maps/ThirdPersonExampleMap.umap
[2015.12.28-01.28.38:188][380]LogFileHelpers: Saving map 'ThirdPersonExampleMap' took 0.945
[2015.12.28-01.28.40:018][380]LogSavePackage: Save=1798.173584ms
[2015.12.28-01.28.40:018][380]LogSavePackage: Moving '../../../../../../Users/Matt/Documents/GitHub/P3NGUIN/P3NGUIN/MyProject19/Saved/ThirdPersonCharacter2D5602704A4A6EA52864EABD932EB438B6.tmp' to '../../../../../../Users/Matt/Documents/GitHub/P3NGUIN/P3NGUIN/MyProject19/Content/Blueprints/2D/Blueprints/Tests/ThirdPersonCharacter2D.uasset'
[2015.12.28-01.28.40:027][380]LogSavePackage: Total save time: 1822.932888ms
[2015.12.28-01.28.40:027][380]LogSavePackage:Display: Finished SavePackage ../../../../../../Users/Matt/Documents/GitHub/P3NGUIN/P3NGUIN/MyProject19/Content/Blueprints/2D/Blueprints/Tests/ThirdPersonCharacter2D.uasset
[2015.12.28-01.28.40:061][383]LogRenderTargetPool:Warning: r.RenderTargetPoolMin exceeded 596/400 MB (ok in editor, bad on fixed memory platform)
[2015.12.28-01.28.41:229][475]LogBlueprintUserMessages: Early PlayInEditor Detection: Level '/Game/Maps/VerticalSlicePersitantLevel.VerticalSlicePersitantLevel:PersistentLevel' has LevelScriptBlueprint '/Game/Maps/VerticalSlicePersitantLevel.VerticalSlicePersitantLevel:PersistentLevel.VerticalSlicePersitantLevel' with GeneratedClass '/Game/Maps/VerticalSlicePersitantLevel.VerticalSlicePersitantLevel_C' with ClassGeneratedBy '/Game/Maps/VerticalSlicePersitantLevel.VerticalSlicePersitantLevel:PersistentLevel.VerticalSlicePersitantLevel'
[2015.12.28-01.28.41:229][475]LogBlueprintUserMessages: Early PlayInEditor Detection: Level '/Game/Maps/Plaza_Blockout.Plaza_Blockout:PersistentLevel' has LevelScriptBlueprint '/Game/Maps/Plaza_Blockout.Plaza_Blockout:PersistentLevel.Plaza_Blockout' with GeneratedClass '/Game/Maps/Plaza_Blockout.Plaza_Blockout_C' with ClassGeneratedBy '/Game/Maps/Plaza_Blockout.Plaza_Blockout:PersistentLevel.Plaza_Blockout'
[2015.12.28-01.28.41:229][475]LogBlueprintUserMessages: Early PlayInEditor Detection: Level '/Game/Maps/Basement_Blockout.Basement_Blockout:PersistentLevel' has LevelScriptBlueprint '/Game/Maps/Basement_Blockout.Basement_Blockout:PersistentLevel.Basement_Blockout' with GeneratedClass '/Game/Maps/Basement_Blockout.Basement_Blockout_C' with ClassGeneratedBy '/Game/Maps/Basement_Blockout.Basement_Blockout:PersistentLevel.Basement_Blockout'
[2015.12.28-01.28.41:229][475]LogBlueprintUserMessages: Early PlayInEditor Detection: Level '/Game/ThirdPersonBP/Maps/ThirdPersonExampleMap.ThirdPersonExampleMap:PersistentLevel' has LevelScriptBlueprint '/Game/ThirdPersonBP/Maps/ThirdPersonExampleMap.ThirdPersonExampleMap:PersistentLevel.ThirdPersonExampleMap' with GeneratedClass '/Game/ThirdPersonBP/Maps/ThirdPersonExampleMap.ThirdPersonExampleMap_C' with ClassGeneratedBy '/Game/ThirdPersonBP/Maps/ThirdPersonExampleMap.ThirdPersonExampleMap:PersistentLevel.ThirdPersonExampleMap'
[2015.12.28-01.28.41:229][475]LogPlayLevel: PlayLevel: No blueprints needed recompiling
[2015.12.28-01.28.41:229][475]PIE: New page: PIE session: VerticalSlicePersitantLevel (Dec 27, 2015, 9:28:41 AM)
[2015.12.28-01.28.41:229][475]LogPlayLevel: Creating play world package: /Game/Maps/UEDPIE_0_VerticalSlicePersitantLevel
[2015.12.28-01.28.41:251][475]LogPlayLevel: PIE: StaticDuplicateObject took: (0.021802s)
[2015.12.28-01.28.41:251][475]LogAIModule: Creating AISystem for world VerticalSlicePersitantLevel
[2015.12.28-01.28.41:252][475]LogPlayLevel: PIE: World Init took: (0.000581s)
[2015.12.28-01.28.41:252][475]LogPlayLevel: PIE: Created PIE world by copying editor world from /Game/Maps/VerticalSlicePersitantLevel.VerticalSlicePersitantLevel to /Game/Maps/UEDPIE_0_VerticalSlicePersitantLevel.VerticalSlicePersitantLevel (0.022605s)
[2015.12.28-01.28.41:291][475]LogInit: XAudio2 using 'Speakers (Realtek High Definition Audio)' : 2 channels at 48 kHz using 32 bits per sample (channel mask 0x3)
[2015.12.28-01.28.41:329][475]LogInit: FAudioDevice initialized.
[2015.12.28-01.28.41:409][475]LogWorld: Game class is '2dFlipBookGameMode_C'
[2015.12.28-01.28.41:412][475]LogWorld: Bringing World /Game/Maps/UEDPIE_0_VerticalSlicePersitantLevel.VerticalSlicePersitantLevel up for play (max tick rate 0) at 2015.12.27-17.28.41
[2015.12.28-01.28.41:413][475]LogActor:Warning: GameSession /Game/Maps/UEDPIE_0_VerticalSlicePersitantLevel.VerticalSlicePersitantLevel:PersistentLevel.GameSession_1 has natively added scene component(s), but none of them were set as the actor's RootComponent - picking one arbitrarily
[2015.12.28-01.28.41:413][475]LogActor:Warning: GameNetworkManager /Game/Maps/UEDPIE_0_VerticalSlicePersitantLevel.VerticalSlicePersitantLevel:PersistentLevel.GameNetworkManager_1 has natively added scene component(s), but none of them were set as the actor's RootComponent - picking one arbitrarily
[2015.12.28-01.28.41:413][475]LogWorld: Bringing up level for play took: 0.002648
[2015.12.28-01.28.41:417][475]LogLevel: ActivateLevel /Game/Maps/UEDPIE_0_Plaza_Blockout 1 1 1
[2015.12.28-01.28.41:432][475]PIE: Info Play in editor start time for /Game/Maps/UEDPIE_0_VerticalSlicePersitantLevel 1.003
[2015.12.28-01.28.41:432][475]LogBlueprintUserMessages: Late PlayInEditor Detection: Level '/Game/Maps/VerticalSlicePersitantLevel.VerticalSlicePersitantLevel:PersistentLevel' has LevelScriptBlueprint '/Game/Maps/VerticalSlicePersitantLevel.VerticalSlicePersitantLevel:PersistentLevel.VerticalSlicePersitantLevel' with GeneratedClass '/Game/Maps/VerticalSlicePersitantLevel.VerticalSlicePersitantLevel_C' with ClassGeneratedBy '/Game/Maps/VerticalSlicePersitantLevel.VerticalSlicePersitantLevel:PersistentLevel.VerticalSlicePersitantLevel'
[2015.12.28-01.28.41:432][475]LogBlueprintUserMessages: Late PlayInEditor Detection: Level '/Game/Maps/Plaza_Blockout.Plaza_Blockout:PersistentLevel' has LevelScriptBlueprint '/Game/Maps/Plaza_Blockout.Plaza_Blockout:PersistentLevel.Plaza_Blockout' with GeneratedClass '/Game/Maps/Plaza_Blockout.Plaza_Blockout_C' with ClassGeneratedBy '/Game/Maps/Plaza_Blockout.Plaza_Blockout:PersistentLevel.Plaza_Blockout'
[2015.12.28-01.28.41:432][475]LogBlueprintUserMessages: Late PlayInEditor Detection: Level '/Game/Maps/Basement_Blockout.Basement_Blockout:PersistentLevel' has LevelScriptBlueprint '/Game/Maps/Basement_Blockout.Basement_Blockout:PersistentLevel.Basement_Blockout' with GeneratedClass '/Game/Maps/Basement_Blockout.Basement_Blockout_C' with ClassGeneratedBy '/Game/Maps/Basement_Blockout.Basement_Blockout:PersistentLevel.Basement_Blockout'
[2015.12.28-01.28.41:432][475]LogBlueprintUserMessages: Late PlayInEditor Detection: Level '/Game/ThirdPersonBP/Maps/ThirdPersonExampleMap.ThirdPersonExampleMap:PersistentLevel' has LevelScriptBlueprint '/Game/ThirdPersonBP/Maps/ThirdPersonExampleMap.ThirdPersonExampleMap:PersistentLevel.ThirdPersonExampleMap' with GeneratedClass '/Game/ThirdPersonBP/Maps/ThirdPersonExampleMap.ThirdPersonExampleMap_C' with ClassGeneratedBy '/Game/ThirdPersonBP/Maps/ThirdPersonExampleMap.ThirdPersonExampleMap:PersistentLevel.ThirdPersonExampleMap'
[2015.12.28-01.28.41:531][475]LogWorld: PIE: Copying PIE streaming level from /Game/Maps/Plaza_Blockout.Plaza_Blockout to /Game/Maps/UEDPIE_0_Plaza_Blockout.Plaza_Blockout. OwningWorld: /Game/Maps/UEDPIE_0_VerticalSlicePersitantLevel.VerticalSlicePersitantLevel
[2015.12.28-01.28.41:554][476]LogRenderTargetPool:Warning: r.RenderTargetPoolMin exceeded 484/400 MB (ok in editor, bad on fixed memory platform)
[2015.12.28-01.28.42:236][510]LogNet: Browse: /game/maps/EnemyArena
[2015.12.28-01.28.42:256][510]LogLoad: LoadMap: /game/maps/EnemyArena
[2015.12.28-01.28.42:293][510]LogParticles: Destroying 0 GPU particle simulations for FXSystem 0x000000004437E340
[2015.12.28-01.28.42:302][510]Cmd: MEM
[2015.12.28-01.28.42:333][510]LogMemory: Platform Memory Stats for Windows
[2015.12.28-01.28.42:333][510]LogMemory: Process Physical Memory: 1096.73 MB used, 1103.89 MB peak
[2015.12.28-01.28.42:333][510]LogMemory: Process Virtual Memory: 1025.09 MB used, 1033.97 MB peak
[2015.12.28-01.28.42:333][510]LogMemory: Physical Memory: 6058.36 MB used, 8109.12 MB total
[2015.12.28-01.28.42:333][510]LogMemory: Virtual Memory: 1652.40 MB used, 8388608.00 MB total
[2015.12.28-01.28.42:333][510]LogMemory: 
[2015.12.28-01.28.42:333][510]Allocator Stats for TBB: (not implemented)
[2015.12.28-01.28.43:024][510]LogAIModule: Creating AISystem for world EnemyArena
[2015.12.28-01.28.43:025][510]LogWorld: Game class is '2dFlipBookGameMode_C'
[2015.12.28-01.28.43:035][510]LogWorld: Bringing World /game/maps/UEDPIE_0_EnemyArena.EnemyArena up for play (max tick rate 0) at 2015.12.27-17.28.43
[2015.12.28-01.28.43:035][510]LogActor:Warning: GameSession /game/maps/UEDPIE_0_EnemyArena.EnemyArena:PersistentLevel.GameSession_2 has natively added scene component(s), but none of them were set as the actor's RootComponent - picking one arbitrarily
[2015.12.28-01.28.43:035][510]LogActor:Warning: GameNetworkManager /game/maps/UEDPIE_0_EnemyArena.EnemyArena:PersistentLevel.GameNetworkManager_2 has natively added scene component(s), but none of them were set as the actor's RootComponent - picking one arbitrarily
[2015.12.28-01.28.43:062][510]LogWorld: Bringing up level for play took: 0.032916
[2015.12.28-01.28.50:308][895]LogBlueprintUserMessages: Early EndPlayMap Detection: Level '/Game/Maps/VerticalSlicePersitantLevel.VerticalSlicePersitantLevel:PersistentLevel' has LevelScriptBlueprint '/Game/Maps/VerticalSlicePersitantLevel.VerticalSlicePersitantLevel:PersistentLevel.VerticalSlicePersitantLevel' with GeneratedClass '/Game/Maps/VerticalSlicePersitantLevel.VerticalSlicePersitantLevel_C' with ClassGeneratedBy '/Game/Maps/VerticalSlicePersitantLevel.VerticalSlicePersitantLevel:PersistentLevel.VerticalSlicePersitantLevel'
[2015.12.28-01.28.50:308][895]LogBlueprintUserMessages: Early EndPlayMap Detection: Level '/Game/Maps/Plaza_Blockout.Plaza_Blockout:PersistentLevel' has LevelScriptBlueprint '/Game/Maps/Plaza_Blockout.Plaza_Blockout:PersistentLevel.Plaza_Blockout' with GeneratedClass '/Game/Maps/Plaza_Blockout.Plaza_Blockout_C' with ClassGeneratedBy '/Game/Maps/Plaza_Blockout.Plaza_Blockout:PersistentLevel.Plaza_Blockout'
[2015.12.28-01.28.50:308][895]LogBlueprintUserMessages: Early EndPlayMap Detection: Level '/Game/Maps/Basement_Blockout.Basement_Blockout:PersistentLevel' has LevelScriptBlueprint '/Game/Maps/Basement_Blockout.Basement_Blockout:PersistentLevel.Basement_Blockout' with GeneratedClass '/Game/Maps/Basement_Blockout.Basement_Blockout_C' with ClassGeneratedBy '/Game/Maps/Basement_Blockout.Basement_Blockout:PersistentLevel.Basement_Blockout'
[2015.12.28-01.28.50:308][895]LogBlueprintUserMessages: Early EndPlayMap Detection: Level '/Game/ThirdPersonBP/Maps/ThirdPersonExampleMap.ThirdPersonExampleMap:PersistentLevel' has LevelScriptBlueprint '/Game/ThirdPersonBP/Maps/ThirdPersonExampleMap.ThirdPersonExampleMap:PersistentLevel.ThirdPersonExampleMap' with GeneratedClass '/Game/ThirdPersonBP/Maps/ThirdPersonExampleMap.ThirdPersonExampleMap_C' with ClassGeneratedBy '/Game/ThirdPersonBP/Maps/ThirdPersonExampleMap.ThirdPersonExampleMap:PersistentLevel.ThirdPersonExampleMap'
[2015.12.28-01.28.50:380][895]LogBlueprintUserMessages: Late EndPlayMap Detection: Level '/Game/Maps/VerticalSlicePersitantLevel.VerticalSlicePersitantLevel:PersistentLevel' has LevelScriptBlueprint '/Game/Maps/VerticalSlicePersitantLevel.VerticalSlicePersitantLevel:PersistentLevel.VerticalSlicePersitantLevel' with GeneratedClass '/Game/Maps/VerticalSlicePersitantLevel.VerticalSlicePersitantLevel_C' with ClassGeneratedBy '/Game/Maps/VerticalSlicePersitantLevel.VerticalSlicePersitantLevel:PersistentLevel.VerticalSlicePersitantLevel'
[2015.12.28-01.28.50:380][895]LogBlueprintUserMessages: Late EndPlayMap Detection: Level '/Game/Maps/Plaza_Blockout.Plaza_Blockout:PersistentLevel' has LevelScriptBlueprint '/Game/Maps/Plaza_Blockout.Plaza_Blockout:PersistentLevel.Plaza_Blockout' with GeneratedClass '/Game/Maps/Plaza_Blockout.Plaza_Blockout_C' with ClassGeneratedBy '/Game/Maps/Plaza_Blockout.Plaza_Blockout:PersistentLevel.Plaza_Blockout'
[2015.12.28-01.28.50:380][895]LogBlueprintUserMessages: Late EndPlayMap Detection: Level '/Game/Maps/Basement_Blockout.Basement_Blockout:PersistentLevel' has LevelScriptBlueprint '/Game/Maps/Basement_Blockout.Basement_Blockout:PersistentLevel.Basement_Blockout' with GeneratedClass '/Game/Maps/Basement_Blockout.Basement_Blockout_C' with ClassGeneratedBy '/Game/Maps/Basement_Blockout.Basement_Blockout:PersistentLevel.Basement_Blockout'
[2015.12.28-01.28.50:380][895]LogBlueprintUserMessages: Late EndPlayMap Detection: Level '/Game/ThirdPersonBP/Maps/ThirdPersonExampleMap.ThirdPersonExampleMap:PersistentLevel' has LevelScriptBlueprint '/Game/ThirdPersonBP/Maps/ThirdPersonExampleMap.ThirdPersonExampleMap:PersistentLevel.ThirdPersonExampleMap' with GeneratedClass '/Game/ThirdPersonBP/Maps/ThirdPersonExampleMap.ThirdPersonExampleMap_C' with ClassGeneratedBy '/Game/ThirdPersonBP/Maps/ThirdPersonExampleMap.ThirdPersonExampleMap:PersistentLevel.ThirdPersonExampleMap'
[2015.12.28-01.28.50:439][896]LogParticles: Destroying 0 GPU particle simulations for FXSystem 0x000000003B80C220
[2015.12.28-01.29.04:002][418]LogRenderTargetPool:Warning: r.RenderTargetPoolMin exceeded 582/400 MB (ok in editor, bad on fixed memory platform)
[2015.12.28-01.29.06:591][620]LogRenderTargetPool:Warning: r.RenderTargetPoolMin exceeded 582/400 MB (ok in editor, bad on fixed memory platform)
[2015.12.28-01.29.09:020][835]LogSavePackage: Save=243.817383ms
[2015.12.28-01.29.09:020][835]LogSavePackage: Moving '../../../../../../Users/Matt/Documents/GitHub/P3NGUIN/P3NGUIN/MyProject19/Saved/VerticalSlicePersitantLevel1C75D2AA40CCF42E998D1BBADE4B0BD4.tmp' to '../../../../../../Users/Matt/Documents/GitHub/P3NGUIN/P3NGUIN/MyProject19/Content/Maps/VerticalSlicePersitantLevel.umap'
[2015.12.28-01.29.09:025][835]LogSavePackage: Total save time: 278.885439ms
[2015.12.28-01.29.09:025][835]LogSavePackage:Display: Finished SavePackage ../../../../../../Users/Matt/Documents/GitHub/P3NGUIN/P3NGUIN/MyProject19/Content/Maps/VerticalSlicePersitantLevel.umap
[2015.12.28-01.29.09:104][835]LogFileHelpers: Saving map 'VerticalSlicePersitantLevel' took 0.554
[2015.12.28-01.29.09:546][884]LogRenderTargetPool:Warning: r.RenderTargetPoolMin exceeded 582/400 MB (ok in editor, bad on fixed memory platform)
[2015.12.28-01.29.09:631][894]LogRenderTargetPool:Warning: r.RenderTargetPoolMin exceeded 582/400 MB (ok in editor, bad on fixed memory platform)
[2015.12.28-01.29.10:629][972]LogBlueprintUserMessages: Early PlayInEditor Detection: Level '/Game/Maps/VerticalSlicePersitantLevel.VerticalSlicePersitantLevel:PersistentLevel' has LevelScriptBlueprint '/Game/Maps/VerticalSlicePersitantLevel.VerticalSlicePersitantLevel:PersistentLevel.VerticalSlicePersitantLevel' with GeneratedClass '/Game/Maps/VerticalSlicePersitantLevel.VerticalSlicePersitantLevel_C' with ClassGeneratedBy '/Game/Maps/VerticalSlicePersitantLevel.VerticalSlicePersitantLevel:PersistentLevel.VerticalSlicePersitantLevel'
[2015.12.28-01.29.10:629][972]LogBlueprintUserMessages: Early PlayInEditor Detection: Level '/Game/Maps/Plaza_Blockout.Plaza_Blockout:PersistentLevel' has LevelScriptBlueprint '/Game/Maps/Plaza_Blockout.Plaza_Blockout:PersistentLevel.Plaza_Blockout' with GeneratedClass '/Game/Maps/Plaza_Blockout.Plaza_Blockout_C' with ClassGeneratedBy '/Game/Maps/Plaza_Blockout.Plaza_Blockout:PersistentLevel.Plaza_Blockout'
[2015.12.28-01.29.10:629][972]LogBlueprintUserMessages: Early PlayInEditor Detection: Level '/Game/Maps/Basement_Blockout.Basement_Blockout:PersistentLevel' has LevelScriptBlueprint '/Game/Maps/Basement_Blockout.Basement_Blockout:PersistentLevel.Basement_Blockout' with GeneratedClass '/Game/Maps/Basement_Blockout.Basement_Blockout_C' with ClassGeneratedBy '/Game/Maps/Basement_Blockout.Basement_Blockout:PersistentLevel.Basement_Blockout'
[2015.12.28-01.29.10:629][972]LogBlueprintUserMessages: Early PlayInEditor Detection: Level '/Game/ThirdPersonBP/Maps/ThirdPersonExampleMap.ThirdPersonExampleMap:PersistentLevel' has LevelScriptBlueprint '/Game/ThirdPersonBP/Maps/ThirdPersonExampleMap.ThirdPersonExampleMap:PersistentLevel.ThirdPersonExampleMap' with GeneratedClass '/Game/ThirdPersonBP/Maps/ThirdPersonExampleMap.ThirdPersonExampleMap_C' with ClassGeneratedBy '/Game/ThirdPersonBP/Maps/ThirdPersonExampleMap.ThirdPersonExampleMap:PersistentLevel.ThirdPersonExampleMap'
[2015.12.28-01.29.10:630][972]LogPlayLevel: PlayLevel: No blueprints needed recompiling
[2015.12.28-01.29.10:630][972]PIE: New page: PIE session: VerticalSlicePersitantLevel (Dec 27, 2015, 9:29:10 AM)
[2015.12.28-01.29.10:630][972]LogPlayLevel: Creating play world package: /Game/Maps/UEDPIE_0_VerticalSlicePersitantLevel
[2015.12.28-01.29.10:650][972]LogPlayLevel: PIE: StaticDuplicateObject took: (0.020631s)
[2015.12.28-01.29.10:651][972]LogAIModule: Creating AISystem for world VerticalSlicePersitantLevel
[2015.12.28-01.29.10:652][972]LogPlayLevel: PIE: World Init took: (0.001118s)
[2015.12.28-01.29.10:652][972]LogPlayLevel: PIE: Created PIE world by copying editor world from /Game/Maps/VerticalSlicePersitantLevel.VerticalSlicePersitantLevel to /Game/Maps/UEDPIE_0_VerticalSlicePersitantLevel.VerticalSlicePersitantLevel (0.021989s)
[2015.12.28-01.29.10:689][972]LogInit: XAudio2 using 'Speakers (Realtek High Definition Audio)' : 2 channels at 48 kHz using 32 bits per sample (channel mask 0x3)
[2015.12.28-01.29.10:727][972]LogInit: FAudioDevice initialized.
[2015.12.28-01.29.10:795][972]LogWorld: Game class is '2dFlipBookGameMode_C'
[2015.12.28-01.29.10:798][972]LogWorld: Bringing World /Game/Maps/UEDPIE_0_VerticalSlicePersitantLevel.VerticalSlicePersitantLevel up for play (max tick rate 0) at 2015.12.27-17.29.10
[2015.12.28-01.29.10:798][972]LogActor:Warning: GameSession /Game/Maps/UEDPIE_0_VerticalSlicePersitantLevel.VerticalSlicePersitantLevel:PersistentLevel.GameSession_3 has natively added scene component(s), but none of them were set as the actor's RootComponent - picking one arbitrarily
[2015.12.28-01.29.10:799][972]LogActor:Warning: GameNetworkManager /Game/Maps/UEDPIE_0_VerticalSlicePersitantLevel.VerticalSlicePersitantLevel:PersistentLevel.GameNetworkManager_3 has natively added scene component(s), but none of them were set as the actor's RootComponent - picking one arbitrarily
[2015.12.28-01.29.10:799][972]LogWorld: Bringing up level for play took: 0.002803
[2015.12.28-01.29.10:804][972]LogLevel: ActivateLevel /Game/Maps/UEDPIE_0_Plaza_Blockout 1 1 1
[2015.12.28-01.29.10:818][972]PIE: Info Play in editor start time for /Game/Maps/UEDPIE_0_VerticalSlicePersitantLevel 0.389
[2015.12.28-01.29.10:818][972]LogBlueprintUserMessages: Late PlayInEditor Detection: Level '/Game/Maps/VerticalSlicePersitantLevel.VerticalSlicePersitantLevel:PersistentLevel' has LevelScriptBlueprint '/Game/Maps/VerticalSlicePersitantLevel.VerticalSlicePersitantLevel:PersistentLevel.VerticalSlicePersitantLevel' with GeneratedClass '/Game/Maps/VerticalSlicePersitantLevel.VerticalSlicePersitantLevel_C' with ClassGeneratedBy '/Game/Maps/VerticalSlicePersitantLevel.VerticalSlicePersitantLevel:PersistentLevel.VerticalSlicePersitantLevel'
[2015.12.28-01.29.10:818][972]LogBlueprintUserMessages: Late PlayInEditor Detection: Level '/Game/Maps/Plaza_Blockout.Plaza_Blockout:PersistentLevel' has LevelScriptBlueprint '/Game/Maps/Plaza_Blockout.Plaza_Blockout:PersistentLevel.Plaza_Blockout' with GeneratedClass '/Game/Maps/Plaza_Blockout.Plaza_Blockout_C' with ClassGeneratedBy '/Game/Maps/Plaza_Blockout.Plaza_Blockout:PersistentLevel.Plaza_Blockout'
[2015.12.28-01.29.10:818][972]LogBlueprintUserMessages: Late PlayInEditor Detection: Level '/Game/Maps/Basement_Blockout.Basement_Blockout:PersistentLevel' has LevelScriptBlueprint '/Game/Maps/Basement_Blockout.Basement_Blockout:PersistentLevel.Basement_Blockout' with GeneratedClass '/Game/Maps/Basement_Blockout.Basement_Blockout_C' with ClassGeneratedBy '/Game/Maps/Basement_Blockout.Basement_Blockout:PersistentLevel.Basement_Blockout'
[2015.12.28-01.29.10:818][972]LogBlueprintUserMessages: Late PlayInEditor Detection: Level '/Game/ThirdPersonBP/Maps/ThirdPersonExampleMap.ThirdPersonExampleMap:PersistentLevel' has LevelScriptBlueprint '/Game/ThirdPersonBP/Maps/ThirdPersonExampleMap.ThirdPersonExampleMap:PersistentLevel.ThirdPersonExampleMap' with GeneratedClass '/Game/ThirdPersonBP/Maps/ThirdPersonExampleMap.ThirdPersonExampleMap_C' with ClassGeneratedBy '/Game/ThirdPersonBP/Maps/ThirdPersonExampleMap.ThirdPersonExampleMap:PersistentLevel.ThirdPersonExampleMap'
[2015.12.28-01.29.10:927][972]LogWorld: PIE: Copying PIE streaming level from /Game/Maps/Plaza_Blockout.Plaza_Blockout to /Game/Maps/UEDPIE_0_Plaza_Blockout.Plaza_Blockout. OwningWorld: /Game/Maps/UEDPIE_0_VerticalSlicePersitantLevel.VerticalSlicePersitantLevel
[2015.12.28-01.29.10:943][973]LogRenderTargetPool:Warning: r.RenderTargetPoolMin exceeded 583/400 MB (ok in editor, bad on fixed memory platform)
[2015.12.28-01.29.11:330][993]LogNet: Browse: /game/maps/Basement_Blockout
[2015.12.28-01.29.11:349][993]LogLoad: LoadMap: /game/maps/Basement_Blockout
[2015.12.28-01.29.11:388][993]LogParticles: Destroying 0 GPU particle simulations for FXSystem 0x0000000011E58860
[2015.12.28-01.29.11:395][993]Cmd: MEM
[2015.12.28-01.29.11:425][993]LogMemory: Platform Memory Stats for Windows
[2015.12.28-01.29.11:425][993]LogMemory: Process Physical Memory: 1166.91 MB used, 1169.10 MB peak
[2015.12.28-01.29.11:425][993]LogMemory: Process Virtual Memory: 1095.59 MB used, 1100.73 MB peak
[2015.12.28-01.29.11:425][993]LogMemory: Physical Memory: 6080.96 MB used, 8109.12 MB total
[2015.12.28-01.29.11:425][993]LogMemory: Virtual Memory: 1722.79 MB used, 8388608.00 MB total
[2015.12.28-01.29.11:425][993]LogMemory: 
[2015.12.28-01.29.11:425][993]Allocator Stats for TBB: (not implemented)
[2015.12.28-01.29.11:426][993]LogWindows:Error: Windows GetLastError: The operation completed successfully. (0)
[2015.12.28-01.29.11:820][993]LogCrashTracker: 


[2015.12.28-01.29.11:820][993]LogCrashTracker: 


[2015.12.28-01.29.11:820][993]LogWindows:Error: === Critical error: ===
Assertion failed: WorldContext.World()->GetOutermost()->HasAnyPackageFlags(PKG_PlayInEditor) [File:D:\BuildFarm\buildmachine_++depot+UE4-Releases+4.10\Engine\Source\Runtime\Engine\Private\UnrealEngine.cpp] [Line: 9477] 





[2015.12.28-01.29.11:896][993]LogExit: Executing StaticShutdownAfterError
[2015.12.28-01.29.11:903][993]LogPhysics:Warning: PHYSX: ..\..\PhysX\src\NpScene.cpp (2946) 8 : PxScene::unlockWrite() called without matching call to PxScene::lockWrite(), behaviour will be undefined.
[2015.12.28-01.29.11:903][993]LogPhysics:Warning: PHYSX: ..\..\PhysX\src\NpScene.cpp (2946) 8 : PxScene::unlockWrite() called without matching call to PxScene::lockWrite(), behaviour will be undefined.
[2015.12.28-01.29.11:903][993]LogPhysics:Warning: PHYSX: ..\..\PhysX\src\NpScene.cpp (2946) 8 : PxScene::unlockWrite() called without matching call to PxScene::lockWrite(), behaviour will be undefined.
[2015.12.28-01.29.11:903][993]LogPhysics:Warning: PHYSX: ..\..\PhysX\src\NpScene.cpp (2946) 8 : PxScene::unlockWrite() called without matching call to PxScene::lockWrite(), behaviour will be undefined.
[2015.12.28-01.29.11:903][993]LogPhysics:Warning: PHYSX: ..\..\PhysX\src\NpScene.cpp (2946) 8 : PxScene::unlockWrite() called without matching call to PxScene::lockWrite(), behaviour will be undefined.
[2015.12.28-01.29.11:904][993]LogPhysics:Warning: PHYSX: ..\..\PhysX\src\NpScene.cpp (2946) 8 : PxScene::unlockWrite() called without matching call to PxScene::lockWrite(), behaviour will be undefined.
[2015.12.28-01.29.11:904][993]LogWindows: FPlatformMisc::RequestExit(1)
[2015.12.28-01.29.11:904][993]Log file closed, 12/27/15 17:29:11
