[2015.12.28-01.34.16:115][  0]Log file open, 12/27/15 17:34:16
[2015.12.28-01.34.16:115][  0]LogInit:Display: Running engine for game: MyProject19
[2015.12.28-01.34.16:115][  0]LogPlatformFile: Not using cached read wrapper
[2015.12.28-01.34.16:115][  0]LogInit:Display: RandInit(1391888614) SRandInit(1391888616).
[2015.12.28-01.34.16:115][  0]LogTaskGraph: Started task graph with 4 named threads and 7 total threads.
[2015.12.28-01.34.16:115][  0]LogStats: Stats thread started at 0.088126
[2015.12.28-01.34.16:115][  0]LogInit: Version: 4.10.1-2791327+++depot+UE4-Releases+4.10
[2015.12.28-01.34.16:115][  0]LogInit: API Version: 2758231
[2015.12.28-01.34.16:115][  0]LogInit: Compiled (64-bit): Dec  4 2015 19:44:40
[2015.12.28-01.34.16:115][  0]LogInit: Compiled with Visual C++: 19.00.23026.00
[2015.12.28-01.34.16:115][  0]LogInit: Build Configuration: Development
[2015.12.28-01.34.16:115][  0]LogInit: Branch Name: ++depot+UE4-Releases+4.10
[2015.12.28-01.34.16:115][  0]LogInit: Command line:  
[2015.12.28-01.34.16:115][  0]LogInit: Base directory: C:/Program Files/Epic Games/4.10/Engine/Binaries/Win64/
[2015.12.28-01.34.16:115][  0]LogInit: Rocket: 1
[2015.12.28-01.34.16:129][  0]LogInit: Using libcurl 7.41.0
[2015.12.28-01.34.16:129][  0]LogInit:  - built for x86_64-pc-win32
[2015.12.28-01.34.16:129][  0]LogInit:  - supports SSL with WinSSL
[2015.12.28-01.34.16:129][  0]LogInit:  - other features:
[2015.12.28-01.34.16:129][  0]LogInit:      CURL_VERSION_SSL
[2015.12.28-01.34.16:129][  0]LogInit:      CURL_VERSION_IPV6
[2015.12.28-01.34.16:129][  0]LogInit:      CURL_VERSION_ASYNCHDNS
[2015.12.28-01.34.16:129][  0]LogInit:      CURL_VERSION_LARGEFILE
[2015.12.28-01.34.16:129][  0]LogInit:      CURL_VERSION_IDN
[2015.12.28-01.34.16:129][  0]LogInit:  CurlRequestOptions (configurable via config and command line):
[2015.12.28-01.34.16:129][  0]LogInit:  - bVerifyPeer = true  - Libcurl will verify peer certificate
[2015.12.28-01.34.16:129][  0]LogInit:  - bUseHttpProxy = false  - Libcurl will NOT use HTTP proxy
[2015.12.28-01.34.16:129][  0]LogInit:  - bDontReuseConnections = false  - Libcurl will reuse connections
[2015.12.28-01.34.16:129][  0]LogInit:  - CertBundlePath = nullptr  - Libcurl will use whatever was configured at build time.
[2015.12.28-01.34.16:137][  0]LogInit: Presizing for 0 objects not considered by GC, pre-allocating 0 bytes.
[2015.12.28-01.34.16:145][  0]LogInit: Object subsystem initialized
[2015.12.28-01.34.16:146][  0]LogInit: Selected Device Profile: [Windows]
[2015.12.28-01.34.16:146][  0]LogInit: Applying CVar settings loaded from the selected device profile: [Windows]
[2015.12.28-01.34.16:159][  0]LogInit: Computer: MATT-PC
[2015.12.28-01.34.16:159][  0]LogInit: User: Matt
[2015.12.28-01.34.16:159][  0]LogInit: CPU Page size=4096, Cores=4
[2015.12.28-01.34.16:159][  0]LogInit: High frequency timer resolution =3.020527 MHz
[2015.12.28-01.34.16:159][  0]LogMemory: Memory total: Physical=7.9GB (8GB approx)
[2015.12.28-01.34.16:159][  0]LogMemory: Platform Memory Stats for Windows
[2015.12.28-01.34.16:159][  0]LogMemory: Process Physical Memory: 60.33 MB used, 60.33 MB peak
[2015.12.28-01.34.16:159][  0]LogMemory: Process Virtual Memory: 60.66 MB used, 60.66 MB peak
[2015.12.28-01.34.16:159][  0]LogMemory: Physical Memory: 4885.92 MB used, 8109.12 MB total
[2015.12.28-01.34.16:159][  0]LogMemory: Virtual Memory: 354.33 MB used, 8388608.00 MB total
[2015.12.28-01.34.16:235][  0]LogTextLocalizationManager: No specific translations for ('en-US') exist, so ('en') translations will be used.
[2015.12.28-01.34.16:666][  0]LogD3D11RHI: Found D3D11 adapter 0: AMD Radeon HD 7800 Series (Feature Level 11_0)
[2015.12.28-01.34.16:666][  0]LogD3D11RHI: Adapter has 2029MB of dedicated video memory, 0MB of dedicated system memory, and 3798MB of shared system memory, 1 output[s]
[2015.12.28-01.34.16:669][  0]LogD3D11RHI: Found D3D11 adapter 1: Intel(R) HD Graphics (Feature Level 11_0)
[2015.12.28-01.34.16:669][  0]LogD3D11RHI: Adapter has 64MB of dedicated video memory, 0MB of dedicated system memory, and 1632MB of shared system memory, 0 output[s]
[2015.12.28-01.34.16:670][  0]LogD3D11RHI: Chosen D3D11 Adapter Id = 0
[2015.12.28-01.34.16:675][  0]LogD3D11RHI: !Direct3DDevice
[2015.12.28-01.34.16:675][  0]LogRHI: Texture pool is 1361 MB (70% of 1945 MB)
[2015.12.28-01.34.16:680][  0]LogD3D11RHI: Async texture creation disabled: no driver support
[2015.12.28-01.34.16:690][  0]LogShaderCompilers: Guid format shader working directory is -28 characters bigger than the processId version (../../../../../../Users/Matt/Documents/GitHub/P3NGUIN/P3NGUIN/MyProject19/Intermediate/Shaders/WorkingDirectory/7164/).
[2015.12.28-01.34.16:690][  0]LogShaderCompilers: Cleaned the shader compiler working directory 'C:/Users/Matt/AppData/Local/Temp/UnrealShaderWorkingDir/6F4A8F9C47F78F314E8EDBA59BE370E1/'.
[2015.12.28-01.34.16:690][  0]LogShaderCompilers:Display: Using Local Shader Compiler.
[2015.12.28-01.34.17:705][  0]LogTemp:Display: Loaded TP AllDesktopTargetPlatform
[2015.12.28-01.34.17:711][  0]LogTemp:Display: Loaded TP WindowsClientTargetPlatform
[2015.12.28-01.34.17:717][  0]LogTemp:Display: Loaded TP WindowsNoEditorTargetPlatform
[2015.12.28-01.34.17:722][  0]LogTemp:Display: Loaded TP WindowsServerTargetPlatform
[2015.12.28-01.34.17:728][  0]LogTemp:Display: Loaded TP WindowsTargetPlatform
[2015.12.28-01.34.17:732][  0]LogTemp:Display: Loaded TP AndroidTargetPlatform
[2015.12.28-01.34.17:736][  0]LogTemp:Display: Loaded TP Android_ASTCTargetPlatform
[2015.12.28-01.34.17:740][  0]LogTemp:Display: Loaded TP Android_ATCTargetPlatform
[2015.12.28-01.34.17:744][  0]LogTemp:Display: Loaded TP Android_DXTTargetPlatform
[2015.12.28-01.34.17:748][  0]LogTemp:Display: Loaded TP Android_ETC1TargetPlatform
[2015.12.28-01.34.17:752][  0]LogTemp:Display: Loaded TP Android_ETC2TargetPlatform
[2015.12.28-01.34.17:760][  0]LogTemp:Display: Loaded TP Android_MultiTargetPlatform
[2015.12.28-01.34.17:760][  0]LogTemp:Display: Loaded TP Android_PVRTCTargetPlatform
[2015.12.28-01.34.17:761][  0]LogTemp:Display: Loaded TP HTML5TargetPlatform
[2015.12.28-01.34.17:778][  0]LogTemp:Display: Loaded TP IOSTargetPlatform
[2015.12.28-01.34.17:781][  0]LogTemp:Display: Loaded TP LinuxNoEditorTargetPlatform
[2015.12.28-01.34.17:785][  0]LogTemp:Display: Loaded TP LinuxServerTargetPlatform
[2015.12.28-01.34.17:789][  0]LogTemp:Display: Loaded TP LinuxTargetPlatform
[2015.12.28-01.34.17:789][  0]LogTargetPlatformManager:Display: Building Assets For Windows
[2015.12.28-01.34.17:899][  0]LogDerivedDataCache:Display: Max Cache Size: 512 MB
[2015.12.28-01.34.17:940][  0]LogDerivedDataCache: Loaded boot cache 0.04s 41MB C:/Users/Matt/AppData/Local/UnrealEngine/4.10/DerivedDataCache/Boot.ddc.
[2015.12.28-01.34.17:940][  0]LogDerivedDataCache:Display: Loaded Boot cache: C:/Users/Matt/AppData/Local/UnrealEngine/4.10/DerivedDataCache/Boot.ddc
[2015.12.28-01.34.17:941][  0]LogDerivedDataCache: FDerivedDataBackendGraph:  Pak pak cache file ../../../../../../Users/Matt/Documents/GitHub/P3NGUIN/P3NGUIN/MyProject19/DerivedDataCache/DDC.ddp not found, will not use a pak cache.
[2015.12.28-01.34.17:941][  0]LogDerivedDataCache: Unable to find inner node Pak for hierarchical cache Hierarchy.
[2015.12.28-01.34.17:941][  0]LogDerivedDataCache: FDerivedDataBackendGraph:  CompressedPak pak cache file ../../../../../../Users/Matt/Documents/GitHub/P3NGUIN/P3NGUIN/MyProject19/DerivedDataCache/Compressed.ddp not found, will not use a pak cache.
[2015.12.28-01.34.17:941][  0]LogDerivedDataCache: Unable to find inner node CompressedPak for hierarchical cache Hierarchy.
[2015.12.28-01.34.18:001][  0]LogDerivedDataCache:Display: Pak cache opened for reading ../../../Engine/DerivedDataCache/Compressed.ddp.
[2015.12.28-01.34.18:012][  0]LogDerivedDataCache: Using Local data cache path C:/Users/Matt/AppData/Local/UnrealEngine/Common/DerivedDataCache: Writable
[2015.12.28-01.34.18:220][  0]LogInit: Selected Device Profile: [Windows]
[2015.12.28-01.34.18:221][  0]LogContentStreaming: Texture pool size is 0.000000MB
[2015.12.28-01.34.18:271][  0]LogMeshUtilities: No automatic mesh reduction module available
[2015.12.28-01.34.18:271][  0]LogMeshUtilities: No automatic mesh merging module available
[2015.12.28-01.34.18:630][  0]LogInit: WinSock: version 1.1 (2.2), MaxSocks=32767, MaxUdp=65467
[2015.12.28-01.34.19:510][  0]UdpMessaging: Initializing bridge on interface 0.0.0.0:0 to multicast group 230.0.0.1:6666.
[2015.12.28-01.34.19:613][  0]LogAssetRegistry: FAssetRegistry took 0.0103 seconds to start up
[2015.12.28-01.34.19:835][  0]SourceControl: Info Source control is disabled
[2015.12.28-01.34.19:837][  0]SourceControl: Info Source control is disabled
[2015.12.28-01.34.19:854][  0]SourceControl: Info Source control is disabled
[2015.12.28-01.34.19:873][  0]SourceControl: Info Source control is disabled
[2015.12.28-01.34.20:246][  0]LogObj: 28633 objects as part of root set at end of initial load.
[2015.12.28-01.34.20:246][  0]LogUObjectAllocator: 6099752 out of 0 bytes used by permanent object pool.
[2015.12.28-01.34.20:304][  0]LogEngine: Initializing Engine...
[2015.12.28-01.34.20:314][  0]LogHMD: Can't find Oculus library dev build: is proper Runtime installed? Version: 0.8.0.0
[2015.12.28-01.34.20:315][  0]LogHMD: SteamVR failed to initialize.  Err: 110
[2015.12.28-01.34.20:451][  0]LogAIModule: Creating AISystem for world NewWorld
[2015.12.28-01.34.20:457][  0]LogInit: XAudio2 using 'Speakers (Realtek High Definition Audio)' : 2 channels at 48 kHz using 32 bits per sample (channel mask 0x3)
[2015.12.28-01.34.20:497][  0]LogInit: FAudioDevice initialized.
[2015.12.28-01.34.20:532][  0]LogDerivedDataCache: Saved boot cache 0.03s 41MB C:/Users/Matt/AppData/Local/UnrealEngine/4.10/DerivedDataCache/Boot.ddc.
[2015.12.28-01.34.20:535][  0]LogInit: Texture streaming: Enabled
[2015.12.28-01.34.20:541][  0]LogAnalytics: Creating configured Analytics provider AnalyticsET
[2015.12.28-01.34.20:541][  0]LogAnalytics: [UEEditor.Rocket.Release] APIServer = http://et2.epicgames.com/ET2/. AppVersion = 4.10.1-2791327+++depot+UE4-Releases+4.10
[2015.12.28-01.34.20:541][  0]LogAnalytics: [UEEditor.Rocket.Release] SetUserId de43219841e5038bf49fbfa481591ee0|4e461f00ab6f49d29405414d884919d6|9448dfb4-8168-4a85-8046-6b7a073564d8
[2015.12.28-01.34.20:541][  0]LogAnalytics: [UEEditor.Rocket.Release] AnalyticsET::StartSession
[2015.12.28-01.34.20:563][  0]LogInit: Transaction tracking system initialized
[2015.12.28-01.34.20:595][  0]BlueprintLog: New page: Editor Load
[2015.12.28-01.34.20:700][  0]LocalizationService: Info Localization service is disabled
[2015.12.28-01.34.20:800][  0]LogConsoleResponse:Display: 
[2015.12.28-01.34.21:006][  0]LogCook:Display: Done creating registry. It took  0.00s.
[2015.12.28-01.34.21:011][  0]LogFileCache: Scanning file cache for directory 'C:/Users/Matt/Documents/GitHub/P3NGUIN/P3NGUIN/MyProject19/Content/' took 0.02s
[2015.12.28-01.34.21:120][  0]SourceControl: Info Source control is disabled
[2015.12.28-01.34.21:120][  0]Cmd: MAP LOAD FILE="../../../../../../Users/Matt/Documents/GitHub/P3NGUIN/P3NGUIN/MyProject19/Content/Maps/VerticalSlicePersitantLevel.umap" TEMPLATE=0 SHOWPROGRESS=1 FEATURELEVEL=3
[2015.12.28-01.34.21:120][  0]LightingResults: New page: Lighting Build
[2015.12.28-01.34.21:127][  0]MapCheck: New page: Map Check
[2015.12.28-01.34.21:127][  0]LightingResults: New page: Lighting Build
[2015.12.28-01.34.21:138][  0]LogParticles: Destroying 0 GPU particle simulations for FXSystem 0x000000002097A160
[2015.12.28-01.34.21:174][  0]LogLinker:Warning: Asset '../../../../../../Users/Matt/Documents/GitHub/P3NGUIN/P3NGUIN/MyProject19/Content/Mannequin/Animations/ThirdPerson_AnimBP.uasset' has been saved with empty engine version. The asset will be loaded but may be incompatible.
[2015.12.28-01.34.21:176][  0]LogLinker:Warning: Asset '../../../../../../Users/Matt/Documents/GitHub/P3NGUIN/P3NGUIN/MyProject19/Content/Mannequin/Animations/ThirdPerson_Jump.uasset' has been saved with empty engine version. The asset will be loaded but may be incompatible.
[2015.12.28-01.34.21:177][  0]LogLinker:Warning: Asset '../../../../../../Users/Matt/Documents/GitHub/P3NGUIN/P3NGUIN/MyProject19/Content/Mannequin/Animations/ThirdPersonJump_Loop.uasset' has been saved with empty engine version. The asset will be loaded but may be incompatible.
[2015.12.28-01.34.21:179][  0]LogLinker:Warning: Asset '../../../../../../Users/Matt/Documents/GitHub/P3NGUIN/P3NGUIN/MyProject19/Content/Mannequin/Animations/ThirdPersonJump_Start.uasset' has been saved with empty engine version. The asset will be loaded but may be incompatible.
[2015.12.28-01.34.21:180][  0]LogLinker:Warning: Asset '../../../../../../Users/Matt/Documents/GitHub/P3NGUIN/P3NGUIN/MyProject19/Content/Mannequin/Animations/ThirdPerson_IdleRun_2D.uasset' has been saved with empty engine version. The asset will be loaded but may be incompatible.
[2015.12.28-01.34.21:180][  0]LogLinker:Warning: Asset '../../../../../../Users/Matt/Documents/GitHub/P3NGUIN/P3NGUIN/MyProject19/Content/Mannequin/Animations/ThirdPersonIdle.uasset' has been saved with empty engine version. The asset will be loaded but may be incompatible.
[2015.12.28-01.34.21:181][  0]LogLinker:Warning: Asset '../../../../../../Users/Matt/Documents/GitHub/P3NGUIN/P3NGUIN/MyProject19/Content/Mannequin/Animations/ThirdPersonRun.uasset' has been saved with empty engine version. The asset will be loaded but may be incompatible.
[2015.12.28-01.34.21:183][  0]LogLinker:Warning: Asset '../../../../../../Users/Matt/Documents/GitHub/P3NGUIN/P3NGUIN/MyProject19/Content/Mannequin/Animations/ThirdPersonWalk.uasset' has been saved with empty engine version. The asset will be loaded but may be incompatible.
[2015.12.28-01.34.22:289][  0]LogBlueprint:Warning: [compiler ThirdPersonCharacter] Warning 'AbilitiesMenu' is already a 'Ability Menu', you don't need  Cast To AbilityMenu .
[2015.12.28-01.34.22:292][  0]LogBlueprint:Warning: [compiler ThirdPersonCharacter] Warning 'PointerClass' is already a 'Pointer', you don't need  Cast To Pointer .
[2015.12.28-01.34.22:293][  0]LogBlueprint:Warning: [compiler ThirdPersonCharacter] Warning No value will be returned by reference. Parameter 'EndTime'. Node:  (none) 
[2015.12.28-01.34.22:309][  0]LogBlueprint:Warning: [compiler ThirdPersonCharacter] Warning 'SecondPointer' is already a 'Pointer 2', you don't need  Cast To Pointer2 .
[2015.12.28-01.34.22:335][  0]LogBlueprint:Warning: [compiler ThirdPersonCharacter] Warning [0006.79] Compile of ThirdPersonCharacter successful, but with 4 Warning(s) [in 196 ms]
[2015.12.28-01.34.22:336][  0]LogBlueprint:Warning: [compiler ThirdPersonCharacter] Warning [0006.79] Compile of ThirdPersonCharacter successful, but with 5 Warning(s) [in 0 ms]
[2015.12.28-01.34.22:336][  0]LogBlueprint:Warning: [compiler ThirdPersonCharacter] Warning [0006.79] Compile of ThirdPersonCharacter successful, but with 6 Warning(s) [in 0 ms]
[2015.12.28-01.34.22:416][  0]LogBlueprint:Warning: [compiler AbilityMenu] Warning 'ReturnValue' is already a 'Listed Item', you don't need  Cast To ListedItem .
[2015.12.28-01.34.22:417][  0]LogBlueprint:Warning: [compiler AbilityMenu] Warning 'ReturnValue' is already a 'Listed Item', you don't need  Cast To ListedItem .
[2015.12.28-01.34.22:421][  0]LogBlueprint:Warning: [compiler AbilityMenu] Warning [0006.87] Compile of AbilityMenu successful, but with 2 Warning(s) [in 38 ms]
[2015.12.28-01.34.22:423][  0]LogBlueprint:Warning: [compiler AbilityMenu] Warning [0006.87] Compile of AbilityMenu successful, but with 3 Warning(s) [in 2 ms]
[2015.12.28-01.34.22:423][  0]LogBlueprint:Warning: [compiler AbilityMenu] Warning [0006.87] Compile of AbilityMenu successful, but with 4 Warning(s) [in 0 ms]
[2015.12.28-01.34.22:467][  0]LogBlueprint:Warning: [compiler FreeMovementLocator] Warning 'Third Person Character 2D' does not inherit from 'Player Controller' ( Cast To ThirdPersonCharacter2D  would always fail).
[2015.12.28-01.34.22:477][  0]LogBlueprint:Warning: [compiler FreeMovementLocator] Warning [0006.93] Compile of FreeMovementLocator successful, but with 1 Warning(s) [in 11 ms]
[2015.12.28-01.34.22:477][  0]LogBlueprint:Warning: [compiler FreeMovementLocator] Warning [0006.93] Compile of FreeMovementLocator successful, but with 2 Warning(s) [in 0 ms]
[2015.12.28-01.34.22:477][  0]LogBlueprint:Warning: [compiler FreeMovementLocator] Warning [0006.93] Compile of FreeMovementLocator successful, but with 3 Warning(s) [in 0 ms]
[2015.12.28-01.34.23:071][  0]LogBlueprint:Warning: [compiler ThirdPersonCharacter2D] Warning No value will be returned by reference. Parameter 'EndTime'. Node:  (none) 
[2015.12.28-01.34.23:088][  0]LogBlueprint:Warning: [compiler ThirdPersonCharacter2D] Warning 'AbilitiesMenu' is already a 'Ability Menu', you don't need  Cast To AbilityMenu .
[2015.12.28-01.34.23:088][  0]LogBlueprint:Warning: [compiler ThirdPersonCharacter2D] Warning 'ReturnValue' is already a 'Knife', you don't need  Cast To Knife .
[2015.12.28-01.34.23:097][  0]LogBlueprint:Warning: [compiler ThirdPersonCharacter2D] Warning 'SecondPointer' is already a 'Pointer 2', you don't need  Cast To Pointer2 .
[2015.12.28-01.34.23:175][  0]LogBlueprint:Warning: [compiler ThirdPersonCharacter2D] Warning [0007.63] Compile of ThirdPersonCharacter2D successful, but with 4 Warning(s) [in 194 ms]
[2015.12.28-01.34.23:176][  0]LogBlueprint:Warning: [compiler ThirdPersonCharacter2D] Warning [0007.63] Compile of ThirdPersonCharacter2D successful, but with 5 Warning(s) [in 0 ms]
[2015.12.28-01.34.23:176][  0]LogBlueprint:Warning: [compiler ThirdPersonCharacter2D] Warning [0007.63] Compile of ThirdPersonCharacter2D successful, but with 6 Warning(s) [in 0 ms]
[2015.12.28-01.34.23:180][  0]LogBlueprint:Warning: [compiler FreeMovementLocator] Warning 'Third Person Character 2D' does not inherit from 'Player Controller' ( Cast To ThirdPersonCharacter2D  would always fail).
[2015.12.28-01.34.23:181][  0]LogBlueprint:Warning: [compiler FreeMovementLocator] Warning [0007.63] Compile of FreeMovementLocator successful, but with 1 Warning(s) [in 3 ms]
[2015.12.28-01.34.23:181][  0]LogBlueprint:Warning: [compiler FreeMovementLocator] Warning [0007.63] Compile of FreeMovementLocator successful, but with 2 Warning(s) [in 0 ms]
[2015.12.28-01.34.23:186][  0]LogBlueprint:Warning: [compiler FreeMovementLocator] Warning [0007.64] Compile of FreeMovementLocator successful, but with 3 Warning(s) [in 4 ms]
[2015.12.28-01.34.23:273][  0]LogBlueprint:Warning: [compiler AbilityMenu] Warning 'ReturnValue' is already a 'Listed Item', you don't need  Cast To ListedItem .
[2015.12.28-01.34.23:274][  0]LogBlueprint:Warning: [compiler AbilityMenu] Warning 'ReturnValue' is already a 'Listed Item', you don't need  Cast To ListedItem .
[2015.12.28-01.34.23:279][  0]LogBlueprint:Warning: [compiler AbilityMenu] Warning [0007.73] Compile of AbilityMenu successful, but with 2 Warning(s) [in 30 ms]
[2015.12.28-01.34.23:279][  0]LogBlueprint:Warning: [compiler AbilityMenu] Warning [0007.73] Compile of AbilityMenu successful, but with 3 Warning(s) [in 0 ms]
[2015.12.28-01.34.23:285][  0]LogBlueprint:Warning: [compiler AbilityMenu] Warning [0007.74] Compile of AbilityMenu successful, but with 4 Warning(s) [in 6 ms]
[2015.12.28-01.34.23:430][  0]LogBlueprint:Warning: [compiler ThirdPersonCharacter] Warning 'AbilitiesMenu' is already a 'Ability Menu', you don't need  Cast To AbilityMenu .
[2015.12.28-01.34.23:432][  0]LogBlueprint:Warning: [compiler ThirdPersonCharacter] Warning 'PointerClass' is already a 'Pointer', you don't need  Cast To Pointer .
[2015.12.28-01.34.23:434][  0]LogBlueprint:Warning: [compiler ThirdPersonCharacter] Warning No value will be returned by reference. Parameter 'EndTime'. Node:  (none) 
[2015.12.28-01.34.23:447][  0]LogBlueprint:Warning: [compiler ThirdPersonCharacter] Warning 'SecondPointer' is already a 'Pointer 2', you don't need  Cast To Pointer2 .
[2015.12.28-01.34.23:476][  0]LogBlueprint:Warning: [compiler ThirdPersonCharacter] Warning [0007.93] Compile of ThirdPersonCharacter successful, but with 4 Warning(s) [in 142 ms]
[2015.12.28-01.34.23:477][  0]LogBlueprint:Warning: [compiler ThirdPersonCharacter] Warning [0007.93] Compile of ThirdPersonCharacter successful, but with 5 Warning(s) [in 0 ms]
[2015.12.28-01.34.23:477][  0]LogBlueprint:Warning: [compiler ThirdPersonCharacter] Warning [0007.93] Compile of ThirdPersonCharacter successful, but with 6 Warning(s) [in 0 ms]
[2015.12.28-01.34.23:617][  0]LogBlueprint:Warning: [compiler ThirdPersonCharacter2D] Warning No value will be returned by reference. Parameter 'EndTime'. Node:  (none) 
[2015.12.28-01.34.23:633][  0]LogBlueprint:Warning: [compiler ThirdPersonCharacter2D] Warning 'AbilitiesMenu' is already a 'Ability Menu', you don't need  Cast To AbilityMenu .
[2015.12.28-01.34.23:633][  0]LogBlueprint:Warning: [compiler ThirdPersonCharacter2D] Warning 'ReturnValue' is already a 'Knife', you don't need  Cast To Knife .
[2015.12.28-01.34.23:642][  0]LogBlueprint:Warning: [compiler ThirdPersonCharacter2D] Warning 'SecondPointer' is already a 'Pointer 2', you don't need  Cast To Pointer2 .
[2015.12.28-01.34.23:721][  0]LogBlueprint:Warning: [compiler ThirdPersonCharacter2D] Warning [0008.17] Compile of ThirdPersonCharacter2D successful, but with 4 Warning(s) [in 198 ms]
[2015.12.28-01.34.23:722][  0]LogBlueprint:Warning: [compiler ThirdPersonCharacter2D] Warning [0008.17] Compile of ThirdPersonCharacter2D successful, but with 5 Warning(s) [in 0 ms]
[2015.12.28-01.34.23:722][  0]LogBlueprint:Warning: [compiler ThirdPersonCharacter2D] Warning [0008.17] Compile of ThirdPersonCharacter2D successful, but with 6 Warning(s) [in 0 ms]
[2015.12.28-01.34.24:758][  0]LogAIModule: Creating AISystem for world VerticalSlicePersitantLevel
[2015.12.28-01.34.25:213][  0]LogBlueprint:Warning: [compiler NewSwitch] Warning 'Item' is already a 'Temporary Platform', you don't need  Cast To TemporaryPlatform .
[2015.12.28-01.34.25:214][  0]LogBlueprint:Warning: [compiler NewSwitch] Warning [0009.67] Compile of NewSwitch successful, but with 1 Warning(s) [in 8 ms]
[2015.12.28-01.34.25:214][  0]LogBlueprint:Warning: [compiler NewSwitch] Warning [0009.67] Compile of NewSwitch successful, but with 2 Warning(s) [in 0 ms]
[2015.12.28-01.34.25:215][  0]LogBlueprint:Warning: [compiler NewSwitch] Warning [0009.67] Compile of NewSwitch successful, but with 3 Warning(s) [in 0 ms]
[2015.12.28-01.34.25:222][  0]LogBlueprint:Warning: [compiler NewSwitch] Warning 'Item' is already a 'Temporary Platform', you don't need  Cast To TemporaryPlatform .
[2015.12.28-01.34.25:223][  0]LogBlueprint:Warning: [compiler NewSwitch] Warning [0009.67] Compile of NewSwitch successful, but with 1 Warning(s) [in 6 ms]
[2015.12.28-01.34.25:223][  0]LogBlueprint:Warning: [compiler NewSwitch] Warning [0009.67] Compile of NewSwitch successful, but with 2 Warning(s) [in 0 ms]
[2015.12.28-01.34.25:223][  0]LogBlueprint:Warning: [compiler NewSwitch] Warning [0009.67] Compile of NewSwitch successful, but with 3 Warning(s) [in 0 ms]
[2015.12.28-01.34.25:232][  0]LogBlueprint:Warning: [compiler Basement_Blockout] Warning  Sequence  has no valid output
[2015.12.28-01.34.25:232][  0]LogBlueprint:Warning: [compiler Basement_Blockout] Warning [0009.68] Compile of Basement_Blockout successful, but with 1 Warning(s) [in 1 ms]
[2015.12.28-01.34.25:233][  0]LogBlueprint:Warning: [compiler Basement_Blockout] Warning [0009.68] Compile of Basement_Blockout successful, but with 2 Warning(s) [in 0 ms]
[2015.12.28-01.34.25:233][  0]LogBlueprint:Warning: [compiler Basement_Blockout] Warning [0009.68] Compile of Basement_Blockout successful, but with 3 Warning(s) [in 0 ms]
[2015.12.28-01.34.25:234][  0]LogBlueprint:Warning: [compiler Basement_Blockout] Warning  Sequence  has no valid output
[2015.12.28-01.34.25:234][  0]LogBlueprint:Warning: [compiler Basement_Blockout] Warning [0009.69] Compile of Basement_Blockout successful, but with 1 Warning(s) [in 1 ms]
[2015.12.28-01.34.25:234][  0]LogBlueprint:Warning: [compiler Basement_Blockout] Warning [0009.69] Compile of Basement_Blockout successful, but with 2 Warning(s) [in 0 ms]
[2015.12.28-01.34.25:234][  0]LogBlueprint:Warning: [compiler Basement_Blockout] Warning [0009.69] Compile of Basement_Blockout successful, but with 3 Warning(s) [in 0 ms]
[2015.12.28-01.34.26:095][  0]LogEditorServer: Finished looking for orphan Actors (0.000 secs)
[2015.12.28-01.34.26:096][  0]Cmd: MAP CHECKDEP NOCLEARLOG
[2015.12.28-01.34.26:212][  0]MapCheck: Info Map check complete: 0 Error(s), 0 Warning(s), took 116.519ms to complete.
[2015.12.28-01.34.26:212][  0]LogFileHelpers: Loading map 'VerticalSlicePersitantLevel' took 5.093
[2015.12.28-01.34.26:315][  0]LogCollectionManager: Loaded 0 collections in 0.002725 seconds
[2015.12.28-01.34.26:357][  0]LogFileCache: Scanning file cache for directory 'C:/Users/Matt/Documents/GitHub/P3NGUIN/P3NGUIN/MyProject19/Saved/Collections/' took 0.01s
[2015.12.28-01.34.26:357][  0]LogFileCache: Scanning file cache for directory 'C:/Users/Matt/Documents/GitHub/P3NGUIN/P3NGUIN/MyProject19/Content/Developers/Matt/Collections/' took 0.01s
[2015.12.28-01.34.26:357][  0]LogFileCache: Scanning file cache for directory 'C:/Users/Matt/Documents/GitHub/P3NGUIN/P3NGUIN/MyProject19/Content/Collections/' took 0.01s
[2015.12.28-01.34.26:357][  0]LogCollectionManager: Rebuilt the GUID cache for 0 collections in 0.000003 seconds
[2015.12.28-01.34.26:365][  0]LogContentBrowser: Native class hierarchy populated in 0.0078 seconds. Added 1893 classes and 338 folders.
[2015.12.28-01.34.26:372][  0]LogContentBrowser: Native class hierarchy updated for 'WidgetCarousel' in 0.0005 seconds. Added 0 classes and 0 folders.
[2015.12.28-01.34.26:447][  0]LogContentBrowser: Native class hierarchy updated for 'AddContentDialog' in 0.0005 seconds. Added 0 classes and 0 folders.
[2015.12.28-01.34.26:451][  0]LogContentBrowser: Native class hierarchy updated for 'SceneOutliner' in 0.0004 seconds. Added 1 classes and 2 folders.
[2015.12.28-01.34.26:469][  0]LogContentBrowser: Native class hierarchy updated for 'WorldBrowser' in 0.0006 seconds. Added 1 classes and 3 folders.
[2015.12.28-01.34.26:474][  0]LogCrashTracker: Crashtracker disabled due to settings.
[2015.12.28-01.34.26:482][  0]LogUObjectGlobals:Warning: Failed to find object 'Class None.'
[2015.12.28-01.34.26:502][  0]LogLoad: Full Startup: 10.95 seconds (BP compile: 1.79 seconds)
[2015.12.28-01.34.26:851][  0]LogOcInput: Can't find Oculus library dev build: is proper Runtime installed? Version: 0.8.0.0
[2015.12.28-01.34.26:945][  0]LogContentStreaming: Texture pool size now 1000 MB
[2015.12.28-01.34.27:160][  0]LogRenderer: Reallocating scene render targets to support 828x516 (Frame:2).
[2015.12.28-01.34.31:466][ 13]LogAssetRegistry: Asset discovery search completed in 11.8642 seconds
[2015.12.28-01.34.31:466][ 13]LogCollectionManager: Rebuilt the object cache for 0 collections in 0.000001 seconds (found 0 objects)
[2015.12.28-01.34.31:466][ 13]LogCollectionManager: Fixed up redirectors for 0 collections in 0.000021 seconds (updated 0 objects)
[2015.12.28-01.34.54:787][480]LogLinker:Warning: Asset '../../../Engine/Content/ArtTools/RenderToTexture/Macros/RenderToTextureMacros.uasset' has been saved with empty engine version. The asset will be loaded but may be incompatible.
[2015.12.28-01.34.55:267][480]LogContentBrowser: Native class hierarchy updated for 'BlueprintGraph' in 0.0008 seconds. Added 107 classes and 0 folders.
[2015.12.28-01.35.15:229][770]BlueprintLog: New page: Compile VerticalSlicePersitantLevel
[2015.12.28-01.35.15:342][770]LogActorComponent: UnregisterComponent: (/Engine/Transient.CharMoveComp) Not registered. Aborting.
[2015.12.28-01.35.15:342][770]LogActorComponent: UnregisterComponent: (/Engine/Transient.ProjectileMovement_GEN_VARIABLE) Not registered. Aborting.
[2015.12.28-01.35.15:342][770]LogActorComponent: UnregisterComponent: (/Engine/Transient.CharacterMovementComponent_0) Not registered. Aborting.
[2015.12.28-01.35.15:342][770]LogActorComponent: UnregisterComponent: (/Engine/Transient.ProjectileMovementComponent_0) Not registered. Aborting.
[2015.12.28-01.35.15:476][770]BlueprintEditorCompileResults: Info [0059.93] Compile of VerticalSlicePersitantLevel successful! [in 246 ms]
[2015.12.28-01.35.16:891][931]LogBlueprintUserMessages: Early PlayInEditor Detection: Level '/Game/Maps/VerticalSlicePersitantLevel.VerticalSlicePersitantLevel:PersistentLevel' has LevelScriptBlueprint '/Game/Maps/VerticalSlicePersitantLevel.VerticalSlicePersitantLevel:PersistentLevel.VerticalSlicePersitantLevel' with GeneratedClass '/Game/Maps/VerticalSlicePersitantLevel.VerticalSlicePersitantLevel_C' with ClassGeneratedBy '/Game/Maps/VerticalSlicePersitantLevel.VerticalSlicePersitantLevel:PersistentLevel.VerticalSlicePersitantLevel'
[2015.12.28-01.35.16:891][931]LogBlueprintUserMessages: Early PlayInEditor Detection: Level '/Game/Maps/Plaza_Blockout.Plaza_Blockout:PersistentLevel' has LevelScriptBlueprint '/Game/Maps/Plaza_Blockout.Plaza_Blockout:PersistentLevel.Plaza_Blockout' with GeneratedClass '/Game/Maps/Plaza_Blockout.Plaza_Blockout_C' with ClassGeneratedBy '/Game/Maps/Plaza_Blockout.Plaza_Blockout:PersistentLevel.Plaza_Blockout'
[2015.12.28-01.35.16:891][931]LogBlueprintUserMessages: Early PlayInEditor Detection: Level '/Game/Maps/Basement_Blockout.Basement_Blockout:PersistentLevel' has LevelScriptBlueprint '/Game/Maps/Basement_Blockout.Basement_Blockout:PersistentLevel.Basement_Blockout' with GeneratedClass '/Game/Maps/Basement_Blockout.Basement_Blockout_C' with ClassGeneratedBy '/Game/Maps/Basement_Blockout.Basement_Blockout:PersistentLevel.Basement_Blockout'
[2015.12.28-01.35.16:891][931]LogBlueprintUserMessages: Early PlayInEditor Detection: Level '/Game/Maps/ThirdPersonExampleMap.ThirdPersonExampleMap:PersistentLevel' has LevelScriptBlueprint '/Game/Maps/ThirdPersonExampleMap.ThirdPersonExampleMap:PersistentLevel.ThirdPersonExampleMap' with GeneratedClass '/Game/Maps/ThirdPersonExampleMap.ThirdPersonExampleMap_C' with ClassGeneratedBy '/Game/Maps/ThirdPersonExampleMap.ThirdPersonExampleMap:PersistentLevel.ThirdPersonExampleMap'
[2015.12.28-01.35.16:891][931]LogPlayLevel: PlayLevel: No blueprints needed recompiling
[2015.12.28-01.35.16:892][931]PIE: New page: PIE session: VerticalSlicePersitantLevel (Dec 27, 2015, 9:35:16 AM)
[2015.12.28-01.35.16:892][931]LogPlayLevel: Creating play world package: /Game/Maps/UEDPIE_0_VerticalSlicePersitantLevel
[2015.12.28-01.35.16:912][931]LogPlayLevel: PIE: StaticDuplicateObject took: (0.020116s)
[2015.12.28-01.35.16:912][931]LogAIModule: Creating AISystem for world VerticalSlicePersitantLevel
[2015.12.28-01.35.16:913][931]LogPlayLevel: PIE: World Init took: (0.000609s)
[2015.12.28-01.35.16:913][931]LogPlayLevel: PIE: Created PIE world by copying editor world from /Game/Maps/VerticalSlicePersitantLevel.VerticalSlicePersitantLevel to /Game/Maps/UEDPIE_0_VerticalSlicePersitantLevel.VerticalSlicePersitantLevel (0.020970s)
[2015.12.28-01.35.16:948][931]LogInit: XAudio2 using 'Speakers (Realtek High Definition Audio)' : 2 channels at 48 kHz using 32 bits per sample (channel mask 0x3)
[2015.12.28-01.35.16:987][931]LogInit: FAudioDevice initialized.
[2015.12.28-01.35.17:080][931]LogWorld: Game class is '2dFlipBookGameMode_C'
[2015.12.28-01.35.17:084][931]LogWorld: Bringing World /Game/Maps/UEDPIE_0_VerticalSlicePersitantLevel.VerticalSlicePersitantLevel up for play (max tick rate 0) at 2015.12.27-17.35.17
[2015.12.28-01.35.17:084][931]LogActor:Warning: GameSession /Game/Maps/UEDPIE_0_VerticalSlicePersitantLevel.VerticalSlicePersitantLevel:PersistentLevel.GameSession_0 has natively added scene component(s), but none of them were set as the actor's RootComponent - picking one arbitrarily
[2015.12.28-01.35.17:084][931]LogActor:Warning: GameNetworkManager /Game/Maps/UEDPIE_0_VerticalSlicePersitantLevel.VerticalSlicePersitantLevel:PersistentLevel.GameNetworkManager_0 has natively added scene component(s), but none of them were set as the actor's RootComponent - picking one arbitrarily
[2015.12.28-01.35.17:085][931]LogWorld: Bringing up level for play took: 0.003443
[2015.12.28-01.35.17:090][931]LogLevel: ActivateLevel /Game/Maps/UEDPIE_0_Plaza_Blockout 1 1 1
[2015.12.28-01.35.17:104][931]PIE: Info Play in editor start time for /Game/Maps/UEDPIE_0_VerticalSlicePersitantLevel 0.67
[2015.12.28-01.35.17:105][931]LogBlueprintUserMessages: Late PlayInEditor Detection: Level '/Game/Maps/VerticalSlicePersitantLevel.VerticalSlicePersitantLevel:PersistentLevel' has LevelScriptBlueprint '/Game/Maps/VerticalSlicePersitantLevel.VerticalSlicePersitantLevel:PersistentLevel.VerticalSlicePersitantLevel' with GeneratedClass '/Game/Maps/VerticalSlicePersitantLevel.VerticalSlicePersitantLevel_C' with ClassGeneratedBy '/Game/Maps/VerticalSlicePersitantLevel.VerticalSlicePersitantLevel:PersistentLevel.VerticalSlicePersitantLevel'
[2015.12.28-01.35.17:105][931]LogBlueprintUserMessages: Late PlayInEditor Detection: Level '/Game/Maps/Plaza_Blockout.Plaza_Blockout:PersistentLevel' has LevelScriptBlueprint '/Game/Maps/Plaza_Blockout.Plaza_Blockout:PersistentLevel.Plaza_Blockout' with GeneratedClass '/Game/Maps/Plaza_Blockout.Plaza_Blockout_C' with ClassGeneratedBy '/Game/Maps/Plaza_Blockout.Plaza_Blockout:PersistentLevel.Plaza_Blockout'
[2015.12.28-01.35.17:105][931]LogBlueprintUserMessages: Late PlayInEditor Detection: Level '/Game/Maps/Basement_Blockout.Basement_Blockout:PersistentLevel' has LevelScriptBlueprint '/Game/Maps/Basement_Blockout.Basement_Blockout:PersistentLevel.Basement_Blockout' with GeneratedClass '/Game/Maps/Basement_Blockout.Basement_Blockout_C' with ClassGeneratedBy '/Game/Maps/Basement_Blockout.Basement_Blockout:PersistentLevel.Basement_Blockout'
[2015.12.28-01.35.17:105][931]LogBlueprintUserMessages: Late PlayInEditor Detection: Level '/Game/Maps/ThirdPersonExampleMap.ThirdPersonExampleMap:PersistentLevel' has LevelScriptBlueprint '/Game/Maps/ThirdPersonExampleMap.ThirdPersonExampleMap:PersistentLevel.ThirdPersonExampleMap' with GeneratedClass '/Game/Maps/ThirdPersonExampleMap.ThirdPersonExampleMap_C' with ClassGeneratedBy '/Game/Maps/ThirdPersonExampleMap.ThirdPersonExampleMap:PersistentLevel.ThirdPersonExampleMap'
[2015.12.28-01.35.17:202][931]LogWorld: PIE: Copying PIE streaming level from /Game/Maps/Plaza_Blockout.Plaza_Blockout to /Game/Maps/UEDPIE_0_Plaza_Blockout.Plaza_Blockout. OwningWorld: /Game/Maps/UEDPIE_0_VerticalSlicePersitantLevel.VerticalSlicePersitantLevel
[2015.12.28-01.35.17:223][932]LogRenderer: Reallocating scene render targets to support 2560x1440 (Frame:718).
[2015.12.28-01.35.17:229][932]LogRenderTargetPool:Warning: r.RenderTargetPoolMin exceeded 405/400 MB (ok in editor, bad on fixed memory platform)
[2015.12.28-01.35.17:663][953]LogNet: Browse: /game/maps/ScenicView_Blockout
[2015.12.28-01.35.17:683][953]LogLoad: LoadMap: /game/maps/ScenicView_Blockout
[2015.12.28-01.35.17:728][953]LogParticles: Destroying 0 GPU particle simulations for FXSystem 0x0000000025E11440
[2015.12.28-01.35.17:728][953]Cmd: MEM
[2015.12.28-01.35.17:758][953]LogMemory: Platform Memory Stats for Windows
[2015.12.28-01.35.17:758][953]LogMemory: Process Physical Memory: 877.81 MB used, 878.17 MB peak
[2015.12.28-01.35.17:758][953]LogMemory: Process Virtual Memory: 802.54 MB used, 806.36 MB peak
[2015.12.28-01.35.17:758][953]LogMemory: Physical Memory: 5736.69 MB used, 8109.12 MB total
[2015.12.28-01.35.17:758][953]LogMemory: Virtual Memory: 1439.94 MB used, 8388608.00 MB total
[2015.12.28-01.35.17:758][953]LogMemory: 
[2015.12.28-01.35.17:758][953]Allocator Stats for TBB: (not implemented)
[2015.12.28-01.35.18:464][953]LogAIModule: Creating AISystem for world ScenicView_Blockout
[2015.12.28-01.35.18:465][953]LogWorld: Game class is '2dFlipBookGameMode_C'
[2015.12.28-01.35.18:470][953]LogWorld: Bringing World /game/maps/UEDPIE_0_ScenicView_Blockout.ScenicView_Blockout up for play (max tick rate 0) at 2015.12.27-17.35.18
[2015.12.28-01.35.18:470][953]LogActor:Warning: GameSession /game/maps/UEDPIE_0_ScenicView_Blockout.ScenicView_Blockout:PersistentLevel.GameSession_1 has natively added scene component(s), but none of them were set as the actor's RootComponent - picking one arbitrarily
[2015.12.28-01.35.18:470][953]LogActor:Warning: GameNetworkManager /game/maps/UEDPIE_0_ScenicView_Blockout.ScenicView_Blockout:PersistentLevel.GameNetworkManager_1 has natively added scene component(s), but none of them were set as the actor's RootComponent - picking one arbitrarily
[2015.12.28-01.35.18:470][953]LogWorld: Bringing up level for play took: 0.004151
[2015.12.28-01.35.31:626][646]LogBlueprintUserMessages: Early EndPlayMap Detection: Level '/Game/Maps/VerticalSlicePersitantLevel.VerticalSlicePersitantLevel:PersistentLevel' has LevelScriptBlueprint '/Game/Maps/VerticalSlicePersitantLevel.VerticalSlicePersitantLevel:PersistentLevel.VerticalSlicePersitantLevel' with GeneratedClass '/Game/Maps/VerticalSlicePersitantLevel.VerticalSlicePersitantLevel_C' with ClassGeneratedBy '/Game/Maps/VerticalSlicePersitantLevel.VerticalSlicePersitantLevel:PersistentLevel.VerticalSlicePersitantLevel'
[2015.12.28-01.35.31:626][646]LogBlueprintUserMessages: Early EndPlayMap Detection: Level '/Game/Maps/Plaza_Blockout.Plaza_Blockout:PersistentLevel' has LevelScriptBlueprint '/Game/Maps/Plaza_Blockout.Plaza_Blockout:PersistentLevel.Plaza_Blockout' with GeneratedClass '/Game/Maps/Plaza_Blockout.Plaza_Blockout_C' with ClassGeneratedBy '/Game/Maps/Plaza_Blockout.Plaza_Blockout:PersistentLevel.Plaza_Blockout'
[2015.12.28-01.35.31:626][646]LogBlueprintUserMessages: Early EndPlayMap Detection: Level '/Game/Maps/Basement_Blockout.Basement_Blockout:PersistentLevel' has LevelScriptBlueprint '/Game/Maps/Basement_Blockout.Basement_Blockout:PersistentLevel.Basement_Blockout' with GeneratedClass '/Game/Maps/Basement_Blockout.Basement_Blockout_C' with ClassGeneratedBy '/Game/Maps/Basement_Blockout.Basement_Blockout:PersistentLevel.Basement_Blockout'
[2015.12.28-01.35.31:626][646]LogBlueprintUserMessages: Early EndPlayMap Detection: Level '/Game/Maps/ThirdPersonExampleMap.ThirdPersonExampleMap:PersistentLevel' has LevelScriptBlueprint '/Game/Maps/ThirdPersonExampleMap.ThirdPersonExampleMap:PersistentLevel.ThirdPersonExampleMap' with GeneratedClass '/Game/Maps/ThirdPersonExampleMap.ThirdPersonExampleMap_C' with ClassGeneratedBy '/Game/Maps/ThirdPersonExampleMap.ThirdPersonExampleMap:PersistentLevel.ThirdPersonExampleMap'
[2015.12.28-01.35.31:693][646]LogBlueprintUserMessages: Late EndPlayMap Detection: Level '/Game/Maps/VerticalSlicePersitantLevel.VerticalSlicePersitantLevel:PersistentLevel' has LevelScriptBlueprint '/Game/Maps/VerticalSlicePersitantLevel.VerticalSlicePersitantLevel:PersistentLevel.VerticalSlicePersitantLevel' with GeneratedClass '/Game/Maps/VerticalSlicePersitantLevel.VerticalSlicePersitantLevel_C' with ClassGeneratedBy '/Game/Maps/VerticalSlicePersitantLevel.VerticalSlicePersitantLevel:PersistentLevel.VerticalSlicePersitantLevel'
[2015.12.28-01.35.31:693][646]LogBlueprintUserMessages: Late EndPlayMap Detection: Level '/Game/Maps/Plaza_Blockout.Plaza_Blockout:PersistentLevel' has LevelScriptBlueprint '/Game/Maps/Plaza_Blockout.Plaza_Blockout:PersistentLevel.Plaza_Blockout' with GeneratedClass '/Game/Maps/Plaza_Blockout.Plaza_Blockout_C' with ClassGeneratedBy '/Game/Maps/Plaza_Blockout.Plaza_Blockout:PersistentLevel.Plaza_Blockout'
[2015.12.28-01.35.31:693][646]LogBlueprintUserMessages: Late EndPlayMap Detection: Level '/Game/Maps/Basement_Blockout.Basement_Blockout:PersistentLevel' has LevelScriptBlueprint '/Game/Maps/Basement_Blockout.Basement_Blockout:PersistentLevel.Basement_Blockout' with GeneratedClass '/Game/Maps/Basement_Blockout.Basement_Blockout_C' with ClassGeneratedBy '/Game/Maps/Basement_Blockout.Basement_Blockout:PersistentLevel.Basement_Blockout'
[2015.12.28-01.35.31:693][646]LogBlueprintUserMessages: Late EndPlayMap Detection: Level '/Game/Maps/ThirdPersonExampleMap.ThirdPersonExampleMap:PersistentLevel' has LevelScriptBlueprint '/Game/Maps/ThirdPersonExampleMap.ThirdPersonExampleMap:PersistentLevel.ThirdPersonExampleMap' with GeneratedClass '/Game/Maps/ThirdPersonExampleMap.ThirdPersonExampleMap_C' with ClassGeneratedBy '/Game/Maps/ThirdPersonExampleMap.ThirdPersonExampleMap:PersistentLevel.ThirdPersonExampleMap'
[2015.12.28-01.35.31:745][647]LogParticles: Destroying 0 GPU particle simulations for FXSystem 0x000000002DC5A0C0
[2015.12.28-01.35.32:500][710]LogRenderTargetPool:Warning: r.RenderTargetPoolMin exceeded 581/400 MB (ok in editor, bad on fixed memory platform)
[2015.12.28-01.35.39:709][565]BlueprintLog: New page: Compile VerticalSlicePersitantLevel
[2015.12.28-01.35.39:829][565]BlueprintEditorCompileResults: Info [0084.28] Compile of VerticalSlicePersitantLevel successful! [in 119 ms]
[2015.12.28-01.35.40:368][627]LogRenderTargetPool:Warning: r.RenderTargetPoolMin exceeded 581/400 MB (ok in editor, bad on fixed memory platform)
[2015.12.28-01.35.44:824][981]LogRenderTargetPool:Warning: r.RenderTargetPoolMin exceeded 581/400 MB (ok in editor, bad on fixed memory platform)
[2015.12.28-01.35.47:099][162]LogRenderTargetPool:Warning: r.RenderTargetPoolMin exceeded 581/400 MB (ok in editor, bad on fixed memory platform)
[2015.12.28-01.35.49:573][391]LogSavePackage: Save=228.602493ms
[2015.12.28-01.35.49:573][391]LogSavePackage: Moving '../../../../../../Users/Matt/Documents/GitHub/P3NGUIN/P3NGUIN/MyProject19/Saved/VerticalSlicePersitantLevel1F44BC0E4CCF8CA925EE77A499C6534C.tmp' to '../../../../../../Users/Matt/Documents/GitHub/P3NGUIN/P3NGUIN/MyProject19/Content/Maps/VerticalSlicePersitantLevel.umap'
[2015.12.28-01.35.49:577][391]LogSavePackage: Total save time: 266.964670ms
[2015.12.28-01.35.49:577][391]LogSavePackage:Display: Finished SavePackage ../../../../../../Users/Matt/Documents/GitHub/P3NGUIN/P3NGUIN/MyProject19/Content/Maps/VerticalSlicePersitantLevel.umap
[2015.12.28-01.35.49:658][391]LogFileHelpers: Saving map 'VerticalSlicePersitantLevel' took 0.498
[2015.12.28-01.35.50:064][437]LogRenderTargetPool:Warning: r.RenderTargetPoolMin exceeded 581/400 MB (ok in editor, bad on fixed memory platform)
[2015.12.28-01.35.50:166][449]LogRenderTargetPool:Warning: r.RenderTargetPoolMin exceeded 581/400 MB (ok in editor, bad on fixed memory platform)
[2015.12.28-01.35.51:380][543]LogBlueprintUserMessages: Early PlayInEditor Detection: Level '/Game/Maps/VerticalSlicePersitantLevel.VerticalSlicePersitantLevel:PersistentLevel' has LevelScriptBlueprint '/Game/Maps/VerticalSlicePersitantLevel.VerticalSlicePersitantLevel:PersistentLevel.VerticalSlicePersitantLevel' with GeneratedClass '/Game/Maps/VerticalSlicePersitantLevel.VerticalSlicePersitantLevel_C' with ClassGeneratedBy '/Game/Maps/VerticalSlicePersitantLevel.VerticalSlicePersitantLevel:PersistentLevel.VerticalSlicePersitantLevel'
[2015.12.28-01.35.51:381][543]LogBlueprintUserMessages: Early PlayInEditor Detection: Level '/Game/Maps/Plaza_Blockout.Plaza_Blockout:PersistentLevel' has LevelScriptBlueprint '/Game/Maps/Plaza_Blockout.Plaza_Blockout:PersistentLevel.Plaza_Blockout' with GeneratedClass '/Game/Maps/Plaza_Blockout.Plaza_Blockout_C' with ClassGeneratedBy '/Game/Maps/Plaza_Blockout.Plaza_Blockout:PersistentLevel.Plaza_Blockout'
[2015.12.28-01.35.51:381][543]LogBlueprintUserMessages: Early PlayInEditor Detection: Level '/Game/Maps/Basement_Blockout.Basement_Blockout:PersistentLevel' has LevelScriptBlueprint '/Game/Maps/Basement_Blockout.Basement_Blockout:PersistentLevel.Basement_Blockout' with GeneratedClass '/Game/Maps/Basement_Blockout.Basement_Blockout_C' with ClassGeneratedBy '/Game/Maps/Basement_Blockout.Basement_Blockout:PersistentLevel.Basement_Blockout'
[2015.12.28-01.35.51:381][543]LogBlueprintUserMessages: Early PlayInEditor Detection: Level '/Game/Maps/ThirdPersonExampleMap.ThirdPersonExampleMap:PersistentLevel' has LevelScriptBlueprint '/Game/Maps/ThirdPersonExampleMap.ThirdPersonExampleMap:PersistentLevel.ThirdPersonExampleMap' with GeneratedClass '/Game/Maps/ThirdPersonExampleMap.ThirdPersonExampleMap_C' with ClassGeneratedBy '/Game/Maps/ThirdPersonExampleMap.ThirdPersonExampleMap:PersistentLevel.ThirdPersonExampleMap'
[2015.12.28-01.35.51:381][543]LogPlayLevel: PlayLevel: No blueprints needed recompiling
[2015.12.28-01.35.51:381][543]PIE: New page: PIE session: VerticalSlicePersitantLevel (Dec 27, 2015, 9:35:51 AM)
[2015.12.28-01.35.51:381][543]LogPlayLevel: Creating play world package: /Game/Maps/UEDPIE_0_VerticalSlicePersitantLevel
[2015.12.28-01.35.51:402][543]LogPlayLevel: PIE: StaticDuplicateObject took: (0.021345s)
[2015.12.28-01.35.51:403][543]LogAIModule: Creating AISystem for world VerticalSlicePersitantLevel
[2015.12.28-01.35.51:403][543]LogPlayLevel: PIE: World Init took: (0.000733s)
[2015.12.28-01.35.51:403][543]LogPlayLevel: PIE: Created PIE world by copying editor world from /Game/Maps/VerticalSlicePersitantLevel.VerticalSlicePersitantLevel to /Game/Maps/UEDPIE_0_VerticalSlicePersitantLevel.VerticalSlicePersitantLevel (0.022329s)
[2015.12.28-01.35.51:438][543]LogInit: XAudio2 using 'Speakers (Realtek High Definition Audio)' : 2 channels at 48 kHz using 32 bits per sample (channel mask 0x3)
[2015.12.28-01.35.51:476][543]LogInit: FAudioDevice initialized.
[2015.12.28-01.35.51:553][543]LogWorld: Game class is '2dFlipBookGameMode_C'
[2015.12.28-01.35.51:556][543]LogWorld: Bringing World /Game/Maps/UEDPIE_0_VerticalSlicePersitantLevel.VerticalSlicePersitantLevel up for play (max tick rate 0) at 2015.12.27-17.35.51
[2015.12.28-01.35.51:556][543]LogActor:Warning: GameSession /Game/Maps/UEDPIE_0_VerticalSlicePersitantLevel.VerticalSlicePersitantLevel:PersistentLevel.GameSession_2 has natively added scene component(s), but none of them were set as the actor's RootComponent - picking one arbitrarily
[2015.12.28-01.35.51:557][543]LogActor:Warning: GameNetworkManager /Game/Maps/UEDPIE_0_VerticalSlicePersitantLevel.VerticalSlicePersitantLevel:PersistentLevel.GameNetworkManager_2 has natively added scene component(s), but none of them were set as the actor's RootComponent - picking one arbitrarily
[2015.12.28-01.35.51:557][543]LogWorld: Bringing up level for play took: 0.002598
[2015.12.28-01.35.51:562][543]LogLevel: ActivateLevel /Game/Maps/UEDPIE_0_Plaza_Blockout 1 1 1
[2015.12.28-01.35.51:577][543]PIE: Info Play in editor start time for /Game/Maps/UEDPIE_0_VerticalSlicePersitantLevel 1.141
[2015.12.28-01.35.51:577][543]LogBlueprintUserMessages: Late PlayInEditor Detection: Level '/Game/Maps/VerticalSlicePersitantLevel.VerticalSlicePersitantLevel:PersistentLevel' has LevelScriptBlueprint '/Game/Maps/VerticalSlicePersitantLevel.VerticalSlicePersitantLevel:PersistentLevel.VerticalSlicePersitantLevel' with GeneratedClass '/Game/Maps/VerticalSlicePersitantLevel.VerticalSlicePersitantLevel_C' with ClassGeneratedBy '/Game/Maps/VerticalSlicePersitantLevel.VerticalSlicePersitantLevel:PersistentLevel.VerticalSlicePersitantLevel'
[2015.12.28-01.35.51:577][543]LogBlueprintUserMessages: Late PlayInEditor Detection: Level '/Game/Maps/Plaza_Blockout.Plaza_Blockout:PersistentLevel' has LevelScriptBlueprint '/Game/Maps/Plaza_Blockout.Plaza_Blockout:PersistentLevel.Plaza_Blockout' with GeneratedClass '/Game/Maps/Plaza_Blockout.Plaza_Blockout_C' with ClassGeneratedBy '/Game/Maps/Plaza_Blockout.Plaza_Blockout:PersistentLevel.Plaza_Blockout'
[2015.12.28-01.35.51:577][543]LogBlueprintUserMessages: Late PlayInEditor Detection: Level '/Game/Maps/Basement_Blockout.Basement_Blockout:PersistentLevel' has LevelScriptBlueprint '/Game/Maps/Basement_Blockout.Basement_Blockout:PersistentLevel.Basement_Blockout' with GeneratedClass '/Game/Maps/Basement_Blockout.Basement_Blockout_C' with ClassGeneratedBy '/Game/Maps/Basement_Blockout.Basement_Blockout:PersistentLevel.Basement_Blockout'
[2015.12.28-01.35.51:577][543]LogBlueprintUserMessages: Late PlayInEditor Detection: Level '/Game/Maps/ThirdPersonExampleMap.ThirdPersonExampleMap:PersistentLevel' has LevelScriptBlueprint '/Game/Maps/ThirdPersonExampleMap.ThirdPersonExampleMap:PersistentLevel.ThirdPersonExampleMap' with GeneratedClass '/Game/Maps/ThirdPersonExampleMap.ThirdPersonExampleMap_C' with ClassGeneratedBy '/Game/Maps/ThirdPersonExampleMap.ThirdPersonExampleMap:PersistentLevel.ThirdPersonExampleMap'
[2015.12.28-01.35.51:682][543]LogWorld: PIE: Copying PIE streaming level from /Game/Maps/Plaza_Blockout.Plaza_Blockout to /Game/Maps/UEDPIE_0_Plaza_Blockout.Plaza_Blockout. OwningWorld: /Game/Maps/UEDPIE_0_VerticalSlicePersitantLevel.VerticalSlicePersitantLevel
[2015.12.28-01.35.51:699][544]LogRenderTargetPool:Warning: r.RenderTargetPoolMin exceeded 582/400 MB (ok in editor, bad on fixed memory platform)
[2015.12.28-01.35.52:243][572]LogNet: Browse: /game/maps/universalpersistant
[2015.12.28-01.35.52:263][572]LogLoad: LoadMap: /game/maps/universalpersistant
[2015.12.28-01.35.52:300][572]LogParticles: Destroying 0 GPU particle simulations for FXSystem 0x0000000037594720
[2015.12.28-01.35.52:308][572]Cmd: MEM
[2015.12.28-01.35.52:337][572]LogMemory: Platform Memory Stats for Windows
[2015.12.28-01.35.52:337][572]LogMemory: Process Physical Memory: 980.54 MB used, 982.85 MB peak
[2015.12.28-01.35.52:337][572]LogMemory: Process Virtual Memory: 906.80 MB used, 907.81 MB peak
[2015.12.28-01.35.52:337][572]LogMemory: Physical Memory: 5830.15 MB used, 8109.12 MB total
[2015.12.28-01.35.52:337][572]LogMemory: Virtual Memory: 1533.75 MB used, 8388608.00 MB total
[2015.12.28-01.35.52:337][572]LogMemory: 
[2015.12.28-01.35.52:337][572]Allocator Stats for TBB: (not implemented)
[2015.12.28-01.35.52:374][572]LogLinker:Warning: Asset '../../../../../../Users/Matt/Documents/GitHub/P3NGUIN/P3NGUIN/MyProject19/Content/Mannequin/Animations/ThirdPerson_AnimBP.uasset' has been saved with empty engine version. The asset will be loaded but may be incompatible.
[2015.12.28-01.35.52:376][572]LogLinker:Warning: Asset '../../../../../../Users/Matt/Documents/GitHub/P3NGUIN/P3NGUIN/MyProject19/Content/Mannequin/Animations/ThirdPerson_Jump.uasset' has been saved with empty engine version. The asset will be loaded but may be incompatible.
[2015.12.28-01.35.52:377][572]LogLinker:Warning: Asset '../../../../../../Users/Matt/Documents/GitHub/P3NGUIN/P3NGUIN/MyProject19/Content/Mannequin/Animations/ThirdPersonJump_Loop.uasset' has been saved with empty engine version. The asset will be loaded but may be incompatible.
[2015.12.28-01.35.52:378][572]LogLinker:Warning: Asset '../../../../../../Users/Matt/Documents/GitHub/P3NGUIN/P3NGUIN/MyProject19/Content/Mannequin/Animations/ThirdPersonJump_Start.uasset' has been saved with empty engine version. The asset will be loaded but may be incompatible.
[2015.12.28-01.35.52:379][572]LogLinker:Warning: Asset '../../../../../../Users/Matt/Documents/GitHub/P3NGUIN/P3NGUIN/MyProject19/Content/Mannequin/Animations/ThirdPerson_IdleRun_2D.uasset' has been saved with empty engine version. The asset will be loaded but may be incompatible.
[2015.12.28-01.35.52:380][572]LogLinker:Warning: Asset '../../../../../../Users/Matt/Documents/GitHub/P3NGUIN/P3NGUIN/MyProject19/Content/Mannequin/Animations/ThirdPersonIdle.uasset' has been saved with empty engine version. The asset will be loaded but may be incompatible.
[2015.12.28-01.35.52:381][572]LogLinker:Warning: Asset '../../../../../../Users/Matt/Documents/GitHub/P3NGUIN/P3NGUIN/MyProject19/Content/Mannequin/Animations/ThirdPersonRun.uasset' has been saved with empty engine version. The asset will be loaded but may be incompatible.
[2015.12.28-01.35.52:381][572]LogLinker:Warning: Asset '../../../../../../Users/Matt/Documents/GitHub/P3NGUIN/P3NGUIN/MyProject19/Content/Mannequin/Animations/ThirdPersonWalk.uasset' has been saved with empty engine version. The asset will be loaded but may be incompatible.
[2015.12.28-01.35.52:639][572]LogAIModule: Creating AISystem for world UniversalPersistant
[2015.12.28-01.35.52:640][572]LogWorld: Game class is '2dFlipBookGameMode_C'
[2015.12.28-01.35.52:643][572]LogWorld: Bringing World /game/maps/UEDPIE_0_universalpersistant.UniversalPersistant up for play (max tick rate 0) at 2015.12.27-17.35.52
[2015.12.28-01.35.52:643][572]LogActor:Warning: GameSession /game/maps/UEDPIE_0_universalpersistant.UniversalPersistant:PersistentLevel.GameSession_3 has natively added scene component(s), but none of them were set as the actor's RootComponent - picking one arbitrarily
[2015.12.28-01.35.52:643][572]LogActor:Warning: GameNetworkManager /game/maps/UEDPIE_0_universalpersistant.UniversalPersistant:PersistentLevel.GameNetworkManager_3 has natively added scene component(s), but none of them were set as the actor's RootComponent - picking one arbitrarily
[2015.12.28-01.35.52:644][572]LogWorld: Bringing up level for play took: 0.002642
[2015.12.28-01.35.52:648][572]LogLevel: ActivateLevel /Game/Maps/UEDPIE_0_Plaza_Blockout 1 1 1
[2015.12.28-01.35.52:743][572]LogWorld: PIE: Copying PIE streaming level from /Game/Maps/Plaza_Blockout.Plaza_Blockout to /Game/Maps/UEDPIE_0_Plaza_Blockout.Plaza_Blockout. OwningWorld: /game/maps/UEDPIE_0_universalpersistant.UniversalPersistant
[2015.12.28-01.35.54:030][638]LogBlueprintUserMessages: Early EndPlayMap Detection: Level '/Game/Maps/VerticalSlicePersitantLevel.VerticalSlicePersitantLevel:PersistentLevel' has LevelScriptBlueprint '/Game/Maps/VerticalSlicePersitantLevel.VerticalSlicePersitantLevel:PersistentLevel.VerticalSlicePersitantLevel' with GeneratedClass '/Game/Maps/VerticalSlicePersitantLevel.VerticalSlicePersitantLevel_C' with ClassGeneratedBy '/Game/Maps/VerticalSlicePersitantLevel.VerticalSlicePersitantLevel:PersistentLevel.VerticalSlicePersitantLevel'
[2015.12.28-01.35.54:030][638]LogBlueprintUserMessages: Early EndPlayMap Detection: Level '/Game/Maps/Plaza_Blockout.Plaza_Blockout:PersistentLevel' has LevelScriptBlueprint '/Game/Maps/Plaza_Blockout.Plaza_Blockout:PersistentLevel.Plaza_Blockout' with GeneratedClass '/Game/Maps/Plaza_Blockout.Plaza_Blockout_C' with ClassGeneratedBy '/Game/Maps/Plaza_Blockout.Plaza_Blockout:PersistentLevel.Plaza_Blockout'
[2015.12.28-01.35.54:031][638]LogBlueprintUserMessages: Early EndPlayMap Detection: Level '/Game/Maps/Basement_Blockout.Basement_Blockout:PersistentLevel' has LevelScriptBlueprint '/Game/Maps/Basement_Blockout.Basement_Blockout:PersistentLevel.Basement_Blockout' with GeneratedClass '/Game/Maps/Basement_Blockout.Basement_Blockout_C' with ClassGeneratedBy '/Game/Maps/Basement_Blockout.Basement_Blockout:PersistentLevel.Basement_Blockout'
[2015.12.28-01.35.54:031][638]LogBlueprintUserMessages: Early EndPlayMap Detection: Level '/Game/Maps/ThirdPersonExampleMap.ThirdPersonExampleMap:PersistentLevel' has LevelScriptBlueprint '/Game/Maps/ThirdPersonExampleMap.ThirdPersonExampleMap:PersistentLevel.ThirdPersonExampleMap' with GeneratedClass '/Game/Maps/ThirdPersonExampleMap.ThirdPersonExampleMap_C' with ClassGeneratedBy '/Game/Maps/ThirdPersonExampleMap.ThirdPersonExampleMap:PersistentLevel.ThirdPersonExampleMap'
[2015.12.28-01.35.54:107][638]LogBlueprintUserMessages: Late EndPlayMap Detection: Level '/Game/Maps/VerticalSlicePersitantLevel.VerticalSlicePersitantLevel:PersistentLevel' has LevelScriptBlueprint '/Game/Maps/VerticalSlicePersitantLevel.VerticalSlicePersitantLevel:PersistentLevel.VerticalSlicePersitantLevel' with GeneratedClass '/Game/Maps/VerticalSlicePersitantLevel.VerticalSlicePersitantLevel_C' with ClassGeneratedBy '/Game/Maps/VerticalSlicePersitantLevel.VerticalSlicePersitantLevel:PersistentLevel.VerticalSlicePersitantLevel'
[2015.12.28-01.35.54:107][638]LogBlueprintUserMessages: Late EndPlayMap Detection: Level '/Game/Maps/Plaza_Blockout.Plaza_Blockout:PersistentLevel' has LevelScriptBlueprint '/Game/Maps/Plaza_Blockout.Plaza_Blockout:PersistentLevel.Plaza_Blockout' with GeneratedClass '/Game/Maps/Plaza_Blockout.Plaza_Blockout_C' with ClassGeneratedBy '/Game/Maps/Plaza_Blockout.Plaza_Blockout:PersistentLevel.Plaza_Blockout'
[2015.12.28-01.35.54:107][638]LogBlueprintUserMessages: Late EndPlayMap Detection: Level '/Game/Maps/Basement_Blockout.Basement_Blockout:PersistentLevel' has LevelScriptBlueprint '/Game/Maps/Basement_Blockout.Basement_Blockout:PersistentLevel.Basement_Blockout' with GeneratedClass '/Game/Maps/Basement_Blockout.Basement_Blockout_C' with ClassGeneratedBy '/Game/Maps/Basement_Blockout.Basement_Blockout:PersistentLevel.Basement_Blockout'
[2015.12.28-01.35.54:107][638]LogBlueprintUserMessages: Late EndPlayMap Detection: Level '/Game/Maps/ThirdPersonExampleMap.ThirdPersonExampleMap:PersistentLevel' has LevelScriptBlueprint '/Game/Maps/ThirdPersonExampleMap.ThirdPersonExampleMap:PersistentLevel.ThirdPersonExampleMap' with GeneratedClass '/Game/Maps/ThirdPersonExampleMap.ThirdPersonExampleMap_C' with ClassGeneratedBy '/Game/Maps/ThirdPersonExampleMap.ThirdPersonExampleMap:PersistentLevel.ThirdPersonExampleMap'
[2015.12.28-01.35.54:172][639]LogParticles: Destroying 0 GPU particle simulations for FXSystem 0x0000000026D45940
[2015.12.28-01.37.15:981][ 98]LogRenderTargetPool:Warning: r.RenderTargetPoolMin exceeded 581/400 MB (ok in editor, bad on fixed memory platform)
[2015.12.28-01.37.18:508][334]LogRenderTargetPool:Warning: r.RenderTargetPoolMin exceeded 581/400 MB (ok in editor, bad on fixed memory platform)
[2015.12.28-01.37.19:991][454]LogRenderTargetPool:Warning: r.RenderTargetPoolMin exceeded 581/400 MB (ok in editor, bad on fixed memory platform)
[2015.12.28-01.37.21:902][673]BlueprintLog: New page: Compile VerticalSlicePersitantLevel
[2015.12.28-01.37.22:019][673]BlueprintEditorCompileResults: Info [0186.47] Compile of VerticalSlicePersitantLevel successful! [in 117 ms]
[2015.12.28-01.37.22:441][722]LogRenderTargetPool:Warning: r.RenderTargetPoolMin exceeded 581/400 MB (ok in editor, bad on fixed memory platform)
[2015.12.28-01.37.24:130][849]LogSavePackage: Save=218.771423ms
[2015.12.28-01.37.24:130][849]LogSavePackage: Moving '../../../../../../Users/Matt/Documents/GitHub/P3NGUIN/P3NGUIN/MyProject19/Saved/VerticalSlicePersitantLevel0550DC35452D8AD0BC7D9DAE6A4B956F.tmp' to '../../../../../../Users/Matt/Documents/GitHub/P3NGUIN/P3NGUIN/MyProject19/Content/Maps/VerticalSlicePersitantLevel.umap'
[2015.12.28-01.37.24:148][849]LogSavePackage: Total save time: 267.381154ms
[2015.12.28-01.37.24:148][849]LogSavePackage:Display: Finished SavePackage ../../../../../../Users/Matt/Documents/GitHub/P3NGUIN/P3NGUIN/MyProject19/Content/Maps/VerticalSlicePersitantLevel.umap
[2015.12.28-01.37.24:227][849]LogFileHelpers: Saving map 'VerticalSlicePersitantLevel' took 0.498
[2015.12.28-01.37.24:257][852]LogRenderTargetPool:Warning: r.RenderTargetPoolMin exceeded 581/400 MB (ok in editor, bad on fixed memory platform)
[2015.12.28-02.23.17:229][131]LogRenderTargetPool:Warning: r.RenderTargetPoolMin exceeded 581/400 MB (ok in editor, bad on fixed memory platform)
[2015.12.28-02.23.26:557][836]LogEditorViewport: Clicking on Actor (LMB): MapTransitionVolume_C (MapTransitionVolume)
[2015.12.28-02.23.31:788][207]Cmd: CAMERA ALIGN ACTIVEVIEWPORTONLY
[2015.12.28-02.23.54:941][932]LogEditorViewport: Clicking Background
[2015.12.28-02.24.04:952][668]LogSavePackage: Save=743.207703ms
[2015.12.28-02.24.04:952][668]LogSavePackage: Moving '../../../../../../Users/Matt/Documents/GitHub/P3NGUIN/P3NGUIN/MyProject19/Saved/Plaza_BlockoutAD927D704A448990C51D7DA8497233BD.tmp' to '../../../../../../Users/Matt/Documents/GitHub/P3NGUIN/P3NGUIN/MyProject19/Content/Maps/Plaza_Blockout.umap'
[2015.12.28-02.24.04:958][668]LogSavePackage: Total save time: 785.308991ms
[2015.12.28-02.24.04:958][668]LogSavePackage:Display: Finished SavePackage ../../../../../../Users/Matt/Documents/GitHub/P3NGUIN/P3NGUIN/MyProject19/Content/Maps/Plaza_Blockout.umap
[2015.12.28-02.24.04:959][668]LogFileHelpers: Saving map 'Plaza_Blockout' took 1.029
[2015.12.28-02.24.04:985][671]LogRenderTargetPool:Warning: r.RenderTargetPoolMin exceeded 581/400 MB (ok in editor, bad on fixed memory platform)
[2015.12.28-02.24.05:592][721]LogRenderTargetPool:Warning: r.RenderTargetPoolMin exceeded 581/400 MB (ok in editor, bad on fixed memory platform)
[2015.12.28-02.24.07:662][958]LogRenderTargetPool:Warning: r.RenderTargetPoolMin exceeded 581/400 MB (ok in editor, bad on fixed memory platform)
[2015.12.28-02.24.08:554][ 34]LogRenderTargetPool:Warning: r.RenderTargetPoolMin exceeded 581/400 MB (ok in editor, bad on fixed memory platform)
[2015.12.28-02.24.17:830][ 83]LogRenderTargetPool:Warning: r.RenderTargetPoolMin exceeded 581/400 MB (ok in editor, bad on fixed memory platform)
[2015.12.28-02.24.19:447][214]LogRenderTargetPool:Warning: r.RenderTargetPoolMin exceeded 581/400 MB (ok in editor, bad on fixed memory platform)
[2015.12.28-02.24.21:602][390]LogRenderTargetPool:Warning: r.RenderTargetPoolMin exceeded 581/400 MB (ok in editor, bad on fixed memory platform)
[2015.12.28-02.24.30:060][393]BlueprintLog: New page: Compile VerticalSlicePersitantLevel
[2015.12.28-02.24.30:198][393]BlueprintEditorCompileResults: Info [3014.60] Compile of VerticalSlicePersitantLevel successful! [in 137 ms]
[2015.12.28-02.24.30:592][438]LogRenderTargetPool:Warning: r.RenderTargetPoolMin exceeded 581/400 MB (ok in editor, bad on fixed memory platform)
[2015.12.28-02.24.32:464][576]LogSavePackage: Save=238.791107ms
[2015.12.28-02.24.32:464][576]LogSavePackage: Moving '../../../../../../Users/Matt/Documents/GitHub/P3NGUIN/P3NGUIN/MyProject19/Saved/VerticalSlicePersitantLevel11292EF74E7BB682903C8486C5DB1C55.tmp' to '../../../../../../Users/Matt/Documents/GitHub/P3NGUIN/P3NGUIN/MyProject19/Content/Maps/VerticalSlicePersitantLevel.umap'
[2015.12.28-02.24.32:469][576]LogSavePackage: Total save time: 275.859479ms
[2015.12.28-02.24.32:469][576]LogSavePackage:Display: Finished SavePackage ../../../../../../Users/Matt/Documents/GitHub/P3NGUIN/P3NGUIN/MyProject19/Content/Maps/VerticalSlicePersitantLevel.umap
[2015.12.28-02.24.32:550][576]LogFileHelpers: Saving map 'VerticalSlicePersitantLevel' took 0.603
[2015.12.28-02.24.32:575][577]LogRenderTargetPool:Warning: r.RenderTargetPoolMin exceeded 581/400 MB (ok in editor, bad on fixed memory platform)
[2015.12.28-02.24.33:001][614]MapCheck: New page: Map Check
[2015.12.28-02.24.35:211][617]LogRenderTargetPool:Warning: r.RenderTargetPoolMin exceeded 595/400 MB (ok in editor, bad on fixed memory platform)
[2015.12.28-02.24.36:078][686]LogBlueprintUserMessages: Early PlayInEditor Detection: Level '/Game/Maps/VerticalSlicePersitantLevel.VerticalSlicePersitantLevel:PersistentLevel' has LevelScriptBlueprint '/Game/Maps/VerticalSlicePersitantLevel.VerticalSlicePersitantLevel:PersistentLevel.VerticalSlicePersitantLevel' with GeneratedClass '/Game/Maps/VerticalSlicePersitantLevel.VerticalSlicePersitantLevel_C' with ClassGeneratedBy '/Game/Maps/VerticalSlicePersitantLevel.VerticalSlicePersitantLevel:PersistentLevel.VerticalSlicePersitantLevel'
[2015.12.28-02.24.36:078][686]LogBlueprintUserMessages: Early PlayInEditor Detection: Level '/Game/Maps/Plaza_Blockout.Plaza_Blockout:PersistentLevel' has LevelScriptBlueprint '/Game/Maps/Plaza_Blockout.Plaza_Blockout:PersistentLevel.Plaza_Blockout' with GeneratedClass '/Game/Maps/Plaza_Blockout.Plaza_Blockout_C' with ClassGeneratedBy '/Game/Maps/Plaza_Blockout.Plaza_Blockout:PersistentLevel.Plaza_Blockout'
[2015.12.28-02.24.36:078][686]LogBlueprintUserMessages: Early PlayInEditor Detection: Level '/Game/Maps/Basement_Blockout.Basement_Blockout:PersistentLevel' has LevelScriptBlueprint '/Game/Maps/Basement_Blockout.Basement_Blockout:PersistentLevel.Basement_Blockout' with GeneratedClass '/Game/Maps/Basement_Blockout.Basement_Blockout_C' with ClassGeneratedBy '/Game/Maps/Basement_Blockout.Basement_Blockout:PersistentLevel.Basement_Blockout'
[2015.12.28-02.24.36:078][686]LogBlueprintUserMessages: Early PlayInEditor Detection: Level '/Game/Maps/ThirdPersonExampleMap.ThirdPersonExampleMap:PersistentLevel' has LevelScriptBlueprint '/Game/Maps/ThirdPersonExampleMap.ThirdPersonExampleMap:PersistentLevel.ThirdPersonExampleMap' with GeneratedClass '/Game/Maps/ThirdPersonExampleMap.ThirdPersonExampleMap_C' with ClassGeneratedBy '/Game/Maps/ThirdPersonExampleMap.ThirdPersonExampleMap:PersistentLevel.ThirdPersonExampleMap'
[2015.12.28-02.24.36:078][686]LogPlayLevel: PlayLevel: No blueprints needed recompiling
[2015.12.28-02.24.36:079][686]PIE: New page: PIE session: VerticalSlicePersitantLevel (Dec 27, 2015, 10:24:36 AM)
[2015.12.28-02.24.36:079][686]LogPlayLevel: Creating play world package: /Game/Maps/UEDPIE_0_VerticalSlicePersitantLevel
[2015.12.28-02.24.36:100][686]LogPlayLevel: PIE: StaticDuplicateObject took: (0.021451s)
[2015.12.28-02.24.36:101][686]LogAIModule: Creating AISystem for world VerticalSlicePersitantLevel
[2015.12.28-02.24.36:101][686]LogPlayLevel: PIE: World Init took: (0.000674s)
[2015.12.28-02.24.36:101][686]LogPlayLevel: PIE: Created PIE world by copying editor world from /Game/Maps/VerticalSlicePersitantLevel.VerticalSlicePersitantLevel to /Game/Maps/UEDPIE_0_VerticalSlicePersitantLevel.VerticalSlicePersitantLevel (0.022366s)
[2015.12.28-02.24.36:137][686]LogInit: XAudio2 using 'Speakers (Realtek High Definition Audio)' : 2 channels at 48 kHz using 32 bits per sample (channel mask 0x3)
[2015.12.28-02.24.36:176][686]LogInit: FAudioDevice initialized.
[2015.12.28-02.24.36:256][686]LogWorld: Game class is '2dFlipBookGameMode_C'
[2015.12.28-02.24.36:260][686]LogWorld: Bringing World /Game/Maps/UEDPIE_0_VerticalSlicePersitantLevel.VerticalSlicePersitantLevel up for play (max tick rate 0) at 2015.12.27-18.24.36
[2015.12.28-02.24.36:260][686]LogActor:Warning: GameSession /Game/Maps/UEDPIE_0_VerticalSlicePersitantLevel.VerticalSlicePersitantLevel:PersistentLevel.GameSession_4 has natively added scene component(s), but none of them were set as the actor's RootComponent - picking one arbitrarily
[2015.12.28-02.24.36:260][686]LogActor:Warning: GameNetworkManager /Game/Maps/UEDPIE_0_VerticalSlicePersitantLevel.VerticalSlicePersitantLevel:PersistentLevel.GameNetworkManager_4 has natively added scene component(s), but none of them were set as the actor's RootComponent - picking one arbitrarily
[2015.12.28-02.24.36:261][686]LogWorld: Bringing up level for play took: 0.002986
[2015.12.28-02.24.36:265][686]LogLevel: ActivateLevel /Game/Maps/UEDPIE_0_Plaza_Blockout 1 1 1
[2015.12.28-02.24.36:284][686]PIE: Info Play in editor start time for /Game/Maps/UEDPIE_0_VerticalSlicePersitantLevel -0.194
[2015.12.28-02.24.36:284][686]LogBlueprintUserMessages: Late PlayInEditor Detection: Level '/Game/Maps/VerticalSlicePersitantLevel.VerticalSlicePersitantLevel:PersistentLevel' has LevelScriptBlueprint '/Game/Maps/VerticalSlicePersitantLevel.VerticalSlicePersitantLevel:PersistentLevel.VerticalSlicePersitantLevel' with GeneratedClass '/Game/Maps/VerticalSlicePersitantLevel.VerticalSlicePersitantLevel_C' with ClassGeneratedBy '/Game/Maps/VerticalSlicePersitantLevel.VerticalSlicePersitantLevel:PersistentLevel.VerticalSlicePersitantLevel'
[2015.12.28-02.24.36:284][686]LogBlueprintUserMessages: Late PlayInEditor Detection: Level '/Game/Maps/Plaza_Blockout.Plaza_Blockout:PersistentLevel' has LevelScriptBlueprint '/Game/Maps/Plaza_Blockout.Plaza_Blockout:PersistentLevel.Plaza_Blockout' with GeneratedClass '/Game/Maps/Plaza_Blockout.Plaza_Blockout_C' with ClassGeneratedBy '/Game/Maps/Plaza_Blockout.Plaza_Blockout:PersistentLevel.Plaza_Blockout'
[2015.12.28-02.24.36:285][686]LogBlueprintUserMessages: Late PlayInEditor Detection: Level '/Game/Maps/Basement_Blockout.Basement_Blockout:PersistentLevel' has LevelScriptBlueprint '/Game/Maps/Basement_Blockout.Basement_Blockout:PersistentLevel.Basement_Blockout' with GeneratedClass '/Game/Maps/Basement_Blockout.Basement_Blockout_C' with ClassGeneratedBy '/Game/Maps/Basement_Blockout.Basement_Blockout:PersistentLevel.Basement_Blockout'
[2015.12.28-02.24.36:285][686]LogBlueprintUserMessages: Late PlayInEditor Detection: Level '/Game/Maps/ThirdPersonExampleMap.ThirdPersonExampleMap:PersistentLevel' has LevelScriptBlueprint '/Game/Maps/ThirdPersonExampleMap.ThirdPersonExampleMap:PersistentLevel.ThirdPersonExampleMap' with GeneratedClass '/Game/Maps/ThirdPersonExampleMap.ThirdPersonExampleMap_C' with ClassGeneratedBy '/Game/Maps/ThirdPersonExampleMap.ThirdPersonExampleMap:PersistentLevel.ThirdPersonExampleMap'
[2015.12.28-02.24.36:384][686]LogWorld: PIE: Copying PIE streaming level from /Game/Maps/Plaza_Blockout.Plaza_Blockout to /Game/Maps/UEDPIE_0_Plaza_Blockout.Plaza_Blockout. OwningWorld: /Game/Maps/UEDPIE_0_VerticalSlicePersitantLevel.VerticalSlicePersitantLevel
[2015.12.28-02.24.36:401][687]LogRenderTargetPool:Warning: r.RenderTargetPoolMin exceeded 483/400 MB (ok in editor, bad on fixed memory platform)
[2015.12.28-02.24.36:982][716]LogLevel:Warning: WARNING: The map '/game/mapsScenicView_Blockout' does not exist.
[2015.12.28-02.24.37:001][717]LogNet: Browse: /game/mapsScenicView_Blockout
[2015.12.28-02.24.37:020][717]LogLoad: LoadMap: /game/mapsScenicView_Blockout
[2015.12.28-02.24.37:058][717]LogParticles: Destroying 0 GPU particle simulations for FXSystem 0x000000001362F7E0
[2015.12.28-02.24.37:066][717]Cmd: MEM
[2015.12.28-02.24.37:095][717]LogMem