[2015.11.25-07.28.43:673][  0]Log file open, 11/24/15 23:28:43
[2015.11.25-07.28.43:673][  0]LogInit:Display: Running engine without a game
[2015.11.25-07.28.43:673][  0]LogInit:Display: Loading recent project file: C:/Users/Matt/Documents/GitHub/P3NGUIN/MyProject19/MyProject19.uproject
[2015.11.25-07.28.43:673][  0]LogInit:Display: RandInit(-593678752) SRandInit(-593678751).
[2015.11.25-07.28.43:673][  0]LogTaskGraph: Started task graph with 4 named threads and 7 total threads.
[2015.11.25-07.28.43:673][  0]LogStats: Stats thread started at 0.222717
[2015.11.25-07.28.43:673][  0]LogInit: Version: 4.9.2-2707645+++depot+UE4-Releases+4.9
[2015.11.25-07.28.43:673][  0]LogInit: API Version: 2672455
[2015.11.25-07.28.43:673][  0]LogInit: Compiled (64-bit): Sep 28 2015 10:25:44
[2015.11.25-07.28.43:673][  0]LogInit: Compiled with Visual C++: 18.00.21005.01
[2015.11.25-07.28.43:673][  0]LogInit: Build Configuration: Development
[2015.11.25-07.28.43:673][  0]LogInit: Branch Name: ++depot+UE4-Releases+4.9
[2015.11.25-07.28.43:673][  0]LogInit: Command line: 
[2015.11.25-07.28.43:673][  0]LogInit: Base directory: C:/Program Files/Epic Games/4.9/Engine/Binaries/Win64/
[2015.11.25-07.28.43:673][  0]LogInit: Rocket: 1
[2015.11.25-07.28.43:683][  0]LogInit: Using libcurl 7.41.0
[2015.11.25-07.28.43:683][  0]LogInit:  - built for x86_64-pc-win32
[2015.11.25-07.28.43:683][  0]LogInit:  - supports SSL with WinSSL
[2015.11.25-07.28.43:683][  0]LogInit:  - other features:
[2015.11.25-07.28.43:683][  0]LogInit:      CURL_VERSION_SSL
[2015.11.25-07.28.43:683][  0]LogInit:      CURL_VERSION_IPV6
[2015.11.25-07.28.43:683][  0]LogInit:      CURL_VERSION_ASYNCHDNS
[2015.11.25-07.28.43:683][  0]LogInit:      CURL_VERSION_LARGEFILE
[2015.11.25-07.28.43:683][  0]LogInit:      CURL_VERSION_IDN
[2015.11.25-07.28.43:683][  0]LogInit:  CurlRequestOptions (configurable via config and command line):
[2015.11.25-07.28.43:683][  0]LogInit:  - bVerifyPeer = true  - Libcurl will verify peer certificate
[2015.11.25-07.28.43:683][  0]LogInit:  - bUseHttpProxy = false  - Libcurl will NOT use HTTP proxy
[2015.11.25-07.28.43:683][  0]LogInit:  - bDontReuseConnections = false  - Libcurl will reuse connections
[2015.11.25-07.28.43:683][  0]LogInit:  - CertBundlePath = nullptr  - Libcurl will use whatever was configured at build time.
[2015.11.25-07.28.43:690][  0]LogInit: Presizing for 0 objects not considered by GC, pre-allocating 0 bytes.
[2015.11.25-07.28.43:699][  0]LogInit: Object subsystem initialized
[2015.11.25-07.28.43:701][  0]LogInit: Selected Device Profile: [Windows]
[2015.11.25-07.28.43:701][  0]LogInit: Applying CVar settings loaded from the selected device profile: [Windows]
[2015.11.25-07.28.43:708][  0]LogInit: Computer: MATT-PC
[2015.11.25-07.28.43:708][  0]LogInit: User: Matt
[2015.11.25-07.28.43:708][  0]LogInit: CPU Page size=4096, Cores=4
[2015.11.25-07.28.43:708][  0]LogInit: High frequency timer resolution =3.020507 MHz
[2015.11.25-07.28.43:708][  0]LogMemory: Memory total: Physical=7.9GB (8GB approx)
[2015.11.25-07.28.43:708][  0]LogMemory: Platform Memory Stats for Windows
[2015.11.25-07.28.43:708][  0]LogMemory: Process Physical Memory: 54.47 MB used, 54.47 MB peak
[2015.11.25-07.28.43:708][  0]LogMemory: Process Virtual Memory: 56.38 MB used, 56.38 MB peak
[2015.11.25-07.28.43:708][  0]LogMemory: Physical Memory: 3695.23 MB used, 8109.12 MB total
[2015.11.25-07.28.43:708][  0]LogMemory: Virtual Memory: 337.04 MB used, 8388608.00 MB total
[2015.11.25-07.28.43:779][  0]LogTextLocalizationManager: No specific translations for ('en-US') exist, so ('en') translations will be used.
[2015.11.25-07.28.44:615][  0]LogD3D11RHI: Found D3D11 adapter 0: AMD Radeon HD 7800 Series (Feature Level 11_0)
[2015.11.25-07.28.44:615][  0]LogD3D11RHI: Adapter has 2029MB of dedicated video memory, 0MB of dedicated system memory, and 3798MB of shared system memory, 1 output[s]
[2015.11.25-07.28.44:622][  0]LogD3D11RHI: Found D3D11 adapter 1: Intel(R) HD Graphics (Feature Level 11_0)
[2015.11.25-07.28.44:622][  0]LogD3D11RHI: Adapter has 64MB of dedicated video memory, 0MB of dedicated system memory, and 1632MB of shared system memory, 0 output[s]
[2015.11.25-07.28.44:622][  0]LogD3D11RHI: Chosen D3D11 Adapter Id = 0
[2015.11.25-07.28.44:627][  0]LogD3D11RHI: !Direct3DDevice
[2015.11.25-07.28.44:627][  0]LogRHI: Texture pool is 1361 MB (70% of 1945 MB)
[2015.11.25-07.28.44:630][  0]LogD3D11RHI: Async texture creation disabled: no driver support
[2015.11.25-07.28.44:639][  0]LogShaderCompilers: Guid format shader working directory is 15 characters bigger than the processId version (../../../../../../Users/Matt/Documents/GitHub/P3NGUIN/MyProject19/Intermediate/Shaders/WorkingDirectory/7664/).
[2015.11.25-07.28.44:639][  0]LogShaderCompilers: Cleaned the shader compiler working directory '../../../../../../Users/Matt/Documents/GitHub/P3NGUIN/MyProject19/Intermediate/Shaders/tmp/830EA80D4BD5F7156A2193BBECD08E5B/'.
[2015.11.25-07.28.44:639][  0]LogShaderCompilers:Display: Using Local Shader Compiler.
[2015.11.25-07.28.48:370][  0]LogTemp:Display: Loaded TP AllDesktopTargetPlatform
[2015.11.25-07.28.48:376][  0]LogTemp:Display: Loaded TP WindowsClientTargetPlatform
[2015.11.25-07.28.48:382][  0]LogTemp:Display: Loaded TP WindowsNoEditorTargetPlatform
[2015.11.25-07.28.48:388][  0]LogTemp:Display: Loaded TP WindowsServerTargetPlatform
[2015.11.25-07.28.48:394][  0]LogTemp:Display: Loaded TP WindowsTargetPlatform
[2015.11.25-07.28.48:405][  0]LogTemp:Display: Loaded TP AndroidTargetPlatform
[2015.11.25-07.28.48:409][  0]LogTemp:Display: Loaded TP Android_ASTCTargetPlatform
[2015.11.25-07.28.48:413][  0]LogTemp:Display: Loaded TP Android_ATCTargetPlatform
[2015.11.25-07.28.48:417][  0]LogTemp:Display: Loaded TP Android_DXTTargetPlatform
[2015.11.25-07.28.48:421][  0]LogTemp:Display: Loaded TP Android_ETC1TargetPlatform
[2015.11.25-07.28.48:425][  0]LogTemp:Display: Loaded TP Android_ETC2TargetPlatform
[2015.11.25-07.28.48:429][  0]LogTemp:Display: Loaded TP Android_PVRTCTargetPlatform
[2015.11.25-07.28.48:449][  0]LogTemp:Display: Loaded TP HTML5TargetPlatform
[2015.11.25-07.28.48:630][  0]LogTemp:Display: Loaded TP IOSTargetPlatform
[2015.11.25-07.28.48:634][  0]LogTemp:Display: Loaded TP LinuxNoEditorTargetPlatform
[2015.11.25-07.28.48:663][  0]LogTemp:Display: Loaded TP LinuxServerTargetPlatform
[2015.11.25-07.28.48:720][  0]LogTemp:Display: Loaded TP LinuxTargetPlatform
[2015.11.25-07.28.48:720][  0]LogTargetPlatformManager:Display: Building Assets For Windows
[2015.11.25-07.28.49:325][  0]LogDerivedDataCache:Display: Max Cache Size: 512 MB
[2015.11.25-07.28.49:873][  0]LogDerivedDataCache: Loaded boot cache 0.55s 11MB C:/Users/Matt/AppData/Local/UnrealEngine/4.9/DerivedDataCache/Boot.ddc.
[2015.11.25-07.28.49:873][  0]LogDerivedDataCache:Display: Loaded Boot cache: C:/Users/Matt/AppData/Local/UnrealEngine/4.9/DerivedDataCache/Boot.ddc
[2015.11.25-07.28.49:874][  0]LogDerivedDataCache: FDerivedDataBackendGraph:  Pak pak cache file ../../../../../../Users/Matt/Documents/GitHub/P3NGUIN/MyProject19/DerivedDataCache/DDC.ddp not found, will not use a pak cache.
[2015.11.25-07.28.49:874][  0]LogDerivedDataCache: Unable to find inner node Pak for hierarchical cache Hierarchy.
[2015.11.25-07.28.49:874][  0]LogDerivedDataCache: FDerivedDataBackendGraph:  CompressedPak pak cache file ../../../../../../Users/Matt/Documents/GitHub/P3NGUIN/MyProject19/DerivedDataCache/Compressed.ddp not found, will not use a pak cache.
[2015.11.25-07.28.49:874][  0]LogDerivedDataCache: Unable to find inner node CompressedPak for hierarchical cache Hierarchy.
[2015.11.25-07.28.50:094][  0]LogDerivedDataCache:Display: Pak cache opened for reading ../../../Engine/DerivedDataCache/Compressed.ddp.
[2015.11.25-07.28.50:105][  0]LogDerivedDataCache: Using Local data cache path C:/Users/Matt/AppData/Local/UnrealEngine/Common/DerivedDataCache: Writable
[2015.11.25-07.29.01:670][  0]LogInit: Selected Device Profile: [Windows]
[2015.11.25-07.29.01:731][  0]LogContentStreaming: Texture pool size is 0.000000MB
[2015.11.25-07.29.02:263][  0]LogMeshUtilities: No automatic mesh reduction module available
[2015.11.25-07.29.02:263][  0]LogMeshUtilities: No automatic mesh merging module available
[2015.11.25-07.29.05:853][  0]LogInit: WinSock: version 1.1 (2.2), MaxSocks=32767, MaxUdp=65467
[2015.11.25-07.29.37:485][  0]UdpMessaging: Initializing bridge on interface 0.0.0.0:0 to multicast group 230.0.0.1:6666.
[2015.11.25-07.29.38:052][  0]LogAssetRegistry: FAssetRegistry took 0.0103 seconds to start up
[2015.11.25-07.29.39:704][  0]SourceControl: Info Source control is disabled
[2015.11.25-07.29.40:171][  0]SourceControl: Info Source control is disabled
[2015.11.25-07.29.40:207][  0]SourceControl: Info Source control is disabled
[2015.11.25-07.29.40:290][  0]SourceControl: Info Source control is disabled
[2015.11.25-07.29.41:560][  0]LogLinker:Warning: Asset '../../../Engine/Plugins/Runtime/LeapMotionController/Content/LM_PassthroughMaterial.uasset' has been saved with empty engine version. The asset will be loaded but may be incompatible.
[2015.11.25-07.29.42:332][  0]LogObj: 28361 objects as part of root set at end of initial load.
[2015.11.25-07.29.42:332][  0]LogUObjectAllocator: 6038872 out of 0 bytes used by permanent object pool.
[2015.11.25-07.29.43:041][  0]LogEngine: Initializing Engine...
[2015.11.25-07.29.43:044][  0]LogHMD: Can't find Oculus library dev build: is proper Runtime installed? Version: 0.7.0.0
[2015.11.25-07.29.43:206][  0]LogHMD: SteamVR failed to initialize.  Err: 110
[2015.11.25-07.29.45:063][  0]LogAIModule: Creating AISystem for world NewWorld
[2015.11.25-07.29.45:069][  0]LogInit: XAudio2 using 'Speakers (Realtek High Definition Audio)' : 2 channels at 48 kHz using 32 bits per sample (channel mask 0x3)
[2015.11.25-07.29.45:116][  0]LogInit: FAudioDevice initialized.
[2015.11.25-07.29.45:137][  0]LogDerivedDataCache: Saved boot cache 0.02s 45MB C:/Users/Matt/AppData/Local/UnrealEngine/4.9/DerivedDataCache/Boot.ddc.
[2015.11.25-07.29.45:141][  0]LogInit: Texture streaming: Enabled
[2015.11.25-07.29.45:158][  0]LogAnalytics: Creating configured Analytics provider AnalyticsET
[2015.11.25-07.29.45:158][  0]LogAnalytics: [UEEditor.Rocket.Release] APIServer = http://et2.epicgames.com/ET2/. AppVersion = 4.9.2-2707645+++depot+UE4-Releases+4.9
[2015.11.25-07.29.45:158][  0]LogAnalytics: [UEEditor.Rocket.Release] SetUserId de43219841e5038bf49fbfa481591ee0|4e461f00ab6f49d29405414d884919d6|9448dfb4-8168-4a85-8046-6b7a073564d8
[2015.11.25-07.29.45:158][  0]LogAnalytics: [UEEditor.Rocket.Release] AnalyticsET::StartSession
[2015.11.25-07.29.45:766][  0]LogInit: Transaction tracking system initialized
[2015.11.25-07.29.47:194][  0]BlueprintLog: New page: Editor Load
[2015.11.25-07.29.49:738][  0]LocalizationService: Info Localization service is disabled
[2015.11.25-07.29.50:694][  0]LogLinker:Warning: Can't find file '/Game/PuzzleBP/PuzzleOverview'
[2015.11.25-07.29.50:694][  0]LogLinker:Warning: Can't find file '/Game/PuzzleBP/PuzzleOverview'
[2015.11.25-07.29.50:694][  0]LogUObjectGlobals:Warning: Failed to find object 'Class /Game/PuzzleBP/PuzzleOverview.PuzzleOverview_C'
[2015.11.25-07.29.51:110][  0]LogConsoleResponse:Display: 
[2015.11.25-07.29.52:555][  0]LogCook:Display: Done creating registry. It took  0.00s.
[2015.11.25-07.29.53:993][  0]LogFileCache: Scanning file cache for directory 'C:/Users/Matt/Documents/GitHub/P3NGUIN/MyProject19/Content/' took 0.10s
[2015.11.25-07.29.54:071][  0]SourceControl: Info Source control is disabled
[2015.11.25-07.29.54:072][  0]Cmd: MAP LOAD FILE="../../../../../../Users/Matt/Documents/GitHub/P3NGUIN/MyProject19/Content/ThirdPersonBP/Maps/ThirdPersonExampleMap.umap" TEMPLATE=0 SHOWPROGRESS=1 FEATURELEVEL=3
[2015.11.25-07.29.54:307][  0]LightingResults: New page: Lighting Build
[2015.11.25-07.29.54:310][  0]MapCheck: New page: Map Check
[2015.11.25-07.29.54:310][  0]LightingResults: New page: Lighting Build
[2015.11.25-07.29.54:320][  0]LogParticles: Destroying 0 GPU particle simulations for FXSystem 0x000000001D63A160
[2015.11.25-07.29.54:672][  0]LogLinker:Warning: Asset '../../../../../../Users/Matt/Documents/GitHub/P3NGUIN/MyProject19/Content/Mannequin/Animations/ThirdPerson_AnimBP.uasset' has been saved with empty engine version. The asset will be loaded but may be incompatible.
[2015.11.25-07.29.54:674][  0]LogLinker:Warning: Asset '../../../../../../Users/Matt/Documents/GitHub/P3NGUIN/MyProject19/Content/Mannequin/Animations/ThirdPerson_Jump.uasset' has been saved with empty engine version. The asset will be loaded but may be incompatible.
[2015.11.25-07.29.54:675][  0]LogLinker:Warning: Asset '../../../../../../Users/Matt/Documents/GitHub/P3NGUIN/MyProject19/Content/Mannequin/Animations/ThirdPersonJump_Loop.uasset' has been saved with empty engine version. The asset will be loaded but may be incompatible.
[2015.11.25-07.29.54:677][  0]LogLinker:Warning: Asset '../../../../../../Users/Matt/Documents/GitHub/P3NGUIN/MyProject19/Content/Mannequin/Animations/ThirdPersonJump_Start.uasset' has been saved with empty engine version. The asset will be loaded but may be incompatible.
[2015.11.25-07.29.54:678][  0]LogLinker:Warning: Asset '../../../../../../Users/Matt/Documents/GitHub/P3NGUIN/MyProject19/Content/Mannequin/Animations/ThirdPerson_IdleRun_2D.uasset' has been saved with empty engine version. The asset will be loaded but may be incompatible.
[2015.11.25-07.29.54:678][  0]LogLinker:Warning: Asset '../../../../../../Users/Matt/Documents/GitHub/P3NGUIN/MyProject19/Content/Mannequin/Animations/ThirdPersonIdle.uasset' has been saved with empty engine version. The asset will be loaded but may be incompatible.
[2015.11.25-07.29.54:679][  0]LogLinker:Warning: Asset '../../../../../../Users/Matt/Documents/GitHub/P3NGUIN/MyProject19/Content/Mannequin/Animations/ThirdPersonRun.uasset' has been saved with empty engine version. The asset will be loaded but may be incompatible.
[2015.11.25-07.29.54:680][  0]LogLinker:Warning: Asset '../../../../../../Users/Matt/Documents/GitHub/P3NGUIN/MyProject19/Content/Mannequin/Animations/ThirdPersonWalk.uasset' has been saved with empty engine version. The asset will be loaded but may be incompatible.
[2015.11.25-07.29.55:200][  0]LogBlueprint:Warning: [compiler EnemyBasic] Warning 'EnemyHealth' is already a 'Enemy Health', you don't need  Cast To EnemyHealth .
[2015.11.25-07.29.55:201][  0]LogBlueprint:Warning: [compiler EnemyBasic] Warning [0073.48] Compile of EnemyBasic successful, but with 1 Warning(s) [in 4 ms]
[2015.11.25-07.29.55:202][  0]LogBlueprint:Warning: [compiler EnemyBasic] Warning [0073.48] Compile of EnemyBasic successful, but with 2 Warning(s) [in 0 ms]
[2015.11.25-07.29.55:202][  0]LogBlueprint:Warning: [compiler EnemyBasic] Warning [0073.48] Compile of EnemyBasic successful, but with 3 Warning(s) [in 0 ms]
[2015.11.25-07.29.55:207][  0]LogBlueprint:Warning: [compiler EnemyBasic] Warning 'EnemyHealth' is already a 'Enemy Health', you don't need  Cast To EnemyHealth .
[2015.11.25-07.29.55:208][  0]LogBlueprint:Warning: [compiler EnemyBasic] Warning [0073.49] Compile of EnemyBasic successful, but with 1 Warning(s) [in 3 ms]
[2015.11.25-07.29.55:208][  0]LogBlueprint:Warning: [compiler EnemyBasic] Warning [0073.49] Compile of EnemyBasic successful, but with 2 Warning(s) [in 0 ms]
[2015.11.25-07.29.55:209][  0]LogBlueprint:Warning: [compiler EnemyBasic] Warning [0073.49] Compile of EnemyBasic successful, but with 3 Warning(s) [in 0 ms]
[2015.11.25-07.29.56:354][  0]LogBlueprint:Warning: [compiler AbilityMenu] Warning 'ReturnValue' is already a 'Listed Item', you don't need  Cast To ListedItem .
[2015.11.25-07.29.56:355][  0]LogBlueprint:Warning: [compiler AbilityMenu] Warning 'ReturnValue' is already a 'Listed Item', you don't need  Cast To ListedItem .
[2015.11.25-07.29.56:360][  0]LogBlueprint:Warning: [compiler AbilityMenu] Warning [0074.64] Compile of AbilityMenu successful, but with 2 Warning(s) [in 22 ms]
[2015.11.25-07.29.56:360][  0]LogBlueprint:Warning: [compiler AbilityMenu] Warning [0074.64] Compile of AbilityMenu successful, but with 3 Warning(s) [in 0 ms]
[2015.11.25-07.29.56:360][  0]LogBlueprint:Warning: [compiler AbilityMenu] Warning [0074.64] Compile of AbilityMenu successful, but with 4 Warning(s) [in 0 ms]
[2015.11.25-07.29.56:796][  0]LogBlueprint:Warning: [compiler ThirdPersonCharacter2D] Warning 'AbilitiesMenu' is already a 'Ability Menu', you don't need  Cast To AbilityMenu .
[2015.11.25-07.29.56:799][  0]LogBlueprint:Warning: [compiler ThirdPersonCharacter2D] Warning 'PointerClass' is already a 'Pointer', you don't need  Cast To Pointer .
[2015.11.25-07.29.56:801][  0]LogBlueprint:Warning: [compiler ThirdPersonCharacter2D] Warning No value will be returned by reference. Parameter 'EndTime'. Node:  (none) 
[2015.11.25-07.29.56:814][  0]LogBlueprint:Warning: [compiler ThirdPersonCharacter2D] Warning 'SecondPointer' is already a 'Pointer 2', you don't need  Cast To Pointer2 .
[2015.11.25-07.29.56:849][  0]LogBlueprint:Warning: [compiler ThirdPersonCharacter2D] Warning [0075.13] Compile of ThirdPersonCharacter2D successful, but with 4 Warning(s) [in 107 ms]
[2015.11.25-07.29.56:849][  0]LogBlueprint:Warning: [compiler ThirdPersonCharacter2D] Warning [0075.13] Compile of ThirdPersonCharacter2D successful, but with 5 Warning(s) [in 0 ms]
[2015.11.25-07.29.56:849][  0]LogBlueprint:Warning: [compiler ThirdPersonCharacter2D] Warning [0075.13] Compile of ThirdPersonCharacter2D successful, but with 6 Warning(s) [in 0 ms]
[2015.11.25-07.29.57:338][  0]LogBlueprint:Warning: [compiler ThirdPersonCharacter] Warning 'AbilitiesMenu' is already a 'Ability Menu', you don't need  Cast To AbilityMenu .
[2015.11.25-07.29.57:342][  0]LogBlueprint:Warning: [compiler ThirdPersonCharacter] Warning 'PointerClass' is already a 'Pointer', you don't need  Cast To Pointer .
[2015.11.25-07.29.57:344][  0]LogBlueprint:Warning: [compiler ThirdPersonCharacter] Warning No value will be returned by reference. Parameter 'EndTime'. Node:  (none) 
[2015.11.25-07.29.57:358][  0]LogBlueprint:Warning: [compiler ThirdPersonCharacter] Warning 'SecondPointer' is already a 'Pointer 2', you don't need  Cast To Pointer2 .
[2015.11.25-07.29.57:382][  0]LogBlueprint:Warning: [compiler ThirdPersonCharacter] Warning [0075.66] Compile of ThirdPersonCharacter successful, but with 4 Warning(s) [in 100 ms]
[2015.11.25-07.29.57:383][  0]LogBlueprint:Warning: [compiler ThirdPersonCharacter] Warning [0075.66] Compile of ThirdPersonCharacter successful, but with 5 Warning(s) [in 0 ms]
[2015.11.25-07.29.57:383][  0]LogBlueprint:Warning: [compiler ThirdPersonCharacter] Warning [0075.66] Compile of ThirdPersonCharacter successful, but with 6 Warning(s) [in 0 ms]
[2015.11.25-07.29.57:472][  0]LogBlueprint:Warning: [compiler ThirdPersonCharacter] Warning 'AbilitiesMenu' is already a 'Ability Menu', you don't need  Cast To AbilityMenu .
[2015.11.25-07.29.57:476][  0]LogBlueprint:Warning: [compiler ThirdPersonCharacter] Warning 'PointerClass' is already a 'Pointer', you don't need  Cast To Pointer .
[2015.11.25-07.29.57:477][  0]LogBlueprint:Warning: [compiler ThirdPersonCharacter] Warning No value will be returned by reference. Parameter 'EndTime'. Node:  (none) 
[2015.11.25-07.29.57:490][  0]LogBlueprint:Warning: [compiler ThirdPersonCharacter] Warning 'SecondPointer' is already a 'Pointer 2', you don't need  Cast To Pointer2 .
[2015.11.25-07.29.57:515][  0]LogBlueprint:Warning: [compiler ThirdPersonCharacter] Warning [0075.79] Compile of ThirdPersonCharacter successful, but with 4 Warning(s) [in 98 ms]
[2015.11.25-07.29.57:515][  0]LogBlueprint:Warning: [compiler ThirdPersonCharacter] Warning [0075.79] Compile of ThirdPersonCharacter successful, but with 5 Warning(s) [in 0 ms]
[2015.11.25-07.29.57:515][  0]LogBlueprint:Warning: [compiler ThirdPersonCharacter] Warning [0075.79] Compile of ThirdPersonCharacter successful, but with 6 Warning(s) [in 0 ms]
[2015.11.25-07.29.57:595][  0]LogBlueprint:Warning: [compiler ThirdPersonCharacter2D] Warning 'AbilitiesMenu' is already a 'Ability Menu', you don't need  Cast To AbilityMenu .
[2015.11.25-07.29.57:599][  0]LogBlueprint:Warning: [compiler ThirdPersonCharacter2D] Warning 'PointerClass' is already a 'Pointer', you don't need  Cast To Pointer .
[2015.11.25-07.29.57:608][  0]LogBlueprint:Warning: [compiler ThirdPersonCharacter2D] Warning No value will be returned by reference. Parameter 'EndTime'. Node:  (none) 
[2015.11.25-07.29.57:623][  0]LogBlueprint:Warning: [compiler ThirdPersonCharacter2D] Warning 'SecondPointer' is already a 'Pointer 2', you don't need  Cast To Pointer2 .
[2015.11.25-07.29.57:658][  0]LogBlueprint:Warning: [compiler ThirdPersonCharacter2D] Warning [0075.94] Compile of ThirdPersonCharacter2D successful, but with 4 Warning(s) [in 117 ms]
[2015.11.25-07.29.57:658][  0]LogBlueprint:Warning: [compiler ThirdPersonCharacter2D] Warning [0075.94] Compile of ThirdPersonCharacter2D successful, but with 5 Warning(s) [in 0 ms]
[2015.11.25-07.29.57:658][  0]LogBlueprint:Warning: [compiler ThirdPersonCharacter2D] Warning [0075.94] Compile of ThirdPersonCharacter2D successful, but with 6 Warning(s) [in 0 ms]
[2015.11.25-07.29.57:678][  0]LogBlueprint:Warning: [compiler AbilityMenu] Warning 'ReturnValue' is already a 'Listed Item', you don't need  Cast To ListedItem .
[2015.11.25-07.29.57:678][  0]LogBlueprint:Warning: [compiler AbilityMenu] Warning 'ReturnValue' is already a 'Listed Item', you don't need  Cast To ListedItem .
[2015.11.25-07.29.57:683][  0]LogBlueprint:Warning: [compiler AbilityMenu] Warning [0075.96] Compile of AbilityMenu successful, but with 2 Warning(s) [in 21 ms]
[2015.11.25-07.29.57:683][  0]LogBlueprint:Warning: [compiler AbilityMenu] Warning [0075.96] Compile of AbilityMenu successful, but with 3 Warning(s) [in 0 ms]
[2015.11.25-07.29.57:687][  0]LogBlueprint:Warning: [compiler AbilityMenu] Warning [0075.97] Compile of AbilityMenu successful, but with 4 Warning(s) [in 4 ms]
[2015.11.25-07.30.05:740][  0]LogAIModule: Creating AISystem for world ThirdPersonExampleMap
[2015.11.25-07.30.05:750][  0]LogEditorServer: Finished looking for orphan Actors (0.000 secs)
[2015.11.25-07.30.05:751][  0]Cmd: MAP CHECKDEP NOCLEARLOG
[2015.11.25-07.30.05:812][  0]MapCheck: Info Map check complete: 0 Error(s), 0 Warning(s), took 61.261ms to complete.
[2015.11.25-07.30.05:812][  0]LogFileHelpers: Loading map 'ThirdPersonExampleMap' took 11.741
[2015.11.25-07.30.06:207][  0]LogCollectionManager: Loaded 0 collections in 0.002627 seconds
[2015.11.25-07.30.06:245][  0]LogFileCache: Scanning file cache for directory 'C:/Users/Matt/Documents/GitHub/P3NGUIN/MyProject19/Saved/Collections/' took 0.01s
[2015.11.25-07.30.06:245][  0]LogFileCache: Scanning file cache for directory 'C:/Users/Matt/Documents/GitHub/P3NGUIN/MyProject19/Content/Developers/Matt/Collections/' took 0.01s
[2015.11.25-07.30.06:245][  0]LogFileCache: Scanning file cache for directory 'C:/Users/Matt/Documents/GitHub/P3NGUIN/MyProject19/Content/Collections/' took 0.01s
[2015.11.25-07.30.06:245][  0]LogContentBrowser: Native class hierarchy populated in 0.0080 seconds. Added 1867 classes and 333 folders.
[2015.11.25-07.30.06:252][  0]LogCollectionManager: Rebuilt the GUID cache for 0 collections in 0.000003 seconds
[2015.11.25-07.30.06:303][  0]LogContentBrowser: Native class hierarchy updated for 'WidgetCarousel' in 0.0004 seconds. Added 0 classes and 0 folders.
[2015.11.25-07.30.07:524][  0]LogContentBrowser: Native class hierarchy updated for 'AddContentDialog' in 0.0004 seconds. Added 0 classes and 0 folders.
[2015.11.25-07.30.07:552][  0]LogContentBrowser: Native class hierarchy updated for 'SceneOutliner' in 0.0003 seconds. Added 1 classes and 2 folders.
[2015.11.25-07.30.07:609][  0]LogCrashTracker: Crashtracker disabled due to settings.
[2015.11.25-07.30.07:613][  0]LogUObjectGlobals:Warning: Failed to find object 'Class None.'
[2015.11.25-07.30.07:634][  0]LogLoad: Full Startup: 85.91 seconds (BP compile: 1.26 seconds)
[2015.11.25-07.30.09:038][  0]LogContentStreaming: Texture pool size now 1000 MB
[2015.11.25-07.30.09:191][  0]LogRenderer: Reallocating scene render targets to support 860x516 (Frame:2).
[2015.11.25-07.30.09:433][  1]LogCollectionManager: Rebuilt the object cache for 0 collections in 0.000001 seconds (found 0 objects)
[2015.11.25-07.30.11:382][  7]LogAssetRegistry: Asset discovery search completed in 33.3399 seconds
[2015.11.25-07.30.11:382][  7]LogCollectionManager: Fixed up redirectors for 0 collections in 0.000009 seconds (updated 0 objects)
[2015.11.25-07.30.40:301][701]LogEditorViewport: Clicking on Actor (LMB): BasicDummyEnemy_C (BasicDummyEnemy4)
[2015.11.25-07.30.40:989][761]Cmd: DELETE
[2015.11.25-07.30.40:989][761]Cmd: ACTOR DELETE
[2015.11.25-07.30.40:991][761]LogEditorActor: Deleted Actor: BasicDummyEnemy_C
[2015.11.25-07.30.40:992][761]LogActorComponent: UnregisterComponent: (/Engine/Transient.ProjectileMovement_GEN_VARIABLE) Not registered. Aborting.
[2015.11.25-07.30.40:992][761]LogActorComponent: UnregisterComponent: (/Engine/Transient.CharMoveComp) Not registered. Aborting.
[2015.11.25-07.30.41:067][761]LogEditorActor: Deleted 1 Actors (0.077 secs)
[2015.11.25-07.30.41:513][814]LogEditorViewport: Clicking on Actor (LMB): BasicDummyEnemy_C (BasicDummyEnemy3)
[2015.11.25-07.30.41:701][823]Cmd: DELETE
[2015.11.25-07.30.41:701][823]Cmd: ACTOR DELETE
[2015.11.25-07.30.41:702][823]LogEditorActor: Deleted Actor: BasicDummyEnemy_C
[2015.11.25-07.30.41:718][823]LogEditorActor: Deleted 1 Actors (0.017 secs)
[2015.11.25-07.30.42:149][874]LogEditorViewport: Clicking on Actor (LMB): BasicDummyEnemy_C (BasicDummyEnemy2)
[2015.11.25-07.30.42:593][914]Cmd: DELETE
[2015.11.25-07.30.42:593][914]Cmd: ACTOR DELETE
[2015.11.25-07.30.42:594][914]LogEditorActor: Deleted Actor: BasicDummyEnemy_C
[2015.11.25-07.30.42:611][914]LogEditorActor: Deleted 1 Actors (0.017 secs)
[2015.11.25-07.30.43:036][965]LogEditorViewport: Clicking on Actor (LMB): BasicDummyEnemy_C (BasicDummyEnemy)
[2015.11.25-07.30.43:197][971]Cmd: DELETE
[2015.11.25-07.30.43:197][971]Cmd: ACTOR DELETE
[2015.11.25-07.30.43:197][971]LogEditorActor: Deleted Actor: BasicDummyEnemy_C
[2015.11.25-07.30.43:213][971]LogEditorActor: Deleted 1 Actors (0.016 secs)
[2015.11.25-07.30.49:303][675]LogLinker:Warning: Asset '../../../Engine/Content/ArtTools/RenderToTexture/Macros/RenderToTextureMacros.uasset' has been saved with empty engine version. The asset will be loaded but may be incompatible.
[2015.11.25-07.30.50:049][675]LogContentBrowser: Native class hierarchy updated for 'BlueprintGraph' in 0.0007 seconds. Added 107 classes and 0 folders.
[2015.11.25-07.31.30:831][220]LogFactory: FactoryCreateBinary: SoundWave with ReimportSoundFactory (0 0 C:\Users\Matt\Music\Sogn THREEEEEEEEEEEEEEEE\ah.wav)
[2015.11.25-07.31.30:895][220]LogAudioDerivedData:Display: Building compressed audio format OGG wave ah...
[2015.11.25-07.31.31:382][220]LogAudioDerivedData:Warning: Updated SoundWave->RawPCMDataSize during cooking SoundWave /Game/Blueprints/SoundEffects/Dialogue/ah.ah.
[2015.11.25-07.34.07:223][860]LogSavePackage: Save=3.993701ms
[2015.11.25-07.34.07:224][860]LogSavePackage: Moving '../../../../../../Users/Matt/Documents/GitHub/P3NGUIN/MyProject19/Saved/ahB862CB08459C9B69586D9EAF692D9FEB.tmp' to '../../../../../../Users/Matt/Documents/GitHub/P3NGUIN/MyProject19/Content/Blueprints/SoundEffects/Dialogue/ah.uasset'
[2015.11.25-07.34.07:225][860]LogSavePackage: Total save time: 5.805317ms
[2015.11.25-07.34.07:225][860]LogSavePackage:Warning: Finished SavePackage ../../../../../../Users/Matt/Documents/GitHub/P3NGUIN/MyProject19/Content/Blueprints/SoundEffects/Dialogue/ah.uasset
[2015.11.25-07.34.09:747][162]BlueprintLog: New page: Compile ThirdPersonExampleMap
[2015.11.25-07.34.09:908][162]LogActorComponent: UnregisterComponent: (/Engine/Transient.CharMoveComp) Not registered. Aborting.
[2015.11.25-07.34.09:908][162]LogActorComponent: UnregisterComponent: (/Engine/Transient.CharacterMovementComponent_0) Not registered. Aborting.
[2015.11.25-07.34.09:908][162]LogActorComponent: UnregisterComponent: (/Engine/Transient.ProjectileMovement_GEN_VARIABLE) Not registered. Aborting.
[2015.11.25-07.34.09:958][162]BlueprintEditorCompileResults: Info [0328.24] Compile of ThirdPersonExampleMap successful! [in 210 ms]
[2015.11.25-07.34.12:519][366]LogSavePackage: Save=585.988708ms
[2015.11.25-07.34.12:519][366]LogSavePackage: Moving '../../../../../../Users/Matt/Documents/GitHub/P3NGUIN/MyProject19/Saved/ThirdPersonExampleMap2C8EDF6448A62F5B6D260291A61AE558.tmp' to '../../../../../../Users/Matt/Documents/GitHub/P3NGUIN/MyProject19/Content/ThirdPersonBP/Maps/ThirdPersonExampleMap.umap'
[2015.11.25-07.34.12:522][366]LogSavePackage: Total save time: 606.151219ms
[2015.11.25-07.34.12:522][366]LogSavePackage:Warning: Finished SavePackage ../../../../../../Users/Matt/Documents/GitHub/P3NGUIN/MyProject19/Content/ThirdPersonBP/Maps/ThirdPersonExampleMap.umap
[2015.11.25-07.34.12:591][366]LogFileHelpers: Saving map 'ThirdPersonExampleMap' took 0.769
[2015.11.25-07.34.15:038][634]BlueprintLog: New page: Compile ThirdPersonExampleMap
[2015.11.25-07.34.15:210][634]BlueprintEditorCompileResults: Info [0333.49] Compile of ThirdPersonExampleMap successful! [in 171 ms]
[2015.11.25-07.35.29:368][108]BlueprintLog: New page: Compile ThirdPersonExampleMap
[2015.11.25-07.35.29:535][108]BlueprintEditorCompileResults: Info [0407.81] Compile of ThirdPersonExampleMap successful! [in 166 ms]
[2015.11.25-07.36.10:957][564]BlueprintLog: New page: Compile IDISPLAYTEXT
[2015.11.25-07.36.11:072][564]LogActorComponent: UnregisterComponent: (/Engine/Transient.ProjectileMovement_GEN_VARIABLE) Not registered. Aborting.
[2015.11.25-07.36.11:072][564]LogActorComponent: UnregisterComponent: (/Engine/Transient.CharMoveComp) Not registered. Aborting.
[2015.11.25-07.36.11:073][564]LogActorComponent: UnregisterComponent: (/Engine/Transient.CharacterMovementComponent_1) Not registered. Aborting.
[2015.11.25-07.36.11:108][564]BlueprintEditorCompileResults: Info [0449.38] Compile of IDISPLAYTEXT successful! [in 150 ms]
[2015.11.25-07.36.17:189][884]LogSavePackage: Save=584.981934ms
[2015.11.25-07.36.17:189][884]LogSavePackage: Moving '../../../../../../Users/Matt/Documents/GitHub/P3NGUIN/MyProject19/Saved/ThirdPersonExampleMap259975EF480A138817AB8A96ADA05D48.tmp' to '../../../../../../Users/Matt/Documents/GitHub/P3NGUIN/MyProject19/Content/ThirdPersonBP/Maps/ThirdPersonExampleMap.umap'
[2015.11.25-07.36.17:238][884]LogSavePackage: Total save time: 637.743928ms
[2015.11.25-07.36.17:238][884]LogSavePackage:Warning: Finished SavePackage ../../../../../../Users/Matt/Documents/GitHub/P3NGUIN/MyProject19/Content/ThirdPersonBP/Maps/ThirdPersonExampleMap.umap
[2015.11.25-07.36.17:307][884]LogFileHelpers: Saving map 'ThirdPersonExampleMap' took 0.800
[2015.11.25-07.36.17:315][884]Cmd: OBJ SAVEPACKAGE PACKAGE="/Game/Blueprints/UI/IDISPLAYTEXT" FILE="../../../../../../Users/Matt/Documents/GitHub/P3NGUIN/MyProject19/Content/Blueprints/UI/IDISPLAYTEXT.uasset" SILENT=true
[2015.11.25-07.36.17:482][884]LogSavePackage: Save=160.845184ms
[2015.11.25-07.36.17:482][884]LogSavePackage: Moving '../../../../../../Users/Matt/Documents/GitHub/P3NGUIN/MyProject19/Saved/IDISPLAYTEXTD1EFDE2A43B6212121FE55BDA6B4C7AF.tmp' to '../../../../../../Users/Matt/Documents/GitHub/P3NGUIN/MyProject19/Content/Blueprints/UI/IDISPLAYTEXT.uasset'
[2015.11.25-07.36.17:484][884]LogSavePackage: Total save time: 167.189814ms
[2015.11.25-07.36.17:484][884]LogSavePackage:Warning: Finished SavePackage ../../../../../../Users/Matt/Documents/GitHub/P3NGUIN/MyProject19/Content/Blueprints/UI/IDISPLAYTEXT.uasset
[2015.11.25-07.36.18:611][  4]LogBlueprintUserMessages: Early PlayInEditor Detection: Level '/Game/ThirdPersonBP/Maps/ThirdPersonExampleMap.ThirdPersonExampleMap:PersistentLevel' has LevelScriptBlueprint '/Game/ThirdPersonBP/Maps/ThirdPersonExampleMap.ThirdPersonExampleMap:PersistentLevel.ThirdPersonExampleMap' with GeneratedClass '/Game/ThirdPersonBP/Maps/ThirdPersonExampleMap.ThirdPersonExampleMap_C' with ClassGeneratedBy '/Game/ThirdPersonBP/Maps/ThirdPersonExampleMap.ThirdPersonExampleMap:PersistentLevel.ThirdPersonExampleMap'
[2015.11.25-07.36.18:612][  4]LogPlayLevel: PlayLevel: No blueprints needed recompiling
[2015.11.25-07.36.18:655][  4]PIE: New page: PIE session: ThirdPersonExampleMap (Nov 24, 2015, 3:36:18 PM)
[2015.11.25-07.36.18:655][  4]LogPlayLevel: Creating play world package: /Game/ThirdPersonBP/Maps/UEDPIE_0_ThirdPersonExampleMap
[2015.11.25-07.36.18:712][  4]LogPlayLevel: PIE: StaticDuplicateObject took: (0.057064s)
[2015.11.25-07.36.18:713][  4]LogAIModule: Creating AISystem for world ThirdPersonExampleMap
[2015.11.25-07.36.18:714][  4]LogPlayLevel: PIE: World Init took: (0.001152s)
[2015.11.25-07.36.18:714][  4]LogPlayLevel: PIE: Created PIE world by copying editor world from /Game/ThirdPersonBP/Maps/ThirdPersonExampleMap.ThirdPersonExampleMap to /Game/ThirdPersonBP/Maps/UEDPIE_0_ThirdPersonExampleMap.ThirdPersonExampleMap (0.058574s)
[2015.11.25-07.36.18:750][  4]LogInit: XAudio2 using 'Speakers (Realtek High Definition Audio)' : 2 channels at 48 kHz using 32 bits per sample (channel mask 0x3)
[2015.11.25-07.36.18:790][  4]LogInit: FAudioDevice initialized.
[2015.11.25-07.36.18:838][  4]LogWorld: Game class is '2dFlipBookGameMode_C'
[2015.11.25-07.36.18:844][  4]LogWorld:Warning: *** WARNING - PATHS MAY NOT BE VALID ***
[2015.11.25-07.36.18:844][  4]LogWorld: Bringing World /Game/ThirdPersonBP/Maps/UEDPIE_0_ThirdPersonExampleMap.ThirdPersonExampleMap up for play (max tick rate 0) at 2015.11.24-23.36.18
[2015.11.25-07.36.18:844][  4]LogActor:Warning: GameSession /Game/ThirdPersonBP/Maps/UEDPIE_0_ThirdPersonExampleMap.ThirdPersonExampleMap:PersistentLevel.GameSession_0 has natively added scene component(s), but none of them were set as the actor's RootComponent - picking one arbitrarily
[2015.11.25-07.36.18:844][  4]LogActor:Warning: GameNetworkManager /Game/ThirdPersonBP/Maps/UEDPIE_0_ThirdPersonExampleMap.ThirdPersonExampleMap:PersistentLevel.GameNetworkManager_0 has natively added scene component(s), but none of them were set as the actor's RootComponent - picking one arbitrarily
[2015.11.25-07.36.18:845][  4]LogWorld: Bringing up level for play took: 0.005784
[2015.11.25-07.36.18:907][  4]PIE: Info Play in editor start time for /Game/ThirdPersonBP/Maps/UEDPIE_0_ThirdPersonExampleMap -0.435
[2015.11.25-07.36.18:907][  4]LogBlueprintUserMessages: Late PlayInEditor Detection: Level '/Game/ThirdPersonBP/Maps/ThirdPersonExampleMap.ThirdPersonExampleMap:PersistentLevel' has LevelScriptBlueprint '/Game/ThirdPersonBP/Maps/ThirdPersonExampleMap.ThirdPersonExampleMap:PersistentLevel.ThirdPersonExampleMap' with GeneratedClass '/Game/ThirdPersonBP/Maps/ThirdPersonExampleMap.ThirdPersonExampleMap_C' with ClassGeneratedBy '/Game/ThirdPersonBP/Maps/ThirdPersonExampleMap.ThirdPersonExampleMap:PersistentLevel.ThirdPersonExampleMap'
[2015.11.25-07.36.18:934][  5]LogRenderer: Reallocating scene render targets to support 1280x720 (Frame:6775).
[2015.11.25-07.36.20:858][228]LogScript:Warning: Attempted to get an item from array CallFunc_GetCharacterArrayFromString_ReturnValue3 out of bounds [17/16]!
[2015.11.25-07.36.22:042][370]LogScript:Warning: Attempted to get an item from array CallFunc_GetCharacterArrayFromString_ReturnValue3 out of bounds [6/5]!
[2015.11.25-07.36.23:442][538]LogScript:Warning: Attempted to get an item from array CallFunc_GetCharacterArrayFromString_ReturnValue3 out of bounds [6/5]!
[2015.11.25-07.36.30:839][879]LogScript:Warning: Attempted to get an item from array CallFunc_GetCharacterArrayFromString_ReturnValue3 out of bounds [34/33]!
[2015.11.25-07.36.32:046][ 20]LogScript:Warning: Attempted to get an item from array CallFunc_GetCharacterArrayFromString_ReturnValue2 out of bounds [13/12]!
[2015.11.25-07.36.33:097][146]LogScript:Warning: Attempted to get an item from array CallFunc_GetCharacterArrayFromString_ReturnValue out of bounds [20/19]!
[2015.11.25-07.36.34:397][302]LogBlueprintUserMessages: Early EndPlayMap Detection: Level '/Game/ThirdPersonBP/Maps/ThirdPersonExampleMap.ThirdPersonExampleMap:PersistentLevel' has LevelScriptBlueprint '/Game/ThirdPersonBP/Maps/ThirdPersonExampleMap.ThirdPersonExampleMap:PersistentLevel.ThirdPersonExampleMap' with GeneratedClass '/Game/ThirdPersonBP/Maps/ThirdPersonExampleMap.ThirdPersonExampleMap_C' with ClassGeneratedBy '/Game/ThirdPersonBP/Maps/ThirdPersonExampleMap.ThirdPersonExampleMap:PersistentLevel.ThirdPersonExampleMap'
[2015.11.25-07.36.34:460][302]LogBlueprintUserMessages: Late EndPlayMap Detection: Level '/Game/ThirdPersonBP/Maps/ThirdPersonExampleMap.ThirdPersonExampleMap:PersistentLevel' has LevelScriptBlueprint '/Game/ThirdPersonBP/Maps/ThirdPersonExampleMap.ThirdPersonExampleMap:PersistentLevel.ThirdPersonExampleMap' with GeneratedClass '/Game/ThirdPersonBP/Maps/ThirdPersonExampleMap.ThirdPersonExampleMap_C' with ClassGeneratedBy '/Game/ThirdPersonBP/Maps/ThirdPersonExampleMap.ThirdPersonExampleMap:PersistentLevel.ThirdPersonExampleMap'
[2015.11.25-07.36.34:487][302]LogParticles: Destroying 0 GPU particle simulations for FXSystem 0x00000000372A72E0
[2015.11.25-07.36.50:823][  8]LogBlueprintUserMessages: CustomizeDetails for Blueprint 'IDISPLAYTEXT', cached variable property's owner is '/Game/Blueprints/UI/IDISPLAYTEXT.SKEL_IDISPLAYTEXT_C'
[2015.11.25-07.37.14:900][502]BlueprintLog: New page: Compile IDISPLAYTEXT
[2015.11.25-07.37.15:043][502]BlueprintEditorCompileResults: Info [0513.32] Compile of IDISPLAYTEXT successful! [in 142 ms]
[2015.11.25-07.37.16:132][625]LogBlueprintUserMessages: Early PlayInEditor Detection: Level '/Game/ThirdPersonBP/Maps/ThirdPersonExampleMap.ThirdPersonExampleMap:PersistentLevel' has LevelScriptBlueprint '/Game/ThirdPersonBP/Maps/ThirdPersonExampleMap.ThirdPersonExampleMap:PersistentLevel.ThirdPersonExampleMap' with GeneratedClass '/Game/ThirdPersonBP/Maps/ThirdPersonExampleMap.ThirdPersonExampleMap_C' with ClassGeneratedBy '/Game/ThirdPersonBP/Maps/ThirdPersonExampleMap.ThirdPersonExampleMap:PersistentLevel.ThirdPersonExampleMap'
[2015.11.25-07.37.16:132][625]LogPlayLevel: PlayLevel: No blueprints needed recompiling
[2015.11.25-07.37.16:132][625]PIE: New page: PIE session: ThirdPersonExampleMap (Nov 24, 2015, 3:37:16 PM)
[2015.11.25-07.37.16:132][625]LogPlayLevel: Creating play world package: /Game/ThirdPersonBP/Maps/UEDPIE_0_ThirdPersonExampleMap
[2015.11.25-07.37.16:193][625]LogPlayLevel: PIE: StaticDuplicateObject took: (0.060690s)
[2015.11.25-07.37.16:194][625]LogAIModule: Creating AISystem for world ThirdPersonExampleMap
[2015.11.25-07.37.16:194][625]LogPlayLevel: PIE: World Init took: (0.001319s)
[2015.11.25-07.37.16:194][625]LogPlayLevel: PIE: Created PIE world by copying editor world from /Game/ThirdPersonBP/Maps/ThirdPersonExampleMap.ThirdPersonExampleMap to /Game/ThirdPersonBP/Maps/UEDPIE_0_ThirdPersonExampleMap.ThirdPersonExampleMap (0.062312s)
[2015.11.25-07.37.16:225][625]LogInit: XAudio2 using 'Speakers (Realtek High Definition Audio)' : 2 channels at 48 kHz using 32 bits per sample (channel mask 0x3)
[2015.11.25-07.37.16:264][625]LogInit: FAudioDevice initialized.
[2015.11.25-07.37.16:301][625]LogWorld: Game class is '2dFlipBookGameMode_C'
[2015.11.25-07.37.16:307][625]LogWorld:Warning: *** WARNING - PATHS MAY NOT BE VALID ***
[2015.11.25-07.37.16:307][625]LogWorld: Bringing World /Game/ThirdPersonBP/Maps/UEDPIE_0_ThirdPersonExampleMap.ThirdPersonExampleMap up for play (max tick rate 0) at 2015.11.24-23.37.16
[2015.11.25-07.37.16:307][625]LogActor:Warning: GameSession /Game/ThirdPersonBP/Maps/UEDPIE_0_ThirdPersonExampleMap.ThirdPersonExampleMap:PersistentLevel.GameSession_1 has natively added scene component(s), but none of them were set as the actor's RootComponent - picking one arbitrarily
[2015.11.25-07.37.16:307][625]LogActor:Warning: GameNetworkManager /Game/ThirdPersonBP/Maps/UEDPIE_0_ThirdPersonExampleMap.ThirdPersonExampleMap:PersistentLevel.GameNetworkManager_1 has natively added scene component(s), but none of them were set as the actor's RootComponent - picking one arbitrarily
[2015.11.25-07.37.16:307][625]LogWorld: Bringing up level for play took: 0.005613
[2015.11.25-07.37.16:327][625]PIE: Info Play in editor start time for /Game/ThirdPersonBP/Maps/UEDPIE_0_ThirdPersonExampleMap 0.985
[2015.11.25-07.37.16:327][625]LogBlueprintUserMessages: Late PlayInEditor Detection: Level '/Game/ThirdPersonBP/Maps/ThirdPersonExampleMap.ThirdPersonExampleMap:PersistentLevel' has LevelScriptBlueprint '/Game/ThirdPersonBP/Maps/ThirdPersonExampleMap.ThirdPersonExampleMap:PersistentLevel.ThirdPersonExampleMap' with GeneratedClass '/Game/ThirdPersonBP/Maps/ThirdPersonExampleMap.ThirdPersonExampleMap_C' with ClassGeneratedBy '/Game/ThirdPersonBP/Maps/ThirdPersonExampleMap.ThirdPersonExampleMap:PersistentLevel.ThirdPersonExampleMap'
[2015.11.25-07.37.18:730][909]LogScript:Warning: Attempted to get an item from array CallFunc_GetCharacterArrayFromString_ReturnValue3 out of bounds [17/16]!
[2015.11.25-07.37.19:922][ 52]LogScript:Warning: Attempted to get an item from array CallFunc_GetCharacterArrayFromString_ReturnValue3 out of bounds [6/5]!
[2015.11.25-07.37.22:089][312]LogScript:Warning: Attempted to get an item from array CallFunc_GetCharacterArrayFromString_ReturnValue3 out of bounds [34/33]!
[2015.11.25-07.37.23:331][461]LogScript:Warning: Attempted to get an item from array CallFunc_GetCharacterArrayFromString_ReturnValue2 out of bounds [13/12]!
[2015.11.25-07.37.23:681][503]LogScript:Warning: Attempted to get an item from array CallFunc_GetCharacterArrayFromString_ReturnValue out of bounds [20/19]!
[2015.11.25-07.37.27:501][961]LogScript:Warning: Attempted to get an item from array CallFunc_GetCharacterArrayFromString_ReturnValue3 out of bounds [25/24]!
[2015.11.25-07.37.29:602][213]LogScript:Warning: Attempted to get an item from array CallFunc_GetCharacterArrayFromString_ReturnValue3 out of bounds [6/5]!
[2015.11.25-07.37.30:878][366]LogScript:Warning: Attempted to get an item from array CallFunc_GetCharacterArrayFromString_ReturnValue3 out of bounds [6/5]!
[2015.11.25-07.37.35:488][914]LogScript:Warning: Attempted to get an item from array CallFunc_GetCharacterArrayFromString_ReturnValue3 out of bounds [22/21]!
[2015.11.25-07.37.43:217][841]LogBlueprintUserMessages: Early EndPlayMap Detection: Level '/Game/ThirdPersonBP/Maps/ThirdPersonExampleMap.ThirdPersonExampleMap:PersistentLevel' has LevelScriptBlueprint '/Game/ThirdPersonBP/Maps/ThirdPersonExampleMap.ThirdPersonExampleMap:PersistentLevel.ThirdPersonExampleMap' with GeneratedClass '/Game/ThirdPersonBP/Maps/ThirdPersonExampleMap.ThirdPersonExampleMap_C' with ClassGeneratedBy '/Game/ThirdPersonBP/Maps/ThirdPersonExampleMap.ThirdPersonExampleMap:PersistentLevel.ThirdPersonExampleMap'
[2015.11.25-07.37.43:287][841]LogBlueprintUserMessages: Late EndPlayMap Detection: Level '/Game/ThirdPersonBP/Maps/ThirdPersonExampleMap.ThirdPersonExampleMap:PersistentLevel' has LevelScriptBlueprint '/Game/ThirdPersonBP/Maps/ThirdPersonExampleMap.ThirdPersonExampleMap:PersistentLevel.ThirdPersonExampleMap' with GeneratedClass '/Game/ThirdPersonBP/Maps/ThirdPersonExampleMap.ThirdPersonExampleMap_C' with ClassGeneratedBy '/Game/ThirdPersonBP/Maps/ThirdPersonExampleMap.ThirdPersonExampleMap:PersistentLevel.ThirdPersonExampleMap'
[2015.11.25-07.37.43:315][841]LogParticles: Destroying 0 GPU particle simulations for FXSystem 0x0000000037723EC0
[2015.11.25-07.37.45:398][ 79]Cmd: OBJ SAVEPACKAGE PACKAGE="/Game/Blueprints/UI/IDISPLAYTEXT" FILE="../../../../../../Users/Matt/Documents/GitHub/P3NGUIN/MyProject19/Content/Blueprints/UI/IDISPLAYTEXT.uasset" SILENT=true
[2015.11.25-07.37.45:571][ 79]LogSavePackage: Save=166.107208ms
[2015.11.25-07.37.45:571][ 79]LogSavePackage: Moving '../../../../../../Users/Matt/Documents/GitHub/P3NGUIN/MyProject19/Saved/IDISPLAYTEXTDB8E3E3947FD0E7A584C71A79CF5DF92.tmp' to '../../../../../../Users/Matt/Documents/GitHub/P3NGUIN/MyProject19/Content/Blueprints/UI/IDISPLAYTEXT.uasset'
[2015.11.25-07.37.45:583][ 79]LogSavePackage: Total save time: 184.299193ms
[2015.11.25-07.37.45:583][ 79]LogSavePackage:Warning: Finished SavePackage ../../../../../../Users/Matt/Documents/GitHub/P3NGUIN/MyProject19/Content/Blueprints/UI/IDISPLAYTEXT.uasset
[2015.11.25-07.37.47:846][281]Cmd: QUIT_EDITOR
[2015.11.25-07.37.48:136][281]LogExit: Preparing to exit.
[2015.11.25-07.37.48:786][281]LogExit: Editor shut down
[2015.11.25-07.37.48:786][281]LogExit: Transaction tracking system shut down
[2015.11.25-07.37.48:984][281]LogParticles: Destroying 0 GPU particle simulations for FXSystem 0x0000000027E9B560
[2015.11.25-07.37.48:985][281]LogParticles: Destroying 0 GPU particle simulations for FXSystem 0x000000000737BEC0
[2015.11.25-07.37.48:986][281]LogParticles: Destroying 0 GPU particle simulations for FXSystem 0x0000000007378180
[2015.11.25-07.37.48:986][281]LogParticles: Destroying 0 GPU particle simulations for FXSystem 0x0000000026275440
[2015.11.25-07.37.48:986][281]LogParticles: Destroying 0 GPU particle simulations for FXSystem 0x000000002C23F880
[2015.11.25-07.37.48:987][281]LogParticles: Destroying 0 GPU particle simulations for FXSystem 0x000000002C476480
[2015.11.25-07.37.48:987][281]LogParticles: Destroying 0 GPU particle simulations for FXSystem 0x000000002E206160
[2015.11.25-07.37.48:987][281]LogParticles: Destroying 0 GPU particle simulations for FXSystem 0x0000000026FD5DA0
[2015.11.25-07.37.48:987][281]LogParticles: Destroying 0 GPU particle simulations for FXSystem 0x0000000026FD4680
[2015.11.25-07.37.50:342][281]LogExit: Object subsystem successfully closed.
[2015.11.25-07.37.50:612][281]LogD3D11RHI: Shutdown
[2015.11.25-07.37.50:623][281]LogD3D11RHI: CleanupD3DDevice
[2015.11.25-07.37.50:708][281]LogD3D11RHI: ~FD3D11DynamicRHI
[2015.11.25-07.37.51:787][281]LogModuleManager: Shutting down and abandoning module SequencerWidgets (199)
[2015.11.25-07.37.51:787][281]LogModuleManager: Shutting down and abandoning module BlueprintGraph (198)
[2015.11.25-07.37.51:787][281]LogModuleManager: Shutting down and abandoning module CrashTracker (197)
[2015.11.25-07.37.51:787][281]LogModuleManager: Shutting down and abandoning module SceneOutliner (196)
[2015.11.25-07.37.51:787][281]LogModuleManager: Shutting down and abandoning module SuperSearch (195)
[2015.11.25-07.37.51:787][281]LogModuleManager: Shutting down and abandoning module WidgetCarousel (194)
[2015.11.25-07.37.51:787][281]LogModuleManager: Shutting down and abandoning module AddContentDialog (193)
[2015.11.25-07.37.51:845][281]LogModuleManager: Shutting down and abandoning module EditorWidgets (192)
[2015.11.25-07.37.51:845][281]LogModuleManager: Shutting down and abandoning module CollectionManager (191)
[2015.11.25-07.37.51:864][281]LogModuleManager: Shutting down and abandoning module StatsViewer (190)
[2015.11.25-07.37.51:879][281]LogModuleManager: Shutting down and abandoning module FoliageEdit (189)
[2015.11.25-07.37.51:879][281]LogModuleManager: Shutting down and abandoning module LandscapeEditor (188)
[2015.11.25-07.37.51:938][281]LogModuleManager: Shutting down and abandoning module ActorPickerMode (187)
[2015.11.25-07.37.51:938][281]LogModuleManager: Shutting down and abandoning module GeometryMode (186)
[2015.11.25-07.37.51:938][281]LogModuleManager: Shutting down and abandoning module TextureAlignMode (185)
[2015.11.25-07.37.51:938][281]LogModuleManager: Shutting down and abandoning module BspMode (184)
[2015.11.25-07.37.51:938][281]LogModuleManager: Shutting down and abandoning module PlacementMode (183)
[2015.11.25-07.37.51:938][281]LogModuleManager: Shutting down and abandoning module AutomationWorker (182)
[2015.11.25-07.37.51:949][281]LogModuleManager: Shutting down and abandoning module CharacterAI (181)
[2015.11.25-07.37.51:949][281]LogModuleManager: Shutting down and abandoning module SmartSnapping (180)
[2015.11.25-07.37.51:949][281]LogModuleManager: Shutting down and abandoning module ViewportSnapping (179)
[2015.11.25-07.37.51:949][281]LogModuleManager: Shutting down and abandoning module LogVisualizer (178)
[2015.11.25-07.37.51:985][281]LogModuleManager: Shutting down and abandoning module GameProjectGeneration (177)
[2015.11.25-07.37.52:005][281]LogModuleManager: Shutting down and abandoning module IntroTutorials (176)
[2015.11.25-07.37.52:019][281]LogModuleManager: Shutting down and abandoning module EditorLiveStreaming (175)
[2015.11.25-07.37.52:019][281]LogModuleManager: Shutting down and abandoning module IOSPlatformEditor (174)
[2015.11.25-07.37.52:031][281]LogModuleManager: Shutting down and abandoning module HTML5PlatformEditor (173)
[2015.11.25-07.37.52:031][281]LogModuleManager: Shutting down and abandoning module AndroidDeviceDetection (172)
[2015.11.25-07.37.52:477][281]LogModuleManager: Shutting down and abandoning module AndroidPlatformEditor (171)
[2015.11.25-07.37.52:477][281]LogModuleManager: Shutting down and abandoning module IOSRuntimeSettings (170)
[2015.11.25-07.37.52:477][281]LogModuleManager: Shutting down and abandoning module AndroidRuntimeSettings (169)
[2015.11.25-07.37.52:477][281]LogModuleManager: Shutting down and abandoning module MergeActors (168)
[2015.11.25-07.37.52:505][281]LogModuleManager: Shutting down and abandoning module SizeMap (167)
[2015.11.25-07.37.52:505][281]LogModuleManager: Shutting down and abandoning module TreeMap (166)
[2015.11.25-07.37.52:523][281]LogModuleManager: Shutting down and abandoning module ReferenceViewer (165)
[2015.11.25-07.37.52:523][281]LogModuleManager: Shutting down and abandoning module LocalizationService (164)
[2015.11.25-07.37.52:560][281]LogModuleManager: Shutting down and abandoning module LocalizationDashboard (163)
[2015.11.25-07.37.52:585][281]LogModuleManager: Shutting down and abandoning module HardwareTargeting (162)
[2015.11.25-07.37.52:585][281]LogModuleManager: Shutting down and abandoning module DeviceProfileEditor (161)
[2015.11.25-07.37.52:585][281]LogModuleManager: Shutting down and abandoning module UndoHistory (160)
[2015.11.25-07.37.52:605][281]LogModuleManager: Shutting down and abandoning module GameplayTagsEditor (159)
[2015.11.25-07.37.52:605][281]LogModuleManager: Shutting down and abandoning module UserFeedback (158)
[2015.11.25-07.37.52:605][281]LogModuleManager: Shutting down and abandoning module XmlParser (157)
[2015.11.25-07.37.52:605][281]LogModuleManager: Shutting down and abandoning module Blutility (156)
[2015.11.25-07.37.52:605][281]LogModuleManager: Shutting down and abandoning module ProjectTargetPlatformEditor (155)
[2015.11.25-07.37.52:623][281]LogModuleManager: Shutting down and abandoning module ProjectSettingsViewer (154)
[2015.11.25-07.37.52:623][281]LogModuleManager: Shutting down and abandoning module InputBindingEditor (153)
[2015.11.25-07.37.52:665][281]LogModuleManager: Shutting down and abandoning module EditorSettingsViewer (152)
[2015.11.25-07.37.52:665][281]LogModuleManager: Shutting down and abandoning module SettingsEditor (151)
[2015.11.25-07.37.52:738][281]LogModuleManager: Shutting down and abandoning module ProjectLauncher (150)
[2015.11.25-07.37.52:811][281]LogModuleManager: Shutting down and abandoning module SessionFrontend (149)
[2015.11.25-07.37.52:823][281]LogModuleManager: Shutting down and abandoning module ProfilerClient (148)
[2015.11.25-07.37.52:831][281]LogModuleManager: Shutting down and abandoning module TargetDeviceServices (147)
[2015.11.25-07.37.52:852][281]LogModuleManager: Shutting down and abandoning module DeviceManager (146)
[2015.11.25-07.37.52:904][281]LogModuleManager: Shutting down and abandoning module AutomationController (145)
[2015.11.25-07.37.52:959][281]LogModuleManager: Shutting down and abandoning module AutomationWindow (144)
[2015.11.25-07.37.52:974][281]LogModuleManager: Shutting down and abandoning module Layers (143)
[2015.11.25-07.37.53:087][281]LogModuleManager: Shutting down and abandoning module ComponentVisualizers (142)
[2015.11.25-07.37.53:087][281]LogModuleManager: Shutting down and abandoning module DetailCustomizations (141)
[2015.11.25-07.37.53:107][281]LogModuleManager: Shutting down and abandoning module PackagesDialog (140)
[2015.11.25-07.37.53:107][281]LogModuleManager: Shutting down and abandoning module Persona (139)
[2015.11.25-07.37.53:152][281]LogModuleManager: Shutting down and abandoning module Kismet (138)
[2015.11.25-07.37.53:152][281]LogModuleManager: Shutting down and abandoning module GraphEditor (137)
[2015.11.25-07.37.53:152][281]LogModuleManager: Shutting down and abandoning module ClassViewer (136)
[2015.11.25-07.37.53:164][281]LogModuleManager: Shutting down and abandoning module Toolbox (135)
[2015.11.25-07.37.53:164][281]LogModuleManager: Shutting down and abandoning module ModuleUI (134)
[2015.11.25-07.37.53:165][281]LogModuleManager: Shutting down and abandoning module MovieSceneTools (133)
[2015.11.25-07.37.53:165][281]LogModuleManager: Shutting down and abandoning module OutputLog (132)
[2015.11.25-07.37.53:176][281]LogModuleManager: Shutting down and abandoning module GammaUI (131)
[2015.11.25-07.37.53:189][281]LogModuleManager: Shutting down and abandoning module Documentation (130)
[2015.11.25-07.37.53:189][281]LogModuleManager: Shutting down and abandoning module GameLiveStreaming (129)
[2015.11.25-07.37.53:201][281]LogModuleManager: Shutting down and abandoning module StreamingPauseRendering (128)
[2015.11.25-07.37.53:201][281]LogModuleManager: Shutting down and abandoning module AnalyticsET (127)
[2015.11.25-07.37.53:201][281]LogModuleManager: Shutting down and abandoning module Analytics (126)
[2015.11.25-07.37.53:201][281]LogModuleManager: Shutting down and abandoning module AITestSuite (125)
[2015.11.25-07.37.53:224][281]LogModuleManager: Shutting down and abandoning module GameplayDebugger (124)
[2015.11.25-07.37.53:225][281]LogModuleManager: Shutting down and abandoning module AIModule (123)
[2015.11.25-07.37.53:225][281]LogModuleManager: Shutting down and abandoning module ProfilerService (122)
[2015.11.25-07.37.53:429][281]LogModuleManager: Shutting down and abandoning module TaskGraph (121)
[2015.11.25-07.37.53:453][281]LogModuleManager: Shutting down and abandoning module SlateRemote (120)
[2015.11.25-07.37.53:453][281]LogModuleManager: Shutting down and abandoning module SteamVRController (119)
[2015.11.25-07.37.53:453][281]LogModuleManager: Shutting down and abandoning module SteamVR (118)
[2015.11.25-07.37.53:453][281]LogModuleManager: Shutting down and abandoning module ProceduralMeshComponent (117)
[2015.11.25-07.37.53:453][281]LogModuleManager: Shutting down and abandoning module OculusRift (116)
[2015.11.25-07.37.53:453][281]LogModuleManager: Shutting down and abandoning module OculusLibrary (115)
[2015.11.25-07.37.53:453][281]LogModuleManager: Shutting down and abandoning module LeapMotionController (114)
[2015.11.25-07.37.53:501][281]LogModuleManager: Shutting down and abandoning module CustomMeshComponent (113)
[2015.11.25-07.37.53:512][281]LogModuleManager: Shutting down and abandoning module CableComponent (112)
[2015.11.25-07.37.53:512][281]LogModuleManager: Shutting down and abandoning module ArchVisCharacter (111)
[2015.11.25-07.37.53:512][281]LogModuleManager: Shutting down and abandoning module MessagingDebugger (110)
[2015.11.25-07.37.53:583][281]LogModuleManager: Shutting down and abandoning module MediaPlayerEditor (109)
[2015.11.25-07.37.53:615][281]LogModuleManager: Shutting down and abandoning module HTML5Networking (108)
[2015.11.25-07.37.53:615][281]LogModuleManager: Shutting down and abandoning module SpeedTreeImporter (107)
[2015.11.25-07.37.53:615][281]LogModuleManager: Shutting down and abandoning module PluginBrowser (106)
[2015.11.25-07.37.53:633][281]LogModuleManager: Shutting down and abandoning module EpicSurvey (105)
[2015.11.25-07.37.53:633][281]LogModuleManager: Shutting down and abandoning module DesktopPlatform (104)
[2015.11.25-07.37.53:648][281]LogModuleManager: Shutting down and abandoning module VisualStudioSourceCodeAccess (103)
[2015.11.25-07.37.53:648][281]LogModuleManager: Shutting down and abandoning module UObjectPlugin (102)
[2015.11.25-07.37.53:648][281]LogModuleManager: Shutting down and abandoning module SubversionSourceControl (101)
[2015.11.25-07.37.53:680][281]LogModuleManager: Shutting down and abandoning module PerforceSourceControl (100)
[2015.11.25-07.37.53:708][281]LogModuleManager: Shutting down and abandoning module SourceControl (99)
[2015.11.25-07.37.53:725][281]LogModuleManager: Shutting down and abandoning module GitSourceControl (98)
[2015.11.25-07.37.53:752][281]LogModuleManager: Shutting down and abandoning module LightPropagationVolumeEditor (97)
[2015.11.25-07.37.53:752][281]LogModuleManager: Shutting down and abandoning module PaperTiledImporter (96)
[2015.11.25-07.37.53:752][281]LogModuleManager: Shutting down and abandoning module PaperSpriteSheetImporter (95)
[2015.11.25-07.37.53:775][281]LogModuleManager: Shutting down and abandoning module MeshPaint (94)
[2015.11.25-07.37.53:812][281]LogModuleManager: Shutting down and abandoning module SlateReflector (93)
[2015.11.25-07.37.53:836][281]LogModuleManager: Shutting down and abandoning module HotReload (92)
[2015.11.25-07.37.53:850][281]LogModuleManager: Shutting down and abandoning module MainFrame (91)
[2015.11.25-07.37.53:850][281]LogModuleManager: Shutting down and abandoning module LevelEditor (90)
[2015.11.25-07.37.53:880][281]LogModuleManager: Shutting down and abandoning module DirectoryWatcher (89)
[2015.11.25-07.37.53:880][281]LogModuleManager: Shutting down and abandoning module AssetRegistry (88)
[2015.11.25-07.37.53:951][281]LogModuleManager: Shutting down and abandoning module ContentBrowser (87)
[2015.11.25-07.37.53:951][281]LogModuleManager: Shutting down and abandoning module Paper2DEditor (86)
[2015.11.25-07.37.54:002][281]LogModuleManager: Shutting down and abandoning module UdpMessaging (85)
[2015.11.25-07.37.54:102][281]LogModuleManager: Shutting down and abandoning module LightPropagationVolumeRuntime (84)
[2015.11.25-07.37.54:102][281]LogModuleManager: Shutting down and abandoning module Paper2D (83)
[2015.11.25-07.37.54:106][281]LogModuleManager: Shutting down and abandoning module WindowsMoviePlayer (82)
[2015.11.25-07.37.54:124][281]LogModuleManager: Shutting down and abandoning module Media (81)
[2015.11.25-07.37.54:124][281]LogModuleManager: Shutting down and abandoning module WmfMedia (80)
[2015.11.25-07.37.54:124][281]LogModuleManager: Shutting down and abandoning module OnlineBlueprintSupport (79)
[2015.11.25-07.37.54:124][281]LogModuleManager: Shutting down and abandoning module GameplayTasksEditor (78)
[2015.11.25-07.37.54:124][281]LogModuleManager: Shutting down and abandoning module PropertyEditor (77)
[2015.11.25-07.37.54:124][281]LogModuleManager: Shutting down and abandoning module BehaviorTreeEditor (76)
[2015.11.25-07.37.54:180][281]LogModuleManager: Shutting down and abandoning module FunctionalTesting (75)
[2015.11.25-07.37.54:180][281]LogModuleManager: Shutting down and abandoning module CollisionAnalyzer (74)
[2015.11.25-07.37.54:222][281]LogModuleManager: Shutting down and abandoning module WorkspaceMenuStructure (73)
[2015.11.25-07.37.54:222][281]LogModuleManager: Shutting down and abandoning module MessageLog (72)
[2015.11.25-07.37.54:222][281]LogModuleManager: Shutting down and abandoning module Sequencer (71)
[2015.11.25-07.37.54:222][281]LogModuleManager: Shutting down and abandoning module AssetTools (70)
[2015.11.25-07.37.54:253][281]LogModuleManager: Shutting down and abandoning module UMGEditor (69)
[2015.11.25-07.37.54:253][281]LogModuleManager: Shutting down and abandoning module UMG (68)
[2015.11.25-07.37.54:253][281]LogModuleManager: Shutting down and abandoning module Slate (67)
[2015.11.25-07.37.54:253][281]LogModuleManager: Shutting down and abandoning module EditorStyle (66)
[2015.11.25-07.37.54:255][281]LogModuleManager: Shutting down and abandoning module SessionServices (65)
[2015.11.25-07.37.54:255][281]LogModuleManager: Shutting down and abandoning module SourceCodeAccess (64)
[2015.11.25-07.37.54:255][281]LogModuleManager: Shutting down and abandoning module HeadMountedDisplay (63)
[2015.11.25-07.37.54:255][281]LogModuleManager: Shutting down and abandoning module XAudio2 (62)
[2015.11.25-07.37.54:255][281]LogModuleManager: Shutting down and abandoning module Networking (60)
[2015.11.25-07.37.54:255][281]LogModuleManager: Shutting down and abandoning module Core (59)
[2015.11.25-07.37.54:255][281]LogModuleManager: Shutting down and abandoning module KismetCompiler (58)
[2015.11.25-07.37.54:255][281]LogModuleManager: Shutting down and abandoning module PhysXFormats (57)
[2015.11.25-07.37.54:255][281]LogModuleManager: Shutting down and abandoning module MeshUtilities (56)
[2015.11.25-07.37.54:264][281]LogModuleManager: Shutting down and abandoning module CookingStats (55)
[2015.11.25-07.37.54:265][281]LogModuleManager: Shutting down and abandoning module DerivedDataCache (54)
[2015.11.25-07.37.54:338][281]LogDerivedDataCache: Shutdown
[2015.11.25-07.37.54:338][281]LogModuleManager: Shutting down and abandoning module ShaderFormatOpenGL (53)
[2015.11.25-07.37.54:354][281]LogModuleManager: Shutting down and abandoning module ShaderFormatD3D (52)
[2015.11.25-07.37.54:354][281]LogModuleManager: Shutting down and abandoning module MetalShaderFormat (51)
[2015.11.25-07.37.54:364][281]LogModuleManager: Shutting down and abandoning module TextureFormatUncompressed (50)
[2015.11.25-07.37.54:364][281]LogModuleManager: Shutting down and abandoning module TextureFormatPVR (49)
[2015.11.25-07.37.54:364][281]LogModuleManager: Shutting down and abandoning module TextureFormatIntelISPCTexComp (48)
[2015.11.25-07.37.54:364][281]LogModuleManager: Shutting down and abandoning module TextureFormatDXT (47)
[2015.11.25-07.37.54:364][281]LogModuleManager: Shutting down and abandoning module ImageWrapper (46)
[2015.11.25-07.37.54:364][281]LogModuleManager: Shutting down and abandoning module TextureFormatASTC (45)
[2015.11.25-07.37.54:364][281]LogModuleManager: Shutting down and abandoning module TextureFormatAndroid (44)
[2015.11.25-07.37.54:364][281]LogModuleManager: Shutting down and abandoning module AudioFormatOpus (43)
[2015.11.25-07.37.54:385][281]LogModuleManager: Shutting down and abandoning module AudioFormatOgg (42)
[2015.11.25-07.37.54:385][281]LogModuleManager: Shutting down and abandoning module AudioFormatADPCM (41)
[2015.11.25-07.37.54:385][281]LogModuleManager: Shutting down and abandoning module LinuxTargetPlatform (40)
[2015.11.25-07.37.54:385][281]LogModuleManager: Shutting down and abandoning module LinuxServerTargetPlatform (39)
[2015.11.25-07.37.54:397][281]LogModuleManager: Shutting down and abandoning module LinuxNoEditorTargetPlatform (38)
[2015.11.25-07.37.54:413][281]LogModuleManager: Shutting down and abandoning module Messaging (37)
[2015.11.25-07.37.54:413][281]LogModuleManager: Shutting down and abandoning module IOSTargetPlatform (36)
[2015.11.25-07.37.54:413][281]LogModuleManager: Shutting down and abandoning module HTML5TargetPlatform (35)
[2015.11.25-07.37.54:413][281]LogModuleManager: Shutting down and abandoning module Android_PVRTCTargetPlatform (34)
[2015.11.25-07.37.54:470][281]LogModuleManager: Shutting down and abandoning module Android_ETC2TargetPlatform (33)
[2015.11.25-07.37.54:476][281]LogModuleManager: Shutting down and abandoning module Android_ETC1TargetPlatform (32)
[2015.11.25-07.37.54:484][281]LogModuleManager: Shutting down and abandoning module Android_DXTTargetPlatform (31)
[2015.11.25-07.37.54:510][281]LogModuleManager: Shutting down and abandoning module Android_ATCTargetPlatform (30)
[2015.11.25-07.37.54:521][281]LogModuleManager: Shutting down and abandoning module Android_ASTCTargetPlatform (29)
[2015.11.25-07.37.54:581][281]LogModuleManager: Shutting down and abandoning module AndroidTargetPlatform (28)
[2015.11.25-07.37.54:592][281]LogModuleManager: Shutting down and abandoning module WindowsTargetPlatform (27)
[2015.11.25-07.37.54:592][281]LogModuleManager: Shutting down and abandoning module WindowsServerTargetPlatform (26)
[2015.11.25-07.37.54:605][281]LogModuleManager: Shutting down and abandoning module WindowsNoEditorTargetPlatform (25)
[2015.11.25-07.37.54:632][281]LogModuleManager: Shutting down and abandoning module WindowsClientTargetPlatform (24)
[2015.11.25-07.37.54:635][281]LogModuleManager: Shutting down and abandoning module AllDesktopTargetPlatform (23)
[2015.11.25-07.37.54:635][281]LogModuleManager: Shutting down and abandoning module TargetPlatform (22)
[2015.11.25-07.37.54:635][281]LogModuleManager: Shutting down and abandoning module InputCore (21)
[2015.11.25-07.37.54:635][281]LogModuleManager: Shutting down and abandoning module Settings (20)
[2015.11.25-07.37.54:636][281]LogModuleManager: Shutting down and abandoning module OnlineSubsystem (18)
[2015.11.25-07.37.54:636][281]LogModuleManager: Shutting down and abandoning module HTTP (17)
[2015.11.25-07.37.55:636][281]LogModuleManager: Shutting down and abandoning module XMPP (16)
[2015.11.25-07.37.55:668][281]LogModuleManager: Shutting down and abandoning module ExampleDeviceProfileSelector (15)
[2015.11.25-07.37.55:668][281]LogModuleManager: Shutting down and abandoning module TextureCompressor (14)
[2015.11.25-07.37.55:668][281]LogModuleManager: Shutting down and abandoning module ShaderCore (13)
[2015.11.25-07.37.55:668][281]LogModuleManager: Shutting down and abandoning module Landscape (12)
[2015.11.25-07.37.55:668][281]LogModuleManager: Shutting down and abandoning module SlateRHIRenderer (11)
[2015.11.25-07.37.55:694][281]LogModuleManager: Shutting down and abandoning module OpenGLDrv (10)
[2015.11.25-07.37.55:735][281]LogModuleManager: Shutting down and abandoning module D3D11RHI (9)
[2015.11.25-07.37.55:735][281]LogModuleManager: Shutting down and abandoning module AnimGraphRuntime (8)
[2015.11.25-07.37.55:735][281]LogModuleManager: Shutting down and abandoning module Renderer (7)
[2015.11.25-07.37.55:735][281]LogModuleManager: Shutting down and abandoning module Engine (6)
[2015.11.25-07.37.55:735][281]LogModuleManager: Shutting down and abandoning module CoreUObject (5)
[2015.11.25-07.37.55:735][281]LogModuleManager: Shutting down and abandoning module NetworkFile (4)
[2015.11.25-07.37.55:745][281]LogModuleManager: Shutting down and abandoning module StreamingFile (3)
[2015.11.25-07.37.55:745][281]LogModuleManager: Shutting down and abandoning module SandboxFile (2)
[2015.11.25-07.37.55:764][281]LogModuleManager: Shutting down and abandoning module PakFile (1)
[2015.11.25-07.37.55:796][281]LogExit: Exiting.
[2015.11.25-07.37.55:800][281]Log file closed, 11/24/15 23:37:55
