[2015.12.28-01.29.22:848][  0]Log file open, 12/27/15 17:29:22
[2015.12.28-01.29.22:848][  0]LogInit:Display: Running engine for game: MyProject19
[2015.12.28-01.29.22:848][  0]LogPlatformFile: Not using cached read wrapper
[2015.12.28-01.29.22:848][  0]LogInit:Display: RandInit(505929625) SRandInit(505929628).
[2015.12.28-01.29.22:848][  0]LogTaskGraph: Started task graph with 4 named threads and 7 total threads.
[2015.12.28-01.29.22:848][  0]LogStats: Stats thread started at 0.089415
[2015.12.28-01.29.22:848][  0]LogInit: Version: 4.10.1-2791327+++depot+UE4-Releases+4.10
[2015.12.28-01.29.22:848][  0]LogInit: API Version: 2758231
[2015.12.28-01.29.22:848][  0]LogInit: Compiled (64-bit): Dec  4 2015 19:44:40
[2015.12.28-01.29.22:848][  0]LogInit: Compiled with Visual C++: 19.00.23026.00
[2015.12.28-01.29.22:848][  0]LogInit: Build Configuration: Development
[2015.12.28-01.29.22:848][  0]LogInit: Branch Name: ++depot+UE4-Releases+4.10
[2015.12.28-01.29.22:848][  0]LogInit: Command line:  
[2015.12.28-01.29.22:848][  0]LogInit: Base directory: C:/Program Files/Epic Games/4.10/Engine/Binaries/Win64/
[2015.12.28-01.29.22:848][  0]LogInit: Rocket: 1
[2015.12.28-01.29.22:861][  0]LogInit: Using libcurl 7.41.0
[2015.12.28-01.29.22:861][  0]LogInit:  - built for x86_64-pc-win32
[2015.12.28-01.29.22:861][  0]LogInit:  - supports SSL with WinSSL
[2015.12.28-01.29.22:861][  0]LogInit:  - other features:
[2015.12.28-01.29.22:861][  0]LogInit:      CURL_VERSION_SSL
[2015.12.28-01.29.22:861][  0]LogInit:      CURL_VERSION_IPV6
[2015.12.28-01.29.22:861][  0]LogInit:      CURL_VERSION_ASYNCHDNS
[2015.12.28-01.29.22:861][  0]LogInit:      CURL_VERSION_LARGEFILE
[2015.12.28-01.29.22:861][  0]LogInit:      CURL_VERSION_IDN
[2015.12.28-01.29.22:861][  0]LogInit:  CurlRequestOptions (configurable via config and command line):
[2015.12.28-01.29.22:861][  0]LogInit:  - bVerifyPeer = true  - Libcurl will verify peer certificate
[2015.12.28-01.29.22:861][  0]LogInit:  - bUseHttpProxy = false  - Libcurl will NOT use HTTP proxy
[2015.12.28-01.29.22:861][  0]LogInit:  - bDontReuseConnections = false  - Libcurl will reuse connections
[2015.12.28-01.29.22:861][  0]LogInit:  - CertBundlePath = nullptr  - Libcurl will use whatever was configured at build time.
[2015.12.28-01.29.22:868][  0]LogInit: Presizing for 0 objects not considered by GC, pre-allocating 0 bytes.
[2015.12.28-01.29.22:875][  0]LogInit: Object subsystem initialized
[2015.12.28-01.29.22:876][  0]LogInit: Selected Device Profile: [Windows]
[2015.12.28-01.29.22:876][  0]LogInit: Applying CVar settings loaded from the selected device profile: [Windows]
[2015.12.28-01.29.22:889][  0]LogInit: Computer: MATT-PC
[2015.12.28-01.29.22:889][  0]LogInit: User: Matt
[2015.12.28-01.29.22:889][  0]LogInit: CPU Page size=4096, Cores=4
[2015.12.28-01.29.22:889][  0]LogInit: High frequency timer resolution =3.020527 MHz
[2015.12.28-01.29.22:889][  0]LogMemory: Memory total: Physical=7.9GB (8GB approx)
[2015.12.28-01.29.22:889][  0]LogMemory: Platform Memory Stats for Windows
[2015.12.28-01.29.22:889][  0]LogMemory: Process Physical Memory: 60.34 MB used, 60.34 MB peak
[2015.12.28-01.29.22:889][  0]LogMemory: Process Virtual Memory: 60.66 MB used, 60.66 MB peak
[2015.12.28-01.29.22:889][  0]LogMemory: Physical Memory: 4975.90 MB used, 8109.12 MB total
[2015.12.28-01.29.22:889][  0]LogMemory: Virtual Memory: 354.33 MB used, 8388608.00 MB total
[2015.12.28-01.29.22:960][  0]LogTextLocalizationManager: No specific translations for ('en-US') exist, so ('en') translations will be used.
[2015.12.28-01.29.23:428][  0]LogD3D11RHI: Found D3D11 adapter 0: AMD Radeon HD 7800 Series (Feature Level 11_0)
[2015.12.28-01.29.23:428][  0]LogD3D11RHI: Adapter has 2029MB of dedicated video memory, 0MB of dedicated system memory, and 3798MB of shared system memory, 1 output[s]
[2015.12.28-01.29.23:433][  0]LogD3D11RHI: Found D3D11 adapter 1: Intel(R) HD Graphics (Feature Level 11_0)
[2015.12.28-01.29.23:433][  0]LogD3D11RHI: Adapter has 64MB of dedicated video memory, 0MB of dedicated system memory, and 1632MB of shared system memory, 0 output[s]
[2015.12.28-01.29.23:434][  0]LogD3D11RHI: Chosen D3D11 Adapter Id = 0
[2015.12.28-01.29.23:441][  0]LogD3D11RHI: !Direct3DDevice
[2015.12.28-01.29.23:442][  0]LogRHI: Texture pool is 1361 MB (70% of 1945 MB)
[2015.12.28-01.29.23:446][  0]LogD3D11RHI: Async texture creation disabled: no driver support
[2015.12.28-01.29.23:455][  0]LogShaderCompilers: Guid format shader working directory is -29 characters bigger than the processId version (../../../../../../Users/Matt/Documents/GitHub/P3NGUIN/P3NGUIN/MyProject19/Intermediate/Shaders/WorkingDirectory/12088/).
[2015.12.28-01.29.23:455][  0]LogShaderCompilers: Cleaned the shader compiler working directory 'C:/Users/Matt/AppData/Local/Temp/UnrealShaderWorkingDir/5A54A9CA476A5153BD7EC284667351D0/'.
[2015.12.28-01.29.23:455][  0]LogShaderCompilers:Display: Using Local Shader Compiler.
[2015.12.28-01.29.24:502][  0]LogTemp:Display: Loaded TP AllDesktopTargetPlatform
[2015.12.28-01.29.24:508][  0]LogTemp:Display: Loaded TP WindowsClientTargetPlatform
[2015.12.28-01.29.24:513][  0]LogTemp:Display: Loaded TP WindowsNoEditorTargetPlatform
[2015.12.28-01.29.24:520][  0]LogTemp:Display: Loaded TP WindowsServerTargetPlatform
[2015.12.28-01.29.24:525][  0]LogTemp:Display: Loaded TP WindowsTargetPlatform
[2015.12.28-01.29.24:529][  0]LogTemp:Display: Loaded TP AndroidTargetPlatform
[2015.12.28-01.29.24:533][  0]LogTemp:Display: Loaded TP Android_ASTCTargetPlatform
[2015.12.28-01.29.24:537][  0]LogTemp:Display: Loaded TP Android_ATCTargetPlatform
[2015.12.28-01.29.24:541][  0]LogTemp:Display: Loaded TP Android_DXTTargetPlatform
[2015.12.28-01.29.24:544][  0]LogTemp:Display: Loaded TP Android_ETC1TargetPlatform
[2015.12.28-01.29.24:548][  0]LogTemp:Display: Loaded TP Android_ETC2TargetPlatform
[2015.12.28-01.29.24:555][  0]LogTemp:Display: Loaded TP Android_MultiTargetPlatform
[2015.12.28-01.29.24:555][  0]LogTemp:Display: Loaded TP Android_PVRTCTargetPlatform
[2015.12.28-01.29.24:557][  0]LogTemp:Display: Loaded TP HTML5TargetPlatform
[2015.12.28-01.29.24:574][  0]LogTemp:Display: Loaded TP IOSTargetPlatform
[2015.12.28-01.29.24:577][  0]LogTemp:Display: Loaded TP LinuxNoEditorTargetPlatform
[2015.12.28-01.29.24:581][  0]LogTemp:Display: Loaded TP LinuxServerTargetPlatform
[2015.12.28-01.29.24:585][  0]LogTemp:Display: Loaded TP LinuxTargetPlatform
[2015.12.28-01.29.24:585][  0]LogTargetPlatformManager:Display: Building Assets For Windows
[2015.12.28-01.29.24:690][  0]LogDerivedDataCache:Display: Max Cache Size: 512 MB
[2015.12.28-01.29.24:734][  0]LogDerivedDataCache: Loaded boot cache 0.04s 41MB C:/Users/Matt/AppData/Local/UnrealEngine/4.10/DerivedDataCache/Boot.ddc.
[2015.12.28-01.29.24:734][  0]LogDerivedDataCache:Display: Loaded Boot cache: C:/Users/Matt/AppData/Local/UnrealEngine/4.10/DerivedDataCache/Boot.ddc
[2015.12.28-01.29.24:734][  0]LogDerivedDataCache: FDerivedDataBackendGraph:  Pak pak cache file ../../../../../../Users/Matt/Documents/GitHub/P3NGUIN/P3NGUIN/MyProject19/DerivedDataCache/DDC.ddp not found, will not use a pak cache.
[2015.12.28-01.29.24:734][  0]LogDerivedDataCache: Unable to find inner node Pak for hierarchical cache Hierarchy.
[2015.12.28-01.29.24:734][  0]LogDerivedDataCache: FDerivedDataBackendGraph:  CompressedPak pak cache file ../../../../../../Users/Matt/Documents/GitHub/P3NGUIN/P3NGUIN/MyProject19/DerivedDataCache/Compressed.ddp not found, will not use a pak cache.
[2015.12.28-01.29.24:734][  0]LogDerivedDataCache: Unable to find inner node CompressedPak for hierarchical cache Hierarchy.
[2015.12.28-01.29.24:795][  0]LogDerivedDataCache:Display: Pak cache opened for reading ../../../Engine/DerivedDataCache/Compressed.ddp.
[2015.12.28-01.29.24:806][  0]LogDerivedDataCache: Using Local data cache path C:/Users/Matt/AppData/Local/UnrealEngine/Common/DerivedDataCache: Writable
[2015.12.28-01.29.25:010][  0]LogInit: Selected Device Profile: [Windows]
[2015.12.28-01.29.25:010][  0]LogContentStreaming: Texture pool size is 0.000000MB
[2015.12.28-01.29.25:062][  0]LogMeshUtilities: No automatic mesh reduction module available
[2015.12.28-01.29.25:062][  0]LogMeshUtilities: No automatic mesh merging module available
[2015.12.28-01.29.25:426][  0]LogInit: WinSock: version 1.1 (2.2), MaxSocks=32767, MaxUdp=65467
[2015.12.28-01.29.26:306][  0]UdpMessaging: Initializing bridge on interface 0.0.0.0:0 to multicast group 230.0.0.1:6666.
[2015.12.28-01.29.26:409][  0]LogAssetRegistry: FAssetRegistry took 0.0101 seconds to start up
[2015.12.28-01.29.26:636][  0]SourceControl: Info Source control is disabled
[2015.12.28-01.29.26:638][  0]SourceControl: Info Source control is disabled
[2015.12.28-01.29.26:655][  0]SourceControl: Info Source control is disabled
[2015.12.28-01.29.26:674][  0]SourceControl: Info Source control is disabled
[2015.12.28-01.29.27:030][  0]LogObj: 28633 objects as part of root set at end of initial load.
[2015.12.28-01.29.27:030][  0]LogUObjectAllocator: 6099752 out of 0 bytes used by permanent object pool.
[2015.12.28-01.29.27:089][  0]LogEngine: Initializing Engine...
[2015.12.28-01.29.27:098][  0]LogHMD: Can't find Oculus library dev build: is proper Runtime installed? Version: 0.8.0.0
[2015.12.28-01.29.27:099][  0]LogHMD: SteamVR failed to initialize.  Err: 110
[2015.12.28-01.29.27:245][  0]LogAIModule: Creating AISystem for world NewWorld
[2015.12.28-01.29.27:251][  0]LogInit: XAudio2 using 'Speakers (Realtek High Definition Audio)' : 2 channels at 48 kHz using 32 bits per sample (channel mask 0x3)
[2015.12.28-01.29.27:296][  0]LogInit: FAudioDevice initialized.
[2015.12.28-01.29.27:318][  0]LogDerivedDataCache: Saved boot cache 0.02s 41MB C:/Users/Matt/AppData/Local/UnrealEngine/4.10/DerivedDataCache/Boot.ddc.
[2015.12.28-01.29.27:321][  0]LogInit: Texture streaming: Enabled
[2015.12.28-01.29.27:327][  0]LogAnalytics: Creating configured Analytics provider AnalyticsET
[2015.12.28-01.29.27:327][  0]LogAnalytics: [UEEditor.Rocket.Release] APIServer = http://et2.epicgames.com/ET2/. AppVersion = 4.10.1-2791327+++depot+UE4-Releases+4.10
[2015.12.28-01.29.27:327][  0]LogAnalytics: [UEEditor.Rocket.Release] SetUserId de43219841e5038bf49fbfa481591ee0|4e461f00ab6f49d29405414d884919d6|9448dfb4-8168-4a85-8046-6b7a073564d8
[2015.12.28-01.29.27:327][  0]LogAnalytics: [UEEditor.Rocket.Release] AnalyticsET::StartSession
[2015.12.28-01.29.27:350][  0]LogInit: Transaction tracking system initialized
[2015.12.28-01.29.27:383][  0]BlueprintLog: New page: Editor Load
[2015.12.28-01.29.27:493][  0]LocalizationService: Info Localization service is disabled
[2015.12.28-01.29.27:595][  0]LogConsoleResponse:Display: 
[2015.12.28-01.29.27:751][  0]LogCook:Display: Done creating registry. It took  0.00s.
[2015.12.28-01.29.27:787][  0]LogFileCache: Scanning file cache for directory 'C:/Users/Matt/Documents/GitHub/P3NGUIN/P3NGUIN/MyProject19/Content/' took 0.02s
[2015.12.28-01.29.27:832][  0]SourceControl: Info Source control is disabled
[2015.12.28-01.29.27:832][  0]Cmd: MAP LOAD FILE="../../../../../../Users/Matt/Documents/GitHub/P3NGUIN/P3NGUIN/MyProject19/Content/Maps/VerticalSlicePersitantLevel.umap" TEMPLATE=0 SHOWPROGRESS=1 FEATURELEVEL=3
[2015.12.28-01.29.27:833][  0]LightingResults: New page: Lighting Build
[2015.12.28-01.29.27:837][  0]MapCheck: New page: Map Check
[2015.12.28-01.29.27:837][  0]LightingResults: New page: Lighting Build
[2015.12.28-01.29.27:866][  0]LogParticles: Destroying 0 GPU particle simulations for FXSystem 0x0000000020FFA160
[2015.12.28-01.29.27:905][  0]LogLinker:Warning: Asset '../../../../../../Users/Matt/Documents/GitHub/P3NGUIN/P3NGUIN/MyProject19/Content/Mannequin/Animations/ThirdPerson_AnimBP.uasset' has been saved with empty engine version. The asset will be loaded but may be incompatible.
[2015.12.28-01.29.27:907][  0]LogLinker:Warning: Asset '../../../../../../Users/Matt/Documents/GitHub/P3NGUIN/P3NGUIN/MyProject19/Content/Mannequin/Animations/ThirdPerson_Jump.uasset' has been saved with empty engine version. The asset will be loaded but may be incompatible.
[2015.12.28-01.29.27:909][  0]LogLinker:Warning: Asset '../../../../../../Users/Matt/Documents/GitHub/P3NGUIN/P3NGUIN/MyProject19/Content/Mannequin/Animations/ThirdPersonJump_Loop.uasset' has been saved with empty engine version. The asset will be loaded but may be incompatible.
[2015.12.28-01.29.27:910][  0]LogLinker:Warning: Asset '../../../../../../Users/Matt/Documents/GitHub/P3NGUIN/P3NGUIN/MyProject19/Content/Mannequin/Animations/ThirdPersonJump_Start.uasset' has been saved with empty engine version. The asset will be loaded but may be incompatible.
[2015.12.28-01.29.27:911][  0]LogLinker:Warning: Asset '../../../../../../Users/Matt/Documents/GitHub/P3NGUIN/P3NGUIN/MyProject19/Content/Mannequin/Animations/ThirdPerson_IdleRun_2D.uasset' has been saved with empty engine version. The asset will be loaded but may be incompatible.
[2015.12.28-01.29.27:912][  0]LogLinker:Warning: Asset '../../../../../../Users/Matt/Documents/GitHub/P3NGUIN/P3NGUIN/MyProject19/Content/Mannequin/Animations/ThirdPersonIdle.uasset' has been saved with empty engine version. The asset will be loaded but may be incompatible.
[2015.12.28-01.29.27:913][  0]LogLinker:Warning: Asset '../../../../../../Users/Matt/Documents/GitHub/P3NGUIN/P3NGUIN/MyProject19/Content/Mannequin/Animations/ThirdPersonRun.uasset' has been saved with empty engine version. The asset will be loaded but may be incompatible.
[2015.12.28-01.29.27:914][  0]LogLinker:Warning: Asset '../../../../../../Users/Matt/Documents/GitHub/P3NGUIN/P3NGUIN/MyProject19/Content/Mannequin/Animations/ThirdPersonWalk.uasset' has been saved with empty engine version. The asset will be loaded but may be incompatible.
[2015.12.28-01.29.28:960][  0]LogBlueprint:Warning: [compiler ThirdPersonCharacter] Warning 'AbilitiesMenu' is already a 'Ability Menu', you don't need  Cast To AbilityMenu .
[2015.12.28-01.29.28:964][  0]LogBlueprint:Warning: [compiler ThirdPersonCharacter] Warning 'PointerClass' is already a 'Pointer', you don't need  Cast To Pointer .
[2015.12.28-01.29.28:966][  0]LogBlueprint:Warning: [compiler ThirdPersonCharacter] Warning No value will be returned by reference. Parameter 'EndTime'. Node:  (none) 
[2015.12.28-01.29.28:978][  0]LogBlueprint:Warning: [compiler ThirdPersonCharacter] Warning 'SecondPointer' is already a 'Pointer 2', you don't need  Cast To Pointer2 .
[2015.12.28-01.29.28:998][  0]LogBlueprint:Warning: [compiler ThirdPersonCharacter] Warning [0006.77] Compile of ThirdPersonCharacter successful, but with 4 Warning(s) [in 119 ms]
[2015.12.28-01.29.28:998][  0]LogBlueprint:Warning: [compiler ThirdPersonCharacter] Warning [0006.77] Compile of ThirdPersonCharacter successful, but with 5 Warning(s) [in 0 ms]
[2015.12.28-01.29.28:998][  0]LogBlueprint:Warning: [compiler ThirdPersonCharacter] Warning [0006.77] Compile of ThirdPersonCharacter successful, but with 6 Warning(s) [in 0 ms]
[2015.12.28-01.29.29:065][  0]LogBlueprint:Warning: [compiler AbilityMenu] Warning 'ReturnValue' is already a 'Listed Item', you don't need  Cast To ListedItem .
[2015.12.28-01.29.29:066][  0]LogBlueprint:Warning: [compiler AbilityMenu] Warning 'ReturnValue' is already a 'Listed Item', you don't need  Cast To ListedItem .
[2015.12.28-01.29.29:070][  0]LogBlueprint:Warning: [compiler AbilityMenu] Warning [0006.84] Compile of AbilityMenu successful, but with 2 Warning(s) [in 32 ms]
[2015.12.28-01.29.29:072][  0]LogBlueprint:Warning: [compiler AbilityMenu] Warning [0006.84] Compile of AbilityMenu successful, but with 3 Warning(s) [in 1 ms]
[2015.12.28-01.29.29:072][  0]LogBlueprint:Warning: [compiler AbilityMenu] Warning [0006.84] Compile of AbilityMenu successful, but with 4 Warning(s) [in 0 ms]
[2015.12.28-01.29.29:112][  0]LogBlueprint:Warning: [compiler FreeMovementLocator] Warning 'Third Person Character 2D' does not inherit from 'Player Controller' ( Cast To ThirdPersonCharacter2D  would always fail).
[2015.12.28-01.29.29:113][  0]LogBlueprint:Warning: [compiler FreeMovementLocator] Warning [0006.88] Compile of FreeMovementLocator successful, but with 1 Warning(s) [in 3 ms]
[2015.12.28-01.29.29:113][  0]LogBlueprint:Warning: [compiler FreeMovementLocator] Warning [0006.88] Compile of FreeMovementLocator successful, but with 2 Warning(s) [in 0 ms]
[2015.12.28-01.29.29:113][  0]LogBlueprint:Warning: [compiler FreeMovementLocator] Warning [0006.88] Compile of FreeMovementLocator successful, but with 3 Warning(s) [in 0 ms]
[2015.12.28-01.29.29:671][  0]LogBlueprint:Warning: [compiler ThirdPersonCharacter2D] Warning No value will be returned by reference. Parameter 'EndTime'. Node:  (none) 
[2015.12.28-01.29.29:688][  0]LogBlueprint:Warning: [compiler ThirdPersonCharacter2D] Warning 'AbilitiesMenu' is already a 'Ability Menu', you don't need  Cast To AbilityMenu .
[2015.12.28-01.29.29:689][  0]LogBlueprint:Warning: [compiler ThirdPersonCharacter2D] Warning 'ReturnValue' is already a 'Knife', you don't need  Cast To Knife .
[2015.12.28-01.29.29:697][  0]LogBlueprint:Warning: [compiler ThirdPersonCharacter2D] Warning 'SecondPointer' is already a 'Pointer 2', you don't need  Cast To Pointer2 .
[2015.12.28-01.29.29:776][  0]LogBlueprint:Warning: [compiler ThirdPersonCharacter2D] Warning [0007.55] Compile of ThirdPersonCharacter2D successful, but with 4 Warning(s) [in 192 ms]
[2015.12.28-01.29.29:777][  0]LogBlueprint:Warning: [compiler ThirdPersonCharacter2D] Warning [0007.55] Compile of ThirdPersonCharacter2D successful, but with 5 Warning(s) [in 0 ms]
[2015.12.28-01.29.29:777][  0]LogBlueprint:Warning: [compiler ThirdPersonCharacter2D] Warning [0007.55] Compile of ThirdPersonCharacter2D successful, but with 6 Warning(s) [in 0 ms]
[2015.12.28-01.29.29:781][  0]LogBlueprint:Warning: [compiler FreeMovementLocator] Warning 'Third Person Character 2D' does not inherit from 'Player Controller' ( Cast To ThirdPersonCharacter2D  would always fail).
[2015.12.28-01.29.29:782][  0]LogBlueprint:Warning: [compiler FreeMovementLocator] Warning [0007.55] Compile of FreeMovementLocator successful, but with 1 Warning(s) [in 2 ms]
[2015.12.28-01.29.29:782][  0]LogBlueprint:Warning: [compiler FreeMovementLocator] Warning [0007.55] Compile of FreeMovementLocator successful, but with 2 Warning(s) [in 0 ms]
[2015.12.28-01.29.29:786][  0]LogBlueprint:Warning: [compiler FreeMovementLocator] Warning [0007.56] Compile of FreeMovementLocator successful, but with 3 Warning(s) [in 3 ms]
[2015.12.28-01.29.29:873][  0]LogBlueprint:Warning: [compiler AbilityMenu] Warning 'ReturnValue' is already a 'Listed Item', you don't need  Cast To ListedItem .
[2015.12.28-01.29.29:874][  0]LogBlueprint:Warning: [compiler AbilityMenu] Warning 'ReturnValue' is already a 'Listed Item', you don't need  Cast To ListedItem .
[2015.12.28-01.29.29:877][  0]LogBlueprint:Warning: [compiler AbilityMenu] Warning [0007.65] Compile of AbilityMenu successful, but with 2 Warning(s) [in 28 ms]
[2015.12.28-01.29.29:878][  0]LogBlueprint:Warning: [compiler AbilityMenu] Warning [0007.65] Compile of AbilityMenu successful, but with 3 Warning(s) [in 0 ms]
[2015.12.28-01.29.29:883][  0]LogBlueprint:Warning: [compiler AbilityMenu] Warning [0007.65] Compile of AbilityMenu successful, but with 4 Warning(s) [in 5 ms]
[2015.12.28-01.29.30:018][  0]LogBlueprint:Warning: [compiler ThirdPersonCharacter] Warning 'AbilitiesMenu' is already a 'Ability Menu', you don't need  Cast To AbilityMenu .
[2015.12.28-01.29.30:020][  0]LogBlueprint:Warning: [compiler ThirdPersonCharacter] Warning 'PointerClass' is already a 'Pointer', you don't need  Cast To Pointer .
[2015.12.28-01.29.30:022][  0]LogBlueprint:Warning: [compiler ThirdPersonCharacter] Warning No value will be returned by reference. Parameter 'EndTime'. Node:  (none) 
[2015.12.28-01.29.30:036][  0]LogBlueprint:Warning: [compiler ThirdPersonCharacter] Warning 'SecondPointer' is already a 'Pointer 2', you don't need  Cast To Pointer2 .
[2015.12.28-01.29.30:058][  0]LogBlueprint:Warning: [compiler ThirdPersonCharacter] Warning [0007.83] Compile of ThirdPersonCharacter successful, but with 4 Warning(s) [in 124 ms]
[2015.12.28-01.29.30:058][  0]LogBlueprint:Warning: [compiler ThirdPersonCharacter] Warning [0007.83] Compile of ThirdPersonCharacter successful, but with 5 Warning(s) [in 0 ms]
[2015.12.28-01.29.30:058][  0]LogBlueprint:Warning: [compiler ThirdPersonCharacter] Warning [0007.83] Compile of ThirdPersonCharacter successful, but with 6 Warning(s) [in 0 ms]
[2015.12.28-01.29.30:191][  0]LogBlueprint:Warning: [compiler ThirdPersonCharacter2D] Warning No value will be returned by reference. Parameter 'EndTime'. Node:  (none) 
[2015.12.28-01.29.30:208][  0]LogBlueprint:Warning: [compiler ThirdPersonCharacter2D] Warning 'AbilitiesMenu' is already a 'Ability Menu', you don't need  Cast To AbilityMenu .
[2015.12.28-01.29.30:208][  0]LogBlueprint:Warning: [compiler ThirdPersonCharacter2D] Warning 'ReturnValue' is already a 'Knife', you don't need  Cast To Knife .
[2015.12.28-01.29.30:217][  0]LogBlueprint:Warning: [compiler ThirdPersonCharacter2D] Warning 'SecondPointer' is already a 'Pointer 2', you don't need  Cast To Pointer2 .
[2015.12.28-01.29.30:352][  0]LogBlueprint:Warning: [compiler ThirdPersonCharacter2D] Warning [0008.12] Compile of ThirdPersonCharacter2D successful, but with 4 Warning(s) [in 249 ms]
[2015.12.28-01.29.30:352][  0]LogBlueprint:Warning: [compiler ThirdPersonCharacter2D] Warning [0008.12] Compile of ThirdPersonCharacter2D successful, but with 5 Warning(s) [in 0 ms]
[2015.12.28-01.29.30:357][  0]LogBlueprint:Warning: [compiler ThirdPersonCharacter2D] Warning [0008.13] Compile of ThirdPersonCharacter2D successful, but with 6 Warning(s) [in 5 ms]
[2015.12.28-01.29.31:506][  0]LogAIModule: Creating AISystem for world VerticalSlicePersitantLevel
[2015.12.28-01.29.31:932][  0]LogBlueprint:Warning: [compiler NewSwitch] Warning 'Item' is already a 'Temporary Platform', you don't need  Cast To TemporaryPlatform .
[2015.12.28-01.29.31:934][  0]LogBlueprint:Warning: [compiler NewSwitch] Warning [0009.70] Compile of NewSwitch successful, but with 1 Warning(s) [in 8 ms]
[2015.12.28-01.29.31:935][  0]LogBlueprint:Warning: [compiler NewSwitch] Warning [0009.70] Compile of NewSwitch successful, but with 2 Warning(s) [in 0 ms]
[2015.12.28-01.29.31:935][  0]LogBlueprint:Warning: [compiler NewSwitch] Warning [0009.70] Compile of NewSwitch successful, but with 3 Warning(s) [in 0 ms]
[2015.12.28-01.29.31:942][  0]LogBlueprint:Warning: [compiler NewSwitch] Warning 'Item' is already a 'Temporary Platform', you don't need  Cast To TemporaryPlatform .
[2015.12.28-01.29.31:943][  0]LogBlueprint:Warning: [compiler NewSwitch] Warning [0009.71] Compile of NewSwitch successful, but with 1 Warning(s) [in 6 ms]
[2015.12.28-01.29.31:943][  0]LogBlueprint:Warning: [compiler NewSwitch] Warning [0009.71] Compile of NewSwitch successful, but with 2 Warning(s) [in 0 ms]
[2015.12.28-01.29.31:943][  0]LogBlueprint:Warning: [compiler NewSwitch] Warning [0009.71] Compile of NewSwitch successful, but with 3 Warning(s) [in 0 ms]
[2015.12.28-01.29.31:952][  0]LogBlueprint:Warning: [compiler Basement_Blockout] Warning  Sequence  has no valid output
[2015.12.28-01.29.31:952][  0]LogBlueprint:Warning: [compiler Basement_Blockout] Warning [0009.72] Compile of Basement_Blockout successful, but with 1 Warning(s) [in 1 ms]
[2015.12.28-01.29.31:952][  0]LogBlueprint:Warning: [compiler Basement_Blockout] Warning [0009.72] Compile of Basement_Blockout successful, but with 2 Warning(s) [in 0 ms]
[2015.12.28-01.29.31:952][  0]LogBlueprint:Warning: [compiler Basement_Blockout] Warning [0009.72] Compile of Basement_Blockout successful, but with 3 Warning(s) [in 0 ms]
[2015.12.28-01.29.31:955][  0]LogBlueprint:Warning: [compiler Basement_Blockout] Warning  Sequence  has no valid output
[2015.12.28-01.29.31:956][  0]LogBlueprint:Warning: [compiler Basement_Blockout] Warning [0009.72] Compile of Basement_Blockout successful, but with 1 Warning(s) [in 2 ms]
[2015.12.28-01.29.31:956][  0]LogBlueprint:Warning: [compiler Basement_Blockout] Warning [0009.72] Compile of Basement_Blockout successful, but with 2 Warning(s) [in 0 ms]
[2015.12.28-01.29.31:956][  0]LogBlueprint:Warning: [compiler Basement_Blockout] Warning [0009.72] Compile of Basement_Blockout successful, but with 3 Warning(s) [in 0 ms]
[2015.12.28-01.29.32:807][  0]LogEditorServer: Finished looking for orphan Actors (0.000 secs)
[2015.12.28-01.29.32:808][  0]Cmd: MAP CHECKDEP NOCLEARLOG
[2015.12.28-01.29.32:918][  0]MapCheck: Info Map check complete: 0 Error(s), 0 Warning(s), took 110.283ms to complete.
[2015.12.28-01.29.32:918][  0]LogFileHelpers: Loading map 'VerticalSlicePersitantLevel' took 5.086
[2015.12.28-01.29.33:035][  0]LogCollectionManager: Loaded 0 collections in 0.002600 seconds
[2015.12.28-01.29.33:076][  0]LogFileCache: Scanning file cache for directory 'C:/Users/Matt/Documents/GitHub/P3NGUIN/P3NGUIN/MyProject19/Saved/Collections/' took 0.01s
[2015.12.28-01.29.33:076][  0]LogFileCache: Scanning file cache for directory 'C:/Users/Matt/Documents/GitHub/P3NGUIN/P3NGUIN/MyProject19/Content/Developers/Matt/Collections/' took 0.01s
[2015.12.28-01.29.33:076][  0]LogFileCache: Scanning file cache for directory 'C:/Users/Matt/Documents/GitHub/P3NGUIN/P3NGUIN/MyProject19/Content/Collections/' took 0.01s
[2015.12.28-01.29.33:076][  0]LogCollectionManager: Rebuilt the GUID cache for 0 collections in 0.000002 seconds
[2015.12.28-01.29.33:086][  0]LogContentBrowser: Native class hierarchy populated in 0.0092 seconds. Added 1893 classes and 338 folders.
[2015.12.28-01.29.33:093][  0]LogContentBrowser: Native class hierarchy updated for 'WidgetCarousel' in 0.0004 seconds. Added 0 classes and 0 folders.
[2015.12.28-01.29.33:160][  0]LogContentBrowser: Native class hierarchy updated for 'AddContentDialog' in 0.0005 seconds. Added 0 classes and 0 folders.
[2015.12.28-01.29.33:164][  0]LogContentBrowser: Native class hierarchy updated for 'SceneOutliner' in 0.0005 seconds. Added 1 classes and 2 folders.
[2015.12.28-01.29.33:183][  0]LogContentBrowser: Native class hierarchy updated for 'WorldBrowser' in 0.0008 seconds. Added 1 classes and 3 folders.
[2015.12.28-01.29.33:188][  0]LogCrashTracker: Crashtracker disabled due to settings.
[2015.12.28-01.29.33:191][  0]LogUObjectGlobals:Warning: Failed to find object 'Class None.'
[2015.12.28-01.29.33:213][  0]LogLoad: Full Startup: 10.98 seconds (BP compile: 1.72 seconds)
[2015.12.28-01.29.33:231][  0]LogOcInput: Can't find Oculus library dev build: is proper Runtime installed? Version: 0.8.0.0
[2015.12.28-01.29.33:311][  0]LogContentStreaming: Texture pool size now 1000 MB
[2015.12.28-01.29.33:473][  0]LogRenderer: Reallocating scene render targets to support 828x516 (Frame:2).
[2015.12.28-01.29.34:432][ 11]LogAssetRegistry: Asset discovery search completed in 8.0332 seconds
[2015.12.28-01.29.34:432][ 11]LogCollectionManager: Rebuilt the object cache for 0 collections in 0.000001 seconds (found 0 objects)
[2015.12.28-01.29.34:432][ 11]LogCollectionManager: Fixed up redirectors for 0 collections in 0.000022 seconds (updated 0 objects)
[2015.12.28-01.29.40:845][673]LogLinker:Warning: Asset '../../../Engine/Content/ArtTools/RenderToTexture/Macros/RenderToTextureMacros.uasset' has been saved with empty engine version. The asset will be loaded but may be incompatible.
[2015.12.28-01.29.41:326][673]LogContentBrowser: Native class hierarchy updated for 'BlueprintGraph' in 0.0009 seconds. Added 107 classes and 0 folders.
[2015.12.28-01.30.16:074][723]BlueprintLog: New page: Compile VerticalSlicePersitantLevel
[2015.12.28-01.30.16:189][723]LogActorComponent: UnregisterComponent: (/Engine/Transient.CharMoveComp) Not registered. Aborting.
[2015.12.28-01.30.16:189][723]LogActorComponent: UnregisterComponent: (/Engine/Transient.ProjectileMovement_GEN_VARIABLE) Not registered. Aborting.
[2015.12.28-01.30.16:189][723]LogActorComponent: UnregisterComponent: (/Engine/Transient.CharacterMovementComponent_0) Not registered. Aborting.
[2015.12.28-01.30.16:189][723]LogActorComponent: UnregisterComponent: (/Engine/Transient.ProjectileMovementComponent_0) Not registered. Aborting.
[2015.12.28-01.30.16:327][723]BlueprintEditorCompileResults: Info [0054.10] Compile of VerticalSlicePersitantLevel successful! [in 253 ms]
[2015.12.28-01.30.18:668][944]LogSavePackage: Save=221.290527ms
[2015.12.28-01.30.18:668][944]LogSavePackage: Moving '../../../../../../Users/Matt/Documents/GitHub/P3NGUIN/P3NGUIN/MyProject19/Saved/VerticalSlicePersitantLevel7BBA89134A443D9E7998E2BB53C2E030.tmp' to '../../../../../../Users/Matt/Documents/GitHub/P3NGUIN/P3NGUIN/MyProject19/Content/Maps/VerticalSlicePersitantLevel.umap'
[2015.12.28-01.30.18:676][944]LogSavePackage: Total save time: 261.987060ms
[2015.12.28-01.30.18:676][944]LogSavePackage:Display: Finished SavePackage ../../../../../../Users/Matt/Documents/GitHub/P3NGUIN/P3NGUIN/MyProject19/Content/Maps/VerticalSlicePersitantLevel.umap
[2015.12.28-01.30.18:754][944]LogFileHelpers: Saving map 'VerticalSlicePersitantLevel' took 0.485
[2015.12.28-01.30.20:324][118]LogBlueprintUserMessages: Early PlayInEditor Detection: Level '/Game/Maps/VerticalSlicePersitantLevel.VerticalSlicePersitantLevel:PersistentLevel' has LevelScriptBlueprint '/Game/Maps/VerticalSlicePersitantLevel.VerticalSlicePersitantLevel:PersistentLevel.VerticalSlicePersitantLevel' with GeneratedClass '/Game/Maps/VerticalSlicePersitantLevel.VerticalSlicePersitantLevel_C' with ClassGeneratedBy '/Game/Maps/VerticalSlicePersitantLevel.VerticalSlicePersitantLevel:PersistentLevel.VerticalSlicePersitantLevel'
[2015.12.28-01.30.20:324][118]LogBlueprintUserMessages: Early PlayInEditor Detection: Level '/Game/Maps/Plaza_Blockout.Plaza_Blockout:PersistentLevel' has LevelScriptBlueprint '/Game/Maps/Plaza_Blockout.Plaza_Blockout:PersistentLevel.Plaza_Blockout' with GeneratedClass '/Game/Maps/Plaza_Blockout.Plaza_Blockout_C' with ClassGeneratedBy '/Game/Maps/Plaza_Blockout.Plaza_Blockout:PersistentLevel.Plaza_Blockout'
[2015.12.28-01.30.20:324][118]LogBlueprintUserMessages: Early PlayInEditor Detection: Level '/Game/Maps/Basement_Blockout.Basement_Blockout:PersistentLevel' has LevelScriptBlueprint '/Game/Maps/Basement_Blockout.Basement_Blockout:PersistentLevel.Basement_Blockout' with GeneratedClass '/Game/Maps/Basement_Blockout.Basement_Blockout_C' with ClassGeneratedBy '/Game/Maps/Basement_Blockout.Basement_Blockout:PersistentLevel.Basement_Blockout'
[2015.12.28-01.30.20:324][118]LogBlueprintUserMessages: Early PlayInEditor Detection: Level '/Game/ThirdPersonBP/Maps/ThirdPersonExampleMap.ThirdPersonExampleMap:PersistentLevel' has LevelScriptBlueprint '/Game/ThirdPersonBP/Maps/ThirdPersonExampleMap.ThirdPersonExampleMap:PersistentLevel.ThirdPersonExampleMap' with GeneratedClass '/Game/ThirdPersonBP/Maps/ThirdPersonExampleMap.ThirdPersonExampleMap_C' with ClassGeneratedBy '/Game/ThirdPersonBP/Maps/ThirdPersonExampleMap.ThirdPersonExampleMap:PersistentLevel.ThirdPersonExampleMap'
[2015.12.28-01.30.20:324][118]LogPlayLevel: PlayLevel: No blueprints needed recompiling
[2015.12.28-01.30.20:325][118]PIE: New page: PIE session: VerticalSlicePersitantLevel (Dec 27, 2015, 9:30:20 AM)
[2015.12.28-01.30.20:325][118]LogPlayLevel: Creating play world package: /Game/Maps/UEDPIE_0_VerticalSlicePersitantLevel
[2015.12.28-01.30.20:346][118]LogPlayLevel: PIE: StaticDuplicateObject took: (0.021377s)
[2015.12.28-01.30.20:347][118]LogAIModule: Creating AISystem for world VerticalSlicePersitantLevel
[2015.12.28-01.30.20:347][118]LogPlayLevel: PIE: World Init took: (0.000601s)
[2015.12.28-01.30.20:347][118]LogPlayLevel: PIE: Created PIE world by copying editor world from /Game/Maps/VerticalSlicePersitantLevel.VerticalSlicePersitantLevel to /Game/Maps/UEDPIE_0_VerticalSlicePersitantLevel.VerticalSlicePersitantLevel (0.022224s)
[2015.12.28-01.30.20:389][118]LogInit: XAudio2 using 'Speakers (Realtek High Definition Audio)' : 2 channels at 48 kHz using 32 bits per sample (channel mask 0x3)
[2015.12.28-01.30.20:427][118]LogInit: FAudioDevice initialized.
[2015.12.28-01.30.20:508][118]LogWorld: Game class is '2dFlipBookGameMode_C'
[2015.12.28-01.30.20:513][118]LogWorld: Bringing World /Game/Maps/UEDPIE_0_VerticalSlicePersitantLevel.VerticalSlicePersitantLevel up for play (max tick rate 0) at 2015.12.27-17.30.20
[2015.12.28-01.30.20:513][118]LogActor:Warning: GameSession /Game/Maps/UEDPIE_0_VerticalSlicePersitantLevel.VerticalSlicePersitantLevel:PersistentLevel.GameSession_0 has natively added scene component(s), but none of them were set as the actor's RootComponent - picking one arbitrarily
[2015.12.28-01.30.20:513][118]LogActor:Warning: GameNetworkManager /Game/Maps/UEDPIE_0_VerticalSlicePersitantLevel.VerticalSlicePersitantLevel:PersistentLevel.GameNetworkManager_0 has natively added scene component(s), but none of them were set as the actor's RootComponent - picking one arbitrarily
[2015.12.28-01.30.20:513][118]LogWorld: Bringing up level for play took: 0.003010
[2015.12.28-01.30.20:518][118]LogLevel: ActivateLevel /Game/Maps/UEDPIE_0_Plaza_Blockout 1 1 1
[2015.12.28-01.30.20:530][118]PIE: Info Play in editor start time for /Game/Maps/UEDPIE_0_VerticalSlicePersitantLevel 0.1
[2015.12.28-01.30.20:530][118]LogBlueprintUserMessages: Late PlayInEditor Detection: Level '/Game/Maps/VerticalSlicePersitantLevel.VerticalSlicePersitantLevel:PersistentLevel' has LevelScriptBlueprint '/Game/Maps/VerticalSlicePersitantLevel.VerticalSlicePersitantLevel:PersistentLevel.VerticalSlicePersitantLevel' with GeneratedClass '/Game/Maps/VerticalSlicePersitantLevel.VerticalSlicePersitantLevel_C' with ClassGeneratedBy '/Game/Maps/VerticalSlicePersitantLevel.VerticalSlicePersitantLevel:PersistentLevel.VerticalSlicePersitantLevel'
[2015.12.28-01.30.20:530][118]LogBlueprintUserMessages: Late PlayInEditor Detection: Level '/Game/Maps/Plaza_Blockout.Plaza_Blockout:PersistentLevel' has LevelScriptBlueprint '/Game/Maps/Plaza_Blockout.Plaza_Blockout:PersistentLevel.Plaza_Blockout' with GeneratedClass '/Game/Maps/Plaza_Blockout.Plaza_Blockout_C' with ClassGeneratedBy '/Game/Maps/Plaza_Blockout.Plaza_Blockout:PersistentLevel.Plaza_Blockout'
[2015.12.28-01.30.20:530][118]LogBlueprintUserMessages: Late PlayInEditor Detection: Level '/Game/Maps/Basement_Blockout.Basement_Blockout:PersistentLevel' has LevelScriptBlueprint '/Game/Maps/Basement_Blockout.Basement_Blockout:PersistentLevel.Basement_Blockout' with GeneratedClass '/Game/Maps/Basement_Blockout.Basement_Blockout_C' with ClassGeneratedBy '/Game/Maps/Basement_Blockout.Basement_Blockout:PersistentLevel.Basement_Blockout'
[2015.12.28-01.30.20:530][118]LogBlueprintUserMessages: Late PlayInEditor Detection: Level '/Game/ThirdPersonBP/Maps/ThirdPersonExampleMap.ThirdPersonExampleMap:PersistentLevel' has LevelScriptBlueprint '/Game/ThirdPersonBP/Maps/ThirdPersonExampleMap.ThirdPersonExampleMap:PersistentLevel.ThirdPersonExampleMap' with GeneratedClass '/Game/ThirdPersonBP/Maps/ThirdPersonExampleMap.ThirdPersonExampleMap_C' with ClassGeneratedBy '/Game/ThirdPersonBP/Maps/ThirdPersonExampleMap.ThirdPersonExampleMap:PersistentLevel.ThirdPersonExampleMap'
[2015.12.28-01.30.20:629][118]LogWorld: PIE: Copying PIE streaming level from /Game/Maps/Plaza_Blockout.Plaza_Blockout to /Game/Maps/UEDPIE_0_Plaza_Blockout.Plaza_Blockout. OwningWorld: /Game/Maps/UEDPIE_0_VerticalSlicePersitantLevel.VerticalSlicePersitantLevel
[2015.12.28-01.30.20:652][119]LogRenderer: Reallocating scene render targets to support 2560x1440 (Frame:1913).
[2015.12.28-01.30.20:652][119]LogRenderTargetPool:Warning: r.RenderTargetPoolMin exceeded 405/400 MB (ok in editor, bad on fixed memory platform)
[2015.12.28-01.30.21:631][167]LogPackageName:Error: DoesPackageExist: DoesPackageExist FAILED: 'game/ThirdPersonBP/Maps/ThirdPersonExampleMap.umap' is not a standard unreal filename or a long path name. Reason: Path should start with a '/'
[2015.12.28-01.30.21:631][167]LogPackageName: SearchForPackageOnDisk took   0.009s, but failed to resolve game/ThirdPersonBP/Maps/ThirdPersonExampleMap.umap.
[2015.12.28-01.30.21:641][168]LogPackageName:Error: DoesPackageExist: DoesPackageExist FAILED: 'game/ThirdPersonBP/Maps/ThirdPersonExampleMap.umap' is not a standard unreal filename or a long path name. Reason: Path should start with a '/'
[2015.12.28-01.30.21:641][168]LogPackageName: SearchForPackageOnDisk took   0.000s, but failed to resolve game/ThirdPersonBP/Maps/ThirdPersonExampleMap.umap.
[2015.12.28-01.30.21:641][168]LogNet: Browse: /Game/ThirdPersonBP/Maps/ThirdPersonExampleMap
[2015.12.28-01.30.21:642][168]LogNet:Warning: Travel Failure: [InvalidURL]: Invalid URL: /Game/ThirdPersonBP/Maps/ThirdPersonExampleMap
[2015.12.28-01.30.21:682][168]LogNet:Warning: TravelFailure: InvalidURL, Reason for Failure: 'Invalid URL: /Game/ThirdPersonBP/Maps/ThirdPersonExampleMap'. Shutting down PIE.
[2015.12.28-01.30.21:682][168]PIE:Warning: Warning TravelFailure: InvalidURL, Reason for Failure: 'Invalid URL: /Game/ThirdPersonBP/Maps/ThirdPersonExampleMap'. Shutting down PIE.
[2015.12.28-01.30.21:682][168]LogNet:Warning: Travel Failure: [ClientTravelFailure]: Invalid URL: /Game/ThirdPersonBP/Maps/ThirdPersonExampleMap
[2015.12.28-01.30.21:682][168]LogNet:Warning: TravelFailure: ClientTravelFailure, Reason for Failure: 'Invalid URL: /Game/ThirdPersonBP/Maps/ThirdPersonExampleMap'. Shutting down PIE.
[2015.12.28-01.30.21:682][168]PIE:Warning: Warning TravelFailure: ClientTravelFailure, Reason for Failure: 'Invalid URL: /Game/ThirdPersonBP/Maps/ThirdPersonExampleMap'. Shutting down PIE.
[2015.12.28-01.30.21:683][168]LogBlueprintUserMessages: Early EndPlayMap Detection: Level '/Game/Maps/VerticalSlicePersitantLevel.VerticalSlicePersitantLevel:PersistentLevel' has LevelScriptBlueprint '/Game/Maps/VerticalSlicePersitantLevel.VerticalSlicePersitantLevel:PersistentLevel.VerticalSlicePersitantLevel' with GeneratedClass '/Game/Maps/VerticalSlicePersitantLevel.VerticalSlicePersitantLevel_C' with ClassGeneratedBy '/Game/Maps/VerticalSlicePersitantLevel.VerticalSlicePersitantLevel:PersistentLevel.VerticalSlicePersitantLevel'
[2015.12.28-01.30.21:683][168]LogBlueprintUserMessages: Early EndPlayMap Detection: Level '/Game/Maps/Plaza_Blockout.Plaza_Blockout:PersistentLevel' has LevelScriptBlueprint '/Game/Maps/Plaza_Blockout.Plaza_Blockout:PersistentLevel.Plaza_Blockout' with GeneratedClass '/Game/Maps/Plaza_Blockout.Plaza_Blockout_C' with ClassGeneratedBy '/Game/Maps/Plaza_Blockout.Plaza_Blockout:PersistentLevel.Plaza_Blockout'
[2015.12.28-01.30.21:683][168]LogBlueprintUserMessages: Early EndPlayMap Detection: Level '/Game/Maps/Basement_Blockout.Basement_Blockout:PersistentLevel' has LevelScriptBlueprint '/Game/Maps/Basement_Blockout.Basement_Blockout:PersistentLevel.Basement_Blockout' with GeneratedClass '/Game/Maps/Basement_Blockout.Basement_Blockout_C' with ClassGeneratedBy '/Game/Maps/Basement_Blockout.Basement_Blockout:PersistentLevel.Basement_Blockout'
[2015.12.28-01.30.21:683][168]LogBlueprintUserMessages: Early EndPlayMap Detection: Level '/Game/ThirdPersonBP/Maps/ThirdPersonExampleMap.ThirdPersonExampleMap:PersistentLevel' has LevelScriptBlueprint '/Game/ThirdPersonBP/Maps/ThirdPersonExampleMap.ThirdPersonExampleMap:PersistentLevel.ThirdPersonExampleMap' with GeneratedClass '/Game/ThirdPersonBP/Maps/ThirdPersonExampleMap.ThirdPersonExampleMap_C' with ClassGeneratedBy '/Game/ThirdPersonBP/Maps/ThirdPersonExampleMap.ThirdPersonExampleMap:PersistentLevel.ThirdPersonExampleMap'
[2015.12.28-01.30.21:758][168]LogBlueprintUserMessages: Late EndPlayMap Detection: Level '/Game/Maps/VerticalSlicePersitantLevel.VerticalSlicePersitantLevel:PersistentLevel' has LevelScriptBlueprint '/Game/Maps/VerticalSlicePersitantLevel.VerticalSlicePersitantLevel:PersistentLevel.VerticalSlicePersitantLevel' with GeneratedClass '/Game/Maps/VerticalSlicePersitantLevel.VerticalSlicePersitantLevel_C' with ClassGeneratedBy '/Game/Maps/VerticalSlicePersitantLevel.VerticalSlicePersitantLevel:PersistentLevel.VerticalSlicePersitantLevel'
[2015.12.28-01.30.21:758][168]LogBlueprintUserMessages: Late EndPlayMap Detection: Level '/Game/Maps/Plaza_Blockout.Plaza_Blockout:PersistentLevel' has LevelScriptBlueprint '/Game/Maps/Plaza_Blockout.Plaza_Blockout:PersistentLevel.Plaza_Blockout' with GeneratedClass '/Game/Maps/Plaza_Blockout.Plaza_Blockout_C' with ClassGeneratedBy '/Game/Maps/Plaza_Blockout.Plaza_Blockout:PersistentLevel.Plaza_Blockout'
[2015.12.28-01.30.21:758][168]LogBlueprintUserMessages: Late EndPlayMap Detection: Level '/Game/Maps/Basement_Blockout.Basement_Blockout:PersistentLevel' has LevelScriptBlueprint '/Game/Maps/Basement_Blockout.Basement_Blockout:PersistentLevel.Basement_Blockout' with GeneratedClass '/Game/Maps/Basement_Blockout.Basement_Blockout_C' with ClassGeneratedBy '/Game/Maps/Basement_Blockout.Basement_Blockout:PersistentLevel.Basement_Blockout'
[2015.12.28-01.30.21:758][168]LogBlueprintUserMessages: Late EndPlayMap Detection: Level '/Game/ThirdPersonBP/Maps/ThirdPersonExampleMap.ThirdPersonExampleMap:PersistentLevel' has LevelScriptBlueprint '/Game/ThirdPersonBP/Maps/ThirdPersonExampleMap.ThirdPersonExampleMap:PersistentLevel.ThirdPersonExampleMap' with GeneratedClass '/Game/ThirdPersonBP/Maps/ThirdPersonExampleMap.ThirdPersonExampleMap_C' with ClassGeneratedBy '/Game/ThirdPersonBP/Maps/ThirdPersonExampleMap.ThirdPersonExampleMap:PersistentLevel.ThirdPersonExampleMap'
[2015.12.28-01.30.21:790][168]LogParticles: Destroying 0 GPU particle simulations for FXSystem 0x000000003D902520
[2015.12.28-01.30.25:126][410]LogRenderTargetPool:Warning: r.RenderTargetPoolMin exceeded 581/400 MB (ok in editor, bad on fixed memory platform)
[2015.12.28-01.30.33:410][991]LogRenderTargetPool:Warning: r.RenderTargetPoolMin exceeded 581/400 MB (ok in editor, bad on fixed memory platform)
[2015.12.28-01.30.34:063][ 44]LogRenderTargetPool:Warning: r.RenderTargetPoolMin exceeded 581/400 MB (ok in editor, bad on fixed memory platform)
[2015.12.28-01.31.01:457][321]LogRenderTargetPool:Warning: r.RenderTargetPoolMin exceeded 581/400 MB (ok in editor, bad on fixed memory platform)
[2015.12.28-01.31.07:319][783]LogRenderTargetPool:Warning: r.RenderTargetPoolMin exceeded 581/400 MB (ok in editor, bad on fixed memory platform)
[2015.12.28-01.31.07:769][822]LogRenderTargetPool:Warning: r.RenderTargetPoolMin exceeded 581/400 MB (ok in editor, bad on fixed memory platform)
[2015.12.28-01.31.10:397][ 32]LogRenderTargetPool:Warning: r.RenderTargetPoolMin exceeded 581/400 MB (ok in editor, bad on fixed memory platform)
[2015.12.28-01.31.10:996][ 81]LogRenderTargetPool:Warning: r.RenderTargetPoolMin exceeded 581/400 MB (ok in editor, bad on fixed memory platform)
[2015.12.28-01.31.18:273][943]BlueprintLog: New page: Compile VerticalSlicePersitantLevel
[2015.12.28-01.31.18:392][943]BlueprintEditorCompileResults: Info [0116.16] Compile of VerticalSlicePersitantLevel successful! [in 119 ms]
[2015.12.28-01.31.18:881][999]LogRenderTargetPool:Warning: r.RenderTargetPoolMin exceeded 581/400 MB (ok in editor, bad on fixed memory platform)
[2015.12.28-01.31.20:644][138]LogSavePackage: Save=224.723038ms
[2015.12.28-01.31.20:644][138]LogSavePackage: Moving '../../../../../../Users/Matt/Documents/GitHub/P3NGUIN/P3NGUIN/MyProject19/Saved/VerticalSlicePersitantLevel8099539B4A51E0ED8B697DBCD57C5F83.tmp' to '../../../../../../Users/Matt/Documents/GitHub/P3NGUIN/P3NGUIN/MyProject19/Content/Maps/VerticalSlicePersitantLevel.umap'
[2015.12.28-01.31.20:650][138]LogSavePackage: Total save time: 246.679801ms
[2015.12.28-01.31.20:650][138]LogSavePackage:Display: Finished SavePackage ../../../../../../Users/Matt/Documents/GitHub/P3NGUIN/P3NGUIN/MyProject19/Content/Maps/VerticalSlicePersitantLevel.umap
[2015.12.28-01.31.20:727][138]LogFileHelpers: Saving map 'VerticalSlicePersitantLevel' took 0.473
[2015.12.28-01.31.20:749][141]LogRenderTargetPool:Warning: r.RenderTargetPoolMin exceeded 581/400 MB (ok in editor, bad on fixed memory platform)
[2015.12.28-01.31.21:476][197]LogBlueprintUserMessages: Early PlayInEditor Detection: Level '/Game/Maps/VerticalSlicePersitantLevel.VerticalSlicePersitantLevel:PersistentLevel' has LevelScriptBlueprint '/Game/Maps/VerticalSlicePersitantLevel.VerticalSlicePersitantLevel:PersistentLevel.VerticalSlicePersitantLevel' with GeneratedClass '/Game/Maps/VerticalSlicePersitantLevel.VerticalSlicePersitantLevel_C' with ClassGeneratedBy '/Game/Maps/VerticalSlicePersitantLevel.VerticalSlicePersitantLevel:PersistentLevel.VerticalSlicePersitantLevel'
[2015.12.28-01.31.21:476][197]LogBlueprintUserMessages: Early PlayInEditor Detection: Level '/Game/Maps/Plaza_Blockout.Plaza_Blockout:PersistentLevel' has LevelScriptBlueprint '/Game/Maps/Plaza_Blockout.Plaza_Blockout:PersistentLevel.Plaza_Blockout' with GeneratedClass '/Game/Maps/Plaza_Blockout.Plaza_Blockout_C' with ClassGeneratedBy '/Game/Maps/Plaza_Blockout.Plaza_Blockout:PersistentLevel.Plaza_Blockout'
[2015.12.28-01.31.21:476][197]LogBlueprintUserMessages: Early PlayInEditor Detection: Level '/Game/Maps/Basement_Blockout.Basement_Blockout:PersistentLevel' has LevelScriptBlueprint '/Game/Maps/Basement_Blockout.Basement_Blockout:PersistentLevel.Basement_Blockout' with GeneratedClass '/Game/Maps/Basement_Blockout.Basement_Blockout_C' with ClassGeneratedBy '/Game/Maps/Basement_Blockout.Basement_Blockout:PersistentLevel.Basement_Blockout'
[2015.12.28-01.31.21:476][197]LogBlueprintUserMessages: Early PlayInEditor Detection: Level '/Game/ThirdPersonBP/Maps/ThirdPersonExampleMap.ThirdPersonExampleMap:PersistentLevel' has LevelScriptBlueprint '/Game/ThirdPersonBP/Maps/ThirdPersonExampleMap.ThirdPersonExampleMap:PersistentLevel.ThirdPersonExampleMap' with GeneratedClass '/Game/ThirdPersonBP/Maps/ThirdPersonExampleMap.ThirdPersonExampleMap_C' with ClassGeneratedBy '/Game/ThirdPersonBP/Maps/ThirdPersonExampleMap.ThirdPersonExampleMap:PersistentLevel.ThirdPersonExampleMap'
[2015.12.28-01.31.21:476][197]LogPlayLevel: PlayLevel: No blueprints needed recompiling
[2015.12.28-01.31.21:477][197]PIE: New page: PIE session: VerticalSlicePersitantLevel (Dec 27, 2015, 9:31:21 AM)
[2015.12.28-01.31.21:477][197]LogPlayLevel: Creating play world package: /Game/Maps/UEDPIE_0_VerticalSlicePersitantLevel
[2015.12.28-01.31.21:498][197]LogPlayLevel: PIE: StaticDuplicateObject took: (0.021480s)
[2015.12.28-01.31.21:499][197]LogAIModule: Creating AISystem for world VerticalSlicePersitantLevel
[2015.12.28-01.31.21:499][197]LogPlayLevel: PIE: World Init took: (0.000669s)
[2015.12.28-01.31.21:499][197]LogPlayLevel: PIE: Created PIE world by copying editor world from /Game/Maps/VerticalSlicePersitantLevel.VerticalSlicePersitantLevel to /Game/Maps/UEDPIE_0_VerticalSlicePersitantLevel.VerticalSlicePersitantLevel (0.022385s)
[2015.12.28-01.31.21:535][197]LogInit: XAudio2 using 'Speakers (Realtek High Definition Audio)' : 2 channels at 48 kHz using 32 bits per sample (channel mask 0x3)
[2015.12.28-01.31.21:575][197]LogInit: FAudioDevice initialized.
[2015.12.28-01.31.21:652][197]LogWorld: Game class is '2dFlipBookGameMode_C'
[2015.12.28-01.31.21:656][197]LogWorld: Bringing World /Game/Maps/UEDPIE_0_VerticalSlicePersitantLevel.VerticalSlicePersitantLevel up for play (max tick rate 0) at 2015.12.27-17.31.21
[2015.12.28-01.31.21:656][197]LogActor:Warning: GameSession /Game/Maps/UEDPIE_0_VerticalSlicePersitantLevel.VerticalSlicePersitantLevel:PersistentLevel.GameSession_1 has natively added scene component(s), but none of them were set as the actor's RootComponent - picking one arbitrarily
[2015.12.28-01.31.21:656][197]LogActor:Warning: GameNetworkManager /Game/Maps/UEDPIE_0_VerticalSlicePersitantLevel.VerticalSlicePersitantLevel:PersistentLevel.GameNetworkManager_1 has natively added scene component(s), but none of them were set as the actor's RootComponent - picking one arbitrarily
[2015.12.28-01.31.21:656][197]LogWorld: Bringing up level for play took: 0.002898
[2015.12.28-01.31.21:661][197]LogLevel: ActivateLevel /Game/Maps/UEDPIE_0_Plaza_Blockout 1 1 1
[2015.12.28-01.31.21:674][197]PIE: Info Play in editor start time for /Game/Maps/UEDPIE_0_VerticalSlicePersitantLevel -0.758
[2015.12.28-01.31.21:674][197]LogBlueprintUserMessages: Late PlayInEditor Detection: Level '/Game/Maps/VerticalSlicePersitantLevel.VerticalSlicePersitantLevel:PersistentLevel' has LevelScriptBlueprint '/Game/Maps/VerticalSlicePersitantLevel.VerticalSlicePersitantLevel:PersistentLevel.VerticalSlicePersitantLevel' with GeneratedClass '/Game/Maps/VerticalSlicePersitantLevel.VerticalSlicePersitantLevel_C' with ClassGeneratedBy '/Game/Maps/VerticalSlicePersitantLevel.VerticalSlicePersitantLevel:PersistentLevel.VerticalSlicePersitantLevel'
[2015.12.28-01.31.21:674][197]LogBlueprintUserMessages: Late PlayInEditor Detection: Level '/Game/Maps/Plaza_Blockout.Plaza_Blockout:PersistentLevel' has LevelScriptBlueprint '/Game/Maps/Plaza_Blockout.Plaza_Blockout:PersistentLevel.Plaza_Blockout' with GeneratedClass '/Game/Maps/Plaza_Blockout.Plaza_Blockout_C' with ClassGeneratedBy '/Game/Maps/Plaza_Blockout.Plaza_Blockout:PersistentLevel.Plaza_Blockout'
[2015.12.28-01.31.21:674][197]LogBlueprintUserMessages: Late PlayInEditor Detection: Level '/Game/Maps/Basement_Blockout.Basement_Blockout:PersistentLevel' has LevelScriptBlueprint '/Game/Maps/Basement_Blockout.Basement_Blockout:PersistentLevel.Basement_Blockout' with GeneratedClass '/Game/Maps/Basement_Blockout.Basement_Blockout_C' with ClassGeneratedBy '/Game/Maps/Basement_Blockout.Basement_Blockout:PersistentLevel.Basement_Blockout'
[2015.12.28-01.31.21:674][197]LogBlueprintUserMessages: Late PlayInEditor Detection: Level '/Game/ThirdPersonBP/Maps/ThirdPersonExampleMap.ThirdPersonExampleMap:PersistentLevel' has LevelScriptBlueprint '/Game/ThirdPersonBP/Maps/ThirdPersonExampleMap.ThirdPersonExampleMap:PersistentLevel.ThirdPersonExampleMap' with GeneratedClass '/Game/ThirdPersonBP/Maps/ThirdPersonExampleMap.ThirdPersonExampleMap_C' with ClassGeneratedBy '/Game/ThirdPersonBP/Maps/ThirdPersonExampleMap.ThirdPersonExampleMap:PersistentLevel.ThirdPersonExampleMap'
[2015.12.28-01.31.21:782][197]LogWorld: PIE: Copying PIE streaming level from /Game/Maps/Plaza_Blockout.Plaza_Blockout to /Game/Maps/UEDPIE_0_Plaza_Blockout.Plaza_Blockout. OwningWorld: /Game/Maps/UEDPIE_0_VerticalSlicePersitantLevel.VerticalSlicePersitantLevel
[2015.12.28-01.31.21:800][198]LogRenderTargetPool:Warning: r.RenderTargetPoolMin exceeded 582/400 MB (ok in editor, bad on fixed memory platform)
[2015.12.28-01.31.22:682][243]LogPackageName:Error: DoesPackageExist: DoesPackageExist FAILED: 'game/thirdoersonbp/maps/thirdpersonexamplemap.umap' is not a standard unreal filename or a long path name. Reason: Path should start with a '/'
[2015.12.28-01.31.22:682][243]LogPackageName: SearchForPackageOnDisk took   0.000s, but failed to resolve game/thirdoersonbp/maps/thirdpersonexamplemap.umap.
[2015.12.28-01.31.22:701][244]LogPackageName:Error: DoesPackageExist: DoesPackageExist FAILED: 'game/thirdoersonbp/maps/thirdpersonexamplemap.umap' is not a standard unreal filename or a long path name. Reason: Path should start with a '/'
[2015.12.28-01.31.22:702][244]LogPackageName: SearchForPackageOnDisk took   0.000s, but failed to resolve game/thirdoersonbp/maps/thirdpersonexamplemap.umap.
[2015.12.28-01.31.22:702][244]LogNet: Browse: /Game/ThirdPersonBP/Maps/ThirdPersonExampleMap
[2015.12.28-01.31.22:702][244]LogNet:Warning: Travel Failure: [InvalidURL]: Invalid URL: /Game/ThirdPersonBP/Maps/ThirdPersonExampleMap
[2015.12.28-01.31.22:702][244]LogNet:Warning: TravelFailure: InvalidURL, Reason for Failure: 'Invalid URL: /Game/ThirdPersonBP/Maps/ThirdPersonExampleMap'. Shutting down PIE.
[2015.12.28-01.31.22:702][244]PIE:Warning: Warning TravelFailure: InvalidURL, Reason for Failure: 'Invalid URL: /Game/ThirdPersonBP/Maps/ThirdPersonExampleMap'. Shutting down PIE.
[2015.12.28-01.31.22:702][244]LogNet:Warning: Travel Failure: [ClientTravelFailure]: Invalid URL: /Game/ThirdPersonBP/Maps/ThirdPersonExampleMap
[2015.12.28-01.31.22:702][244]LogNet:Warning: TravelFailure: ClientTravelFailure, Reason for Failure: 'Invalid URL: /Game/ThirdPersonBP/Maps/ThirdPersonExampleMap'. Shutting down PIE.
[2015.12.28-01.31.22:702][244]PIE:Warning: Warning TravelFailure: ClientTravelFailure, Reason for Failure: 'Invalid URL: /Game/ThirdPersonBP/Maps/ThirdPersonExampleMap'. Shutting down PIE.
[2015.12.28-01.31.22:703][244]LogBlueprintUserMessages: Early EndPlayMap Detection: Level '/Game/Maps/VerticalSlicePersitantLevel.VerticalSlicePersitantLevel:PersistentLevel' has LevelScriptBlueprint '/Game/Maps/VerticalSlicePersitantLevel.VerticalSlicePersitantLevel:PersistentLevel.VerticalSlicePersitantLevel' with GeneratedClass '/Game/Maps/VerticalSlicePersitantLevel.VerticalSlicePersitantLevel_C' with ClassGeneratedBy '/Game/Maps/VerticalSlicePersitantLevel.VerticalSlicePersitantLevel:PersistentLevel.VerticalSlicePersitantLevel'
[2015.12.28-01.31.22:703][244]LogBlueprintUserMessages: Early EndPlayMap Detection: Level '/Game/Maps/Plaza_Blockout.Plaza_Blockout:PersistentLevel' has LevelScriptBlueprint '/Game/Maps/Plaza_Blockout.Plaza_Blockout:PersistentLevel.Plaza_Blockout' with GeneratedClass '/Game/Maps/Plaza_Blockout.Plaza_Blockout_C' with ClassGeneratedBy '/Game/Maps/Plaza_Blockout.Plaza_Blockout:PersistentLevel.Plaza_Blockout'
[2015.12.28-01.31.22:703][244]LogBlueprintUserMessages: Early EndPlayMap Detection: Level '/Game/Maps/Basement_Blockout.Basement_Blockout:PersistentLevel' has LevelScriptBlueprint '/Game/Maps/Basement_Blockout.Basement_Blockout:PersistentLevel.Basement_Blockout' with GeneratedClass '/Game/Maps/Basement_Blockout.Basement_Blockout_C' with ClassGeneratedBy '/Game/Maps/Basement_Blockout.Basement_Blockout:PersistentLevel.Basement_Blockout'
[2015.12.28-01.31.22:703][244]LogBlueprintUserMessages: Early EndPlayMap Detection: Level '/Game/ThirdPersonBP/Maps/ThirdPersonExampleMap.ThirdPersonExampleMap:PersistentLevel' has LevelScriptBlueprint '/Game/ThirdPersonBP/Maps/ThirdPersonExampleMap.ThirdPersonExampleMap:PersistentLevel.ThirdPersonExampleMap' with GeneratedClass '/Game/ThirdPersonBP/Maps/ThirdPersonExampleMap.ThirdPersonExampleMap_C' with ClassGeneratedBy '/Game/ThirdPersonBP/Maps/ThirdPersonExampleMap.ThirdPersonExampleMap:PersistentLevel.ThirdPersonExampleMap'
[2015.12.28-01.31.22:785][244]LogBlueprintUserMessages: Late EndPlayMap Detection: Level '/Game/Maps/VerticalSlicePersitantLevel.VerticalSlicePersitantLevel:PersistentLevel' has LevelScriptBlueprint '/Game/Maps/VerticalSlicePersitantLevel.VerticalSlicePersitantLevel:PersistentLevel.VerticalSlicePersitantLevel' with GeneratedClass '/Game/Maps/VerticalSlicePersitantLevel.VerticalSlicePersitantLevel_C' with ClassGeneratedBy '/Game/Maps/VerticalSlicePersitantLevel.VerticalSlicePersitantLevel:PersistentLevel.VerticalSlicePersitantLevel'
[2015.12.28-01.31.22:785][244]LogBlueprintUserMessages: Late EndPlayMap Detection: Level '/Game/Maps/Plaza_Blockout.Plaza_Blockout:PersistentLevel' has LevelScriptBlueprint '/Game/Maps/Plaza_Blockout.Plaza_Blockout:PersistentLevel.Plaza_Blockout' with GeneratedClass '/Game/Maps/Plaza_Blockout.Plaza_Blockout_C' with ClassGeneratedBy '/Game/Maps/Plaza_Blockout.Plaza_Blockout:PersistentLevel.Plaza_Blockout'
[2015.12.28-01.31.22:785][244]LogBlueprintUserMessages: Late EndPlayMap Detection: Level '/Game/Maps/Basement_Blockout.Basement_Blockout:PersistentLevel' has LevelScriptBlueprint '/Game/Maps/Basement_Blockout.Basement_Blockout:PersistentLevel.Basement_Blockout' with GeneratedClass '/Game/Maps/Basement_Blockout.Basement_Blockout_C' with ClassGeneratedBy '/Game/Maps/Basement_Blockout.Basement_Blockout:PersistentLevel.Basement_Blockout'
[2015.12.28-01.31.22:785][244]LogBlueprintUserMessages: Late EndPlayMap Detection: Level '/Game/ThirdPersonBP/Maps/ThirdPersonExampleMap.ThirdPersonExampleMap:PersistentLevel' has LevelScriptBlueprint '/Game/ThirdPersonBP/Maps/ThirdPersonExampleMap.ThirdPersonExampleMap:PersistentLevel.ThirdPersonExampleMap' with GeneratedClass '/Game/ThirdPersonBP/Maps/ThirdPersonExampleMap.ThirdPersonExampleMap_C' with ClassGeneratedBy '/Game/ThirdPersonBP/Maps/ThirdPersonExampleMap.ThirdPersonExampleMap:PersistentLevel.ThirdPersonExampleMap'
[2015.12.28-01.31.22:819][244]LogParticles: Destroying 0 GPU particle simulations for FXSystem 0x000000002646FEC0
[2015.12.28-01.31.31:848][931]LogRenderTargetPool:Warning: r.RenderTargetPoolMin exceeded 581/400 MB (ok in editor, bad on fixed memory platform)
[2015.12.28-01.31.34:536][129]LogRenderTargetPool:Warning: r.RenderTargetPoolMin exceeded 581/400 MB (ok in editor, bad on fixed memory platform)
[2015.12.28-01.31.40:681][590]LogRenderTargetPool:Warning: r.RenderTargetPoolMin exceeded 581/400 MB (ok in editor, bad on fixed memory platform)
[2015.12.28-01.31.41:550][660]LogRenderTargetPool:Warning: r.RenderTargetPoolMin exceeded 581/400 MB (ok in editor, bad on fixed memory platform)
[2015.12.28-01.31.48:572][488]BlueprintLog: New page: Compile VerticalSlicePersitantLevel
[2015.12.28-01.31.48:692][488]BlueprintEditorCompileResults: Info [0146.46] Compile of VerticalSlicePersitantLevel successful! [in 119 ms]
[2015.12.28-01.31.49:168][542]LogRenderTargetPool:Warning: r.RenderTargetPoolMin exceeded 581/400 MB (ok in editor, bad on fixed memory platform)
[2015.12.28-01.31.52:794][855]LogSavePackage: Save=229.598343ms
[2015.12.28-01.31.52:794][855]LogSavePackage: Moving '../../../../../../Users/Matt/Documents/GitHub/P3NGUIN/P3NGUIN/MyProject19/Saved/VerticalSlicePersitantLevelBDA886734AC5A7A37CE73293F3834AEB.tmp' to '../../../../../../Users/Matt/Documents/GitHub/P3NGUIN/P3NGUIN/MyProject19/Content/Maps/VerticalSlicePersitantLevel.umap'
[2015.12.28-01.31.52:799][855]LogSavePackage: Total save time: 265.714560ms
[2015.12.28-01.31.52:800][855]LogSavePackage:Display: Finished SavePackage ../../../../../../Users/Matt/Documents/GitHub/P3NGUIN/P3NGUIN/MyProject19/Content/Maps/VerticalSlicePersitantLevel.umap
[2015.12.28-01.31.52:884][855]LogFileHelpers: Saving map 'VerticalSlicePersitantLevel' took 0.497
[2015.12.28-01.31.52:907][857]LogRenderTargetPool:Warning: r.RenderTargetPoolMin exceeded 581/400 MB (ok in editor, bad on fixed memory platform)
[2015.12.28-01.31.53:599][912]LogBlueprintUserMessages: Early PlayInEditor Detection: Level '/Game/Maps/VerticalSlicePersitantLevel.VerticalSlicePersitantLevel:PersistentLevel' has LevelScriptBlueprint '/Game/Maps/VerticalSlicePersitantLevel.VerticalSlicePersitantLevel:PersistentLevel.VerticalSlicePersitantLevel' with GeneratedClass '/Game/Maps/VerticalSlicePersitantLevel.VerticalSlicePersitantLevel_C' with ClassGeneratedBy '/Game/Maps/VerticalSlicePersitantLevel.VerticalSlicePersitantLevel:PersistentLevel.VerticalSlicePersitantLevel'
[2015.12.28-01.31.53:599][912]LogBlueprintUserMessages: Early PlayInEditor Detection: Level '/Game/Maps/Plaza_Blockout.Plaza_Blockout:PersistentLevel' has LevelScriptBlueprint '/Game/Maps/Plaza_Blockout.Plaza_Blockout:PersistentLevel.Plaza_Blockout' with GeneratedClass '/Game/Maps/Plaza_Blockout.Plaza_Blockout_C' with ClassGeneratedBy '/Game/Maps/Plaza_Blockout.Plaza_Blockout:PersistentLevel.Plaza_Blockout'
[2015.12.28-01.31.53:599][912]LogBlueprintUserMessages: Early PlayInEditor Detection: Level '/Game/Maps/Basement_Blockout.Basement_Blockout:PersistentLevel' has LevelScriptBlueprint '/Game/Maps/Basement_Blockout.Basement_Blockout:PersistentLevel.Basement_Blockout' with GeneratedClass '/Game/Maps/Basement_Blockout.Basement_Blockout_C' with ClassGeneratedBy '/Game/Maps/Basement_Blockout.Basement_Blockout:PersistentLevel.Basement_Blockout'
[2015.12.28-01.31.53:599][912]LogBlueprintUserMessages: Early PlayInEditor Detection: Level '/Game/ThirdPersonBP/Maps/ThirdPersonExampleMap.ThirdPersonExampleMap:PersistentLevel' has LevelScriptBlueprint '/Game/ThirdPersonBP/Maps/ThirdPersonExampleMap.ThirdPersonExampleMap:PersistentLevel.ThirdPersonExampleMap' with GeneratedClass '/Game/ThirdPersonBP/Maps/ThirdPersonExampleMap.ThirdPersonExampleMap_C' with ClassGeneratedBy '/Game/ThirdPersonBP/Maps/ThirdPersonExampleMap.ThirdPersonExampleMap:PersistentLevel.ThirdPersonExampleMap'
[2015.12.28-01.31.53:599][912]LogPlayLevel: PlayLevel: No blueprints needed recompiling
[2015.12.28-01.31.53:599][912]PIE: New page: PIE session: VerticalSlicePersitantLevel (Dec 27, 2015, 9:31:53 AM)
[2015.12.28-01.31.53:599][912]LogPlayLevel: Creating play world package: /Game/Maps/UEDPIE_0_VerticalSlicePersitantLevel
[2015.12.28-01.31.53:621][912]LogPlayLevel: PIE: StaticDuplicateObject took: (0.022353s)
[2015.12.28-01.31.53:622][912]LogAIModule: Creating AISystem for world VerticalSlicePersitantLevel
[2015.12.28-01.31.53:623][912]LogPlayLevel: PIE: World Init took: (0.001245s)
[2015.12.28-01.31.53:623][912]LogPlayLevel: PIE: Created PIE world by copying editor world from /Game/Maps/VerticalSlicePersitantLevel.VerticalSlicePersitantLevel to /Game/Maps/UEDPIE_0_VerticalSlicePersitantLevel.VerticalSlicePersitantLevel (0.023834s)
[2015.12.28-01.31.53:664][912]LogInit: XAudio2 using 'Speakers (Realtek High Definition Audio)' : 2 channels at 48 kHz using 32 bits per sample (channel mask 0x3)
[2015.12.28-01.31.53:703][912]LogInit: FAudioDevice initialized.
[2015.12.28-01.31.53:779][912]LogWorld: Game class is '2dFlipBookGameMode_C'
[2015.12.28-01.31.53:782][912]LogWorld: Bringing World /Game/Maps/UEDPIE_0_VerticalSlicePersitantLevel.VerticalSlicePersitantLevel up for play (max tick rate 0) at 2015.12.27-17.31.53
[2015.12.28-01.31.53:783][912]LogActor:Warning: GameSession /Game/Maps/UEDPIE_0_VerticalSlicePersitantLevel.VerticalSlicePersitantLevel:PersistentLevel.GameSession_2 has natively added scene component(s), but none of them were set as the actor's RootComponent - picking one arbitrarily
[2015.12.28-01.31.53:783][912]LogActor:Warning: GameNetworkManager /Game/Maps/UEDPIE_0_VerticalSlicePersitantLevel.VerticalSlicePersitantLevel:PersistentLevel.GameNetworkManager_2 has natively added scene component(s), but none of them were set as the actor's RootComponent - picking one arbitrarily
[2015.12.28-01.31.53:783][912]LogWorld: Bringing up level for play took: 0.002756
[2015.12.28-01.31.53:788][912]LogLevel: ActivateLevel /Game/Maps/UEDPIE_0_Plaza_Blockout 1 1 1
[2015.12.28-01.31.53:802][912]PIE: Info Play in editor start time for /Game/Maps/UEDPIE_0_VerticalSlicePersitantLevel -0.629
[2015.12.28-01.31.53:802][912]LogBlueprintUserMessages: Late PlayInEditor Detection: Level '/Game/Maps/VerticalSlicePersitantLevel.VerticalSlicePersitantLevel:PersistentLevel' has LevelScriptBlueprint '/Game/Maps/VerticalSlicePersitantLevel.VerticalSlicePersitantLevel:PersistentLevel.VerticalSlicePersitantLevel' with GeneratedClass '/Game/Maps/VerticalSlicePersitantLevel.VerticalSlicePersitantLevel_C' with ClassGeneratedBy '/Game/Maps/VerticalSlicePersitantLevel.VerticalSlicePersitantLevel:PersistentLevel.VerticalSlicePersitantLevel'
[2015.12.28-01.31.53:802][912]LogBlueprintUserMessages: Late PlayInEditor Detection: Level '/Game/Maps/Plaza_Blockout.Plaza_Blockout:PersistentLevel' has LevelScriptBlueprint '/Game/Maps/Plaza_Blockout.Plaza_Blockout:PersistentLevel.Plaza_Blockout' with GeneratedClass '/Game/Maps/Plaza_Blockout.Plaza_Blockout_C' with ClassGeneratedBy '/Game/Maps/Plaza_Blockout.Plaza_Blockout:PersistentLevel.Plaza_Blockout'
[2015.12.28-01.31.53:802][912]LogBlueprintUserMessages: Late PlayInEditor Detection: Level '/Game/Maps/Basement_Blockout.Basement_Blockout:PersistentLevel' has LevelScriptBlueprint '/Game/Maps/Basement_Blockout.Basement_Blockout:PersistentLevel.Basement_Blockout' with GeneratedClass '/Game/Maps/Basement_Blockout.Basement_Blockout_C' with ClassGeneratedBy '/Game/Maps/Basement_Blockout.Basement_Blockout:PersistentLevel.Basement_Blockout'
[2015.12.28-01.31.53:802][912]LogBlueprintUserMessages: Late PlayInEditor Detection: Level '/Game/ThirdPersonBP/Maps/ThirdPersonExampleMap.ThirdPersonExampleMap:PersistentLevel' has LevelScriptBlueprint '/Game/ThirdPersonBP/Maps/ThirdPersonExampleMap.ThirdPersonExampleMap:PersistentLevel.ThirdPersonExampleMap' with GeneratedClass '/Game/ThirdPersonBP/Maps/ThirdPersonExampleMap.ThirdPersonExampleMap_C' with ClassGeneratedBy '/Game/ThirdPersonBP/Maps/ThirdPersonExampleMap.ThirdPersonExampleMap:PersistentLevel.ThirdPersonExampleMap'
[2015.12.28-01.31.53:899][912]LogWorld: PIE: Copying PIE streaming level from /Game/Maps/Plaza_Blockout.Plaza_Blockout to /Game/Maps/UEDPIE_0_Plaza_Blockout.Plaza_Blockout. OwningWorld: /Game/Maps/UEDPIE_0_VerticalSlicePersitantLevel.VerticalSlicePersitantLevel
[2015.12.28-01.31.53:917][913]LogRenderTargetPool:Warning: r.RenderTargetPoolMin exceeded 483/400 MB (ok in editor, bad on fixed memory platform)
[2015.12.28-01.31.54:596][947]LogLevel:Warning: WARNING: The map '/game/thirdoersonbp/maps/thirdpersonexamplemap' does not exist.
[2015.12.28-01.31.54:617][948]LogNet: Browse: /game/thirdoersonbp/maps/thirdpersonexamplemap
[2015.12.28-01.31.54:637][948]LogLoad: LoadMap: /game/thirdoersonbp/maps/thirdpersonexamplemap
[2015.12.28-01.31.54:674][948]LogParticles: Destroying 0 GPU particle simulations for FXSystem 0x00000000269F2AC0
[2015.12.28-01.31.54:682][948]Cmd: MEM
[2015.12.28-01.31.54:711][948]LogMemory: Platform Memory Stats for Windows
[2015.12.28-01.31.54:711][948]LogMemory: Process Physical Memory: 931.44 MB used, 935.54 MB peak
[2015.12.28-01.31.54:711][948]LogMemory: Process Virtual Memory: 855.77 MB used, 862.28 MB peak
[2015.12.28-01.31.54:711][948]LogMemory: Physical Memory: 5889.88 MB used, 8109.12 MB total
[2015.12.28-01.31.54:711][948]LogMemory: Virtual Memory: 1483.46 MB used, 8388608.00 MB total
[2015.12.28-01.31.54:711][948]LogMemory: 
[2015.12.28-01.31.54:711][948]Allocator Stats for TBB: (not implemented)
[2015.12.28-01.31.54:716][948]LogLinker:Warning: Can't find file '/game/thirdoersonbp/maps/thirdpersonexamplemap'
[2015.12.28-01.31.54:716][948]LogNet: Browse: /Game/ThirdPersonBP/Maps/ThirdPersonExampleMap?Name=Player
[2015.12.28-01.31.54:716][948]LogLoad: LoadMap: /Game/ThirdPersonBP/Maps/ThirdPersonExampleMap?Name=Player
[2015.12.28-01.31.54:746][948]Cmd: MEM
[2015.12.28-01.31.54:774][948]LogMemory: Platform Memory Stats for Windows
[2015.12.28-01.31.54:774][948]LogMemory: Process Physical Memory: 931.48 MB used, 935.54 MB peak
[2015.12.28-01.31.54:774][948]LogMemory: Process Virtual Memory: 855.77 MB used, 862.28 MB peak
[2015.12.28-01.31.54:774][948]LogMemory: Physical Memory: 5889.87 MB used, 8109.12 MB total
[2015.12.28-01.31.54:774][948]LogMemory: Virtual Memory: 1483.46 MB used, 8388608.00 MB total
[2015.12.28-01.31.54:774][948]LogMemory: 
[2015.12.28-01.31.54:774][948]Allocator Stats for TBB: (not implemented)
[2015.12.28-01.31.54:941][948]LogWindows:Error: Windows GetLastError: The operation completed successfully. (0)
[2015.12.28-01.31.55:282][948]LogCrashTracker: 


[2015.12.28-01.31.55:282][948]LogCrashTracker: 


[2015.12.28-01.31.55:282][948]LogWindows:Error: === Critical error: ===
Assertion failed: WorldContext.World()->GetOutermost()->HasAnyPackageFlags(PKG_PlayInEditor) [File:D:\BuildFarm\buildmachine_++depot+UE4-Releases+4.10\Engine\Source\Runtime\Engine\Private\UnrealEngine.cpp] [Line: 9477] 





[2015.12.28-01.31.55:375][948]LogExit: Executing StaticShutdownAfterError
[2015.12.28-01.31.55:380][948]LogPhysics:Warning: PHYSX: ..\..\PhysX\src\NpScene.cpp (2946) 8 : PxScene::unlockWrite() called without matching call to PxScene::lockWrite(), behaviour will be undefined.
[2015.12.28-01.31.55:380][948]LogPhysics:Warning: PHYSX: ..\..\PhysX\src\NpScene.cpp (2946) 8 : PxScene::unlockWrite() called without matching call to PxScene::lockWrite(), behaviour will be undefined.
[2015.12.28-01.31.55:380][948]LogPhysics:Warning: PHYSX: ..\..\PhysX\src\NpScene.cpp (2946) 8 : PxScene::unlockWrite() called without matching call to PxScene::lockWrite(), behaviour will be undefined.
[2015.12.28-01.31.55:380][948]LogPhysics:Warning: PHYSX: ..\..\PhysX\src\NpScene.cpp (2946) 8 : PxScene::unlockWrite() called without matching call to PxScene::lockWrite(), behaviour will be undefined.
[2015.12.28-01.31.55:380][948]LogWindows: FPlatformMisc::RequestExit(1)
[2015.12.28-01.31.55:380][948]Log file closed, 12/27/15 17:31:55
