[2015.12.25-22.57.28:831][  0]Log file open, 12/25/15 14:57:28
[2015.12.25-22.57.28:831][  0]LogInit:Display: Running engine for game: MyProject19
[2015.12.25-22.57.28:831][  0]LogPlatformFile: Not using cached read wrapper
[2015.12.25-22.57.28:831][  0]LogInit:Display: RandInit(815187384) SRandInit(815187385).
[2015.12.25-22.57.28:831][  0]LogTaskGraph: Started task graph with 4 named threads and 7 total threads.
[2015.12.25-22.57.28:831][  0]LogStats: Stats thread started at 0.085025
[2015.12.25-22.57.28:831][  0]LogInit: Version: 4.10.1-2791327+++depot+UE4-Releases+4.10
[2015.12.25-22.57.28:831][  0]LogInit: API Version: 2758231
[2015.12.25-22.57.28:831][  0]LogInit: Compiled (64-bit): Dec  4 2015 19:44:40
[2015.12.25-22.57.28:831][  0]LogInit: Compiled with Visual C++: 19.00.23026.00
[2015.12.25-22.57.28:831][  0]LogInit: Build Configuration: Development
[2015.12.25-22.57.28:831][  0]LogInit: Branch Name: ++depot+UE4-Releases+4.10
[2015.12.25-22.57.28:831][  0]LogInit: Command line:  
[2015.12.25-22.57.28:831][  0]LogInit: Base directory: C:/Program Files/Epic Games/4.10/Engine/Binaries/Win64/
[2015.12.25-22.57.28:831][  0]LogInit: Rocket: 1
[2015.12.25-22.57.28:843][  0]LogInit: Using libcurl 7.41.0
[2015.12.25-22.57.28:843][  0]LogInit:  - built for x86_64-pc-win32
[2015.12.25-22.57.28:843][  0]LogInit:  - supports SSL with WinSSL
[2015.12.25-22.57.28:843][  0]LogInit:  - other features:
[2015.12.25-22.57.28:843][  0]LogInit:      CURL_VERSION_SSL
[2015.12.25-22.57.28:843][  0]LogInit:      CURL_VERSION_IPV6
[2015.12.25-22.57.28:843][  0]LogInit:      CURL_VERSION_ASYNCHDNS
[2015.12.25-22.57.28:843][  0]LogInit:      CURL_VERSION_LARGEFILE
[2015.12.25-22.57.28:843][  0]LogInit:      CURL_VERSION_IDN
[2015.12.25-22.57.28:843][  0]LogInit:  CurlRequestOptions (configurable via config and command line):
[2015.12.25-22.57.28:843][  0]LogInit:  - bVerifyPeer = true  - Libcurl will verify peer certificate
[2015.12.25-22.57.28:843][  0]LogInit:  - bUseHttpProxy = false  - Libcurl will NOT use HTTP proxy
[2015.12.25-22.57.28:843][  0]LogInit:  - bDontReuseConnections = false  - Libcurl will reuse connections
[2015.12.25-22.57.28:843][  0]LogInit:  - CertBundlePath = nullptr  - Libcurl will use whatever was configured at build time.
[2015.12.25-22.57.28:851][  0]LogInit: Presizing for 0 objects not considered by GC, pre-allocating 0 bytes.
[2015.12.25-22.57.28:858][  0]LogInit: Object subsystem initialized
[2015.12.25-22.57.28:859][  0]LogInit: Selected Device Profile: [Windows]
[2015.12.25-22.57.28:859][  0]LogInit: Applying CVar settings loaded from the selected device profile: [Windows]
[2015.12.25-22.57.28:870][  0]LogInit: Computer: MATT-PC
[2015.12.25-22.57.28:870][  0]LogInit: User: Matt
[2015.12.25-22.57.28:870][  0]LogInit: CPU Page size=4096, Cores=4
[2015.12.25-22.57.28:870][  0]LogInit: High frequency timer resolution =3.020527 MHz
[2015.12.25-22.57.28:870][  0]LogMemory: Memory total: Physical=7.9GB (8GB approx)
[2015.12.25-22.57.28:870][  0]LogMemory: Platform Memory Stats for Windows
[2015.12.25-22.57.28:870][  0]LogMemory: Process Physical Memory: 60.27 MB used, 60.27 MB peak
[2015.12.25-22.57.28:870][  0]LogMemory: Process Virtual Memory: 60.55 MB used, 60.55 MB peak
[2015.12.25-22.57.28:870][  0]LogMemory: Physical Memory: 3738.21 MB used, 8109.12 MB total
[2015.12.25-22.57.28:870][  0]LogMemory: Virtual Memory: 354.21 MB used, 8388608.00 MB total
[2015.12.25-22.57.28:942][  0]LogTextLocalizationManager: No specific translations for ('en-US') exist, so ('en') translations will be used.
[2015.12.25-22.57.29:368][  0]LogD3D11RHI: Found D3D11 adapter 0: AMD Radeon HD 7800 Series (Feature Level 11_0)
[2015.12.25-22.57.29:368][  0]LogD3D11RHI: Adapter has 2029MB of dedicated video memory, 0MB of dedicated system memory, and 3798MB of shared system memory, 1 output[s]
[2015.12.25-22.57.29:378][  0]LogD3D11RHI: Found D3D11 adapter 1: Intel(R) HD Graphics (Feature Level 11_0)
[2015.12.25-22.57.29:378][  0]LogD3D11RHI: Adapter has 64MB of dedicated video memory, 0MB of dedicated system memory, and 1632MB of shared system memory, 0 output[s]
[2015.12.25-22.57.29:378][  0]LogD3D11RHI: Chosen D3D11 Adapter Id = 0
[2015.12.25-22.57.29:383][  0]LogD3D11RHI: !Direct3DDevice
[2015.12.25-22.57.29:384][  0]LogRHI: Texture pool is 1361 MB (70% of 1945 MB)
[2015.12.25-22.57.29:388][  0]LogD3D11RHI: Async texture creation disabled: no driver support
[2015.12.25-22.57.29:397][  0]LogShaderCompilers: Guid format shader working directory is -29 characters bigger than the processId version (../../../../../../Users/Matt/Documents/GitHub/P3NGUIN/P3NGUIN/MyProject19/Intermediate/Shaders/WorkingDirectory/10800/).
[2015.12.25-22.57.29:397][  0]LogShaderCompilers: Cleaned the shader compiler working directory 'C:/Users/Matt/AppData/Local/Temp/UnrealShaderWorkingDir/A08A2C33419A093E9D46448202FA934D/'.
[2015.12.25-22.57.29:397][  0]LogShaderCompilers:Display: Using Local Shader Compiler.
[2015.12.25-22.57.30:374][  0]LogTemp:Display: Loaded TP AllDesktopTargetPlatform
[2015.12.25-22.57.30:380][  0]LogTemp:Display: Loaded TP WindowsClientTargetPlatform
[2015.12.25-22.57.30:385][  0]LogTemp:Display: Loaded TP WindowsNoEditorTargetPlatform
[2015.12.25-22.57.30:390][  0]LogTemp:Display: Loaded TP WindowsServerTargetPlatform
[2015.12.25-22.57.30:396][  0]LogTemp:Display: Loaded TP WindowsTargetPlatform
[2015.12.25-22.57.30:400][  0]LogTemp:Display: Loaded TP AndroidTargetPlatform
[2015.12.25-22.57.30:403][  0]LogTemp:Display: Loaded TP Android_ASTCTargetPlatform
[2015.12.25-22.57.30:407][  0]LogTemp:Display: Loaded TP Android_ATCTargetPlatform
[2015.12.25-22.57.30:410][  0]LogTemp:Display: Loaded TP Android_DXTTargetPlatform
[2015.12.25-22.57.30:414][  0]LogTemp:Display: Loaded TP Android_ETC1TargetPlatform
[2015.12.25-22.57.30:418][  0]LogTemp:Display: Loaded TP Android_ETC2TargetPlatform
[2015.12.25-22.57.30:425][  0]LogTemp:Display: Loaded TP Android_MultiTargetPlatform
[2015.12.25-22.57.30:425][  0]LogTemp:Display: Loaded TP Android_PVRTCTargetPlatform
[2015.12.25-22.57.30:426][  0]LogTemp:Display: Loaded TP HTML5TargetPlatform
[2015.12.25-22.57.30:443][  0]LogTemp:Display: Loaded TP IOSTargetPlatform
[2015.12.25-22.57.30:446][  0]LogTemp:Display: Loaded TP LinuxNoEditorTargetPlatform
[2015.12.25-22.57.30:450][  0]LogTemp:Display: Loaded TP LinuxServerTargetPlatform
[2015.12.25-22.57.30:453][  0]LogTemp:Display: Loaded TP LinuxTargetPlatform
[2015.12.25-22.57.30:453][  0]LogTargetPlatformManager:Display: Building Assets For Windows
[2015.12.25-22.57.30:563][  0]LogDerivedDataCache:Display: Max Cache Size: 512 MB
[2015.12.25-22.57.30:603][  0]LogDerivedDataCache: Loaded boot cache 0.04s 41MB C:/Users/Matt/AppData/Local/UnrealEngine/4.10/DerivedDataCache/Boot.ddc.
[2015.12.25-22.57.30:603][  0]LogDerivedDataCache:Display: Loaded Boot cache: C:/Users/Matt/AppData/Local/UnrealEngine/4.10/DerivedDataCache/Boot.ddc
[2015.12.25-22.57.30:603][  0]LogDerivedDataCache: FDerivedDataBackendGraph:  Pak pak cache file ../../../../../../Users/Matt/Documents/GitHub/P3NGUIN/P3NGUIN/MyProject19/DerivedDataCache/DDC.ddp not found, will not use a pak cache.
[2015.12.25-22.57.30:603][  0]LogDerivedDataCache: Unable to find inner node Pak for hierarchical cache Hierarchy.
[2015.12.25-22.57.30:603][  0]LogDerivedDataCache: FDerivedDataBackendGraph:  CompressedPak pak cache file ../../../../../../Users/Matt/Documents/GitHub/P3NGUIN/P3NGUIN/MyProject19/DerivedDataCache/Compressed.ddp not found, will not use a pak cache.
[2015.12.25-22.57.30:603][  0]LogDerivedDataCache: Unable to find inner node CompressedPak for hierarchical cache Hierarchy.
[2015.12.25-22.57.30:662][  0]LogDerivedDataCache:Display: Pak cache opened for reading ../../../Engine/DerivedDataCache/Compressed.ddp.
[2015.12.25-22.57.30:674][  0]LogDerivedDataCache: Using Local data cache path C:/Users/Matt/AppData/Local/UnrealEngine/Common/DerivedDataCache: Writable
[2015.12.25-22.57.30:878][  0]LogInit: Selected Device Profile: [Windows]
[2015.12.25-22.57.30:878][  0]LogContentStreaming: Texture pool size is 0.000000MB
[2015.12.25-22.57.30:925][  0]LogMeshUtilities: No automatic mesh reduction module available
[2015.12.25-22.57.30:925][  0]LogMeshUtilities: No automatic mesh merging module available
[2015.12.25-22.57.31:260][  0]LogInit: WinSock: version 1.1 (2.2), MaxSocks=32767, MaxUdp=65467
[2015.12.25-22.57.32:140][  0]UdpMessaging: Initializing bridge on interface 0.0.0.0:0 to multicast group 230.0.0.1:6666.
[2015.12.25-22.57.32:244][  0]LogAssetRegistry: FAssetRegistry took 0.0101 seconds to start up
[2015.12.25-22.57.32:454][  0]SourceControl: Info Source control is disabled
[2015.12.25-22.57.32:456][  0]SourceControl: Info Source control is disabled
[2015.12.25-22.57.32:474][  0]SourceControl: Info Source control is disabled
[2015.12.25-22.57.32:493][  0]SourceControl: Info Source control is disabled
[2015.12.25-22.57.32:875][  0]LogObj: 28633 objects as part of root set at end of initial load.
[2015.12.25-22.57.32:876][  0]LogUObjectAllocator: 6099752 out of 0 bytes used by permanent object pool.
[2015.12.25-22.57.32:933][  0]LogEngine: Initializing Engine...
[2015.12.25-22.57.32:943][  0]LogHMD: Can't find Oculus library dev build: is proper Runtime installed? Version: 0.8.0.0
[2015.12.25-22.57.32:943][  0]LogHMD: SteamVR failed to initialize.  Err: 110
[2015.12.25-22.57.33:076][  0]LogAIModule: Creating AISystem for world NewWorld
[2015.12.25-22.57.33:082][  0]LogInit: XAudio2 using 'Speakers (Realtek High Definition Audio)' : 2 channels at 48 kHz using 32 bits per sample (channel mask 0x3)
[2015.12.25-22.57.33:124][  0]LogInit: FAudioDevice initialized.
[2015.12.25-22.57.33:172][  0]LogDerivedDataCache: Saved boot cache 0.05s 41MB C:/Users/Matt/AppData/Local/UnrealEngine/4.10/DerivedDataCache/Boot.ddc.
[2015.12.25-22.57.33:175][  0]LogInit: Texture streaming: Enabled
[2015.12.25-22.57.33:182][  0]LogAnalytics: Creating configured Analytics provider AnalyticsET
[2015.12.25-22.57.33:182][  0]LogAnalytics: [UEEditor.Rocket.Release] APIServer = http://et2.epicgames.com/ET2/. AppVersion = 4.10.1-2791327+++depot+UE4-Releases+4.10
[2015.12.25-22.57.33:182][  0]LogAnalytics: [UEEditor.Rocket.Release] SetUserId de43219841e5038bf49fbfa481591ee0|4e461f00ab6f49d29405414d884919d6|9448dfb4-8168-4a85-8046-6b7a073564d8
[2015.12.25-22.57.33:182][  0]LogAnalytics: [UEEditor.Rocket.Release] AnalyticsET::StartSession
[2015.12.25-22.57.33:204][  0]LogInit: Transaction tracking system initialized
[2015.12.25-22.57.33:280][  0]BlueprintLog: New page: Editor Load
[2015.12.25-22.57.33:379][  0]LocalizationService: Info Localization service is disabled
[2015.12.25-22.57.33:492][  0]LogConsoleResponse:Display: 
[2015.12.25-22.57.33:634][  0]LogCook:Display: Done creating registry. It took  0.00s.
[2015.12.25-22.57.33:752][  0]LogFileCache: Scanning file cache for directory 'C:/Users/Matt/Documents/GitHub/P3NGUIN/P3NGUIN/MyProject19/Content/' took 0.03s
[2015.12.25-22.57.33:752][  0]SourceControl: Info Source control is disabled
[2015.12.25-22.57.33:752][  0]Cmd: MAP LOAD FILE="../../../../../../Users/Matt/Documents/GitHub/P3NGUIN/P3NGUIN/MyProject19/Content/Maps/Basement_Blockout.umap" TEMPLATE=0 SHOWPROGRESS=1 FEATURELEVEL=3
[2015.12.25-22.57.33:752][  0]LightingResults: New page: Lighting Build
[2015.12.25-22.57.33:756][  0]MapCheck: New page: Map Check
[2015.12.25-22.57.33:756][  0]LightingResults: New page: Lighting Build
[2015.12.25-22.57.33:793][  0]LogParticles: Destroying 0 GPU particle simulations for FXSystem 0x0000000020832160
[2015.12.25-22.57.33:850][  0]LogLinker:Warning: Asset '../../../../../../Users/Matt/Documents/GitHub/P3NGUIN/P3NGUIN/MyProject19/Content/Mannequin/Animations/ThirdPerson_AnimBP.uasset' has been saved with empty engine version. The asset will be loaded but may be incompatible.
[2015.12.25-22.57.33:852][  0]LogLinker:Warning: Asset '../../../../../../Users/Matt/Documents/GitHub/P3NGUIN/P3NGUIN/MyProject19/Content/Mannequin/Animations/ThirdPerson_Jump.uasset' has been saved with empty engine version. The asset will be loaded but may be incompatible.
[2015.12.25-22.57.33:853][  0]LogLinker:Warning: Asset '../../../../../../Users/Matt/Documents/GitHub/P3NGUIN/P3NGUIN/MyProject19/Content/Mannequin/Animations/ThirdPersonJump_Loop.uasset' has been saved with empty engine version. The asset will be loaded but may be incompatible.
[2015.12.25-22.57.33:855][  0]LogLinker:Warning: Asset '../../../../../../Users/Matt/Documents/GitHub/P3NGUIN/P3NGUIN/MyProject19/Content/Mannequin/Animations/ThirdPersonJump_Start.uasset' has been saved with empty engine version. The asset will be loaded but may be incompatible.
[2015.12.25-22.57.33:856][  0]LogLinker:Warning: Asset '../../../../../../Users/Matt/Documents/GitHub/P3NGUIN/P3NGUIN/MyProject19/Content/Mannequin/Animations/ThirdPerson_IdleRun_2D.uasset' has been saved with empty engine version. The asset will be loaded but may be incompatible.
[2015.12.25-22.57.33:856][  0]LogLinker:Warning: Asset '../../../../../../Users/Matt/Documents/GitHub/P3NGUIN/P3NGUIN/MyProject19/Content/Mannequin/Animations/ThirdPersonIdle.uasset' has been saved with empty engine version. The asset will be loaded but may be incompatible.
[2015.12.25-22.57.33:858][  0]LogLinker:Warning: Asset '../../../../../../Users/Matt/Documents/GitHub/P3NGUIN/P3NGUIN/MyProject19/Content/Mannequin/Animations/ThirdPersonRun.uasset' has been saved with empty engine version. The asset will be loaded but may be incompatible.
[2015.12.25-22.57.33:859][  0]LogLinker:Warning: Asset '../../../../../../Users/Matt/Documents/GitHub/P3NGUIN/P3NGUIN/MyProject19/Content/Mannequin/Animations/ThirdPersonWalk.uasset' has been saved with empty engine version. The asset will be loaded but may be incompatible.
[2015.12.25-22.57.34:063][  0]LogBlueprint:Warning: [compiler WallSwitch] Warning 'Item' is already a 'Temporary Platform', you don't need  Cast To TemporaryPlatform .
[2015.12.25-22.57.34:065][  0]LogBlueprint:Warning: [compiler WallSwitch] Warning [0005.75] Compile of WallSwitch successful, but with 1 Warning(s) [in 8 ms]
[2015.12.25-22.57.34:065][  0]LogBlueprint:Warning: [compiler WallSwitch] Warning [0005.75] Compile of WallSwitch successful, but with 2 Warning(s) [in 0 ms]
[2015.12.25-22.57.34:065][  0]LogBlueprint:Warning: [compiler WallSwitch] Warning [0005.75] Compile of WallSwitch successful, but with 3 Warning(s) [in 0 ms]
[2015.12.25-22.57.34:073][  0]LogBlueprint:Warning: [compiler WallSwitch] Warning 'Item' is already a 'Temporary Platform', you don't need  Cast To TemporaryPlatform .
[2015.12.25-22.57.34:075][  0]LogBlueprint:Warning: [compiler WallSwitch] Warning [0005.76] Compile of WallSwitch successful, but with 1 Warning(s) [in 8 ms]
[2015.12.25-22.57.34:075][  0]LogBlueprint:Warning: [compiler WallSwitch] Warning [0005.76] Compile of WallSwitch successful, but with 2 Warning(s) [in 0 ms]
[2015.12.25-22.57.34:075][  0]LogBlueprint:Warning: [compiler WallSwitch] Warning [0005.77] Compile of WallSwitch successful, but with 3 Warning(s) [in 0 ms]
[2015.12.25-22.57.34:419][  0]LogAIModule: Creating AISystem for world Basement_Blockout
[2015.12.25-22.57.34:438][  0]LogEditorServer: Finished looking for orphan Actors (0.000 secs)
[2015.12.25-22.57.34:439][  0]Cmd: MAP CHECKDEP NOCLEARLOG
[2015.12.25-22.57.34:517][  0]MapCheck: Info Map check complete: 0 Error(s), 0 Warning(s), took 78.524ms to complete.
[2015.12.25-22.57.34:517][  0]LogFileHelpers: Loading map 'Basement_Blockout' took 0.766
[2015.12.25-22.57.34:626][  0]LogCollectionManager: Loaded 0 collections in 0.002645 seconds
[2015.12.25-22.57.34:706][  0]LogFileCache: Scanning file cache for directory 'C:/Users/Matt/Documents/GitHub/P3NGUIN/P3NGUIN/MyProject19/Saved/Collections/' took 0.01s
[2015.12.25-22.57.34:706][  0]LogFileCache: Scanning file cache for directory 'C:/Users/Matt/Documents/GitHub/P3NGUIN/P3NGUIN/MyProject19/Content/Developers/Matt/Collections/' took 0.04s
[2015.12.25-22.57.34:706][  0]LogFileCache: Scanning file cache for directory 'C:/Users/Matt/Documents/GitHub/P3NGUIN/P3NGUIN/MyProject19/Content/Collections/' took 0.01s
[2015.12.25-22.57.34:706][  0]LogCollectionManager: Rebuilt the GUID cache for 0 collections in 0.000002 seconds
[2015.12.25-22.57.34:714][  0]LogContentBrowser: Native class hierarchy populated in 0.0077 seconds. Added 1893 classes and 338 folders.
[2015.12.25-22.57.34:721][  0]LogContentBrowser: Native class hierarchy updated for 'WidgetCarousel' in 0.0005 seconds. Added 0 classes and 0 folders.
[2015.12.25-22.57.34:783][  0]LogContentBrowser: Native class hierarchy updated for 'AddContentDialog' in 0.0005 seconds. Added 0 classes and 0 folders.
[2015.12.25-22.57.34:787][  0]LogContentBrowser: Native class hierarchy updated for 'SceneOutliner' in 0.0005 seconds. Added 1 classes and 2 folders.
[2015.12.25-22.57.34:813][  0]LogContentBrowser: Native class hierarchy updated for 'WorldBrowser' in 0.0005 seconds. Added 1 classes and 3 folders.
[2015.12.25-22.57.34:821][  0]LogCrashTracker: Crashtracker disabled due to settings.
[2015.12.25-22.57.34:827][  0]LogUObjectGlobals:Warning: Failed to find object 'Class None.'
[2015.12.25-22.57.34:899][  0]LogLoad: Full Startup: 6.59 seconds (BP compile: 0.12 seconds)
[2015.12.25-22.57.35:247][  0]LogOcInput: Can't find Oculus library dev build: is proper Runtime installed? Version: 0.8.0.0
[2015.12.25-22.57.35:327][  0]LogContentStreaming: Texture pool size now 1000 MB
[2015.12.25-22.57.35:547][  0]LogRenderer: Reallocating scene render targets to support 892x516 (Frame:2).
[2015.12.25-22.57.36:187][  3]LogAssetRegistry: Asset discovery search completed in 3.9531 seconds
[2015.12.25-22.57.36:187][  3]LogCollectionManager: Rebuilt the object cache for 0 collections in 0.000001 seconds (found 0 objects)
[2015.12.25-22.57.36:187][  3]LogCollectionManager: Fixed up redirectors for 0 collections in 0.000021 seconds (updated 0 objects)
[2015.12.25-22.57.45:478][ 50]LogActorComponent: UnregisterComponent: (/Engine/Transient.CharMoveComp) Not registered. Aborting.
[2015.12.25-22.57.45:478][ 50]LogActorComponent: UnregisterComponent: (/Engine/Transient.CharacterMovementComponent_0) Not registered. Aborting.
[2015.12.25-22.57.45:496][ 50]Cmd: MAP LOAD FILE="../../../../../../Users/Matt/Documents/GitHub/P3NGUIN/P3NGUIN/MyProject19/Content/Maps/Plaza_Blockout.umap" TEMPLATE=0 SHOWPROGRESS=1 FEATURELEVEL=3
[2015.12.25-22.57.45:515][ 50]LightingResults: New page: Lighting Build
[2015.12.25-22.57.45:545][ 50]LoadErrors: New page: Loading map: Plaza_Blockout.umap
[2015.12.25-22.57.45:546][ 50]MapCheck: New page: Map Check
[2015.12.25-22.57.45:546][ 50]LightingResults: New page: Lighting Build
[2015.12.25-22.57.45:556][ 50]LogParticles: Destroying 0 GPU particle simulations for FXSystem 0x00000000124F6C00
[2015.12.25-22.57.45:817][ 50]LogAIModule: Creating AISystem for world Plaza_Blockout
[2015.12.25-22.57.45:841][ 50]LogEditorServer: Finished looking for orphan Actors (0.000 secs)
[2015.12.25-22.57.45:954][ 50]Cmd: MAP CHECKDEP NOCLEARLOG
[2015.12.25-22.57.46:029][ 50]MapCheck: Info Map check complete: 0 Error(s), 0 Warning(s), took 75.289ms to complete.
[2015.12.25-22.57.46:029][ 50]LogFileHelpers: Loading map 'Plaza_Blockout' took 0.534
[2015.12.25-22.57.58:946][365]LogBlueprintUserMessages: Early PlayInEditor Detection: Level '/Game/Maps/Plaza_Blockout.Plaza_Blockout:PersistentLevel' has LevelScriptBlueprint '/Game/Maps/Plaza_Blockout.Plaza_Blockout:PersistentLevel.Plaza_Blockout' with GeneratedClass '/Game/Maps/Plaza_Blockout.Plaza_Blockout_C' with ClassGeneratedBy '/Game/Maps/Plaza_Blockout.Plaza_Blockout:PersistentLevel.Plaza_Blockout'
[2015.12.25-22.57.58:946][365]LogPlayLevel: PlayLevel: No blueprints needed recompiling
[2015.12.25-22.57.58:946][365]PIE: New page: PIE session: Plaza_Blockout (Dec 25, 2015, 6:57:58 AM)
[2015.12.25-22.57.58:947][365]LogPlayLevel: Creating play world package: /Game/Maps/UEDPIE_0_Plaza_Blockout
[2015.12.25-22.57.59:042][365]LogPlayLevel: PIE: StaticDuplicateObject took: (0.095281s)
[2015.12.25-22.57.59:043][365]LogAIModule: Creating AISystem for world Plaza_Blockout
[2015.12.25-22.57.59:043][365]LogPlayLevel: PIE: World Init took: (0.000748s)
[2015.12.25-22.57.59:043][365]LogPlayLevel: PIE: Created PIE world by copying editor world from /Game/Maps/Plaza_Blockout.Plaza_Blockout to /Game/Maps/UEDPIE_0_Plaza_Blockout.Plaza_Blockout (0.096380s)
[2015.12.25-22.57.59:043][365]LogActorComponent: UnregisterComponent: (/Engine/Transient.CharMoveComp) Not registered. Aborting.
[2015.12.25-22.57.59:043][365]LogActorComponent: UnregisterComponent: (/Engine/Transient.CharacterMovementComponent_1) Not registered. Aborting.
[2015.12.25-22.57.59:067][365]LogInit: XAudio2 using 'Speakers (Realtek High Definition Audio)' : 2 channels at 48 kHz using 32 bits per sample (channel mask 0x3)
[2015.12.25-22.57.59:105][365]LogInit: FAudioDevice initialized.
[2015.12.25-22.57.59:883][365]LogBlueprint:Warning: [compiler ThirdPersonCharacter] Warning 'AbilitiesMenu' is already a 'Ability Menu', you don't need  Cast To AbilityMenu .
[2015.12.25-22.57.59:886][365]LogBlueprint:Warning: [compiler ThirdPersonCharacter] Warning 'PointerClass' is already a 'Pointer', you don't need  Cast To Pointer .
[2015.12.25-22.57.59:887][365]LogBlueprint:Warning: [compiler ThirdPersonCharacter] Warning No value will be returned by reference. Parameter 'EndTime'. Node:  (none) 
[2015.12.25-22.57.59:898][365]LogBlueprint:Warning: [compiler ThirdPersonCharacter] Warning 'SecondPointer' is already a 'Pointer 2', you don't need  Cast To Pointer2 .
[2015.12.25-22.57.59:916][365]LogBlueprint:Warning: [compiler ThirdPersonCharacter] Warning [0031.61] Compile of ThirdPersonCharacter successful, but with 4 Warning(s) [in 109 ms]
[2015.12.25-22.57.59:916][365]LogBlueprint:Warning: [compiler ThirdPersonCharacter] Warning [0031.61] Compile of ThirdPersonCharacter successful, but with 5 Warning(s) [in 0 ms]
[2015.12.25-22.57.59:916][365]LogBlueprint:Warning: [compiler ThirdPersonCharacter] Warning [0031.61] Compile of ThirdPersonCharacter successful, but with 6 Warning(s) [in 0 ms]
[2015.12.25-22.57.59:974][365]LogBlueprint:Warning: [compiler AbilityMenu] Warning 'ReturnValue' is already a 'Listed Item', you don't need  Cast To ListedItem .
[2015.12.25-22.57.59:975][365]LogBlueprint:Warning: [compiler AbilityMenu] Warning 'ReturnValue' is already a 'Listed Item', you don't need  Cast To ListedItem .
[2015.12.25-22.57.59:978][365]LogBlueprint:Warning: [compiler AbilityMenu] Warning [0031.67] Compile of AbilityMenu successful, but with 2 Warning(s) [in 27 ms]
[2015.12.25-22.57.59:980][365]LogBlueprint:Warning: [compiler AbilityMenu] Warning [0031.67] Compile of AbilityMenu successful, but with 3 Warning(s) [in 1 ms]
[2015.12.25-22.57.59:981][365]LogBlueprint:Warning: [compiler AbilityMenu] Warning [0031.67] Compile of AbilityMenu successful, but with 4 Warning(s) [in 0 ms]
[2015.12.25-22.58.00:018][365]LogBlueprint:Warning: [compiler FreeMovementLocator] Warning 'Third Person Character 2D' does not inherit from 'Player Controller' ( Cast To ThirdPersonCharacter2D  would always fail).
[2015.12.25-22.58.00:018][365]LogBlueprint:Warning: [compiler FreeMovementLocator] Warning [0031.71] Compile of FreeMovementLocator successful, but with 1 Warning(s) [in 2 ms]
[2015.12.25-22.58.00:019][365]LogBlueprint:Warning: [compiler FreeMovementLocator] Warning [0031.71] Compile of FreeMovementLocator successful, but with 2 Warning(s) [in 0 ms]
[2015.12.25-22.58.00:019][365]LogBlueprint:Warning: [compiler FreeMovementLocator] Warning [0031.71] Compile of FreeMovementLocator successful, but with 3 Warning(s) [in 0 ms]
[2015.12.25-22.58.00:512][365]LogBlueprint:Warning: [compiler ThirdPersonCharacter2D] Warning No value will be returned by reference. Parameter 'EndTime'. Node:  (none) 
[2015.12.25-22.58.00:528][365]LogBlueprint:Warning: [compiler ThirdPersonCharacter2D] Warning 'AbilitiesMenu' is already a 'Ability Menu', you don't need  Cast To AbilityMenu .
[2015.12.25-22.58.00:528][365]LogBlueprint:Warning: [compiler ThirdPersonCharacter2D] Warning 'ReturnValue' is already a 'Knife', you don't need  Cast To Knife .
[2015.12.25-22.58.00:537][365]LogBlueprint:Warning: [compiler ThirdPersonCharacter2D] Warning 'SecondPointer' is already a 'Pointer 2', you don't need  Cast To Pointer2 .
[2015.12.25-22.58.00:608][365]LogBlueprint:Warning: [compiler ThirdPersonCharacter2D] Warning [0032.30] Compile of ThirdPersonCharacter2D successful, but with 4 Warning(s) [in 174 ms]
[2015.12.25-22.58.00:609][365]LogBlueprint:Warning: [compiler ThirdPersonCharacter2D] Warning [0032.30] Compile of ThirdPersonCharacter2D successful, but with 5 Warning(s) [in 0 ms]
[2015.12.25-22.58.00:609][365]LogBlueprint:Warning: [compiler ThirdPersonCharacter2D] Warning [0032.30] Compile of ThirdPersonCharacter2D successful, but with 6 Warning(s) [in 0 ms]
[2015.12.25-22.58.00:613][365]LogBlueprint:Warning: [compiler FreeMovementLocator] Warning 'Third Person Character 2D' does not inherit from 'Player Controller' ( Cast To ThirdPersonCharacter2D  would always fail).
[2015.12.25-22.58.00:614][365]LogBlueprint:Warning: [compiler FreeMovementLocator] Warning [0032.30] Compile of FreeMovementLocator successful, but with 1 Warning(s) [in 2 ms]
[2015.12.25-22.58.00:614][365]LogBlueprint:Warning: [compiler FreeMovementLocator] Warning [0032.30] Compile of FreeMovementLocator successful, but with 2 Warning(s) [in 0 ms]
[2015.12.25-22.58.00:618][365]LogBlueprint:Warning: [compiler FreeMovementLocator] Warning [0032.31] Compile of FreeMovementLocator successful, but with 3 Warning(s) [in 3 ms]
[2015.12.25-22.58.00:682][365]LogBlueprint:Warning: [compiler AbilityMenu] Warning 'ReturnValue' is already a 'Listed Item', you don't need  Cast To ListedItem .
[2015.12.25-22.58.00:682][365]LogBlueprint:Warning: [compiler AbilityMenu] Warning 'ReturnValue' is already a 'Listed Item', you don't need  Cast To ListedItem .
[2015.12.25-22.58.00:686][365]LogBlueprint:Warning: [compiler AbilityMenu] Warning [0032.38] Compile of AbilityMenu successful, but with 2 Warning(s) [in 26 ms]
[2015.12.25-22.58.00:686][365]LogBlueprint:Warning: [compiler AbilityMenu] Warning [0032.38] Compile of AbilityMenu successful, but with 3 Warning(s) [in 0 ms]
[2015.12.25-22.58.00:691][365]LogBlueprint:Warning: [compiler AbilityMenu] Warning [0032.38] Compile of AbilityMenu successful, but with 4 Warning(s) [in 5 ms]
[2015.12.25-22.58.00:812][365]LogBlueprint:Warning: [compiler ThirdPersonCharacter] Warning 'AbilitiesMenu' is already a 'Ability Menu', you don't need  Cast To AbilityMenu .
[2015.12.25-22.58.00:815][365]LogBlueprint:Warning: [compiler ThirdPersonCharacter] Warning 'PointerClass' is already a 'Pointer', you don't need  Cast To Pointer .
[2015.12.25-22.58.00:816][365]LogBlueprint:Warning: [compiler ThirdPersonCharacter] Warning No value will be returned by reference. Parameter 'EndTime'. Node:  (none) 
[2015.12.25-22.58.00:827][365]LogBlueprint:Warning: [compiler ThirdPersonCharacter] Warning 'SecondPointer' is already a 'Pointer 2', you don't need  Cast To Pointer2 .
[2015.12.25-22.58.00:845][365]LogBlueprint:Warning: [compiler ThirdPersonCharacter] Warning [0032.53] Compile of ThirdPersonCharacter successful, but with 4 Warning(s) [in 109 ms]
[2015.12.25-22.58.00:845][365]LogBlueprint:Warning: [compiler ThirdPersonCharacter] Warning [0032.53] Compile of ThirdPersonCharacter successful, but with 5 Warning(s) [in 0 ms]
[2015.12.25-22.58.00:845][365]LogBlueprint:Warning: [compiler ThirdPersonCharacter] Warning [0032.54] Compile of ThirdPersonCharacter successful, but with 6 Warning(s) [in 0 ms]
[2015.12.25-22.58.00:961][365]LogBlueprint:Warning: [compiler ThirdPersonCharacter2D] Warning No value will be returned by reference. Parameter 'EndTime'. Node:  (none) 
[2015.12.25-22.58.00:977][365]LogBlueprint:Warning: [compiler ThirdPersonCharacter2D] Warning 'AbilitiesMenu' is already a 'Ability Menu', you don't need  Cast To AbilityMenu .
[2015.12.25-22.58.00:977][365]LogBlueprint:Warning: [compiler ThirdPersonCharacter2D] Warning 'ReturnValue' is already a 'Knife', you don't need  Cast To Knife .
[2015.12.25-22.58.00:985][365]LogBlueprint:Warning: [compiler ThirdPersonCharacter2D] Warning 'SecondPointer' is already a 'Pointer 2', you don't need  Cast To Pointer2 .
[2015.12.25-22.58.01:055][365]LogBlueprint:Warning: [compiler ThirdPersonCharacter2D] Warning [0032.74] Compile of ThirdPersonCharacter2D successful, but with 4 Warning(s) [in 172 ms]
[2015.12.25-22.58.01:055][365]LogBlueprint:Warning: [compiler ThirdPersonCharacter2D] Warning [0032.74] Compile of ThirdPersonCharacter2D successful, but with 5 Warning(s) [in 0 ms]
[2015.12.25-22.58.01:055][365]LogBlueprint:Warning: [compiler ThirdPersonCharacter2D] Warning [0032.75] Compile of ThirdPersonCharacter2D successful, but with 6 Warning(s) [in 0 ms]
[2015.12.25-22.58.01:493][365]LogWorld: Game class is '2dFlipBookGameMode_C'
[2015.12.25-22.58.01:564][365]LogWorld: Bringing World /Game/Maps/UEDPIE_0_Plaza_Blockout.Plaza_Blockout up for play (max tick rate 0) at 2015.12.25-14.58.01
[2015.12.25-22.58.01:565][365]LogActor:Warning: GameSession /Game/Maps/UEDPIE_0_Plaza_Blockout.Plaza_Blockout:PersistentLevel.GameSession_0 has natively added scene component(s), but none of them were set as the actor's RootComponent - picking one arbitrarily
[2015.12.25-22.58.01:565][365]LogActor:Warning: GameNetworkManager /Game/Maps/UEDPIE_0_Plaza_Blockout.Plaza_Blockout:PersistentLevel.GameNetworkManager_0 has natively added scene component(s), but none of them were set as the actor's RootComponent - picking one arbitrarily
[2015.12.25-22.58.01:570][365]LogWorld: Bringing up level for play took: 0.075744
[2015.12.25-22.58.01:570][365]LogPathFollowing:Warning: No NavigationData found while trying to cache it for AIController_0's PathFollowingComponent
[2015.12.25-22.58.01:575][365]PIE: Info Play in editor start time for /Game/Maps/UEDPIE_0_Plaza_Blockout 2.866
[2015.12.25-22.58.01:575][365]LogBlueprintUserMessages: Late PlayInEditor Detection: Level '/Game/Maps/Plaza_Blockout.Plaza_Blockout:PersistentLevel' has LevelScriptBlueprint '/Game/Maps/Plaza_Blockout.Plaza_Blockout:PersistentLevel.Plaza_Blockout' with GeneratedClass '/Game/Maps/Plaza_Blockout.Plaza_Blockout_C' with ClassGeneratedBy '/Game/Maps/Plaza_Blockout.Plaza_Blockout:PersistentLevel.Plaza_Blockout'
[2015.12.25-22.58.03:677][613]LogBlueprintUserMessages: Early EndPlayMap Detection: Level '/Game/Maps/Plaza_Blockout.Plaza_Blockout:PersistentLevel' has LevelScriptBlueprint '/Game/Maps/Plaza_Blockout.Plaza_Blockout:PersistentLevel.Plaza_Blockout' with GeneratedClass '/Game/Maps/Plaza_Blockout.Plaza_Blockout_C' with ClassGeneratedBy '/Game/Maps/Plaza_Blockout.Plaza_Blockout:PersistentLevel.Plaza_Blockout'
[2015.12.25-22.58.03:741][613]LogBlueprintUserMessages: Late EndPlayMap Detection: Level '/Game/Maps/Plaza_Blockout.Plaza_Blockout:PersistentLevel' has LevelScriptBlueprint '/Game/Maps/Plaza_Blockout.Plaza_Blockout:PersistentLevel.Plaza_Blockout' with GeneratedClass '/Game/Maps/Plaza_Blockout.Plaza_Blockout_C' with ClassGeneratedBy '/Game/Maps/Plaza_Blockout.Plaza_Blockout:PersistentLevel.Plaza_Blockout'
[2015.12.25-22.58.03:790][613]LogParticles: Destroying 0 GPU particle simulations for FXSystem 0x00000000337AF560
[2015.12.25-22.58.07:465][  7]LogBlueprintUserMessages: Early PlayInEditor Detection: Level '/Game/Maps/Plaza_Blockout.Plaza_Blockout:PersistentLevel' has LevelScriptBlueprint '/Game/Maps/Plaza_Blockout.Plaza_Blockout:PersistentLevel.Plaza_Blockout' with GeneratedClass '/Game/Maps/Plaza_Blockout.Plaza_Blockout_C' with ClassGeneratedBy '/Game/Maps/Plaza_Blockout.Plaza_Blockout:PersistentLevel.Plaza_Blockout'
[2015.12.25-22.58.07:465][  7]LogPlayLevel: PlayLevel: No blueprints needed recompiling
[2015.12.25-22.58.07:465][  7]PIE: New page: PIE session: Plaza_Blockout (Dec 25, 2015, 6:58:07 AM)
[2015.12.25-22.58.07:465][  7]LogPlayLevel: Creating play world package: /Game/Maps/UEDPIE_0_Plaza_Blockout
[2015.12.25-22.58.07:557][  7]LogPlayLevel: PIE: StaticDuplicateObject took: (0.091693s)
[2015.12.25-22.58.07:558][  7]LogAIModule: Creating AISystem for world Plaza_Blockout
[2015.12.25-22.58.07:558][  7]LogPlayLevel: PIE: World Init took: (0.000756s)
[2015.12.25-22.58.07:558][  7]LogPlayLevel: PIE: Created PIE world by copying editor world from /Game/Maps/Plaza_Blockout.Plaza_Blockout to /Game/Maps/UEDPIE_0_Plaza_Blockout.Plaza_Blockout (0.092722s)
[2015.12.25-22.58.07:581][  7]LogInit: XAudio2 using 'Speakers (Realtek High Definition Audio)' : 2 channels at 48 kHz using 32 bits per sample (channel mask 0x3)
[2015.12.25-22.58.07:619][  7]LogInit: FAudioDevice initialized.
[2015.12.25-22.58.07:651][  7]LogWorld: Game class is '2dFlipBookGameMode_C'
[2015.12.25-22.58.07:721][  7]LogWorld: Bringing World /Game/Maps/UEDPIE_0_Plaza_Blockout.Plaza_Blockout up for play (max tick rate 0) at 2015.12.25-14.58.07
[2015.12.25-22.58.07:721][  7]LogActor:Warning: GameSession /Game/Maps/UEDPIE_0_Plaza_Blockout.Plaza_Blockout:PersistentLevel.GameSession_1 has natively added scene component(s), but none of them were set as the actor's RootComponent - picking one arbitrarily
[2015.12.25-22.58.07:721][  7]LogActor:Warning: GameNetworkManager /Game/Maps/UEDPIE_0_Plaza_Blockout.Plaza_Blockout:PersistentLevel.GameNetworkManager_1 has natively added scene component(s), but none of them were set as the actor's RootComponent - picking one arbitrarily
[2015.12.25-22.58.07:726][  7]LogWorld: Bringing up level for play took: 0.074642
[2015.12.25-22.58.07:726][  7]LogPathFollowing:Warning: No NavigationData found while trying to cache it for AIController_1's PathFollowingComponent
[2015.12.25-22.58.07:730][  7]PIE: Info Play in editor start time for /Game/Maps/UEDPIE_0_Plaza_Blockout 1.022
[2015.12.25-22.58.07:731][  7]LogBlueprintUserMessages: Late PlayInEditor Detection: Level '/Game/Maps/Plaza_Blockout.Plaza_Blockout:PersistentLevel' has LevelScriptBlueprint '/Game/Maps/Plaza_Blockout.Plaza_Blockout:PersistentLevel.Plaza_Blockout' with GeneratedClass '/Game/Maps/Plaza_Blockout.Plaza_Blockout_C' with ClassGeneratedBy '/Game/Maps/Plaza_Blockout.Plaza_Blockout:PersistentLevel.Plaza_Blockout'
[2015.12.25-22.58.09:043][156]LogBlueprintUserMessages: [ThirdPersonCharacter2D_C_1] ZaWarudo
[2015.12.25-22.58.09:044][156]LogBlueprintUserMessages: [ThirdPersonCharacter2D_C_1] WallSwitch
[2015.12.25-22.58.09:044][156]LogBlueprintUserMessages: [ThirdPersonCharacter2D_C_1] 0
[2015.12.25-22.58.09:044][156]LogScript:Warning: Accessed None 'CallFunc_SlotAsCanvasSlot_ReturnValue'
	ThirdPersonCharacter2D_C /Game/Maps/UEDPIE_0_Plaza_Blockout.Plaza_Blockout:PersistentLevel.ThirdPersonCharacter2D_C_1
	Function /Game/Blueprints/2D/Blueprints/Tests/ThirdPersonCharacter2D.ThirdPersonCharacter2D_C:MovePointer2:0125
[2015.12.25-22.58.09:045][156]PIE:Error: Error Accessed None 'CallFunc_SlotAsCanvasSlot_ReturnValue' from node Move Me Too in graph 'MovePointer2' in blueprint ThirdPersonCharacter2D
[2015.12.25-22.58.09:335][191]LogScript:Warning: Accessed None 'CallFunc_SlotAsCanvasSlot_ReturnValue'
	ThirdPersonCharacter2D_C /Game/Maps/UEDPIE_0_Plaza_Blockout.Plaza_Blockout:PersistentLevel.ThirdPersonCharacter2D_C_1
	Function /Game/Blueprints/2D/Blueprints/Tests/ThirdPersonCharacter2D.ThirdPersonCharacter2D_C:MovePointer2:0125
[2015.12.25-22.58.09:336][191]PIE:Error: Error Accessed None 'CallFunc_SlotAsCanvasSlot_ReturnValue' from node Move Me Too in graph 'MovePointer2' in blueprint ThirdPersonCharacter2D
[2015.12.25-22.58.09:878][256]LogScript:Warning: Accessed None 'CallFunc_SlotAsCanvasSlot_ReturnValue'
	ThirdPersonCharacter2D_C /Game/Maps/UEDPIE_0_Plaza_Blockout.Plaza_Blockout:PersistentLevel.ThirdPersonCharacter2D_C_1
	Function /Game/Blueprints/2D/Blueprints/Tests/ThirdPersonCharacter2D.ThirdPersonCharacter2D_C:MovePointer2:0125
[2015.12.25-22.58.09:878][256]PIE:Error: Error Accessed None 'CallFunc_SlotAsCanvasSlot_ReturnValue' from node Move Me Too in graph 'MovePointer2' in blueprint ThirdPersonCharacter2D
[2015.12.25-22.58.10:362][314]LogScript:Warning: UGameplayStatics::SpawnEmitterAttached: NULL AttachComponent specified!
[2015.12.25-22.58.12:439][563]LogBlueprintUserMessages: Early EndPlayMap Detection: Level '/Game/Maps/Plaza_Blockout.Plaza_Blockout:PersistentLevel' has LevelScriptBlueprint '/Game/Maps/Plaza_Blockout.Plaza_Blockout:PersistentLevel.Plaza_Blockout' with GeneratedClass '/Game/Maps/Plaza_Blockout.Plaza_Blockout_C' with ClassGeneratedBy '/Game/Maps/Plaza_Blockout.Plaza_Blockout:PersistentLevel.Plaza_Blockout'
[2015.12.25-22.58.12:502][563]LogBlueprintUserMessages: Late EndPlayMap Detection: Level '/Game/Maps/Plaza_Blockout.Plaza_Blockout:PersistentLevel' has LevelScriptBlueprint '/Game/Maps/Plaza_Blockout.Plaza_Blockout:PersistentLevel.Plaza_Blockout' with GeneratedClass '/Game/Maps/Plaza_Blockout.Plaza_Blockout_C' with ClassGeneratedBy '/Game/Maps/Plaza_Blockout.Plaza_Blockout:PersistentLevel.Plaza_Blockout'
[2015.12.25-22.58.12:535][563]LogParticles: Destroying 0 GPU particle simulations for FXSystem 0x00000000325ED8A0
[2015.12.25-22.58.16:223][831]LogSavePackage: Save=808.868103ms
[2015.12.25-22.58.16:223][831]LogSavePackage: Moving '../../../../../../Users/Matt/Documents/GitHub/P3NGUIN/P3NGUIN/MyProject19/Saved/Plaza_Blockout175CEBFF4BD1320DF2337987D018CE13.tmp' to '../../../../../../Users/Matt/Documents/GitHub/P3NGUIN/P3NGUIN/MyProject19/Content/Maps/Plaza_Blockout.umap'
[2015.12.25-22.58.16:229][831]LogSavePackage: Total save time: 864.294540ms
[2015.12.25-22.58.16:230][831]LogSavePackage:Display: Finished SavePackage ../../../../../../Users/Matt/Documents/GitHub/P3NGUIN/P3NGUIN/MyProject19/Content/Maps/Plaza_Blockout.umap
[2015.12.25-22.58.16:305][831]LogFileHelpers: Saving map 'Plaza_Blockout' took 1.056
[2015.12.25-22.58.25:494][867]Cmd: QUIT_EDITOR
[2015.12.25-22.58.25:645][867]LogExit: Preparing to exit.
[2015.12.25-22.58.26:215][867]LogExit: Editor shut down
[2015.12.25-22.58.26:215][867]LogExit: Transaction tracking system shut down
[2015.12.25-22.58.26:218][867]LogParticles: Destroying 0 GPU particle simulations for FXSystem 0x000000000F7607C0
[2015.12.25-22.58.26:218][867]LogParticles: Destroying 0 GPU particle simulations for FXSystem 0x0000000021E6B740
[2015.12.25-22.58.26:218][867]LogParticles: Destroying 0 GPU particle simulations for FXSystem 0x0000000027023F60
[2015.12.25-22.58.26:218][867]LogParticles: Destroying 0 GPU particle simulations for FXSystem 0x0000000021EDCD60
[2015.12.25-22.58.26:219][867]LogParticles: Destroying 0 GPU particle simulations for FXSystem 0x0000000028802DE0
[2015.12.25-22.58.26:219][867]LogParticles: Destroying 0 GPU particle simulations for FXSystem 0x000000000F324C20
[2015.12.25-22.58.26:370][867]LogExit: Object subsystem successfully closed.
[2015.12.25-22.58.26:384][867]LogD3D11RHI: Shutdown
[2015.12.25-22.58.26:384][867]LogD3D11RHI: CleanupD3DDevice
[2015.12.25-22.58.26:421][867]LogD3D11RHI: ~FD3D11DynamicRHI
[2015.12.25-22.58.26:453][867]LogModuleManager: Shutting down and abandoning module CookingStats (200)
[2015.12.25-22.58.26:453][867]LogModuleManager: Shutting down and abandoning module CrashTracker (199)
[2015.12.25-22.58.26:453][867]LogModuleManager: Shutting down and abandoning module WorldBrowser (198)
[2015.12.25-22.58.26:453][867]LogModuleManager: Shutting down and abandoning module SceneOutliner (197)
[2015.12.25-22.58.26:453][867]LogModuleManager: Shutting down and abandoning module SuperSearch (196)
[2015.12.25-22.58.26:453][867]LogModuleManager: Shutting down and abandoning module WidgetCarousel (195)
[2015.12.25-22.58.26:453][867]LogModuleManager: Shutting down and abandoning module AddContentDialog (194)
[2015.12.25-22.58.26:454][867]LogModuleManager: Shutting down and abandoning module EditorWidgets (193)
[2015.12.25-22.58.26:454][867]LogModuleManager: Shutting down and abandoning module CollectionManager (192)
[2015.12.25-22.58.26:454][867]LogModuleManager: Shutting down and abandoning module StatsViewer (191)
[2015.12.25-22.58.26:454][867]LogModuleManager: Shutting down and abandoning module FoliageEdit (190)
[2015.12.25-22.58.26:454][867]LogModuleManager: Shutting down and abandoning module LandscapeEditor (189)
[2015.12.25-22.58.26:454][867]LogModuleManager: Shutting down and abandoning module ActorPickerMode (188)
[2015.12.25-22.58.26:454][867]LogModuleManager: Shutting down and abandoning module GeometryMode (187)
[2015.12.25-22.58.26:454][867]LogModuleManager: Shutting down and abandoning module TextureAlignMode (186)
[2015.12.25-22.58.26:454][867]LogModuleManager: Shutting down and abandoning module BspMode (185)
[2015.12.25-22.58.26:454][867]LogModuleManager: Shutting down and abandoning module PlacementMode (184)
[2015.12.25-22.58.26:454][867]LogModuleManager: Shutting down and abandoning module AutomationWorker (183)
[2015.12.25-22.58.26:454][867]LogModuleManager: Shutting down and abandoning module CharacterAI (182)
[2015.12.25-22.58.26:454][867]LogModuleManager: Shutting down and abandoning module SmartSnapping (181)
[2015.12.25-22.58.26:454][867]LogModuleManager: Shutting down and abandoning module ViewportSnapping (180)
[2015.12.25-22.58.26:454][867]LogModuleManager: Shutting down and abandoning module LogVisualizer (179)
[2015.12.25-22.58.26:454][867]LogModuleManager: Shutting down and abandoning module GameProjectGeneration (178)
[2015.12.25-22.58.26:454][867]LogModuleManager: Shutting down and abandoning module IntroTutorials (177)
[2015.12.25-22.58.26:454][867]LogModuleManager: Shutting down and abandoning module EditorLiveStreaming (176)
[2015.12.25-22.58.26:454][867]LogModuleManager: Shutting down and abandoning module IOSPlatformEditor (175)
[2015.12.25-22.58.26:454][867]LogModuleManager: Shutting down and abandoning module HTML5PlatformEditor (174)
[2015.12.25-22.58.26:454][867]LogModuleManager: Shutting down and abandoning module AndroidDeviceDetection (173)
[2015.12.25-22.58.26:466][867]LogModuleManager: Shutting down and abandoning module AndroidPlatformEditor (172)
[2015.12.25-22.58.26:466][867]LogModuleManager: Shutting down and abandoning module IOSRuntimeSettings (171)
[2015.12.25-22.58.26:466][867]LogModuleManager: Shutting down and abandoning module AndroidRuntimeSettings (170)
[2015.12.25-22.58.26:466][867]LogModuleManager: Shutting down and abandoning module MergeActors (169)
[2015.12.25-22.58.26:466][867]LogModuleManager: Shutting down and abandoning module SizeMap (168)
[2015.12.25-22.58.26:466][867]LogModuleManager: Shutting down and abandoning module TreeMap (167)
[2015.12.25-22.58.26:466][867]LogModuleManager: Shutting down and abandoning module ReferenceViewer (166)
[2015.12.25-22.58.26:466][867]LogModuleManager: Shutting down and abandoning module LocalizationService (165)
[2015.12.25-22.58.26:466][867]LogModuleManager: Shutting down and abandoning module LocalizationDashboard (164)
[2015.12.25-22.58.26:466][867]LogModuleManager: Shutting down and abandoning module HardwareTargeting (163)
[2015.12.25-22.58.26:466][867]LogModuleManager: Shutting down and abandoning module DeviceProfileEditor (162)
[2015.12.25-22.58.26:466][867]LogModuleManager: Shutting down and abandoning module UndoHistory (161)
[2015.12.25-22.58.26:466][867]LogModuleManager: Shutting down and abandoning module GameplayTagsEditor (160)
[2015.12.25-22.58.26:466][867]LogModuleManager: Shutting down and abandoning module UserFeedback (159)
[2015.12.25-22.58.26:466][867]LogModuleManager: Shutting down and abandoning module XmlParser (158)
[2015.12.25-22.58.26:466][867]LogModuleManager: Shutting down and abandoning module Blutility (157)
[2015.12.25-22.58.26:466][867]LogModuleManager: Shutting down and abandoning module ProjectTargetPlatformEditor (156)
[2015.12.25-22.58.26:466][867]LogModuleManager: Shutting down and abandoning module ProjectSettingsViewer (155)
[2015.12.25-22.58.26:466][867]LogModuleManager: Shutting down and abandoning module InputBindingEditor (154)
[2015.12.25-22.58.26:466][867]LogModuleManager: Shutting down and abandoning module EditorSettingsViewer (153)
[2015.12.25-22.58.26:466][867]LogModuleManager: Shutting down and abandoning module SettingsEditor (152)
[2015.12.25-22.58.26:466][867]LogModuleManager: Shutting down and abandoning module ProjectLauncher (151)
[2015.12.25-22.58.26:466][867]LogModuleManager: Shutting down and abandoning module SessionFrontend (150)
[2015.12.25-22.58.26:466][867]LogModuleManager: Shutting down and abandoning module ProfilerClient (149)
[2015.12.25-22.58.26:466][867]LogModuleManager: Shutting down and abandoning module TargetDeviceServices (148)
[2015.12.25-22.58.26:466][867]LogModuleManager: Shutting down and abandoning module DeviceManager (147)
[2015.12.25-22.58.26:467][867]LogModuleManager: Shutting down and abandoning module AutomationController (146)
[2015.12.25-22.58.26:467][867]LogModuleManager: Shutting down and abandoning module AutomationWindow (145)
[2015.12.25-22.58.26:467][867]LogModuleManager: Shutting down and abandoning module Layers (144)
[2015.12.25-22.58.26:467][867]LogModuleManager: Shutting down and abandoning module ComponentVisualizers (143)
[2015.12.25-22.58.26:467][867]LogModuleManager: Shutting down and abandoning module DetailCustomizations (142)
[2015.12.25-22.58.26:467][867]LogModuleManager: Shutting down and abandoning module PackagesDialog (141)
[2015.12.25-22.58.26:467][867]LogModuleManager: Shutting down and abandoning module Persona (140)
[2015.12.25-22.58.26:467][867]LogModuleManager: Shutting down and abandoning module Kismet (139)
[2015.12.25-22.58.26:467][867]LogModuleManager: Shutting down and abandoning module GraphEditor (138)
[2015.12.25-22.58.26:467][867]LogModuleManager: Shutting down and abandoning module ClassViewer (137)
[2015.12.25-22.58.26:467][867]LogModuleManager: Shutting down and abandoning module Toolbox (136)
[2015.12.25-22.58.26:467][867]LogModuleManager: Shutting down and abandoning module ModuleUI (135)
[2015.12.25-22.58.26:467][867]LogModuleManager: Shutting down and abandoning module MovieSceneTools (134)
[2015.12.25-22.58.26:467][867]LogModuleManager: Shutting down and abandoning module OutputLog (133)
[2015.12.25-22.58.26:467][867]LogModuleManager: Shutting down and abandoning module GammaUI (132)
[2015.12.25-22.58.26:467][867]LogModuleManager: Shutting down and abandoning module Documentation (131)
[2015.12.25-22.58.26:467][867]LogModuleManager: Shutting down and abandoning module GameLiveStreaming (130)
[2015.12.25-22.58.26:467][867]LogModuleManager: Shutting down and abandoning module StreamingPauseRendering (129)
[2015.12.25-22.58.26:467][867]LogModuleManager: Shutting down and abandoning module AnalyticsET (128)
[2015.12.25-22.58.26:467][867]LogModuleManager: Shutting down and abandoning module Analytics (127)
[2015.12.25-22.58.26:467][867]LogModuleManager: Shutting down and abandoning module AITestSuite (126)
[2015.12.25-22.58.26:467][867]LogModuleManager: Shutting down and abandoning module GameplayDebugger (125)
[2015.12.25-22.58.26:467][867]LogModuleManager: Shutting down and abandoning module AIModule (124)
[2015.12.25-22.58.26:467][867]LogModuleManager: Shutting down and abandoning module ProfilerService (123)
[2015.12.25-22.58.26:495][867]LogModuleManager: Shutting down and abandoning module TaskGraph (122)
[2015.12.25-22.58.26:495][867]LogModuleManager: Shutting down and abandoning module SlateRemote (121)
[2015.12.25-22.58.26:495][867]LogModuleManager: Shutting down and abandoning module SteamVRController (120)
[2015.12.25-22.58.26:495][867]LogModuleManager: Shutting down and abandoning module SteamVR (119)
[2015.12.25-22.58.26:495][867]LogModuleManager: Shutting down and abandoning module ProceduralMeshComponent (118)
[2015.12.25-22.58.26:495][867]LogModuleManager: Shutting down and abandoning module OculusLibrary (117)
[2015.12.25-22.58.26:495][867]LogModuleManager: Shutting down and abandoning module OculusInput (116)
[2015.12.25-22.58.26:495][867]LogModuleManager: Shutting down and abandoning module LeapMotionController (115)
[2015.12.25-22.58.26:506][867]LogModuleManager: Shutting down and abandoning module CustomMeshComponent (114)
[2015.12.25-22.58.26:506][867]LogModuleManager: Shutting down and abandoning module CableComponent (113)
[2015.12.25-22.58.26:506][867]LogModuleManager: Shutting down and abandoning module ArchVisCharacter (112)
[2015.12.25-22.58.26:506][867]LogModuleManager: Shutting down and abandoning module MessagingDebugger (111)
[2015.12.25-22.58.26:506][867]LogModuleManager: Shutting down and abandoning module MediaPlayerEditor (110)
[2015.12.25-22.58.26:506][867]LogModuleManager: Shutting down and abandoning module HTML5Networking (109)
[2015.12.25-22.58.26:506][867]LogModuleManager: Shutting down and abandoning module SpeedTreeImporter (108)
[2015.12.25-22.58.26:506][867]LogModuleManager: Shutting down and abandoning module PluginBrowser (107)
[2015.12.25-22.58.26:506][867]LogModuleManager: Shutting down and abandoning module EpicSurvey (106)
[2015.12.25-22.58.26:506][867]LogModuleManager: Shutting down and abandoning module DesktopPlatform (105)
[2015.12.25-22.58.26:506][867]LogModuleManager: Shutting down and abandoning module VisualStudioSourceCodeAccess (104)
[2015.12.25-22.58.26:506][867]LogModuleManager: Shutting down and abandoning module UObjectPlugin (103)
[2015.12.25-22.58.26:506][867]LogModuleManager: Shutting down and abandoning module SubversionSourceControl (102)
[2015.12.25-22.58.26:506][867]LogModuleManager: Shutting down and abandoning module PerforceSourceControl (101)
[2015.12.25-22.58.26:506][867]LogModuleManager: Shutting down and abandoning module SourceControl (100)
[2015.12.25-22.58.26:506][867]LogModuleManager: Shutting down and abandoning module GitSourceControl (99)
[2015.12.25-22.58.26:506][867]LogModuleManager: Shutting down and abandoning module LightPropagationVolumeEditor (98)
[2015.12.25-22.58.26:506][867]LogModuleManager: Shutting down and abandoning module PaperTiledImporter (97)
[2015.12.25-22.58.26:506][867]LogModuleManager: Shutting down and abandoning module PaperSpriteSheetImporter (96)
[2015.12.25-22.58.26:506][867]LogModuleManager: Shutting down and abandoning module MeshPaint (95)
[2015.12.25-22.58.26:506][867]LogModuleManager: Shutting down and abandoning module SlateReflector (94)
[2015.12.25-22.58.26:506][867]LogModuleManager: Shutting down and abandoning module HotReload (93)
[2015.12.25-22.58.26:507][867]LogModuleManager: Shutting down and abandoning module MainFrame (92)
[2015.12.25-22.58.26:507][867]LogModuleManager: Shutting down and abandoning module LevelEditor (91)
[2015.12.25-22.58.26:507][867]LogModuleManager: Shutting down and abandoning module DirectoryWatcher (90)
[2015.12.25-22.58.26:508][867]LogModuleManager: Shutting down and abandoning module AssetRegistry (89)
[2015.12.25-22.58.26:625][867]LogModuleManager: Shutting down and abandoning module ContentBrowser (88)
[2015.12.25-22.58.26:626][867]LogModuleManager: Shutting down and abandoning module Paper2DEditor (87)
[2015.12.25-22.58.26:626][867]LogModuleManager: Shutting down and abandoning module UdpMessaging (86)
[2015.12.25-22.58.26:726][867]LogModuleManager: Shutting down and abandoning module LightPropagationVolumeRuntime (85)
[2015.12.25-22.58.26:726][867]LogModuleManager: Shutting down and abandoning module Paper2D (84)
[2015.12.25-22.58.26:726][867]LogModuleManager: Shutting down and abandoning module WindowsMoviePlayer (83)
[2015.12.25-22.58.26:729][867]LogModuleManager: Shutting down and abandoning module Media (82)
[2015.12.25-22.58.26:729][867]LogModuleManager: Shutting down and abandoning module WmfMedia (81)
[2015.12.25-22.58.26:765][867]LogModuleManager: Shutting down and abandoning module OnlineBlueprintSupport (80)
[2015.12.25-22.58.26:765][867]LogModuleManager: Shutting down and abandoning module GameplayTasksEditor (79)
[2015.12.25-22.58.26:765][867]LogModuleManager: Shutting down and abandoning module PropertyEditor (78)
[2015.12.25-22.58.26:765][867]LogModuleManager: Shutting down and abandoning module BehaviorTreeEditor (77)
[2015.12.25-22.58.26:765][867]LogModuleManager: Shutting down and abandoning module FunctionalTesting (76)
[2015.12.25-22.58.26:765][867]LogModuleManager: Shutting down and abandoning module CollisionAnalyzer (75)
[2015.12.25-22.58.26:765][867]LogModuleManager: Shutting down and abandoning module WorkspaceMenuStructure (74)
[2015.12.25-22.58.26:765][867]LogModuleManager: Shutting down and abandoning module MessageLog (73)
[2015.12.25-22.58.26:765][867]LogModuleManager: Shutting down and abandoning module Sequencer (72)
[2015.12.25-22.58.26:765][867]LogModuleManager: Shutting down and abandoning module AssetTools (71)
[2015.12.25-22.58.26:765][867]LogModuleManager: Shutting down and abandoning module UMGEditor (70)
[2015.12.25-22.58.26:765][867]LogModuleManager: Shutting down and abandoning module UMG (69)
[2015.12.25-22.58.26:765][867]LogModuleManager: Shutting down and abandoning module Slate (68)
[2015.12.25-22.58.26:765][867]LogModuleManager: Shutting down and abandoning module EditorStyle (67)
[2015.12.25-22.58.26:769][867]LogModuleManager: Shutting down and abandoning module SessionServices (66)
[2015.12.25-22.58.26:769][867]LogModuleManager: Shutting down and abandoning module SourceCodeAccess (65)
[2015.12.25-22.58.26:769][867]LogModuleManager: Shutting down and abandoning module HeadMountedDisplay (64)
[2015.12.25-22.58.26:769][867]LogModuleManager: Shutting down and abandoning module XAudio2 (63)
[2015.12.25-22.58.26:769][867]LogModuleManager: Shutting down and abandoning module Networking (61)
[2015.12.25-22.58.26:769][867]LogModuleManager: Shutting down and abandoning module Core (60)
[2015.12.25-22.58.26:769][867]LogModuleManager: Shutting down and abandoning module KismetCompiler (59)
[2015.12.25-22.58.26:769][867]LogModuleManager: Shutting down and abandoning module PhysXFormats (58)
[2015.12.25-22.58.26:769][867]LogModuleManager: Shutting down and abandoning module MeshUtilities (57)
[2015.12.25-22.58.26:769][867]LogModuleManager: Shutting down and abandoning module DerivedDataCache (56)
[2015.12.25-22.58.27:714][867]LogDerivedDataCache: Shutdown
[2015.12.25-22.58.27:714][867]LogModuleManager: Shutting down and abandoning module ShaderFormatOpenGL (55)
[2015.12.25-22.58.27:714][867]LogModuleManager: Shutting down and abandoning module ShaderFormatD3D (54)
[2015.12.25-22.58.27:714][867]LogModuleManager: Shutting down and abandoning module MetalShaderFormat (53)
[2015.12.25-22.58.27:714][867]LogModuleManager: Shutting down and abandoning module TextureFormatUncompressed (52)
[2015.12.25-22.58.27:714][867]LogModuleManager: Shutting down and abandoning module TextureFormatPVR (51)
[2015.12.25-22.58.27:714][867]LogModuleManager: Shutting down and abandoning module TextureFormatIntelISPCTexComp (50)
[2015.12.25-22.58.27:714][867]LogModuleManager: Shutting down and abandoning module TextureFormatDXT (49)
[2015.12.25-22.58.27:714][867]LogModuleManager: Shutting down and abandoning module ImageWrapper (48)
[2015.12.25-22.58.27:714][867]LogModuleManager: Shutting down and abandoning module TextureFormatASTC (47)
[2015.12.25-22.58.27:714][867]LogModuleManager: Shutting down and abandoning module TextureFormatAndroid (46)
[2015.12.25-22.58.27:714][867]LogModuleManager: Shutting down and abandoning module AudioFormatOpus (45)
[2015.12.25-22.58.27:714][867]LogModuleManager: Shutting down and abandoning module AudioFormatOgg (44)
[2015.12.25-22.58.27:714][867]LogModuleManager: Shutting down and abandoning module AudioFormatADPCM (43)
[2015.12.25-22.58.27:714][867]LogModuleManager: Shutting down and abandoning module LinuxTargetPlatform (42)
[2015.12.25-22.58.27:714][867]LogModuleManager: Shutting down and abandoning module LinuxServerTargetPlatform (41)
[2015.12.25-22.58.27:714][867]LogModuleManager: Shutting down and abandoning module LinuxNoEditorTargetPlatform (40)
[2015.12.25-22.58.27:714][867]LogModuleManager: Shutting down and abandoning module Messaging (39)
[2015.12.25-22.58.27:714][867]LogModuleManager: Shutting down and abandoning module IOSTargetPlatform (38)
[2015.12.25-22.58.27:714][867]LogModuleManager: Shutting down and abandoning module HTML5TargetPlatform (37)
[2015.12.25-22.58.27:714][867]LogModuleManager: Shutting down and abandoning module Android_PVRTCTargetPlatform (36)
[2015.12.25-22.58.27:714][867]LogModuleManager: Shutting down and abandoning module Android_MultiTargetPlatform (35)
[2015.12.25-22.58.27:714][867]LogModuleManager: Shutting down and abandoning module Android_ETC2TargetPlatform (34)
[2015.12.25-22.58.27:714][867]LogModuleManager: Shutting down and abandoning module Android_ETC1TargetPlatform (33)
[2015.12.25-22.58.27:714][867]LogModuleManager: Shutting down and abandoning module Android_DXTTargetPlatform (32)
[2015.12.25-22.58.27:714][867]LogModuleManager: Shutting down and abandoning module Android_ATCTargetPlatform (31)
[2015.12.25-22.58.27:714][867]LogModuleManager: Shutting down and abandoning module Android_ASTCTargetPlatform (30)
[2015.12.25-22.58.27:714][867]LogModuleManager: Shutting down and abandoning module AndroidTargetPlatform (29)
[2015.12.25-22.58.27:714][867]LogModuleManager: Shutting down and abandoning module WindowsTargetPlatform (28)
[2015.12.25-22.58.27:714][867]LogModuleManager: Shutting down and abandoning module WindowsServerTargetPlatform (27)
[2015.12.25-22.58.27:714][867]LogModuleManager: Shutting down and abandoning module WindowsNoEditorTargetPlatform (26)
[2015.12.25-22.58.27:714][867]LogModuleManager: Shutting down and abandoning module WindowsClientTargetPlatform (25)
[2015.12.25-22.58.27:714][867]LogModuleManager: Shutting down and abandoning module AllDesktopTargetPlatform (24)
[2015.12.25-22.58.27:714][867]LogModuleManager: Shutting down and abandoning module TargetPlatform (23)
[2015.12.25-22.58.27:714][867]LogModuleManager: Shutting down and abandoning module InputCore (22)
[2015.12.25-22.58.27:714][867]LogModuleManager: Shutting down and abandoning module Settings (21)
[2015.12.25-22.58.27:714][867]LogModuleManager: Shutting down and abandoning module OnlineSubsystem (19)
[2015.12.25-22.58.27:714][867]LogModuleManager: Shutting down and abandoning module HTTP (18)
[2015.12.25-22.58.29:723][867]LogModuleManager: Shutting down and abandoning module XMPP (17)
[2015.12.25-22.58.29:723][867]LogModuleManager: Shutting down and abandoning module OculusRift (16)
[2015.12.25-22.58.29:723][867]LogModuleManager: Shutting down and abandoning module ExampleDeviceProfileSelector (15)
[2015.12.25-22.58.29:723][867]LogModuleManager: Shutting down and abandoning module TextureCompressor (14)
[2015.12.25-22.58.29:723][867]LogModuleManager: Shutting down and abandoning module ShaderCore (13)
[2015.12.25-22.58.29:723][867]LogModuleManager: Shutting down and abandoning module Landscape (12)
[2015.12.25-22.58.29:723][867]LogModuleManager: Shutting down and abandoning module SlateRHIRenderer (11)
[2015.12.25-22.58.29:723][867]LogModuleManager: Shutting down and abandoning module OpenGLDrv (10)
[2015.12.25-22.58.29:723][867]LogModuleManager: Shutting down and abandoning module D3D11RHI (9)
[2015.12.25-22.58.29:723][867]LogModuleManager: Shutting down and abandoning module AnimGraphRuntime (8)
[2015.12.25-22.58.29:723][867]LogModuleManager: Shutting down and abandoning module Renderer (7)
[2015.12.25-22.58.29:723][867]LogModuleManager: Shutting down and abandoning module Engine (6)
[2015.12.25-22.58.29:723][867]LogModuleManager: Shutting down and abandoning module CoreUObject (5)
[2015.12.25-22.58.29:724][867]LogModuleManager: Shutting down and abandoning module NetworkFile (4)
[2015.12.25-22.58.29:724][867]LogModuleManager: Shutting down and abandoning module StreamingFile (3)
[2015.12.25-22.58.29:724][867]LogModuleManager: Shutting down and abandoning module SandboxFile (2)
[2015.12.25-22.58.29:724][867]LogModuleManager: Shutting down and abandoning module PakFile (1)
[2015.12.25-22.58.29:725][867]LogExit: Exiting.
[2015.12.25-22.58.29:726][867]Log file closed, 12/25/15 14:58:29
