[2015.11.30-00.41.08:770][  0]Log file open, 11/29/15 16:41:08
[2015.11.30-00.41.08:770][  0]LogInit:Display: Running engine without a game
[2015.11.30-00.41.08:770][  0]LogInit:Display: Loading recent project file: C:/Users/Matt/Documents/GitHub/P3NGUIN/MyProject19/MyProject19.uproject
[2015.11.30-00.41.08:770][  0]LogInit:Display: RandInit(1975222524) SRandInit(1975222526).
[2015.11.30-00.41.08:770][  0]LogTaskGraph: Started task graph with 4 named threads and 7 total threads.
[2015.11.30-00.41.08:770][  0]LogStats: Stats thread started at 0.075245
[2015.11.30-00.41.08:770][  0]LogInit: Version: 4.9.2-2707645+++depot+UE4-Releases+4.9
[2015.11.30-00.41.08:770][  0]LogInit: API Version: 2672455
[2015.11.30-00.41.08:770][  0]LogInit: Compiled (64-bit): Sep 28 2015 10:25:44
[2015.11.30-00.41.08:770][  0]LogInit: Compiled with Visual C++: 18.00.21005.01
[2015.11.30-00.41.08:770][  0]LogInit: Build Configuration: Development
[2015.11.30-00.41.08:770][  0]LogInit: Branch Name: ++depot+UE4-Releases+4.9
[2015.11.30-00.41.08:770][  0]LogInit: Command line: 
[2015.11.30-00.41.08:770][  0]LogInit: Base directory: C:/Program Files/Epic Games/4.9/Engine/Binaries/Win64/
[2015.11.30-00.41.08:770][  0]LogInit: Rocket: 1
[2015.11.30-00.41.08:779][  0]LogInit: Using libcurl 7.41.0
[2015.11.30-00.41.08:779][  0]LogInit:  - built for x86_64-pc-win32
[2015.11.30-00.41.08:779][  0]LogInit:  - supports SSL with WinSSL
[2015.11.30-00.41.08:779][  0]LogInit:  - other features:
[2015.11.30-00.41.08:779][  0]LogInit:      CURL_VERSION_SSL
[2015.11.30-00.41.08:779][  0]LogInit:      CURL_VERSION_IPV6
[2015.11.30-00.41.08:779][  0]LogInit:      CURL_VERSION_ASYNCHDNS
[2015.11.30-00.41.08:779][  0]LogInit:      CURL_VERSION_LARGEFILE
[2015.11.30-00.41.08:779][  0]LogInit:      CURL_VERSION_IDN
[2015.11.30-00.41.08:779][  0]LogInit:  CurlRequestOptions (configurable via config and command line):
[2015.11.30-00.41.08:779][  0]LogInit:  - bVerifyPeer = true  - Libcurl will verify peer certificate
[2015.11.30-00.41.08:779][  0]LogInit:  - bUseHttpProxy = false  - Libcurl will NOT use HTTP proxy
[2015.11.30-00.41.08:779][  0]LogInit:  - bDontReuseConnections = false  - Libcurl will reuse connections
[2015.11.30-00.41.08:779][  0]LogInit:  - CertBundlePath = nullptr  - Libcurl will use whatever was configured at build time.
[2015.11.30-00.41.08:787][  0]LogInit: Presizing for 0 objects not considered by GC, pre-allocating 0 bytes.
[2015.11.30-00.41.08:795][  0]LogInit: Object subsystem initialized
[2015.11.30-00.41.08:797][  0]LogInit: Selected Device Profile: [Windows]
[2015.11.30-00.41.08:797][  0]LogInit: Applying CVar settings loaded from the selected device profile: [Windows]
[2015.11.30-00.41.08:805][  0]LogInit: Computer: MATT-PC
[2015.11.30-00.41.08:805][  0]LogInit: User: Matt
[2015.11.30-00.41.08:805][  0]LogInit: CPU Page size=4096, Cores=4
[2015.11.30-00.41.08:805][  0]LogInit: High frequency timer resolution =3.020507 MHz
[2015.11.30-00.41.08:805][  0]LogMemory: Memory total: Physical=7.9GB (8GB approx)
[2015.11.30-00.41.08:805][  0]LogMemory: Platform Memory Stats for Windows
[2015.11.30-00.41.08:805][  0]LogMemory: Process Physical Memory: 54.52 MB used, 54.52 MB peak
[2015.11.30-00.41.08:805][  0]LogMemory: Process Virtual Memory: 56.39 MB used, 56.39 MB peak
[2015.11.30-00.41.08:805][  0]LogMemory: Physical Memory: 5305.83 MB used, 8109.12 MB total
[2015.11.30-00.41.08:805][  0]LogMemory: Virtual Memory: 337.04 MB used, 8388608.00 MB total
[2015.11.30-00.41.08:842][  0]LogTextLocalizationManager: No specific translations for ('en-US') exist, so ('en') translations will be used.
[2015.11.30-00.41.09:700][  0]LogD3D11RHI: Found D3D11 adapter 0: AMD Radeon HD 7800 Series (Feature Level 11_0)
[2015.11.30-00.41.09:700][  0]LogD3D11RHI: Adapter has 2029MB of dedicated video memory, 0MB of dedicated system memory, and 3798MB of shared system memory, 1 output[s]
[2015.11.30-00.41.09:704][  0]LogD3D11RHI: Found D3D11 adapter 1: Intel(R) HD Graphics (Feature Level 11_0)
[2015.11.30-00.41.09:704][  0]LogD3D11RHI: Adapter has 64MB of dedicated video memory, 0MB of dedicated system memory, and 1632MB of shared system memory, 0 output[s]
[2015.11.30-00.41.09:704][  0]LogD3D11RHI: Chosen D3D11 Adapter Id = 0
[2015.11.30-00.41.09:709][  0]LogD3D11RHI: !Direct3DDevice
[2015.11.30-00.41.09:709][  0]LogRHI: Texture pool is 1361 MB (70% of 1945 MB)
[2015.11.30-00.41.09:713][  0]LogD3D11RHI: Async texture creation disabled: no driver support
[2015.11.30-00.41.09:722][  0]LogShaderCompilers: Guid format shader working directory is 15 characters bigger than the processId version (../../../../../../Users/Matt/Documents/GitHub/P3NGUIN/MyProject19/Intermediate/Shaders/WorkingDirectory/7492/).
[2015.11.30-00.41.09:722][  0]LogShaderCompilers: Cleaned the shader compiler working directory '../../../../../../Users/Matt/Documents/GitHub/P3NGUIN/MyProject19/Intermediate/Shaders/tmp/A721F5064E950F0666AA6782FBF27896/'.
[2015.11.30-00.41.09:722][  0]LogShaderCompilers:Display: Using Local Shader Compiler.
[2015.11.30-00.41.11:085][  0]LogTemp:Display: Loaded TP AllDesktopTargetPlatform
[2015.11.30-00.41.11:090][  0]LogTemp:Display: Loaded TP WindowsClientTargetPlatform
[2015.11.30-00.41.11:096][  0]LogTemp:Display: Loaded TP WindowsNoEditorTargetPlatform
[2015.11.30-00.41.11:101][  0]LogTemp:Display: Loaded TP WindowsServerTargetPlatform
[2015.11.30-00.41.11:107][  0]LogTemp:Display: Loaded TP WindowsTargetPlatform
[2015.11.30-00.41.11:111][  0]LogTemp:Display: Loaded TP AndroidTargetPlatform
[2015.11.30-00.41.11:115][  0]LogTemp:Display: Loaded TP Android_ASTCTargetPlatform
[2015.11.30-00.41.11:119][  0]LogTemp:Display: Loaded TP Android_ATCTargetPlatform
[2015.11.30-00.41.11:124][  0]LogTemp:Display: Loaded TP Android_DXTTargetPlatform
[2015.11.30-00.41.11:127][  0]LogTemp:Display: Loaded TP Android_ETC1TargetPlatform
[2015.11.30-00.41.11:131][  0]LogTemp:Display: Loaded TP Android_ETC2TargetPlatform
[2015.11.30-00.41.11:135][  0]LogTemp:Display: Loaded TP Android_PVRTCTargetPlatform
[2015.11.30-00.41.11:136][  0]LogTemp:Display: Loaded TP HTML5TargetPlatform
[2015.11.30-00.41.11:152][  0]LogTemp:Display: Loaded TP IOSTargetPlatform
[2015.11.30-00.41.11:155][  0]LogTemp:Display: Loaded TP LinuxNoEditorTargetPlatform
[2015.11.30-00.41.11:159][  0]LogTemp:Display: Loaded TP LinuxServerTargetPlatform
[2015.11.30-00.41.11:163][  0]LogTemp:Display: Loaded TP LinuxTargetPlatform
[2015.11.30-00.41.11:163][  0]LogTargetPlatformManager:Display: Building Assets For Windows
[2015.11.30-00.41.11:252][  0]LogDerivedDataCache:Display: Max Cache Size: 512 MB
[2015.11.30-00.41.11:300][  0]LogDerivedDataCache: Loaded boot cache 0.05s 45MB C:/Users/Matt/AppData/Local/UnrealEngine/4.9/DerivedDataCache/Boot.ddc.
[2015.11.30-00.41.11:300][  0]LogDerivedDataCache:Display: Loaded Boot cache: C:/Users/Matt/AppData/Local/UnrealEngine/4.9/DerivedDataCache/Boot.ddc
[2015.11.30-00.41.11:300][  0]LogDerivedDataCache: FDerivedDataBackendGraph:  Pak pak cache file ../../../../../../Users/Matt/Documents/GitHub/P3NGUIN/MyProject19/DerivedDataCache/DDC.ddp not found, will not use a pak cache.
[2015.11.30-00.41.11:300][  0]LogDerivedDataCache: Unable to find inner node Pak for hierarchical cache Hierarchy.
[2015.11.30-00.41.11:300][  0]LogDerivedDataCache: FDerivedDataBackendGraph:  CompressedPak pak cache file ../../../../../../Users/Matt/Documents/GitHub/P3NGUIN/MyProject19/DerivedDataCache/Compressed.ddp not found, will not use a pak cache.
[2015.11.30-00.41.11:300][  0]LogDerivedDataCache: Unable to find inner node CompressedPak for hierarchical cache Hierarchy.
[2015.11.30-00.41.11:484][  0]LogDerivedDataCache:Display: Pak cache opened for reading ../../../Engine/DerivedDataCache/Compressed.ddp.
[2015.11.30-00.41.11:495][  0]LogDerivedDataCache: Using Local data cache path C:/Users/Matt/AppData/Local/UnrealEngine/Common/DerivedDataCache: Writable
[2015.11.30-00.41.11:701][  0]LogInit: Selected Device Profile: [Windows]
[2015.11.30-00.41.11:702][  0]LogContentStreaming: Texture pool size is 0.000000MB
[2015.11.30-00.41.11:728][  0]LogMeshUtilities: No automatic mesh reduction module available
[2015.11.30-00.41.11:728][  0]LogMeshUtilities: No automatic mesh merging module available
[2015.11.30-00.41.12:105][  0]LogInit: WinSock: version 1.1 (2.2), MaxSocks=32767, MaxUdp=65467
[2015.11.30-00.41.12:831][  0]UdpMessaging: Initializing bridge on interface 0.0.0.0:0 to multicast group 230.0.0.1:6666.
[2015.11.30-00.41.12:927][  0]LogAssetRegistry: FAssetRegistry took 0.0098 seconds to start up
[2015.11.30-00.41.13:164][  0]SourceControl: Info Source control is disabled
[2015.11.30-00.41.13:199][  0]SourceControl: Info Source control is disabled
[2015.11.30-00.41.13:210][  0]SourceControl: Info Source control is disabled
[2015.11.30-00.41.13:221][  0]SourceControl: Info Source control is disabled
[2015.11.30-00.41.13:420][  0]LogLinker:Warning: Asset '../../../Engine/Plugins/Runtime/LeapMotionController/Content/LM_PassthroughMaterial.uasset' has been saved with empty engine version. The asset will be loaded but may be incompatible.
[2015.11.30-00.41.13:524][  0]LogObj: 28361 objects as part of root set at end of initial load.
[2015.11.30-00.41.13:524][  0]LogUObjectAllocator: 6038872 out of 0 bytes used by permanent object pool.
[2015.11.30-00.41.13:592][  0]LogEngine: Initializing Engine...
[2015.11.30-00.41.13:595][  0]LogHMD: Can't find Oculus library dev build: is proper Runtime installed? Version: 0.7.0.0
[2015.11.30-00.41.13:596][  0]LogHMD: SteamVR failed to initialize.  Err: 110
[2015.11.30-00.41.13:764][  0]LogAIModule: Creating AISystem for world NewWorld
[2015.11.30-00.41.13:770][  0]LogInit: XAudio2 using 'Speakers (Realtek High Definition Audio)' : 2 channels at 48 kHz using 32 bits per sample (channel mask 0x3)
[2015.11.30-00.41.13:853][  0]LogInit: FAudioDevice initialized.
[2015.11.30-00.41.13:924][  0]LogDerivedDataCache: Saved boot cache 0.07s 45MB C:/Users/Matt/AppData/Local/UnrealEngine/4.9/DerivedDataCache/Boot.ddc.
[2015.11.30-00.41.13:928][  0]LogInit: Texture streaming: Enabled
[2015.11.30-00.41.13:935][  0]LogAnalytics: Creating configured Analytics provider AnalyticsET
[2015.11.30-00.41.13:935][  0]LogAnalytics: [UEEditor.Rocket.Release] APIServer = http://et2.epicgames.com/ET2/. AppVersion = 4.9.2-2707645+++depot+UE4-Releases+4.9
[2015.11.30-00.41.13:935][  0]LogAnalytics: [UEEditor.Rocket.Release] SetUserId de43219841e5038bf49fbfa481591ee0|4e461f00ab6f49d29405414d884919d6|9448dfb4-8168-4a85-8046-6b7a073564d8
[2015.11.30-00.41.13:935][  0]LogAnalytics: [UEEditor.Rocket.Release] AnalyticsET::StartSession
[2015.11.30-00.41.13:968][  0]LogInit: Transaction tracking system initialized
[2015.11.30-00.41.14:028][  0]BlueprintLog: New page: Editor Load
[2015.11.30-00.41.14:135][  0]LocalizationService: Info Localization service is disabled
[2015.11.30-00.41.14:433][  0]LogLinker:Warning: Can't find file '/Game/PuzzleBP/PuzzleOverview'
[2015.11.30-00.41.14:433][  0]LogLinker:Warning: Can't find file '/Game/PuzzleBP/PuzzleOverview'
[2015.11.30-00.41.14:433][  0]LogUObjectGlobals:Warning: Failed to find object 'Class /Game/PuzzleBP/PuzzleOverview.PuzzleOverview_C'
[2015.11.30-00.41.14:451][  0]LogConsoleResponse:Display: 
[2015.11.30-00.41.14:643][  0]LogCook:Display: Done creating registry. It took  0.00s.
[2015.11.30-00.41.14:722][  0]LogFileCache: Scanning file cache for directory 'C:/Users/Matt/Documents/GitHub/P3NGUIN/MyProject19/Content/' took 0.05s
[2015.11.30-00.41.14:722][  0]SourceControl: Info Source control is disabled
[2015.11.30-00.41.14:722][  0]Cmd: MAP LOAD FILE="../../../../../../Users/Matt/Documents/GitHub/P3NGUIN/MyProject19/Content/ThirdPersonBP/Maps/ThirdPersonExampleMap.umap" TEMPLATE=0 SHOWPROGRESS=1 FEATURELEVEL=3
[2015.11.30-00.41.14:723][  0]LightingResults: New page: Lighting Build
[2015.11.30-00.41.14:726][  0]MapCheck: New page: Map Check
[2015.11.30-00.41.14:726][  0]LightingResults: New page: Lighting Build
[2015.11.30-00.41.14:742][  0]LogParticles: Destroying 0 GPU particle simulations for FXSystem 0x000000001FDEE160
[2015.11.30-00.41.14:753][  0]LogLinker:Warning: Asset '../../../../../../Users/Matt/Documents/GitHub/P3NGUIN/MyProject19/Content/Mannequin/Animations/ThirdPerson_AnimBP.uasset' has been saved with empty engine version. The asset will be loaded but may be incompatible.
[2015.11.30-00.41.14:757][  0]LogLinker:Warning: Asset '../../../../../../Users/Matt/Documents/GitHub/P3NGUIN/MyProject19/Content/Mannequin/Animations/ThirdPerson_Jump.uasset' has been saved with empty engine version. The asset will be loaded but may be incompatible.
[2015.11.30-00.41.14:759][  0]LogLinker:Warning: Asset '../../../../../../Users/Matt/Documents/GitHub/P3NGUIN/MyProject19/Content/Mannequin/Animations/ThirdPersonJump_Loop.uasset' has been saved with empty engine version. The asset will be loaded but may be incompatible.
[2015.11.30-00.41.14:760][  0]LogLinker:Warning: Asset '../../../../../../Users/Matt/Documents/GitHub/P3NGUIN/MyProject19/Content/Mannequin/Animations/ThirdPersonJump_Start.uasset' has been saved with empty engine version. The asset will be loaded but may be incompatible.
[2015.11.30-00.41.14:762][  0]LogLinker:Warning: Asset '../../../../../../Users/Matt/Documents/GitHub/P3NGUIN/MyProject19/Content/Mannequin/Animations/ThirdPerson_IdleRun_2D.uasset' has been saved with empty engine version. The asset will be loaded but may be incompatible.
[2015.11.30-00.41.14:764][  0]LogLinker:Warning: Asset '../../../../../../Users/Matt/Documents/GitHub/P3NGUIN/MyProject19/Content/Mannequin/Animations/ThirdPersonIdle.uasset' has been saved with empty engine version. The asset will be loaded but may be incompatible.
[2015.11.30-00.41.14:768][  0]LogLinker:Warning: Asset '../../../../../../Users/Matt/Documents/GitHub/P3NGUIN/MyProject19/Content/Mannequin/Animations/ThirdPersonRun.uasset' has been saved with empty engine version. The asset will be loaded but may be incompatible.
[2015.11.30-00.41.14:769][  0]LogLinker:Warning: Asset '../../../../../../Users/Matt/Documents/GitHub/P3NGUIN/MyProject19/Content/Mannequin/Animations/ThirdPersonWalk.uasset' has been saved with empty engine version. The asset will be loaded but may be incompatible.
[2015.11.30-00.41.15:411][  0]LogBlueprint:Warning: [compiler AbilityMenu] Warning 'ReturnValue' is already a 'Listed Item', you don't need  Cast To ListedItem .
[2015.11.30-00.41.15:411][  0]LogBlueprint:Warning: [compiler AbilityMenu] Warning 'ReturnValue' is already a 'Listed Item', you don't need  Cast To ListedItem .
[2015.11.30-00.41.15:416][  0]LogBlueprint:Warning: [compiler AbilityMenu] Warning [0007.22] Compile of AbilityMenu successful, but with 2 Warning(s) [in 22 ms]
[2015.11.30-00.41.15:416][  0]LogBlueprint:Warning: [compiler AbilityMenu] Warning [0007.23] Compile of AbilityMenu successful, but with 3 Warning(s) [in 0 ms]
[2015.11.30-00.41.15:416][  0]LogBlueprint:Warning: [compiler AbilityMenu] Warning [0007.23] Compile of AbilityMenu successful, but with 4 Warning(s) [in 0 ms]
[2015.11.30-00.41.16:004][  0]LogBlueprint:Warning: [compiler ThirdPersonCharacter2D] Warning 'AbilitiesMenu' is already a 'Ability Menu', you don't need  Cast To AbilityMenu .
[2015.11.30-00.41.16:007][  0]LogBlueprint:Warning: [compiler ThirdPersonCharacter2D] Warning 'PointerClass' is already a 'Pointer', you don't need  Cast To Pointer .
[2015.11.30-00.41.16:009][  0]LogBlueprint:Warning: [compiler ThirdPersonCharacter2D] Warning No value will be returned by reference. Parameter 'EndTime'. Node:  (none) 
[2015.11.30-00.41.16:022][  0]LogBlueprint:Warning: [compiler ThirdPersonCharacter2D] Warning 'SecondPointer' is already a 'Pointer 2', you don't need  Cast To Pointer2 .
[2015.11.30-00.41.16:058][  0]LogBlueprint:Warning: [compiler ThirdPersonCharacter2D] Warning [0007.87] Compile of ThirdPersonCharacter2D successful, but with 4 Warning(s) [in 113 ms]
[2015.11.30-00.41.16:058][  0]LogBlueprint:Warning: [compiler ThirdPersonCharacter2D] Warning [0007.87] Compile of ThirdPersonCharacter2D successful, but with 5 Warning(s) [in 0 ms]
[2015.11.30-00.41.16:058][  0]LogBlueprint:Warning: [compiler ThirdPersonCharacter2D] Warning [0007.87] Compile of ThirdPersonCharacter2D successful, but with 6 Warning(s) [in 0 ms]
[2015.11.30-00.41.16:341][  0]LogBlueprint:Warning: [compiler ThirdPersonCharacter] Warning 'AbilitiesMenu' is already a 'Ability Menu', you don't need  Cast To AbilityMenu .
[2015.11.30-00.41.16:344][  0]LogBlueprint:Warning: [compiler ThirdPersonCharacter] Warning 'PointerClass' is already a 'Pointer', you don't need  Cast To Pointer .
[2015.11.30-00.41.16:346][  0]LogBlueprint:Warning: [compiler ThirdPersonCharacter] Warning No value will be returned by reference. Parameter 'EndTime'. Node:  (none) 
[2015.11.30-00.41.16:358][  0]LogBlueprint:Warning: [compiler ThirdPersonCharacter] Warning 'SecondPointer' is already a 'Pointer 2', you don't need  Cast To Pointer2 .
[2015.11.30-00.41.16:383][  0]LogBlueprint:Warning: [compiler ThirdPersonCharacter] Warning [0008.19] Compile of ThirdPersonCharacter successful, but with 4 Warning(s) [in 98 ms]
[2015.11.30-00.41.16:383][  0]LogBlueprint:Warning: [compiler ThirdPersonCharacter] Warning [0008.19] Compile of ThirdPersonCharacter successful, but with 5 Warning(s) [in 0 ms]
[2015.11.30-00.41.16:383][  0]LogBlueprint:Warning: [compiler ThirdPersonCharacter] Warning [0008.19] Compile of ThirdPersonCharacter successful, but with 6 Warning(s) [in 0 ms]
[2015.11.30-00.41.16:503][  0]LogBlueprint:Warning: [compiler ThirdPersonCharacter] Warning 'AbilitiesMenu' is already a 'Ability Menu', you don't need  Cast To AbilityMenu .
[2015.11.30-00.41.16:506][  0]LogBlueprint:Warning: [compiler ThirdPersonCharacter] Warning 'PointerClass' is already a 'Pointer', you don't need  Cast To Pointer .
[2015.11.30-00.41.16:508][  0]LogBlueprint:Warning: [compiler ThirdPersonCharacter] Warning No value will be returned by reference. Parameter 'EndTime'. Node:  (none) 
[2015.11.30-00.41.16:520][  0]LogBlueprint:Warning: [compiler ThirdPersonCharacter] Warning 'SecondPointer' is already a 'Pointer 2', you don't need  Cast To Pointer2 .
[2015.11.30-00.41.16:545][  0]LogBlueprint:Warning: [compiler ThirdPersonCharacter] Warning [0008.35] Compile of ThirdPersonCharacter successful, but with 4 Warning(s) [in 97 ms]
[2015.11.30-00.41.16:545][  0]LogBlueprint:Warning: [compiler ThirdPersonCharacter] Warning [0008.35] Compile of ThirdPersonCharacter successful, but with 5 Warning(s) [in 0 ms]
[2015.11.30-00.41.16:546][  0]LogBlueprint:Warning: [compiler ThirdPersonCharacter] Warning [0008.35] Compile of ThirdPersonCharacter successful, but with 6 Warning(s) [in 0 ms]
[2015.11.30-00.41.16:626][  0]LogBlueprint:Warning: [compiler ThirdPersonCharacter2D] Warning 'AbilitiesMenu' is already a 'Ability Menu', you don't need  Cast To AbilityMenu .
[2015.11.30-00.41.16:629][  0]LogBlueprint:Warning: [compiler ThirdPersonCharacter2D] Warning 'PointerClass' is already a 'Pointer', you don't need  Cast To Pointer .
[2015.11.30-00.41.16:631][  0]LogBlueprint:Warning: [compiler ThirdPersonCharacter2D] Warning No value will be returned by reference. Parameter 'EndTime'. Node:  (none) 
[2015.11.30-00.41.16:645][  0]LogBlueprint:Warning: [compiler ThirdPersonCharacter2D] Warning 'SecondPointer' is already a 'Pointer 2', you don't need  Cast To Pointer2 .
[2015.11.30-00.41.16:678][  0]LogBlueprint:Warning: [compiler ThirdPersonCharacter2D] Warning [0008.49] Compile of ThirdPersonCharacter2D successful, but with 4 Warning(s) [in 107 ms]
[2015.11.30-00.41.16:678][  0]LogBlueprint:Warning: [compiler ThirdPersonCharacter2D] Warning [0008.49] Compile of ThirdPersonCharacter2D successful, but with 5 Warning(s) [in 0 ms]
[2015.11.30-00.41.16:679][  0]LogBlueprint:Warning: [compiler ThirdPersonCharacter2D] Warning [0008.49] Compile of ThirdPersonCharacter2D successful, but with 6 Warning(s) [in 0 ms]
[2015.11.30-00.41.16:698][  0]LogBlueprint:Warning: [compiler AbilityMenu] Warning 'ReturnValue' is already a 'Listed Item', you don't need  Cast To ListedItem .
[2015.11.30-00.41.16:699][  0]LogBlueprint:Warning: [compiler AbilityMenu] Warning 'ReturnValue' is already a 'Listed Item', you don't need  Cast To ListedItem .
[2015.11.30-00.41.16:703][  0]LogBlueprint:Warning: [compiler AbilityMenu] Warning [0008.51] Compile of AbilityMenu successful, but with 2 Warning(s) [in 20 ms]
[2015.11.30-00.41.16:704][  0]LogBlueprint:Warning: [compiler AbilityMenu] Warning [0008.51] Compile of AbilityMenu successful, but with 3 Warning(s) [in 0 ms]
[2015.11.30-00.41.16:708][  0]LogBlueprint:Warning: [compiler AbilityMenu] Warning [0008.52] Compile of AbilityMenu successful, but with 4 Warning(s) [in 3 ms]
[2015.11.30-00.41.18:290][  0]LogAIModule: Creating AISystem for world ThirdPersonExampleMap
[2015.11.30-00.41.18:317][  0]PIE:Warning: Warning Invalid Simulate Options: Body (BasicDummyEnemy_C_0.HP) is set to simulate physics but Collision Enabled is incompatible
[2015.11.30-00.41.18:317][  0]PIE:Warning: Warning Invalid Simulate Options: Body (BasicDummyEnemy_C_0.HP) is set to simulate physics but Collision Enabled is incompatible
[2015.11.30-00.41.18:317][  0]PIE:Warning: Warning Invalid Simulate Options: Body (BasicDummyEnemy2.HP) is set to simulate physics but Collision Enabled is incompatible
[2015.11.30-00.41.18:317][  0]PIE:Warning: Warning Invalid Simulate Options: Body (BasicDummyEnemy2.HP) is set to simulate physics but Collision Enabled is incompatible
[2015.11.30-00.41.18:318][  0]PIE:Warning: Warning Invalid Simulate Options: Body (BasicDummyEnemy3.HP) is set to simulate physics but Collision Enabled is incompatible
[2015.11.30-00.41.18:318][  0]PIE:Warning: Warning Invalid Simulate Options: Body (BasicDummyEnemy3.HP) is set to simulate physics but Collision Enabled is incompatible
[2015.11.30-00.41.18:319][  0]PIE:Warning: Warning Invalid Simulate Options: Body (BasicDummyEnemy_C_0.HP) is set to simulate physics but Collision Enabled is incompatible
[2015.11.30-00.41.18:319][  0]PIE:Warning: Warning Invalid Simulate Options: Body (BasicDummyEnemy_C_0.HP) is set to simulate physics but Collision Enabled is incompatible
[2015.11.30-00.41.18:319][  0]PIE:Warning: Warning Invalid Simulate Options: Body (BasicDummyEnemy_C_0.HP) is set to simulate physics but Collision Enabled is incompatible
[2015.11.30-00.41.18:320][  0]PIE:Warning: Warning Invalid Simulate Options: Body (BasicDummyEnemy_C_0.HP) is set to simulate physics but Collision Enabled is incompatible
[2015.11.30-00.41.18:320][  0]PIE:Warning: Warning Invalid Simulate Options: Body (BasicDummyEnemy2.HP) is set to simulate physics but Collision Enabled is incompatible
[2015.11.30-00.41.18:320][  0]PIE:Warning: Warning Invalid Simulate Options: Body (BasicDummyEnemy2.HP) is set to simulate physics but Collision Enabled is incompatible
[2015.11.30-00.41.18:320][  0]PIE:Warning: Warning Invalid Simulate Options: Body (BasicDummyEnemy2.HP) is set to simulate physics but Collision Enabled is incompatible
[2015.11.30-00.41.18:320][  0]PIE:Warning: Warning Invalid Simulate Options: Body (BasicDummyEnemy2.HP) is set to simulate physics but Collision Enabled is incompatible
[2015.11.30-00.41.18:321][  0]PIE:Warning: Warning Invalid Simulate Options: Body (BasicDummyEnemy3.HP) is set to simulate physics but Collision Enabled is incompatible
[2015.11.30-00.41.18:321][  0]PIE:Warning: Warning Invalid Simulate Options: Body (BasicDummyEnemy3.HP) is set to simulate physics but Collision Enabled is incompatible
[2015.11.30-00.41.18:321][  0]PIE:Warning: Warning Invalid Simulate Options: Body (BasicDummyEnemy3.HP) is set to simulate physics but Collision Enabled is incompatible
[2015.11.30-00.41.18:321][  0]PIE:Warning: Warning Invalid Simulate Options: Body (BasicDummyEnemy3.HP) is set to simulate physics but Collision Enabled is incompatible
[2015.11.30-00.41.18:321][  0]LogEditorServer: Finished looking for orphan Actors (0.000 secs)
[2015.11.30-00.41.18:322][  0]Cmd: MAP CHECKDEP NOCLEARLOG
[2015.11.30-00.41.18:399][  0]MapCheck: Info Map check complete: 0 Error(s), 0 Warning(s), took 76.686ms to complete.
[2015.11.30-00.41.18:399][  0]LogFileHelpers: Loading map 'ThirdPersonExampleMap' took 3.677
[2015.11.30-00.41.18:527][  0]LogCollectionManager: Loaded 0 collections in 0.002045 seconds
[2015.11.30-00.41.18:601][  0]LogFileCache: Scanning file cache for directory 'C:/Users/Matt/Documents/GitHub/P3NGUIN/MyProject19/Saved/Collections/' took 0.03s
[2015.11.30-00.41.18:601][  0]LogFileCache: Scanning file cache for directory 'C:/Users/Matt/Documents/GitHub/P3NGUIN/MyProject19/Content/Developers/Matt/Collections/' took 0.02s
[2015.11.30-00.41.18:601][  0]LogFileCache: Scanning file cache for directory 'C:/Users/Matt/Documents/GitHub/P3NGUIN/MyProject19/Content/Collections/' took 0.01s
[2015.11.30-00.41.18:601][  0]LogContentBrowser: Native class hierarchy populated in 0.0077 seconds. Added 1867 classes and 333 folders.
[2015.11.30-00.41.18:619][  0]LogCollectionManager: Rebuilt the GUID cache for 0 collections in 0.000002 seconds
[2015.11.30-00.41.18:635][  0]LogContentBrowser: Native class hierarchy updated for 'WidgetCarousel' in 0.0004 seconds. Added 0 classes and 0 folders.
[2015.11.30-00.41.18:677][  0]LogContentBrowser: Native class hierarchy updated for 'AddContentDialog' in 0.0004 seconds. Added 0 classes and 0 folders.
[2015.11.30-00.41.18:681][  0]LogContentBrowser: Native class hierarchy updated for 'SceneOutliner' in 0.0004 seconds. Added 1 classes and 2 folders.
[2015.11.30-00.41.18:707][  0]LogCrashTracker: Crashtracker disabled due to settings.
[2015.11.30-00.41.18:727][  0]LogUObjectGlobals:Warning: Failed to find object 'Class None.'
[2015.11.30-00.41.18:756][  0]LogLoad: Full Startup: 10.56 seconds (BP compile: 1.08 seconds)
[2015.11.30-00.41.18:834][  0]LogContentStreaming: Texture pool size now 1000 MB
[2015.11.30-00.41.19:008][  0]LogRenderer: Reallocating scene render targets to support 860x516 (Frame:2).
[2015.11.30-00.41.19:582][  3]Cmd: ACTOR HIDE SELECTED
[2015.11.30-00.41.19:954][  8]LogAssetRegistry: Asset discovery search completed in 7.0378 seconds
[2015.11.30-00.41.19:955][  8]LogCollectionManager: Rebuilt the object cache for 0 collections in 0.000001 seconds (found 0 objects)
[2015.11.30-00.41.19:955][  8]LogCollectionManager: Fixed up redirectors for 0 collections in 0.000047 seconds (updated 0 objects)
[2015.11.30-00.41.21:728][169]LogActorComponent: UnregisterComponent: (/Engine/Transient.ProjectileMovement_GEN_VARIABLE) Not registered. Aborting.
[2015.11.30-00.41.21:728][169]LogActorComponent: UnregisterComponent: (/Engine/Transient.CharMoveComp) Not registered. Aborting.
[2015.11.30-00.41.21:729][169]LogActorComponent: UnregisterComponent: (/Engine/Transient.CharacterMovementComponent_0) Not registered. Aborting.
[2015.11.30-00.41.22:471][170]Cmd: QUIT_EDITOR
[2015.11.30-00.41.22:987][170]LogExit: Preparing to exit.
[2015.11.30-00.41.24:049][170]LogExit: Editor shut down
[2015.11.30-00.41.24:050][170]LogExit: Transaction tracking system shut down
[2015.11.30-00.41.24:054][170]LogParticles: Destroying 0 GPU particle simulations for FXSystem 0x00000000255C27A0
[2015.11.30-00.41.24:055][170]LogParticles: Destroying 0 GPU particle simulations for FXSystem 0x0000000029EFF880
[2015.11.30-00.41.24:055][170]LogParticles: Destroying 0 GPU particle simulations for FXSystem 0x000000002A0B2660
[2015.11.30-00.41.24:055][170]LogParticles: Destroying 0 GPU particle simulations for FXSystem 0x000000002BB0F060
[2015.11.30-00.41.24:214][170]LogExit: Object subsystem successfully closed.
[2015.11.30-00.41.24:241][170]LogD3D11RHI: Shutdown
[2015.11.30-00.41.24:241][170]LogD3D11RHI: CleanupD3DDevice
[2015.11.30-00.41.24:277][170]LogD3D11RHI: ~FD3D11DynamicRHI
[2015.11.30-00.41.24:304][170]LogModuleManager: Shutting down and abandoning module CrashTracker (197)
[2015.11.30-00.41.24:304][170]LogModuleManager: Shutting down and abandoning module SceneOutliner (196)
[2015.11.30-00.41.24:304][170]LogModuleManager: Shutting down and abandoning module SuperSearch (195)
[2015.11.30-00.41.24:304][170]LogModuleManager: Shutting down and abandoning module WidgetCarousel (194)
[2015.11.30-00.41.24:304][170]LogModuleManager: Shutting down and abandoning module AddContentDialog (193)
[2015.11.30-00.41.24:305][170]LogModuleManager: Shutting down and abandoning module EditorWidgets (192)
[2015.11.30-00.41.24:305][170]LogModuleManager: Shutting down and abandoning module CollectionManager (191)
[2015.11.30-00.41.24:305][170]LogModuleManager: Shutting down and abandoning module StatsViewer (190)
[2015.11.30-00.41.24:305][170]LogModuleManager: Shutting down and abandoning module FoliageEdit (189)
[2015.11.30-00.41.24:305][170]LogModuleManager: Shutting down and abandoning module LandscapeEditor (188)
[2015.11.30-00.41.24:305][170]LogModuleManager: Shutting down and abandoning module ActorPickerMode (187)
[2015.11.30-00.41.24:305][170]LogModuleManager: Shutting down and abandoning module GeometryMode (186)
[2015.11.30-00.41.24:305][170]LogModuleManager: Shutting down and abandoning module TextureAlignMode (185)
[2015.11.30-00.41.24:305][170]LogModuleManager: Shutting down and abandoning module BspMode (184)
[2015.11.30-00.41.24:305][170]LogModuleManager: Shutting down and abandoning module PlacementMode (183)
[2015.11.30-00.41.24:305][170]LogModuleManager: Shutting down and abandoning module AutomationWorker (182)
[2015.11.30-00.41.24:305][170]LogModuleManager: Shutting down and abandoning module CharacterAI (181)
[2015.11.30-00.41.24:305][170]LogModuleManager: Shutting down and abandoning module SmartSnapping (180)
[2015.11.30-00.41.24:305][170]LogModuleManager: Shutting down and abandoning module ViewportSnapping (179)
[2015.11.30-00.41.24:305][170]LogModuleManager: Shutting down and abandoning module LogVisualizer (178)
[2015.11.30-00.41.24:305][170]LogModuleManager: Shutting down and abandoning module GameProjectGeneration (177)
[2015.11.30-00.41.24:306][170]LogModuleManager: Shutting down and abandoning module IntroTutorials (176)
[2015.11.30-00.41.24:306][170]LogModuleManager: Shutting down and abandoning module EditorLiveStreaming (175)
[2015.11.30-00.41.24:306][170]LogModuleManager: Shutting down and abandoning module IOSPlatformEditor (174)
[2015.11.30-00.41.24:306][170]LogModuleManager: Shutting down and abandoning module HTML5PlatformEditor (173)
[2015.11.30-00.41.24:306][170]LogModuleManager: Shutting down and abandoning module AndroidDeviceDetection (172)
[2015.11.30-00.41.24:456][170]LogModuleManager: Shutting down and abandoning module AndroidPlatformEditor (171)
[2015.11.30-00.41.24:457][170]LogModuleManager: Shutting down and abandoning module IOSRuntimeSettings (170)
[2015.11.30-00.41.24:457][170]LogModuleManager: Shutting down and abandoning module AndroidRuntimeSettings (169)
[2015.11.30-00.41.24:457][170]LogModuleManager: Shutting down and abandoning module MergeActors (168)
[2015.11.30-00.41.24:457][170]LogModuleManager: Shutting down and abandoning module SizeMap (167)
[2015.11.30-00.41.24:457][170]LogModuleManager: Shutting down and abandoning module TreeMap (166)
[2015.11.30-00.41.24:457][170]LogModuleManager: Shutting down and abandoning module ReferenceViewer (165)
[2015.11.30-00.41.24:457][170]LogModuleManager: Shutting down and abandoning module LocalizationService (164)
[2015.11.30-00.41.24:457][170]LogModuleManager: Shutting down and abandoning module LocalizationDashboard (163)
[2015.11.30-00.41.24:457][170]LogModuleManager: Shutting down and abandoning module HardwareTargeting (162)
[2015.11.30-00.41.24:457][170]LogModuleManager: Shutting down and abandoning module DeviceProfileEditor (161)
[2015.11.30-00.41.24:457][170]LogModuleManager: Shutting down and abandoning module UndoHistory (160)
[2015.11.30-00.41.24:457][170]LogModuleManager: Shutting down and abandoning module GameplayTagsEditor (159)
[2015.11.30-00.41.24:457][170]LogModuleManager: Shutting down and abandoning module UserFeedback (158)
[2015.11.30-00.41.24:457][170]LogModuleManager: Shutting down and abandoning module XmlParser (157)
[2015.11.30-00.41.24:457][170]LogModuleManager: Shutting down and abandoning module Blutility (156)
[2015.11.30-00.41.24:457][170]LogModuleManager: Shutting down and abandoning module ProjectTargetPlatformEditor (155)
[2015.11.30-00.41.24:457][170]LogModuleManager: Shutting down and abandoning module ProjectSettingsViewer (154)
[2015.11.30-00.41.24:457][170]LogModuleManager: Shutting down and abandoning module InputBindingEditor (153)
[2015.11.30-00.41.24:457][170]LogModuleManager: Shutting down and abandoning module EditorSettingsViewer (152)
[2015.11.30-00.41.24:457][170]LogModuleManager: Shutting down and abandoning module SettingsEditor (151)
[2015.11.30-00.41.24:457][170]LogModuleManager: Shutting down and abandoning module ProjectLauncher (150)
[2015.11.30-00.41.24:457][170]LogModuleManager: Shutting down and abandoning module SessionFrontend (149)
[2015.11.30-00.41.24:457][170]LogModuleManager: Shutting down and abandoning module ProfilerClient (148)
[2015.11.30-00.41.24:457][170]LogModuleManager: Shutting down and abandoning module TargetDeviceServices (147)
[2015.11.30-00.41.24:457][170]LogModuleManager: Shutting down and abandoning module DeviceManager (146)
[2015.11.30-00.41.24:457][170]LogModuleManager: Shutting down and abandoning module AutomationController (145)
[2015.11.30-00.41.24:457][170]LogModuleManager: Shutting down and abandoning module AutomationWindow (144)
[2015.11.30-00.41.24:457][170]LogModuleManager: Shutting down and abandoning module Layers (143)
[2015.11.30-00.41.24:457][170]LogModuleManager: Shutting down and abandoning module ComponentVisualizers (142)
[2015.11.30-00.41.24:457][170]LogModuleManager: Shutting down and abandoning module DetailCustomizations (141)
[2015.11.30-00.41.24:457][170]LogModuleManager: Shutting down and abandoning module PackagesDialog (140)
[2015.11.30-00.41.24:457][170]LogModuleManager: Shutting down and abandoning module Persona (139)
[2015.11.30-00.41.24:457][170]LogModuleManager: Shutting down and abandoning module Kismet (138)
[2015.11.30-00.41.24:457][170]LogModuleManager: Shutting down and abandoning module GraphEditor (137)
[2015.11.30-00.41.24:458][170]LogModuleManager: Shutting down and abandoning module ClassViewer (136)
[2015.11.30-00.41.24:458][170]LogModuleManager: Shutting down and abandoning module Toolbox (135)
[2015.11.30-00.41.24:458][170]LogModuleManager: Shutting down and abandoning module ModuleUI (134)
[2015.11.30-00.41.24:458][170]LogModuleManager: Shutting down and abandoning module MovieSceneTools (133)
[2015.11.30-00.41.24:458][170]LogModuleManager: Shutting down and abandoning module OutputLog (132)
[2015.11.30-00.41.24:458][170]LogModuleManager: Shutting down and abandoning module GammaUI (131)
[2015.11.30-00.41.24:458][170]LogModuleManager: Shutting down and abandoning module Documentation (130)
[2015.11.30-00.41.24:458][170]LogModuleManager: Shutting down and abandoning module GameLiveStreaming (129)
[2015.11.30-00.41.24:458][170]LogModuleManager: Shutting down and abandoning module StreamingPauseRendering (128)
[2015.11.30-00.41.24:458][170]LogModuleManager: Shutting down and abandoning module AnalyticsET (127)
[2015.11.30-00.41.24:458][170]LogModuleManager: Shutting down and abandoning module Analytics (126)
[2015.11.30-00.41.24:458][170]LogModuleManager: Shutting down and abandoning module AITestSuite (125)
[2015.11.30-00.41.24:458][170]LogModuleManager: Shutting down and abandoning module GameplayDebugger (124)
[2015.11.30-00.41.24:458][170]LogModuleManager: Shutting down and abandoning module AIModule (123)
[2015.11.30-00.41.24:458][170]LogModuleManager: Shutting down and abandoning module ProfilerService (122)
[2015.11.30-00.41.24:695][170]LogModuleManager: Shutting down and abandoning module TaskGraph (121)
[2015.11.30-00.41.24:696][170]LogModuleManager: Shutting down and abandoning module SlateRemote (120)
[2015.11.30-00.41.24:696][170]LogModuleManager: Shutting down and abandoning module SteamVRController (119)
[2015.11.30-00.41.24:696][170]LogModuleManager: Shutting down and abandoning module SteamVR (118)
[2015.11.30-00.41.24:696][170]LogModuleManager: Shutting down and abandoning module ProceduralMeshComponent (117)
[2015.11.30-00.41.24:696][170]LogModuleManager: Shutting down and abandoning module OculusRift (116)
[2015.11.30-00.41.24:696][170]LogModuleManager: Shutting down and abandoning module OculusLibrary (115)
[2015.11.30-00.41.24:696][170]LogModuleManager: Shutting down and abandoning module LeapMotionController (114)
[2015.11.30-00.41.24:711][170]LogModuleManager: Shutting down and abandoning module CustomMeshComponent (113)
[2015.11.30-00.41.24:711][170]LogModuleManager: Shutting down and abandoning module CableComponent (112)
[2015.11.30-00.41.24:711][170]LogModuleManager: Shutting down and abandoning module ArchVisCharacter (111)
[2015.11.30-00.41.24:711][170]LogModuleManager: Shutting down and abandoning module MessagingDebugger (110)
[2015.11.30-00.41.24:711][170]LogModuleManager: Shutting down and abandoning module MediaPlayerEditor (109)
[2015.11.30-00.41.24:711][170]LogModuleManager: Shutting down and abandoning module HTML5Networking (108)
[2015.11.30-00.41.24:711][170]LogModuleManager: Shutting down and abandoning module SpeedTreeImporter (107)
[2015.11.30-00.41.24:711][170]LogModuleManager: Shutting down and abandoning module PluginBrowser (106)
[2015.11.30-00.41.24:712][170]LogModuleManager: Shutting down and abandoning module EpicSurvey (105)
[2015.11.30-00.41.24:712][170]LogModuleManager: Shutting down and abandoning module DesktopPlatform (104)
[2015.11.30-00.41.24:712][170]LogModuleManager: Shutting down and abandoning module VisualStudioSourceCodeAccess (103)
[2015.11.30-00.41.24:712][170]LogModuleManager: Shutting down and abandoning module UObjectPlugin (102)
[2015.11.30-00.41.24:712][170]LogModuleManager: Shutting down and abandoning module SubversionSourceControl (101)
[2015.11.30-00.41.24:712][170]LogModuleManager: Shutting down and abandoning module PerforceSourceControl (100)
[2015.11.30-00.41.24:712][170]LogModuleManager: Shutting down and abandoning module SourceControl (99)
[2015.11.30-00.41.24:712][170]LogModuleManager: Shutting down and abandoning module GitSourceControl (98)
[2015.11.30-00.41.24:712][170]LogModuleManager: Shutting down and abandoning module LightPropagationVolumeEditor (97)
[2015.11.30-00.41.24:712][170]LogModuleManager: Shutting down and abandoning module PaperTiledImporter (96)
[2015.11.30-00.41.24:712][170]LogModuleManager: Shutting down and abandoning module PaperSpriteSheetImporter (95)
[2015.11.30-00.41.24:712][170]LogModuleManager: Shutting down and abandoning module MeshPaint (94)
[2015.11.30-00.41.24:712][170]LogModuleManager: Shutting down and abandoning module SlateReflector (93)
[2015.11.30-00.41.24:712][170]LogModuleManager: Shutting down and abandoning module HotReload (92)
[2015.11.30-00.41.24:712][170]LogModuleManager: Shutting down and abandoning module MainFrame (91)
[2015.11.30-00.41.24:712][170]LogModuleManager: Shutting down and abandoning module LevelEditor (90)
[2015.11.30-00.41.24:713][170]LogModuleManager: Shutting down and abandoning module DirectoryWatcher (89)
[2015.11.30-00.41.24:713][170]LogModuleManager: Shutting down and abandoning module AssetRegistry (88)
[2015.11.30-00.41.24:795][170]LogModuleManager: Shutting down and abandoning module ContentBrowser (87)
[2015.11.30-00.41.24:795][170]LogModuleManager: Shutting down and abandoning module Paper2DEditor (86)
[2015.11.30-00.41.24:795][170]LogModuleManager: Shutting down and abandoning module UdpMessaging (85)
[2015.11.30-00.41.24:906][170]LogModuleManager: Shutting down and abandoning module LightPropagationVolumeRuntime (84)
[2015.11.30-00.41.24:906][170]LogModuleManager: Shutting down and abandoning module Paper2D (83)
[2015.11.30-00.41.24:906][170]LogModuleManager: Shutting down and abandoning module WindowsMoviePlayer (82)
[2015.11.30-00.41.24:915][170]LogModuleManager: Shutting down and abandoning module Media (81)
[2015.11.30-00.41.24:915][170]LogModuleManager: Shutting down and abandoning module WmfMedia (80)
[2015.11.30-00.41.24:915][170]LogModuleManager: Shutting down and abandoning module OnlineBlueprintSupport (79)
[2015.11.30-00.41.24:915][170]LogModuleManager: Shutting down and abandoning module GameplayTasksEditor (78)
[2015.11.30-00.41.24:916][170]LogModuleManager: Shutting down and abandoning module PropertyEditor (77)
[2015.11.30-00.41.24:916][170]LogModuleManager: Shutting down and abandoning module BehaviorTreeEditor (76)
[2015.11.30-00.41.24:916][170]LogModuleManager: Shutting down and abandoning module FunctionalTesting (75)
[2015.11.30-00.41.24:916][170]LogModuleManager: Shutting down and abandoning module CollisionAnalyzer (74)
[2015.11.30-00.41.24:916][170]LogModuleManager: Shutting down and abandoning module WorkspaceMenuStructure (73)
[2015.11.30-00.41.24:916][170]LogModuleManager: Shutting down and abandoning module MessageLog (72)
[2015.11.30-00.41.24:916][170]LogModuleManager: Shutting down and abandoning module Sequencer (71)
[2015.11.30-00.41.24:916][170]LogModuleManager: Shutting down and abandoning module AssetTools (70)
[2015.11.30-00.41.24:916][170]LogModuleManager: Shutting down and abandoning module UMGEditor (69)
[2015.11.30-00.41.24:916][170]LogModuleManager: Shutting down and abandoning module UMG (68)
[2015.11.30-00.41.24:916][170]LogModuleManager: Shutting down and abandoning module Slate (67)
[2015.11.30-00.41.24:916][170]LogModuleManager: Shutting down and abandoning module EditorStyle (66)
[2015.11.30-00.41.24:918][170]LogModuleManager: Shutting down and abandoning module SessionServices (65)
[2015.11.30-00.41.24:918][170]LogModuleManager: Shutting down and abandoning module SourceCodeAccess (64)
[2015.11.30-00.41.24:918][170]LogModuleManager: Shutting down and abandoning module HeadMountedDisplay (63)
[2015.11.30-00.41.24:918][170]LogModuleManager: Shutting down and abandoning module XAudio2 (62)
[2015.11.30-00.41.24:918][170]LogModuleManager: Shutting down and abandoning module Networking (60)
[2015.11.30-00.41.24:918][170]LogModuleManager: Shutting down and abandoning module Core (59)
[2015.11.30-00.41.24:918][170]LogModuleManager: Shutting down and abandoning module KismetCompiler (58)
[2015.11.30-00.41.24:918][170]LogModuleManager: Shutting down and abandoning module PhysXFormats (57)
[2015.11.30-00.41.24:918][170]LogModuleManager: Shutting down and abandoning module MeshUtilities (56)
[2015.11.30-00.41.24:918][170]LogModuleManager: Shutting down and abandoning module CookingStats (55)
[2015.11.30-00.41.24:919][170]LogModuleManager: Shutting down and abandoning module DerivedDataCache (54)
[2015.11.30-00.41.25:097][170]LogDerivedDataCache: Shutdown
[2015.11.30-00.41.25:097][170]LogModuleManager: Shutting down and abandoning module ShaderFormatOpenGL (53)
[2015.11.30-00.41.25:097][170]LogModuleManager: Shutting down and abandoning module ShaderFormatD3D (52)
[2015.11.30-00.41.25:097][170]LogModuleManager: Shutting down and abandoning module MetalShaderFormat (51)
[2015.11.30-00.41.25:097][170]LogModuleManager: Shutting down and abandoning module TextureFormatUncompressed (50)
[2015.11.30-00.41.25:097][170]LogModuleManager: Shutting down and abandoning module TextureFormatPVR (49)
[2015.11.30-00.41.25:097][170]LogModuleManager: Shutting down and abandoning module TextureFormatIntelISPCTexComp (48)
[2015.11.30-00.41.25:097][170]LogModuleManager: Shutting down and abandoning module TextureFormatDXT (47)
[2015.11.30-00.41.25:097][170]LogModuleManager: Shutting down and abandoning module ImageWrapper (46)
[2015.11.30-00.41.25:106][170]LogModuleManager: Shutting down and abandoning module TextureFormatASTC (45)
[2015.11.30-00.41.25:106][170]LogModuleManager: Shutting down and abandoning module TextureFormatAndroid (44)
[2015.11.30-00.41.25:106][170]LogModuleManager: Shutting down and abandoning module AudioFormatOpus (43)
[2015.11.30-00.41.25:106][170]LogModuleManager: Shutting down and abandoning module AudioFormatOgg (42)
[2015.11.30-00.41.25:106][170]LogModuleManager: Shutting down and abandoning module AudioFormatADPCM (41)
[2015.11.30-00.41.25:106][170]LogModuleManager: Shutting down and abandoning module LinuxTargetPlatform (40)
[2015.11.30-00.41.25:106][170]LogModuleManager: Shutting down and abandoning module LinuxServerTargetPlatform (39)
[2015.11.30-00.41.25:106][170]LogModuleManager: Shutting down and abandoning module LinuxNoEditorTargetPlatform (38)
[2015.11.30-00.41.25:106][170]LogModuleManager: Shutting down and abandoning module Messaging (37)
[2015.11.30-00.41.25:106][170]LogModuleManager: Shutting down and abandoning module IOSTargetPlatform (36)
[2015.11.30-00.41.25:106][170]LogModuleManager: Shutting down and abandoning module HTML5TargetPlatform (35)
[2015.11.30-00.41.25:106][170]LogModuleManager: Shutting down and abandoning module Android_PVRTCTargetPlatform (34)
[2015.11.30-00.41.25:106][170]LogModuleManager: Shutting down and abandoning module Android_ETC2TargetPlatform (33)
[2015.11.30-00.41.25:106][170]LogModuleManager: Shutting down and abandoning module Android_ETC1TargetPlatform (32)
[2015.11.30-00.41.25:106][170]LogModuleManager: Shutting down and abandoning module Android_DXTTargetPlatform (31)
[2015.11.30-00.41.25:107][170]LogModuleManager: Shutting down and abandoning module Android_ATCTargetPlatform (30)
[2015.11.30-00.41.25:107][170]LogModuleManager: Shutting down and abandoning module Android_ASTCTargetPlatform (29)
[2015.11.30-00.41.25:107][170]LogModuleManager: Shutting down and abandoning module AndroidTargetPlatform (28)
[2015.11.30-00.41.25:107][170]LogModuleManager: Shutting down and abandoning module WindowsTargetPlatform (27)
[2015.11.30-00.41.25:107][170]LogModuleManager: Shutting down and abandoning module WindowsServerTargetPlatform (26)
[2015.11.30-00.41.25:107][170]LogModuleManager: Shutting down and abandoning module WindowsNoEditorTargetPlatform (25)
[2015.11.30-00.41.25:107][170]LogModuleManager: Shutting down and abandoning module WindowsClientTargetPlatform (24)
[2015.11.30-00.41.25:107][170]LogModuleManager: Shutting down and abandoning module AllDesktopTargetPlatform (23)
[2015.11.30-00.41.25:107][170]LogModuleManager: Shutting down and abandoning module TargetPlatform (22)
[2015.11.30-00.41.25:107][170]LogModuleManager: Shutting down and abandoning module InputCore (21)
[2015.11.30-00.41.25:107][170]LogModuleManager: Shutting down and abandoning module Settings (20)
[2015.11.30-00.41.25:107][170]LogModuleManager: Shutting down and abandoning module OnlineSubsystem (18)
[2015.11.30-00.41.25:107][170]LogModuleManager: Shutting down and abandoning module HTTP (17)
[2015.11.30-00.42.08:146][170]LogModuleManager: Shutting down and abandoning module XMPP (16)
[2015.11.30-00.42.08:146][170]LogModuleManager: Shutting down and abandoning module ExampleDeviceProfileSelector (15)
[2015.11.30-00.42.08:146][170]LogModuleManager: Shutting down and abandoning module TextureCompressor (14)
[2015.11.30-00.42.08:146][170]LogModuleManager: Shutting down and abandoning module ShaderCore (13)
[2015.11.30-00.42.08:146][170]LogModuleManager: Shutting down and abandoning module Landscape (12)
[2015.11.30-00.42.08:146][170]LogModuleManager: Shutting down and abandoning module SlateRHIRenderer (11)
[2015.11.30-00.42.08:146][170]LogModuleManager: Shutting down and abandoning module OpenGLDrv (10)
[2015.11.30-00.42.08:146][170]LogModuleManager: Shutting down and abandoning module D3D11RHI (9)
[2015.11.30-00.42.08:146][170]LogModuleManager: Shutting down and abandoning module AnimGraphRuntime (8)
[2015.11.30-00.42.08:146][170]LogModuleManager: Shutting down and abandoning module Renderer (7)
[2015.11.30-00.42.08:146][170]LogModuleManager: Shutting down and abandoning module Engine (6)
[2015.11.30-00.42.08:146][170]LogModuleManager: Shutting down and abandoning module CoreUObject (5)
[2015.11.30-00.42.08:146][170]LogModuleManager: Shutting down and abandoning module NetworkFile (4)
[2015.11.30-00.42.08:146][170]LogModuleManager: Shutting down and abandoning module StreamingFile (3)
[2015.11.30-00.42.08:146][170]LogModuleManager: Shutting down and abandoning module SandboxFile (2)
[2015.11.30-00.42.08:146][170]LogModuleManager: Shutting down and abandoning module PakFile (1)
[2015.11.30-00.42.08:147][170]LogExit: Exiting.
[2015.11.30-00.42.08:148][170]Log file closed, 11/29/15 16:42:08
