[2016.01.07-21.47.53:947][  0]Log file open, 01/07/16 13:47:53
[2016.01.07-21.47.53:947][  0]LogInit:Display: Running engine for game: MyProject19
[2016.01.07-21.47.53:947][  0]LogPlatformFile: Not using cached read wrapper
[2016.01.07-21.47.53:947][  0]LogInit:Display: RandInit(-475823508) SRandInit(-475823494).
[2016.01.07-21.47.53:947][  0]LogTaskGraph: Started task graph with 4 named threads and 7 total threads.
[2016.01.07-21.47.53:947][  0]LogStats: Stats thread started at 3.598546
[2016.01.07-21.47.53:947][  0]LogInit: Version: 4.10.1-2791327+++depot+UE4-Releases+4.10
[2016.01.07-21.47.53:947][  0]LogInit: API Version: 2758231
[2016.01.07-21.47.53:947][  0]LogInit: Compiled (64-bit): Dec  4 2015 19:44:40
[2016.01.07-21.47.53:947][  0]LogInit: Compiled with Visual C++: 19.00.23026.00
[2016.01.07-21.47.53:947][  0]LogInit: Build Configuration: Development
[2016.01.07-21.47.53:947][  0]LogInit: Branch Name: ++depot+UE4-Releases+4.10
[2016.01.07-21.47.53:947][  0]LogInit: Command line:  
[2016.01.07-21.47.53:947][  0]LogInit: Base directory: C:/Program Files/Epic Games/4.10/Engine/Binaries/Win64/
[2016.01.07-21.47.53:947][  0]LogInit: Rocket: 1
[2016.01.07-21.47.54:260][  0]LogInit: Using libcurl 7.41.0
[2016.01.07-21.47.54:260][  0]LogInit:  - built for x86_64-pc-win32
[2016.01.07-21.47.54:260][  0]LogInit:  - supports SSL with WinSSL
[2016.01.07-21.47.54:260][  0]LogInit:  - other features:
[2016.01.07-21.47.54:260][  0]LogInit:      CURL_VERSION_SSL
[2016.01.07-21.47.54:261][  0]LogInit:      CURL_VERSION_IPV6
[2016.01.07-21.47.54:261][  0]LogInit:      CURL_VERSION_ASYNCHDNS
[2016.01.07-21.47.54:261][  0]LogInit:      CURL_VERSION_LARGEFILE
[2016.01.07-21.47.54:261][  0]LogInit:      CURL_VERSION_IDN
[2016.01.07-21.47.54:261][  0]LogInit:  CurlRequestOptions (configurable via config and command line):
[2016.01.07-21.47.54:261][  0]LogInit:  - bVerifyPeer = true  - Libcurl will verify peer certificate
[2016.01.07-21.47.54:261][  0]LogInit:  - bUseHttpProxy = false  - Libcurl will NOT use HTTP proxy
[2016.01.07-21.47.54:261][  0]LogInit:  - bDontReuseConnections = false  - Libcurl will reuse connections
[2016.01.07-21.47.54:261][  0]LogInit:  - CertBundlePath = nullptr  - Libcurl will use whatever was configured at build time.
[2016.01.07-21.47.54:416][  0]LogInit: Presizing for 0 objects not considered by GC, pre-allocating 0 bytes.
[2016.01.07-21.47.54:550][  0]LogInit: Object subsystem initialized
[2016.01.07-21.47.55:230][  0]LogInit: Selected Device Profile: [Windows]
[2016.01.07-21.47.55:230][  0]LogInit: Applying CVar settings loaded from the selected device profile: [Windows]
[2016.01.07-21.47.55:482][  0]LogInit: Computer: MATT-PC
[2016.01.07-21.47.55:482][  0]LogInit: User: Matt
[2016.01.07-21.47.55:482][  0]LogInit: CPU Page size=4096, Cores=4
[2016.01.07-21.47.55:482][  0]LogInit: High frequency timer resolution =3.020517 MHz
[2016.01.07-21.47.55:482][  0]LogMemory: Memory total: Physical=7.9GB (8GB approx)
[2016.01.07-21.47.55:482][  0]LogMemory: Platform Memory Stats for Windows
[2016.01.07-21.47.55:482][  0]LogMemory: Process Physical Memory: 59.36 MB used, 59.36 MB peak
[2016.01.07-21.47.55:482][  0]LogMemory: Process Virtual Memory: 59.61 MB used, 59.61 MB peak
[2016.01.07-21.47.55:482][  0]LogMemory: Physical Memory: 3446.51 MB used, 8109.12 MB total
[2016.01.07-21.47.55:482][  0]LogMemory: Virtual Memory: 353.37 MB used, 8388608.00 MB total
[2016.01.07-21.48.04:580][  0]LogTextLocalizationManager: No specific translations for ('en-US') exist, so ('en') translations will be used.
[2016.01.07-21.48.07:038][  0]LogD3D11RHI: Found D3D11 adapter 0: AMD Radeon HD 7800 Series (Feature Level 11_0)
[2016.01.07-21.48.07:038][  0]LogD3D11RHI: Adapter has 2029MB of dedicated video memory, 0MB of dedicated system memory, and 3798MB of shared system memory, 1 output[s]
[2016.01.07-21.48.07:195][  0]LogD3D11RHI: Found D3D11 adapter 1: Intel(R) HD Graphics (Feature Level 11_0)
[2016.01.07-21.48.07:195][  0]LogD3D11RHI: Adapter has 64MB of dedicated video memory, 0MB of dedicated system memory, and 1632MB of shared system memory, 0 output[s]
[2016.01.07-21.48.07:196][  0]LogD3D11RHI: Chosen D3D11 Adapter Id = 0
[2016.01.07-21.48.07:226][  0]LogD3D11RHI: !Direct3DDevice
[2016.01.07-21.48.07:227][  0]LogRHI: Texture pool is 1361 MB (70% of 1945 MB)
[2016.01.07-21.48.07:234][  0]LogD3D11RHI: Async texture creation disabled: no driver support
[2016.01.07-21.48.07:488][  0]LogShaderCompilers: Guid format shader working directory is -29 characters bigger than the processId version (../../../../../../Users/Matt/Documents/GitHub/P3NGUIN/P3NGUIN/MyProject19/Intermediate/Shaders/WorkingDirectory/14128/).
[2016.01.07-21.48.07:488][  0]LogShaderCompilers: Cleaned the shader compiler working directory 'C:/Users/Matt/AppData/Local/Temp/UnrealShaderWorkingDir/E2AF9843485F5DE6C61750B36605265A/'.
[2016.01.07-21.48.07:488][  0]LogShaderCompilers:Display: Using Local Shader Compiler.
[2016.01.07-21.48.21:142][  0]LogTemp:Display: Loaded TP AllDesktopTargetPlatform
[2016.01.07-21.48.21:151][  0]LogTemp:Display: Loaded TP WindowsClientTargetPlatform
[2016.01.07-21.48.21:159][  0]LogTemp:Display: Loaded TP WindowsNoEditorTargetPlatform
[2016.01.07-21.48.21:168][  0]LogTemp:Display: Loaded TP WindowsServerTargetPlatform
[2016.01.07-21.48.21:239][  0]LogTemp:Display: Loaded TP WindowsTargetPlatform
[2016.01.07-21.48.21:246][  0]LogTemp:Display: Loaded TP AndroidTargetPlatform
[2016.01.07-21.48.21:253][  0]LogTemp:Display: Loaded TP Android_ASTCTargetPlatform
[2016.01.07-21.48.21:268][  0]LogTemp:Display: Loaded TP Android_ATCTargetPlatform
[2016.01.07-21.48.21:278][  0]LogTemp:Display: Loaded TP Android_DXTTargetPlatform
[2016.01.07-21.48.21:289][  0]LogTemp:Display: Loaded TP Android_ETC1TargetPlatform
[2016.01.07-21.48.21:296][  0]LogTemp:Display: Loaded TP Android_ETC2TargetPlatform
[2016.01.07-21.48.21:362][  0]LogTemp:Display: Loaded TP Android_MultiTargetPlatform
[2016.01.07-21.48.21:362][  0]LogTemp:Display: Loaded TP Android_PVRTCTargetPlatform
[2016.01.07-21.48.21:366][  0]LogTemp:Display: Loaded TP HTML5TargetPlatform
[2016.01.07-21.48.21:414][  0]LogTemp:Display: Loaded TP IOSTargetPlatform
[2016.01.07-21.48.21:427][  0]LogTemp:Display: Loaded TP LinuxNoEditorTargetPlatform
[2016.01.07-21.48.21:438][  0]LogTemp:Display: Loaded TP LinuxServerTargetPlatform
[2016.01.07-21.48.21:466][  0]LogTemp:Display: Loaded TP LinuxTargetPlatform
[2016.01.07-21.48.21:467][  0]LogTargetPlatformManager:Display: Building Assets For Windows
[2016.01.07-21.48.22:293][  0]LogDerivedDataCache:Display: Max Cache Size: 512 MB
[2016.01.07-21.48.22:580][  0]LogDerivedDataCache: Loaded boot cache 0.29s 11MB C:/Users/Matt/AppData/Local/UnrealEngine/4.10/DerivedDataCache/Boot.ddc.
[2016.01.07-21.48.22:580][  0]LogDerivedDataCache:Display: Loaded Boot cache: C:/Users/Matt/AppData/Local/UnrealEngine/4.10/DerivedDataCache/Boot.ddc
[2016.01.07-21.48.22:581][  0]LogDerivedDataCache: FDerivedDataBackendGraph:  Pak pak cache file ../../../../../../Users/Matt/Documents/GitHub/P3NGUIN/P3NGUIN/MyProject19/DerivedDataCache/DDC.ddp not found, will not use a pak cache.
[2016.01.07-21.48.22:581][  0]LogDerivedDataCache: Unable to find inner node Pak for hierarchical cache Hierarchy.
[2016.01.07-21.48.22:581][  0]LogDerivedDataCache: FDerivedDataBackendGraph:  CompressedPak pak cache file ../../../../../../Users/Matt/Documents/GitHub/P3NGUIN/P3NGUIN/MyProject19/DerivedDataCache/Compressed.ddp not found, will not use a pak cache.
[2016.01.07-21.48.22:581][  0]LogDerivedDataCache: Unable to find inner node CompressedPak for hierarchical cache Hierarchy.
[2016.01.07-21.48.22:747][  0]LogDerivedDataCache:Display: Pak cache opened for reading ../../../Engine/DerivedDataCache/Compressed.ddp.
[2016.01.07-21.48.22:759][  0]LogDerivedDataCache: Using Local data cache path C:/Users/Matt/AppData/Local/UnrealEngine/Common/DerivedDataCache: Writable
[2016.01.07-21.48.34:026][  0]LogInit: Selected Device Profile: [Windows]
[2016.01.07-21.48.34:141][  0]LogContentStreaming: Texture pool size is 0.000000MB
[2016.01.07-21.48.36:282][  0]LogMeshUtilities: No automatic mesh reduction module available
[2016.01.07-21.48.36:283][  0]LogMeshUtilities: No automatic mesh merging module available
[2016.01.07-21.48.42:849][  0]LogInit: WinSock: version 1.1 (2.2), MaxSocks=32767, MaxUdp=65467
[2016.01.07-21.49.17:626][  0]UdpMessaging: Initializing bridge on interface 0.0.0.0:0 to multicast group 230.0.0.1:6666.
[2016.01.07-21.49.18:667][  0]LogAssetRegistry: FAssetRegistry took 0.0250 seconds to start up
[2016.01.07-21.49.23:541][  0]SourceControl: Info Source control is disabled
[2016.01.07-21.49.23:579][  0]SourceControl: Info Source control is disabled
[2016.01.07-21.49.24:686][  0]SourceControl: Info Source control is disabled
[2016.01.07-21.49.24:824][  0]SourceControl: Info Source control is disabled
[2016.01.07-21.49.26:664][  0]LogObj: 28633 objects as part of root set at end of initial load.
[2016.01.07-21.49.26:664][  0]LogUObjectAllocator: 6099752 out of 0 bytes used by permanent object pool.
[2016.01.07-21.49.27:492][  0]LogEngine: Initializing Engine...
[2016.01.07-21.49.27:509][  0]LogHMD: Can't find Oculus library dev build: is proper Runtime installed? Version: 0.8.0.0
[2016.01.07-21.49.27:614][  0]LogHMD: SteamVR failed to initialize.  Err: 110
[2016.01.07-21.49.28:844][  0]LogAIModule: Creating AISystem for world NewWorld
[2016.01.07-21.49.28:998][  0]LogInit: XAudio2 using 'Speakers (Realtek High Definition Audio)' : 2 channels at 48 kHz using 32 bits per sample (channel mask 0x3)
[2016.01.07-21.49.29:120][  0]LogInit: FAudioDevice initialized.
[2016.01.07-21.49.29:139][  0]LogDerivedDataCache: Saved boot cache 0.02s 45MB C:/Users/Matt/AppData/Local/UnrealEngine/4.10/DerivedDataCache/Boot.ddc.
[2016.01.07-21.49.29:142][  0]LogInit: Texture streaming: Enabled
[2016.01.07-21.49.29:227][  0]LogAnalytics: Creating configured Analytics provider AnalyticsET
[2016.01.07-21.49.29:227][  0]LogAnalytics: [UEEditor.Rocket.Release] APIServer = http://et2.epicgames.com/ET2/. AppVersion = 4.10.1-2791327+++depot+UE4-Releases+4.10
[2016.01.07-21.49.29:227][  0]LogAnalytics: [UEEditor.Rocket.Release] SetUserId de43219841e5038bf49fbfa481591ee0|4e461f00ab6f49d29405414d884919d6|9448dfb4-8168-4a85-8046-6b7a073564d8
[2016.01.07-21.49.29:233][  0]LogAnalytics: [UEEditor.Rocket.Release] AnalyticsET::StartSession
[2016.01.07-21.49.30:201][  0]LogInit: Transaction tracking system initialized
[2016.01.07-21.49.31:159][  0]BlueprintLog: New page: Editor Load
[2016.01.07-21.49.36:424][  0]LocalizationService: Info Localization service is disabled
[2016.01.07-21.49.38:872][  0]LogConsoleResponse:Display: 
[2016.01.07-21.49.43:288][  0]LogFileCache: Scanning file cache for directory 'C:/Users/Matt/Documents/GitHub/P3NGUIN/P3NGUIN/MyProject19/Content/' took 0.02s
[2016.01.07-21.49.43:288][  0]LogCook:Display: Done creating registry. It took  0.00s.
[2016.01.07-21.49.45:707][  0]SourceControl: Info Source control is disabled
[2016.01.07-21.49.45:761][  0]Cmd: MAP LOAD FILE="../../../../../../Users/Matt/Documents/GitHub/P3NGUIN/P3NGUIN/MyProject19/Content/Maps/ThirdPersonExampleMap.umap" TEMPLATE=0 SHOWPROGRESS=1 FEATURELEVEL=3
[2016.01.07-21.49.45:791][  0]LightingResults: New page: Lighting Build
[2016.01.07-21.49.45:914][  0]MapCheck: New page: Map Check
[2016.01.07-21.49.45:914][  0]LightingResults: New page: Lighting Build
[2016.01.07-21.49.46:542][  0]LogParticles: Destroying 0 GPU particle simulations for FXSystem 0x0000000020C8A160
[2016.01.07-21.49.46:839][  0]LogLinker:Warning: Asset '../../../../../../Users/Matt/Documents/GitHub/P3NGUIN/P3NGUIN/MyProject19/Content/Mannequin/Animations/ThirdPerson_AnimBP.uasset' has been saved with empty engine version. The asset will be loaded but may be incompatible.
[2016.01.07-21.49.46:933][  0]LogLinker:Warning: Asset '../../../../../../Users/Matt/Documents/GitHub/P3NGUIN/P3NGUIN/MyProject19/Content/Mannequin/Animations/ThirdPerson_Jump.uasset' has been saved with empty engine version. The asset will be loaded but may be incompatible.
[2016.01.07-21.49.46:985][  0]LogLinker:Warning: Asset '../../../../../../Users/Matt/Documents/GitHub/P3NGUIN/P3NGUIN/MyProject19/Content/Mannequin/Animations/ThirdPersonJump_Loop.uasset' has been saved with empty engine version. The asset will be loaded but may be incompatible.
[2016.01.07-21.49.46:996][  0]LogLinker:Warning: Asset '../../../../../../Users/Matt/Documents/GitHub/P3NGUIN/P3NGUIN/MyProject19/Content/Mannequin/Animations/ThirdPersonJump_Start.uasset' has been saved with empty engine version. The asset will be loaded but may be incompatible.
[2016.01.07-21.49.47:011][  0]LogLinker:Warning: Asset '../../../../../../Users/Matt/Documents/GitHub/P3NGUIN/P3NGUIN/MyProject19/Content/Mannequin/Animations/ThirdPerson_IdleRun_2D.uasset' has been saved with empty engine version. The asset will be loaded but may be incompatible.
[2016.01.07-21.49.47:017][  0]LogLinker:Warning: Asset '../../../../../../Users/Matt/Documents/GitHub/P3NGUIN/P3NGUIN/MyProject19/Content/Mannequin/Animations/ThirdPersonIdle.uasset' has been saved with empty engine version. The asset will be loaded but may be incompatible.
[2016.01.07-21.49.47:031][  0]LogLinker:Warning: Asset '../../../../../../Users/Matt/Documents/GitHub/P3NGUIN/P3NGUIN/MyProject19/Content/Mannequin/Animations/ThirdPersonRun.uasset' has been saved with empty engine version. The asset will be loaded but may be incompatible.
[2016.01.07-21.49.47:057][  0]LogLinker:Warning: Asset '../../../../../../Users/Matt/Documents/GitHub/P3NGUIN/P3NGUIN/MyProject19/Content/Mannequin/Animations/ThirdPersonWalk.uasset' has been saved with empty engine version. The asset will be loaded but may be incompatible.
[2016.01.07-21.49.53:340][  0]LogBlueprint:Warning: [compiler BasicKnife] Warning  Make HitResult  has no property tagged as BlueprintReadWrite. The node will be removed in a future release.
[2016.01.07-21.49.53:377][  0]LogBlueprint:Warning: [compiler BasicKnife] Warning [0125.44] Compile of BasicKnife successful, but with 1 Warning(s) [in 185 ms]
[2016.01.07-21.49.53:377][  0]LogBlueprint:Warning: [compiler BasicKnife] Warning [0125.44] Compile of BasicKnife successful, but with 2 Warning(s) [in 0 ms]
[2016.01.07-21.49.53:377][  0]LogBlueprint:Warning: [compiler BasicKnife] Warning [0125.44] Compile of BasicKnife successful, but with 3 Warning(s) [in 0 ms]
[2016.01.07-21.49.54:651][  0]LogBlueprint:Warning: [compiler ThirdPersonCharacter] Warning 'AbilitiesMenu' is already a 'Ability Menu', you don't need  Cast To AbilityMenu .
[2016.01.07-21.49.54:654][  0]LogBlueprint:Warning: [compiler ThirdPersonCharacter] Warning 'PointerClass' is already a 'Pointer', you don't need  Cast To Pointer .
[2016.01.07-21.49.54:655][  0]LogBlueprint:Warning: [compiler ThirdPersonCharacter] Warning No value will be returned by reference. Parameter 'EndTime'. Node:  (none) 
[2016.01.07-21.49.54:666][  0]LogBlueprint:Warning: [compiler ThirdPersonCharacter] Warning 'SecondPointer' is already a 'Pointer 2', you don't need  Cast To Pointer2 .
[2016.01.07-21.49.54:687][  0]LogBlueprint:Warning: [compiler ThirdPersonCharacter] Warning [0126.75] Compile of ThirdPersonCharacter successful, but with 4 Warning(s) [in 131 ms]
[2016.01.07-21.49.54:687][  0]LogBlueprint:Warning: [compiler ThirdPersonCharacter] Warning [0126.75] Compile of ThirdPersonCharacter successful, but with 5 Warning(s) [in 0 ms]
[2016.01.07-21.49.54:687][  0]LogBlueprint:Warning: [compiler ThirdPersonCharacter] Warning [0126.75] Compile of ThirdPersonCharacter successful, but with 6 Warning(s) [in 0 ms]
[2016.01.07-21.49.54:743][  0]LogBlueprint:Warning: [compiler TimeMeter] Warning 'ReturnValue' is already a 'Knife Represent', you don't need  Cast To KnifeRepresent .
[2016.01.07-21.49.54:747][  0]LogBlueprint:Warning: [compiler TimeMeter] Warning [0126.81] Compile of TimeMeter successful, but with 1 Warning(s) [in 15 ms]
[2016.01.07-21.49.54:749][  0]LogBlueprint:Warning: [compiler TimeMeter] Warning [0126.81] Compile of TimeMeter successful, but with 2 Warning(s) [in 2 ms]
[2016.01.07-21.49.54:749][  0]LogBlueprint:Warning: [compiler TimeMeter] Warning [0126.81] Compile of TimeMeter successful, but with 3 Warning(s) [in 0 ms]
[2016.01.07-21.49.54:799][  0]LogBlueprint:Warning: [compiler AbilityMenu] Warning 'ReturnValue' is already a 'Listed Item', you don't need  Cast To ListedItem .
[2016.01.07-21.49.54:800][  0]LogBlueprint:Warning: [compiler AbilityMenu] Warning 'ReturnValue' is already a 'Listed Item', you don't need  Cast To ListedItem .
[2016.01.07-21.49.54:803][  0]LogBlueprint:Warning: [compiler AbilityMenu] Warning [0126.87] Compile of AbilityMenu successful, but with 2 Warning(s) [in 28 ms]
[2016.01.07-21.49.54:805][  0]LogBlueprint:Warning: [compiler AbilityMenu] Warning [0126.87] Compile of AbilityMenu successful, but with 3 Warning(s) [in 1 ms]
[2016.01.07-21.49.54:805][  0]LogBlueprint:Warning: [compiler AbilityMenu] Warning [0126.87] Compile of AbilityMenu successful, but with 4 Warning(s) [in 0 ms]
[2016.01.07-21.49.54:841][  0]LogBlueprint:Warning: [compiler FreeMovementLocator] Warning 'Third Person Character 2D' does not inherit from 'Player Controller' ( Cast To ThirdPersonCharacter2D  would always fail).
[2016.01.07-21.49.54:842][  0]LogBlueprint:Warning: [compiler FreeMovementLocator] Warning [0126.91] Compile of FreeMovementLocator successful, but with 1 Warning(s) [in 2 ms]
[2016.01.07-21.49.54:842][  0]LogBlueprint:Warning: [compiler FreeMovementLocator] Warning [0126.91] Compile of FreeMovementLocator successful, but with 2 Warning(s) [in 0 ms]
[2016.01.07-21.49.54:842][  0]LogBlueprint:Warning: [compiler FreeMovementLocator] Warning [0126.91] Compile of FreeMovementLocator successful, but with 3 Warning(s) [in 0 ms]
[2016.01.07-21.49.56:842][  0]LogBlueprint:Warning: [compiler ThirdPersonCharacter2D] Warning No value will be returned by reference. Parameter 'EndTime'. Node:  (none) 
[2016.01.07-21.49.56:858][  0]LogBlueprint:Warning: [compiler ThirdPersonCharacter2D] Warning 'AbilitiesMenu' is already a 'Ability Menu', you don't need  Cast To AbilityMenu .
[2016.01.07-21.49.56:858][  0]LogBlueprint:Warning: [compiler ThirdPersonCharacter2D] Warning 'ReturnValue' is already a 'Knife', you don't need  Cast To Knife .
[2016.01.07-21.49.56:867][  0]LogBlueprint:Warning: [compiler ThirdPersonCharacter2D] Warning 'SecondPointer' is already a 'Pointer 2', you don't need  Cast To Pointer2 .
[2016.01.07-21.49.56:951][  0]LogBlueprint:Warning: [compiler ThirdPersonCharacter2D] Warning [0129.02] Compile of ThirdPersonCharacter2D successful, but with 4 Warning(s) [in 199 ms]
[2016.01.07-21.49.56:952][  0]LogBlueprint:Warning: [compiler ThirdPersonCharacter2D] Warning [0129.02] Compile of ThirdPersonCharacter2D successful, but with 5 Warning(s) [in 0 ms]
[2016.01.07-21.49.56:953][  0]LogBlueprint:Warning: [compiler ThirdPersonCharacter2D] Warning [0129.02] Compile of ThirdPersonCharacter2D successful, but with 6 Warning(s) [in 0 ms]
[2016.01.07-21.49.56:958][  0]LogBlueprint:Warning: [compiler FreeMovementLocator] Warning 'Third Person Character 2D' does not inherit from 'Player Controller' ( Cast To ThirdPersonCharacter2D  would always fail).
[2016.01.07-21.49.56:960][  0]LogBlueprint:Warning: [compiler FreeMovementLocator] Warning [0129.02] Compile of FreeMovementLocator successful, but with 1 Warning(s) [in 4 ms]
[2016.01.07-21.49.56:960][  0]LogBlueprint:Warning: [compiler FreeMovementLocator] Warning [0129.03] Compile of FreeMovementLocator successful, but with 2 Warning(s) [in 0 ms]
[2016.01.07-21.49.56:964][  0]LogBlueprint:Warning: [compiler FreeMovementLocator] Warning [0129.03] Compile of FreeMovementLocator successful, but with 3 Warning(s) [in 4 ms]
[2016.01.07-21.49.57:029][  0]LogBlueprint:Warning: [compiler BasicKnife] Warning  Make HitResult  has no property tagged as BlueprintReadWrite. The node will be removed in a future release.
[2016.01.07-21.49.57:033][  0]LogBlueprint:Warning: [compiler BasicKnife] Warning [0129.10] Compile of BasicKnife successful, but with 1 Warning(s) [in 19 ms]
[2016.01.07-21.49.57:033][  0]LogBlueprint:Warning: [compiler BasicKnife] Warning [0129.10] Compile of BasicKnife successful, but with 2 Warning(s) [in 0 ms]
[2016.01.07-21.49.57:037][  0]LogBlueprint:Warning: [compiler BasicKnife] Warning [0129.10] Compile of BasicKnife successful, but with 3 Warning(s) [in 4 ms]
[2016.01.07-21.49.57:065][  0]LogBlueprint:Warning: [compiler AbilityMenu] Warning 'ReturnValue' is already a 'Listed Item', you don't need  Cast To ListedItem .
[2016.01.07-21.49.57:066][  0]LogBlueprint:Warning: [compiler AbilityMenu] Warning 'ReturnValue' is already a 'Listed Item', you don't need  Cast To ListedItem .
[2016.01.07-21.49.57:069][  0]LogBlueprint:Warning: [compiler AbilityMenu] Warning [0129.13] Compile of AbilityMenu successful, but with 2 Warning(s) [in 25 ms]
[2016.01.07-21.49.57:069][  0]LogBlueprint:Warning: [compiler AbilityMenu] Warning [0129.13] Compile of AbilityMenu successful, but with 3 Warning(s) [in 0 ms]
[2016.01.07-21.49.57:075][  0]LogBlueprint:Warning: [compiler AbilityMenu] Warning [0129.14] Compile of AbilityMenu successful, but with 4 Warning(s) [in 5 ms]
[2016.01.07-21.49.57:107][  0]LogBlueprint:Warning: [compiler TimeMeter] Warning 'ReturnValue' is already a 'Knife Represent', you don't need  Cast To KnifeRepresent .
[2016.01.07-21.49.57:110][  0]LogBlueprint:Warning: [compiler TimeMeter] Warning [0129.18] Compile of TimeMeter successful, but with 1 Warning(s) [in 14 ms]
[2016.01.07-21.49.57:110][  0]LogBlueprint:Warning: [compiler TimeMeter] Warning [0129.18] Compile of TimeMeter successful, but with 2 Warning(s) [in 0 ms]
[2016.01.07-21.49.57:116][  0]LogBlueprint:Warning: [compiler TimeMeter] Warning [0129.18] Compile of TimeMeter successful, but with 3 Warning(s) [in 5 ms]
[2016.01.07-21.49.57:209][  0]LogBlueprint:Warning: [compiler ThirdPersonCharacter] Warning 'AbilitiesMenu' is already a 'Ability Menu', you don't need  Cast To AbilityMenu .
[2016.01.07-21.49.57:212][  0]LogBlueprint:Warning: [compiler ThirdPersonCharacter] Warning 'PointerClass' is already a 'Pointer', you don't need  Cast To Pointer .
[2016.01.07-21.49.57:213][  0]LogBlueprint:Warning: [compiler ThirdPersonCharacter] Warning No value will be returned by reference. Parameter 'EndTime'. Node:  (none) 
[2016.01.07-21.49.57:225][  0]LogBlueprint:Warning: [compiler ThirdPersonCharacter] Warning 'SecondPointer' is already a 'Pointer 2', you don't need  Cast To Pointer2 .
[2016.01.07-21.49.57:243][  0]LogBlueprint:Warning: [compiler ThirdPersonCharacter] Warning [0129.31] Compile of ThirdPersonCharacter successful, but with 4 Warning(s) [in 109 ms]
[2016.01.07-21.49.57:243][  0]LogBlueprint:Warning: [compiler ThirdPersonCharacter] Warning [0129.31] Compile of ThirdPersonCharacter successful, but with 5 Warning(s) [in 0 ms]
[2016.01.07-21.49.57:243][  0]LogBlueprint:Warning: [compiler ThirdPersonCharacter] Warning [0129.31] Compile of ThirdPersonCharacter successful, but with 6 Warning(s) [in 0 ms]
[2016.01.07-21.49.57:384][  0]LogBlueprint:Warning: [compiler ThirdPersonCharacter2D] Warning No value will be returned by reference. Parameter 'EndTime'. Node:  (none) 
[2016.01.07-21.49.57:401][  0]LogBlueprint:Warning: [compiler ThirdPersonCharacter2D] Warning 'AbilitiesMenu' is already a 'Ability Menu', you don't need  Cast To AbilityMenu .
[2016.01.07-21.49.57:401][  0]LogBlueprint:Warning: [compiler ThirdPersonCharacter2D] Warning 'ReturnValue' is already a 'Knife', you don't need  Cast To Knife .
[2016.01.07-21.49.57:409][  0]LogBlueprint:Warning: [compiler ThirdPersonCharacter2D] Warning 'SecondPointer' is already a 'Pointer 2', you don't need  Cast To Pointer2 .
[2016.01.07-21.49.57:493][  0]LogBlueprint:Warning: [compiler ThirdPersonCharacter2D] Warning [0129.56] Compile of ThirdPersonCharacter2D successful, but with 4 Warning(s) [in 200 ms]
[2016.01.07-21.49.57:494][  0]LogBlueprint:Warning: [compiler ThirdPersonCharacter2D] Warning [0129.56] Compile of ThirdPersonCharacter2D successful, but with 5 Warning(s) [in 0 ms]
[2016.01.07-21.49.57:494][  0]LogBlueprint:Warning: [compiler ThirdPersonCharacter2D] Warning [0129.56] Compile of ThirdPersonCharacter2D successful, but with 6 Warning(s) [in 0 ms]
[2016.01.07-21.50.04:330][  0]LogAIModule: Creating AISystem for world ThirdPersonExampleMap
[2016.01.07-21.50.04:847][  0]LogEditorServer: Finished looking for orphan Actors (0.000 secs)
[2016.01.07-21.50.04:890][  0]Cmd: MAP CHECKDEP NOCLEARLOG
[2016.01.07-21.50.05:013][  0]MapCheck: Info Map check complete: 0 Error(s), 0 Warning(s), took 122.768ms to complete.
[2016.01.07-21.50.05:013][  0]LogFileHelpers: Loading map 'ThirdPersonExampleMap' took 19.253
[2016.01.07-21.50.06:740][  0]LogCollectionManager: Loaded 0 collections in 0.003068 seconds
[2016.01.07-21.50.06:963][  0]LogFileCache: Scanning file cache for directory 'C:/Users/Matt/Documents/GitHub/P3NGUIN/P3NGUIN/MyProject19/Saved/Collections/' took 0.01s
[2016.01.07-21.50.06:963][  0]LogFileCache: Scanning file cache for directory 'C:/Users/Matt/Documents/GitHub/P3NGUIN/P3NGUIN/MyProject19/Content/Developers/Matt/Collections/' took 0.01s
[2016.01.07-21.50.06:963][  0]LogFileCache: Scanning file cache for directory 'C:/Users/Matt/Documents/GitHub/P3NGUIN/P3NGUIN/MyProject19/Content/Collections/' took 0.01s
[2016.01.07-21.50.06:963][  0]LogCollectionManager: Rebuilt the GUID cache for 0 collections in 0.000123 seconds
[2016.01.07-21.50.07:005][  0]LogContentBrowser: Native class hierarchy populated in 0.0414 seconds. Added 1893 classes and 338 folders.
[2016.01.07-21.50.07:067][  0]LogContentBrowser: Native class hierarchy updated for 'WidgetCarousel' in 0.0006 seconds. Added 0 classes and 0 folders.
[2016.01.07-21.50.07:816][  0]LogContentBrowser: Native class hierarchy updated for 'AddContentDialog' in 0.0007 seconds. Added 0 classes and 0 folders.
[2016.01.07-21.50.08:056][  0]LogContentBrowser: Native class hierarchy updated for 'SceneOutliner' in 0.0006 seconds. Added 1 classes and 2 folders.
[2016.01.07-21.50.12:291][  0]LogContentBrowser: Native class hierarchy updated for 'WorldBrowser' in 0.0008 seconds. Added 1 classes and 3 folders.
[2016.01.07-21.50.12:795][  0]LogCrashTracker: Crashtracker disabled due to settings.
[2016.01.07-21.50.13:236][  0]LogUObjectGlobals:Warning: Failed to find object 'Class None.'
[2016.01.07-21.50.13:459][  0]LogLoad: Full Startup: 145.52 seconds (BP compile: 2.80 seconds)
[2016.01.07-21.50.13:808][  0]LogOcInput: Can't find Oculus library dev build: is proper Runtime installed? Version: 0.8.0.0
[2016.01.07-21.50.14:354][  0]LogContentStreaming: Texture pool size now 1000 MB
[2016.01.07-21.50.15:064][  0]LogRenderer: Reallocating scene render targets to support 828x516 (Frame:2).
[2016.01.07-21.50.19:724][ 13]LogAssetRegistry: Asset discovery search completed in 61.0770 seconds
[2016.01.07-21.50.19:735][ 13]LogCollectionManager: Rebuilt the object cache for 0 collections in 0.000001 seconds (found 0 objects)
[2016.01.07-21.50.19:735][ 13]LogCollectionManager: Fixed up redirectors for 0 collections in 0.000053 seconds (updated 0 objects)
[2016.01.07-21.51.37:347][776]LogLinker:Warning: Asset '../../../Engine/Content/ArtTools/RenderToTexture/Macros/RenderToTextureMacros.uasset' has been saved with empty engine version. The asset will be loaded but may be incompatible.
[2016.01.07-21.51.38:178][776]LogContentBrowser: Native class hierarchy updated for 'BlueprintGraph' in 0.0009 seconds. Added 107 classes and 0 folders.
[2016.01.07-22.00.14:254][482]LogActorComponent: UnregisterComponent: (/Engine/Transient.ProjectileMovement_GEN_VARIABLE) Not registered. Aborting.
[2016.01.07-22.00.14:254][482]LogActorComponent: UnregisterComponent: (/Engine/Transient.CharMoveComp) Not registered. Aborting.
[2016.01.07-22.00.14:418][482]LogParticles: Destroying 0 GPU particle simulations for FXSystem 0x0000000030EFAE80
[2016.01.07-22.00.14:480][482]LogFileHelpers: Editor autosave (incl. sublevels) for '/Game/Maps/ThirdPersonExampleMap' took 0.226
[2016.01.07-22.00.14:533][482]OBJ SavePackage: Generating thumbnails for [0] asset(s) in package [/Game/Blueprints/WorldActors/MapTransitionVolume] ([1] browsable assets)...
[2016.01.07-22.00.14:533][482]OBJ SavePackage: Finished generating thumbnails for package [/Game/Blueprints/WorldActors/MapTransitionVolume]
[2016.01.07-22.00.14:831][482]LogSavePackage: Save=88.696739ms
[2016.01.07-22.00.14:831][482]LogSavePackage: Moving '../../../../../../Users/Matt/Documents/GitHub/P3NGUIN/P3NGUIN/MyProject19/Saved/MapTransitionVolume_Auto1DA632F294D7C0340946B12943ED33237.tmp' to '../../../../../../Users/Matt/Documents/GitHub/P3NGUIN/P3NGUIN/MyProject19/Saved/Autosaves/Game/Blueprints/WorldActors/MapTransitionVolume_Auto1.uasset'
[2016.01.07-22.00.14:834][482]LogSavePackage: Total save time: 298.727006ms
[2016.01.07-22.00.14:834][482]LogSavePackage:Display: Finished SavePackage ../../../../../../Users/Matt/Documents/GitHub/P3NGUIN/P3NGUIN/MyProject19/Saved/Autosaves/Game/Blueprints/WorldActors/MapTransitionVolume_Auto1.uasset
[2016.01.07-22.00.14:834][482]LogFileHelpers: Auto-saving content packages took 0.327
[2016.01.07-22.18.43:471][171]LogFileHelpers: Editor autosave (incl. sublevels) for '/Game/Maps/ThirdPersonExampleMap' took 0.032
[2016.01.07-22.18.43:478][171]OBJ SavePackage: Generating thumbnails for [0] asset(s) in package [/Game/Blueprints/TimeDecider] ([1] browsable assets)...
[2016.01.07-22.18.43:478][171]OBJ SavePackage: Finished generating thumbnails for package [/Game/Blueprints/TimeDecider]
[2016.01.07-22.18.43:518][171]LogSavePackage: Save=19.505932ms
[2016.01.07-22.18.43:518][171]LogSavePackage: Moving '../../../../../../Users/Matt/Documents/GitHub/P3NGUIN/P3NGUIN/MyProject19/Saved/TimeDecider_Auto233CB90524037769A0176139EA7D6B1E4.tmp' to '../../../../../../Users/Matt/Documents/GitHub/P3NGUIN/P3NGUIN/MyProject19/Saved/Autosaves/Game/Blueprints/TimeDecider_Auto2.uasset'
[2016.01.07-22.18.43:538][171]LogSavePackage: Total save time: 58.050327ms
[2016.01.07-22.18.43:538][171]LogSavePackage:Display: Finished SavePackage ../../../../../../Users/Matt/Documents/GitHub/P3NGUIN/P3NGUIN/MyProject19/Saved/Autosaves/Game/Blueprints/TimeDecider_Auto2.uasset
[2016.01.07-22.18.43:538][171]LogFileHelpers: Auto-saving content packages took 0.067
[2016.01.07-22.35.11:513][654]LogFileHelpers: Editor autosave (incl. sublevels) for '/Game/Maps/ThirdPersonExampleMap' took 0.038
[2016.01.07-22.35.11:522][654]OBJ SavePackage: Generating thumbnails for [0] asset(s) in package [/Game/Blueprints/TimeDecider] ([1] browsable assets)...
[2016.01.07-22.35.11:522][654]OBJ SavePackage: Finished generating thumbnails for package [/Game/Blueprints/TimeDecider]
[2016.01.07-22.35.11:569][654]LogSavePackage: Save=23.894255ms
[2016.01.07-22.35.11:569][654]LogSavePackage: Moving '../../../../../../Users/Matt/Documents/GitHub/P3NGUIN/P3NGUIN/MyProject19/Saved/TimeDecider_Auto331BB64A642936743B793C4890202AA31.tmp' to '../../../../../../Users/Matt/Documents/GitHub/P3NGUIN/P3NGUIN/MyProject19/Saved/Autosaves/Game/Blueprints/TimeDecider_Auto3.uasset'
[2016.01.07-22.35.11:571][654]LogSavePackage: Total save time: 47.314085ms
[2016.01.07-22.35.11:571][654]LogSavePackage:Display: Finished SavePackage ../../../../../../Users/Matt/Documents/GitHub/P3NGUIN/P3NGUIN/MyProject19/Saved/Autosaves/Game/Blueprints/TimeDecider_Auto3.uasset
[2016.01.07-22.35.11:571][654]LogFileHelpers: Auto-saving content packages took 0.057
[2016.01.07-22.45.12:497][657]LogFileHelpers: Editor autosave (incl. sublevels) for '/Game/Maps/ThirdPersonExampleMap' took 0.038
[2016.01.07-22.45.12:505][657]OBJ SavePackage: Generating thumbnails for [0] asset(s) in package [/Game/Blueprints/TimeDecider] ([1] browsable assets)...
[2016.01.07-22.45.12:505][657]OBJ SavePackage: Finished generating thumbnails for package [/Game/Blueprints/TimeDecider]
[2016.01.07-22.45.12:549][657]LogSavePackage: Save=23.290714ms
[2016.01.07-22.45.12:550][657]LogSavePackage: Moving '../../../../../../Users/Matt/Documents/GitHub/P3NGUIN/P3NGUIN/MyProject19/Saved/TimeDecider_Auto4AAD3351F45E034EC440A8FB64D3B327E.tmp' to '../../../../../../Users/Matt/Documents/GitHub/P3NGUIN/P3NGUIN/MyProject19/Saved/Autosaves/Game/Blueprints/TimeDecider_Auto4.uasset'
[2016.01.07-22.45.12:553][657]LogSavePackage: Total save time: 45.328997ms
[2016.01.07-22.45.12:553][657]LogSavePackage:Display: Finished SavePackage ../../../../../../Users/Matt/Documents/GitHub/P3NGUIN/P3NGUIN/MyProject19/Saved/Autosaves/Game/Blueprints/TimeDecider_Auto4.uasset
[2016.01.07-22.45.12:553][657]LogFileHelpers: Auto-saving content packages took 0.055
[2016.01.07-22.58.34:007][777]Cmd: OBJ SAVEPACKAGE PACKAGE="/Game/Blueprints/TimeDecider" FILE="../../../../../../Users/Matt/Documents/GitHub/P3NGUIN/P3NGUIN/MyProject19/Content/Blueprints/TimeDecider.uasset" SILENT=true
[2016.01.07-22.58.34:049][777]LogSavePackage: Save=22.223679ms
[2016.01.07-22.58.34:049][777]LogSavePackage: Moving '../../../../../../Users/Matt/Documents/GitHub/P3NGUIN/P3NGUIN/MyProject19/Saved/TimeDecider1A1EE3364773947A51E35B91A05295F6.tmp' to '../../../../../../Users/Matt/Documents/GitHub/P3NGUIN/P3NGUIN/MyProject19/Content/Blueprints/TimeDecider.uasset'
[2016.01.07-22.58.34:053][777]LogSavePackage: Total save time: 44.777434ms
[2016.01.07-22.58.34:053][777]LogSavePackage:Display: Finished SavePackage ../../../../../../Users/Matt/Documents/GitHub/P3NGUIN/P3NGUIN/MyProject19/Content/Blueprints/TimeDecider.uasset
[2016.01.07-22.58.34:113][777]LogSavePackage: Save=35.603840ms
[2016.01.07-22.58.34:113][777]LogSavePackage: Moving '../../../../../../Users/Matt/Documents/GitHub/P3NGUIN/P3NGUIN/MyProject19/Saved/MapTransitionVolume14BC3E9B4EB0EEEA7FBF368157EB02A3.tmp' to '../../../../../../Users/Matt/Documents/GitHub/P3NGUIN/P3NGUIN/MyProject19/Content/Blueprints/WorldActors/MapTransitionVolume.uasset'
[2016.01.07-22.58.34:118][777]LogSavePackage: Total save time: 53.246845ms
[2016.01.07-22.58.34:118][777]LogSavePackage:Display: Finished SavePackage ../../../../../../Users/Matt/Documents/GitHub/P3NGUIN/P3NGUIN/MyProject19/Content/Blueprints/WorldActors/MapTransitionVolume.uasset
[2016.01.07-22.58.39:654][441]BlueprintLog: New page: Compile TimeDecider
[2016.01.07-22.58.40:075][441]BlueprintEditorCompileResults: Info [4252.09] Compile of TimeDecider successful! [in 420 ms]
[2016.01.07-23.05.09:793][643]LogBlueprint:Warning: [compiler NewSwitch] Warning 'Item' is already a 'Temporary Platform', you don't need  Cast To TemporaryPlatform .
[2016.01.07-23.05.09:794][643]LogBlueprint:Warning: [compiler NewSwitch] Warning [4641.81] Compile of NewSwitch successful, but with 1 Warning(s) [in 10 ms]
[2016.01.07-23.05.09:795][643]LogBlueprint:Warning: [compiler NewSwitch] Warning [4641.81] Compile of NewSwitch successful, but with 2 Warning(s) [in 0 ms]
[2016.01.07-23.05.09:795][643]LogBlueprint:Warning: [compiler NewSwitch] Warning [4641.81] Compile of NewSwitch successful, but with 3 Warning(s) [in 0 ms]
[2016.01.07-23.05.09:805][643]LogBlueprint:Warning: [compiler NewSwitch] Warning 'Item' is already a 'Temporary Platform', you don't need  Cast To TemporaryPlatform .
[2016.01.07-23.05.09:806][643]LogBlueprint:Warning: [compiler NewSwitch] Warning [4641.82] Compile of NewSwitch successful, but with 1 Warning(s) [in 9 ms]
[2016.01.07-23.05.09:807][643]LogBlueprint:Warning: [compiler NewSwitch] Warning [4641.82] Compile of NewSwitch successful, but with 2 Warning(s) [in 0 ms]
[2016.01.07-23.05.09:807][643]LogBlueprint:Warning: [compiler NewSwitch] Warning [4641.82] Compile of NewSwitch successful, but with 3 Warning(s) [in 0 ms]
[2016.01.07-23.05.15:291][ 26]LogRenderer: Reallocating scene render targets to support 948x568 (Frame:9717).
[2016.01.07-23.05.18:562][283]LogActorComponent: UnregisterComponent: (/Engine/Transient.CharMoveComp) Not registered. Aborting.
[2016.01.07-23.05.18:562][283]LogActorComponent: UnregisterComponent: (/Engine/Transient.ProjectileMovement_GEN_VARIABLE) Not registered. Aborting.
[2016.01.07-23.05.18:562][283]LogActorComponent: UnregisterComponent: (/Engine/Transient.ProjectileMovementComponent_0) Not registered. Aborting.
[2016.01.07-23.05.18:562][283]LogActorComponent: UnregisterComponent: (/Engine/Transient.CharacterMovementComponent_0) Not registered. Aborting.
[2016.01.07-23.05.19:861][283]LogActorComponent: UnregisterComponent: (/Engine/Transient.EditorFloorComp) Not registered. Aborting.
[2016.01.07-23.05.20:419][283]LogObjectTools:Warning: ForceReplaceReferences replaced references for a transient object 'DEADCLASS_NewSwitch_Child_C_1' or package '/Engine/Transient'.
[2016.01.07-23.05.20:419][283]LogObjectTools:Warning: ForceReplaceReferences replaced references for a transient object 'DEADCLASS_NewSwitch_Child_C_0' or package '/Engine/Transient'.
[2016.01.07-23.05.20:419][283]LogObjectTools:Warning: ForceReplaceReferences replaced references for a transient object 'REINST_SKEL_NewSwitch_Child_C_162' or package '/Engine/Transient'.
[2016.01.07-23.05.20:419][283]LogObjectTools:Warning: ForceReplaceReferences replaced references for a transient object 'REINST_NewSwitch_Child_C_161' or package '/Engine/Transient'.
[2016.01.07-23.05.20:614][283]LogParticles: Destroying 0 GPU particle simulations for FXSystem 0x0000000026DF2E80
[2016.01.07-23.05.20:616][283]LogParticles: Destroying 0 GPU particle simulations for FXSystem 0x00000000377EA200
[2016.01.07-23.05.20:617][283]LogParticles: Destroying 0 GPU particle simulations for FXSystem 0x00000000384FFA60
[2016.01.07-23.39.28:758][799]LogLinker:Warning: Asset '../../../../../../Users/Matt/Documents/GitHub/P3NGUIN/P3NGUIN/MyProject19/Content/Mannequin/Animations/ThirdPerson_AnimBP.uasset' has been saved with empty engine version. The asset will be loaded but may be incompatible.
[2016.01.07-23.39.28:760][799]LogLinker:Warning: Asset '../../../../../../Users/Matt/Documents/GitHub/P3NGUIN/P3NGUIN/MyProject19/Content/Mannequin/Animations/ThirdPerson_Jump.uasset' has been saved with empty engine version. The asset will be loaded but may be incompatible.
[2016.01.07-23.39.28:761][799]LogLinker:Warning: Asset '../../../../../../Users/Matt/Documents/GitHub/P3NGUIN/P3NGUIN/MyProject19/Content/Mannequin/Animations/ThirdPersonJump_Loop.uasset' has been saved with empty engine version. The asset will be loaded but may be incompatible.
[2016.01.07-23.39.28:763][799]LogLinker:Warning: Asset '../../../../../../Users/Matt/Documents/GitHub/P3NGUIN/P3NGUIN/MyProject19/Content/Mannequin/Animations/ThirdPersonJump_Start.uasset' has been saved with empty engine version. The asset will be loaded but may be incompatible.
[2016.01.07-23.39.28:764][799]LogLinker:Warning: Asset '../../../../../../Users/Matt/Documents/GitHub/P3NGUIN/P3NGUIN/MyProject19/Content/Mannequin/Animations/ThirdPerson_IdleRun_2D.uasset' has been saved with empty engine version. The asset will be loaded but may be incompatible.
[2016.01.07-23.39.28:764][799]LogLinker:Warning: Asset '../../../../../../Users/Matt/Documents/GitHub/P3NGUIN/P3NGUIN/MyProject19/Content/Mannequin/Animations/ThirdPersonIdle.uasset' has been saved with empty engine version. The asset will be loaded but may be incompatible.
[2016.01.07-23.39.28:765][799]LogLinker:Warning: Asset '../../../../../../Users/Matt/Documents/GitHub/P3NGUIN/P3NGUIN/MyProject19/Content/Mannequin/Animations/ThirdPersonRun.uasset' has been saved with empty engine version. The asset will be loaded but may be incompatible.
[2016.01.07-23.39.28:766][799]LogLinker:Warning: Asset '../../../../../../Users/Matt/Documents/GitHub/P3NGUIN/P3NGUIN/MyProject19/Content/Mannequin/Animations/ThirdPersonWalk.uasset' has been saved with empty engine version. The asset will be loaded but may be incompatible.
[2016.01.07-23.39.31:212][ 23]LogBlueprint:Warning: [BasicDummyEnemy] CreatePinForVariable: 'Health' variable not found. Base class was probably changed.
[2016.01.07-23.39.31:212][ 23]LogBlueprint:Warning: [BasicDummyEnemy] CreatePinForVariable: 'Health' variable not found. Base class was probably changed.
[2016.01.07-23.39.31:212][ 23]LogBlueprint:Warning: [BasicDummyEnemy] CreatePinForVariable: 'Health' variable not found. Base class was probably changed.
[2016.01.07-23.39.31:212][ 23]LogBlueprint:Warning: [BasicDummyEnemy] CreatePinForVariable: 'StartingLocation' variable not found. Base class was probably changed.
[2016.01.07-23.39.31:212][ 23]LogBlueprint:Warning: [BasicDummyEnemy] CreatePinForVariable: 'StartingLocation' variable not found. Base class was probably changed.
[2016.01.07-23.39.31:213][ 23]LogBlueprint:Warning: [BasicDummyEnemy] CreatePinForVariable: 'Health' variable not found. Base class was probably changed.
[2016.01.07-23.39.31:215][ 23]LogBlueprint:Warning: [BasicDummyEnemy] CreatePinForVariable: 'HP' variable not found. Base class was probably changed.
[2016.01.07-23.39.31:215][ 23]LogBlueprint:Warning: [BasicDummyEnemy] CreatePinForVariable: 'HP' variable not found. Base class was probably changed.
[2016.01.07-23.39.31:237][ 23]LogBlueprint:Warning: [compiler BasicDummyEnemy] Warning Could not find a variable named "HP" in 'BasicDummyEnemy_C'.
Make sure 'BasicDummyEnemy_C' has been compiled for  Get HP 
[2016.01.07-23.39.31:237][ 23]LogBlueprint:Warning: [compiler BasicDummyEnemy] Warning Could not find a variable named "HP" in 'BasicDummyEnemy_C'.
Make sure 'BasicDummyEnemy_C' has been compiled for  Get HP 
[2016.01.07-23.39.31:237][ 23]LogBlueprint:Warning: [compiler BasicDummyEnemy] Warning Could not find a variable named "Health" in 'BasicDummyEnemy_C'.
Make sure 'BasicDummyEnemy_C' has been compiled for  Get Health 
[2016.01.07-23.39.31:237][ 23]LogBlueprint:Warning: [compiler BasicDummyEnemy] Warning Could not find a variable named "StartingLocation" in 'BasicDummyEnemy_C'.
Make sure 'BasicDummyEnemy_C' has been compiled for  Set StartingLocation 
[2016.01.07-23.39.31:237][ 23]LogBlueprint:Warning: [compiler BasicDummyEnemy] Warning Could not find a variable named "Health" in 'BasicDummyEnemy_C'.
Make sure 'BasicDummyEnemy_C' has been compiled for  Get Health 
[2016.01.07-23.39.31:237][ 23]LogBlueprint:Warning: [compiler BasicDummyEnemy] Warning Could not find a variable named "Health" in 'BasicDummyEnemy_C'.
Make sure 'BasicDummyEnemy_C' has been compiled for  Set Health 
[2016.01.07-23.39.31:238][ 23]LogBlueprint:Error: [compiler BasicDummyEnemy] Error Dependency cycle detected, preventing node  Send Health to Bar 1  from being scheduled
[2016.01.07-23.39.31:238][ 23]LogBlueprint:Error: [compiler BasicDummyEnemy] Error Dependency cycle detected, preventing node  ToString (float)  from being scheduled
[2016.01.07-23.39.31:238][ 23]LogBlueprint:Error: [compiler BasicDummyEnemy] Error Dependency cycle detected, preventing node  Print String  from being scheduled
[2016.01.07-23.39.31:239][ 23]LogBlueprint:Error: [compiler BasicDummyEnemy] Error The property associated with  Health  could not be found
[2016.01.07-23.39.31:239][ 23]LogBlueprint:Error: [compiler BasicDummyEnemy] Error The property associated with  Health  could not be found
[2016.01.07-23.39.31:239][ 23]LogBlueprint:Error: [compiler BasicDummyEnemy] Error The property associated with  Starting Location  could not be found
[2016.01.07-23.39.31:239][ 23]LogBlueprint:Error: [compiler BasicDummyEnemy] Error The property associated with  Health  could not be found
[2016.01.07-23.39.31:240][ 23]LogBlueprint:Error: [compiler BasicDummyEnemy] Error The property associated with  HP  could not be found
[2016.01.07-23.39.31:240][ 23]LogBlueprint:Error: [compiler BasicDummyEnemy] Error The property associated with  HP  could not be found
[2016.01.07-23.39.31:263][ 23]LogBlueprint:Warning: [compiler BasicDummyEnemy] Warning [6703.25] Compile of BasicDummyEnemy failed. 9 Fatal Issue(s) 6 Warning(s) [in 46 ms]
[2016.01.07-23.39.31:263][ 23]LogBlueprint:Warning: [compiler BasicDummyEnemy] Warning [6703.25] Compile of BasicDummyEnemy failed. 9 Fatal Issue(s) 7 Warning(s) [in 0 ms]
[2016.01.07-23.39.31:263][ 23]LogBlueprint:Warning: [compiler BasicDummyEnemy] Warning [6703.25] Compile of BasicDummyEnemy failed. 9 Fatal Issue(s) 8 Warning(s) [in 0 ms]
[2016.01.07-23.39.31:287][ 23]LogBlueprint:Warning: [compiler BasicDummyEnemy] Warning Could not find a variable named "HP" in 'BasicDummyEnemy_C'.
Make sure 'BasicDummyEnemy_C' has been compiled for  Get HP 
[2016.01.07-23.39.31:287][ 23]LogBlueprint:Warning: [compiler BasicDummyEnemy] Warning Could not find a variable named "HP" in 'BasicDummyEnemy_C'.
Make sure 'BasicDummyEnemy_C' has been compiled for  Get HP 
[2016.01.07-23.39.31:288][ 23]LogBlueprint:Warning: [compiler BasicDummyEnemy] Warning Could not find a variable named "Health" in 'BasicDummyEnemy_C'.
Make sure 'BasicDummyEnemy_C' has been compiled for  Get Health 
[2016.01.07-23.39.31:288][ 23]LogBlueprint:Warning: [compiler BasicDummyEnemy] Warning Could not find a variable named "StartingLocation" in 'BasicDummyEnemy_C'.
Make sure 'BasicDummyEnemy_C' has been compiled for  Set StartingLocation 
[2016.01.07-23.39.31:288][ 23]LogBlueprint:Warning: [compiler BasicDummyEnemy] Warning Could not find a variable named "Health" in 'BasicDummyEnemy_C'.
Make sure 'BasicDummyEnemy_C' has been compiled for  Get Health 
[2016.01.07-23.39.31:288][ 23]LogBlueprint:Warning: [compiler BasicDummyEnemy] Warning Could not find a variable named "Health" in 'BasicDummyEnemy_C'.
Make sure 'BasicDummyEnemy_C' has been compiled for  Set Health 
[2016.01.07-23.39.31:289][ 23]LogBlueprint:Error: [compiler BasicDummyEnemy] Error Dependency cycle detected, preventing node  Send Health to Bar 1  from being scheduled
[2016.01.07-23.39.31:289][ 23]LogBlueprint:Error: [compiler BasicDummyEnemy] Error Dependency cycle detected, preventing node  ToString (float)  from being scheduled
[2016.01.07-23.39.31:289][ 23]LogBlueprint:Error: [compiler BasicDummyEnemy] Error Dependency cycle detected, preventing node  Print String  from being scheduled
[2016.01.07-23.39.31:289][ 23]LogBlueprint:Error: [compiler BasicDummyEnemy] Error The property associated with  Health  could not be found
[2016.01.07-23.39.31:290][ 23]LogBlueprint:Error: [compiler BasicDummyEnemy] Error The property associated with  Health  could not be found
[2016.01.07-23.39.31:290][ 23]LogBlueprint:Error: [compiler BasicDummyEnemy] Error The property associated with  Starting Location  could not be found
[2016.01.07-23.39.31:290][ 23]LogBlueprint:Error: [compiler BasicDummyEnemy] Error The property associated with  Health  could not be found
[2016.01.07-23.39.31:290][ 23]LogBlueprint:Error: [compiler BasicDummyEnemy] Error The property associated with  HP  could not be found
[2016.01.07-23.39.31:291][ 23]LogBlueprint:Error: [compiler BasicDummyEnemy] Error The property associated with  HP  could not be found
[2016.01.07-23.39.31:314][ 23]LogBlueprint:Warning: [compiler BasicDummyEnemy] Warning [6703.30] Compile of BasicDummyEnemy failed. 9 Fatal Issue(s) 6 Warning(s) [in 46 ms]
[2016.01.07-23.39.31:314][ 23]LogBlueprint:Warning: [compiler BasicDummyEnemy] Warning [6703.30] Compile of BasicDummyEnemy failed. 9 Fatal Issue(s) 7 Warning(s) [in 0 ms]
[2016.01.07-23.39.31:314][ 23]LogBlueprint:Warning: [compiler BasicDummyEnemy] Warning [6703.30] Compile of BasicDummyEnemy failed. 9 Fatal Issue(s) 8 Warning(s) [in 0 ms]
[2016.01.07-23.39.31:329][ 23]LogSlate:Warning: Prevented a slow task dialog from being summoned while a context menu was open
[2016.01.07-23.39.40:709][770]LogActorComponent: UnregisterComponent: (/Engine/Transient.ProjectileMovement_GEN_VARIABLE) Not registered. Aborting.
[2016.01.07-23.39.40:709][770]LogActorComponent: UnregisterComponent: (/Engine/Transient.CharMoveComp) Not registered. Aborting.
[2016.01.07-23.39.40:709][770]LogActorComponent: UnregisterComponent: (/Engine/Transient.ProjectileMovementComponent_1) Not registered. Aborting.
[2016.01.07-23.39.40:709][770]LogActorComponent: UnregisterComponent: (/Engine/Transient.ProjectileMovementComponent_2) Not registered. Aborting.
[2016.01.07-23.39.40:709][770]LogActorComponent: UnregisterComponent: (/Engine/Transient.CharacterMovementComponent_1) Not registered. Aborting.
[2016.01.07-23.39.40:709][770]LogActorComponent: UnregisterComponent: (/Engine/Transient.CharacterMovementComponent_2) Not registered. Aborting.
[2016.01.07-23.40.10:854][983]LogActorComponent: UnregisterComponent: (/Engine/Transient.CharacterMovementComponent_3) Not registered. Aborting.
[2016.01.07-23.40.10:890][983]LogFileHelpers: Editor autosave (incl. sublevels) for '/Game/Maps/ThirdPersonExampleMap' took 0.036
[2016.01.07-23.40.10:898][983]OBJ SavePackage: Generating thumbnails for [1] asset(s) in package [/Game/Blueprints/EnemiesAndOtherInteractiveObjects/BasicDummyEnemy] ([1] browsable assets)...
[2016.01.07-23.40.10:950][983]OBJ SavePackage:     Rendered thumbnail for [Blueprint /Game/Blueprints/EnemiesAndOtherInteractiveObjects/BasicDummyEnemy.BasicDummyEnemy]
[2016.01.07-23.40.10:950][983]OBJ SavePackage: Finished generating thumbnails for package [/Game/Blueprints/EnemiesAndOtherInteractiveObjects/BasicDummyEnemy]
[2016.01.07-23.40.11:141][983]LogSavePackage: Save=133.032516ms
[2016.01.07-23.40.11:141][983]LogSavePackage: Moving '../../../../../../Users/Matt/Documents/GitHub/P3NGUIN/P3NGUIN/MyProject19/Saved/BasicDummyEnemy_Auto5F464249F46F9731C50A55AA206991D8C.tmp' to '../../../../../../Users/Matt/Documents/GitHub/P3NGUIN/P3NGUIN/MyProject19/Saved/Autosaves/Game/Blueprints/EnemiesAndOtherInteractiveObjects/BasicDummyEnemy_Auto5.uasset'
[2016.01.07-23.40.11:143][983]LogSavePackage: Total save time: 191.701289ms
[2016.01.07-23.40.11:143][983]LogSavePackage:Display: Finished SavePackage ../../../../../../Users/Matt/Documents/GitHub/P3NGUIN/P3NGUIN/MyProject19/Saved/Autosaves/Game/Blueprints/EnemiesAndOtherInteractiveObjects/BasicDummyEnemy_Auto5.uasset
[2016.01.07-23.40.11:143][983]LogFileHelpers: Auto-saving content packages took 0.252
[2016.01.07-23.46.57:943][851]LogEditorViewport: Clicking on Actor (LMB): LightmassImportanceVolume (LightmassImportanceVolume)
[2016.01.07-23.46.59:333][988]LogEditorViewport: Clicking Background
[2016.01.07-23.47.36:833][473]LogEditorViewport: Clicking on Actor (LMB): NavMeshBoundsVolume (NavMeshBoundsVolume)
[2016.01.07-23.47.37:968][575]LogEditorViewport: Clicking Background
[2016.01.08-00.15.31:884][326]LogRenderer: Reallocating scene render targets to support 948x620 (Frame:49930).
[2016.01.08-00.16.17:732][782]LogEditorViewport: Clicking on Actor (LMB): BlockingVolume (BlockingVolume2)
[2016.01.08-00.16.21:825][251]LogEditorViewport: Clicking Background
[2016.01.08-00.16.29:768][190]LogEditorViewport: Clicking on Actor (LMB): BlockingVolume (BlockingVolume3)
[2016.01.08-00.16.38:124][180]LogEditorViewport: Clicking on Actor (LMB): BlockingVolume (BlockingVolume)
[2016.01.08-00.16.48:532][410]LogEditorViewport: Clicking Background
[2016.01.08-00.16.54:247][ 83]LogEditorViewport: Clicking Background
[2016.01.08-00.17.37:278][225]LogActorComponent: UnregisterComponent: (/Engine/Transient.CharMoveComp) Not registered. Aborting.
[2016.01.08-00.17.37:278][225]LogActorComponent: UnregisterComponent: (/Engine/Transient.CharacterMovementComponent_4) Not registered. Aborting.
[2016.01.08-00.17.37:279][225]LogActorComponent: UnregisterComponent: (/Engine/Transient.ProjectileMovement_GEN_VARIABLE) Not registered. Aborting.
[2016.01.08-00.17.37:279][225]LogActorComponent: UnregisterComponent: (/Engine/Transient.ProjectileMovementComponent_3) Not registered. Aborting.
[2016.01.08-00.17.37:279][225]LogActorComponent: UnregisterComponent: (/Engine/Transient.CharacterMovementComponent_5) Not registered. Aborting.
[2016.01.08-00.17.38:136][225]LogSavePackage: Save=752.369202ms
[2016.01.08-00.17.38:136][225]LogSavePackage: Moving '../../../../../../Users/Matt/Documents/GitHub/P3NGUIN/P3NGUIN/MyProject19/Saved/ThirdPersonExampleMap_Auto64F2AAC62452A70A5C6FA69B9739049A8.tmp' to '../../../../../../Users/Matt/Documents/GitHub/P3NGUIN/P3NGUIN/MyProject19/Saved/Autosaves/Game/Maps/ThirdPersonExampleMap_Auto6.umap'
[2016.01.08-00.17.38:139][225]LogSavePackage: Total save time: 805.820327ms
[2016.01.08-00.17.38:139][225]LogSavePackage:Display: Finished SavePackage ../../../../../../Users/Matt/Documents/GitHub/P3NGUIN/P3NGUIN/MyProject19/Saved/Autosaves/Game/Maps/ThirdPersonExampleMap_Auto6.umap
[2016.01.08-00.17.38:166][225]LogFileHelpers: Editor autosave (incl. sublevels) for '/Game/Maps/ThirdPersonExampleMap' took 0.887
[2016.01.08-00.17.38:166][225]LogFileHelpers: Editor autosave (incl. sublevels) for all levels took 0.887
[2016.01.08-19.44.35:927][597]LogD3D11RHI: Timed out while waiting for GPU to catch up. (0.5 s)
[2016.01.08-19.44.36:428][598]LogD3D11RHI: Timed out while wait