[2016.01.05-00.37.35:353][  0]Log file open, 01/04/16 16:37:35
[2016.01.05-00.37.35:353][  0]LogInit:Display: Running engine for game: MyProject19
[2016.01.05-00.37.35:353][  0]LogPlatformFile: Not using cached read wrapper
[2016.01.05-00.37.35:353][  0]LogInit:Display: RandInit(-1009436926) SRandInit(-1009436925).
[2016.01.05-00.37.35:353][  0]LogTaskGraph: Started task graph with 4 named threads and 7 total threads.
[2016.01.05-00.37.35:353][  0]LogStats: Stats thread started at 0.088116
[2016.01.05-00.37.35:353][  0]LogInit: Version: 4.10.1-2791327+++depot+UE4-Releases+4.10
[2016.01.05-00.37.35:353][  0]LogInit: API Version: 2758231
[2016.01.05-00.37.35:353][  0]LogInit: Compiled (64-bit): Dec  4 2015 19:44:40
[2016.01.05-00.37.35:353][  0]LogInit: Compiled with Visual C++: 19.00.23026.00
[2016.01.05-00.37.35:353][  0]LogInit: Build Configuration: Development
[2016.01.05-00.37.35:353][  0]LogInit: Branch Name: ++depot+UE4-Releases+4.10
[2016.01.05-00.37.35:353][  0]LogInit: Command line:  
[2016.01.05-00.37.35:353][  0]LogInit: Base directory: C:/Program Files/Epic Games/4.10/Engine/Binaries/Win64/
[2016.01.05-00.37.35:353][  0]LogInit: Rocket: 1
[2016.01.05-00.37.35:364][  0]LogInit: Using libcurl 7.41.0
[2016.01.05-00.37.35:364][  0]LogInit:  - built for x86_64-pc-win32
[2016.01.05-00.37.35:364][  0]LogInit:  - supports SSL with WinSSL
[2016.01.05-00.37.35:364][  0]LogInit:  - other features:
[2016.01.05-00.37.35:364][  0]LogInit:      CURL_VERSION_SSL
[2016.01.05-00.37.35:364][  0]LogInit:      CURL_VERSION_IPV6
[2016.01.05-00.37.35:364][  0]LogInit:      CURL_VERSION_ASYNCHDNS
[2016.01.05-00.37.35:364][  0]LogInit:      CURL_VERSION_LARGEFILE
[2016.01.05-00.37.35:364][  0]LogInit:      CURL_VERSION_IDN
[2016.01.05-00.37.35:364][  0]LogInit:  CurlRequestOptions (configurable via config and command line):
[2016.01.05-00.37.35:364][  0]LogInit:  - bVerifyPeer = true  - Libcurl will verify peer certificate
[2016.01.05-00.37.35:364][  0]LogInit:  - bUseHttpProxy = false  - Libcurl will NOT use HTTP proxy
[2016.01.05-00.37.35:364][  0]LogInit:  - bDontReuseConnections = false  - Libcurl will reuse connections
[2016.01.05-00.37.35:364][  0]LogInit:  - CertBundlePath = nullptr  - Libcurl will use whatever was configured at build time.
[2016.01.05-00.37.35:372][  0]LogInit: Presizing for 0 objects not considered by GC, pre-allocating 0 bytes.
[2016.01.05-00.37.35:379][  0]LogInit: Object subsystem initialized
[2016.01.05-00.37.35:380][  0]LogInit: Selected Device Profile: [Windows]
[2016.01.05-00.37.35:380][  0]LogInit: Applying CVar settings loaded from the selected device profile: [Windows]
[2016.01.05-00.37.35:389][  0]LogInit: Computer: MATT-PC
[2016.01.05-00.37.35:389][  0]LogInit: User: Matt
[2016.01.05-00.37.35:389][  0]LogInit: CPU Page size=4096, Cores=4
[2016.01.05-00.37.35:389][  0]LogInit: High frequency timer resolution =3.020517 MHz
[2016.01.05-00.37.35:389][  0]LogMemory: Memory total: Physical=7.9GB (8GB approx)
[2016.01.05-00.37.35:389][  0]LogMemory: Platform Memory Stats for Windows
[2016.01.05-00.37.35:389][  0]LogMemory: Process Physical Memory: 59.29 MB used, 59.29 MB peak
[2016.01.05-00.37.35:389][  0]LogMemory: Process Virtual Memory: 59.55 MB used, 59.55 MB peak
[2016.01.05-00.37.35:389][  0]LogMemory: Physical Memory: 3491.99 MB used, 8109.12 MB total
[2016.01.05-00.37.35:389][  0]LogMemory: Virtual Memory: 353.29 MB used, 8388608.00 MB total
[2016.01.05-00.37.35:457][  0]LogTextLocalizationManager: No specific translations for ('en-US') exist, so ('en') translations will be used.
[2016.01.05-00.37.35:862][  0]LogD3D11RHI: Found D3D11 adapter 0: AMD Radeon HD 7800 Series (Feature Level 11_0)
[2016.01.05-00.37.35:862][  0]LogD3D11RHI: Adapter has 2029MB of dedicated video memory, 0MB of dedicated system memory, and 3798MB of shared system memory, 1 output[s]
[2016.01.05-00.37.35:865][  0]LogD3D11RHI: Found D3D11 adapter 1: Intel(R) HD Graphics (Feature Level 11_0)
[2016.01.05-00.37.35:865][  0]LogD3D11RHI: Adapter has 64MB of dedicated video memory, 0MB of dedicated system memory, and 1632MB of shared system memory, 0 output[s]
[2016.01.05-00.37.35:865][  0]LogD3D11RHI: Chosen D3D11 Adapter Id = 0
[2016.01.05-00.37.35:871][  0]LogD3D11RHI: !Direct3DDevice
[2016.01.05-00.37.35:871][  0]LogRHI: Texture pool is 1361 MB (70% of 1945 MB)
[2016.01.05-00.37.35:875][  0]LogD3D11RHI: Async texture creation disabled: no driver support
[2016.01.05-00.37.35:884][  0]LogShaderCompilers: Guid format shader working directory is -28 characters bigger than the processId version (../../../../../../Users/Matt/Documents/GitHub/P3NGUIN/P3NGUIN/MyProject19/Intermediate/Shaders/WorkingDirectory/9560/).
[2016.01.05-00.37.35:884][  0]LogShaderCompilers: Cleaned the shader compiler working directory 'C:/Users/Matt/AppData/Local/Temp/UnrealShaderWorkingDir/BA4C6F154554F07271BA3A99932929DF/'.
[2016.01.05-00.37.35:884][  0]LogShaderCompilers:Display: Using Local Shader Compiler.
[2016.01.05-00.37.38:084][  0]LogTemp:Display: Loaded TP AllDesktopTargetPlatform
[2016.01.05-00.37.38:089][  0]LogTemp:Display: Loaded TP WindowsClientTargetPlatform
[2016.01.05-00.37.38:095][  0]LogTemp:Display: Loaded TP WindowsNoEditorTargetPlatform
[2016.01.05-00.37.38:100][  0]LogTemp:Display: Loaded TP WindowsServerTargetPlatform
[2016.01.05-00.37.38:105][  0]LogTemp:Display: Loaded TP WindowsTargetPlatform
[2016.01.05-00.37.38:109][  0]LogTemp:Display: Loaded TP AndroidTargetPlatform
[2016.01.05-00.37.38:113][  0]LogTemp:Display: Loaded TP Android_ASTCTargetPlatform
[2016.01.05-00.37.38:116][  0]LogTemp:Display: Loaded TP Android_ATCTargetPlatform
[2016.01.05-00.37.38:120][  0]LogTemp:Display: Loaded TP Android_DXTTargetPlatform
[2016.01.05-00.37.38:124][  0]LogTemp:Display: Loaded TP Android_ETC1TargetPlatform
[2016.01.05-00.37.38:128][  0]LogTemp:Display: Loaded TP Android_ETC2TargetPlatform
[2016.01.05-00.37.38:136][  0]LogTemp:Display: Loaded TP Android_MultiTargetPlatform
[2016.01.05-00.37.38:136][  0]LogTemp:Display: Loaded TP Android_PVRTCTargetPlatform
[2016.01.05-00.37.38:161][  0]LogTemp:Display: Loaded TP HTML5TargetPlatform
[2016.01.05-00.37.38:179][  0]LogTemp:Display: Loaded TP IOSTargetPlatform
[2016.01.05-00.37.38:183][  0]LogTemp:Display: Loaded TP LinuxNoEditorTargetPlatform
[2016.01.05-00.37.38:186][  0]LogTemp:Display: Loaded TP LinuxServerTargetPlatform
[2016.01.05-00.37.38:191][  0]LogTemp:Display: Loaded TP LinuxTargetPlatform
[2016.01.05-00.37.38:191][  0]LogTargetPlatformManager:Display: Building Assets For Windows
[2016.01.05-00.37.38:295][  0]LogDerivedDataCache:Display: Max Cache Size: 512 MB
[2016.01.05-00.37.39:962][  0]LogDerivedDataCache: Loaded boot cache 1.67s 41MB C:/Users/Matt/AppData/Local/UnrealEngine/4.10/DerivedDataCache/Boot.ddc.
[2016.01.05-00.37.39:962][  0]LogDerivedDataCache:Display: Loaded Boot cache: C:/Users/Matt/AppData/Local/UnrealEngine/4.10/DerivedDataCache/Boot.ddc
[2016.01.05-00.37.39:962][  0]LogDerivedDataCache: FDerivedDataBackendGraph:  Pak pak cache file ../../../../../../Users/Matt/Documents/GitHub/P3NGUIN/P3NGUIN/MyProject19/DerivedDataCache/DDC.ddp not found, will not use a pak cache.
[2016.01.05-00.37.39:962][  0]LogDerivedDataCache: Unable to find inner node Pak for hierarchical cache Hierarchy.
[2016.01.05-00.37.39:962][  0]LogDerivedDataCache: FDerivedDataBackendGraph:  CompressedPak pak cache file ../../../../../../Users/Matt/Documents/GitHub/P3NGUIN/P3NGUIN/MyProject19/DerivedDataCache/Compressed.ddp not found, will not use a pak cache.
[2016.01.05-00.37.39:962][  0]LogDerivedDataCache: Unable to find inner node CompressedPak for hierarchical cache Hierarchy.
[2016.01.05-00.37.40:023][  0]LogDerivedDataCache:Display: Pak cache opened for reading ../../../Engine/DerivedDataCache/Compressed.ddp.
[2016.01.05-00.37.40:035][  0]LogDerivedDataCache: Using Local data cache path C:/Users/Matt/AppData/Local/UnrealEngine/Common/DerivedDataCache: Writable
[2016.01.05-00.37.40:234][  0]LogInit: Selected Device Profile: [Windows]
[2016.01.05-00.37.40:235][  0]LogContentStreaming: Texture pool size is 0.000000MB
[2016.01.05-00.37.40:282][  0]LogMeshUtilities: No automatic mesh reduction module available
[2016.01.05-00.37.40:282][  0]LogMeshUtilities: No automatic mesh merging module available
[2016.01.05-00.37.40:732][  0]LogInit: WinSock: version 1.1 (2.2), MaxSocks=32767, MaxUdp=65467
[2016.01.05-00.37.41:605][  0]UdpMessaging: Initializing bridge on interface 0.0.0.0:0 to multicast group 230.0.0.1:6666.
[2016.01.05-00.37.41:708][  0]LogAssetRegistry: FAssetRegistry took 0.0101 seconds to start up
[2016.01.05-00.37.41:937][  0]SourceControl: Info Source control is disabled
[2016.01.05-00.37.41:940][  0]SourceControl: Info Source control is disabled
[2016.01.05-00.37.41:961][  0]SourceControl: Info Source control is disabled
[2016.01.05-00.37.41:977][  0]SourceControl: Info Source control is disabled
[2016.01.05-00.37.42:315][  0]LogObj: 28633 objects as part of root set at end of initial load.
[2016.01.05-00.37.42:315][  0]LogUObjectAllocator: 6099752 out of 0 bytes used by permanent object pool.
[2016.01.05-00.37.42:373][  0]LogEngine: Initializing Engine...
[2016.01.05-00.37.42:383][  0]LogHMD: Can't find Oculus library dev build: is proper Runtime installed? Version: 0.8.0.0
[2016.01.05-00.37.42:384][  0]LogHMD: SteamVR failed to initialize.  Err: 110
[2016.01.05-00.37.42:516][  0]LogAIModule: Creating AISystem for world NewWorld
[2016.01.05-00.37.42:524][  0]LogInit: XAudio2 using 'Speakers (Realtek High Definition Audio)' : 2 channels at 48 kHz using 32 bits per sample (channel mask 0x3)
[2016.01.05-00.37.42:565][  0]LogInit: FAudioDevice initialized.
[2016.01.05-00.37.42:608][  0]LogDerivedDataCache: Saved boot cache 0.04s 41MB C:/Users/Matt/AppData/Local/UnrealEngine/4.10/DerivedDataCache/Boot.ddc.
[2016.01.05-00.37.42:611][  0]LogInit: Texture streaming: Enabled
[2016.01.05-00.37.42:620][  0]LogAnalytics: Creating configured Analytics provider AnalyticsET
[2016.01.05-00.37.42:620][  0]LogAnalytics: [UEEditor.Rocket.Release] APIServer = http://et2.epicgames.com/ET2/. AppVersion = 4.10.1-2791327+++depot+UE4-Releases+4.10
[2016.01.05-00.37.42:620][  0]LogAnalytics: [UEEditor.Rocket.Release] SetUserId de43219841e5038bf49fbfa481591ee0|4e461f00ab6f49d29405414d884919d6|9448dfb4-8168-4a85-8046-6b7a073564d8
[2016.01.05-00.37.42:620][  0]LogAnalytics: [UEEditor.Rocket.Release] AnalyticsET::StartSession
[2016.01.05-00.37.42:644][  0]LogInit: Transaction tracking system initialized
[2016.01.05-00.37.42:673][  0]BlueprintLog: New page: Editor Load
[2016.01.05-00.37.42:767][  0]LocalizationService: Info Localization service is disabled
[2016.01.05-00.37.42:860][  0]LogConsoleResponse:Display: 
[2016.01.05-00.37.42:986][  0]LogCook:Display: Done creating registry. It took  0.00s.
[2016.01.05-00.37.43:060][  0]LogFileCache: Scanning file cache for directory 'C:/Users/Matt/Documents/GitHub/P3NGUIN/P3NGUIN/MyProject19/Content/' took 0.01s
[2016.01.05-00.37.43:060][  0]SourceControl: Info Source control is disabled
[2016.01.05-00.37.43:060][  0]Cmd: MAP LOAD FILE="../../../../../../Users/Matt/Documents/GitHub/P3NGUIN/P3NGUIN/MyProject19/Content/Maps/EnemyArena.umap" TEMPLATE=0 SHOWPROGRESS=1 FEATURELEVEL=3
[2016.01.05-00.37.43:061][  0]LightingResults: New page: Lighting Build
[2016.01.05-00.37.43:064][  0]MapCheck: New page: Map Check
[2016.01.05-00.37.43:064][  0]LightingResults: New page: Lighting Build
[2016.01.05-00.37.43:082][  0]LogParticles: Destroying 0 GPU particle simulations for FXSystem 0x0000000020286160
[2016.01.05-00.37.43:120][  0]LogLinker:Warning: Asset '../../../../../../Users/Matt/Documents/GitHub/P3NGUIN/P3NGUIN/MyProject19/Content/Mannequin/Animations/ThirdPerson_AnimBP.uasset' has been saved with empty engine version. The asset will be loaded but may be incompatible.
[2016.01.05-00.37.43:121][  0]LogLinker:Warning: Asset '../../../../../../Users/Matt/Documents/GitHub/P3NGUIN/P3NGUIN/MyProject19/Content/Mannequin/Animations/ThirdPerson_Jump.uasset' has been saved with empty engine version. The asset will be loaded but may be incompatible.
[2016.01.05-00.37.43:124][  0]LogLinker:Warning: Asset '../../../../../../Users/Matt/Documents/GitHub/P3NGUIN/P3NGUIN/MyProject19/Content/Mannequin/Animations/ThirdPersonJump_Loop.uasset' has been saved with empty engine version. The asset will be loaded but may be incompatible.
[2016.01.05-00.37.43:125][  0]LogLinker:Warning: Asset '../../../../../../Users/Matt/Documents/GitHub/P3NGUIN/P3NGUIN/MyProject19/Content/Mannequin/Animations/ThirdPersonJump_Start.uasset' has been saved with empty engine version. The asset will be loaded but may be incompatible.
[2016.01.05-00.37.43:127][  0]LogLinker:Warning: Asset '../../../../../../Users/Matt/Documents/GitHub/P3NGUIN/P3NGUIN/MyProject19/Content/Mannequin/Animations/ThirdPerson_IdleRun_2D.uasset' has been saved with empty engine version. The asset will be loaded but may be incompatible.
[2016.01.05-00.37.43:127][  0]LogLinker:Warning: Asset '../../../../../../Users/Matt/Documents/GitHub/P3NGUIN/P3NGUIN/MyProject19/Content/Mannequin/Animations/ThirdPersonIdle.uasset' has been saved with empty engine version. The asset will be loaded but may be incompatible.
[2016.01.05-00.37.43:128][  0]LogLinker:Warning: Asset '../../../../../../Users/Matt/Documents/GitHub/P3NGUIN/P3NGUIN/MyProject19/Content/Mannequin/Animations/ThirdPersonRun.uasset' has been saved with empty engine version. The asset will be loaded but may be incompatible.
[2016.01.05-00.37.43:130][  0]LogLinker:Warning: Asset '../../../../../../Users/Matt/Documents/GitHub/P3NGUIN/P3NGUIN/MyProject19/Content/Mannequin/Animations/ThirdPersonWalk.uasset' has been saved with empty engine version. The asset will be loaded but may be incompatible.
[2016.01.05-00.37.44:186][  0]LogBlueprint:Warning: [compiler ThirdPersonCharacter] Warning 'AbilitiesMenu' is already a 'Ability Menu', you don't need  Cast To AbilityMenu .
[2016.01.05-00.37.44:189][  0]LogBlueprint:Warning: [compiler ThirdPersonCharacter] Warning 'PointerClass' is already a 'Pointer', you don't need  Cast To Pointer .
[2016.01.05-00.37.44:190][  0]LogBlueprint:Warning: [compiler ThirdPersonCharacter] Warning No value will be returned by reference. Parameter 'EndTime'. Node:  (none) 
[2016.01.05-00.37.44:203][  0]LogBlueprint:Warning: [compiler ThirdPersonCharacter] Warning 'SecondPointer' is already a 'Pointer 2', you don't need  Cast To Pointer2 .
[2016.01.05-00.37.44:222][  0]LogBlueprint:Warning: [compiler ThirdPersonCharacter] Warning [0009.38] Compile of ThirdPersonCharacter successful, but with 4 Warning(s) [in 118 ms]
[2016.01.05-00.37.44:223][  0]LogBlueprint:Warning: [compiler ThirdPersonCharacter] Warning [0009.38] Compile of ThirdPersonCharacter successful, but with 5 Warning(s) [in 0 ms]
[2016.01.05-00.37.44:223][  0]LogBlueprint:Warning: [compiler ThirdPersonCharacter] Warning [0009.38] Compile of ThirdPersonCharacter successful, but with 6 Warning(s) [in 0 ms]
[2016.01.05-00.37.44:275][  0]LogBlueprint:Warning: [compiler TimeMeter] Warning 'ReturnValue' is already a 'Knife Represent', you don't need  Cast To KnifeRepresent .
[2016.01.05-00.37.44:279][  0]LogBlueprint:Warning: [compiler TimeMeter] Warning [0009.44] Compile of TimeMeter successful, but with 1 Warning(s) [in 35 ms]
[2016.01.05-00.37.44:282][  0]LogBlueprint:Warning: [compiler TimeMeter] Warning [0009.44] Compile of TimeMeter successful, but with 2 Warning(s) [in 2 ms]
[2016.01.05-00.37.44:282][  0]LogBlueprint:Warning: [compiler TimeMeter] Warning [0009.44] Compile of TimeMeter successful, but with 3 Warning(s) [in 0 ms]
[2016.01.05-00.37.44:338][  0]LogBlueprint:Warning: [compiler AbilityMenu] Warning 'ReturnValue' is already a 'Listed Item', you don't need  Cast To ListedItem .
[2016.01.05-00.37.44:338][  0]LogBlueprint:Warning: [compiler AbilityMenu] Warning 'ReturnValue' is already a 'Listed Item', you don't need  Cast To ListedItem .
[2016.01.05-00.37.44:342][  0]LogBlueprint:Warning: [compiler AbilityMenu] Warning [0009.50] Compile of AbilityMenu successful, but with 2 Warning(s) [in 30 ms]
[2016.01.05-00.37.44:344][  0]LogBlueprint:Warning: [compiler AbilityMenu] Warning [0009.51] Compile of AbilityMenu successful, but with 3 Warning(s) [in 1 ms]
[2016.01.05-00.37.44:344][  0]LogBlueprint:Warning: [compiler AbilityMenu] Warning [0009.51] Compile of AbilityMenu successful, but with 4 Warning(s) [in 0 ms]
[2016.01.05-00.37.44:396][  0]LogBlueprint:Warning: [compiler BasicKnife] Warning  Make HitResult  has no property tagged as BlueprintReadWrite. The node will be removed in a future release.
[2016.01.05-00.37.44:400][  0]LogBlueprint:Warning: [compiler BasicKnife] Warning [0009.56] Compile of BasicKnife successful, but with 1 Warning(s) [in 26 ms]
[2016.01.05-00.37.44:400][  0]LogBlueprint:Warning: [compiler BasicKnife] Warning [0009.56] Compile of BasicKnife successful, but with 2 Warning(s) [in 0 ms]
[2016.01.05-00.37.44:401][  0]LogBlueprint:Warning: [compiler BasicKnife] Warning [0009.56] Compile of BasicKnife successful, but with 3 Warning(s) [in 0 ms]
[2016.01.05-00.37.44:438][  0]LogBlueprint:Warning: [compiler FreeMovementLocator] Warning 'Third Person Character 2D' does not inherit from 'Player Controller' ( Cast To ThirdPersonCharacter2D  would always fail).
[2016.01.05-00.37.44:440][  0]LogBlueprint:Warning: [compiler FreeMovementLocator] Warning [0009.60] Compile of FreeMovementLocator successful, but with 1 Warning(s) [in 3 ms]
[2016.01.05-00.37.44:440][  0]LogBlueprint:Warning: [compiler FreeMovementLocator] Warning [0009.60] Compile of FreeMovementLocator successful, but with 2 Warning(s) [in 0 ms]
[2016.01.05-00.37.44:440][  0]LogBlueprint:Warning: [compiler FreeMovementLocator] Warning [0009.60] Compile of FreeMovementLocator successful, but with 3 Warning(s) [in 0 ms]
[2016.01.05-00.37.45:075][  0]LogBlueprint:Warning: [compiler ThirdPersonCharacter2D] Warning No value will be returned by reference. Parameter 'EndTime'. Node:  (none) 
[2016.01.05-00.37.45:091][  0]LogBlueprint:Warning: [compiler ThirdPersonCharacter2D] Warning 'AbilitiesMenu' is already a 'Ability Menu', you don't need  Cast To AbilityMenu .
[2016.01.05-00.37.45:092][  0]LogBlueprint:Warning: [compiler ThirdPersonCharacter2D] Warning 'ReturnValue' is already a 'Knife', you don't need  Cast To Knife .
[2016.01.05-00.37.45:102][  0]LogBlueprint:Warning: [compiler ThirdPersonCharacter2D] Warning 'SecondPointer' is already a 'Pointer 2', you don't need  Cast To Pointer2 .
[2016.01.05-00.37.45:183][  0]LogBlueprint:Warning: [compiler ThirdPersonCharacter2D] Warning [0010.34] Compile of ThirdPersonCharacter2D successful, but with 4 Warning(s) [in 202 ms]
[2016.01.05-00.37.45:184][  0]LogBlueprint:Warning: [compiler ThirdPersonCharacter2D] Warning [0010.34] Compile of ThirdPersonCharacter2D successful, but with 5 Warning(s) [in 1 ms]
[2016.01.05-00.37.45:184][  0]LogBlueprint:Warning: [compiler ThirdPersonCharacter2D] Warning [0010.34] Compile of ThirdPersonCharacter2D successful, but with 6 Warning(s) [in 0 ms]
[2016.01.05-00.37.45:190][  0]LogBlueprint:Warning: [compiler FreeMovementLocator] Warning 'Third Person Character 2D' does not inherit from 'Player Controller' ( Cast To ThirdPersonCharacter2D  would always fail).
[2016.01.05-00.37.45:191][  0]LogBlueprint:Warning: [compiler FreeMovementLocator] Warning [0010.35] Compile of FreeMovementLocator successful, but with 1 Warning(s) [in 4 ms]
[2016.01.05-00.37.45:192][  0]LogBlueprint:Warning: [compiler FreeMovementLocator] Warning [0010.35] Compile of FreeMovementLocator successful, but with 2 Warning(s) [in 0 ms]
[2016.01.05-00.37.45:196][  0]LogBlueprint:Warning: [compiler FreeMovementLocator] Warning [0010.36] Compile of FreeMovementLocator successful, but with 3 Warning(s) [in 4 ms]
[2016.01.05-00.37.45:275][  0]LogBlueprint:Warning: [compiler BasicKnife] Warning  Make HitResult  has no property tagged as BlueprintReadWrite. The node will be removed in a future release.
[2016.01.05-00.37.45:279][  0]LogBlueprint:Warning: [compiler BasicKnife] Warning [0010.44] Compile of BasicKnife successful, but with 1 Warning(s) [in 22 ms]
[2016.01.05-00.37.45:279][  0]LogBlueprint:Warning: [compiler BasicKnife] Warning [0010.44] Compile of BasicKnife successful, but with 2 Warning(s) [in 0 ms]
[2016.01.05-00.37.45:283][  0]LogBlueprint:Warning: [compiler BasicKnife] Warning [0010.44] Compile of BasicKnife successful, but with 3 Warning(s) [in 3 ms]
[2016.01.05-00.37.45:313][  0]LogBlueprint:Warning: [compiler AbilityMenu] Warning 'ReturnValue' is already a 'Listed Item', you don't need  Cast To ListedItem .
[2016.01.05-00.37.45:313][  0]LogBlueprint:Warning: [compiler AbilityMenu] Warning 'ReturnValue' is already a 'Listed Item', you don't need  Cast To ListedItem .
[2016.01.05-00.37.45:317][  0]LogBlueprint:Warning: [compiler AbilityMenu] Warning [0010.48] Compile of AbilityMenu successful, but with 2 Warning(s) [in 26 ms]
[2016.01.05-00.37.45:317][  0]LogBlueprint:Warning: [compiler AbilityMenu] Warning [0010.48] Compile of AbilityMenu successful, but with 3 Warning(s) [in 0 ms]
[2016.01.05-00.37.45:323][  0]LogBlueprint:Warning: [compiler AbilityMenu] Warning [0010.48] Compile of AbilityMenu successful, but with 4 Warning(s) [in 5 ms]
[2016.01.05-00.37.45:355][  0]LogBlueprint:Warning: [compiler TimeMeter] Warning 'ReturnValue' is already a 'Knife Represent', you don't need  Cast To KnifeRepresent .
[2016.01.05-00.37.45:359][  0]LogBlueprint:Warning: [compiler TimeMeter] Warning [0010.52] Compile of TimeMeter successful, but with 1 Warning(s) [in 15 ms]
[2016.01.05-00.37.45:359][  0]LogBlueprint:Warning: [compiler TimeMeter] Warning [0010.52] Compile of TimeMeter successful, but with 2 Warning(s) [in 0 ms]
[2016.01.05-00.37.45:365][  0]LogBlueprint:Warning: [compiler TimeMeter] Warning [0010.53] Compile of TimeMeter successful, but with 3 Warning(s) [in 5 ms]
[2016.01.05-00.37.45:460][  0]LogBlueprint:Warning: [compiler ThirdPersonCharacter] Warning 'AbilitiesMenu' is already a 'Ability Menu', you don't need  Cast To AbilityMenu .
[2016.01.05-00.37.45:462][  0]LogBlueprint:Warning: [compiler ThirdPersonCharacter] Warning 'PointerClass' is already a 'Pointer', you don't need  Cast To Pointer .
[2016.01.05-00.37.45:464][  0]LogBlueprint:Warning: [compiler ThirdPersonCharacter] Warning No value will be returned by reference. Parameter 'EndTime'. Node:  (none) 
[2016.01.05-00.37.45:475][  0]LogBlueprint:Warning: [compiler ThirdPersonCharacter] Warning 'SecondPointer' is already a 'Pointer 2', you don't need  Cast To Pointer2 .
[2016.01.05-00.37.45:493][  0]LogBlueprint:Warning: [compiler ThirdPersonCharacter] Warning [0010.65] Compile of ThirdPersonCharacter successful, but with 4 Warning(s) [in 109 ms]
[2016.01.05-00.37.45:493][  0]LogBlueprint:Warning: [compiler ThirdPersonCharacter] Warning [0010.65] Compile of ThirdPersonCharacter successful, but with 5 Warning(s) [in 0 ms]
[2016.01.05-00.37.45:494][  0]LogBlueprint:Warning: [compiler ThirdPersonCharacter] Warning [0010.65] Compile of ThirdPersonCharacter successful, but with 6 Warning(s) [in 0 ms]
[2016.01.05-00.37.45:628][  0]LogBlueprint:Warning: [compiler ThirdPersonCharacter2D] Warning No value will be returned by reference. Parameter 'EndTime'. Node:  (none) 
[2016.01.05-00.37.45:645][  0]LogBlueprint:Warning: [compiler ThirdPersonCharacter2D] Warning 'AbilitiesMenu' is already a 'Ability Menu', you don't need  Cast To AbilityMenu .
[2016.01.05-00.37.45:645][  0]LogBlueprint:Warning: [compiler ThirdPersonCharacter2D] Warning 'ReturnValue' is already a 'Knife', you don't need  Cast To Knife .
[2016.01.05-00.37.45:653][  0]LogBlueprint:Warning: [compiler ThirdPersonCharacter2D] Warning 'SecondPointer' is already a 'Pointer 2', you don't need  Cast To Pointer2 .
[2016.01.05-00.37.45:730][  0]LogBlueprint:Warning: [compiler ThirdPersonCharacter2D] Warning [0010.89] Compile of ThirdPersonCharacter2D successful, but with 4 Warning(s) [in 187 ms]
[2016.01.05-00.37.45:730][  0]LogBlueprint:Warning: [compiler ThirdPersonCharacter2D] Warning [0010.89] Compile of ThirdPersonCharacter2D successful, but with 5 Warning(s) [in 0 ms]
[2016.01.05-00.37.45:731][  0]LogBlueprint:Warning: [compiler ThirdPersonCharacter2D] Warning [0010.89] Compile of ThirdPersonCharacter2D successful, but with 6 Warning(s) [in 1 ms]
[2016.01.05-00.37.46:925][  0]LogAIModule: Creating AISystem for world EnemyArena
[2016.01.05-00.37.46:931][  0]LogEditorServer: Finished looking for orphan Actors (0.000 secs)
[2016.01.05-00.37.46:932][  0]Cmd: MAP CHECKDEP NOCLEARLOG
[2016.01.05-00.37.47:044][  0]MapCheck: Info Map check complete: 0 Error(s), 0 Warning(s), took 112.596ms to complete.
[2016.01.05-00.37.47:044][  0]LogFileHelpers: Loading map 'EnemyArena' took 3.985
[2016.01.05-00.37.47:184][  0]LogCollectionManager: Loaded 0 collections in 0.003065 seconds
[2016.01.05-00.37.47:220][  0]LogFileCache: Scanning file cache for directory 'C:/Users/Matt/Documents/GitHub/P3NGUIN/P3NGUIN/MyProject19/Saved/Collections/' took 0.01s
[2016.01.05-00.37.47:220][  0]LogFileCache: Scanning file cache for directory 'C:/Users/Matt/Documents/GitHub/P3NGUIN/P3NGUIN/MyProject19/Content/Developers/Matt/Collections/' took 0.00s
[2016.01.05-00.37.47:220][  0]LogFileCache: Scanning file cache for directory 'C:/Users/Matt/Documents/GitHub/P3NGUIN/P3NGUIN/MyProject19/Content/Collections/' took 0.01s
[2016.01.05-00.37.47:220][  0]LogCollectionManager: Rebuilt the GUID cache for 0 collections in 0.000002 seconds
[2016.01.05-00.37.47:228][  0]LogContentBrowser: Native class hierarchy populated in 0.0080 seconds. Added 1893 classes and 338 folders.
[2016.01.05-00.37.47:238][  0]LogContentBrowser: Native class hierarchy updated for 'WidgetCarousel' in 0.0007 seconds. Added 0 classes and 0 folders.
[2016.01.05-00.37.47:305][  0]LogContentBrowser: Native class hierarchy updated for 'AddContentDialog' in 0.0005 seconds. Added 0 classes and 0 folders.
[2016.01.05-00.37.47:310][  0]LogContentBrowser: Native class hierarchy updated for 'SceneOutliner' in 0.0005 seconds. Added 1 classes and 2 folders.
[2016.01.05-00.37.47:333][  0]LogContentBrowser: Native class hierarchy updated for 'WorldBrowser' in 0.0005 seconds. Added 1 classes and 3 folders.
[2016.01.05-00.37.47:339][  0]LogCrashTracker: Crashtracker disabled due to settings.
[2016.01.05-00.37.47:342][  0]LogUObjectGlobals:Warning: Failed to find object 'Class None.'
[2016.01.05-00.37.47:366][  0]LogLoad: Full Startup: 12.53 seconds (BP compile: 1.50 seconds)
[2016.01.05-00.37.47:714][  0]LogOcInput: Can't find Oculus library dev build: is proper Runtime installed? Version: 0.8.0.0
[2016.01.05-00.37.47:774][  0]LogContentStreaming: Texture pool size now 1000 MB
[2016.01.05-00.37.47:928][  0]LogRenderer: Reallocating scene render targets to support 828x516 (Frame:2).
[2016.01.05-00.37.50:866][  9]LogAssetRegistry: Asset discovery search completed in 9.1684 seconds
[2016.01.05-00.37.50:866][  9]LogCollectionManager: Rebuilt the object cache for 0 collections in 0.000001 seconds (found 0 objects)
[2016.01.05-00.37.50:866][  9]LogCollectionManager: Fixed up redirectors for 0 collections in 0.000022 seconds (updated 0 objects)
[2016.01.05-00.38.18:884][912]LogActorComponent: UnregisterComponent: (/Engine/Transient.CharMoveComp) Not registered. Aborting.
[2016.01.05-00.38.18:884][912]LogActorComponent: UnregisterComponent: (/Engine/Transient.ProjectileMovement_GEN_VARIABLE) Not registered. Aborting.
[2016.01.05-00.38.18:884][912]LogActorComponent: UnregisterComponent: (/Engine/Transient.ProjectileMovementComponent_0) Not registered. Aborting.
[2016.01.05-00.38.18:884][912]LogActorComponent: UnregisterComponent: (/Engine/Transient.ProjectileMovementComponent_1) Not registered. Aborting.
[2016.01.05-00.38.18:884][912]LogActorComponent: UnregisterComponent: (/Engine/Transient.CharacterMovementComponent_0) Not registered. Aborting.
[2016.01.05-00.38.18:979][912]Cmd: MAP LOAD FILE="../../../../../../Users/Matt/Documents/GitHub/P3NGUIN/P3NGUIN/MyProject19/Content/Maps/SewerPenguinWall_Blockout.umap" TEMPLATE=0 SHOWPROGRESS=1 FEATURELEVEL=3
[2016.01.05-00.38.18:993][912]LightingResults: New page: Lighting Build
[2016.01.05-00.38.19:021][912]LoadErrors: New page: Loading map: SewerPenguinWall_Blockout.umap
[2016.01.05-00.38.19:022][912]MapCheck: New page: Map Check
[2016.01.05-00.38.19:022][912]LightingResults: New page: Lighting Build
[2016.01.05-00.38.19:039][912]LogParticles: Destroying 0 GPU particle simulations for FXSystem 0x000000002715FBA0
[2016.01.05-00.38.19:184][912]LogAIModule: Creating AISystem for world SewerPenguinWall_Blockout
[2016.01.05-00.38.19:195][912]LogEditorServer: Finished looking for orphan Actors (0.000 secs)
[2016.01.05-00.38.19:286][912]Cmd: MAP CHECKDEP NOCLEARLOG
[2016.01.05-00.38.19:385][912]MapCheck: Info Map check complete: 0 Error(s), 0 Warning(s), took 98.82ms to complete.
[2016.01.05-00.38.19:385][912]LogFileHelpers: Loading map 'SewerPenguinWall_Blockout' took 0.407
[2016.01.05-01.15.32:099][949]LogEditorViewport: Clicking on Actor (LMB): TextRenderActor (TextRenderActor33)
[2016.01.05-01.15.36:384][428]LogEditorViewport: Clicking Background
[2016.01.05-01.16.43:252][ 81]Cmd: SELECT NONE
[2016.01.05-03.16.20:394][520]LogActorComponent: UnregisterComponent: (/Engine/Transient.ProjectileMovement_GEN_VARIABLE) Not registered. Aborting.
[2016.01.05-03.16.20:394][520]LogActorComponent: UnregisterComponent: (/Engine/Transient.CharMoveComp) Not registered. Aborting.
[2016.01.05-03.16.20:395][520]LogActorComponent: UnregisterComponent: (/Engine/Transient.ProjectileMovementComponent_2) Not registered. Aborting.
[2016.01.05-03.16.20:395][520]LogActorComponent: UnregisterComponent: (/Engine/Transient.ProjectileMovementComponent_3) Not registered. Aborting.
[2016.01.05-03.16.20:395][520]LogActorComponent: UnregisterComponent: (/Engine/Transient.CharacterMovementComponent_1) Not registered. Aborting.
[2016.01.05-03.16.20:826][521]Cmd: QUIT_EDITOR
[2016.01.05-03.16.20:981][521]LogExit: Preparing to exit.
[2016.01.05-03.16.21:349][521]LogExit: Editor shut down
[2016.01.05-03.16.21:349][521]LogExit: Transaction tracking system shut down
[2016.01.05-03.16.21:355][521]LogParticles: Destroying 0 GPU particle simulations for FXSystem 0x000000002618C0E0
[2016.01.05-03.16.21:507][521]LogParticles: Destroying 0 GPU particle simulations for FXSystem 0x000000001B61D4E0
[2016.01.05-03.16.21:507][521]LogParticles: Destroying 0 GPU particle simulations for FXSystem 0x000000002C441260
[2016.01.05-03.16.21:507][521]LogParticles: Destroying 0 GPU particle simulations for FXSystem 0x000000002C9BEA20
[2016.01.05-03.16.21:507][521]LogParticles: Destroying 0 GPU particle simulations for FXSystem 0x000000002C9BED40
[2016.01.05-03.16.21:507][521]LogExit: Object subsystem successfully closed.
[2016.01.05-03.16.21:516][521]LogD3D11RHI: Shutdown
[2016.01.05-03.16.21:516][521]LogD3D11RHI: CleanupD3DDevice
[2016.01.05-03.16.21:550][521]LogD3D11RHI: ~FD3D11DynamicRHI
[2016.01.05-03.16.21:641][521]LogModuleManager: Shutting down and abandoning module CrashTracker (199)
[2016.01.05-03.16.21:641][521]LogModuleManager: Shutting down and abandoning module WorldBrowser (198)
[2016.01.05-03.16.21:641][521]LogModuleManager: Shutting down and abandoning module SceneOutliner (197)
[2016.01.05-03.16.21:641][521]LogModuleManager: Shutting down and abandoning module SuperSearch (196)
[2016.01.05-03.16.21:641][521]LogModuleManager: Shutting down and abandoning module WidgetCarousel (195)
[2016.01.05-03.16.21:641][521]LogModuleManager: Shutting down and abandoning module AddContentDialog (194)
[2016.01.05-03.16.21:643][521]LogModuleManager: Shutting down and abandoning module EditorWidgets (193)
[2016.01.05-03.16.21:643][521]LogModuleManager: Shutting down and abandoning module CollectionManager (192)
[2016.01.05-03.16.21:643][521]LogModuleManager: Shutting down and abandoning module StatsViewer (191)
[2016.01.05-03.16.21:643][521]LogModuleManager: Shutting down and abandoning module FoliageEdit (190)
[2016.01.05-03.16.21:643][521]LogModuleManager: Shutting down and abandoning module LandscapeEditor (189)
[2016.01.05-03.16.21:643][521]LogModuleManager: Shutting down and abandoning module ActorPickerMode (188)
[2016.01.05-03.16.21:643][521]LogModuleManager: Shutting down and abandoning module GeometryMode (187)
[2016.01.05-03.16.21:643][521]LogModuleManager: Shutting down and abandoning module TextureAlignMode (186)
[2016.01.05-03.16.21:643][521]LogModuleManager: Shutting down and abandoning module BspMode (185)
[2016.01.05-03.16.21:643][521]LogModuleManager: Shutting down and abandoning module PlacementMode (184)
[2016.01.05-03.16.21:643][521]LogModuleManager: Shutting down and abandoning module AutomationWorker (183)
[2016.01.05-03.16.21:643][521]LogModuleManager: Shutting down and abandoning module CharacterAI (182)
[2016.01.05-03.16.21:643][521]LogModuleManager: Shutting down and abandoning module SmartSnapping (181)
[2016.01.05-03.16.21:643][521]LogModuleManager: Shutting down and abandoning module ViewportSnapping (180)
[2016.01.05-03.16.21:643][521]LogModuleManager: Shutting down and abandoning module LogVisualizer (179)
[2016.01.05-03.16.21:643][521]LogModuleManager: Shutting down and abandoning module GameProjectGeneration (178)
[2016.01.05-03.16.21:643][521]LogModuleManager: Shutting down and abandoning module IntroTutorials (177)
[2016.01.05-03.16.21:643][521]LogModuleManager: Shutting down and abandoning module EditorLiveStreaming (176)
[2016.01.05-03.16.21:643][521]LogModuleManager: Shutting down and abandoning module IOSPlatformEditor (175)
[2016.01.05-03.16.21:643][521]LogModuleManager: Shutting down and abandoning module HTML5PlatformEditor (174)
[2016.01.05-03.16.21:643][521]LogModuleManager: Shutting down and abandoning module AndroidDeviceDetection (173)
[2016.01.05-03.16.22:408][521]LogModuleManager: Shutting down and abandoning module AndroidPlatformEditor (172)
[2016.01.05-03.16.22:408][521]LogModuleManager: Shutting down and abandoning module IOSRuntimeSettings (171)
[2016.01.05-03.16.22:408][521]LogModuleManager: Shutting down and abandoning module AndroidRuntimeSettings (170)
[2016.01.05-03.16.22:408][521]LogModuleManager: Shutting down and abandoning module MergeActors (169)
[2016.01.05-03.16.22:408][521]LogModuleManager: Shutting down and abandoning module SizeMap (168)
[2016.01.05-03.16.22:408][521]LogModuleManager: Shutting down and abandoning module TreeMap (167)
[2016.01.05-03.16.22:408][521]LogModuleManager: Shutting down and abandoning module ReferenceViewer (166)
[2016.01.05-03.16.22:408][521]LogModuleManager: Shutting down and abandoning module LocalizationService (165)
[2016.01.05-03.16.22:408][521]LogModuleManager: Shutting down and abandoning module LocalizationDashboard (164)
[2016.01.05-03.16.22:408][521]LogModuleManager: Shutting down and abandoning module HardwareTargeting (163)
[2016.01.05-03.16.22:408][521]LogModuleManager: Shutting down and abandoning module DeviceProfileEditor (162)
[2016.01.05-03.16.22:408][521]LogModuleManager: Shutting down and abandoning module UndoHistory (161)
[2016.01.05-03.16.22:408][521]LogModuleManager: Shutting down and abandoning module GameplayTagsEditor (160)
[2016.01.05-03.16.22:408][521]LogModuleManager: Shutting down and abandoning module UserFeedback (159)
[2016.01.05-03.16.22:408][521]LogModuleManager: Shutting down and abandoning module XmlParser (158)
[2016.01.05-03.16.22:408][521]LogModuleManager: Shutting down and abandoning module Blutility (157)
[2016.01.05-03.16.22:408][521]LogModuleManager: Shutting down and abandoning module ProjectTargetPlatformEditor (156)
[2016.01.05-03.16.22:408][521]LogModuleManager: Shutting down and abandoning module ProjectSettingsViewer (155)
[2016.01.05-03.16.22:408][521]LogModuleManager: Shutting down and abandoning module InputBindingEditor (154)
[2016.01.05-03.16.22:408][521]LogModuleManager: Shutting down and abandoning module EditorSettingsViewer (153)
[2016.01.05-03.16.22:408][521]LogModuleManager: Shutting down and abandoning module SettingsEditor (152)
[2016.01.05-03.16.22:408][521]LogModuleManager: Shutting down and abandoning module ProjectLauncher (151)
[2016.01.05-03.16.22:408][521]LogModuleManager: Shutting down and abandoning module SessionFrontend (150)
[2016.01.05-03.16.22:408][521]LogModuleManager: Shutting down and abandoning module ProfilerClient (149)
[2016.01.05-03.16.22:408][521]LogModuleManager: Shutting down and abandoning module TargetDeviceServices (148)
[2016.01.05-03.16.22:409][521]LogModuleManager: Shutting down and abandoning module DeviceManager (147)
[2016.01.05-03.16.22:409][521]LogModuleManager: Shutting down and abandoning module AutomationController (146)
[2016.01.05-03.16.22:409][521]LogModuleManager: Shutting down and abandoning module AutomationWindow (145)
[2016.01.05-03.16.22:409][521]LogModuleManager: Shutting down and abandoning module Layers (144)
[2016.01.05-03.16.22:409][521]LogModuleManager: Shutting down and abandoning module ComponentVisualizers (143)
[2016.01.05-03.16.22:409][521]LogModuleManager: Shutting down and abandoning module DetailCustomizations (142)
[2016.01.05-03.16.22:409][521]LogModuleManager: Shutting down and abandoning module PackagesDialog (141)
[2016.01.05-03.16.22:409][521]LogModuleManager: Shutting down and abandoning module Persona (140)
[2016.01.05-03.16.22:409][521]LogModuleManager: Shutting down and abandoning module Kismet (139)
[2016.01.05-03.16.22:409][521]LogModuleManager: Shutting down and abandoning module GraphEditor (138)
[2016.01.05-03.16.22:409][521]LogModuleManager: Shutting down and abandoning module ClassViewer (137)
[2016.01.05-03.16.22:409][521]LogModuleManager: Shutting down and abandoning module Toolbox (136)
[2016.01.05-03.16.22:409][521]LogModuleManager: Shutting down and abandoning module ModuleUI (135)
[2016.01.05-03.16.22:409][521]LogModuleManager: Shutting down and abandoning module MovieSceneTools (134)
[2016.01.05-03.16.22:409][521]LogModuleManager: Shutting down and abandoning module OutputLog (133)
[2016.01.05-03.16.22:409][521]LogModuleManager: Shutting down and abandoning module GammaUI (132)
[2016.01.05-03.16.22:409][521]LogModuleManager: Shutting down and abandoning module Documentation (131)
[2016.01.05-03.16.22:409][521]LogModuleManager: Shutting down and abandoning module GameLiveStreaming (130)
[2016.01.05-03.16.22:409][521]LogModuleManager: Shutting down and abandoning module StreamingPauseRendering (129)
[2016.01.05-03.16.22:409][521]LogModuleManager: Shutting down and abandoning module AnalyticsET (128)
[2016.01.05-03.16.22:409][521]LogModuleManager: Shutting down and abandoning module Analytics (127)
[2016.01.05-03.16.22:409][521]LogModuleManager: Shutting down and abandoning module AITestSuite (126)
[2016.01.05-03.16.22:409][521]LogModuleManager: Shutting down and abandoning module GameplayDebugger (125)
[2016.01.05-03.16.22:409][521]LogModuleManager: Shutting down and abandoning module AIModule (124)
[2016.01.05-03.16.22:409][521]LogModuleManager: Shutting down and abandoning module ProfilerService (123)
[2016.01.05-03.16.22:486][521]LogModuleManager: Shutting down and abandoning module TaskGraph (122)
[2016.01.05-03.16.22:486][521]LogModuleManager: Shutting down and abandoning module SlateRemote (121)
[2016.01.05-03.16.22:486][521]LogModuleManager: Shutting down and abandoning module SteamVRController (120)
[2016.01.05-03.16.22:486][521]LogModuleManager: Shutting down and abandoning module SteamVR (119)
[2016.01.05-03.16.22:486][521]LogModuleManager: Shutting down and abandoning module ProceduralMeshComponent (118)
[2016.01.05-03.16.22:486][521]LogModuleManager: Shutting down and abandoning module OculusLibrary (117)
[2016.01.05-03.16.22:486][521]LogModuleManager: Shutting down and abandoning module OculusInput (116)
[2016.01.05-03.16.22:486][521]LogModuleManager: Shutting down and abandoning module LeapMotionController (115)
[2016.01.05-03.16.22:497][521]LogModuleManager: Shutting down and abandoning module CustomMeshComponent (114)
[2016.01.05-03.16.22:498][521]LogModuleManager: Shutting down and abandoning module CableComponent (113)
[2016.01.05-03.16.22:498][521]LogModuleManager: Shutting down and abandoning module ArchVisCharacter (112)
[2016.01.05-03.16.22:498][521]LogModuleManager: Shutting down and abandoning module MessagingDebugger (111)
[2016.01.05-03.16.22:498][521]LogModuleManager: Shutting down and abandoning module MediaPlayerEditor (110)
[2016.01.05-03.16.22:498][521]LogModuleManager: Shutting down and abandoning module HTML5Networking (109)
[2016.01.05-03.16.22:498][521]LogModuleManager: Shutting down and abandoning module SpeedTreeImporter (108)
[2016.01.05-03.16.22:498][521]LogModuleManager: Shutting down and abandoning module PluginBrowser (107)
[2016.01.05-03.16.22:498][521]LogModuleManager: Shutting down and abandoning module EpicSurvey (106)
[2016.01.05-03.16.22:498][521]LogModuleManager: Shutting down and abandoning module DesktopPlatform (105)
[2016.01.05-03.16.22:498][521]LogModuleManager: Shutting down and abandoning module VisualStudioSourceCodeAccess (104)
[2016.01.05-03.16.22:498][521]LogModuleManager: Shutting down and abandoning module UObjectPlugin (103)
[2016.01.05-03.16.22:498][521]LogModuleManager: Shutting down and abandoning module SubversionSourceControl (102)
[2016.01.05-03.16.22:498][521]LogModuleManager: Shutting down and abandoning module PerforceSourceControl (101)
[2016.01.05-03.16.22:498][521]LogModuleManager: Shutting down and abandoning module SourceControl (100)
[2016.01.05-03.16.22:498][521]LogModuleManager: Shutting down and abandoning module GitSourceControl (99)
[2016.01.05-03.16.22:498][521]LogModuleManager: Shutting down and abandoning module LightPropagationVolumeEditor (98)
[2016.01.05-03.16.22:498][521]LogModuleManager: Shutting down and abandoning module PaperTiledImporter (97)
[2016.01.05-03.16.22:498][521]LogModuleManager: Shutting down and abandoning module PaperSpriteSheetImporter (96)
[2016.01.05-03.16.22:498][521]LogModuleManager: Shutting down and abandoning module MeshPaint (95)
[2016.01.05-03.16.22:498][521]LogModuleManager: Shutting down and abandoning module SlateReflector (94)
[2016.01.05-03.16.22:498][521]LogModuleManager: Shutting down and abandoning module HotReload (93)
[2016.01.05-03.16.22:498][521]LogModuleManager: Shutting down and abandoning module MainFrame (92)
[2016.01.05-03.16.22:498][521]LogModuleManager: Shutting down and abandoning module LevelEditor (91)
[2016.01.05-03.16.22:499][521]LogModuleManager: Shutting down and abandoning module DirectoryWatcher (90)
[2016.01.05-03.16.22:499][521]LogModuleManager: Shutting down and abandoning module AssetRegistry (89)
[2016.01.05-03.16.22:593][521]LogModuleManager: Shutting down and abandoning module ContentBrowser (88)
[2016.01.05-03.16.22:594][521]LogModuleManager: Shutting down and abandoning module Paper2DEditor (87)
[2016.01.05-03.16.22:594][521]LogModuleManager: Shutting down and abandoning module UdpMessaging (86)
[2016.01.05-03.16.22:694][521]LogModuleManager: Shutting down and abandoning module LightPropagationVolumeRuntime (85)
[2016.01.05-03.16.22:694][521]LogModuleManager: Shutting down and abandoning module Paper2D (84)
[2016.01.05-03.16.22:694][521]LogModuleManager: Shutting down and abandoning module WindowsMoviePlayer (83)
[2016.01.05-03.16.22:697][521]LogModuleManager: Shutting down and abandoning module Media (82)
[2016.01.05-03.16.22:697][521]LogModuleManager: Shutting down and abandoning module WmfMedia (81)
[2016.01.05-03.16.22:697][521]LogModuleManager: Shutting down and abandoning module OnlineBlueprintSupport (80)
[2016.01.05-03.16.22:697][521]LogModuleManager: Shutting down and abandoning module GameplayTasksEditor (79)
[2016.01.05-03.16.22:697][521]LogModuleManager: Shutting down and abandoning module PropertyEditor (78)
[2016.01.05-03.16.22:697][521]LogModuleManager: Shutting down and abandoning module BehaviorTreeEditor (77)
[2016.01.05-03.16.22:697][521]LogModuleManager: Shutting down and abandoning module FunctionalTesting (76)
[2016.01.05-03.16.22:697][521]LogModuleManager: Shutting down and abandoning module CollisionAnalyzer (75)
[2016.01.05-03.16.22:697][521]LogModuleManager: Shutting down and abandoning module WorkspaceMenuStructure (74)
[2016.01.05-03.16.22:698][521]LogModuleManager: Shutting down and abandoning module MessageLog (73)
[2016.01.05-03.16.22:698][521]LogModuleManager: Shutting down and abandoning module Sequencer (72)
[2016.01.05-03.16.22:698][521]LogModuleManager: Shutting down and abandoning module AssetTools (71)
[2016.01.05-03.16.22:698][521]LogModuleManager: Shutting down and abandoning module UMGEditor (70)
[2016.01.05-03.16.22:698][521]LogModuleManager: Shutting down and abandoning module UMG (69)
[2016.01.05-03.16.22:698][521]LogModuleManager: Shutting down and abandoning module Slate (68)
[2016.01.05-03.16.22:698][521]LogModuleManager: Shutting down and abandoning module EditorStyle (67)
[2016.01.05-03.16.22:705][521]LogModuleManager: Shutting down and abandoning module SessionServices (66)
[2016.01.05-03.16.22:705][521]LogModuleManager: Shutting down and abandoning module SourceCodeAccess (65)
[2016.01.05-03.16.22:705][521]LogModuleManager: Shutting down and abandoning module HeadMountedDisplay (64)
[2016.01.05-03.16.22:705][521]LogModuleManager: Shutting down and abandoning module XAudio2 (63)
[2016.01.05-03.16.22:705][521]LogModuleManager: Shutting down and abandoning module Networking (61)
[2016.01.05-03.16.22:705][521]LogModuleManager: Shutting down and abandoning module Core (60)
[2016.01.05-03.16.22:705][521]LogModuleManager: Shutting down and abandoning module KismetCompiler (59)
[2016.01.05-03.16.22:705][521]LogModuleManager: Shutting down and abandoning module PhysXFormats (58)
[2016.01.05-03.16.22:705][521]LogModuleManager: Shutting down and abandoning module MeshUtilities (57)
[2016.01.05-03.16.22:705][521]LogModuleManager: Shutting down and abandoning module DerivedDataCache (56)
[2016.01.05-03.16.22:733][521]LogDerivedDataCache: Shutdown
[2016.01.05-03.16.22:733][521]LogModuleManager: Shutting down and abandoning module ShaderFormatOpenGL (55)
[2016.01.05-03.16.22:733][521]LogModuleManager: Shutting down and abandoning module ShaderFormatD3D (54)
[2016.01.05-03.16.22:733][521]LogModuleManager: Shutting down and abandoning module MetalShaderFormat (53)
[2016.01.05-03.16.22:733][521]LogModuleManager: Shutting down and abandoning module TextureFormatUncompressed (52)
[2016.01.05-03.16.22:733][521]LogModuleManager: Shutting down and abandoning module TextureFormatPVR (51)
[2016.01.05-03.16.22:733][521]LogModuleManager: Shutting down and abandoning module TextureFormatIntelISPCTexComp (50)
[2016.01.05-03.16.22:733][521]LogModuleManager: Shutting down and abandoning module TextureFormatDXT (49)
[2016.01.05-03.16.22:733][521]LogModuleManager: Shutting down and abandoning module ImageWrapper (48)
[2016.01.05-03.16.22:733][521]LogModuleManager: Shutting down and abandoning module TextureFormatASTC (47)
[2016.01.05-03.16.22:733][521]LogModuleManager: Shutting down and abandoning module TextureFormatAndroid (46)
[2016.01.05-03.16.22:733][521]LogModuleManager: Shutting down and abandoning module AudioFormatOpus (45)
[2016.01.05-03.16.22:733][521]LogModuleManager: Shutting down and abandoning module AudioFormatOgg (44)
[2016.01.05-03.16.22:733][521]LogModuleManager: Shutting down and abandoning module AudioFormatADPCM (43)
[2016.01.05-03.16.22:733][521]LogModuleManager: Shutting down and abandoning module LinuxTargetPlatform (42)
[2016.01.05-03.16.22:733][521]LogModuleManager: Shutting down and abandoning module LinuxServerTargetPlatform (41)
[2016.01.05-03.16.22:733][521]LogModuleManager: Shutting down and abandoning module LinuxNoEditorTargetPlatform (40)
[2016.01.05-03.16.22:733][521]LogModuleManager: Shutting down and abandoning module Messaging (39)
[2016.01.05-03.16.22:733][521]LogModuleManager: Shutting down and abandoning module IOSTargetPlatform (38)
[2016.01.05-03.16.22:733][521]LogModuleManager: Shutting down and abandoning module HTML5TargetPlatform (37)
[2016.01.05-03.16.22:733][521]LogModuleManager: Shutting down and abandoning module Android_PVRTCTargetPlatform (36)
[2016.01.05-03.16.22:733][521]LogModuleManager: Shutting down and abandoning module Android_MultiTargetPlatform (35)
[2016.01.05-03.16.22:733][521]LogModuleManager: Shutting down and abandoning module Android_ETC2TargetPlatform (34)
[2016.01.05-03.16.22:733][521]LogModuleManager: Shutting down and abandoning module Android_ETC1TargetPlatform (33)
[2016.01.05-03.16.22:733][521]LogModuleManager: Shutting down and abandoning module Android_DXTTargetPlatform (32)
[2016.01.05-03.16.22:733][521]LogModuleManager: Shutting down and abandoning module Android_ATCTargetPlatform (31)
[2016.01.05-03.16.22:733][521]LogModuleManager: Shutting down and abandoning module Android_ASTCTargetPlatform (30)
[2016.01.05-03.16.22:733][521]LogModuleManager: Shutting down and abandoning module AndroidTargetPlatform (29)
[2016.01.05-03.16.22:733][521]LogModuleManager: Shutting down and abandoning module WindowsTargetPlatform (28)
[2016.01.05-03.16.22:733][521]LogModuleManager: Shutting down and abandoning module WindowsServerTargetPlatform (27)
[2016.01.05-03.16.22:733][521]LogModuleManager: Shutting down and abandoning module WindowsNoEditorTargetPlatform (26)
[2016.01.05-03.16.22:733][521]LogModuleManager: Shutting down and abandoning module WindowsClientTargetPlatform (25)
[2016.01.05-03.16.22:733][521]LogModuleManager: Shutting down and abandoning module AllDesktopTargetPlatform (24)
[2016.01.05-03.16.22:733][521]LogModuleManager: Shutting down and abandoning module TargetPlatform (23)
[2016.01.05-03.16.22:734][521]LogModuleManager: Shutting down and abandoning module InputCore (22)
[2016.01.05-03.16.22:734][521]LogModuleManager: Shutting down and abandoning module Settings (21)
[2016.01.05-03.16.22:734][521]LogModuleManager: Shutting down and abandoning module OnlineSubsystem (19)
[2016.01.05-03.16.22:734][521]LogModuleManager: Shutting down and abandoning module HTTP (18)
[2016.01.05-03.16.24:734][521]LogModuleManager: Shutting down and abandoning module XMPP (17)
[2016.01.05-03.16.24:734][521]LogModuleManager: Shutting down and abandoning module OculusRift (16)
[2016.01.05-03.16.24:734][521]LogModuleManager: Shutting down and abandoning module ExampleDeviceProfileSelector (15)
[2016.01.05-03.16.24:734][521]LogModuleManager: Shutting down and abandoning module TextureCompressor (14)
[2016.01.05-03.16.24:734][521]LogModuleManager: Shutting down and abandoning module ShaderCore (13)
[2016.01.05-03.16.24:734][521]LogModuleManager: Shutting down and abandoning module Landscape (12)
[2016.01.05-03.16.24:734][521]LogModuleManager: Shutting down and abandoning module SlateRHIRenderer (11)
[2016.01.05-03.16.24:735][521]LogModuleManager: Shutting down and abandoning module OpenGLDrv (10)
[2016.01.05-03.16.24:735][521]LogModuleManager: Shutting down and abandoning module D3D11RHI (9)
[2016.01.05-03.16.24:735][521]LogModuleManager: Shutting down and abandoning module AnimGraphRuntime (8)
[2016.01.05-03.16.24:735][521]LogModuleManager: Shutting down and abandoning module Renderer (7)
[2016.01.05-03.16.24:735][521]LogModuleManager: Shutting down and abandoning module Engine (6)
[2016.01.05-03.16.24:735][521]LogModuleManager: Shutting down and abandoning module CoreUObject (5)
[2016.01.05-03.16.24:735][521]LogModuleManager: Shutting down and abandoning module NetworkFile (4)
[2016.01.05-03.16.24:735][521]LogModuleManager: Shutting down and abandoning module StreamingFile (3)
[2016.01.05-03.16.24:735][521]LogModuleManager: Shutting down and abandoning module SandboxFile (2)
[2016.01.05-03.16.24:735][521]LogModuleManager: Shutting down and abandoning module PakFile (1)
[2016.01.05-03.16.24:736][521]LogExit: Exiting.
[2016.01.05-03.16.24:738][521]Log file closed, 01/04/16 19:16:24
