[2015.12.28-01.32.09:678][  0]Log file open, 12/27/15 17:32:09
[2015.12.28-01.32.09:678][  0]LogInit:Display: Running engine for game: MyProject19
[2015.12.28-01.32.09:678][  0]LogPlatformFile: Not using cached read wrapper
[2015.12.28-01.32.09:678][  0]LogInit:Display: RandInit(1010055044) SRandInit(1010055046).
[2015.12.28-01.32.09:678][  0]LogTaskGraph: Started task graph with 4 named threads and 7 total threads.
[2015.12.28-01.32.09:678][  0]LogStats: Stats thread started at 0.087786
[2015.12.28-01.32.09:678][  0]LogInit: Version: 4.10.1-2791327+++depot+UE4-Releases+4.10
[2015.12.28-01.32.09:678][  0]LogInit: API Version: 2758231
[2015.12.28-01.32.09:678][  0]LogInit: Compiled (64-bit): Dec  4 2015 19:44:40
[2015.12.28-01.32.09:678][  0]LogInit: Compiled with Visual C++: 19.00.23026.00
[2015.12.28-01.32.09:678][  0]LogInit: Build Configuration: Development
[2015.12.28-01.32.09:678][  0]LogInit: Branch Name: ++depot+UE4-Releases+4.10
[2015.12.28-01.32.09:678][  0]LogInit: Command line:  
[2015.12.28-01.32.09:678][  0]LogInit: Base directory: C:/Program Files/Epic Games/4.10/Engine/Binaries/Win64/
[2015.12.28-01.32.09:678][  0]LogInit: Rocket: 1
[2015.12.28-01.32.09:691][  0]LogInit: Using libcurl 7.41.0
[2015.12.28-01.32.09:691][  0]LogInit:  - built for x86_64-pc-win32
[2015.12.28-01.32.09:691][  0]LogInit:  - supports SSL with WinSSL
[2015.12.28-01.32.09:691][  0]LogInit:  - other features:
[2015.12.28-01.32.09:691][  0]LogInit:      CURL_VERSION_SSL
[2015.12.28-01.32.09:691][  0]LogInit:      CURL_VERSION_IPV6
[2015.12.28-01.32.09:691][  0]LogInit:      CURL_VERSION_ASYNCHDNS
[2015.12.28-01.32.09:691][  0]LogInit:      CURL_VERSION_LARGEFILE
[2015.12.28-01.32.09:691][  0]LogInit:      CURL_VERSION_IDN
[2015.12.28-01.32.09:691][  0]LogInit:  CurlRequestOptions (configurable via config and command line):
[2015.12.28-01.32.09:691][  0]LogInit:  - bVerifyPeer = true  - Libcurl will verify peer certificate
[2015.12.28-01.32.09:691][  0]LogInit:  - bUseHttpProxy = false  - Libcurl will NOT use HTTP proxy
[2015.12.28-01.32.09:691][  0]LogInit:  - bDontReuseConnections = false  - Libcurl will reuse connections
[2015.12.28-01.32.09:691][  0]LogInit:  - CertBundlePath = nullptr  - Libcurl will use whatever was configured at build time.
[2015.12.28-01.32.09:700][  0]LogInit: Presizing for 0 objects not considered by GC, pre-allocating 0 bytes.
[2015.12.28-01.32.09:708][  0]LogInit: Object subsystem initialized
[2015.12.28-01.32.09:709][  0]LogInit: Selected Device Profile: [Windows]
[2015.12.28-01.32.09:709][  0]LogInit: Applying CVar settings loaded from the selected device profile: [Windows]
[2015.12.28-01.32.09:720][  0]LogInit: Computer: MATT-PC
[2015.12.28-01.32.09:720][  0]LogInit: User: Matt
[2015.12.28-01.32.09:720][  0]LogInit: CPU Page size=4096, Cores=4
[2015.12.28-01.32.09:720][  0]LogInit: High frequency timer resolution =3.020527 MHz
[2015.12.28-01.32.09:720][  0]LogMemory: Memory total: Physical=7.9GB (8GB approx)
[2015.12.28-01.32.09:720][  0]LogMemory: Platform Memory Stats for Windows
[2015.12.28-01.32.09:720][  0]LogMemory: Process Physical Memory: 60.33 MB used, 60.33 MB peak
[2015.12.28-01.32.09:720][  0]LogMemory: Process Virtual Memory: 60.66 MB used, 60.66 MB peak
[2015.12.28-01.32.09:720][  0]LogMemory: Physical Memory: 4988.05 MB used, 8109.12 MB total
[2015.12.28-01.32.09:720][  0]LogMemory: Virtual Memory: 354.33 MB used, 8388608.00 MB total
[2015.12.28-01.32.09:796][  0]LogTextLocalizationManager: No specific translations for ('en-US') exist, so ('en') translations will be used.
[2015.12.28-01.32.10:237][  0]LogD3D11RHI: Found D3D11 adapter 0: AMD Radeon HD 7800 Series (Feature Level 11_0)
[2015.12.28-01.32.10:237][  0]LogD3D11RHI: Adapter has 2029MB of dedicated video memory, 0MB of dedicated system memory, and 3798MB of shared system memory, 1 output[s]
[2015.12.28-01.32.10:240][  0]LogD3D11RHI: Found D3D11 adapter 1: Intel(R) HD Graphics (Feature Level 11_0)
[2015.12.28-01.32.10:240][  0]LogD3D11RHI: Adapter has 64MB of dedicated video memory, 0MB of dedicated system memory, and 1632MB of shared system memory, 0 output[s]
[2015.12.28-01.32.10:241][  0]LogD3D11RHI: Chosen D3D11 Adapter Id = 0
[2015.12.28-01.32.10:248][  0]LogD3D11RHI: !Direct3DDevice
[2015.12.28-01.32.10:248][  0]LogRHI: Texture pool is 1361 MB (70% of 1945 MB)
[2015.12.28-01.32.10:253][  0]LogD3D11RHI: Async texture creation disabled: no driver support
[2015.12.28-01.32.10:262][  0]LogShaderCompilers: Guid format shader working directory is -28 characters bigger than the processId version (../../../../../../Users/Matt/Documents/GitHub/P3NGUIN/P3NGUIN/MyProject19/Intermediate/Shaders/WorkingDirectory/5560/).
[2015.12.28-01.32.10:262][  0]LogShaderCompilers: Cleaned the shader compiler working directory 'C:/Users/Matt/AppData/Local/Temp/UnrealShaderWorkingDir/DE0286F54C71ADF5A6AEFE8F62822CA6/'.
[2015.12.28-01.32.10:262][  0]LogShaderCompilers:Display: Using Local Shader Compiler.
[2015.12.28-01.32.11:303][  0]LogTemp:Display: Loaded TP AllDesktopTargetPlatform
[2015.12.28-01.32.11:310][  0]LogTemp:Display: Loaded TP WindowsClientTargetPlatform
[2015.12.28-01.32.11:318][  0]LogTemp:Display: Loaded TP WindowsNoEditorTargetPlatform
[2015.12.28-01.32.11:327][  0]LogTemp:Display: Loaded TP WindowsServerTargetPlatform
[2015.12.28-01.32.11:342][  0]LogTemp:Display: Loaded TP WindowsTargetPlatform
[2015.12.28-01.32.11:351][  0]LogTemp:Display: Loaded TP AndroidTargetPlatform
[2015.12.28-01.32.11:357][  0]LogTemp:Display: Loaded TP Android_ASTCTargetPlatform
[2015.12.28-01.32.11:361][  0]LogTemp:Display: Loaded TP Android_ATCTargetPlatform
[2015.12.28-01.32.11:366][  0]LogTemp:Display: Loaded TP Android_DXTTargetPlatform
[2015.12.28-01.32.11:370][  0]LogTemp:Display: Loaded TP Android_ETC1TargetPlatform
[2015.12.28-01.32.11:374][  0]LogTemp:Display: Loaded TP Android_ETC2TargetPlatform
[2015.12.28-01.32.11:384][  0]LogTemp:Display: Loaded TP Android_MultiTargetPlatform
[2015.12.28-01.32.11:384][  0]LogTemp:Display: Loaded TP Android_PVRTCTargetPlatform
[2015.12.28-01.32.11:386][  0]LogTemp:Display: Loaded TP HTML5TargetPlatform
[2015.12.28-01.32.11:404][  0]LogTemp:Display: Loaded TP IOSTargetPlatform
[2015.12.28-01.32.11:407][  0]LogTemp:Display: Loaded TP LinuxNoEditorTargetPlatform
[2015.12.28-01.32.11:411][  0]LogTemp:Display: Loaded TP LinuxServerTargetPlatform
[2015.12.28-01.32.11:415][  0]LogTemp:Display: Loaded TP LinuxTargetPlatform
[2015.12.28-01.32.11:415][  0]LogTargetPlatformManager:Display: Building Assets For Windows
[2015.12.28-01.32.11:524][  0]LogDerivedDataCache:Display: Max Cache Size: 512 MB
[2015.12.28-01.32.11:567][  0]LogDerivedDataCache: Loaded boot cache 0.04s 41MB C:/Users/Matt/AppData/Local/UnrealEngine/4.10/DerivedDataCache/Boot.ddc.
[2015.12.28-01.32.11:567][  0]LogDerivedDataCache:Display: Loaded Boot cache: C:/Users/Matt/AppData/Local/UnrealEngine/4.10/DerivedDataCache/Boot.ddc
[2015.12.28-01.32.11:567][  0]LogDerivedDataCache: FDerivedDataBackendGraph:  Pak pak cache file ../../../../../../Users/Matt/Documents/GitHub/P3NGUIN/P3NGUIN/MyProject19/DerivedDataCache/DDC.ddp not found, will not use a pak cache.
[2015.12.28-01.32.11:567][  0]LogDerivedDataCache: Unable to find inner node Pak for hierarchical cache Hierarchy.
[2015.12.28-01.32.11:567][  0]LogDerivedDataCache: FDerivedDataBackendGraph:  CompressedPak pak cache file ../../../../../../Users/Matt/Documents/GitHub/P3NGUIN/P3NGUIN/MyProject19/DerivedDataCache/Compressed.ddp not found, will not use a pak cache.
[2015.12.28-01.32.11:567][  0]LogDerivedDataCache: Unable to find inner node CompressedPak for hierarchical cache Hierarchy.
[2015.12.28-01.32.11:627][  0]LogDerivedDataCache:Display: Pak cache opened for reading ../../../Engine/DerivedDataCache/Compressed.ddp.
[2015.12.28-01.32.11:639][  0]LogDerivedDataCache: Using Local data cache path C:/Users/Matt/AppData/Local/UnrealEngine/Common/DerivedDataCache: Writable
[2015.12.28-01.32.11:864][  0]LogInit: Selected Device Profile: [Windows]
[2015.12.28-01.32.11:864][  0]LogContentStreaming: Texture pool size is 0.000000MB
[2015.12.28-01.32.11:915][  0]LogMeshUtilities: No automatic mesh reduction module available
[2015.12.28-01.32.11:915][  0]LogMeshUtilities: No automatic mesh merging module available
[2015.12.28-01.32.12:279][  0]LogInit: WinSock: version 1.1 (2.2), MaxSocks=32767, MaxUdp=65467
[2015.12.28-01.32.13:163][  0]UdpMessaging: Initializing bridge on interface 0.0.0.0:0 to multicast group 230.0.0.1:6666.
[2015.12.28-01.32.13:265][  0]LogAssetRegistry: FAssetRegistry took 0.0097 seconds to start up
[2015.12.28-01.32.13:490][  0]SourceControl: Info Source control is disabled
[2015.12.28-01.32.13:492][  0]SourceControl: Info Source control is disabled
[2015.12.28-01.32.13:509][  0]SourceControl: Info Source control is disabled
[2015.12.28-01.32.13:527][  0]SourceControl: Info Source control is disabled
[2015.12.28-01.32.13:891][  0]LogObj: 28633 objects as part of root set at end of initial load.
[2015.12.28-01.32.13:891][  0]LogUObjectAllocator: 6099752 out of 0 bytes used by permanent object pool.
[2015.12.28-01.32.13:951][  0]LogEngine: Initializing Engine...
[2015.12.28-01.32.13:961][  0]LogHMD: Can't find Oculus library dev build: is proper Runtime installed? Version: 0.8.0.0
[2015.12.28-01.32.13:961][  0]LogHMD: SteamVR failed to initialize.  Err: 110
[2015.12.28-01.32.14:100][  0]LogAIModule: Creating AISystem for world NewWorld
[2015.12.28-01.32.14:106][  0]LogInit: XAudio2 using 'Speakers (Realtek High Definition Audio)' : 2 channels at 48 kHz using 32 bits per sample (channel mask 0x3)
[2015.12.28-01.32.14:147][  0]LogInit: FAudioDevice initialized.
[2015.12.28-01.32.14:169][  0]LogDerivedDataCache: Saved boot cache 0.02s 41MB C:/Users/Matt/AppData/Local/UnrealEngine/4.10/DerivedDataCache/Boot.ddc.
[2015.12.28-01.32.14:173][  0]LogInit: Texture streaming: Enabled
[2015.12.28-01.32.14:179][  0]LogAnalytics: Creating configured Analytics provider AnalyticsET
[2015.12.28-01.32.14:179][  0]LogAnalytics: [UEEditor.Rocket.Release] APIServer = http://et2.epicgames.com/ET2/. AppVersion = 4.10.1-2791327+++depot+UE4-Releases+4.10
[2015.12.28-01.32.14:179][  0]LogAnalytics: [UEEditor.Rocket.Release] SetUserId de43219841e5038bf49fbfa481591ee0|4e461f00ab6f49d29405414d884919d6|9448dfb4-8168-4a85-8046-6b7a073564d8
[2015.12.28-01.32.14:179][  0]LogAnalytics: [UEEditor.Rocket.Release] AnalyticsET::StartSession
[2015.12.28-01.32.14:201][  0]LogInit: Transaction tracking system initialized
[2015.12.28-01.32.14:235][  0]BlueprintLog: New page: Editor Load
[2015.12.28-01.32.14:348][  0]LocalizationService: Info Localization service is disabled
[2015.12.28-01.32.14:449][  0]LogConsoleResponse:Display: 
[2015.12.28-01.32.14:593][  0]LogCook:Display: Done creating registry. It took  0.00s.
[2015.12.28-01.32.14:641][  0]LogFileCache: Scanning file cache for directory 'C:/Users/Matt/Documents/GitHub/P3NGUIN/P3NGUIN/MyProject19/Content/' took 0.03s
[2015.12.28-01.32.14:690][  0]SourceControl: Info Source control is disabled
[2015.12.28-01.32.14:691][  0]Cmd: MAP LOAD FILE="../../../../../../Users/Matt/Documents/GitHub/P3NGUIN/P3NGUIN/MyProject19/Content/Maps/VerticalSlicePersitantLevel.umap" TEMPLATE=0 SHOWPROGRESS=1 FEATURELEVEL=3
[2015.12.28-01.32.14:692][  0]LightingResults: New page: Lighting Build
[2015.12.28-01.32.14:695][  0]MapCheck: New page: Map Check
[2015.12.28-01.32.14:695][  0]LightingResults: New page: Lighting Build
[2015.12.28-01.32.14:715][  0]LogParticles: Destroying 0 GPU particle simulations for FXSystem 0x0000000020962160
[2015.12.28-01.32.14:761][  0]LogLinker:Warning: Asset '../../../../../../Users/Matt/Documents/GitHub/P3NGUIN/P3NGUIN/MyProject19/Content/Mannequin/Animations/ThirdPerson_AnimBP.uasset' has been saved with empty engine version. The asset will be loaded but may be incompatible.
[2015.12.28-01.32.14:762][  0]LogLinker:Warning: Asset '../../../../../../Users/Matt/Documents/GitHub/P3NGUIN/P3NGUIN/MyProject19/Content/Mannequin/Animations/ThirdPerson_Jump.uasset' has been saved with empty engine version. The asset will be loaded but may be incompatible.
[2015.12.28-01.32.14:765][  0]LogLinker:Warning: Asset '../../../../../../Users/Matt/Documents/GitHub/P3NGUIN/P3NGUIN/MyProject19/Content/Mannequin/Animations/ThirdPersonJump_Loop.uasset' has been saved with empty engine version. The asset will be loaded but may be incompatible.
[2015.12.28-01.32.14:766][  0]LogLinker:Warning: Asset '../../../../../../Users/Matt/Documents/GitHub/P3NGUIN/P3NGUIN/MyProject19/Content/Mannequin/Animations/ThirdPersonJump_Start.uasset' has been saved with empty engine version. The asset will be loaded but may be incompatible.
[2015.12.28-01.32.14:767][  0]LogLinker:Warning: Asset '../../../../../../Users/Matt/Documents/GitHub/P3NGUIN/P3NGUIN/MyProject19/Content/Mannequin/Animations/ThirdPerson_IdleRun_2D.uasset' has been saved with empty engine version. The asset will be loaded but may be incompatible.
[2015.12.28-01.32.14:768][  0]LogLinker:Warning: Asset '../../../../../../Users/Matt/Documents/GitHub/P3NGUIN/P3NGUIN/MyProject19/Content/Mannequin/Animations/ThirdPersonIdle.uasset' has been saved with empty engine version. The asset will be loaded but may be incompatible.
[2015.12.28-01.32.14:769][  0]LogLinker:Warning: Asset '../../../../../../Users/Matt/Documents/GitHub/P3NGUIN/P3NGUIN/MyProject19/Content/Mannequin/Animations/ThirdPersonRun.uasset' has been saved with empty engine version. The asset will be loaded but may be incompatible.
[2015.12.28-01.32.14:770][  0]LogLinker:Warning: Asset '../../../../../../Users/Matt/Documents/GitHub/P3NGUIN/P3NGUIN/MyProject19/Content/Mannequin/Animations/ThirdPersonWalk.uasset' has been saved with empty engine version. The asset will be loaded but may be incompatible.
[2015.12.28-01.32.15:798][  0]LogBlueprint:Warning: [compiler ThirdPersonCharacter] Warning 'AbilitiesMenu' is already a 'Ability Menu', you don't need  Cast To AbilityMenu .
[2015.12.28-01.32.15:802][  0]LogBlueprint:Warning: [compiler ThirdPersonCharacter] Warning 'PointerClass' is already a 'Pointer', you don't need  Cast To Pointer .
[2015.12.28-01.32.15:803][  0]LogBlueprint:Warning: [compiler ThirdPersonCharacter] Warning No value will be returned by reference. Parameter 'EndTime'. Node:  (none) 
[2015.12.28-01.32.15:815][  0]LogBlueprint:Warning: [compiler ThirdPersonCharacter] Warning 'SecondPointer' is already a 'Pointer 2', you don't need  Cast To Pointer2 .
[2015.12.28-01.32.15:835][  0]LogBlueprint:Warning: [compiler ThirdPersonCharacter] Warning [0006.70] Compile of ThirdPersonCharacter successful, but with 4 Warning(s) [in 123 ms]
[2015.12.28-01.32.15:835][  0]LogBlueprint:Warning: [compiler ThirdPersonCharacter] Warning [0006.70] Compile of ThirdPersonCharacter successful, but with 5 Warning(s) [in 0 ms]
[2015.12.28-01.32.15:835][  0]LogBlueprint:Warning: [compiler ThirdPersonCharacter] Warning [0006.70] Compile of ThirdPersonCharacter successful, but with 6 Warning(s) [in 0 ms]
[2015.12.28-01.32.15:904][  0]LogBlueprint:Warning: [compiler AbilityMenu] Warning 'ReturnValue' is already a 'Listed Item', you don't need  Cast To ListedItem .
[2015.12.28-01.32.15:904][  0]LogBlueprint:Warning: [compiler AbilityMenu] Warning 'ReturnValue' is already a 'Listed Item', you don't need  Cast To ListedItem .
[2015.12.28-01.32.15:907][  0]LogBlueprint:Warning: [compiler AbilityMenu] Warning [0006.77] Compile of AbilityMenu successful, but with 2 Warning(s) [in 33 ms]
[2015.12.28-01.32.15:910][  0]LogBlueprint:Warning: [compiler AbilityMenu] Warning [0006.77] Compile of AbilityMenu successful, but with 3 Warning(s) [in 2 ms]
[2015.12.28-01.32.15:910][  0]LogBlueprint:Warning: [compiler AbilityMenu] Warning [0006.77] Compile of AbilityMenu successful, but with 4 Warning(s) [in 0 ms]
[2015.12.28-01.32.15:955][  0]LogBlueprint:Warning: [compiler FreeMovementLocator] Warning 'Third Person Character 2D' does not inherit from 'Player Controller' ( Cast To ThirdPersonCharacter2D  would always fail).
[2015.12.28-01.32.15:957][  0]LogBlueprint:Warning: [compiler FreeMovementLocator] Warning [0006.82] Compile of FreeMovementLocator successful, but with 1 Warning(s) [in 4 ms]
[2015.12.28-01.32.15:957][  0]LogBlueprint:Warning: [compiler FreeMovementLocator] Warning [0006.82] Compile of FreeMovementLocator successful, but with 2 Warning(s) [in 0 ms]
[2015.12.28-01.32.15:957][  0]LogBlueprint:Warning: [compiler FreeMovementLocator] Warning [0006.82] Compile of FreeMovementLocator successful, but with 3 Warning(s) [in 0 ms]
[2015.12.28-01.32.16:585][  0]LogBlueprint:Warning: [compiler ThirdPersonCharacter2D] Warning No value will be returned by reference. Parameter 'EndTime'. Node:  (none) 
[2015.12.28-01.32.16:603][  0]LogBlueprint:Warning: [compiler ThirdPersonCharacter2D] Warning 'AbilitiesMenu' is already a 'Ability Menu', you don't need  Cast To AbilityMenu .
[2015.12.28-01.32.16:604][  0]LogBlueprint:Warning: [compiler ThirdPersonCharacter2D] Warning 'ReturnValue' is already a 'Knife', you don't need  Cast To Knife .
[2015.12.28-01.32.16:613][  0]LogBlueprint:Warning: [compiler ThirdPersonCharacter2D] Warning 'SecondPointer' is already a 'Pointer 2', you don't need  Cast To Pointer2 .
[2015.12.28-01.32.16:689][  0]LogBlueprint:Warning: [compiler ThirdPersonCharacter2D] Warning [0007.55] Compile of ThirdPersonCharacter2D successful, but with 4 Warning(s) [in 197 ms]
[2015.12.28-01.32.16:690][  0]LogBlueprint:Warning: [compiler ThirdPersonCharacter2D] Warning [0007.55] Compile of ThirdPersonCharacter2D successful, but with 5 Warning(s) [in 0 ms]
[2015.12.28-01.32.16:690][  0]LogBlueprint:Warning: [compiler ThirdPersonCharacter2D] Warning [0007.55] Compile of ThirdPersonCharacter2D successful, but with 6 Warning(s) [in 0 ms]
[2015.12.28-01.32.16:694][  0]LogBlueprint:Warning: [compiler FreeMovementLocator] Warning 'Third Person Character 2D' does not inherit from 'Player Controller' ( Cast To ThirdPersonCharacter2D  would always fail).
[2015.12.28-01.32.16:695][  0]LogBlueprint:Warning: [compiler FreeMovementLocator] Warning [0007.56] Compile of FreeMovementLocator successful, but with 1 Warning(s) [in 2 ms]
[2015.12.28-01.32.16:695][  0]LogBlueprint:Warning: [compiler FreeMovementLocator] Warning [0007.56] Compile of FreeMovementLocator successful, but with 2 Warning(s) [in 0 ms]
[2015.12.28-01.32.16:699][  0]LogBlueprint:Warning: [compiler FreeMovementLocator] Warning [0007.56] Compile of FreeMovementLocator successful, but with 3 Warning(s) [in 3 ms]
[2015.12.28-01.32.16:795][  0]LogBlueprint:Warning: [compiler AbilityMenu] Warning 'ReturnValue' is already a 'Listed Item', you don't need  Cast To ListedItem .
[2015.12.28-01.32.16:796][  0]LogBlueprint:Warning: [compiler AbilityMenu] Warning 'ReturnValue' is already a 'Listed Item', you don't need  Cast To ListedItem .
[2015.12.28-01.32.16:799][  0]LogBlueprint:Warning: [compiler AbilityMenu] Warning [0007.66] Compile of AbilityMenu successful, but with 2 Warning(s) [in 32 ms]
[2015.12.28-01.32.16:799][  0]LogBlueprint:Warning: [compiler AbilityMenu] Warning [0007.66] Compile of AbilityMenu successful, but with 3 Warning(s) [in 0 ms]
[2015.12.28-01.32.16:805][  0]LogBlueprint:Warning: [compiler AbilityMenu] Warning [0007.67] Compile of AbilityMenu successful, but with 4 Warning(s) [in 5 ms]
[2015.12.28-01.32.16:950][  0]LogBlueprint:Warning: [compiler ThirdPersonCharacter] Warning 'AbilitiesMenu' is already a 'Ability Menu', you don't need  Cast To AbilityMenu .
[2015.12.28-01.32.16:953][  0]LogBlueprint:Warning: [compiler ThirdPersonCharacter] Warning 'PointerClass' is already a 'Pointer', you don't need  Cast To Pointer .
[2015.12.28-01.32.16:954][  0]LogBlueprint:Warning: [compiler ThirdPersonCharacter] Warning No value will be returned by reference. Parameter 'EndTime'. Node:  (none) 
[2015.12.28-01.32.16:967][  0]LogBlueprint:Warning: [compiler ThirdPersonCharacter] Warning 'SecondPointer' is already a 'Pointer 2', you don't need  Cast To Pointer2 .
[2015.12.28-01.32.16:986][  0]LogBlueprint:Warning: [compiler ThirdPersonCharacter] Warning [0007.85] Compile of ThirdPersonCharacter successful, but with 4 Warning(s) [in 118 ms]
[2015.12.28-01.32.16:987][  0]LogBlueprint:Warning: [compiler ThirdPersonCharacter] Warning [0007.85] Compile of ThirdPersonCharacter successful, but with 5 Warning(s) [in 0 ms]
[2015.12.28-01.32.16:987][  0]LogBlueprint:Warning: [compiler ThirdPersonCharacter] Warning [0007.85] Compile of ThirdPersonCharacter successful, but with 6 Warning(s) [in 0 ms]
[2015.12.28-01.32.17:130][  0]LogBlueprint:Warning: [compiler ThirdPersonCharacter2D] Warning No value will be returned by reference. Parameter 'EndTime'. Node:  (none) 
[2015.12.28-01.32.17:155][  0]LogBlueprint:Warning: [compiler ThirdPersonCharacter2D] Warning 'AbilitiesMenu' is already a 'Ability Menu', you don't need  Cast To AbilityMenu .
[2015.12.28-01.32.17:156][  0]LogBlueprint:Warning: [compiler ThirdPersonCharacter2D] Warning 'ReturnValue' is already a 'Knife', you don't need  Cast To Knife .
[2015.12.28-01.32.17:166][  0]LogBlueprint:Warning: [compiler ThirdPersonCharacter2D] Warning 'SecondPointer' is already a 'Pointer 2', you don't need  Cast To Pointer2 .
[2015.12.28-01.32.17:286][  0]LogBlueprint:Warning: [compiler ThirdPersonCharacter2D] Warning [0008.15] Compile of ThirdPersonCharacter2D successful, but with 4 Warning(s) [in 254 ms]
[2015.12.28-01.32.17:286][  0]LogBlueprint:Warning: [compiler ThirdPersonCharacter2D] Warning [0008.15] Compile of ThirdPersonCharacter2D successful, but with 5 Warning(s) [in 0 ms]
[2015.12.28-01.32.17:287][  0]LogBlueprint:Warning: [compiler ThirdPersonCharacter2D] Warning [0008.15] Compile of ThirdPersonCharacter2D successful, but with 6 Warning(s) [in 0 ms]
[2015.12.28-01.32.18:316][  0]LogAIModule: Creating AISystem for world VerticalSlicePersitantLevel
[2015.12.28-01.32.18:744][  0]LogBlueprint:Warning: [compiler NewSwitch] Warning 'Item' is already a 'Temporary Platform', you don't need  Cast To TemporaryPlatform .
[2015.12.28-01.32.18:745][  0]LogBlueprint:Warning: [compiler NewSwitch] Warning [0009.61] Compile of NewSwitch successful, but with 1 Warning(s) [in 6 ms]
[2015.12.28-01.32.18:745][  0]LogBlueprint:Warning: [compiler NewSwitch] Warning [0009.61] Compile of NewSwitch successful, but with 2 Warning(s) [in 0 ms]
[2015.12.28-01.32.18:745][  0]LogBlueprint:Warning: [compiler NewSwitch] Warning [0009.61] Compile of NewSwitch successful, but with 3 Warning(s) [in 0 ms]
[2015.12.28-01.32.18:752][  0]LogBlueprint:Warning: [compiler NewSwitch] Warning 'Item' is already a 'Temporary Platform', you don't need  Cast To TemporaryPlatform .
[2015.12.28-01.32.18:754][  0]LogBlueprint:Warning: [compiler NewSwitch] Warning [0009.62] Compile of NewSwitch successful, but with 1 Warning(s) [in 6 ms]
[2015.12.28-01.32.18:754][  0]LogBlueprint:Warning: [compiler NewSwitch] Warning [0009.62] Compile of NewSwitch successful, but with 2 Warning(s) [in 0 ms]
[2015.12.28-01.32.18:754][  0]LogBlueprint:Warning: [compiler NewSwitch] Warning [0009.62] Compile of NewSwitch successful, but with 3 Warning(s) [in 0 ms]
[2015.12.28-01.32.18:764][  0]LogBlueprint:Warning: [compiler Basement_Blockout] Warning  Sequence  has no valid output
[2015.12.28-01.32.18:764][  0]LogBlueprint:Warning: [compiler Basement_Blockout] Warning [0009.63] Compile of Basement_Blockout successful, but with 1 Warning(s) [in 1 ms]
[2015.12.28-01.32.18:764][  0]LogBlueprint:Warning: [compiler Basement_Blockout] Warning [0009.63] Compile of Basement_Blockout successful, but with 2 Warning(s) [in 0 ms]
[2015.12.28-01.32.18:764][  0]LogBlueprint:Warning: [compiler Basement_Blockout] Warning [0009.63] Compile of Basement_Blockout successful, but with 3 Warning(s) [in 0 ms]
[2015.12.28-01.32.18:766][  0]LogBlueprint:Warning: [compiler Basement_Blockout] Warning  Sequence  has no valid output
[2015.12.28-01.32.18:766][  0]LogBlueprint:Warning: [compiler Basement_Blockout] Warning [0009.63] Compile of Basement_Blockout successful, but with 1 Warning(s) [in 1 ms]
[2015.12.28-01.32.18:766][  0]LogBlueprint:Warning: [compiler Basement_Blockout] Warning [0009.63] Compile of Basement_Blockout successful, but with 2 Warning(s) [in 0 ms]
[2015.12.28-01.32.18:766][  0]LogBlueprint:Warning: [compiler Basement_Blockout] Warning [0009.63] Compile of Basement_Blockout successful, but with 3 Warning(s) [in 0 ms]
[2015.12.28-01.32.19:625][  0]LogEditorServer: Finished looking for orphan Actors (0.000 secs)
[2015.12.28-01.32.19:626][  0]Cmd: MAP CHECKDEP NOCLEARLOG
[2015.12.28-01.32.19:736][  0]MapCheck: Info Map check complete: 0 Error(s), 0 Warning(s), took 109.954ms to complete.
[2015.12.28-01.32.19:736][  0]LogFileHelpers: Loading map 'VerticalSlicePersitantLevel' took 5.046
[2015.12.28-01.32.19:870][  0]LogCollectionManager: Loaded 0 collections in 0.006175 seconds
[2015.12.28-01.32.19:892][  0]LogFileCache: Scanning file cache for directory 'C:/Users/Matt/Documents/GitHub/P3NGUIN/P3NGUIN/MyProject19/Saved/Collections/' took 0.02s
[2015.12.28-01.32.19:892][  0]LogFileCache: Scanning file cache for directory 'C:/Users/Matt/Documents/GitHub/P3NGUIN/P3NGUIN/MyProject19/Content/Developers/Matt/Collections/' took 0.00s
[2015.12.28-01.32.19:892][  0]LogFileCache: Scanning file cache for directory 'C:/Users/Matt/Documents/GitHub/P3NGUIN/P3NGUIN/MyProject19/Content/Collections/' took 0.00s
[2015.12.28-01.32.19:893][  0]LogCollectionManager: Rebuilt the GUID cache for 0 collections in 0.000002 seconds
[2015.12.28-01.32.19:901][  0]LogContentBrowser: Native class hierarchy populated in 0.0087 seconds. Added 1893 classes and 338 folders.
[2015.12.28-01.32.19:908][  0]LogContentBrowser: Native class hierarchy updated for 'WidgetCarousel' in 0.0005 seconds. Added 0 classes and 0 folders.
[2015.12.28-01.32.19:975][  0]LogContentBrowser: Native class hierarchy updated for 'AddContentDialog' in 0.0005 seconds. Added 0 classes and 0 folders.
[2015.12.28-01.32.19:979][  0]LogContentBrowser: Native class hierarchy updated for 'SceneOutliner' in 0.0005 seconds. Added 1 classes and 2 folders.
[2015.12.28-01.32.19:997][  0]LogContentBrowser: Native class hierarchy updated for 'WorldBrowser' in 0.0006 seconds. Added 1 classes and 3 folders.
[2015.12.28-01.32.20:002][  0]LogCrashTracker: Crashtracker disabled due to settings.
[2015.12.28-01.32.20:006][  0]LogUObjectGlobals:Warning: Failed to find object 'Class None.'
[2015.12.28-01.32.20:031][  0]LogLoad: Full Startup: 10.90 seconds (BP compile: 1.78 seconds)
[2015.12.28-01.32.20:049][  0]LogOcInput: Can't find Oculus library dev build: is proper Runtime installed? Version: 0.8.0.0
[2015.12.28-01.32.20:125][  0]LogContentStreaming: Texture pool size now 1000 MB
[2015.12.28-01.32.20:291][  0]LogRenderer: Reallocating scene render targets to support 828x516 (Frame:2).
[2015.12.28-01.32.21:342][ 12]LogAssetRegistry: Asset discovery search completed in 8.0870 seconds
[2015.12.28-01.32.21:342][ 12]LogCollectionManager: Rebuilt the object cache for 0 collections in 0.000001 seconds (found 0 objects)
[2015.12.28-01.32.21:342][ 12]LogCollectionManager: Fixed up redirectors for 0 collections in 0.000021 seconds (updated 0 objects)
[2015.12.28-01.33.48:394][882]LogActorComponent: UnregisterComponent: (/Engine/Transient.CharMoveComp) Not registered. Aborting.
[2015.12.28-01.33.48:530][882]LogMetaData: Removing '/Game/Maps/ThirdPersonExampleMap.SKEL_ThirdPersonExampleMap_C' ref from Metadata '/Game/ThirdPersonBP/Maps/ThirdPersonExampleMap.PackageMetaData'
[2015.12.28-01.33.48:530][882]LogMetaData: Removing '/Game/Maps/ThirdPersonExampleMap.ThirdPersonExampleMap_C' ref from Metadata '/Game/ThirdPersonBP/Maps/ThirdPersonExampleMap.PackageMetaData'
[2015.12.28-01.33.49:658][882]LogSavePackage: Save=840.855896ms
[2015.12.28-01.33.49:658][882]LogSavePackage: Moving '../../../../../../Users/Matt/Documents/GitHub/P3NGUIN/P3NGUIN/MyProject19/Saved/ThirdPersonExampleMap640A4A5F478130B25C8F1B8E12AF4898.tmp' to '../../../../../../Users/Matt/Documents/GitHub/P3NGUIN/P3NGUIN/MyProject19/Content/Maps/ThirdPersonExampleMap.umap'
[2015.12.28-01.33.49:663][882]LogSavePackage: Total save time: 849.815279ms
[2015.12.28-01.33.49:663][882]LogSavePackage:Display: Finished SavePackage ../../../../../../Users/Matt/Documents/GitHub/P3NGUIN/P3NGUIN/MyProject19/Content/Maps/ThirdPersonExampleMap.umap
[2015.12.28-01.33.49:664][882]LogFileHelpers: Saving map 'ThirdPersonExampleMap' took 1.090
[2015.12.28-01.33.49:755][882]LogSavePackage: Save=6.541905ms
[2015.12.28-01.33.49:755][882]LogSavePackage: Moving '../../../../../../Users/Matt/Documents/GitHub/P3NGUIN/P3NGUIN/MyProject19/Saved/ThirdPersonExampleMapB07A00094AB124688371C698071B6A69.tmp' to '../../../../../../Users/Matt/Documents/GitHub/P3NGUIN/P3NGUIN/MyProject19/Content/ThirdPersonBP/Maps/ThirdPersonExampleMap.umap'
[2015.12.28-01.33.49:760][882]LogSavePackage: Total save time: 84.527303ms
[2015.12.28-01.33.49:760][882]LogSavePackage:Display: Finished SavePackage ../../../../../../Users/Matt/Documents/GitHub/P3NGUIN/P3NGUIN/MyProject19/Content/ThirdPersonBP/Maps/ThirdPersonExampleMap.umap
[2015.12.28-01.33.55:248][495]LogLinker:Warning: Asset '../../../Engine/Content/ArtTools/RenderToTexture/Macros/RenderToTextureMacros.uasset' has been saved with empty engine version. The asset will be loaded but may be incompatible.
[2015.12.28-01.33.55:740][495]LogContentBrowser: Native class hierarchy updated for 'BlueprintGraph' in 0.0009 seconds. Added 107 classes and 0 folders.
[2015.12.28-01.34.04:302][373]BlueprintLog: New page: Compile VerticalSlicePersitantLevel
[2015.12.28-01.34.04:404][373]LogActorComponent: UnregisterComponent: (/Engine/Transient.CharMoveComp) Not registered. Aborting.
[2015.12.28-01.34.04:404][373]LogActorComponent: UnregisterComponent: (/Engine/Transient.ProjectileMovement_GEN_VARIABLE) Not registered. Aborting.
[2015.12.28-01.34.04:404][373]LogActorComponent: UnregisterComponent: (/Engine/Transient.CharacterMovementComponent_0) Not registered. Aborting.
[2015.12.28-01.34.04:404][373]LogActorComponent: UnregisterComponent: (/Engine/Transient.ProjectileMovementComponent_0) Not registered. Aborting.
[2015.12.28-01.34.04:446][373]BlueprintEditorCompileResults: Info [0115.31] Compile of VerticalSlicePersitantLevel successful! [in 143 ms]
[2015.12.28-01.34.06:458][541]LogSavePackage: Save=239.806168ms
[2015.12.28-01.34.06:458][541]LogSavePackage: Moving '../../../../../../Users/Matt/Documents/GitHub/P3NGUIN/P3NGUIN/MyProject19/Saved/VerticalSlicePersitantLevel4E3C904342CF78F0A775BEB8A54AEC85.tmp' to '../../../../../../Users/Matt/Documents/GitHub/P3NGUIN/P3NGUIN/MyProject19/Content/Maps/VerticalSlicePersitantLevel.umap'
[2015.12.28-01.34.06:463][541]LogSavePackage: Total save time: 263.447735ms
[2015.12.28-01.34.06:464][541]LogSavePackage:Display: Finished SavePackage ../../../../../../Users/Matt/Documents/GitHub/P3NGUIN/P3NGUIN/MyProject19/Content/Maps/VerticalSlicePersitantLevel.umap
[2015.12.28-01.34.06:545][541]LogFileHelpers: Saving map 'VerticalSlicePersitantLevel' took 0.604
[2015.12.28-01.34.07:168][609]LogBlueprintUserMessages: Early PlayInEditor Detection: Level '/Game/Maps/VerticalSlicePersitantLevel.VerticalSlicePersitantLevel:PersistentLevel' has LevelScriptBlueprint '/Game/Maps/VerticalSlicePersitantLevel.VerticalSlicePersitantLevel:PersistentLevel.VerticalSlicePersitantLevel' with GeneratedClass '/Game/Maps/VerticalSlicePersitantLevel.VerticalSlicePersitantLevel_C' with ClassGeneratedBy '/Game/Maps/VerticalSlicePersitantLevel.VerticalSlicePersitantLevel:PersistentLevel.VerticalSlicePersitantLevel'
[2015.12.28-01.34.07:168][609]LogBlueprintUserMessages: Early PlayInEditor Detection: Level '/Game/Maps/Plaza_Blockout.Plaza_Blockout:PersistentLevel' has LevelScriptBlueprint '/Game/Maps/Plaza_Blockout.Plaza_Blockout:PersistentLevel.Plaza_Blockout' with GeneratedClass '/Game/Maps/Plaza_Blockout.Plaza_Blockout_C' with ClassGeneratedBy '/Game/Maps/Plaza_Blockout.Plaza_Blockout:PersistentLevel.Plaza_Blockout'
[2015.12.28-01.34.07:168][609]LogBlueprintUserMessages: Early PlayInEditor Detection: Level '/Game/Maps/Basement_Blockout.Basement_Blockout:PersistentLevel' has LevelScriptBlueprint '/Game/Maps/Basement_Blockout.Basement_Blockout:PersistentLevel.Basement_Blockout' with GeneratedClass '/Game/Maps/Basement_Blockout.Basement_Blockout_C' with ClassGeneratedBy '/Game/Maps/Basement_Blockout.Basement_Blockout:PersistentLevel.Basement_Blockout'
[2015.12.28-01.34.07:168][609]LogBlueprintUserMessages: Early PlayInEditor Detection: Level '/Game/Maps/ThirdPersonExampleMap.ThirdPersonExampleMap:PersistentLevel' has LevelScriptBlueprint '/Game/Maps/ThirdPersonExampleMap.ThirdPersonExampleMap:PersistentLevel.ThirdPersonExampleMap' with GeneratedClass '/Game/Maps/ThirdPersonExampleMap.ThirdPersonExampleMap_C' with ClassGeneratedBy '/Game/Maps/ThirdPersonExampleMap.ThirdPersonExampleMap:PersistentLevel.ThirdPersonExampleMap'
[2015.12.28-01.34.07:168][609]LogPlayLevel: PlayLevel: No blueprints needed recompiling
[2015.12.28-01.34.07:168][609]PIE: New page: PIE session: VerticalSlicePersitantLevel (Dec 27, 2015, 9:34:07 AM)
[2015.12.28-01.34.07:168][609]LogPlayLevel: Creating play world package: /Game/Maps/UEDPIE_0_VerticalSlicePersitantLevel
[2015.12.28-01.34.07:189][609]LogPlayLevel: PIE: StaticDuplicateObject took: (0.021132s)
[2015.12.28-01.34.07:190][609]LogAIModule: Creating AISystem for world VerticalSlicePersitantLevel
[2015.12.28-01.34.07:190][609]LogPlayLevel: PIE: World Init took: (0.000583s)
[2015.12.28-01.34.07:190][609]LogPlayLevel: PIE: Created PIE world by copying editor world from /Game/Maps/VerticalSlicePersitantLevel.VerticalSlicePersitantLevel to /Game/Maps/UEDPIE_0_VerticalSlicePersitantLevel.VerticalSlicePersitantLevel (0.021951s)
[2015.12.28-01.34.07:226][609]LogInit: XAudio2 using 'Speakers (Realtek High Definition Audio)' : 2 channels at 48 kHz using 32 bits per sample (channel mask 0x3)
[2015.12.28-01.34.07:264][609]LogInit: FAudioDevice initialized.
[2015.12.28-01.34.07:361][609]LogWorld: Game class is '2dFlipBookGameMode_C'
[2015.12.28-01.34.07:365][609]LogWorld: Bringing World /Game/Maps/UEDPIE_0_VerticalSlicePersitantLevel.VerticalSlicePersitantLevel up for play (max tick rate 0) at 2015.12.27-17.34.07
[2015.12.28-01.34.07:365][609]LogActor:Warning: GameSession /Game/Maps/UEDPIE_0_VerticalSlicePersitantLevel.VerticalSlicePersitantLevel:PersistentLevel.GameSession_0 has natively added scene component(s), but none of them were set as the actor's RootComponent - picking one arbitrarily
[2015.12.28-01.34.07:365][609]LogActor:Warning: GameNetworkManager /Game/Maps/UEDPIE_0_VerticalSlicePersitantLevel.VerticalSlicePersitantLevel:PersistentLevel.GameNetworkManager_0 has natively added scene component(s), but none of them were set as the actor's RootComponent - picking one arbitrarily
[2015.12.28-01.34.07:365][609]LogWorld: Bringing up level for play took: 0.003223
[2015.12.28-01.34.07:371][609]LogLevel: ActivateLevel /Game/Maps/UEDPIE_0_Plaza_Blockout 1 1 1
[2015.12.28-01.34.07:390][609]PIE: Info Play in editor start time for /Game/Maps/UEDPIE_0_VerticalSlicePersitantLevel 0.956
[2015.12.28-01.34.07:390][609]LogBlueprintUserMessages: Late PlayInEditor Detection: Level '/Game/Maps/VerticalSlicePersitantLevel.VerticalSlicePersitantLevel:PersistentLevel' has LevelScriptBlueprint '/Game/Maps/VerticalSlicePersitantLevel.VerticalSlicePersitantLevel:PersistentLevel.VerticalSlicePersitantLevel' with GeneratedClass '/Game/Maps/VerticalSlicePersitantLevel.VerticalSlicePersitantLevel_C' with ClassGeneratedBy '/Game/Maps/VerticalSlicePersitantLevel.VerticalSlicePersitantLevel:PersistentLevel.VerticalSlicePersitantLevel'
[2015.12.28-01.34.07:390][609]LogBlueprintUserMessages: Late PlayInEditor Detection: Level '/Game/Maps/Plaza_Blockout.Plaza_Blockout:PersistentLevel' has LevelScriptBlueprint '/Game/Maps/Plaza_Blockout.Plaza_Blockout:PersistentLevel.Plaza_Blockout' with GeneratedClass '/Game/Maps/Plaza_Blockout.Plaza_Blockout_C' with ClassGeneratedBy '/Game/Maps/Plaza_Blockout.Plaza_Blockout:PersistentLevel.Plaza_Blockout'
[2015.12.28-01.34.07:390][609]LogBlueprintUserMessages: Late PlayInEditor Detection: Level '/Game/Maps/Basement_Blockout.Basement_Blockout:PersistentLevel' has LevelScriptBlueprint '/Game/Maps/Basement_Blockout.Basement_Blockout:PersistentLevel.Basement_Blockout' with GeneratedClass '/Game/Maps/Basement_Blockout.Basement_Blockout_C' with ClassGeneratedBy '/Game/Maps/Basement_Blockout.Basement_Blockout:PersistentLevel.Basement_Blockout'
[2015.12.28-01.34.07:390][609]LogBlueprintUserMessages: Late PlayInEditor Detection: Level '/Game/Maps/ThirdPersonExampleMap.ThirdPersonExampleMap:PersistentLevel' has LevelScriptBlueprint '/Game/Maps/ThirdPersonExampleMap.ThirdPersonExampleMap:PersistentLevel.ThirdPersonExampleMap' with GeneratedClass '/Game/Maps/ThirdPersonExampleMap.ThirdPersonExampleMap_C' with ClassGeneratedBy '/Game/Maps/ThirdPersonExampleMap.ThirdPersonExampleMap:PersistentLevel.ThirdPersonExampleMap'
[2015.12.28-01.34.07:495][609]LogWorld: PIE: Copying PIE streaming level from /Game/Maps/Plaza_Blockout.Plaza_Blockout to /Game/Maps/UEDPIE_0_Plaza_Blockout.Plaza_Blockout. OwningWorld: /Game/Maps/UEDPIE_0_VerticalSlicePersitantLevel.VerticalSlicePersitantLevel
[2015.12.28-01.34.07:516][610]LogRenderer: Reallocating scene render targets to support 2560x1440 (Frame:1846).
[2015.12.28-01.34.07:524][610]LogRenderTargetPool:Warning: r.RenderTargetPoolMin exceeded 405/400 MB (ok in editor, bad on fixed memory platform)
[2015.12.28-01.34.07:746][620]LogNet: Browse: /game/maps/thirdpersonexamplemap
[2015.12.28-01.34.07:766][620]LogLoad: LoadMap: /game/maps/thirdpersonexamplemap
[2015.12.28-01.34.07:831][620]LogParticles: Destroying 0 GPU particle simulations for FXSystem 0x000000002C4427A0
[2015.12.28-01.34.07:838][620]Cmd: MEM
[2015.12.28-01.34.07:869][620]LogMemory: Platform Memory Stats for Windows
[2015.12.28-01.34.07:869][620]LogMemory: Process Physical Memory: 899.91 MB used, 900.75 MB peak
[2015.12.28-01.34.07:869][620]LogMemory: Process Virtual Memory: 823.62 MB used, 824.77 MB peak
[2015.12.28-01.34.07:869][620]LogMemory: Physical Memory: 5761.62 MB used, 8109.12 MB total
[2015.12.28-01.34.07:869][620]LogMemory: Virtual Memory: 1450.62 MB used, 8388608.00 MB total
[2015.12.28-01.34.07:869][620]LogMemory: 
[2015.12.28-01.34.07:869][620]Allocator Stats for TBB: (not implemented)
[2015.12.28-01.34.07:968][620]LogWindows:Error: Windows GetLastError: The operation completed successfully. (0)
[2015.12.28-01.34.08:369][620]LogCrashTracker: 


[2015.12.28-01.34.08:369][620]LogCrashTracker: 


[2015.12.28-01.34.08:369][620]LogWindows:Error: === Critical error: ===
Assertion failed: WorldContext.World()->GetOutermost()->HasAnyPackageFlags(PKG_PlayInEditor) [File:D:\BuildFarm\buildmachine_++depot+UE4-Releases+4.10\Engine\Source\Runtime\Engine\Private\UnrealEngine.cpp] [Line: 9477] 





[2015.12.28-01.34.08:480][620]LogExit: Executing StaticShutdownAfterError
[2015.12.28-01.34.08:485][620]LogPhysics:Warning: PHYSX: ..\..\PhysX\src\NpScene.cpp (2946) 8 : PxScene::unlockWrite() called without matching call to PxScene::lockWrite(), behaviour will be undefined.
[2015.12.28-01.34.08:485][620]LogPhysics:Warning: PHYSX: ..\..\PhysX\src\NpScene.cpp (2946) 8 : PxScene::unlockWrite() called without matching call to PxScene::lockWrite(), behaviour will be undefined.
[2015.12.28-01.34.08:486][620]LogPhysics:Warning: PHYSX: ..\..\PhysX\src\NpScene.cpp (2946) 8 : PxScene::unlockWrite() called without matching call to PxScene::lockWrite(), behaviour will be undefined.
[2015.12.28-01.34.08:486][620]LogPhysics:Warning: PHYSX: ..\..\PhysX\src\NpScene.cpp (2946) 8 : PxScene::unlockWrite() called without matching call to PxScene::lockWrite(), behaviour will be undefined.
[2015.12.28-01.34.08:486][620]LogWindows: FPlatformMisc::RequestExit(1)
[2015.12.28-01.34.08:486][620]Log file closed, 12/27/15 17:34:08
