[2015.12.25-22.42.27:712][  0]Log file open, 12/25/15 14:42:27
[2015.12.25-22.42.27:712][  0]LogInit:Display: Running engine for game: MyProject19
[2015.12.25-22.42.27:712][  0]LogPlatformFile: Not using cached read wrapper
[2015.12.25-22.42.27:712][  0]LogInit:Display: RandInit(-1906682783) SRandInit(-1906682781).
[2015.12.25-22.42.27:712][  0]LogTaskGraph: Started task graph with 4 named threads and 7 total threads.
[2015.12.25-22.42.27:712][  0]LogStats: Stats thread started at 0.086313
[2015.12.25-22.42.27:712][  0]LogInit: Version: 4.10.1-2791327+++depot+UE4-Releases+4.10
[2015.12.25-22.42.27:712][  0]LogInit: API Version: 2758231
[2015.12.25-22.42.27:712][  0]LogInit: Compiled (64-bit): Dec  4 2015 19:44:40
[2015.12.25-22.42.27:712][  0]LogInit: Compiled with Visual C++: 19.00.23026.00
[2015.12.25-22.42.27:712][  0]LogInit: Build Configuration: Development
[2015.12.25-22.42.27:712][  0]LogInit: Branch Name: ++depot+UE4-Releases+4.10
[2015.12.25-22.42.27:712][  0]LogInit: Command line:  
[2015.12.25-22.42.27:712][  0]LogInit: Base directory: C:/Program Files/Epic Games/4.10/Engine/Binaries/Win64/
[2015.12.25-22.42.27:712][  0]LogInit: Rocket: 1
[2015.12.25-22.42.27:725][  0]LogInit: Using libcurl 7.41.0
[2015.12.25-22.42.27:725][  0]LogInit:  - built for x86_64-pc-win32
[2015.12.25-22.42.27:725][  0]LogInit:  - supports SSL with WinSSL
[2015.12.25-22.42.27:725][  0]LogInit:  - other features:
[2015.12.25-22.42.27:725][  0]LogInit:      CURL_VERSION_SSL
[2015.12.25-22.42.27:725][  0]LogInit:      CURL_VERSION_IPV6
[2015.12.25-22.42.27:725][  0]LogInit:      CURL_VERSION_ASYNCHDNS
[2015.12.25-22.42.27:725][  0]LogInit:      CURL_VERSION_LARGEFILE
[2015.12.25-22.42.27:725][  0]LogInit:      CURL_VERSION_IDN
[2015.12.25-22.42.27:725][  0]LogInit:  CurlRequestOptions (configurable via config and command line):
[2015.12.25-22.42.27:725][  0]LogInit:  - bVerifyPeer = true  - Libcurl will verify peer certificate
[2015.12.25-22.42.27:725][  0]LogInit:  - bUseHttpProxy = false  - Libcurl will NOT use HTTP proxy
[2015.12.25-22.42.27:725][  0]LogInit:  - bDontReuseConnections = false  - Libcurl will reuse connections
[2015.12.25-22.42.27:725][  0]LogInit:  - CertBundlePath = nullptr  - Libcurl will use whatever was configured at build time.
[2015.12.25-22.42.27:733][  0]LogInit: Presizing for 0 objects not considered by GC, pre-allocating 0 bytes.
[2015.12.25-22.42.27:740][  0]LogInit: Object subsystem initialized
[2015.12.25-22.42.27:741][  0]LogInit: Selected Device Profile: [Windows]
[2015.12.25-22.42.27:741][  0]LogInit: Applying CVar settings loaded from the selected device profile: [Windows]
[2015.12.25-22.42.27:752][  0]LogInit: Computer: MATT-PC
[2015.12.25-22.42.27:752][  0]LogInit: User: Matt
[2015.12.25-22.42.27:752][  0]LogInit: CPU Page size=4096, Cores=4
[2015.12.25-22.42.27:752][  0]LogInit: High frequency timer resolution =3.020527 MHz
[2015.12.25-22.42.27:752][  0]LogMemory: Memory total: Physical=7.9GB (8GB approx)
[2015.12.25-22.42.27:752][  0]LogMemory: Platform Memory Stats for Windows
[2015.12.25-22.42.27:752][  0]LogMemory: Process Physical Memory: 60.28 MB used, 60.28 MB peak
[2015.12.25-22.42.27:752][  0]LogMemory: Process Virtual Memory: 60.57 MB used, 60.57 MB peak
[2015.12.25-22.42.27:752][  0]LogMemory: Physical Memory: 3790.02 MB used, 8109.12 MB total
[2015.12.25-22.42.27:752][  0]LogMemory: Virtual Memory: 354.25 MB used, 8388608.00 MB total
[2015.12.25-22.42.27:828][  0]LogTextLocalizationManager: No specific translations for ('en-US') exist, so ('en') translations will be used.
[2015.12.25-22.42.28:264][  0]LogD3D11RHI: Found D3D11 adapter 0: AMD Radeon HD 7800 Series (Feature Level 11_0)
[2015.12.25-22.42.28:264][  0]LogD3D11RHI: Adapter has 2029MB of dedicated video memory, 0MB of dedicated system memory, and 3798MB of shared system memory, 1 output[s]
[2015.12.25-22.42.28:268][  0]LogD3D11RHI: Found D3D11 adapter 1: Intel(R) HD Graphics (Feature Level 11_0)
[2015.12.25-22.42.28:268][  0]LogD3D11RHI: Adapter has 64MB of dedicated video memory, 0MB of dedicated system memory, and 1632MB of shared system memory, 0 output[s]
[2015.12.25-22.42.28:268][  0]LogD3D11RHI: Chosen D3D11 Adapter Id = 0
[2015.12.25-22.42.28:273][  0]LogD3D11RHI: !Direct3DDevice
[2015.12.25-22.42.28:274][  0]LogRHI: Texture pool is 1361 MB (70% of 1945 MB)
[2015.12.25-22.42.28:278][  0]LogD3D11RHI: Async texture creation disabled: no driver support
[2015.12.25-22.42.28:286][  0]LogShaderCompilers: Guid format shader working directory is -29 characters bigger than the processId version (../../../../../../Users/Matt/Documents/GitHub/P3NGUIN/P3NGUIN/MyProject19/Intermediate/Shaders/WorkingDirectory/11616/).
[2015.12.25-22.42.28:286][  0]LogShaderCompilers: Cleaned the shader compiler working directory 'C:/Users/Matt/AppData/Local/Temp/UnrealShaderWorkingDir/0CFB084F4474D5A1A3E0EF968C922864/'.
[2015.12.25-22.42.28:286][  0]LogShaderCompilers:Display: Using Local Shader Compiler.
[2015.12.25-22.42.29:434][  0]LogTemp:Display: Loaded TP AllDesktopTargetPlatform
[2015.12.25-22.42.29:441][  0]LogTemp:Display: Loaded TP WindowsClientTargetPlatform
[2015.12.25-22.42.29:447][  0]LogTemp:Display: Loaded TP WindowsNoEditorTargetPlatform
[2015.12.25-22.42.29:454][  0]LogTemp:Display: Loaded TP WindowsServerTargetPlatform
[2015.12.25-22.42.29:460][  0]LogTemp:Display: Loaded TP WindowsTargetPlatform
[2015.12.25-22.42.29:464][  0]LogTemp:Display: Loaded TP AndroidTargetPlatform
[2015.12.25-22.42.29:468][  0]LogTemp:Display: Loaded TP Android_ASTCTargetPlatform
[2015.12.25-22.42.29:473][  0]LogTemp:Display: Loaded TP Android_ATCTargetPlatform
[2015.12.25-22.42.29:477][  0]LogTemp:Display: Loaded TP Android_DXTTargetPlatform
[2015.12.25-22.42.29:482][  0]LogTemp:Display: Loaded TP Android_ETC1TargetPlatform
[2015.12.25-22.42.29:486][  0]LogTemp:Display: Loaded TP Android_ETC2TargetPlatform
[2015.12.25-22.42.29:495][  0]LogTemp:Display: Loaded TP Android_MultiTargetPlatform
[2015.12.25-22.42.29:495][  0]LogTemp:Display: Loaded TP Android_PVRTCTargetPlatform
[2015.12.25-22.42.29:496][  0]LogTemp:Display: Loaded TP HTML5TargetPlatform
[2015.12.25-22.42.29:515][  0]LogTemp:Display: Loaded TP IOSTargetPlatform
[2015.12.25-22.42.29:518][  0]LogTemp:Display: Loaded TP LinuxNoEditorTargetPlatform
[2015.12.25-22.42.29:523][  0]LogTemp:Display: Loaded TP LinuxServerTargetPlatform
[2015.12.25-22.42.29:528][  0]LogTemp:Display: Loaded TP LinuxTargetPlatform
[2015.12.25-22.42.29:528][  0]LogTargetPlatformManager:Display: Building Assets For Windows
[2015.12.25-22.42.29:644][  0]LogDerivedDataCache:Display: Max Cache Size: 512 MB
[2015.12.25-22.42.29:688][  0]LogDerivedDataCache: Loaded boot cache 0.04s 41MB C:/Users/Matt/AppData/Local/UnrealEngine/4.10/DerivedDataCache/Boot.ddc.
[2015.12.25-22.42.29:688][  0]LogDerivedDataCache:Display: Loaded Boot cache: C:/Users/Matt/AppData/Local/UnrealEngine/4.10/DerivedDataCache/Boot.ddc
[2015.12.25-22.42.29:688][  0]LogDerivedDataCache: FDerivedDataBackendGraph:  Pak pak cache file ../../../../../../Users/Matt/Documents/GitHub/P3NGUIN/P3NGUIN/MyProject19/DerivedDataCache/DDC.ddp not found, will not use a pak cache.
[2015.12.25-22.42.29:688][  0]LogDerivedDataCache: Unable to find inner node Pak for hierarchical cache Hierarchy.
[2015.12.25-22.42.29:688][  0]LogDerivedDataCache: FDerivedDataBackendGraph:  CompressedPak pak cache file ../../../../../../Users/Matt/Documents/GitHub/P3NGUIN/P3NGUIN/MyProject19/DerivedDataCache/Compressed.ddp not found, will not use a pak cache.
[2015.12.25-22.42.29:688][  0]LogDerivedDataCache: Unable to find inner node CompressedPak for hierarchical cache Hierarchy.
[2015.12.25-22.42.29:753][  0]LogDerivedDataCache:Display: Pak cache opened for reading ../../../Engine/DerivedDataCache/Compressed.ddp.
[2015.12.25-22.42.29:765][  0]LogDerivedDataCache: Using Local data cache path C:/Users/Matt/AppData/Local/UnrealEngine/Common/DerivedDataCache: Writable
[2015.12.25-22.42.29:977][  0]LogInit: Selected Device Profile: [Windows]
[2015.12.25-22.42.29:977][  0]LogContentStreaming: Texture pool size is 0.000000MB
[2015.12.25-22.42.30:026][  0]LogMeshUtilities: No automatic mesh reduction module available
[2015.12.25-22.42.30:026][  0]LogMeshUtilities: No automatic mesh merging module available
[2015.12.25-22.42.30:381][  0]LogInit: WinSock: version 1.1 (2.2), MaxSocks=32767, MaxUdp=65467
[2015.12.25-22.42.31:510][  0]UdpMessaging: Initializing bridge on interface 0.0.0.0:0 to multicast group 230.0.0.1:6666.
[2015.12.25-22.42.31:617][  0]LogAssetRegistry: FAssetRegistry took 0.0104 seconds to start up
[2015.12.25-22.42.31:843][  0]SourceControl: Info Source control is disabled
[2015.12.25-22.42.31:846][  0]SourceControl: Info Source control is disabled
[2015.12.25-22.42.31:866][  0]SourceControl: Info Source control is disabled
[2015.12.25-22.42.31:886][  0]SourceControl: Info Source control is disabled
[2015.12.25-22.42.32:305][  0]LogObj: 28633 objects as part of root set at end of initial load.
[2015.12.25-22.42.32:305][  0]LogUObjectAllocator: 6099752 out of 0 bytes used by permanent object pool.
[2015.12.25-22.42.32:362][  0]LogEngine: Initializing Engine...
[2015.12.25-22.42.32:372][  0]LogHMD: Can't find Oculus library dev build: is proper Runtime installed? Version: 0.8.0.0
[2015.12.25-22.42.32:373][  0]LogHMD: SteamVR failed to initialize.  Err: 110
[2015.12.25-22.42.32:501][  0]LogAIModule: Creating AISystem for world NewWorld
[2015.12.25-22.42.32:509][  0]LogInit: XAudio2 using 'Speakers (Realtek High Definition Audio)' : 2 channels at 48 kHz using 32 bits per sample (channel mask 0x3)
[2015.12.25-22.42.32:551][  0]LogInit: FAudioDevice initialized.
[2015.12.25-22.42.32:701][  0]LogDerivedDataCache: Saved boot cache 0.15s 41MB C:/Users/Matt/AppData/Local/UnrealEngine/4.10/DerivedDataCache/Boot.ddc.
[2015.12.25-22.42.32:704][  0]LogInit: Texture streaming: Enabled
[2015.12.25-22.42.32:711][  0]LogAnalytics: Creating configured Analytics provider AnalyticsET
[2015.12.25-22.42.32:711][  0]LogAnalytics: [UEEditor.Rocket.Release] APIServer = http://et2.epicgames.com/ET2/. AppVersion = 4.10.1-2791327+++depot+UE4-Releases+4.10
[2015.12.25-22.42.32:711][  0]LogAnalytics: [UEEditor.Rocket.Release] SetUserId de43219841e5038bf49fbfa481591ee0|4e461f00ab6f49d29405414d884919d6|9448dfb4-8168-4a85-8046-6b7a073564d8
[2015.12.25-22.42.32:711][  0]LogAnalytics: [UEEditor.Rocket.Release] AnalyticsET::StartSession
[2015.12.25-22.42.32:733][  0]LogInit: Transaction tracking system initialized
[2015.12.25-22.42.32:766][  0]BlueprintLog: New page: Editor Load
[2015.12.25-22.42.32:860][  0]LocalizationService: Info Localization service is disabled
[2015.12.25-22.42.32:956][  0]LogConsoleResponse:Display: 
[2015.12.25-22.42.33:079][  0]LogCook:Display: Done creating registry. It took  0.00s.
[2015.12.25-22.42.33:204][  0]LogFileCache: Scanning file cache for directory 'C:/Users/Matt/Documents/GitHub/P3NGUIN/P3NGUIN/MyProject19/Content/' took 0.04s
[2015.12.25-22.42.33:204][  0]SourceControl: Info Source control is disabled
[2015.12.25-22.42.33:204][  0]Cmd: MAP LOAD FILE="../../../../../../Users/Matt/Documents/GitHub/P3NGUIN/P3NGUIN/MyProject19/Content/Maps/Basement_Blockout.umap" TEMPLATE=0 SHOWPROGRESS=1 FEATURELEVEL=3
[2015.12.25-22.42.33:205][  0]LightingResults: New page: Lighting Build
[2015.12.25-22.42.33:227][  0]MapCheck: New page: Map Check
[2015.12.25-22.42.33:227][  0]LightingResults: New page: Lighting Build
[2015.12.25-22.42.33:239][  0]LogParticles: Destroying 0 GPU particle simulations for FXSystem 0x000000001CEC2160
[2015.12.25-22.42.33:243][  0]LogLinker:Warning: Asset '../../../../../../Users/Matt/Documents/GitHub/P3NGUIN/P3NGUIN/MyProject19/Content/Mannequin/Animations/ThirdPerson_AnimBP.uasset' has been saved with empty engine version. The asset will be loaded but may be incompatible.
[2015.12.25-22.42.33:245][  0]LogLinker:Warning: Asset '../../../../../../Users/Matt/Documents/GitHub/P3NGUIN/P3NGUIN/MyProject19/Content/Mannequin/Animations/ThirdPerson_Jump.uasset' has been saved with empty engine version. The asset will be loaded but may be incompatible.
[2015.12.25-22.42.33:246][  0]LogLinker:Warning: Asset '../../../../../../Users/Matt/Documents/GitHub/P3NGUIN/P3NGUIN/MyProject19/Content/Mannequin/Animations/ThirdPersonJump_Loop.uasset' has been saved with empty engine version. The asset will be loaded but may be incompatible.
[2015.12.25-22.42.33:248][  0]LogLinker:Warning: Asset '../../../../../../Users/Matt/Documents/GitHub/P3NGUIN/P3NGUIN/MyProject19/Content/Mannequin/Animations/ThirdPersonJump_Start.uasset' has been saved with empty engine version. The asset will be loaded but may be incompatible.
[2015.12.25-22.42.33:249][  0]LogLinker:Warning: Asset '../../../../../../Users/Matt/Documents/GitHub/P3NGUIN/P3NGUIN/MyProject19/Content/Mannequin/Animations/ThirdPerson_IdleRun_2D.uasset' has been saved with empty engine version. The asset will be loaded but may be incompatible.
[2015.12.25-22.42.33:249][  0]LogLinker:Warning: Asset '../../../../../../Users/Matt/Documents/GitHub/P3NGUIN/P3NGUIN/MyProject19/Content/Mannequin/Animations/ThirdPersonIdle.uasset' has been saved with empty engine version. The asset will be loaded but may be incompatible.
[2015.12.25-22.42.33:250][  0]LogLinker:Warning: Asset '../../../../../../Users/Matt/Documents/GitHub/P3NGUIN/P3NGUIN/MyProject19/Content/Mannequin/Animations/ThirdPersonRun.uasset' has been saved with empty engine version. The asset will be loaded but may be incompatible.
[2015.12.25-22.42.33:251][  0]LogLinker:Warning: Asset '../../../../../../Users/Matt/Documents/GitHub/P3NGUIN/P3NGUIN/MyProject19/Content/Mannequin/Animations/ThirdPersonWalk.uasset' has been saved with empty engine version. The asset will be loaded but may be incompatible.
[2015.12.25-22.42.33:516][  0]LogBlueprint:Warning: [compiler WallSwitch] Warning 'Item' is already a 'Temporary Platform', you don't need  Cast To TemporaryPlatform .
[2015.12.25-22.42.33:518][  0]LogBlueprint:Warning: [compiler WallSwitch] Warning [0006.35] Compile of WallSwitch successful, but with 1 Warning(s) [in 7 ms]
[2015.12.25-22.42.33:518][  0]LogBlueprint:Warning: [compiler WallSwitch] Warning [0006.35] Compile of WallSwitch successful, but with 2 Warning(s) [in 0 ms]
[2015.12.25-22.42.33:518][  0]LogBlueprint:Warning: [compiler WallSwitch] Warning [0006.35] Compile of WallSwitch successful, but with 3 Warning(s) [in 0 ms]
[2015.12.25-22.42.33:526][  0]LogBlueprint:Warning: [compiler WallSwitch] Warning 'Item' is already a 'Temporary Platform', you don't need  Cast To TemporaryPlatform .
[2015.12.25-22.42.33:528][  0]LogBlueprint:Warning: [compiler WallSwitch] Warning [0006.36] Compile of WallSwitch successful, but with 1 Warning(s) [in 7 ms]
[2015.12.25-22.42.33:528][  0]LogBlueprint:Warning: [compiler WallSwitch] Warning [0006.36] Compile of WallSwitch successful, but with 2 Warning(s) [in 0 ms]
[2015.12.25-22.42.33:528][  0]LogBlueprint:Warning: [compiler WallSwitch] Warning [0006.36] Compile of WallSwitch successful, but with 3 Warning(s) [in 0 ms]
[2015.12.25-22.42.33:832][  0]LogAIModule: Creating AISystem for world Basement_Blockout
[2015.12.25-22.42.33:847][  0]LogEditorServer: Finished looking for orphan Actors (0.000 secs)
[2015.12.25-22.42.33:847][  0]Cmd: MAP CHECKDEP NOCLEARLOG
[2015.12.25-22.42.33:940][  0]MapCheck: Info Map check complete: 0 Error(s), 0 Warning(s), took 92.616ms to complete.
[2015.12.25-22.42.33:940][  0]LogFileHelpers: Loading map 'Basement_Blockout' took 0.736
[2015.12.25-22.42.34:046][  0]LogCollectionManager: Loaded 0 collections in 0.003076 seconds
[2015.12.25-22.42.34:095][  0]LogFileCache: Scanning file cache for directory 'C:/Users/Matt/Documents/GitHub/P3NGUIN/P3NGUIN/MyProject19/Saved/Collections/' took 0.01s
[2015.12.25-22.42.34:095][  0]LogFileCache: Scanning file cache for directory 'C:/Users/Matt/Documents/GitHub/P3NGUIN/P3NGUIN/MyProject19/Content/Developers/Matt/Collections/' took 0.00s
[2015.12.25-22.42.34:095][  0]LogFileCache: Scanning file cache for directory 'C:/Users/Matt/Documents/GitHub/P3NGUIN/P3NGUIN/MyProject19/Content/Collections/' took 0.00s
[2015.12.25-22.42.34:095][  0]LogCollectionManager: Rebuilt the GUID cache for 0 collections in 0.000002 seconds
[2015.12.25-22.42.34:106][  0]LogContentBrowser: Native class hierarchy populated in 0.0105 seconds. Added 1893 classes and 338 folders.
[2015.12.25-22.42.34:113][  0]LogContentBrowser: Native class hierarchy updated for 'WidgetCarousel' in 0.0005 seconds. Added 0 classes and 0 folders.
[2015.12.25-22.42.34:183][  0]LogContentBrowser: Native class hierarchy updated for 'AddContentDialog' in 0.0006 seconds. Added 0 classes and 0 folders.
[2015.12.25-22.42.34:188][  0]LogContentBrowser: Native class hierarchy updated for 'SceneOutliner' in 0.0005 seconds. Added 1 classes and 2 folders.
[2015.12.25-22.42.34:214][  0]LogContentBrowser: Native class hierarchy updated for 'WorldBrowser' in 0.0005 seconds. Added 1 classes and 3 folders.
[2015.12.25-22.42.34:222][  0]LogCrashTracker: Crashtracker disabled due to settings.
[2015.12.25-22.42.34:231][  0]LogUObjectGlobals:Warning: Failed to find object 'Class None.'
[2015.12.25-22.42.34:252][  0]LogLoad: Full Startup: 7.08 seconds (BP compile: 0.11 seconds)
[2015.12.25-22.42.34:273][  0]LogOcInput: Can't find Oculus library dev build: is proper Runtime installed? Version: 0.8.0.0
[2015.12.25-22.42.34:329][  0]LogContentStreaming: Texture pool size now 1000 MB
[2015.12.25-22.42.34:621][  0]LogRenderer: Reallocating scene render targets to support 892x516 (Frame:2).
[2015.12.25-22.42.34:933][  3]LogAssetRegistry: Asset discovery search completed in 3.3256 seconds
[2015.12.25-22.42.34:933][  3]LogCollectionManager: Rebuilt the object cache for 0 collections in 0.000001 seconds (found 0 objects)
[2015.12.25-22.42.34:933][  3]LogCollectionManager: Fixed up redirectors for 0 collections in 0.000020 seconds (updated 0 objects)
[2015.12.25-22.43.17:905][774]LogEditorViewport: Clicking on Actor (LMB): WallSwitch_C (WallSwitch)
[2015.12.25-22.43.21:548][ 87]LogBlueprint:Warning: [compiler ThirdPersonCharacter] Warning 'AbilitiesMenu' is already a 'Ability Menu', you don't need  Cast To AbilityMenu .
[2015.12.25-22.43.21:550][ 87]LogBlueprint:Warning: [compiler ThirdPersonCharacter] Warning 'PointerClass' is already a 'Pointer', you don't need  Cast To Pointer .
[2015.12.25-22.43.21:552][ 87]LogBlueprint:Warning: [compiler ThirdPersonCharacter] Warning No value will be returned by reference. Parameter 'EndTime'. Node:  (none) 
[2015.12.25-22.43.21:564][ 87]LogBlueprint:Warning: [compiler ThirdPersonCharacter] Warning 'SecondPointer' is already a 'Pointer 2', you don't need  Cast To Pointer2 .
[2015.12.25-22.43.21:581][ 87]LogBlueprint:Warning: [compiler ThirdPersonCharacter] Warning [0054.41] Compile of ThirdPersonCharacter successful, but with 4 Warning(s) [in 109 ms]
[2015.12.25-22.43.21:581][ 87]LogBlueprint:Warning: [compiler ThirdPersonCharacter] Warning [0054.41] Compile of ThirdPersonCharacter successful, but with 5 Warning(s) [in 0 ms]
[2015.12.25-22.43.21:582][ 87]LogBlueprint:Warning: [compiler ThirdPersonCharacter] Warning [0054.41] Compile of ThirdPersonCharacter successful, but with 6 Warning(s) [in 0 ms]
[2015.12.25-22.43.21:639][ 87]LogBlueprint:Warning: [compiler AbilityMenu] Warning 'ReturnValue' is already a 'Listed Item', you don't need  Cast To ListedItem .
[2015.12.25-22.43.21:639][ 87]LogBlueprint:Warning: [compiler AbilityMenu] Warning 'ReturnValue' is already a 'Listed Item', you don't need  Cast To ListedItem .
[2015.12.25-22.43.21:643][ 87]LogBlueprint:Warning: [compiler AbilityMenu] Warning [0054.47] Compile of AbilityMenu successful, but with 2 Warning(s) [in 26 ms]
[2015.12.25-22.43.21:645][ 87]LogBlueprint:Warning: [compiler AbilityMenu] Warning [0054.47] Compile of AbilityMenu successful, but with 3 Warning(s) [in 1 ms]
[2015.12.25-22.43.21:645][ 87]LogBlueprint:Warning: [compiler AbilityMenu] Warning [0054.47] Compile of AbilityMenu successful, but with 4 Warning(s) [in 0 ms]
[2015.12.25-22.43.21:680][ 87]LogBlueprint:Warning: [compiler FreeMovementLocator] Warning 'Third Person Character 2D' does not inherit from 'Player Controller' ( Cast To ThirdPersonCharacter2D  would always fail).
[2015.12.25-22.43.21:681][ 87]LogBlueprint:Warning: [compiler FreeMovementLocator] Warning [0054.51] Compile of FreeMovementLocator successful, but with 1 Warning(s) [in 2 ms]
[2015.12.25-22.43.21:681][ 87]LogBlueprint:Warning: [compiler FreeMovementLocator] Warning [0054.51] Compile of FreeMovementLocator successful, but with 2 Warning(s) [in 0 ms]
[2015.12.25-22.43.21:681][ 87]LogBlueprint:Warning: [compiler FreeMovementLocator] Warning [0054.51] Compile of FreeMovementLocator successful, but with 3 Warning(s) [in 0 ms]
[2015.12.25-22.43.22:174][ 87]LogBlueprint:Warning: [compiler ThirdPersonCharacter2D] Warning No value will be returned by reference. Parameter 'EndTime'. Node:  (none) 
[2015.12.25-22.43.22:190][ 87]LogBlueprint:Warning: [compiler ThirdPersonCharacter2D] Warning 'AbilitiesMenu' is already a 'Ability Menu', you don't need  Cast To AbilityMenu .
[2015.12.25-22.43.22:190][ 87]LogBlueprint:Warning: [compiler ThirdPersonCharacter2D] Warning 'ReturnValue' is already a 'Knife', you don't need  Cast To Knife .
[2015.12.25-22.43.22:199][ 87]LogBlueprint:Warning: [compiler ThirdPersonCharacter2D] Warning 'SecondPointer' is already a 'Pointer 2', you don't need  Cast To Pointer2 .
[2015.12.25-22.43.22:268][ 87]LogBlueprint:Warning: [compiler ThirdPersonCharacter2D] Warning [0055.10] Compile of ThirdPersonCharacter2D successful, but with 4 Warning(s) [in 172 ms]
[2015.12.25-22.43.22:269][ 87]LogBlueprint:Warning: [compiler ThirdPersonCharacter2D] Warning [0055.10] Compile of ThirdPersonCharacter2D successful, but with 5 Warning(s) [in 0 ms]
[2015.12.25-22.43.22:269][ 87]LogBlueprint:Warning: [compiler ThirdPersonCharacter2D] Warning [0055.10] Compile of ThirdPersonCharacter2D successful, but with 6 Warning(s) [in 0 ms]
[2015.12.25-22.43.22:274][ 87]LogBlueprint:Warning: [compiler FreeMovementLocator] Warning 'Third Person Character 2D' does not inherit from 'Player Controller' ( Cast To ThirdPersonCharacter2D  would always fail).
[2015.12.25-22.43.22:275][ 87]LogBlueprint:Warning: [compiler FreeMovementLocator] Warning [0055.10] Compile of FreeMovementLocator successful, but with 1 Warning(s) [in 2 ms]
[2015.12.25-22.43.22:275][ 87]LogBlueprint:Warning: [compiler FreeMovementLocator] Warning [0055.10] Compile of FreeMovementLocator successful, but with 2 Warning(s) [in 0 ms]
[2015.12.25-22.43.22:278][ 87]LogBlueprint:Warning: [compiler FreeMovementLocator] Warning [0055.11] Compile of FreeMovementLocator successful, but with 3 Warning(s) [in 3 ms]
[2015.12.25-22.43.22:344][ 87]LogBlueprint:Warning: [compiler AbilityMenu] Warning 'ReturnValue' is already a 'Listed Item', you don't need  Cast To ListedItem .
[2015.12.25-22.43.22:344][ 87]LogBlueprint:Warning: [compiler AbilityMenu] Warning 'ReturnValue' is already a 'Listed Item', you don't need  Cast To ListedItem .
[2015.12.25-22.43.22:348][ 87]LogBlueprint:Warning: [compiler AbilityMenu] Warning [0055.18] Compile of AbilityMenu successful, but with 2 Warning(s) [in 27 ms]
[2015.12.25-22.43.22:348][ 87]LogBlueprint:Warning: [compiler AbilityMenu] Warning [0055.18] Compile of AbilityMenu successful, but with 3 Warning(s) [in 0 ms]
[2015.12.25-22.43.22:353][ 87]LogBlueprint:Warning: [compiler AbilityMenu] Warning [0055.18] Compile of AbilityMenu successful, but with 4 Warning(s) [in 5 ms]
[2015.12.25-22.43.22:476][ 87]LogBlueprint:Warning: [compiler ThirdPersonCharacter] Warning 'AbilitiesMenu' is already a 'Ability Menu', you don't need  Cast To AbilityMenu .
[2015.12.25-22.43.22:479][ 87]LogBlueprint:Warning: [compiler ThirdPersonCharacter] Warning 'PointerClass' is already a 'Pointer', you don't need  Cast To Pointer .
[2015.12.25-22.43.22:480][ 87]LogBlueprint:Warning: [compiler ThirdPersonCharacter] Warning No value will be returned by reference. Parameter 'EndTime'. Node:  (none) 
[2015.12.25-22.43.22:491][ 87]LogBlueprint:Warning: [compiler ThirdPersonCharacter] Warning 'SecondPointer' is already a 'Pointer 2', you don't need  Cast To Pointer2 .
[2015.12.25-22.43.22:509][ 87]LogBlueprint:Warning: [compiler ThirdPersonCharacter] Warning [0055.34] Compile of ThirdPersonCharacter successful, but with 4 Warning(s) [in 110 ms]
[2015.12.25-22.43.22:509][ 87]LogBlueprint:Warning: [compiler ThirdPersonCharacter] Warning [0055.34] Compile of ThirdPersonCharacter successful, but with 5 Warning(s) [in 0 ms]
[2015.12.25-22.43.22:509][ 87]LogBlueprint:Warning: [compiler ThirdPersonCharacter] Warning [0055.34] Compile of ThirdPersonCharacter successful, but with 6 Warning(s) [in 0 ms]
[2015.12.25-22.43.22:627][ 87]LogBlueprint:Warning: [compiler ThirdPersonCharacter2D] Warning No value will be returned by reference. Parameter 'EndTime'. Node:  (none) 
[2015.12.25-22.43.22:642][ 87]LogBlueprint:Warning: [compiler ThirdPersonCharacter2D] Warning 'AbilitiesMenu' is already a 'Ability Menu', you don't need  Cast To AbilityMenu .
[2015.12.25-22.43.22:642][ 87]LogBlueprint:Warning: [compiler ThirdPersonCharacter2D] Warning 'ReturnValue' is already a 'Knife', you don't need  Cast To Knife .
[2015.12.25-22.43.22:651][ 87]LogBlueprint:Warning: [compiler ThirdPersonCharacter2D] Warning 'SecondPointer' is already a 'Pointer 2', you don't need  Cast To Pointer2 .
[2015.12.25-22.43.22:722][ 87]LogBlueprint:Warning: [compiler ThirdPersonCharacter2D] Warning [0055.55] Compile of ThirdPersonCharacter2D successful, but with 4 Warning(s) [in 175 ms]
[2015.12.25-22.43.22:722][ 87]LogBlueprint:Warning: [compiler ThirdPersonCharacter2D] Warning [0055.55] Compile of ThirdPersonCharacter2D successful, but with 5 Warning(s) [in 0 ms]
[2015.12.25-22.43.22:723][ 87]LogBlueprint:Warning: [compiler ThirdPersonCharacter2D] Warning [0055.55] Compile of ThirdPersonCharacter2D successful, but with 6 Warning(s) [in 0 ms]
[2015.12.25-22.43.24:342][195]LogLinker:Warning: Asset '../../../Engine/Content/ArtTools/RenderToTexture/Macros/RenderToTextureMacros.uasset' has been saved with empty engine version. The asset will be loaded but may be incompatible.
[2015.12.25-22.43.24:790][195]LogContentBrowser: Native class hierarchy updated for 'BlueprintGraph' in 0.0009 seconds. Added 107 classes and 0 folders.
[2015.12.25-22.43.48:443][397]LogEditorViewport: Clicking on Actor (LMB): WallSwitch_C (WallSwitch)
[2015.12.25-22.43.48:979][453]Cmd: DELETE
[2015.12.25-22.43.48:979][453]Cmd: ACTOR DELETE
[2015.12.25-22.43.48:980][453]LogEditorActor: Deleted Actor: WallSwitch_C
[2015.12.25-22.43.48:980][453]LogActorComponent: UnregisterComponent: (/Engine/Transient.CharMoveComp) Not registered. Aborting.
[2015.12.25-22.43.48:980][453]LogActorComponent: UnregisterComponent: (/Engine/Transient.CharacterMovementComponent_0) Not registered. Aborting.
[2015.12.25-22.43.49:047][453]LogParticles: Destroying 0 GPU particle simulations for FXSystem 0x000000003215C4A0
[2015.12.25-22.43.49:075][453]LogEditorActor: Deleted 1 Actors (0.096 secs)
[2015.12.25-22.43.49:576][513]LogEditorViewport: Clicking on Actor (LMB): Actor (Actor)
[2015.12.25-22.44.37:906][427]BlueprintLog: New page: Compile Basement_Blockout
[2015.12.25-22.44.37:953][427]LogActorComponent: UnregisterComponent: (/Engine/Transient.CharMoveComp) Not registered. Aborting.
[2015.12.25-22.44.37:953][427]LogActorComponent: UnregisterComponent: (/Engine/Transient.CharacterMovementComponent_1) Not registered. Aborting.
[2015.12.25-22.44.37:981][427]BlueprintEditorCompileResults: Info [0130.81] Compile of Basement_Blockout successful! [in 75 ms]
[2015.12.25-22.44.39:824][616]LogBlueprintUserMessages: Early PlayInEditor Detection: Level '/Game/Maps/Basement_Blockout.Basement_Blockout:PersistentLevel' has LevelScriptBlueprint '/Game/Maps/Basement_Blockout.Basement_Blockout:PersistentLevel.Basement_Blockout' with GeneratedClass '/Game/Maps/Basement_Blockout.Basement_Blockout_C' with ClassGeneratedBy '/Game/Maps/Basement_Blockout.Basement_Blockout:PersistentLevel.Basement_Blockout'
[2015.12.25-22.44.39:824][616]LogPlayLevel: PlayLevel: No blueprints needed recompiling
[2015.12.25-22.44.39:824][616]PIE: New page: PIE session: Basement_Blockout (Dec 25, 2015, 6:44:39 AM)
[2015.12.25-22.44.39:824][616]LogPlayLevel: Creating play world package: /Game/Maps/UEDPIE_0_Basement_Blockout
[2015.12.25-22.44.39:835][616]LogPlayLevel: PIE: StaticDuplicateObject took: (0.010968s)
[2015.12.25-22.44.39:836][616]LogAIModule: Creating AISystem for world Basement_Blockout
[2015.12.25-22.44.39:836][616]LogPlayLevel: PIE: World Init took: (0.000702s)
[2015.12.25-22.44.39:836][616]LogPlayLevel: PIE: Created PIE world by copying editor world from /Game/Maps/Basement_Blockout.Basement_Blockout to /Game/Maps/UEDPIE_0_Basement_Blockout.Basement_Blockout (0.011921s)
[2015.12.25-22.44.39:868][616]LogInit: XAudio2 using 'Speakers (Realtek High Definition Audio)' : 2 channels at 48 kHz using 32 bits per sample (channel mask 0x3)
[2015.12.25-22.44.39:906][616]LogInit: FAudioDevice initialized.
[2015.12.25-22.44.39:951][616]LogWorld: Game class is '2dFlipBookGameMode_C'
[2015.12.25-22.44.39:957][616]LogWorld: Bringing World /Game/Maps/UEDPIE_0_Basement_Blockout.Basement_Blockout up for play (max tick rate 0) at 2015.12.25-14.44.39
[2015.12.25-22.44.39:957][616]LogActor:Warning: GameSession /Game/Maps/UEDPIE_0_Basement_Blockout.Basement_Blockout:PersistentLevel.GameSession_0 has natively added scene component(s), but none of them were set as the actor's RootComponent - picking one arbitrarily
[2015.12.25-22.44.39:957][616]LogActor:Warning: GameNetworkManager /Game/Maps/UEDPIE_0_Basement_Blockout.Basement_Blockout:PersistentLevel.GameNetworkManager_0 has natively added scene component(s), but none of them were set as the actor's RootComponent - picking one arbitrarily
[2015.12.25-22.44.39:958][616]LogWorld: Bringing up level for play took: 0.005604
[2015.12.25-22.44.39:964][616]PIE: Info Play in editor start time for /Game/Maps/UEDPIE_0_Basement_Blockout -0.733
[2015.12.25-22.44.39:964][616]LogBlueprintUserMessages: Late PlayInEditor Detection: Level '/Game/Maps/Basement_Blockout.Basement_Blockout:PersistentLevel' has LevelScriptBlueprint '/Game/Maps/Basement_Blockout.Basement_Blockout:PersistentLevel.Basement_Blockout' with GeneratedClass '/Game/Maps/Basement_Blockout.Basement_Blockout_C' with ClassGeneratedBy '/Game/Maps/Basement_Blockout.Basement_Blockout:PersistentLevel.Basement_Blockout'
[2015.12.25-22.44.44:490][157]LogBlueprintUserMessages: [ThirdPersonCharacter2D_C_0] ZaWarudo
[2015.12.25-22.44.44:490][157]LogBlueprintUserMessages: [ThirdPersonCharacter2D_C_0] WallSwitch6
[2015.12.25-22.44.44:490][157]LogBlueprintUserMessages: [ThirdPersonCharacter2D_C_0] 0
[2015.12.25-22.44.44:491][157]LogScript:Warning: Accessed None 'CallFunc_SlotAsCanvasSlot_ReturnValue'
	ThirdPersonCharacter2D_C /Game/Maps/UEDPIE_0_Basement_Blockout.Basement_Blockout:PersistentLevel.ThirdPersonCharacter2D_C_0
	Function /Game/Blueprints/2D/Blueprints/Tests/ThirdPersonCharacter2D.ThirdPersonCharacter2D_C:MovePointer2:0125
[2015.12.25-22.44.44:491][157]PIE:Error: Error Accessed None 'CallFunc_SlotAsCanvasSlot_ReturnValue' from node Move Me Too in graph 'MovePointer2' in blueprint ThirdPersonCharacter2D
[2015.12.25-22.44.44:674][179]LogScript:Warning: Accessed None 'CallFunc_SlotAsCanvasSlot_ReturnValue'
	ThirdPersonCharacter2D_C /Game/Maps/UEDPIE_0_Basement_Blockout.Basement_Blockout:PersistentLevel.ThirdPersonCharacter2D_C_0
	Function /Game/Blueprints/2D/Blueprints/Tests/ThirdPersonCharacter2D.ThirdPersonCharacter2D_C:MovePointer2:0125
[2015.12.25-22.44.44:674][179]PIE:Error: Error Accessed None 'CallFunc_SlotAsCanvasSlot_ReturnValue' from node Move Me Too in graph 'MovePointer2' in blueprint ThirdPersonCharacter2D
[2015.12.25-22.44.45:042][223]LogScript:Warning: Accessed None 'CallFunc_SlotAsCanvasSlot_ReturnValue'
	ThirdPersonCharacter2D_C /Game/Maps/UEDPIE_0_Basement_Blockout.Basement_Blockout:PersistentLevel.ThirdPersonCharacter2D_C_0
	Function /Game/Blueprints/2D/Blueprints/Tests/ThirdPersonCharacter2D.ThirdPersonCharacter2D_C:MovePointer2:0125
[2015.12.25-22.44.45:042][223]PIE:Error: Error Accessed None 'CallFunc_SlotAsCanvasSlot_ReturnValue' from node Move Me Too in graph 'MovePointer2' in blueprint ThirdPersonCharacter2D
[2015.12.25-22.44.45:324][257]LogScript:Warning: UGameplayStatics::SpawnEmitterAttached: NULL AttachComponent specified!
[2015.12.25-22.44.47:634][533]LogBlueprintUserMessages: Early EndPlayMap Detection: Level '/Game/Maps/Basement_Blockout.Basement_Blockout:PersistentLevel' has LevelScriptBlueprint '/Game/Maps/Basement_Blockout.Basement_Blockout:PersistentLevel.Basement_Blockout' with GeneratedClass '/Game/Maps/Basement_Blockout.Basement_Blockout_C' with ClassGeneratedBy '/Game/Maps/Basement_Blockout.Basement_Blockout:PersistentLevel.Basement_Blockout'
[2015.12.25-22.44.47:677][533]LogBlueprintUserMessages: Late EndPlayMap Detection: Level '/Game/Maps/Basement_Blockout.Basement_Blockout:PersistentLevel' has LevelScriptBlueprint '/Game/Maps/Basement_Blockout.Basement_Blockout:PersistentLevel.Basement_Blockout' with GeneratedClass '/Game/Maps/Basement_Blockout.Basement_Blockout_C' with ClassGeneratedBy '/Game/Maps/Basement_Blockout.Basement_Blockout:PersistentLevel.Basement_Blockout'
[2015.12.25-22.44.47:716][533]LogParticles: Destroying 0 GPU particle simulations for FXSystem 0x0000000030D8D620
[2015.12.25-22.44.49:413][657]LogSavePackage: Save=119.436440ms
[2015.12.25-22.44.49:414][657]LogSavePackage: Moving '../../../../../../Users/Matt/Documents/GitHub/P3NGUIN/P3NGUIN/MyProject19/Saved/Basement_BlockoutD81EF3514A5641AFE7A308AEE511E0E8.tmp' to '../../../../../../Users/Matt/Documents/GitHub/P3NGUIN/P3NGUIN/MyProject19/Content/Maps/Basement_Blockout.umap'
[2015.12.25-22.44.49:417][657]LogSavePackage: Total save time: 152.343616ms
[2015.12.25-22.44.49:417][657]LogSavePackage:Display: Finished SavePackage ../../../../../../Users/Matt/Documents/GitHub/P3NGUIN/P3NGUIN/MyProject19/Content/Maps/Basement_Blockout.umap
[2015.12.25-22.44.49:492][657]LogFileHelpers: Saving map 'Basement_Blockout' took 0.363
[2015.12.25-22.44.50:895][795]LogActorComponent: UnregisterComponent: (/Engine/Transient.CharMoveComp) Not registered. Aborting.
[2015.12.25-22.44.50:895][795]LogActorComponent: UnregisterComponent: (/Engine/Transient.CharacterMovementComponent_2) Not registered. Aborting.
[2015.12.25-22.44.51:340][796]Cmd: QUIT_EDITOR
[2015.12.25-22.44.51:498][796]LogExit: Preparing to exit.
[2015.12.25-22.44.52:676][796]LogExit: Editor shut down
[2015.12.25-22.44.52:676][796]LogExit: Transaction tracking system shut down
[2015.12.25-22.44.52:677][796]LogParticles: Destroying 0 GPU particle simulations for FXSystem 0x0000000011FEAFC0
[2015.12.25-22.44.52:678][796]LogParticles: Destroying 0 GPU particle simulations for FXSystem 0x0000000026232980
[2015.12.25-22.44.52:678][796]LogParticles: Destroying 0 GPU particle simulations for FXSystem 0x0000000026643C40
[2015.12.25-22.44.52:678][796]LogParticles: Destroying 0 GPU particle simulations for FXSystem 0x0000000027F0F060
[2015.12.25-22.44.52:678][796]LogParticles: Destroying 0 GPU particle simulations for FXSystem 0x0000000027F0EAC0
[2015.12.25-22.44.52:678][796]LogParticles: Destroying 0 GPU particle simulations for FXSystem 0x000000002DB2AE80
[2015.12.25-22.44.52:683][796]LogParticles: Destroying 0 GPU particle simulations for FXSystem 0x000000000F287100
[2015.12.25-22.44.52:865][796]LogExit: Object subsystem successfully closed.
[2015.12.25-22.44.52:878][796]LogD3D11RHI: Shutdown
[2015.12.25-22.44.52:878][796]LogD3D11RHI: CleanupD3DDevice
[2015.12.25-22.44.52:904][796]LogD3D11RHI: ~FD3D11DynamicRHI
[2015.12.25-22.44.52:934][796]LogModuleManager: Shutting down and abandoning module CookingStats (201)
[2015.12.25-22.44.52:934][796]LogModuleManager: Shutting down and abandoning module BlueprintGraph (200)
[2015.12.25-22.44.52:934][796]LogModuleManager: Shutting down and abandoning module CrashTracker (199)
[2015.12.25-22.44.52:934][796]LogModuleManager: Shutting down and abandoning module WorldBrowser (198)
[2015.12.25-22.44.52:935][796]LogModuleManager: Shutting down and abandoning module SceneOutliner (197)
[2015.12.25-22.44.52:935][796]LogModuleManager: Shutting down and abandoning module SuperSearch (196)
[2015.12.25-22.44.52:935][796]LogModuleManager: Shutting down and abandoning module WidgetCarousel (195)
[2015.12.25-22.44.52:935][796]LogModuleManager: Shutting down and abandoning module AddContentDialog (194)
[2015.12.25-22.44.52:936][796]LogModuleManager: Shutting down and abandoning module EditorWidgets (193)
[2015.12.25-22.44.52:936][796]LogModuleManager: Shutting down and abandoning module CollectionManager (192)
[2015.12.25-22.44.52:936][796]LogModuleManager: Shutting down and abandoning module StatsViewer (191)
[2015.12.25-22.44.52:936][796]LogModuleManager: Shutting down and abandoning module FoliageEdit (190)
[2015.12.25-22.44.52:936][796]LogModuleManager: Shutting down and abandoning module LandscapeEditor (189)
[2015.12.25-22.44.52:936][796]LogModuleManager: Shutting down and abandoning module ActorPickerMode (188)
[2015.12.25-22.44.52:936][796]LogModuleManager: Shutting down and abandoning module GeometryMode (187)
[2015.12.25-22.44.52:936][796]LogModuleManager: Shutting down and abandoning module TextureAlignMode (186)
[2015.12.25-22.44.52:936][796]LogModuleManager: Shutting down and abandoning module BspMode (185)
[2015.12.25-22.44.52:936][796]LogModuleManager: Shutting down and abandoning module PlacementMode (184)
[2015.12.25-22.44.52:936][796]LogModuleManager: Shutting down and abandoning module AutomationWorker (183)
[2015.12.25-22.44.52:936][796]LogModuleManager: Shutting down and abandoning module CharacterAI (182)
[2015.12.25-22.44.52:936][796]LogModuleManager: Shutting down and abandoning module SmartSnapping (181)
[2015.12.25-22.44.52:936][796]LogModuleManager: Shutting down and abandoning module ViewportSnapping (180)
[2015.12.25-22.44.52:936][796]LogModuleManager: Shutting down and abandoning module LogVisualizer (179)
[2015.12.25-22.44.52:936][796]LogModuleManager: Shutting down and abandoning module GameProjectGeneration (178)
[2015.12.25-22.44.52:936][796]LogModuleManager: Shutting down and abandoning module IntroTutorials (177)
[2015.12.25-22.44.52:936][796]LogModuleManager: Shutting down and abandoning module EditorLiveStreaming (176)
[2015.12.25-22.44.52:936][796]LogModuleManager: Shutting down and abandoning module IOSPlatformEditor (175)
[2015.12.25-22.44.52:936][796]LogModuleManager: Shutting down and abandoning module HTML5PlatformEditor (174)
[2015.12.25-22.44.52:936][796]LogModuleManager: Shutting down and abandoning module AndroidDeviceDetection (173)
[2015.12.25-22.44.52:951][796]LogModuleManager: Shutting down and abandoning module AndroidPlatformEditor (172)
[2015.12.25-22.44.52:951][796]LogModuleManager: Shutting down and abandoning module IOSRuntimeSettings (171)
[2015.12.25-22.44.52:951][796]LogModuleManager: Shutting down and abandoning module AndroidRuntimeSettings (170)
[2015.12.25-22.44.52:951][796]LogModuleManager: Shutting down and abandoning module MergeActors (169)
[2015.12.25-22.44.52:951][796]LogModuleManager: Shutting down and abandoning module SizeMap (168)
[2015.12.25-22.44.52:951][796]LogModuleManager: Shutting down and abandoning module TreeMap (167)
[2015.12.25-22.44.52:951][796]LogModuleManager: Shutting down and abandoning module ReferenceViewer (166)
[2015.12.25-22.44.52:951][796]LogModuleManager: Shutting down and abandoning module LocalizationService (165)
[2015.12.25-22.44.52:951][796]LogModuleManager: Shutting down and abandoning module LocalizationDashboard (164)
[2015.12.25-22.44.52:951][796]LogModuleManager: Shutting down and abandoning module HardwareTargeting (163)
[2015.12.25-22.44.52:951][796]LogModuleManager: Shutting down and abandoning module DeviceProfileEditor (162)
[2015.12.25-22.44.52:951][796]LogModuleManager: Shutting down and abandoning module UndoHistory (161)
[2015.12.25-22.44.52:951][796]LogModuleManager: Shutting down and abandoning module GameplayTagsEditor (160)
[2015.12.25-22.44.52:951][796]LogModuleManager: Shutting down and abandoning module UserFeedback (159)
[2015.12.25-22.44.52:951][796]LogModuleManager: Shutting down and abandoning module XmlParser (158)
[2015.12.25-22.44.52:951][796]LogModuleManager: Shutting down and abandoning module Blutility (157)
[2015.12.25-22.44.52:951][796]LogModuleManager: Shutting down and abandoning module ProjectTargetPlatformEditor (156)
[2015.12.25-22.44.52:951][796]LogModuleManager: Shutting down and abandoning module ProjectSettingsViewer (155)
[2015.12.25-22.44.52:951][796]LogModuleManager: Shutting down and abandoning module InputBindingEditor (154)
[2015.12.25-22.44.52:951][796]LogModuleManager: Shutting down and abandoning module EditorSettingsViewer (153)
[2015.12.25-22.44.52:951][796]LogModuleManager: Shutting down and abandoning module SettingsEditor (152)
[2015.12.25-22.44.52:951][796]LogModuleManager: Shutting down and abandoning module ProjectLauncher (151)
[2015.12.25-22.44.52:952][796]LogModuleManager: Shutting down and abandoning module SessionFrontend (150)
[2015.12.25-22.44.52:952][796]LogModuleManager: Shutting down and abandoning module ProfilerClient (149)
[2015.12.25-22.44.52:952][796]LogModuleManager: Shutting down and abandoning module TargetDeviceServices (148)
[2015.12.25-22.44.52:952][796]LogModuleManager: Shutting down and abandoning module DeviceManager (147)
[2015.12.25-22.44.52:952][796]LogModuleManager: Shutting down and abandoning module AutomationController (146)
[2015.12.25-22.44.52:952][796]LogModuleManager: Shutting down and abandoning module AutomationWindow (145)
[2015.12.25-22.44.52:952][796]LogModuleManager: Shutting down and abandoning module Layers (144)
[2015.12.25-22.44.52:952][796]LogModuleManager: Shutting down and abandoning module ComponentVisualizers (143)
[2015.12.25-22.44.52:952][796]LogModuleManager: Shutting down and abandoning module DetailCustomizations (142)
[2015.12.25-22.44.52:952][796]LogModuleManager: Shutting down and abandoning module PackagesDialog (141)
[2015.12.25-22.44.52:952][796]LogModuleManager: Shutting down and abandoning module Persona (140)
[2015.12.25-22.44.52:952][796]LogModuleManager: Shutting down and abandoning module Kismet (139)
[2015.12.25-22.44.52:952][796]LogModuleManager: Shutting down and abandoning module GraphEditor (138)
[2015.12.25-22.44.52:952][796]LogModuleManager: Shutting down and abandoning module ClassViewer (137)
[2015.12.25-22.44.52:953][796]LogModuleManager: Shutting down and abandoning module Toolbox (136)
[2015.12.25-22.44.52:953][796]LogModuleManager: Shutting down and abandoning module ModuleUI (135)
[2015.12.25-22.44.52:953][796]LogModuleManager: Shutting down and abandoning module MovieSceneTools (134)
[2015.12.25-22.44.52:953][796]LogModuleManager: Shutting down and abandoning module OutputLog (133)
[2015.12.25-22.44.52:953][796]LogModuleManager: Shutting down and abandoning module GammaUI (132)
[2015.12.25-22.44.52:953][796]LogModuleManager: Shutting down and abandoning module Documentation (131)
[2015.12.25-22.44.52:953][796]LogModuleManager: Shutting down and abandoning module GameLiveStreaming (130)
[2015.12.25-22.44.52:953][796]LogModuleManager: Shutting down and abandoning module StreamingPauseRendering (129)
[2015.12.25-22.44.52:953][796]LogModuleManager: Shutting down and abandoning module AnalyticsET (128)
[2015.12.25-22.44.52:953][796]LogModuleManager: Shutting down and abandoning module Analytics (127)
[2015.12.25-22.44.52:953][796]LogModuleManager: Shutting down and abandoning module AITestSuite (126)
[2015.12.25-22.44.52:953][796]LogModuleManager: Shutting down and abandoning module GameplayDebugger (125)
[2015.12.25-22.44.52:953][796]LogModuleManager: Shutting down and abandoning module AIModule (124)
[2015.12.25-22.44.52:953][796]LogModuleManager: Shutting down and abandoning module ProfilerService (123)
[2015.12.25-22.44.53:187][796]LogModuleManager: Shutting down and abandoning module TaskGraph (122)
[2015.12.25-22.44.53:187][796]LogModuleManager: Shutting down and abandoning module SlateRemote (121)
[2015.12.25-22.44.53:187][796]LogModuleManager: Shutting down and abandoning module SteamVRController (120)
[2015.12.25-22.44.53:187][796]LogModuleManager: Shutting down and abandoning module SteamVR (119)
[2015.12.25-22.44.53:187][796]LogModuleManager: Shutting down and abandoning module ProceduralMeshComponent (118)
[2015.12.25-22.44.53:187][796]LogModuleManager: Shutting down and abandoning module OculusLibrary (117)
[2015.12.25-22.44.53:187][796]LogModuleManager: Shutting down and abandoning module OculusInput (116)
[2015.12.25-22.44.53:187][796]LogModuleManager: Shutting down and abandoning module LeapMotionController (115)
[2015.12.25-22.44.53:199][796]LogModuleManager: Shutting down and abandoning module CustomMeshComponent (114)
[2015.12.25-22.44.53:199][796]LogModuleManager: Shutting down and abandoning module CableComponent (113)
[2015.12.25-22.44.53:199][796]LogModuleManager: Shutting down and abandoning module ArchVisCharacter (112)
[2015.12.25-22.44.53:199][796]LogModuleManager: Shutting down and abandoning module MessagingDebugger (111)
[2015.12.25-22.44.53:199][796]LogModuleManager: Shutting down and abandoning module MediaPlayerEditor (110)
[2015.12.25-22.44.53:199][796]LogModuleManager: Shutting down and abandoning module HTML5Networking (109)
[2015.12.25-22.44.53:199][796]LogModuleManager: Shutting down and abandoning module SpeedTreeImporter (108)
[2015.12.25-22.44.53:199][796]LogModuleManager: Shutting down and abandoning module PluginBrowser (107)
[2015.12.25-22.44.53:199][796]LogModuleManager: Shutting down and abandoning module EpicSurvey (106)
[2015.12.25-22.44.53:199][796]LogModuleManager: Shutting down and abandoning module DesktopPlatform (105)
[2015.12.25-22.44.53:199][796]LogModuleManager: Shutting down and abandoning module VisualStudioSourceCodeAccess (104)
[2015.12.25-22.44.53:199][796]LogModuleManager: Shutting down and abandoning module UObjectPlugin (103)
[2015.12.25-22.44.53:199][796]LogModuleManager: Shutting down and abandoning module SubversionSourceControl (102)
[2015.12.25-22.44.53:199][796]LogModuleManager: Shutting down and abandoning module PerforceSourceControl (101)
[2015.12.25-22.44.53:199][796]LogModuleManager: Shutting down and abandoning module SourceControl (100)
[2015.12.25-22.44.53:199][796]LogModuleManager: Shutting down and abandoning module GitSourceControl (99)
[2015.12.25-22.44.53:199][796]LogModuleManager: Shutting down and abandoning module LightPropagationVolumeEditor (98)
[2015.12.25-22.44.53:199][796]LogModuleManager: Shutting down and abandoning module PaperTiledImporter (97)
[2015.12.25-22.44.53:199][796]LogModuleManager: Shutting down and abandoning module PaperSpriteSheetImporter (96)
[2015.12.25-22.44.53:199][796]LogModuleManager: Shutting down and abandoning module MeshPaint (95)
[2015.12.25-22.44.53:199][796]LogModuleManager: Shutting down and abandoning module SlateReflector (94)
[2015.12.25-22.44.53:199][796]LogModuleManager: Shutting down and abandoning module HotReload (93)
[2015.12.25-22.44.53:200][796]LogModuleManager: Shutting down and abandoning module MainFrame (92)
[2015.12.25-22.44.53:200][796]LogModuleManager: Shutting down and abandoning module LevelEditor (91)
[2015.12.25-22.44.53:200][796]LogModuleManager: Shutting down and abandoning module DirectoryWatcher (90)
[2015.12.25-22.44.53:201][796]LogModuleManager: Shutting down and abandoning module AssetRegistry (89)
[2015.12.25-22.44.53:292][796]LogModuleManager: Shutting down and abandoning module ContentBrowser (88)
[2015.12.25-22.44.53:293][796]LogModuleManager: Shutting down and abandoning module Paper2DEditor (87)
[2015.12.25-22.44.53:293][796]LogModuleManager: Shutting down and abandoning module UdpMessaging (86)
[2015.12.25-22.44.53:397][796]LogModuleManager: Shutting down and abandoning module LightPropagationVolumeRuntime (85)
[2015.12.25-22.44.53:397][796]LogModuleManager: Shutting down and abandoning module Paper2D (84)
[2015.12.25-22.44.53:397][796]LogModuleManager: Shutting down and abandoning module WindowsMoviePlayer (83)
[2015.12.25-22.44.53:400][796]LogModuleManager: Shutting down and abandoning module Media (82)
[2015.12.25-22.44.53:400][796]LogModuleManager: Shutting down and abandoning module WmfMedia (81)
[2015.12.25-22.44.53:433][796]LogModuleManager: Shutting down and abandoning module OnlineBlueprintSupport (80)
[2015.12.25-22.44.53:433][796]LogModuleManager: Shutting down and abandoning module GameplayTasksEditor (79)
[2015.12.25-22.44.53:433][796]LogModuleManager: Shutting down and abandoning module PropertyEditor (78)
[2015.12.25-22.44.53:433][796]LogModuleManager: Shutting down and abandoning module BehaviorTreeEditor (77)
[2015.12.25-22.44.53:433][796]LogModuleManager: Shutting down and abandoning module FunctionalTesting (76)
[2015.12.25-22.44.53:433][796]LogModuleManager: Shutting down and abandoning module CollisionAnalyzer (75)
[2015.12.25-22.44.53:433][796]LogModuleManager: Shutting down and abandoning module WorkspaceMenuStructure (74)
[2015.12.25-22.44.53:433][796]LogModuleManager: Shutting down and abandoning module MessageLog (73)
[2015.12.25-22.44.53:433][796]LogModuleManager: Shutting down and abandoning module Sequencer (72)
[2015.12.25-22.44.53:433][796]LogModuleManager: Shutting down and abandoning module AssetTools (71)
[2015.12.25-22.44.53:433][796]LogModuleManager: Shutting down and abandoning module UMGEditor (70)
[2015.12.25-22.44.53:433][796]LogModuleManager: Shutting down and abandoning module UMG (69)
[2015.12.25-22.44.53:433][796]LogModuleManager: Shutting down and abandoning module Slate (68)
[2015.12.25-22.44.53:433][796]LogModuleManager: Shutting down and abandoning module EditorStyle (67)
[2015.12.25-22.44.53:436][796]LogModuleManager: Shutting down and abandoning module SessionServices (66)
[2015.12.25-22.44.53:436][796]LogModuleManager: Shutting down and abandoning module SourceCodeAccess (65)
[2015.12.25-22.44.53:436][796]LogModuleManager: Shutting down and abandoning module HeadMountedDisplay (64)
[2015.12.25-22.44.53:436][796]LogModuleManager: Shutting down and abandoning module XAudio2 (63)
[2015.12.25-22.44.53:436][796]LogModuleManager: Shutting down and abandoning module Networking (61)
[2015.12.25-22.44.53:436][796]LogModuleManager: Shutting down and abandoning module Core (60)
[2015.12.25-22.44.53:436][796]LogModuleManager: Shutting down and abandoning module KismetCompiler (59)
[2015.12.25-22.44.53:436][796]LogModuleManager: Shutting down and abandoning module PhysXFormats (58)
[2015.12.25-22.44.53:436][796]LogModuleManager: Shutting down and abandoning module MeshUtilities (57)
[2015.12.25-22.44.53:436][796]LogModuleManager: Shutting down and abandoning module DerivedDataCache (56)
[2015.12.25-22.44.53:438][796]LogDerivedDataCache: Shutdown
[2015.12.25-22.44.53:438][796]LogModuleManager: Shutting down and abandoning module ShaderFormatOpenGL (55)
[2015.12.25-22.44.53:438][796]LogModuleManager: Shutting down and abandoning module ShaderFormatD3D (54)
[2015.12.25-22.44.53:438][796]LogModuleManager: Shutting down and abandoning module MetalShaderFormat (53)
[2015.12.25-22.44.53:438][796]LogModuleManager: Shutting down and abandoning module TextureFormatUncompressed (52)
[2015.12.25-22.44.53:438][796]LogModuleManager: Shutting down and abandoning module TextureFormatPVR (51)
[2015.12.25-22.44.53:438][796]LogModuleManager: Shutting down and abandoning module TextureFormatIntelISPCTexComp (50)
[2015.12.25-22.44.53:438][796]LogModuleManager: Shutting down and abandoning module TextureFormatDXT (49)
[2015.12.25-22.44.53:438][796]LogModuleManager: Shutting down and abandoning module ImageWrapper (48)
[2015.12.25-22.44.53:438][796]LogModuleManager: Shutting down and abandoning module TextureFormatASTC (47)
[2015.12.25-22.44.53:438][796]LogModuleManager: Shutting down and abandoning module TextureFormatAndroid (46)
[2015.12.25-22.44.53:438][796]LogModuleManager: Shutting down and abandoning module AudioFormatOpus (45)
[2015.12.25-22.44.53:438][796]LogModuleManager: Shutting down and abandoning module AudioFormatOgg (44)
[2015.12.25-22.44.53:438][796]LogModuleManager: Shutting down and abandoning module AudioFormatADPCM (43)
[2015.12.25-22.44.53:438][796]LogModuleManager: Shutting down and abandoning module LinuxTargetPlatform (42)
[2015.12.25-22.44.53:438][796]LogModuleManager: Shutting down and abandoning module LinuxServerTargetPlatform (41)
[2015.12.25-22.44.53:438][796]LogModuleManager: Shutting down and abandoning module LinuxNoEditorTargetPlatform (40)
[2015.12.25-22.44.53:438][796]LogModuleManager: Shutting down and abandoning module Messaging (39)
[2015.12.25-22.44.53:438][796]LogModuleManager: Shutting down and abandoning module IOSTargetPlatform (38)
[2015.12.25-22.44.53:438][796]LogModuleManager: Shutting down and abandoning module HTML5TargetPlatform (37)
[2015.12.25-22.44.53:438][796]LogModuleManager: Shutting down and abandoning module Android_PVRTCTargetPlatform (36)
[2015.12.25-22.44.53:438][796]LogModuleManager: Shutting down and abandoning module Android_MultiTargetPlatform (35)
[2015.12.25-22.44.53:438][796]LogModuleManager: Shutting down and abandoning module Android_ETC2TargetPlatform (34)
[2015.12.25-22.44.53:438][796]LogModuleManager: Shutting down and abandoning module Android_ETC1TargetPlatform (33)
[2015.12.25-22.44.53:438][796]LogModuleManager: Shutting down and abandoning module Android_DXTTargetPlatform (32)
[2015.12.25-22.44.53:438][796]LogModuleManager: Shutting down and abandoning module Android_ATCTargetPlatform (31)
[2015.12.25-22.44.53:438][796]LogModuleManager: Shutting down and abandoning module Android_ASTCTargetPlatform (30)
[2015.12.25-22.44.53:438][796]LogModuleManager: Shutting down and abandoning module AndroidTargetPlatform (29)
[2015.12.25-22.44.53:438][796]LogModuleManager: Shutting down and abandoning module WindowsTargetPlatform (28)
[2015.12.25-22.44.53:438][796]LogModuleManager: Shutting down and abandoning module WindowsServerTargetPlatform (27)
[2015.12.25-22.44.53:438][796]LogModuleManager: Shutting down and abandoning module WindowsNoEditorTargetPlatform (26)
[2015.12.25-22.44.53:438][796]LogModuleManager: Shutting down and abandoning module WindowsClientTargetPlatform (25)
[2015.12.25-22.44.53:438][796]LogModuleManager: Shutting down and abandoning module AllDesktopTargetPlatform (24)
[2015.12.25-22.44.53:438][796]LogModuleManager: Shutting down and abandoning module TargetPlatform (23)
[2015.12.25-22.44.53:438][796]LogModuleManager: Shutting down and abandoning module InputCore (22)
[2015.12.25-22.44.53:439][796]LogModuleManager: Shutting down and abandoning module Settings (21)
[2015.12.25-22.44.53:439][796]LogModuleManager: Shutting down and abandoning module OnlineSubsystem (19)
[2015.12.25-22.44.53:439][796]LogModuleManager: Shutting down and abandoning module HTTP (18)
[2015.12.25-22.44.55:442][796]LogModuleManager: Shutting down and abandoning module XMPP (17)
[2015.12.25-22.44.55:442][796]LogModuleManager: Shutting down and abandoning module OculusRift (16)
[2015.12.25-22.44.55:442][796]LogModuleManager: Shutting down and abandoning module ExampleDeviceProfileSelector (15)
[2015.12.25-22.44.55:442][796]LogModuleManager: Shutting down and abandoning module TextureCompressor (14)
[2015.12.25-22.44.55:442][796]LogModuleManager: Shutting down and abandoning module ShaderCore (13)
[2015.12.25-22.44.55:442][796]LogModuleManager: Shutting down and abandoning module Landscape (12)
[2015.12.25-22.44.55:442][796]LogModuleManager: Shutting down and abandoning module SlateRHIRenderer (11)
[2015.12.25-22.44.55:443][796]LogModuleManager: Shutting down and abandoning module OpenGLDrv (10)
[2015.12.25-22.44.55:443][796]LogModuleManager: Shutting down and abandoning module D3D11RHI (9)
[2015.12.25-22.44.55:443][796]LogModuleManager: Shutting down and abandoning module AnimGraphRuntime (8)
[2015.12.25-22.44.55:443][796]LogModuleManager: Shutting down and abandoning module Renderer (7)
[2015.12.25-22.44.55:443][796]LogModuleManager: Shutting down and abandoning module Engine (6)
[2015.12.25-22.44.55:443][796]LogModuleManager: Shutting down and abandoning module CoreUObject (5)
[2015.12.25-22.44.55:443][796]LogModuleManager: Shutting down and abandoning module NetworkFile (4)
[2015.12.25-22.44.55:443][796]LogModuleManager: Shutting down and abandoning module StreamingFile (3)
[2015.12.25-22.44.55:443][796]LogModuleManager: Shutting down and abandoning module SandboxFile (2)
[2015.12.25-22.44.55:443][796]LogModuleManager: Shutting down and abandoning module PakFile (1)
[2015.12.25-22.44.55:444][796]LogExit: Exiting.
[2015.12.25-22.44.55:445][796]Log file closed, 12/25/15 14:44:55
