[2015.11.30-00.40.14:287][  0]Log file open, 11/29/15 16:40:14
[2015.11.30-00.40.14:287][  0]LogInit:Display: Running engine without a game
[2015.11.30-00.40.14:287][  0]LogInit:Display: Loading recent project file: C:/Users/Matt/Documents/GitHub/P3NGUIN/MyProject19/MyProject19.uproject
[2015.11.30-00.40.14:287][  0]LogInit:Display: RandInit(1808904120) SRandInit(1808904121).
[2015.11.30-00.40.14:287][  0]LogTaskGraph: Started task graph with 4 named threads and 7 total threads.
[2015.11.30-00.40.14:287][  0]LogStats: Stats thread started at 0.077384
[2015.11.30-00.40.14:287][  0]LogInit: Version: 4.9.2-2707645+++depot+UE4-Releases+4.9
[2015.11.30-00.40.14:287][  0]LogInit: API Version: 2672455
[2015.11.30-00.40.14:287][  0]LogInit: Compiled (64-bit): Sep 28 2015 10:25:44
[2015.11.30-00.40.14:287][  0]LogInit: Compiled with Visual C++: 18.00.21005.01
[2015.11.30-00.40.14:287][  0]LogInit: Build Configuration: Development
[2015.11.30-00.40.14:287][  0]LogInit: Branch Name: ++depot+UE4-Releases+4.9
[2015.11.30-00.40.14:287][  0]LogInit: Command line: 
[2015.11.30-00.40.14:287][  0]LogInit: Base directory: C:/Program Files/Epic Games/4.9/Engine/Binaries/Win64/
[2015.11.30-00.40.14:287][  0]LogInit: Rocket: 1
[2015.11.30-00.40.14:296][  0]LogInit: Using libcurl 7.41.0
[2015.11.30-00.40.14:296][  0]LogInit:  - built for x86_64-pc-win32
[2015.11.30-00.40.14:296][  0]LogInit:  - supports SSL with WinSSL
[2015.11.30-00.40.14:296][  0]LogInit:  - other features:
[2015.11.30-00.40.14:296][  0]LogInit:      CURL_VERSION_SSL
[2015.11.30-00.40.14:296][  0]LogInit:      CURL_VERSION_IPV6
[2015.11.30-00.40.14:296][  0]LogInit:      CURL_VERSION_ASYNCHDNS
[2015.11.30-00.40.14:296][  0]LogInit:      CURL_VERSION_LARGEFILE
[2015.11.30-00.40.14:296][  0]LogInit:      CURL_VERSION_IDN
[2015.11.30-00.40.14:297][  0]LogInit:  CurlRequestOptions (configurable via config and command line):
[2015.11.30-00.40.14:297][  0]LogInit:  - bVerifyPeer = true  - Libcurl will verify peer certificate
[2015.11.30-00.40.14:297][  0]LogInit:  - bUseHttpProxy = false  - Libcurl will NOT use HTTP proxy
[2015.11.30-00.40.14:297][  0]LogInit:  - bDontReuseConnections = false  - Libcurl will reuse connections
[2015.11.30-00.40.14:297][  0]LogInit:  - CertBundlePath = nullptr  - Libcurl will use whatever was configured at build time.
[2015.11.30-00.40.14:304][  0]LogInit: Presizing for 0 objects not considered by GC, pre-allocating 0 bytes.
[2015.11.30-00.40.14:313][  0]LogInit: Object subsystem initialized
[2015.11.30-00.40.14:314][  0]LogInit: Selected Device Profile: [Windows]
[2015.11.30-00.40.14:314][  0]LogInit: Applying CVar settings loaded from the selected device profile: [Windows]
[2015.11.30-00.40.14:323][  0]LogInit: Computer: MATT-PC
[2015.11.30-00.40.14:323][  0]LogInit: User: Matt
[2015.11.30-00.40.14:323][  0]LogInit: CPU Page size=4096, Cores=4
[2015.11.30-00.40.14:323][  0]LogInit: High frequency timer resolution =3.020507 MHz
[2015.11.30-00.40.14:323][  0]LogMemory: Memory total: Physical=7.9GB (8GB approx)
[2015.11.30-00.40.14:323][  0]LogMemory: Platform Memory Stats for Windows
[2015.11.30-00.40.14:323][  0]LogMemory: Process Physical Memory: 54.48 MB used, 54.48 MB peak
[2015.11.30-00.40.14:323][  0]LogMemory: Process Virtual Memory: 56.39 MB used, 56.39 MB peak
[2015.11.30-00.40.14:323][  0]LogMemory: Physical Memory: 5322.66 MB used, 8109.12 MB total
[2015.11.30-00.40.14:323][  0]LogMemory: Virtual Memory: 337.04 MB used, 8388608.00 MB total
[2015.11.30-00.40.14:359][  0]LogTextLocalizationManager: No specific translations for ('en-US') exist, so ('en') translations will be used.
[2015.11.30-00.40.15:375][  0]LogD3D11RHI: Found D3D11 adapter 0: AMD Radeon HD 7800 Series (Feature Level 11_0)
[2015.11.30-00.40.15:375][  0]LogD3D11RHI: Adapter has 2029MB of dedicated video memory, 0MB of dedicated system memory, and 3798MB of shared system memory, 1 output[s]
[2015.11.30-00.40.15:382][  0]LogD3D11RHI: Found D3D11 adapter 1: Intel(R) HD Graphics (Feature Level 11_0)
[2015.11.30-00.40.15:382][  0]LogD3D11RHI: Adapter has 64MB of dedicated video memory, 0MB of dedicated system memory, and 1632MB of shared system memory, 0 output[s]
[2015.11.30-00.40.15:382][  0]LogD3D11RHI: Chosen D3D11 Adapter Id = 0
[2015.11.30-00.40.15:387][  0]LogD3D11RHI: !Direct3DDevice
[2015.11.30-00.40.15:387][  0]LogRHI: Texture pool is 1361 MB (70% of 1945 MB)
[2015.11.30-00.40.15:390][  0]LogD3D11RHI: Async texture creation disabled: no driver support
[2015.11.30-00.40.15:400][  0]LogShaderCompilers: Guid format shader working directory is 14 characters bigger than the processId version (../../../../../../Users/Matt/Documents/GitHub/P3NGUIN/MyProject19/Intermediate/Shaders/WorkingDirectory/18396/).
[2015.11.30-00.40.15:400][  0]LogShaderCompilers: Cleaned the shader compiler working directory '../../../../../../Users/Matt/Documents/GitHub/P3NGUIN/MyProject19/Intermediate/Shaders/tmp/93A6B93142519DF5393FE1AF4BF15D53/'.
[2015.11.30-00.40.15:400][  0]LogShaderCompilers:Display: Using Local Shader Compiler.
[2015.11.30-00.40.16:763][  0]LogTemp:Display: Loaded TP AllDesktopTargetPlatform
[2015.11.30-00.40.16:769][  0]LogTemp:Display: Loaded TP WindowsClientTargetPlatform
[2015.11.30-00.40.16:775][  0]LogTemp:Display: Loaded TP WindowsNoEditorTargetPlatform
[2015.11.30-00.40.16:782][  0]LogTemp:Display: Loaded TP WindowsServerTargetPlatform
[2015.11.30-00.40.16:789][  0]LogTemp:Display: Loaded TP WindowsTargetPlatform
[2015.11.30-00.40.16:792][  0]LogTemp:Display: Loaded TP AndroidTargetPlatform
[2015.11.30-00.40.16:797][  0]LogTemp:Display: Loaded TP Android_ASTCTargetPlatform
[2015.11.30-00.40.16:801][  0]LogTemp:Display: Loaded TP Android_ATCTargetPlatform
[2015.11.30-00.40.16:805][  0]LogTemp:Display: Loaded TP Android_DXTTargetPlatform
[2015.11.30-00.40.16:810][  0]LogTemp:Display: Loaded TP Android_ETC1TargetPlatform
[2015.11.30-00.40.16:813][  0]LogTemp:Display: Loaded TP Android_ETC2TargetPlatform
[2015.11.30-00.40.16:817][  0]LogTemp:Display: Loaded TP Android_PVRTCTargetPlatform
[2015.11.30-00.40.16:818][  0]LogTemp:Display: Loaded TP HTML5TargetPlatform
[2015.11.30-00.40.16:834][  0]LogTemp:Display: Loaded TP IOSTargetPlatform
[2015.11.30-00.40.16:837][  0]LogTemp:Display: Loaded TP LinuxNoEditorTargetPlatform
[2015.11.30-00.40.16:841][  0]LogTemp:Display: Loaded TP LinuxServerTargetPlatform
[2015.11.30-00.40.16:845][  0]LogTemp:Display: Loaded TP LinuxTargetPlatform
[2015.11.30-00.40.16:845][  0]LogTargetPlatformManager:Display: Building Assets For Windows
[2015.11.30-00.40.16:930][  0]LogDerivedDataCache:Display: Max Cache Size: 512 MB
[2015.11.30-00.40.16:977][  0]LogDerivedDataCache: Loaded boot cache 0.05s 45MB C:/Users/Matt/AppData/Local/UnrealEngine/4.9/DerivedDataCache/Boot.ddc.
[2015.11.30-00.40.16:977][  0]LogDerivedDataCache:Display: Loaded Boot cache: C:/Users/Matt/AppData/Local/UnrealEngine/4.9/DerivedDataCache/Boot.ddc
[2015.11.30-00.40.16:977][  0]LogDerivedDataCache: FDerivedDataBackendGraph:  Pak pak cache file ../../../../../../Users/Matt/Documents/GitHub/P3NGUIN/MyProject19/DerivedDataCache/DDC.ddp not found, will not use a pak cache.
[2015.11.30-00.40.16:977][  0]LogDerivedDataCache: Unable to find inner node Pak for hierarchical cache Hierarchy.
[2015.11.30-00.40.16:977][  0]LogDerivedDataCache: FDerivedDataBackendGraph:  CompressedPak pak cache file ../../../../../../Users/Matt/Documents/GitHub/P3NGUIN/MyProject19/DerivedDataCache/Compressed.ddp not found, will not use a pak cache.
[2015.11.30-00.40.16:977][  0]LogDerivedDataCache: Unable to find inner node CompressedPak for hierarchical cache Hierarchy.
[2015.11.30-00.40.17:159][  0]LogDerivedDataCache:Display: Pak cache opened for reading ../../../Engine/DerivedDataCache/Compressed.ddp.
[2015.11.30-00.40.17:170][  0]LogDerivedDataCache: Using Local data cache path C:/Users/Matt/AppData/Local/UnrealEngine/Common/DerivedDataCache: Writable
[2015.11.30-00.40.17:374][  0]LogInit: Selected Device Profile: [Windows]
[2015.11.30-00.40.17:374][  0]LogContentStreaming: Texture pool size is 0.000000MB
[2015.11.30-00.40.17:403][  0]LogMeshUtilities: No automatic mesh reduction module available
[2015.11.30-00.40.17:403][  0]LogMeshUtilities: No automatic mesh merging module available
[2015.11.30-00.40.17:831][  0]LogInit: WinSock: version 1.1 (2.2), MaxSocks=32767, MaxUdp=65467
[2015.11.30-00.40.18:538][  0]UdpMessaging: Initializing bridge on interface 0.0.0.0:0 to multicast group 230.0.0.1:6666.
[2015.11.30-00.40.18:630][  0]LogAssetRegistry: FAssetRegistry took 0.0100 seconds to start up
[2015.11.30-00.40.18:832][  0]SourceControl: Info Source control is disabled
[2015.11.30-00.40.18:862][  0]SourceControl: Info Source control is disabled
[2015.11.30-00.40.18:875][  0]SourceControl: Info Source control is disabled
[2015.11.30-00.40.18:887][  0]SourceControl: Info Source control is disabled
[2015.11.30-00.40.19:070][  0]LogLinker:Warning: Asset '../../../Engine/Plugins/Runtime/LeapMotionController/Content/LM_PassthroughMaterial.uasset' has been saved with empty engine version. The asset will be loaded but may be incompatible.
[2015.11.30-00.40.19:162][  0]LogObj: 28361 objects as part of root set at end of initial load.
[2015.11.30-00.40.19:162][  0]LogUObjectAllocator: 6038872 out of 0 bytes used by permanent object pool.
[2015.11.30-00.40.19:225][  0]LogEngine: Initializing Engine...
[2015.11.30-00.40.19:227][  0]LogHMD: Can't find Oculus library dev build: is proper Runtime installed? Version: 0.7.0.0
[2015.11.30-00.40.19:227][  0]LogHMD: SteamVR failed to initialize.  Err: 110
[2015.11.30-00.40.19:388][  0]LogAIModule: Creating AISystem for world NewWorld
[2015.11.30-00.40.19:393][  0]LogInit: XAudio2 using 'Speakers (Realtek High Definition Audio)' : 2 channels at 48 kHz using 32 bits per sample (channel mask 0x3)
[2015.11.30-00.40.19:490][  0]LogInit: FAudioDevice initialized.
[2015.11.30-00.40.19:513][  0]LogDerivedDataCache: Saved boot cache 0.02s 45MB C:/Users/Matt/AppData/Local/UnrealEngine/4.9/DerivedDataCache/Boot.ddc.
[2015.11.30-00.40.19:516][  0]LogInit: Texture streaming: Enabled
[2015.11.30-00.40.19:524][  0]LogAnalytics: Creating configured Analytics provider AnalyticsET
[2015.11.30-00.40.19:524][  0]LogAnalytics: [UEEditor.Rocket.Release] APIServer = http://et2.epicgames.com/ET2/. AppVersion = 4.9.2-2707645+++depot+UE4-Releases+4.9
[2015.11.30-00.40.19:524][  0]LogAnalytics: [UEEditor.Rocket.Release] SetUserId de43219841e5038bf49fbfa481591ee0|4e461f00ab6f49d29405414d884919d6|9448dfb4-8168-4a85-8046-6b7a073564d8
[2015.11.30-00.40.19:524][  0]LogAnalytics: [UEEditor.Rocket.Release] AnalyticsET::StartSession
[2015.11.30-00.40.19:547][  0]LogInit: Transaction tracking system initialized
[2015.11.30-00.40.19:601][  0]BlueprintLog: New page: Editor Load
[2015.11.30-00.40.19:688][  0]LocalizationService: Info Localization service is disabled
[2015.11.30-00.40.19:758][  0]LogLinker:Warning: Can't find file '/Game/PuzzleBP/PuzzleOverview'
[2015.11.30-00.40.19:758][  0]LogLinker:Warning: Can't find file '/Game/PuzzleBP/PuzzleOverview'
[2015.11.30-00.40.19:758][  0]LogUObjectGlobals:Warning: Failed to find object 'Class /Game/PuzzleBP/PuzzleOverview.PuzzleOverview_C'
[2015.11.30-00.40.19:772][  0]LogConsoleResponse:Display: 
[2015.11.30-00.40.19:925][  0]LogCook:Display: Done creating registry. It took  0.00s.
[2015.11.30-00.40.19:998][  0]LogFileCache: Scanning file cache for directory 'C:/Users/Matt/Documents/GitHub/P3NGUIN/MyProject19/Content/' took 0.01s
[2015.11.30-00.40.20:006][  0]SourceControl: Info Source control is disabled
[2015.11.30-00.40.20:006][  0]Cmd: MAP LOAD FILE="../../../../../../Users/Matt/Documents/GitHub/P3NGUIN/MyProject19/Content/ThirdPersonBP/Maps/ThirdPersonExampleMap.umap" TEMPLATE=0 SHOWPROGRESS=1 FEATURELEVEL=3
[2015.11.30-00.40.20:006][  0]LightingResults: New page: Lighting Build
[2015.11.30-00.40.20:010][  0]MapCheck: New page: Map Check
[2015.11.30-00.40.20:010][  0]LightingResults: New page: Lighting Build
[2015.11.30-00.40.20:026][  0]LogParticles: Destroying 0 GPU particle simulations for FXSystem 0x0000000020CB6160
[2015.11.30-00.40.20:035][  0]LogLinker:Warning: Asset '../../../../../../Users/Matt/Documents/GitHub/P3NGUIN/MyProject19/Content/Mannequin/Animations/ThirdPerson_AnimBP.uasset' has been saved with empty engine version. The asset will be loaded but may be incompatible.
[2015.11.30-00.40.20:037][  0]LogLinker:Warning: Asset '../../../../../../Users/Matt/Documents/GitHub/P3NGUIN/MyProject19/Content/Mannequin/Animations/ThirdPerson_Jump.uasset' has been saved with empty engine version. The asset will be loaded but may be incompatible.
[2015.11.30-00.40.20:047][  0]LogLinker:Warning: Asset '../../../../../../Users/Matt/Documents/GitHub/P3NGUIN/MyProject19/Content/Mannequin/Animations/ThirdPersonJump_Loop.uasset' has been saved with empty engine version. The asset will be loaded but may be incompatible.
[2015.11.30-00.40.20:049][  0]LogLinker:Warning: Asset '../../../../../../Users/Matt/Documents/GitHub/P3NGUIN/MyProject19/Content/Mannequin/Animations/ThirdPersonJump_Start.uasset' has been saved with empty engine version. The asset will be loaded but may be incompatible.
[2015.11.30-00.40.20:050][  0]LogLinker:Warning: Asset '../../../../../../Users/Matt/Documents/GitHub/P3NGUIN/MyProject19/Content/Mannequin/Animations/ThirdPerson_IdleRun_2D.uasset' has been saved with empty engine version. The asset will be loaded but may be incompatible.
[2015.11.30-00.40.20:050][  0]LogLinker:Warning: Asset '../../../../../../Users/Matt/Documents/GitHub/P3NGUIN/MyProject19/Content/Mannequin/Animations/ThirdPersonIdle.uasset' has been saved with empty engine version. The asset will be loaded but may be incompatible.
[2015.11.30-00.40.20:052][  0]LogLinker:Warning: Asset '../../../../../../Users/Matt/Documents/GitHub/P3NGUIN/MyProject19/Content/Mannequin/Animations/ThirdPersonRun.uasset' has been saved with empty engine version. The asset will be loaded but may be incompatible.
[2015.11.30-00.40.20:053][  0]LogLinker:Warning: Asset '../../../../../../Users/Matt/Documents/GitHub/P3NGUIN/MyProject19/Content/Mannequin/Animations/ThirdPersonWalk.uasset' has been saved with empty engine version. The asset will be loaded but may be incompatible.
[2015.11.30-00.40.20:634][  0]LogBlueprint:Warning: [compiler AbilityMenu] Warning 'ReturnValue' is already a 'Listed Item', you don't need  Cast To ListedItem .
[2015.11.30-00.40.20:635][  0]LogBlueprint:Warning: [compiler AbilityMenu] Warning 'ReturnValue' is already a 'Listed Item', you don't need  Cast To ListedItem .
[2015.11.30-00.40.20:640][  0]LogBlueprint:Warning: [compiler AbilityMenu] Warning [0007.52] Compile of AbilityMenu successful, but with 2 Warning(s) [in 22 ms]
[2015.11.30-00.40.20:641][  0]LogBlueprint:Warning: [compiler AbilityMenu] Warning [0007.52] Compile of AbilityMenu successful, but with 3 Warning(s) [in 0 ms]
[2015.11.30-00.40.20:641][  0]LogBlueprint:Warning: [compiler AbilityMenu] Warning [0007.52] Compile of AbilityMenu successful, but with 4 Warning(s) [in 0 ms]
[2015.11.30-00.40.21:161][  0]LogBlueprint:Warning: [compiler ThirdPersonCharacter2D] Warning 'AbilitiesMenu' is already a 'Ability Menu', you don't need  Cast To AbilityMenu .
[2015.11.30-00.40.21:166][  0]LogBlueprint:Warning: [compiler ThirdPersonCharacter2D] Warning 'PointerClass' is already a 'Pointer', you don't need  Cast To Pointer .
[2015.11.30-00.40.21:167][  0]LogBlueprint:Warning: [compiler ThirdPersonCharacter2D] Warning No value will be returned by reference. Parameter 'EndTime'. Node:  (none) 
[2015.11.30-00.40.21:187][  0]LogBlueprint:Warning: [compiler ThirdPersonCharacter2D] Warning 'SecondPointer' is already a 'Pointer 2', you don't need  Cast To Pointer2 .
[2015.11.30-00.40.21:232][  0]LogBlueprint:Warning: [compiler ThirdPersonCharacter2D] Warning [0008.11] Compile of ThirdPersonCharacter2D successful, but with 4 Warning(s) [in 142 ms]
[2015.11.30-00.40.21:233][  0]LogBlueprint:Warning: [compiler ThirdPersonCharacter2D] Warning [0008.11] Compile of ThirdPersonCharacter2D successful, but with 5 Warning(s) [in 0 ms]
[2015.11.30-00.40.21:233][  0]LogBlueprint:Warning: [compiler ThirdPersonCharacter2D] Warning [0008.11] Compile of ThirdPersonCharacter2D successful, but with 6 Warning(s) [in 0 ms]
[2015.11.30-00.40.21:556][  0]LogBlueprint:Warning: [compiler ThirdPersonCharacter] Warning 'AbilitiesMenu' is already a 'Ability Menu', you don't need  Cast To AbilityMenu .
[2015.11.30-00.40.21:560][  0]LogBlueprint:Warning: [compiler ThirdPersonCharacter] Warning 'PointerClass' is already a 'Pointer', you don't need  Cast To Pointer .
[2015.11.30-00.40.21:563][  0]LogBlueprint:Warning: [compiler ThirdPersonCharacter] Warning No value will be returned by reference. Parameter 'EndTime'. Node:  (none) 
[2015.11.30-00.40.21:579][  0]LogBlueprint:Warning: [compiler ThirdPersonCharacter] Warning 'SecondPointer' is already a 'Pointer 2', you don't need  Cast To Pointer2 .
[2015.11.30-00.40.21:616][  0]LogBlueprint:Warning: [compiler ThirdPersonCharacter] Warning [0008.49] Compile of ThirdPersonCharacter successful, but with 4 Warning(s) [in 129 ms]
[2015.11.30-00.40.21:616][  0]LogBlueprint:Warning: [compiler ThirdPersonCharacter] Warning [0008.49] Compile of ThirdPersonCharacter successful, but with 5 Warning(s) [in 0 ms]
[2015.11.30-00.40.21:616][  0]LogBlueprint:Warning: [compiler ThirdPersonCharacter] Warning [0008.49] Compile of ThirdPersonCharacter successful, but with 6 Warning(s) [in 0 ms]
[2015.11.30-00.40.21:728][  0]LogBlueprint:Warning: [compiler ThirdPersonCharacter] Warning 'AbilitiesMenu' is already a 'Ability Menu', you don't need  Cast To AbilityMenu .
[2015.11.30-00.40.21:733][  0]LogBlueprint:Warning: [compiler ThirdPersonCharacter] Warning 'PointerClass' is already a 'Pointer', you don't need  Cast To Pointer .
[2015.11.30-00.40.21:735][  0]LogBlueprint:Warning: [compiler ThirdPersonCharacter] Warning No value will be returned by reference. Parameter 'EndTime'. Node:  (none) 
[2015.11.30-00.40.21:752][  0]LogBlueprint:Warning: [compiler ThirdPersonCharacter] Warning 'SecondPointer' is already a 'Pointer 2', you don't need  Cast To Pointer2 .
[2015.11.30-00.40.21:785][  0]LogBlueprint:Warning: [compiler ThirdPersonCharacter] Warning [0008.66] Compile of ThirdPersonCharacter successful, but with 4 Warning(s) [in 127 ms]
[2015.11.30-00.40.21:785][  0]LogBlueprint:Warning: [compiler ThirdPersonCharacter] Warning [0008.66] Compile of ThirdPersonCharacter successful, but with 5 Warning(s) [in 0 ms]
[2015.11.30-00.40.21:785][  0]LogBlueprint:Warning: [compiler ThirdPersonCharacter] Warning [0008.66] Compile of ThirdPersonCharacter successful, but with 6 Warning(s) [in 0 ms]
[2015.11.30-00.40.21:885][  0]LogBlueprint:Warning: [compiler ThirdPersonCharacter2D] Warning 'AbilitiesMenu' is already a 'Ability Menu', you don't need  Cast To AbilityMenu .
[2015.11.30-00.40.21:888][  0]LogBlueprint:Warning: [compiler ThirdPersonCharacter2D] Warning 'PointerClass' is already a 'Pointer', you don't need  Cast To Pointer .
[2015.11.30-00.40.21:889][  0]LogBlueprint:Warning: [compiler ThirdPersonCharacter2D] Warning No value will be returned by reference. Parameter 'EndTime'. Node:  (none) 
[2015.11.30-00.40.21:905][  0]LogBlueprint:Warning: [compiler ThirdPersonCharacter2D] Warning 'SecondPointer' is already a 'Pointer 2', you don't need  Cast To Pointer2 .
[2015.11.30-00.40.21:950][  0]LogBlueprint:Warning: [compiler ThirdPersonCharacter2D] Warning [0008.83] Compile of ThirdPersonCharacter2D successful, but with 4 Warning(s) [in 128 ms]
[2015.11.30-00.40.21:950][  0]LogBlueprint:Warning: [compiler ThirdPersonCharacter2D] Warning [0008.83] Compile of ThirdPersonCharacter2D successful, but with 5 Warning(s) [in 0 ms]
[2015.11.30-00.40.21:951][  0]LogBlueprint:Warning: [compiler ThirdPersonCharacter2D] Warning [0008.83] Compile of ThirdPersonCharacter2D successful, but with 6 Warning(s) [in 0 ms]
[2015.11.30-00.40.21:976][  0]LogBlueprint:Warning: [compiler AbilityMenu] Warning 'ReturnValue' is already a 'Listed Item', you don't need  Cast To ListedItem .
[2015.11.30-00.40.21:976][  0]LogBlueprint:Warning: [compiler AbilityMenu] Warning 'ReturnValue' is already a 'Listed Item', you don't need  Cast To ListedItem .
[2015.11.30-00.40.21:983][  0]LogBlueprint:Warning: [compiler AbilityMenu] Warning [0008.86] Compile of AbilityMenu successful, but with 2 Warning(s) [in 26 ms]
[2015.11.30-00.40.21:983][  0]LogBlueprint:Warning: [compiler AbilityMenu] Warning [0008.86] Compile of AbilityMenu successful, but with 3 Warning(s) [in 0 ms]
[2015.11.30-00.40.21:988][  0]LogBlueprint:Warning: [compiler AbilityMenu] Warning [0008.86] Compile of AbilityMenu successful, but with 4 Warning(s) [in 5 ms]
[2015.11.30-00.40.23:834][  0]LogAIModule: Creating AISystem for world ThirdPersonExampleMap
[2015.11.30-00.40.23:841][  0]PIE:Warning: Warning Invalid Simulate Options: Body (BasicDummyEnemy_C_0.HP) is set to simulate physics but Collision Enabled is incompatible
[2015.11.30-00.40.23:841][  0]PIE:Warning: Warning Invalid Simulate Options: Body (BasicDummyEnemy_C_0.HP) is set to simulate physics but Collision Enabled is incompatible
[2015.11.30-00.40.23:842][  0]PIE:Warning: Warning Invalid Simulate Options: Body (BasicDummyEnemy2.HP) is set to simulate physics but Collision Enabled is incompatible
[2015.11.30-00.40.23:842][  0]PIE:Warning: Warning Invalid Simulate Options: Body (BasicDummyEnemy2.HP) is set to simulate physics but Collision Enabled is incompatible
[2015.11.30-00.40.23:842][  0]PIE:Warning: Warning Invalid Simulate Options: Body (BasicDummyEnemy3.HP) is set to simulate physics but Collision Enabled is incompatible
[2015.11.30-00.40.23:842][  0]PIE:Warning: Warning Invalid Simulate Options: Body (BasicDummyEnemy3.HP) is set to simulate physics but Collision Enabled is incompatible
[2015.11.30-00.40.23:844][  0]PIE:Warning: Warning Invalid Simulate Options: Body (BasicDummyEnemy_C_0.HP) is set to simulate physics but Collision Enabled is incompatible
[2015.11.30-00.40.23:844][  0]PIE:Warning: Warning Invalid Simulate Options: Body (BasicDummyEnemy_C_0.HP) is set to simulate physics but Collision Enabled is incompatible
[2015.11.30-00.40.23:845][  0]PIE:Warning: Warning Invalid Simulate Options: Body (BasicDummyEnemy_C_0.HP) is set to simulate physics but Collision Enabled is incompatible
[2015.11.30-00.40.23:845][  0]PIE:Warning: Warning Invalid Simulate Options: Body (BasicDummyEnemy_C_0.HP) is set to simulate physics but Collision Enabled is incompatible
[2015.11.30-00.40.23:845][  0]PIE:Warning: Warning Invalid Simulate Options: Body (BasicDummyEnemy2.HP) is set to simulate physics but Collision Enabled is incompatible
[2015.11.30-00.40.23:845][  0]PIE:Warning: Warning Invalid Simulate Options: Body (BasicDummyEnemy2.HP) is set to simulate physics but Collision Enabled is incompatible
[2015.11.30-00.40.23:846][  0]PIE:Warning: Warning Invalid Simulate Options: Body (BasicDummyEnemy2.HP) is set to simulate physics but Collision Enabled is incompatible
[2015.11.30-00.40.23:846][  0]PIE:Warning: Warning Invalid Simulate Options: Body (BasicDummyEnemy2.HP) is set to simulate physics but Collision Enabled is incompatible
[2015.11.30-00.40.23:846][  0]PIE:Warning: Warning Invalid Simulate Options: Body (BasicDummyEnemy3.HP) is set to simulate physics but Collision Enabled is incompatible
[2015.11.30-00.40.23:846][  0]PIE:Warning: Warning Invalid Simulate Options: Body (BasicDummyEnemy3.HP) is set to simulate physics but Collision Enabled is incompatible
[2015.11.30-00.40.23:846][  0]PIE:Warning: Warning Invalid Simulate Options: Body (BasicDummyEnemy3.HP) is set to simulate physics but Collision Enabled is incompatible
[2015.11.30-00.40.23:846][  0]PIE:Warning: Warning Invalid Simulate Options: Body (BasicDummyEnemy3.HP) is set to simulate physics but Collision Enabled is incompatible
[2015.11.30-00.40.23:847][  0]LogEditorServer: Finished looking for orphan Actors (0.000 secs)
[2015.11.30-00.40.23:847][  0]Cmd: MAP CHECKDEP NOCLEARLOG
[2015.11.30-00.40.23:965][  0]MapCheck: Info Map check complete: 0 Error(s), 0 Warning(s), took 117.198ms to complete.
[2015.11.30-00.40.23:965][  0]LogFileHelpers: Loading map 'ThirdPersonExampleMap' took 3.959
[2015.11.30-00.40.24:174][  0]LogCollectionManager: Loaded 0 collections in 0.002658 seconds
[2015.11.30-00.40.24:195][  0]LogContentBrowser: Native class hierarchy populated in 0.0096 seconds. Added 1867 classes and 333 folders.
[2015.11.30-00.40.24:204][  0]LogFileCache: Scanning file cache for directory 'C:/Users/Matt/Documents/GitHub/P3NGUIN/MyProject19/Saved/Collections/' took 0.02s
[2015.11.30-00.40.24:204][  0]LogFileCache: Scanning file cache for directory 'C:/Users/Matt/Documents/GitHub/P3NGUIN/MyProject19/Content/Developers/Matt/Collections/' took 0.01s
[2015.11.30-00.40.24:204][  0]LogFileCache: Scanning file cache for directory 'C:/Users/Matt/Documents/GitHub/P3NGUIN/MyProject19/Content/Collections/' took 0.01s
[2015.11.30-00.40.24:204][  0]LogCollectionManager: Rebuilt the GUID cache for 0 collections in 0.000003 seconds
[2015.11.30-00.40.24:213][  0]LogContentBrowser: Native class hierarchy updated for 'WidgetCarousel' in 0.0003 seconds. Added 0 classes and 0 folders.
[2015.11.30-00.40.24:270][  0]LogContentBrowser: Native class hierarchy updated for 'AddContentDialog' in 0.0010 seconds. Added 0 classes and 0 folders.
[2015.11.30-00.40.24:276][  0]LogContentBrowser: Native class hierarchy updated for 'SceneOutliner' in 0.0003 seconds. Added 1 classes and 2 folders.
[2015.11.30-00.40.24:311][  0]LogCrashTracker: Crashtracker disabled due to settings.
[2015.11.30-00.40.24:336][  0]LogUObjectGlobals:Warning: Failed to find object 'Class None.'
[2015.11.30-00.40.24:367][  0]LogLoad: Full Startup: 11.24 seconds (BP compile: 1.21 seconds)
[2015.11.30-00.40.24:794][  0]LogContentStreaming: Texture pool size now 1000 MB
[2015.11.30-00.40.25:017][  0]LogRenderer: Reallocating scene render targets to support 860x516 (Frame:2).
[2015.11.30-00.40.28:462][ 10]LogAssetRegistry: Asset discovery search completed in 9.8426 seconds
[2015.11.30-00.40.28:462][ 10]LogCollectionManager: Rebuilt the object cache for 0 collections in 0.000001 seconds (found 0 objects)
[2015.11.30-00.40.28:462][ 10]LogCollectionManager: Fixed up redirectors for 0 collections in 0.000040 seconds (updated 0 objects)
[2015.11.30-00.40.48:332][300]LogActorComponent: UnregisterComponent: (/Engine/Transient.ProjectileMovement_GEN_VARIABLE) Not registered. Aborting.
[2015.11.30-00.40.48:332][300]LogActorComponent: UnregisterComponent: (/Engine/Transient.CharMoveComp) Not registered. Aborting.
[2015.11.30-00.40.48:332][300]LogActorComponent: UnregisterComponent: (/Engine/Transient.CharacterMovementComponent_0) Not registered. Aborting.
[2015.11.30-00.40.48:957][301]Cmd: QUIT_EDITOR
[2015.11.30-00.40.49:446][301]LogExit: Preparing to exit.
[2015.11.30-00.40.50:658][301]LogExit: Editor shut down
[2015.11.30-00.40.50:659][301]LogExit: Transaction tracking system shut down
[2015.11.30-00.40.50:663][301]LogParticles: Destroying 0 GPU particle simulations for FXSystem 0x000000001E3DB7E0
[2015.11.30-00.40.50:664][301]LogParticles: Destroying 0 GPU particle simulations for FXSystem 0x000000002BB73880
[2015.11.30-00.40.50:664][301]LogParticles: Destroying 0 GPU particle simulations for FXSystem 0x000000002BE3DBC0
[2015.11.30-00.40.50:665][301]LogParticles: Destroying 0 GPU particle simulations for FXSystem 0x000000002DC123E0
[2015.11.30-00.40.50:813][301]LogExit: Object subsystem successfully closed.
[2015.11.30-00.40.50:827][301]LogD3D11RHI: Shutdown
[2015.11.30-00.40.50:827][301]LogD3D11RHI: CleanupD3DDevice
[2015.11.30-00.40.50:874][301]LogD3D11RHI: ~FD3D11DynamicRHI
[2015.11.30-00.40.50:894][301]LogModuleManager: Shutting down and abandoning module CrashTracker (197)
[2015.11.30-00.40.50:894][301]LogModuleManager: Shutting down and abandoning module SceneOutliner (196)
[2015.11.30-00.40.50:894][301]LogModuleManager: Shutting down and abandoning module SuperSearch (195)
[2015.11.30-00.40.50:894][301]LogModuleManager: Shutting down and abandoning module WidgetCarousel (194)
[2015.11.30-00.40.50:894][301]LogModuleManager: Shutting down and abandoning module AddContentDialog (193)
[2015.11.30-00.40.50:894][301]LogModuleManager: Shutting down and abandoning module EditorWidgets (192)
[2015.11.30-00.40.50:894][301]LogModuleManager: Shutting down and abandoning module CollectionManager (191)
[2015.11.30-00.40.50:895][301]LogModuleManager: Shutting down and abandoning module StatsViewer (190)
[2015.11.30-00.40.50:895][301]LogModuleManager: Shutting down and abandoning module FoliageEdit (189)
[2015.11.30-00.40.50:895][301]LogModuleManager: Shutting down and abandoning module LandscapeEditor (188)
[2015.11.30-00.40.50:895][301]LogModuleManager: Shutting down and abandoning module ActorPickerMode (187)
[2015.11.30-00.40.50:895][301]LogModuleManager: Shutting down and abandoning module GeometryMode (186)
[2015.11.30-00.40.50:895][301]LogModuleManager: Shutting down and abandoning module TextureAlignMode (185)
[2015.11.30-00.40.50:895][301]LogModuleManager: Shutting down and abandoning module BspMode (184)
[2015.11.30-00.40.50:895][301]LogModuleManager: Shutting down and abandoning module PlacementMode (183)
[2015.11.30-00.40.50:895][301]LogModuleManager: Shutting down and abandoning module AutomationWorker (182)
[2015.11.30-00.40.50:895][301]LogModuleManager: Shutting down and abandoning module CharacterAI (181)
[2015.11.30-00.40.50:895][301]LogModuleManager: Shutting down and abandoning module SmartSnapping (180)
[2015.11.30-00.40.50:895][301]LogModuleManager: Shutting down and abandoning module ViewportSnapping (179)
[2015.11.30-00.40.50:895][301]LogModuleManager: Shutting down and abandoning module LogVisualizer (178)
[2015.11.30-00.40.50:895][301]LogModuleManager: Shutting down and abandoning module GameProjectGeneration (177)
[2015.11.30-00.40.50:895][301]LogModuleManager: Shutting down and abandoning module IntroTutorials (176)
[2015.11.30-00.40.50:895][301]LogModuleManager: Shutting down and abandoning module EditorLiveStreaming (175)
[2015.11.30-00.40.50:895][301]LogModuleManager: Shutting down and abandoning module IOSPlatformEditor (174)
[2015.11.30-00.40.50:895][301]LogModuleManager: Shutting down and abandoning module HTML5PlatformEditor (173)
[2015.11.30-00.40.50:895][301]LogModuleManager: Shutting down and abandoning module AndroidDeviceDetection (172)
[2015.11.30-00.40.51:860][301]LogModuleManager: Shutting down and abandoning module AndroidPlatformEditor (171)
[2015.11.30-00.40.51:860][301]LogModuleManager: Shutting down and abandoning module IOSRuntimeSettings (170)
[2015.11.30-00.40.51:860][301]LogModuleManager: Shutting down and abandoning module AndroidRuntimeSettings (169)
[2015.11.30-00.40.51:860][301]LogModuleManager: Shutting down and abandoning module MergeActors (168)
[2015.11.30-00.40.51:860][301]LogModuleManager: Shutting down and abandoning module SizeMap (167)
[2015.11.30-00.40.51:860][301]LogModuleManager: Shutting down and abandoning module TreeMap (166)
[2015.11.30-00.40.51:860][301]LogModuleManager: Shutting down and abandoning module ReferenceViewer (165)
[2015.11.30-00.40.51:860][301]LogModuleManager: Shutting down and abandoning module LocalizationService (164)
[2015.11.30-00.40.51:860][301]LogModuleManager: Shutting down and abandoning module LocalizationDashboard (163)
[2015.11.30-00.40.51:860][301]LogModuleManager: Shutting down and abandoning module HardwareTargeting (162)
[2015.11.30-00.40.51:860][301]LogModuleManager: Shutting down and abandoning module DeviceProfileEditor (161)
[2015.11.30-00.40.51:860][301]LogModuleManager: Shutting down and abandoning module UndoHistory (160)
[2015.11.30-00.40.51:860][301]LogModuleManager: Shutting down and abandoning module GameplayTagsEditor (159)
[2015.11.30-00.40.51:860][301]LogModuleManager: Shutting down and abandoning module UserFeedback (158)
[2015.11.30-00.40.51:860][301]LogModuleManager: Shutting down and abandoning module XmlParser (157)
[2015.11.30-00.40.51:860][301]LogModuleManager: Shutting down and abandoning module Blutility (156)
[2015.11.30-00.40.51:860][301]LogModuleManager: Shutting down and abandoning module ProjectTargetPlatformEditor (155)
[2015.11.30-00.40.51:860][301]LogModuleManager: Shutting down and abandoning module ProjectSettingsViewer (154)
[2015.11.30-00.40.51:860][301]LogModuleManager: Shutting down and abandoning module InputBindingEditor (153)
[2015.11.30-00.40.51:861][301]LogModuleManager: Shutting down and abandoning module EditorSettingsViewer (152)
[2015.11.30-00.40.51:861][301]LogModuleManager: Shutting down and abandoning module SettingsEditor (151)
[2015.11.30-00.40.51:861][301]LogModuleManager: Shutting down and abandoning module ProjectLauncher (150)
[2015.11.30-00.40.51:861][301]LogModuleManager: Shutting down and abandoning module SessionFrontend (149)
[2015.11.30-00.40.51:861][301]LogModuleManager: Shutting down and abandoning module ProfilerClient (148)
[2015.11.30-00.40.51:861][301]LogModuleManager: Shutting down and abandoning module TargetDeviceServices (147)
[2015.11.30-00.40.51:861][301]LogModuleManager: Shutting down and abandoning module DeviceManager (146)
[2015.11.30-00.40.51:861][301]LogModuleManager: Shutting down and abandoning module AutomationController (145)
[2015.11.30-00.40.51:861][301]LogModuleManager: Shutting down and abandoning module AutomationWindow (144)
[2015.11.30-00.40.51:861][301]LogModuleManager: Shutting down and abandoning module Layers (143)
[2015.11.30-00.40.51:861][301]LogModuleManager: Shutting down and abandoning module ComponentVisualizers (142)
[2015.11.30-00.40.51:861][301]LogModuleManager: Shutting down and abandoning module DetailCustomizations (141)
[2015.11.30-00.40.51:861][301]LogModuleManager: Shutting down and abandoning module PackagesDialog (140)
[2015.11.30-00.40.51:861][301]LogModuleManager: Shutting down and abandoning module Persona (139)
[2015.11.30-00.40.51:861][301]LogModuleManager: Shutting down and abandoning module Kismet (138)
[2015.11.30-00.40.51:861][301]LogModuleManager: Shutting down and abandoning module GraphEditor (137)
[2015.11.30-00.40.51:861][301]LogModuleManager: Shutting down and abandoning module ClassViewer (136)
[2015.11.30-00.40.51:861][301]LogModuleManager: Shutting down and abandoning module Toolbox (135)
[2015.11.30-00.40.51:861][301]LogModuleManager: Shutting down and abandoning module ModuleUI (134)
[2015.11.30-00.40.51:861][301]LogModuleManager: Shutting down and abandoning module MovieSceneTools (133)
[2015.11.30-00.40.51:861][301]LogModuleManager: Shutting down and abandoning module OutputLog (132)
[2015.11.30-00.40.51:861][301]LogModuleManager: Shutting down and abandoning module GammaUI (131)
[2015.11.30-00.40.51:861][301]LogModuleManager: Shutting down and abandoning module Documentation (130)
[2015.11.30-00.40.51:861][301]LogModuleManager: Shutting down and abandoning module GameLiveStreaming (129)
[2015.11.30-00.40.51:861][301]LogModuleManager: Shutting down and abandoning module StreamingPauseRendering (128)
[2015.11.30-00.40.51:861][301]LogModuleManager: Shutting down and abandoning module AnalyticsET (127)
[2015.11.30-00.40.51:861][301]LogModuleManager: Shutting down and abandoning module Analytics (126)
[2015.11.30-00.40.51:861][301]LogModuleManager: Shutting down and abandoning module AITestSuite (125)
[2015.11.30-00.40.51:861][301]LogModuleManager: Shutting down and abandoning module GameplayDebugger (124)
[2015.11.30-00.40.51:861][301]LogModuleManager: Shutting down and abandoning module AIModule (123)
[2015.11.30-00.40.51:861][301]LogModuleManager: Shutting down and abandoning module ProfilerService (122)
[2015.11.30-00.40.52:017][301]LogModuleManager: Shutting down and abandoning module TaskGraph (121)
[2015.11.30-00.40.52:017][301]LogModuleManager: Shutting down and abandoning module SlateRemote (120)
[2015.11.30-00.40.52:017][301]LogModuleManager: Shutting down and abandoning module SteamVRController (119)
[2015.11.30-00.40.52:017][301]LogModuleManager: Shutting down and abandoning module SteamVR (118)
[2015.11.30-00.40.52:017][301]LogModuleManager: Shutting down and abandoning module ProceduralMeshComponent (117)
[2015.11.30-00.40.52:017][301]LogModuleManager: Shutting down and abandoning module OculusRift (116)
[2015.11.30-00.40.52:017][301]LogModuleManager: Shutting down and abandoning module OculusLibrary (115)
[2015.11.30-00.40.52:017][301]LogModuleManager: Shutting down and abandoning module LeapMotionController (114)
[2015.11.30-00.40.52:027][301]LogModuleManager: Shutting down and abandoning module CustomMeshComponent (113)
[2015.11.30-00.40.52:027][301]LogModuleManager: Shutting down and abandoning module CableComponent (112)
[2015.11.30-00.40.52:027][301]LogModuleManager: Shutting down and abandoning module ArchVisCharacter (111)
[2015.11.30-00.40.52:027][301]LogModuleManager: Shutting down and abandoning module MessagingDebugger (110)
[2015.11.30-00.40.52:027][301]LogModuleManager: Shutting down and abandoning module MediaPlayerEditor (109)
[2015.11.30-00.40.52:027][301]LogModuleManager: Shutting down and abandoning module HTML5Networking (108)
[2015.11.30-00.40.52:027][301]LogModuleManager: Shutting down and abandoning module SpeedTreeImporter (107)
[2015.11.30-00.40.52:027][301]LogModuleManager: Shutting down and abandoning module PluginBrowser (106)
[2015.11.30-00.40.52:027][301]LogModuleManager: Shutting down and abandoning module EpicSurvey (105)
[2015.11.30-00.40.52:027][301]LogModuleManager: Shutting down and abandoning module DesktopPlatform (104)
[2015.11.30-00.40.52:027][301]LogModuleManager: Shutting down and abandoning module VisualStudioSourceCodeAccess (103)
[2015.11.30-00.40.52:027][301]LogModuleManager: Shutting down and abandoning module UObjectPlugin (102)
[2015.11.30-00.40.52:027][301]LogModuleManager: Shutting down and abandoning module SubversionSourceControl (101)
[2015.11.30-00.40.52:027][301]LogModuleManager: Shutting down and abandoning module PerforceSourceControl (100)
[2015.11.30-00.40.52:027][301]LogModuleManager: Shutting down and abandoning module SourceControl (99)
[2015.11.30-00.40.52:028][301]LogModuleManager: Shutting down and abandoning module GitSourceControl (98)
[2015.11.30-00.40.52:028][301]LogModuleManager: Shutting down and abandoning module LightPropagationVolumeEditor (97)
[2015.11.30-00.40.52:028][301]LogModuleManager: Shutting down and abandoning module PaperTiledImporter (96)
[2015.11.30-00.40.52:028][301]LogModuleManager: Shutting down and abandoning module PaperSpriteSheetImporter (95)
[2015.11.30-00.40.52:028][301]LogModuleManager: Shutting down and abandoning module MeshPaint (94)
[2015.11.30-00.40.52:028][301]LogModuleManager: Shutting down and abandoning module SlateReflector (93)
[2015.11.30-00.40.52:028][301]LogModuleManager: Shutting down and abandoning module HotReload (92)
[2015.11.30-00.40.52:028][301]LogModuleManager: Shutting down and abandoning module MainFrame (91)
[2015.11.30-00.40.52:028][301]LogModuleManager: Shutting down and abandoning module LevelEditor (90)
[2015.11.30-00.40.52:029][301]LogModuleManager: Shutting down and abandoning module DirectoryWatcher (89)
[2015.11.30-00.40.52:029][301]LogModuleManager: Shutting down and abandoning module AssetRegistry (88)
[2015.11.30-00.40.52:128][301]LogModuleManager: Shutting down and abandoning module ContentBrowser (87)
[2015.11.30-00.40.52:129][301]LogModuleManager: Shutting down and abandoning module Paper2DEditor (86)
[2015.11.30-00.40.52:129][301]LogModuleManager: Shutting down and abandoning module UdpMessaging (85)
[2015.11.30-00.40.52:232][301]LogModuleManager: Shutting down and abandoning module LightPropagationVolumeRuntime (84)
[2015.11.30-00.40.52:232][301]LogModuleManager: Shutting down and abandoning module Paper2D (83)
[2015.11.30-00.40.52:232][301]LogModuleManager: Shutting down and abandoning module WindowsMoviePlayer (82)
[2015.11.30-00.40.52:236][301]LogModuleManager: Shutting down and abandoning module Media (81)
[2015.11.30-00.40.52:236][301]LogModuleManager: Shutting down and abandoning module WmfMedia (80)
[2015.11.30-00.40.52:236][301]LogModuleManager: Shutting down and abandoning module OnlineBlueprintSupport (79)
[2015.11.30-00.40.52:236][301]LogModuleManager: Shutting down and abandoning module GameplayTasksEditor (78)
[2015.11.30-00.40.52:236][301]LogModuleManager: Shutting down and abandoning module PropertyEditor (77)
[2015.11.30-00.40.52:236][301]LogModuleManager: Shutting down and abandoning module BehaviorTreeEditor (76)
[2015.11.30-00.40.52:236][301]LogModuleManager: Shutting down and abandoning module FunctionalTesting (75)
[2015.11.30-00.40.52:236][301]LogModuleManager: Shutting down and abandoning module CollisionAnalyzer (74)
[2015.11.30-00.40.52:236][301]LogModuleManager: Shutting down and abandoning module WorkspaceMenuStructure (73)
[2015.11.30-00.40.52:236][301]LogModuleManager: Shutting down and abandoning module MessageLog (72)
[2015.11.30-00.40.52:236][301]LogModuleManager: Shutting down and abandoning module Sequencer (71)
[2015.11.30-00.40.52:236][301]LogModuleManager: Shutting down and abandoning module AssetTools (70)
[2015.11.30-00.40.52:236][301]LogModuleManager: Shutting down and abandoning module UMGEditor (69)
[2015.11.30-00.40.52:236][301]LogModuleManager: Shutting down and abandoning module UMG (68)
[2015.11.30-00.40.52:236][301]LogModuleManager: Shutting down and abandoning module Slate (67)
[2015.11.30-00.40.52:236][301]LogModuleManager: Shutting down and abandoning module EditorStyle (66)
[2015.11.30-00.40.52:238][301]LogModuleManager: Shutting down and abandoning module SessionServices (65)
[2015.11.30-00.40.52:238][301]LogModuleManager: Shutting down and abandoning module SourceCodeAccess (64)
[2015.11.30-00.40.52:238][301]LogModuleManager: Shutting down and abandoning module HeadMountedDisplay (63)
[2015.11.30-00.40.52:238][301]LogModuleManager: Shutting down and abandoning module XAudio2 (62)
[2015.11.30-00.40.52:238][301]LogModuleManager: Shutting down and abandoning module Networking (60)
[2015.11.30-00.40.52:239][301]LogModuleManager: Shutting down and abandoning module Core (59)
[2015.11.30-00.40.52:239][301]LogModuleManager: Shutting down and abandoning module KismetCompiler (58)
[2015.11.30-00.40.52:239][301]LogModuleManager: Shutting down and abandoning module PhysXFormats (57)
[2015.11.30-00.40.52:239][301]LogModuleManager: Shutting down and abandoning module MeshUtilities (56)
[2015.11.30-00.40.52:239][301]LogModuleManager: Shutting down and abandoning module CookingStats (55)
[2015.11.30-00.40.52:241][301]LogModuleManager: Shutting down and abandoning module DerivedDataCache (54)
[2015.11.30-00.40.52:572][301]LogDerivedDataCache: Shutdown
[2015.11.30-00.40.52:572][301]LogModuleManager: Shutting down and abandoning module ShaderFormatOpenGL (53)
[2015.11.30-00.40.52:572][301]LogModuleManager: Shutting down and abandoning module ShaderFormatD3D (52)
[2015.11.30-00.40.52:572][301]LogModuleManager: Shutting down and abandoning module MetalShaderFormat (51)
[2015.11.30-00.40.52:572][301]LogModuleManager: Shutting down and abandoning module TextureFormatUncompressed (50)
[2015.11.30-00.40.52:572][301]LogModuleManager: Shutting down and abandoning module TextureFormatPVR (49)
[2015.11.30-00.40.52:572][301]LogModuleManager: Shutting down and abandoning module TextureFormatIntelISPCTexComp (48)
[2015.11.30-00.40.52:572][301]LogModuleManager: Shutting down and abandoning module TextureFormatDXT (47)
[2015.11.30-00.40.52:572][301]LogModuleManager: Shutting down and abandoning module ImageWrapper (46)
[2015.11.30-00.40.52:572][301]LogModuleManager: Shutting down and abandoning module TextureFormatASTC (45)
[2015.11.30-00.40.52:572][301]LogModuleManager: Shutting down and abandoning module TextureFormatAndroid (44)
[2015.11.30-00.40.52:572][301]LogModuleManager: Shutting down and abandoning module AudioFormatOpus (43)
[2015.11.30-00.40.52:572][301]LogModuleManager: Shutting down and abandoning module AudioFormatOgg (42)
[2015.11.30-00.40.52:572][301]LogModuleManager: Shutting down and abandoning module AudioFormatADPCM (41)
[2015.11.30-00.40.52:573][301]LogModuleManager: Shutting down and abandoning module LinuxTargetPlatform (40)
[2015.11.30-00.40.52:573][301]LogModuleManager: Shutting down and abandoning module LinuxServerTargetPlatform (39)
[2015.11.30-00.40.52:573][301]LogModuleManager: Shutting down and abandoning module LinuxNoEditorTargetPlatform (38)
[2015.11.30-00.40.52:573][301]LogModuleManager: Shutting down and abandoning module Messaging (37)
[2015.11.30-00.40.52:573][301]LogModuleManager: Shutting down and abandoning module IOSTargetPlatform (36)
[2015.11.30-00.40.52:573][301]LogModuleManager: Shutting down and abandoning module HTML5TargetPlatform (35)
[2015.11.30-00.40.52:573][301]LogModuleManager: Shutting down and abandoning module Android_PVRTCTargetPlatform (34)
[2015.11.30-00.40.52:573][301]LogModuleManager: Shutting down and abandoning module Android_ETC2TargetPlatform (33)
[2015.11.30-00.40.52:573][301]LogModuleManager: Shutting down and abandoning module Android_ETC1TargetPlatform (32)
[2015.11.30-00.40.52:573][301]LogModuleManager: Shutting down and abandoning module Android_DXTTargetPlatform (31)
[2015.11.30-00.40.52:573][301]LogModuleManager: Shutting down and abandoning module Android_ATCTargetPlatform (30)
[2015.11.30-00.40.52:573][301]LogModuleManager: Shutting down and abandoning module Android_ASTCTargetPlatform (29)
[2015.11.30-00.40.52:573][301]LogModuleManager: Shutting down and abandoning module AndroidTargetPlatform (28)
[2015.11.30-00.40.52:573][301]LogModuleManager: Shutting down and abandoning module WindowsTargetPlatform (27)
[2015.11.30-00.40.52:573][301]LogModuleManager: Shutting down and abandoning module WindowsServerTargetPlatform (26)
[2015.11.30-00.40.52:573][301]LogModuleManager: Shutting down and abandoning module WindowsNoEditorTargetPlatform (25)
[2015.11.30-00.40.52:573][301]LogModuleManager: Shutting down and abandoning module WindowsClientTargetPlatform (24)
[2015.11.30-00.40.52:573][301]LogModuleManager: Shutting down and abandoning module AllDesktopTargetPlatform (23)
[2015.11.30-00.40.52:573][301]LogModuleManager: Shutting down and abandoning module TargetPlatform (22)
[2015.11.30-00.40.52:573][301]LogModuleManager: Shutting down and abandoning module InputCore (21)
[2015.11.30-00.40.52:573][301]LogModuleManager: Shutting down and abandoning module Settings (20)
[2015.11.30-00.40.52:573][301]LogModuleManager: Shutting down and abandoning module OnlineSubsystem (18)
[2015.11.30-00.40.52:573][301]LogModuleManager: Shutting down and abandoning module HTTP (17)
[2015.11.30-00.40.54:573][301]LogModuleManager: Shutting down and abandoning module XMPP (16)
[2015.11.30-00.40.54:573][301]LogModuleManager: Shutting down and abandoning module ExampleDeviceProfileSelector (15)
[2015.11.30-00.40.54:573][301]LogModuleManager: Shutting down and abandoning module TextureCompressor (14)
[2015.11.30-00.40.54:573][301]LogModuleManager: Shutting down and abandoning module ShaderCore (13)
[2015.11.30-00.40.54:573][301]LogModuleManager: Shutting down and abandoning module Landscape (12)
[2015.11.30-00.40.54:573][301]LogModuleManager: Shutting down and abandoning module SlateRHIRenderer (11)
[2015.11.30-00.40.54:573][301]LogModuleManager: Shutting down and abandoning module OpenGLDrv (10)
[2015.11.30-00.40.54:573][301]LogModuleManager: Shutting down and abandoning module D3D11RHI (9)
[2015.11.30-00.40.54:573][301]LogModuleManager: Shutting down and abandoning module AnimGraphRuntime (8)
[2015.11.30-00.40.54:573][301]LogModuleManager: Shutting down and abandoning module Renderer (7)
[2015.11.30-00.40.54:573][301]LogModuleManager: Shutting down and abandoning module Engine (6)
[2015.11.30-00.40.54:573][301]LogModuleManager: Shutting down and abandoning module CoreUObject (5)
[2015.11.30-00.40.54:573][301]LogModuleManager: Shutting down and abandoning module NetworkFile (4)
[2015.11.30-00.40.54:573][301]LogModuleManager: Shutting down and abandoning module StreamingFile (3)
[2015.11.30-00.40.54:573][301]LogModuleManager: Shutting down and abandoning module SandboxFile (2)
[2015.11.30-00.40.54:573][301]LogModuleManager: Shutting down and abandoning module PakFile (1)
[2015.11.30-00.40.54:574][301]LogExit: Exiting.
[2015.11.30-00.40.54:575][301]Log file closed, 11/29/15 16:40:54
