[2015.11.28-02.33.06:817][  0]Log file open, 11/27/15 18:33:06
[2015.11.28-02.33.06:817][  0]LogInit:Display: Running engine without a game
[2015.11.28-02.33.06:817][  0]LogInit:Display: Loading recent project file: C:/Users/Matt/Documents/GitHub/P3NGUIN/MyProject19/MyProject19.uproject
[2015.11.28-02.33.06:817][  0]LogInit:Display: RandInit(-1398846650) SRandInit(-1398846649).
[2015.11.28-02.33.06:817][  0]LogTaskGraph: Started task graph with 4 named threads and 7 total threads.
[2015.11.28-02.33.06:817][  0]LogStats: Stats thread started at 0.730019
[2015.11.28-02.33.06:817][  0]LogInit: Version: 4.9.2-2707645+++depot+UE4-Releases+4.9
[2015.11.28-02.33.06:817][  0]LogInit: API Version: 2672455
[2015.11.28-02.33.06:817][  0]LogInit: Compiled (64-bit): Sep 28 2015 10:25:44
[2015.11.28-02.33.06:817][  0]LogInit: Compiled with Visual C++: 18.00.21005.01
[2015.11.28-02.33.06:817][  0]LogInit: Build Configuration: Development
[2015.11.28-02.33.06:817][  0]LogInit: Branch Name: ++depot+UE4-Releases+4.9
[2015.11.28-02.33.06:817][  0]LogInit: Command line: 
[2015.11.28-02.33.06:817][  0]LogInit: Base directory: C:/Program Files/Epic Games/4.9/Engine/Binaries/Win64/
[2015.11.28-02.33.06:817][  0]LogInit: Rocket: 1
[2015.11.28-02.33.07:087][  0]LogInit: Using libcurl 7.41.0
[2015.11.28-02.33.07:087][  0]LogInit:  - built for x86_64-pc-win32
[2015.11.28-02.33.07:087][  0]LogInit:  - supports SSL with WinSSL
[2015.11.28-02.33.07:087][  0]LogInit:  - other features:
[2015.11.28-02.33.07:087][  0]LogInit:      CURL_VERSION_SSL
[2015.11.28-02.33.07:087][  0]LogInit:      CURL_VERSION_IPV6
[2015.11.28-02.33.07:087][  0]LogInit:      CURL_VERSION_ASYNCHDNS
[2015.11.28-02.33.07:087][  0]LogInit:      CURL_VERSION_LARGEFILE
[2015.11.28-02.33.07:087][  0]LogInit:      CURL_VERSION_IDN
[2015.11.28-02.33.07:087][  0]LogInit:  CurlRequestOptions (configurable via config and command line):
[2015.11.28-02.33.07:087][  0]LogInit:  - bVerifyPeer = true  - Libcurl will verify peer certificate
[2015.11.28-02.33.07:087][  0]LogInit:  - bUseHttpProxy = false  - Libcurl will NOT use HTTP proxy
[2015.11.28-02.33.07:087][  0]LogInit:  - bDontReuseConnections = false  - Libcurl will reuse connections
[2015.11.28-02.33.07:087][  0]LogInit:  - CertBundlePath = nullptr  - Libcurl will use whatever was configured at build time.
[2015.11.28-02.33.07:094][  0]LogInit: Presizing for 0 objects not considered by GC, pre-allocating 0 bytes.
[2015.11.28-02.33.07:102][  0]LogInit: Object subsystem initialized
[2015.11.28-02.33.07:103][  0]LogInit: Selected Device Profile: [Windows]
[2015.11.28-02.33.07:103][  0]LogInit: Applying CVar settings loaded from the selected device profile: [Windows]
[2015.11.28-02.33.07:111][  0]LogInit: Computer: MATT-PC
[2015.11.28-02.33.07:111][  0]LogInit: User: Matt
[2015.11.28-02.33.07:111][  0]LogInit: CPU Page size=4096, Cores=4
[2015.11.28-02.33.07:111][  0]LogInit: High frequency timer resolution =3.020507 MHz
[2015.11.28-02.33.07:111][  0]LogMemory: Memory total: Physical=7.9GB (8GB approx)
[2015.11.28-02.33.07:111][  0]LogMemory: Platform Memory Stats for Windows
[2015.11.28-02.33.07:111][  0]LogMemory: Process Physical Memory: 54.45 MB used, 54.45 MB peak
[2015.11.28-02.33.07:111][  0]LogMemory: Process Virtual Memory: 56.35 MB used, 56.35 MB peak
[2015.11.28-02.33.07:111][  0]LogMemory: Physical Memory: 3345.04 MB used, 8109.12 MB total
[2015.11.28-02.33.07:111][  0]LogMemory: Virtual Memory: 337.04 MB used, 8388608.00 MB total
[2015.11.28-02.33.07:532][  0]LogTextLocalizationManager: No specific translations for ('en-US') exist, so ('en') translations will be used.
[2015.11.28-02.33.08:322][  0]LogD3D11RHI: Found D3D11 adapter 0: AMD Radeon HD 7800 Series (Feature Level 11_0)
[2015.11.28-02.33.08:322][  0]LogD3D11RHI: Adapter has 2029MB of dedicated video memory, 0MB of dedicated system memory, and 3798MB of shared system memory, 1 output[s]
[2015.11.28-02.33.08:326][  0]LogD3D11RHI: Found D3D11 adapter 1: Intel(R) HD Graphics (Feature Level 11_0)
[2015.11.28-02.33.08:326][  0]LogD3D11RHI: Adapter has 64MB of dedicated video memory, 0MB of dedicated system memory, and 1632MB of shared system memory, 0 output[s]
[2015.11.28-02.33.08:326][  0]LogD3D11RHI: Chosen D3D11 Adapter Id = 0
[2015.11.28-02.33.08:330][  0]LogD3D11RHI: !Direct3DDevice
[2015.11.28-02.33.08:331][  0]LogRHI: Texture pool is 1361 MB (70% of 1945 MB)
[2015.11.28-02.33.08:334][  0]LogD3D11RHI: Async texture creation disabled: no driver support
[2015.11.28-02.33.08:342][  0]LogShaderCompilers: Guid format shader working directory is 15 characters bigger than the processId version (../../../../../../Users/Matt/Documents/GitHub/P3NGUIN/MyProject19/Intermediate/Shaders/WorkingDirectory/2756/).
[2015.11.28-02.33.08:343][  0]LogShaderCompilers: Cleaned the shader compiler working directory '../../../../../../Users/Matt/Documents/GitHub/P3NGUIN/MyProject19/Intermediate/Shaders/tmp/8B80353840950847D87072A456E71C4D/'.
[2015.11.28-02.33.08:343][  0]LogShaderCompilers:Display: Using Local Shader Compiler.
[2015.11.28-02.33.19:448][  0]LogTemp:Display: Loaded TP AllDesktopTargetPlatform
[2015.11.28-02.33.19:454][  0]LogTemp:Display: Loaded TP WindowsClientTargetPlatform
[2015.11.28-02.33.19:471][  0]LogTemp:Display: Loaded TP WindowsNoEditorTargetPlatform
[2015.11.28-02.33.19:477][  0]LogTemp:Display: Loaded TP WindowsServerTargetPlatform
[2015.11.28-02.33.19:528][  0]LogTemp:Display: Loaded TP WindowsTargetPlatform
[2015.11.28-02.33.19:585][  0]LogTemp:Display: Loaded TP AndroidTargetPlatform
[2015.11.28-02.33.19:590][  0]LogTemp:Display: Loaded TP Android_ASTCTargetPlatform
[2015.11.28-02.33.19:595][  0]LogTemp:Display: Loaded TP Android_ATCTargetPlatform
[2015.11.28-02.33.19:600][  0]LogTemp:Display: Loaded TP Android_DXTTargetPlatform
[2015.11.28-02.33.19:605][  0]LogTemp:Display: Loaded TP Android_ETC1TargetPlatform
[2015.11.28-02.33.19:610][  0]LogTemp:Display: Loaded TP Android_ETC2TargetPlatform
[2015.11.28-02.33.19:615][  0]LogTemp:Display: Loaded TP Android_PVRTCTargetPlatform
[2015.11.28-02.33.19:665][  0]LogTemp:Display: Loaded TP HTML5TargetPlatform
[2015.11.28-02.33.19:705][  0]LogTemp:Display: Loaded TP IOSTargetPlatform
[2015.11.28-02.33.19:710][  0]LogTemp:Display: Loaded TP LinuxNoEditorTargetPlatform
[2015.11.28-02.33.19:714][  0]LogTemp:Display: Loaded TP LinuxServerTargetPlatform
[2015.11.28-02.33.19:719][  0]LogTemp:Display: Loaded TP LinuxTargetPlatform
[2015.11.28-02.33.19:719][  0]LogTargetPlatformManager:Display: Building Assets For Windows
[2015.11.28-02.33.21:271][  0]LogDerivedDataCache:Display: Max Cache Size: 512 MB
[2015.11.28-02.33.22:433][  0]LogDerivedDataCache: Loaded boot cache 1.14s 45MB C:/Users/Matt/AppData/Local/UnrealEngine/4.9/DerivedDataCache/Boot.ddc.
[2015.11.28-02.33.22:433][  0]LogDerivedDataCache:Display: Loaded Boot cache: C:/Users/Matt/AppData/Local/UnrealEngine/4.9/DerivedDataCache/Boot.ddc
[2015.11.28-02.33.22:433][  0]LogDerivedDataCache: FDerivedDataBackendGraph:  Pak pak cache file ../../../../../../Users/Matt/Documents/GitHub/P3NGUIN/MyProject19/DerivedDataCache/DDC.ddp not found, will not use a pak cache.
[2015.11.28-02.33.22:433][  0]LogDerivedDataCache: Unable to find inner node Pak for hierarchical cache Hierarchy.
[2015.11.28-02.33.22:433][  0]LogDerivedDataCache: FDerivedDataBackendGraph:  CompressedPak pak cache file ../../../../../../Users/Matt/Documents/GitHub/P3NGUIN/MyProject19/DerivedDataCache/Compressed.ddp not found, will not use a pak cache.
[2015.11.28-02.33.22:433][  0]LogDerivedDataCache: Unable to find inner node CompressedPak for hierarchical cache Hierarchy.
[2015.11.28-02.33.22:693][  0]LogDerivedDataCache:Display: Pak cache opened for reading ../../../Engine/DerivedDataCache/Compressed.ddp.
[2015.11.28-02.33.22:735][  0]LogDerivedDataCache: Using Local data cache path C:/Users/Matt/AppData/Local/UnrealEngine/Common/DerivedDataCache: Writable
[2015.11.28-02.33.42:705][  0]LogInit: Selected Device Profile: [Windows]
[2015.11.28-02.33.43:161][  0]LogContentStreaming: Texture pool size is 0.000000MB
[2015.11.28-02.33.44:102][  0]LogMeshUtilities: No automatic mesh reduction module available
[2015.11.28-02.33.44:102][  0]LogMeshUtilities: No automatic mesh merging module available
[2015.11.28-02.33.57:272][  0]LogInit: WinSock: version 1.1 (2.2), MaxSocks=32767, MaxUdp=65467
[2015.11.28-02.34.35:840][  0]UdpMessaging: Initializing bridge on interface 0.0.0.0:0 to multicast group 230.0.0.1:6666.
[2015.11.28-02.34.36:980][  0]LogAssetRegistry: FAssetRegistry took 0.0125 seconds to start up
[2015.11.28-02.34.43:024][  0]SourceControl: Info Source control is disabled
[2015.11.28-02.34.43:657][  0]SourceControl: Info Source control is disabled
[2015.11.28-02.34.43:832][  0]SourceControl: Info Source control is disabled
[2015.11.28-02.34.44:032][  0]SourceControl: Info Source control is disabled
[2015.11.28-02.34.48:479][  0]LogLinker:Warning: Asset '../../../Engine/Plugins/Runtime/LeapMotionController/Content/LM_PassthroughMaterial.uasset' has been saved with empty engine version. The asset will be loaded but may be incompatible.
[2015.11.28-02.34.49:273][  0]LogObj: 28361 objects as part of root set at end of initial load.
[2015.11.28-02.34.49:273][  0]LogUObjectAllocator: 6038872 out of 0 bytes used by permanent object pool.
[2015.11.28-02.34.51:116][  0]LogEngine: Initializing Engine...
[2015.11.28-02.34.51:265][  0]LogHMD: Can't find Oculus library dev build: is proper Runtime installed? Version: 0.7.0.0
[2015.11.28-02.34.51:351][  0]LogHMD: SteamVR failed to initialize.  Err: 110
[2015.11.28-02.34.52:852][  0]LogAIModule: Creating AISystem for world NewWorld
[2015.11.28-02.34.53:169][  0]LogInit: XAudio2 using 'Speakers (Realtek High Definition Audio)' : 2 channels at 48 kHz using 32 bits per sample (channel mask 0x3)
[2015.11.28-02.34.53:212][  0]LogInit: FAudioDevice initialized.
[2015.11.28-02.34.53:325][  0]LogDerivedDataCache: Saved boot cache 0.11s 45MB C:/Users/Matt/AppData/Local/UnrealEngine/4.9/DerivedDataCache/Boot.ddc.
[2015.11.28-02.34.53:328][  0]LogInit: Texture streaming: Enabled
[2015.11.28-02.34.53:376][  0]LogAnalytics: Creating configured Analytics provider AnalyticsET
[2015.11.28-02.34.53:377][  0]LogAnalytics: [UEEditor.Rocket.Release] APIServer = http://et2.epicgames.com/ET2/. AppVersion = 4.9.2-2707645+++depot+UE4-Releases+4.9
[2015.11.28-02.34.53:377][  0]LogAnalytics: [UEEditor.Rocket.Release] SetUserId de43219841e5038bf49fbfa481591ee0|4e461f00ab6f49d29405414d884919d6|9448dfb4-8168-4a85-8046-6b7a073564d8
[2015.11.28-02.34.53:377][  0]LogAnalytics: [UEEditor.Rocket.Release] AnalyticsET::StartSession
[2015.11.28-02.34.53:835][  0]LogInit: Transaction tracking system initialized
[2015.11.28-02.34.54:311][  0]BlueprintLog: New page: Editor Load
[2015.11.28-02.34.57:307][  0]LocalizationService: Info Localization service is disabled
[2015.11.28-02.34.58:822][  0]LogLinker:Warning: Can't find file '/Game/PuzzleBP/PuzzleOverview'
[2015.11.28-02.34.58:822][  0]LogLinker:Warning: Can't find file '/Game/PuzzleBP/PuzzleOverview'
[2015.11.28-02.34.58:843][  0]LogUObjectGlobals:Warning: Failed to find object 'Class /Game/PuzzleBP/PuzzleOverview.PuzzleOverview_C'
[2015.11.28-02.34.59:260][  0]LogConsoleResponse:Display: 
[2015.11.28-02.35.03:319][  0]LogFileCache: Scanning file cache for directory 'C:/Users/Matt/Documents/GitHub/P3NGUIN/MyProject19/Content/' took 0.01s
[2015.11.28-02.35.03:319][  0]LogCook:Display: Done creating registry. It took  0.00s.
[2015.11.28-02.35.06:247][  0]SourceControl: Info Source control is disabled
[2015.11.28-02.35.06:322][  0]Cmd: MAP LOAD FILE="../../../../../../Users/Matt/Documents/GitHub/P3NGUIN/MyProject19/Content/ThirdPersonBP/Maps/ThirdPersonExampleMap.umap" TEMPLATE=0 SHOWPROGRESS=1 FEATURELEVEL=3
[2015.11.28-02.35.06:396][  0]LightingResults: New page: Lighting Build
[2015.11.28-02.35.07:124][  0]MapCheck: New page: Map Check
[2015.11.28-02.35.07:124][  0]LightingResults: New page: Lighting Build
[2015.11.28-02.35.07:652][  0]LogParticles: Destroying 0 GPU particle simulations for FXSystem 0x0000000020DD2160
[2015.11.28-02.35.09:712][  0]LogLinker:Warning: Asset '../../../../../../Users/Matt/Documents/GitHub/P3NGUIN/MyProject19/Content/Mannequin/Animations/ThirdPerson_AnimBP.uasset' has been saved with empty engine version. The asset will be loaded but may be incompatible.
[2015.11.28-02.35.09:780][  0]LogLinker:Warning: Asset '../../../../../../Users/Matt/Documents/GitHub/P3NGUIN/MyProject19/Content/Mannequin/Animations/ThirdPerson_Jump.uasset' has been saved with empty engine version. The asset will be loaded but may be incompatible.
[2015.11.28-02.35.09:909][  0]LogLinker:Warning: Asset '../../../../../../Users/Matt/Documents/GitHub/P3NGUIN/MyProject19/Content/Mannequin/Animations/ThirdPersonJump_Loop.uasset' has been saved with empty engine version. The asset will be loaded but may be incompatible.
[2015.11.28-02.35.09:919][  0]LogLinker:Warning: Asset '../../../../../../Users/Matt/Documents/GitHub/P3NGUIN/MyProject19/Content/Mannequin/Animations/ThirdPersonJump_Start.uasset' has been saved with empty engine version. The asset will be loaded but may be incompatible.
[2015.11.28-02.35.09:931][  0]LogLinker:Warning: Asset '../../../../../../Users/Matt/Documents/GitHub/P3NGUIN/MyProject19/Content/Mannequin/Animations/ThirdPerson_IdleRun_2D.uasset' has been saved with empty engine version. The asset will be loaded but may be incompatible.
[2015.11.28-02.35.09:980][  0]LogLinker:Warning: Asset '../../../../../../Users/Matt/Documents/GitHub/P3NGUIN/MyProject19/Content/Mannequin/Animations/ThirdPersonIdle.uasset' has been saved with empty engine version. The asset will be loaded but may be incompatible.
[2015.11.28-02.35.10:068][  0]LogLinker:Warning: Asset '../../../../../../Users/Matt/Documents/GitHub/P3NGUIN/MyProject19/Content/Mannequin/Animations/ThirdPersonRun.uasset' has been saved with empty engine version. The asset will be loaded but may be incompatible.
[2015.11.28-02.35.10:080][  0]LogLinker:Warning: Asset '../../../../../../Users/Matt/Documents/GitHub/P3NGUIN/MyProject19/Content/Mannequin/Animations/ThirdPersonWalk.uasset' has been saved with empty engine version. The asset will be loaded but may be incompatible.
[2015.11.28-02.35.11:417][  0]LogBlueprint:Warning: [compiler EnemyBasic] Warning 'EnemyHealth' is already a 'Enemy Health', you don't need  Cast To EnemyHealth .
[2015.11.28-02.35.11:419][  0]LogBlueprint:Warning: [compiler EnemyBasic] Warning [0126.59] Compile of EnemyBasic successful, but with 1 Warning(s) [in 3 ms]
[2015.11.28-02.35.11:419][  0]LogBlueprint:Warning: [compiler EnemyBasic] Warning [0126.59] Compile of EnemyBasic successful, but with 2 Warning(s) [in 0 ms]
[2015.11.28-02.35.11:419][  0]LogBlueprint:Warning: [compiler EnemyBasic] Warning [0126.59] Compile of EnemyBasic successful, but with 3 Warning(s) [in 0 ms]
[2015.11.28-02.35.11:444][  0]LogBlueprint:Warning: [compiler EnemyBasic] Warning 'EnemyHealth' is already a 'Enemy Health', you don't need  Cast To EnemyHealth .
[2015.11.28-02.35.11:446][  0]LogBlueprint:Warning: [compiler EnemyBasic] Warning [0126.62] Compile of EnemyBasic successful, but with 1 Warning(s) [in 3 ms]
[2015.11.28-02.35.11:446][  0]LogBlueprint:Warning: [compiler EnemyBasic] Warning [0126.62] Compile of EnemyBasic successful, but with 2 Warning(s) [in 0 ms]
[2015.11.28-02.35.11:446][  0]LogBlueprint:Warning: [compiler EnemyBasic] Warning [0126.62] Compile of EnemyBasic successful, but with 3 Warning(s) [in 0 ms]
[2015.11.28-02.35.12:428][  0]LogBlueprint:Warning: [compiler AbilityMenu] Warning 'ReturnValue' is already a 'Listed Item', you don't need  Cast To ListedItem .
[2015.11.28-02.35.12:428][  0]LogBlueprint:Warning: [compiler AbilityMenu] Warning 'ReturnValue' is already a 'Listed Item', you don't need  Cast To ListedItem .
[2015.11.28-02.35.12:433][  0]LogBlueprint:Warning: [compiler AbilityMenu] Warning [0127.61] Compile of AbilityMenu successful, but with 2 Warning(s) [in 21 ms]
[2015.11.28-02.35.12:433][  0]LogBlueprint:Warning: [compiler AbilityMenu] Warning [0127.61] Compile of AbilityMenu successful, but with 3 Warning(s) [in 0 ms]
[2015.11.28-02.35.12:433][  0]LogBlueprint:Warning: [compiler AbilityMenu] Warning [0127.61] Compile of AbilityMenu successful, but with 4 Warning(s) [in 0 ms]
[2015.11.28-02.35.13:407][  0]LogBlueprint:Warning: [compiler ThirdPersonCharacter2D] Warning 'AbilitiesMenu' is already a 'Ability Menu', you don't need  Cast To AbilityMenu .
[2015.11.28-02.35.13:410][  0]LogBlueprint:Warning: [compiler ThirdPersonCharacter2D] Warning 'PointerClass' is already a 'Pointer', you don't need  Cast To Pointer .
[2015.11.28-02.35.13:412][  0]LogBlueprint:Warning: [compiler ThirdPersonCharacter2D] Warning No value will be returned by reference. Parameter 'EndTime'. Node:  (none) 
[2015.11.28-02.35.13:425][  0]LogBlueprint:Warning: [compiler ThirdPersonCharacter2D] Warning 'SecondPointer' is already a 'Pointer 2', you don't need  Cast To Pointer2 .
[2015.11.28-02.35.13:458][  0]LogBlueprint:Warning: [compiler ThirdPersonCharacter2D] Warning [0128.63] Compile of ThirdPersonCharacter2D successful, but with 4 Warning(s) [in 106 ms]
[2015.11.28-02.35.13:470][  0]LogBlueprint:Warning: [compiler ThirdPersonCharacter2D] Warning [0128.65] Compile of ThirdPersonCharacter2D successful, but with 5 Warning(s) [in 11 ms]
[2015.11.28-02.35.13:470][  0]LogBlueprint:Warning: [compiler ThirdPersonCharacter2D] Warning [0128.65] Compile of ThirdPersonCharacter2D successful, but with 6 Warning(s) [in 0 ms]
[2015.11.28-02.35.13:708][  0]LogBlueprint:Warning: [compiler ThirdPersonCharacter] Warning 'AbilitiesMenu' is already a 'Ability Menu', you don't need  Cast To AbilityMenu .
[2015.11.28-02.35.13:712][  0]LogBlueprint:Warning: [compiler ThirdPersonCharacter] Warning 'PointerClass' is already a 'Pointer', you don't need  Cast To Pointer .
[2015.11.28-02.35.13:713][  0]LogBlueprint:Warning: [compiler ThirdPersonCharacter] Warning No value will be returned by reference. Parameter 'EndTime'. Node:  (none) 
[2015.11.28-02.35.13:726][  0]LogBlueprint:Warning: [compiler ThirdPersonCharacter] Warning 'SecondPointer' is already a 'Pointer 2', you don't need  Cast To Pointer2 .
[2015.11.28-02.35.13:748][  0]LogBlueprint:Warning: [compiler ThirdPersonCharacter] Warning [0128.92] Compile of ThirdPersonCharacter successful, but with 4 Warning(s) [in 92 ms]
[2015.11.28-02.35.13:749][  0]LogBlueprint:Warning: [compiler ThirdPersonCharacter] Warning [0128.92] Compile of ThirdPersonCharacter successful, but with 5 Warning(s) [in 0 ms]
[2015.11.28-02.35.13:749][  0]LogBlueprint:Warning: [compiler ThirdPersonCharacter] Warning [0128.92] Compile of ThirdPersonCharacter successful, but with 6 Warning(s) [in 0 ms]
[2015.11.28-02.35.13:835][  0]LogBlueprint:Warning: [compiler ThirdPersonCharacter] Warning 'AbilitiesMenu' is already a 'Ability Menu', you don't need  Cast To AbilityMenu .
[2015.11.28-02.35.13:838][  0]LogBlueprint:Warning: [compiler ThirdPersonCharacter] Warning 'PointerClass' is already a 'Pointer', you don't need  Cast To Pointer .
[2015.11.28-02.35.13:840][  0]LogBlueprint:Warning: [compiler ThirdPersonCharacter] Warning No value will be returned by reference. Parameter 'EndTime'. Node:  (none) 
[2015.11.28-02.35.13:851][  0]LogBlueprint:Warning: [compiler ThirdPersonCharacter] Warning 'SecondPointer' is already a 'Pointer 2', you don't need  Cast To Pointer2 .
[2015.11.28-02.35.13:874][  0]LogBlueprint:Warning: [compiler ThirdPersonCharacter] Warning [0129.05] Compile of ThirdPersonCharacter successful, but with 4 Warning(s) [in 94 ms]
[2015.11.28-02.35.13:874][  0]LogBlueprint:Warning: [compiler ThirdPersonCharacter] Warning [0129.05] Compile of ThirdPersonCharacter successful, but with 5 Warning(s) [in 0 ms]
[2015.11.28-02.35.13:875][  0]LogBlueprint:Warning: [compiler ThirdPersonCharacter] Warning [0129.05] Compile of ThirdPersonCharacter successful, but with 6 Warning(s) [in 0 ms]
[2015.11.28-02.35.13:950][  0]LogBlueprint:Warning: [compiler ThirdPersonCharacter2D] Warning 'AbilitiesMenu' is already a 'Ability Menu', you don't need  Cast To AbilityMenu .
[2015.11.28-02.35.13:953][  0]LogBlueprint:Warning: [compiler ThirdPersonCharacter2D] Warning 'PointerClass' is already a 'Pointer', you don't need  Cast To Pointer .
[2015.11.28-02.35.13:954][  0]LogBlueprint:Warning: [compiler ThirdPersonCharacter2D] Warning No value will be returned by reference. Parameter 'EndTime'. Node:  (none) 
[2015.11.28-02.35.13:967][  0]LogBlueprint:Warning: [compiler ThirdPersonCharacter2D] Warning 'SecondPointer' is already a 'Pointer 2', you don't need  Cast To Pointer2 .
[2015.11.28-02.35.14:000][  0]LogBlueprint:Warning: [compiler ThirdPersonCharacter2D] Warning [0129.18] Compile of ThirdPersonCharacter2D successful, but with 4 Warning(s) [in 102 ms]
[2015.11.28-02.35.14:000][  0]LogBlueprint:Warning: [compiler ThirdPersonCharacter2D] Warning [0129.18] Compile of ThirdPersonCharacter2D successful, but with 5 Warning(s) [in 0 ms]
[2015.11.28-02.35.14:000][  0]LogBlueprint:Warning: [compiler ThirdPersonCharacter2D] Warning [0129.18] Compile of ThirdPersonCharacter2D successful, but with 6 Warning(s) [in 0 ms]
[2015.11.28-02.35.14:019][  0]LogBlueprint:Warning: [compiler AbilityMenu] Warning 'ReturnValue' is already a 'Listed Item', you don't need  Cast To ListedItem .
[2015.11.28-02.35.14:021][  0]LogBlueprint:Warning: [compiler AbilityMenu] Warning 'ReturnValue' is already a 'Listed Item', you don't need  Cast To ListedItem .
[2015.11.28-02.35.14:025][  0]LogBlueprint:Warning: [compiler AbilityMenu] Warning [0129.20] Compile of AbilityMenu successful, but with 2 Warning(s) [in 21 ms]
[2015.11.28-02.35.14:025][  0]LogBlueprint:Warning: [compiler AbilityMenu] Warning [0129.20] Compile of AbilityMenu successful, but with 3 Warning(s) [in 0 ms]
[2015.11.28-02.35.14:030][  0]LogBlueprint:Warning: [compiler AbilityMenu] Warning [0129.21] Compile of AbilityMenu successful, but with 4 Warning(s) [in 3 ms]
[2015.11.28-02.35.24:672][  0]LogAIModule: Creating AISystem for world ThirdPersonExampleMap
[2015.11.28-02.35.25:425][  0]LogEditorServer: Finished looking for orphan Actors (0.000 secs)
[2015.11.28-02.35.25:515][  0]Cmd: MAP CHECKDEP NOCLEARLOG
[2015.11.28-02.35.25:609][  0]MapCheck: Info Map check complete: 0 Error(s), 0 Warning(s), took 93.93ms to complete.
[2015.11.28-02.35.25:609][  0]LogFileHelpers: Loading map 'ThirdPersonExampleMap' took 19.313
[2015.11.28-02.35.27:677][  0]LogCollectionManager: Loaded 0 collections in 0.022752 seconds
[2015.11.28-02.35.27:778][  0]LogFileCache: Scanning file cache for directory 'C:/Users/Matt/Documents/GitHub/P3NGUIN/MyProject19/Saved/Collections/' took 0.01s
[2015.11.28-02.35.27:778][  0]LogFileCache: Scanning file cache for directory 'C:/Users/Matt/Documents/GitHub/P3NGUIN/MyProject19/Content/Developers/Matt/Collections/' took 0.01s
[2015.11.28-02.35.27:778][  0]LogFileCache: Scanning file cache for directory 'C:/Users/Matt/Documents/GitHub/P3NGUIN/MyProject19/Content/Collections/' took 0.01s
[2015.11.28-02.35.27:778][  0]LogContentBrowser: Native class hierarchy populated in 0.0188 seconds. Added 1867 classes and 333 folders.
[2015.11.28-02.35.27:949][  0]LogCollectionManager: Rebuilt the GUID cache for 0 collections in 0.000003 seconds
[2015.11.28-02.35.28:100][  0]LogContentBrowser: Native class hierarchy updated for 'WidgetCarousel' in 0.0003 seconds. Added 0 classes and 0 folders.
[2015.11.28-02.35.29:667][  0]LogContentBrowser: Native class hierarchy updated for 'AddContentDialog' in 0.0003 seconds. Added 0 classes and 0 folders.
[2015.11.28-02.35.29:760][  0]LogContentBrowser: Native class hierarchy updated for 'SceneOutliner' in 0.0004 seconds. Added 1 classes and 2 folders.
[2015.11.28-02.35.30:381][  0]LogCrashTracker: Crashtracker disabled due to settings.
[2015.11.28-02.35.30:545][  0]LogUObjectGlobals:Warning: Failed to find object 'Class None.'
[2015.11.28-02.35.30:671][  0]LogLoad: Full Startup: 145.85 seconds (BP compile: 3.50 seconds)
[2015.11.28-02.35.31:950][  0]LogContentStreaming: Texture pool size now 1000 MB
[2015.11.28-02.35.32:675][  0]LogRenderer: Reallocating scene render targets to support 860x516 (Frame:2).
[2015.11.28-02.35.35:862][  9]LogAssetRegistry: Asset discovery search completed in 58.8921 seconds
[2015.11.28-02.35.35:862][  9]LogCollectionManager: Rebuilt the object cache for 0 collections in 0.000001 seconds (found 0 objects)
[2015.11.28-02.35.35:862][  9]LogCollectionManager: Fixed up redirectors for 0 collections in 0.000049 seconds (updated 0 objects)
[2015.11.28-02.56.08:000][465]LogEditorViewport: Clicking on Actor (LMB): TextRenderActor (TemplateLabel8)
[2015.11.28-02.56.09:708][536]Cmd: DELETE
[2015.11.28-02.56.09:709][536]Cmd: ACTOR DELETE
[2015.11.28-02.56.09:839][536]LogEditorActor: Deleted Actor: TextRenderActor
[2015.11.28-02.56.10:008][536]LogEditorActor: Deleted 1 Actors (0.234 secs)
[2015.11.28-02.56.16:163][261]LogEditorViewport: Clicking on Actor (LMB): TextRenderActor (TemplateLabel9)
[2015.11.28-02.56.41:624][177]LogEditorViewport: Clicking on Actor (LMB): TextRenderActor (TemplateLabel10)
[2015.11.28-02.56.43:647][414]LogEditorViewport: Clicking on Actor (LMB): TextRenderActor (TemplateLabel11)
[2015.11.28-02.56.48:231][956]LogEditorViewport: Clicking on Actor (LMB): TextRenderActor (TemplateLabel9)
[2015.11.28-02.56.48:899][ 32]LogEditorViewport: Clicking on Actor (CTRL LMB): TextRenderActor (TemplateLabel10)
[2015.11.28-02.56.49:724][120]LogEditorViewport: Clicking on Actor (CTRL LMB): TextRenderActor (TemplateLabel11)
[2015.11.28-02.56.56:111][870]LogEditorViewport: Clicking on Actor (LMB): StaticMeshActor (Floor)
[2015.11.28-02.56.56:545][889]LogEditorViewport: Clicking on Component (LMB): StaticMeshComponent (StaticMeshComponent0)
[2015.11.28-02.56.58:615][111]LogEditorViewport: Clicking on Actor (LMB): TextRenderActor (TemplateLabel10)
[2015.11.28-02.57.26:642][479]LogSavePackage: Save=781.983948ms
[2015.11.28-02.57.26:642][479]LogSavePackage: Moving '../../../../../../Users/Matt/Documents/GitHub/P3NGUIN/MyProject19/Saved/ThirdPersonExampleMap_Auto1772BF5734D0BBB0C8D9399BBD5596E0C.tmp' to '../../../../../../Users/Matt/Documents/GitHub/P3NGUIN/MyProject19/Saved/Autosaves/Game/ThirdPersonBP/Maps/ThirdPersonExampleMap_Auto1.umap'
[2015.11.28-02.57.26:643][479]LogSavePackage: Total save time: 1103.764366ms
[2015.11.28-02.57.26:643][479]LogSavePackage:Warning: Finished SavePackage ../../../../../../Users/Matt/Documents/GitHub/P3NGUIN/MyProject19/Saved/Autosaves/Game/ThirdPersonBP/Maps/ThirdPersonExampleMap_Auto1.umap
[2015.11.28-02.57.26:645][479]LogFileHelpers: Editor autosave (incl. sublevels) for '/Game/ThirdPersonBP/Maps/ThirdPersonExampleMap' took 1.213
[2015.11.28-02.57.26:645][479]LogFileHelpers: Editor autosave (incl. sublevels) for all levels took 1.213
[2015.11.28-03.00.26:242][509]LogLinker:Warning: Asset '../../../Engine/Content/ArtTools/RenderToTexture/Macros/RenderToTextureMacros.uasset' has been saved with empty engine version. The asset will be loaded but may be incompatible.
[2015.11.28-03.00.27:218][509]LogContentBrowser: Native class hierarchy updated for 'BlueprintGraph' in 0.0008 seconds. Added 107 classes and 0 folders.
[2015.11.28-03.00.37:306][446]LogRenderer: Reallocating scene render targets to support 920x588 (Frame:9210).
[2015.11.28-03.07.27:249][ 49]LogActorComponent: UnregisterComponent: (/Engine/Transient.CharMoveComp) Not registered. Aborting.
[2015.11.28-03.07.27:249][ 49]LogActorComponent: UnregisterComponent: (/Engine/Transient.CharacterMovementComponent_0) Not registered. Aborting.
[2015.11.28-03.07.27:249][ 49]LogActorComponent: UnregisterComponent: (/Engine/Transient.ProjectileMovement_GEN_VARIABLE) Not registered. Aborting.
[2015.11.28-03.07.27:984][ 49]LogSavePackage: Save=671.138306ms
[2015.11.28-03.07.27:984][ 49]LogSavePackage: Moving '../../../../../../Users/Matt/Documents/GitHub/P3NGUIN/MyProject19/Saved/ThirdPersonExampleMap_Auto294E987BD4B067FC13ACC5D96F2196613.tmp' to '../../../../../../Users/Matt/Documents/GitHub/P3NGUIN/MyProject19/Saved/Autosaves/Game/ThirdPersonBP/Maps/ThirdPersonExampleMap_Auto2.umap'
[2015.11.28-03.07.27:986][ 49]LogSavePackage: Total save time: 690.384429ms
[2015.11.28-03.07.27:986][ 49]LogSavePackage:Warning: Finished SavePackage ../../../../../../Users/Matt/Documents/GitHub/P3NGUIN/MyProject19/Saved/Autosaves/Game/ThirdPersonBP/Maps/ThirdPersonExampleMap_Auto2.umap
[2015.11.28-03.07.27:992][ 49]LogFileHelpers: Editor autosave (incl. sublevels) for '/Game/ThirdPersonBP/Maps/ThirdPersonExampleMap' took 0.743
[2015.11.28-03.07.27:992][ 49]LogFileHelpers: Editor autosave (incl. sublevels) for all levels took 0.743
[2015.11.28-03.19.47:596][473]LogActorComponent: UnregisterComponent: (/Engine/Transient.CharMoveComp) Not registered. Aborting.
[2015.11.28-03.19.47:596][473]LogActorComponent: UnregisterComponent: (/Engine/Transient.ProjectileMovement_GEN_VARIABLE) Not registered. Aborting.
[2015.11.28-03.19.47:596][473]LogActorComponent: UnregisterComponent: (/Engine/Transient.CharacterMovementComponent_1) Not registered. Aborting.
[2015.11.28-03.19.48:401][473]LogSavePackage: Save=581.970520ms
[2015.11.28-03.19.48:401][473]LogSavePackage: Moving '../../../../../../Users/Matt/Documents/GitHub/P3NGUIN/MyProject19/Saved/ThirdPersonExampleMapBAD158B445ED69C238B595A57A98E347.tmp' to '../../../../../../Users/Matt/Documents/GitHub/P3NGUIN/MyProject19/Content/ThirdPersonBP/Maps/ThirdPersonExampleMap.umap'
[2015.11.28-03.19.48:404][473]LogSavePackage: Total save time: 623.170879ms
[2015.11.28-03.19.48:404][473]LogSavePackage:Warning: Finished SavePackage ../../../../../../Users/Matt/Documents/GitHub/P3NGUIN/MyProject19/Content/ThirdPersonBP/Maps/ThirdPersonExampleMap.umap
[2015.11.28-03.19.48:471][473]LogFileHelpers: Saving map 'ThirdPersonExampleMap' took 0.783
[2015.11.28-03.19.49:918][563]Cmd: QUIT_EDITOR
[2015.11.28-03.19.50:486][563]LogExit: Preparing to exit.
[2015.11.28-03.19.51:400][563]LogExit: Editor shut down
[2015.11.28-03.19.51:400][563]LogExit: Transaction tracking system shut down
[2015.11.28-03.19.51:461][563]LogParticles: Destroying 0 GPU particle simulations for FXSystem 0x000000000E8CE520
[2015.11.28-03.19.51:461][563]LogParticles: Destroying 0 GPU particle simulations for FXSystem 0x000000000E7F0EA0
[2015.11.28-03.19.51:462][563]LogParticles: Destroying 0 GPU particle simulations for FXSystem 0x0000000024AE5120
[2015.11.28-03.19.51:462][563]LogParticles: Destroying 0 GPU particle simulations for FXSystem 0x000000002902B2E0
[2015.11.28-03.19.51:462][563]LogParticles: Destroying 0 GPU particle simulations for FXSystem 0x000000002921ED40
[2015.11.28-03.19.51:462][563]LogParticles: Destroying 0 GPU particle simulations for FXSystem 0x0000000029EB7560
[2015.11.28-03.19.52:242][563]LogParticles: Destroying 0 GPU particle simulations for FXSystem 0x0000000028F420C0
[2015.11.28-03.19.52:242][563]LogExit: Object subsystem successfully closed.
[2015.11.28-03.19.52:878][563]LogD3D11RHI: Shutdown
[2015.11.28-03.19.52:889][563]LogD3D11RHI: CleanupD3DDevice
[2015.11.28-03.19.52:933][563]LogD3D11RHI: ~FD3D11DynamicRHI
[2015.11.28-03.19.53:438][563]LogModuleManager: Shutting down and abandoning module BlueprintGraph (198)
[2015.11.28-03.19.53:438][563]LogModuleManager: Shutting down and abandoning module CrashTracker (197)
[2015.11.28-03.19.53:438][563]LogModuleManager: Shutting down and abandoning module SceneOutliner (196)
[2015.11.28-03.19.53:438][563]LogModuleManager: Shutting down and abandoning module SuperSearch (195)
[2015.11.28-03.19.53:438][563]LogModuleManager: Shutting down and abandoning module WidgetCarousel (194)
[2015.11.28-03.19.53:438][563]LogModuleManager: Shutting down and abandoning module AddContentDialog (193)
[2015.11.28-03.19.53:466][563]LogModuleManager: Shutting down and abandoning module EditorWidgets (192)
[2015.11.28-03.19.53:466][563]LogModuleManager: Shutting down and abandoning module CollectionManager (191)
[2015.11.28-03.19.53:466][563]LogModuleManager: Shutting down and abandoning module StatsViewer (190)
[2015.11.28-03.19.53:466][563]LogModuleManager: Shutting down and abandoning module FoliageEdit (189)
[2015.11.28-03.19.53:466][563]LogModuleManager: Shutting down and abandoning module LandscapeEditor (188)
[2015.11.28-03.19.53:507][563]LogModuleManager: Shutting down and abandoning module ActorPickerMode (187)
[2015.11.28-03.19.53:507][563]LogModuleManager: Shutting down and abandoning module GeometryMode (186)
[2015.11.28-03.19.53:507][563]LogModuleManager: Shutting down and abandoning module TextureAlignMode (185)
[2015.11.28-03.19.53:507][563]LogModuleManager: Shutting down and abandoning module BspMode (184)
[2015.11.28-03.19.53:507][563]LogModuleManager: Shutting down and abandoning module PlacementMode (183)
[2015.11.28-03.19.53:507][563]LogModuleManager: Shutting down and abandoning module AutomationWorker (182)
[2015.11.28-03.19.53:507][563]LogModuleManager: Shutting down and abandoning module CharacterAI (181)
[2015.11.28-03.19.53:507][563]LogModuleManager: Shutting down and abandoning module SmartSnapping (180)
[2015.11.28-03.19.53:507][563]LogModuleManager: Shutting down and abandoning module ViewportSnapping (179)
[2015.11.28-03.19.53:507][563]LogModuleManager: Shutting down and abandoning module LogVisualizer (178)
[2015.11.28-03.19.53:507][563]LogModuleManager: Shutting down and abandoning module GameProjectGeneration (177)
[2015.11.28-03.19.53:515][563]LogModuleManager: Shutting down and abandoning module IntroTutorials (176)
[2015.11.28-03.19.53:515][563]LogModuleManager: Shutting down and abandoning module EditorLiveStreaming (175)
[2015.11.28-03.19.53:515][563]LogModuleManager: Shutting down and abandoning module IOSPlatformEditor (174)
[2015.11.28-03.19.53:515][563]LogModuleManager: Shutting down and abandoning module HTML5PlatformEditor (173)
[2015.11.28-03.19.53:515][563]LogModuleManager: Shutting down and abandoning module AndroidDeviceDetection (172)
[2015.11.28-03.19.53:647][563]LogModuleManager: Shutting down and abandoning module AndroidPlatformEditor (171)
[2015.11.28-03.19.53:647][563]LogModuleManager: Shutting down and abandoning module IOSRuntimeSettings (170)
[2015.11.28-03.19.53:647][563]LogModuleManager: Shutting down and abandoning module AndroidRuntimeSettings (169)
[2015.11.28-03.19.53:647][563]LogModuleManager: Shutting down and abandoning module MergeActors (168)
[2015.11.28-03.19.53:663][563]LogModuleManager: Shutting down and abandoning module SizeMap (167)
[2015.11.28-03.19.53:663][563]LogModuleManager: Shutting down and abandoning module TreeMap (166)
[2015.11.28-03.19.53:663][563]LogModuleManager: Shutting down and abandoning module ReferenceViewer (165)
[2015.11.28-03.19.53:663][563]LogModuleManager: Shutting down and abandoning module LocalizationService (164)
[2015.11.28-03.19.53:663][563]LogModuleManager: Shutting down and abandoning module LocalizationDashboard (163)
[2015.11.28-03.19.53:670][563]LogModuleManager: Shutting down and abandoning module HardwareTargeting (162)
[2015.11.28-03.19.53:670][563]LogModuleManager: Shutting down and abandoning module DeviceProfileEditor (161)
[2015.11.28-03.19.53:670][563]LogModuleManager: Shutting down and abandoning module UndoHistory (160)
[2015.11.28-03.19.53:670][563]LogModuleManager: Shutting down and abandoning module GameplayTagsEditor (159)
[2015.11.28-03.19.53:670][563]LogModuleManager: Shutting down and abandoning module UserFeedback (158)
[2015.11.28-03.19.53:670][563]LogModuleManager: Shutting down and abandoning module XmlParser (157)
[2015.11.28-03.19.53:670][563]LogModuleManager: Shutting down and abandoning module Blutility (156)
[2015.11.28-03.19.53:670][563]LogModuleManager: Shutting down and abandoning module ProjectTargetPlatformEditor (155)
[2015.11.28-03.19.53:670][563]LogModuleManager: Shutting down and abandoning module ProjectSettingsViewer (154)
[2015.11.28-03.19.53:670][563]LogModuleManager: Shutting down and abandoning module InputBindingEditor (153)
[2015.11.28-03.19.53:670][563]LogModuleManager: Shutting down and abandoning module EditorSettingsViewer (152)
[2015.11.28-03.19.53:670][563]LogModuleManager: Shutting down and abandoning module SettingsEditor (151)
[2015.11.28-03.19.53:670][563]LogModuleManager: Shutting down and abandoning module ProjectLauncher (150)
[2015.11.28-03.19.53:670][563]LogModuleManager: Shutting down and abandoning module SessionFrontend (149)
[2015.11.28-03.19.53:671][563]LogModuleManager: Shutting down and abandoning module ProfilerClient (148)
[2015.11.28-03.19.53:683][563]LogModuleManager: Shutting down and abandoning module TargetDeviceServices (147)
[2015.11.28-03.19.53:683][563]LogModuleManager: Shutting down and abandoning module DeviceManager (146)
[2015.11.28-03.19.53:683][563]LogModuleManager: Shutting down and abandoning module AutomationController (145)
[2015.11.28-03.19.53:683][563]LogModuleManager: Shutting down and abandoning module AutomationWindow (144)
[2015.11.28-03.19.53:699][563]LogModuleManager: Shutting down and abandoning module Layers (143)
[2015.11.28-03.19.53:741][563]LogModuleManager: Shutting down and abandoning module ComponentVisualizers (142)
[2015.11.28-03.19.53:741][563]LogModuleManager: Shutting down and abandoning module DetailCustomizations (141)
[2015.11.28-03.19.53:741][563]LogModuleManager: Shutting down and abandoning module PackagesDialog (140)
[2015.11.28-03.19.53:754][563]LogModuleManager: Shutting down and abandoning module Persona (139)
[2015.11.28-03.19.53:773][563]LogModuleManager: Shutting down and abandoning module Kismet (138)
[2015.11.28-03.19.53:773][563]LogModuleManager: Shutting down and abandoning module GraphEditor (137)
[2015.11.28-03.19.53:773][563]LogModuleManager: Shutting down and abandoning module ClassViewer (136)
[2015.11.28-03.19.53:773][563]LogModuleManager: Shutting down and abandoning module Toolbox (135)
[2015.11.28-03.19.53:773][563]LogModuleManager: Shutting down and abandoning module ModuleUI (134)
[2015.11.28-03.19.53:788][563]LogModuleManager: Shutting down and abandoning module MovieSceneTools (133)
[2015.11.28-03.19.53:788][563]LogModuleManager: Shutting down and abandoning module OutputLog (132)
[2015.11.28-03.19.53:788][563]LogModuleManager: Shutting down and abandoning module GammaUI (131)
[2015.11.28-03.19.53:802][563]LogModuleManager: Shutting down and abandoning module Documentation (130)
[2015.11.28-03.19.53:802][563]LogModuleManager: Shutting down and abandoning module GameLiveStreaming (129)
[2015.11.28-03.19.53:802][563]LogModuleManager: Shutting down and abandoning module StreamingPauseRendering (128)
[2015.11.28-03.19.53:802][563]LogModuleManager: Shutting down and abandoning module AnalyticsET (127)
[2015.11.28-03.19.53:802][563]LogModuleManager: Shutting down and abandoning module Analytics (126)
[2015.11.28-03.19.53:802][563]LogModuleManager: Shutting down and abandoning module AITestSuite (125)
[2015.11.28-03.19.53:802][563]LogModuleManager: Shutting down and abandoning module GameplayDebugger (124)
[2015.11.28-03.19.53:802][563]LogModuleManager: Shutting down and abandoning module AIModule (123)
[2015.11.28-03.19.53:802][563]LogModuleManager: Shutting down and abandoning module ProfilerService (122)
[2015.11.28-03.19.53:889][563]LogModuleManager: Shutting down and abandoning module TaskGraph (121)
[2015.11.28-03.19.53:889][563]LogModuleManager: Shutting down and abandoning module SlateRemote (120)
[2015.11.28-03.19.53:889][563]LogModuleManager: Shutting down and abandoning module SteamVRController (119)
[2015.11.28-03.19.53:889][563]LogModuleManager: Shutting down and abandoning module SteamVR (118)
[2015.11.28-03.19.53:889][563]LogModuleManager: Shutting down and abandoning module ProceduralMeshComponent (117)
[2015.11.28-03.19.53:889][563]LogModuleManager: Shutting down and abandoning module OculusRift (116)
[2015.11.28-03.19.53:889][563]LogModuleManager: Shutting down and abandoning module OculusLibrary (115)
[2015.11.28-03.19.53:889][563]LogModuleManager: Shutting down and abandoning module LeapMotionController (114)
[2015.11.28-03.19.53:896][563]LogModuleManager: Shutting down and abandoning module CustomMeshComponent (113)
[2015.11.28-03.19.53:911][563]LogModuleManager: Shutting down and abandoning module CableComponent (112)
[2015.11.28-03.19.53:911][563]LogModuleManager: Shutting down and abandoning module ArchVisCharacter (111)
[2015.11.28-03.19.53:911][563]LogModuleManager: Shutting down and abandoning module MessagingDebugger (110)
[2015.11.28-03.19.53:948][563]LogModuleManager: Shutting down and abandoning module MediaPlayerEditor (109)
[2015.11.28-03.19.53:958][563]LogModuleManager: Shutting down and abandoning module HTML5Networking (108)
[2015.11.28-03.19.53:958][563]LogModuleManager: Shutting down and abandoning module SpeedTreeImporter (107)
[2015.11.28-03.19.53:958][563]LogModuleManager: Shutting down and abandoning module PluginBrowser (106)
[2015.11.28-03.19.53:958][563]LogModuleManager: Shutting down and abandoning module EpicSurvey (105)
[2015.11.28-03.19.53:958][563]LogModuleManager: Shutting down and abandoning module DesktopPlatform (104)
[2015.11.28-03.19.53:969][563]LogModuleManager: Shutting down and abandoning module VisualStudioSourceCodeAccess (103)
[2015.11.28-03.19.53:969][563]LogModuleManager: Shutting down and abandoning module UObjectPlugin (102)
[2015.11.28-03.19.53:969][563]LogModuleManager: Shutting down and abandoning module SubversionSourceControl (101)
[2015.11.28-03.19.53:969][563]LogModuleManager: Shutting down and abandoning module PerforceSourceControl (100)
[2015.11.28-03.19.53:969][563]LogModuleManager: Shutting down and abandoning module SourceControl (99)
[2015.11.28-03.19.53:969][563]LogModuleManager: Shutting down and abandoning module GitSourceControl (98)
[2015.11.28-03.19.53:969][563]LogModuleManager: Shutting down and abandoning module LightPropagationVolumeEditor (97)
[2015.11.28-03.19.53:969][563]LogModuleManager: Shutting down and abandoning module PaperTiledImporter (96)
[2015.11.28-03.19.53:969][563]LogModuleManager: Shutting down and abandoning module PaperSpriteSheetImporter (95)
[2015.11.28-03.19.53:969][563]LogModuleManager: Shutting down and abandoning module MeshPaint (94)
[2015.11.28-03.19.53:969][563]LogModuleManager: Shutting down and abandoning module SlateReflector (93)
[2015.11.28-03.19.53:991][563]LogModuleManager: Shutting down and abandoning module HotReload (92)
[2015.11.28-03.19.53:991][563]LogModuleManager: Shutting down and abandoning module MainFrame (91)
[2015.11.28-03.19.53:991][563]LogModuleManager: Shutting down and abandoning module LevelEditor (90)
[2015.11.28-03.19.54:001][563]LogModuleManager: Shutting down and abandoning module DirectoryWatcher (89)
[2015.11.28-03.19.54:001][563]LogModuleManager: Shutting down and abandoning module AssetRegistry (88)
[2015.11.28-03.19.54:071][563]LogModuleManager: Shutting down and abandoning module ContentBrowser (87)
[2015.11.28-03.19.54:072][563]LogModuleManager: Shutting down and abandoning module Paper2DEditor (86)
[2015.11.28-03.19.54:095][563]LogModuleManager: Shutting down and abandoning module UdpMessaging (85)
[2015.11.28-03.19.54:195][563]LogModuleManager: Shutting down and abandoning module LightPropagationVolumeRuntime (84)
[2015.11.28-03.19.54:195][563]LogModuleManager: Shutting down and abandoning module Paper2D (83)
[2015.11.28-03.19.54:195][563]LogModuleManager: Shutting down and abandoning module WindowsMoviePlayer (82)
[2015.11.28-03.19.54:211][563]LogModuleManager: Shutting down and abandoning module Media (81)
[2015.11.28-03.19.54:211][563]LogModuleManager: Shutting down and abandoning module WmfMedia (80)
[2015.11.28-03.19.54:211][563]LogModuleManager: Shutting down and abandoning module OnlineBlueprintSupport (79)
[2015.11.28-03.19.54:211][563]LogModuleManager: Shutting down and abandoning module GameplayTasksEditor (78)
[2015.11.28-03.19.54:211][563]LogModuleManager: Shutting down and abandoning module PropertyEditor (77)
[2015.11.28-03.19.54:211][563]LogModuleManager: Shutting down and abandoning module BehaviorTreeEditor (76)
[2015.11.28-03.19.54:212][563]LogModuleManager: Shutting down and abandoning module FunctionalTesting (75)
[2015.11.28-03.19.54:212][563]LogModuleManager: Shutting down and abandoning module CollisionAnalyzer (74)
[2015.11.28-03.19.54:212][563]LogModuleManager: Shutting down and abandoning module WorkspaceMenuStructure (73)
[2015.11.28-03.19.54:212][563]LogModuleManager: Shutting down and abandoning module MessageLog (72)
[2015.11.28-03.19.54:212][563]LogModuleManager: Shutting down and abandoning module Sequencer (71)
[2015.11.28-03.19.54:212][563]LogModuleManager: Shutting down and abandoning module AssetTools (70)
[2015.11.28-03.19.54:234][563]LogModuleManager: Shutting down and abandoning module UMGEditor (69)
[2015.11.28-03.19.54:251][563]LogModuleManager: Shutting down and abandoning module UMG (68)
[2015.11.28-03.19.54:251][563]LogModuleManager: Shutting down and abandoning module Slate (67)
[2015.11.28-03.19.54:251][563]LogModuleManager: Shutting down and abandoning module EditorStyle (66)
[2015.11.28-03.19.54:253][563]LogModuleManager: Shutting down and abandoning module SessionServices (65)
[2015.11.28-03.19.54:253][563]LogModuleManager: Shutting down and abandoning module SourceCodeAccess (64)
[2015.11.28-03.19.54:253][563]LogModuleManager: Shutting down and abandoning module HeadMountedDisplay (63)
[2015.11.28-03.19.54:253][563]LogModuleManager: Shutting down and abandoning module XAudio2 (62)
[2015.11.28-03.19.54:253][563]LogModuleManager: Shutting down and abandoning module Networking (60)
[2015.11.28-03.19.54:253][563]LogModuleManager: Shutting down and abandoning module Core (59)
[2015.11.28-03.19.54:253][563]LogModuleManager: Shutting down and abandoning module KismetCompiler (58)
[2015.11.28-03.19.54:253][563]LogModuleManager: Shutting down and abandoning module PhysXFormats (57)
[2015.11.28-03.19.54:253][563]LogModuleManager: Shutting down and abandoning module MeshUtilities (56)
[2015.11.28-03.19.54:274][563]LogModuleManager: Shutting down and abandoning module CookingStats (55)
[2015.11.28-03.19.54:275][563]LogModuleManager: Shutting down and abandoning module DerivedDataCache (54)
[2015.11.28-03.19.54:363][563]LogDerivedDataCache: Shutdown
[2015.11.28-03.19.54:363][563]LogModuleManager: Shutting down and abandoning module ShaderFormatOpenGL (53)
[2015.11.28-03.19.54:379][563]LogModuleManager: Shutting down and abandoning module ShaderFormatD3D (52)
[2015.11.28-03.19.54:379][563]LogModuleManager: Shutting down and abandoning module MetalShaderFormat (51)
[2015.11.28-03.19.54:403][563]LogModuleManager: Shutting down and abandoning module TextureFormatUncompressed (50)
[2015.11.28-03.19.54:403][563]LogModuleManager: Shutting down and abandoning module TextureFormatPVR (49)
[2015.11.28-03.19.54:403][563]LogModuleManager: Shutting down and abandoning module TextureFormatIntelISPCTexComp (48)
[2015.11.28-03.19.54:403][563]LogModuleManager: Shutting down and abandoning module TextureFormatDXT (47)
[2015.11.28-03.19.54:403][563]LogModuleManager: Shutting down and abandoning module ImageWrapper (46)
[2015.11.28-03.19.54:403][563]LogModuleManager: Shutting down and abandoning module TextureFormatASTC (45)
[2015.11.28-03.19.54:403][563]LogModuleManager: Shutting down and abandoning module TextureFormatAndroid (44)
[2015.11.28-03.19.54:403][563]LogModuleManager: Shutting down and abandoning module AudioFormatOpus (43)
[2015.11.28-03.19.54:403][563]LogModuleManager: Shutting down and abandoning module AudioFormatOgg (42)
[2015.11.28-03.19.54:403][563]LogModuleManager: Shutting down and abandoning module AudioFormatADPCM (41)
[2015.11.28-03.19.54:403][563]LogModuleManager: Shutting down and abandoning module LinuxTargetPlatform (40)
[2015.11.28-03.19.54:403][563]LogModuleManager: Shutting down and abandoning module LinuxServerTargetPlatform (39)
[2015.11.28-03.19.54:403][563]LogModuleManager: Shutting down and abandoning module LinuxNoEditorTargetPlatform (38)
[2015.11.28-03.19.54:403][563]LogModuleManager: Shutting down and abandoning module Messaging (37)
[2015.11.28-03.19.54:403][563]LogModuleManager: Shutting down and abandoning module IOSTargetPlatform (36)
[2015.11.28-03.19.54:403][563]LogModuleManager: Shutting down and abandoning module HTML5TargetPlatform (35)
[2015.11.28-03.19.54:403][563]LogModuleManager: Shutting down and abandoning module Android_PVRTCTargetPlatform (34)
[2015.11.28-03.19.54:403][563]LogModuleManager: Shutting down and abandoning module Android_ETC2TargetPlatform (33)
[2015.11.28-03.19.54:403][563]LogModuleManager: Shutting down and abandoning module Android_ETC1TargetPlatform (32)
[2015.11.28-03.19.54:403][563]LogModuleManager: Shutting down and abandoning module Android_DXTTargetPlatform (31)
[2015.11.28-03.19.54:403][563]LogModuleManager: Shutting down and abandoning module Android_ATCTargetPlatform (30)
[2015.11.28-03.19.54:403][563]LogModuleManager: Shutting down and abandoning module Android_ASTCTargetPlatform (29)
[2015.11.28-03.19.54:403][563]LogModuleManager: Shutting down and abandoning module AndroidTargetPlatform (28)
[2015.11.28-03.19.54:403][563]LogModuleManager: Shutting down and abandoning module WindowsTargetPlatform (27)
[2015.11.28-03.19.54:403][563]LogModuleManager: Shutting down and abandoning module WindowsServerTargetPlatform (26)
[2015.11.28-03.19.54:403][563]LogModuleManager: Shutting down and abandoning module WindowsNoEditorTargetPlatform (25)
[2015.11.28-03.19.54:403][563]LogModuleManager: Shutting down and abandoning module WindowsClientTargetPlatform (24)
[2015.11.28-03.19.54:403][563]LogModuleManager: Shutting down and abandoning module AllDesktopTargetPlatform (23)
[2015.11.28-03.19.54:403][563]LogModuleManager: Shutting down and abandoning module TargetPlatform (22)
[2015.11.28-03.19.54:403][563]LogModuleManager: Shutting down and abandoning module InputCore (21)
[2015.11.28-03.19.54:403][563]LogModuleManager: Shutting down and abandoning module Settings (20)
[2015.11.28-03.19.54:403][563]LogModuleManager: Shutting down and abandoning module OnlineSubsystem (18)
[2015.11.28-03.19.54:403][563]LogModuleManager: Shutting down and abandoning module HTTP (17)
[2015.11.28-03.19.56:403][563]LogModuleManager: Shutting down and abandoning module XMPP (16)
[2015.11.28-03.19.56:445][563]LogModuleManager: Shutting down and abandoning module ExampleDeviceProfileSelector (15)
[2015.11.28-03.19.56:445][563]LogModuleManager: Shutting down and abandoning module TextureCompressor (14)
[2015.11.28-03.19.56:462][563]LogModuleManager: Shutting down and abandoning module ShaderCore (13)
[2015.11.28-03.19.56:462][563]LogModuleManager: Shutting down and abandoning module Landscape (12)
[2015.11.28-03.19.56:462][563]LogModuleManager: Shutting down and abandoning module SlateRHIRenderer (11)
[2015.11.28-03.19.56:463][563]LogModuleManager: Shutting down and abandoning module OpenGLDrv (10)
[2015.11.28-03.19.56:481][563]LogModuleManager: Shutting down and abandoning module D3D11RHI (9)
[2015.11.28-03.19.56:481][563]LogModuleManager: Shutting down and abandoning module AnimGraphRuntime (8)
[2015.11.28-03.19.56:481][563]LogModuleManager: Shutting down and abandoning module Renderer (7)
[2015.11.28-03.19.56:481][563]LogModuleManager: Shutting down and abandoning module Engine (6)
[2015.11.28-03.19.56:481][563]LogModuleManager: Shutting down and abandoning module CoreUObject (5)
[2015.11.28-03.19.56:481][563]LogModuleManager: Shutting down and abandoning module NetworkFile (4)
[2015.11.28-03.19.56:490][563]LogModuleManager: Shutting down and abandoning module StreamingFile (3)
[2015.11.28-03.19.56:490][563]LogModuleManager: Shutting down and abandoning module SandboxFile (2)
[2015.11.28-03.19.56:508][563]LogModuleManager: Shutting down and abandoning module PakFile (1)
[2015.11.28-03.19.56:526][563]LogExit: Exiting.
[2015.11.28-03.19.56:527][563]Log file closed, 11/27/15 19:19:56
