[2015.12.02-22.19.17:692][  0]Log file open, 12/02/15 14:19:17
[2015.12.02-22.19.17:692][  0]LogInit:Display: Running engine for game: MyProject19
[2015.12.02-22.19.17:704][  0]LogPlatformFile: Not using cached read wrapper
[2015.12.02-22.19.17:704][  0]LogInit:Display: RandInit(-1043985985) SRandInit(-1043985983).
[2015.12.02-22.19.17:704][  0]LogTaskGraph: Started task graph with 4 named threads and 7 total threads.
[2015.12.02-22.19.17:704][  0]LogStats: Stats thread started at 9.478132
[2015.12.02-22.19.17:704][  0]LogInit: Version: 4.10.0-2758231+++depot+UE4-Releases+4.10
[2015.12.02-22.19.17:704][  0]LogInit: API Version: 2758231
[2015.12.02-22.19.17:704][  0]LogInit: Compiled (64-bit): Nov  7 2015 05:13:45
[2015.12.02-22.19.17:704][  0]LogInit: Compiled with Visual C++: 19.00.23026.00
[2015.12.02-22.19.17:704][  0]LogInit: Build Configuration: Development
[2015.12.02-22.19.17:704][  0]LogInit: Branch Name: ++depot+UE4-Releases+4.10
[2015.12.02-22.19.17:704][  0]LogInit: Command line:  
[2015.12.02-22.19.17:704][  0]LogInit: Base directory: C:/Program Files/Epic Games/4.10/Engine/Binaries/Win64/
[2015.12.02-22.19.17:704][  0]LogInit: Rocket: 1
[2015.12.02-22.19.18:526][  0]LogInit: Using libcurl 7.41.0
[2015.12.02-22.19.18:526][  0]LogInit:  - built for x86_64-pc-win32
[2015.12.02-22.19.18:526][  0]LogInit:  - supports SSL with WinSSL
[2015.12.02-22.19.18:526][  0]LogInit:  - other features:
[2015.12.02-22.19.18:526][  0]LogInit:      CURL_VERSION_SSL
[2015.12.02-22.19.18:526][  0]LogInit:      CURL_VERSION_IPV6
[2015.12.02-22.19.18:526][  0]LogInit:      CURL_VERSION_ASYNCHDNS
[2015.12.02-22.19.18:526][  0]LogInit:      CURL_VERSION_LARGEFILE
[2015.12.02-22.19.18:526][  0]LogInit:      CURL_VERSION_IDN
[2015.12.02-22.19.18:547][  0]LogInit:  CurlRequestOptions (configurable via config and command line):
[2015.12.02-22.19.18:547][  0]LogInit:  - bVerifyPeer = true  - Libcurl will verify peer certificate
[2015.12.02-22.19.18:547][  0]LogInit:  - bUseHttpProxy = false  - Libcurl will NOT use HTTP proxy
[2015.12.02-22.19.18:547][  0]LogInit:  - bDontReuseConnections = false  - Libcurl will reuse connections
[2015.12.02-22.19.18:547][  0]LogInit:  - CertBundlePath = nullptr  - Libcurl will use whatever was configured at build time.
[2015.12.02-22.19.18:779][  0]LogInit: Presizing for 0 objects not considered by GC, pre-allocating 0 bytes.
[2015.12.02-22.19.19:177][  0]LogInit: Object subsystem initialized
[2015.12.02-22.19.19:445][  0]LogInit: Selected Device Profile: [Windows]
[2015.12.02-22.19.19:445][  0]LogInit: Applying CVar settings loaded from the selected device profile: [Windows]
[2015.12.02-22.19.19:581][  0]LogInit: Computer: MATT-PC
[2015.12.02-22.19.19:581][  0]LogInit: User: Matt
[2015.12.02-22.19.19:581][  0]LogInit: CPU Page size=4096, Cores=4
[2015.12.02-22.19.19:581][  0]LogInit: High frequency timer resolution =3.020507 MHz
[2015.12.02-22.19.19:581][  0]LogMemory: Memory total: Physical=7.9GB (8GB approx)
[2015.12.02-22.19.19:581][  0]LogMemory: Platform Memory Stats for Windows
[2015.12.02-22.19.19:581][  0]LogMemory: Process Physical Memory: 57.71 MB used, 57.71 MB peak
[2015.12.02-22.19.19:581][  0]LogMemory: Process Virtual Memory: 58.00 MB used, 58.00 MB peak
[2015.12.02-22.19.19:581][  0]LogMemory: Physical Memory: 4432.23 MB used, 8109.12 MB total
[2015.12.02-22.19.19:581][  0]LogMemory: Virtual Memory: 348.19 MB used, 8388608.00 MB total
[2015.12.02-22.19.20:960][  0]LogTextLocalizationManager: No specific translations for ('en-US') exist, so ('en') translations will be used.
[2015.12.02-22.19.22:912][  0]LogD3D11RHI: Found D3D11 adapter 0: AMD Radeon HD 7800 Series (Feature Level 11_0)
[2015.12.02-22.19.22:912][  0]LogD3D11RHI: Adapter has 2029MB of dedicated video memory, 0MB of dedicated system memory, and 3798MB of shared system memory, 1 output[s]
[2015.12.02-22.19.22:915][  0]LogD3D11RHI: Found D3D11 adapter 1: Intel(R) HD Graphics (Feature Level 11_0)
[2015.12.02-22.19.22:915][  0]LogD3D11RHI: Adapter has 64MB of dedicated video memory, 0MB of dedicated system memory, and 1632MB of shared system memory, 0 output[s]
[2015.12.02-22.19.22:915][  0]LogD3D11RHI: Chosen D3D11 Adapter Id = 0
[2015.12.02-22.19.22:936][  0]LogD3D11RHI: !Direct3DDevice
[2015.12.02-22.19.22:936][  0]LogRHI: Texture pool is 1361 MB (70% of 1945 MB)
[2015.12.02-22.19.22:941][  0]LogD3D11RHI: Async texture creation disabled: no driver support
[2015.12.02-22.19.23:531][  0]LogShaderCompilers: Guid format shader working directory is -29 characters bigger than the processId version (../../../../../../Users/Matt/Documents/GitHub/P3NGUIN/P3NGUIN/MyProject19/Intermediate/Shaders/WorkingDirectory/10892/).
[2015.12.02-22.19.23:531][  0]LogShaderCompilers: Cleaned the shader compiler working directory 'C:/Users/Matt/AppData/Local/Temp/UnrealShaderWorkingDir/2F5004564C9A7BCB7B21F2B769513A0E/'.
[2015.12.02-22.19.23:531][  0]LogShaderCompilers:Display: Using Local Shader Compiler.
[2015.12.02-22.19.27:797][  0]LogTemp:Display: Loaded TP AllDesktopTargetPlatform
[2015.12.02-22.19.27:802][  0]LogTemp:Display: Loaded TP WindowsClientTargetPlatform
[2015.12.02-22.19.27:808][  0]LogTemp:Display: Loaded TP WindowsNoEditorTargetPlatform
[2015.12.02-22.19.27:813][  0]LogTemp:Display: Loaded TP WindowsServerTargetPlatform
[2015.12.02-22.19.27:845][  0]LogTemp:Display: Loaded TP WindowsTargetPlatform
[2015.12.02-22.19.27:850][  0]LogTemp:Display: Loaded TP AndroidTargetPlatform
[2015.12.02-22.19.27:854][  0]LogTemp:Display: Loaded TP Android_ASTCTargetPlatform
[2015.12.02-22.19.27:860][  0]LogTemp:Display: Loaded TP Android_ATCTargetPlatform
[2015.12.02-22.19.27:864][  0]LogTemp:Display: Loaded TP Android_DXTTargetPlatform
[2015.12.02-22.19.27:894][  0]LogTemp:Display: Loaded TP Android_ETC1TargetPlatform
[2015.12.02-22.19.27:898][  0]LogTemp:Display: Loaded TP Android_ETC2TargetPlatform
[2015.12.02-22.19.27:908][  0]LogTemp:Display: Loaded TP Android_MultiTargetPlatform
[2015.12.02-22.19.27:908][  0]LogTemp:Display: Loaded TP Android_PVRTCTargetPlatform
[2015.12.02-22.19.27:910][  0]LogTemp:Display: Loaded TP HTML5TargetPlatform
[2015.12.02-22.19.28:144][  0]LogTemp:Display: Loaded TP IOSTargetPlatform
[2015.12.02-22.19.28:147][  0]LogTemp:Display: Loaded TP LinuxNoEditorTargetPlatform
[2015.12.02-22.19.28:151][  0]LogTemp:Display: Loaded TP LinuxServerTargetPlatform
[2015.12.02-22.19.28:166][  0]LogTemp:Display: Loaded TP LinuxTargetPlatform
[2015.12.02-22.19.28:166][  0]LogTargetPlatformManager:Display: Building Assets For Windows
[2015.12.02-22.19.29:107][  0]LogDerivedDataCache:Display: Max Cache Size: 512 MB
[2015.12.02-22.19.29:107][  0]LogDerivedDataCache:Display: Starting with empty Boot cache
[2015.12.02-22.19.29:107][  0]LogDerivedDataCache: FDerivedDataBackendGraph:  Pak pak cache file ../../../../../../Users/Matt/Documents/GitHub/P3NGUIN/P3NGUIN/MyProject19/DerivedDataCache/DDC.ddp not found, will not use a pak cache.
[2015.12.02-22.19.29:107][  0]LogDerivedDataCache: Unable to find inner node Pak for hierarchical cache Hierarchy.
[2015.12.02-22.19.29:107][  0]LogDerivedDataCache: FDerivedDataBackendGraph:  CompressedPak pak cache file ../../../../../../Users/Matt/Documents/GitHub/P3NGUIN/P3NGUIN/MyProject19/DerivedDataCache/Compressed.ddp not found, will not use a pak cache.
[2015.12.02-22.19.29:107][  0]LogDerivedDataCache: Unable to find inner node CompressedPak for hierarchical cache Hierarchy.
[2015.12.02-22.19.29:287][  0]LogDerivedDataCache:Display: Pak cache opened for reading ../../../Engine/DerivedDataCache/Compressed.ddp.
[2015.12.02-22.19.29:298][  0]LogDerivedDataCache: Using Local data cache path C:/Users/Matt/AppData/Local/UnrealEngine/Common/DerivedDataCache: Writable
[2015.12.02-22.19.39:625][  0]LogInit: Selected Device Profile: [Windows]
[2015.12.02-22.19.39:681][  0]LogContentStreaming: Texture pool size is 0.000000MB
[2015.12.02-22.19.41:185][  0]LogMeshUtilities: No automatic mesh reduction module available
[2015.12.02-22.19.41:185][  0]LogMeshUtilities: No automatic mesh merging module available
[2015.12.02-22.19.49:661][  0]LogInit: WinSock: version 1.1 (2.2), MaxSocks=32767, MaxUdp=65467
[2015.12.02-22.20.25:252][  0]UdpMessaging: Initializing bridge on interface 0.0.0.0:0 to multicast group 230.0.0.1:6666.
[2015.12.02-22.20.28:307][  0]LogAssetRegistry: FAssetRegistry took 0.0135 seconds to start up
[2015.12.02-22.20.36:418][  0]SourceControl: Info Source control is disabled
[2015.12.02-22.20.36:431][  0]SourceControl: Info Source control is disabled
[2015.12.02-22.20.37:133][  0]SourceControl: Info Source control is disabled
[2015.12.02-22.20.37:814][  0]SourceControl: Info Source control is disabled
[2015.12.02-22.20.45:266][  0]LogObj: 28633 objects as part of root set at end of initial load.
[2015.12.02-22.20.45:266][  0]LogUObjectAllocator: 6099744 out of 0 bytes used by permanent object pool.
[2015.12.02-22.20.49:135][  0]LogAutomationTest:Warning: Smoke tests took > 1s to run: 2.15s
[2015.12.02-22.20.49:293][  0]LogEngine: Initializing Engine...
[2015.12.02-22.20.49:372][  0]LogHMD: Can't find Oculus library dev build: is proper Runtime installed? Version: 0.8.0.0
[2015.12.02-22.20.49:658][  0]LogHMD: SteamVR failed to initialize.  Err: 110
[2015.12.02-22.20.54:174][  0]LogAIModule: Creating AISystem for world NewWorld
[2015.12.02-22.20.55:223][  0]LogInit: XAudio2 using 'Speakers (Realtek High Definition Audio)' : 2 channels at 48 kHz using 32 bits per sample (channel mask 0x3)
[2015.12.02-22.20.55:299][  0]LogInit: FAudioDevice initialized.
[2015.12.02-22.20.55:385][  0]LogDerivedDataCache: Saved boot cache 0.09s 41MB C:/Users/Matt/AppData/Local/UnrealEngine/4.10/DerivedDataCache/Boot.ddc.
[2015.12.02-22.20.55:388][  0]LogInit: Texture streaming: Enabled
[2015.12.02-22.20.55:693][  0]LogAnalytics: Creating configured Analytics provider AnalyticsET
[2015.12.02-22.20.55:714][  0]LogAnalytics: [UEEditor.Rocket.Release] APIServer = http://et2.epicgames.com/ET2/. AppVersion = 4.10.0-2758231+++depot+UE4-Releases+4.10
[2015.12.02-22.20.55:714][  0]LogAnalytics: [UEEditor.Rocket.Release] SetUserId de43219841e5038bf49fbfa481591ee0|4e461f00ab6f49d29405414d884919d6|9448dfb4-8168-4a85-8046-6b7a073564d8
[2015.12.02-22.20.55:737][  0]LogAnalytics: [UEEditor.Rocket.Release] AnalyticsET::StartSession
[2015.12.02-22.20.56:327][  0]LogInit: Transaction tracking system initialized
[2015.12.02-22.20.58:511][  0]BlueprintLog: New page: Editor Load
[2015.12.02-22.21.07:761][  0]LocalizationService: Info Localization service is disabled
[2015.12.02-22.21.13:022][  0]LogConsoleResponse:Display: 
[2015.12.02-22.21.16:955][  0]LogFileCache: Scanning file cache for directory 'C:/Users/Matt/Documents/GitHub/P3NGUIN/P3NGUIN/MyProject19/Content/' took 0.01s
[2015.12.02-22.21.16:955][  0]LogCook:Display: Done creating registry. It took  0.00s.
[2015.12.02-22.21.24:017][  0]SourceControl: Info Source control is disabled
[2015.12.02-22.21.24:153][  0]Cmd: MAP LOAD FILE="../../../../../../Users/Matt/Documents/GitHub/P3NGUIN/P3NGUIN/MyProject19/Content/ThirdPersonBP/Maps/ThirdPersonExampleMap.umap" TEMPLATE=0 SHOWPROGRESS=1 FEATURELEVEL=3
[2015.12.02-22.21.24:191][  0]LightingResults: New page: Lighting Build
[2015.12.02-22.21.25:081][  0]MapCheck: New page: Map Check
[2015.12.02-22.21.25:081][  0]LightingResults: New page: Lighting Build
[2015.12.02-22.21.26:438][  0]LogParticles: Destroying 0 GPU particle simulations for FXSystem 0x000000001C263B00
[2015.12.02-22.21.27:007][  0]LogLinker:Warning: Asset '../../../../../../Users/Matt/Documents/GitHub/P3NGUIN/P3NGUIN/MyProject19/Content/Mannequin/Animations/ThirdPerson_AnimBP.uasset' has been saved with empty engine version. The asset will be loaded but may be incompatible.
[2015.12.02-22.21.27:008][  0]LogLinker:Warning: Asset '../../../../../../Users/Matt/Documents/GitHub/P3NGUIN/P3NGUIN/MyProject19/Content/Mannequin/Animations/ThirdPerson_Jump.uasset' has been saved with empty engine version. The asset will be loaded but may be incompatible.
[2015.12.02-22.21.27:010][  0]LogLinker:Warning: Asset '../../../../../../Users/Matt/Documents/GitHub/P3NGUIN/P3NGUIN/MyProject19/Content/Mannequin/Animations/ThirdPersonJump_Loop.uasset' has been saved with empty engine version. The asset will be loaded but may be incompatible.
[2015.12.02-22.21.27:011][  0]LogLinker:Warning: Asset '../../../../../../Users/Matt/Documents/GitHub/P3NGUIN/P3NGUIN/MyProject19/Content/Mannequin/Animations/ThirdPersonJump_Start.uasset' has been saved with empty engine version. The asset will be loaded but may be incompatible.
[2015.12.02-22.21.27:012][  0]LogLinker:Warning: Asset '../../../../../../Users/Matt/Documents/GitHub/P3NGUIN/P3NGUIN/MyProject19/Content/Mannequin/Animations/ThirdPerson_IdleRun_2D.uasset' has been saved with empty engine version. The asset will be loaded but may be incompatible.
[2015.12.02-22.21.27:012][  0]LogLinker:Warning: Asset '../../../../../../Users/Matt/Documents/GitHub/P3NGUIN/P3NGUIN/MyProject19/Content/Mannequin/Animations/ThirdPersonIdle.uasset' has been saved with empty engine version. The asset will be loaded but may be incompatible.
[2015.12.02-22.21.27:013][  0]LogLinker:Warning: Asset '../../../../../../Users/Matt/Documents/GitHub/P3NGUIN/P3NGUIN/MyProject19/Content/Mannequin/Animations/ThirdPersonRun.uasset' has been saved with empty engine version. The asset will be loaded but may be incompatible.
[2015.12.02-22.21.27:014][  0]LogLinker:Warning: Asset '../../../../../../Users/Matt/Documents/GitHub/P3NGUIN/P3NGUIN/MyProject19/Content/Mannequin/Animations/ThirdPersonWalk.uasset' has been saved with empty engine version. The asset will be loaded but may be incompatible.
[2015.12.02-22.21.29:732][  0]LogBlueprint:Warning: [compiler AbilityMenu] Warning 'ReturnValue' is already a 'Listed Item', you don't need  Cast To ListedItem .
[2015.12.02-22.21.29:733][  0]LogBlueprint:Warning: [compiler AbilityMenu] Warning 'ReturnValue' is already a 'Listed Item', you don't need  Cast To ListedItem .
[2015.12.02-22.21.29:769][  0]LogBlueprint:Warning: [compiler AbilityMenu] Warning [0146.61] Compile of AbilityMenu successful, but with 2 Warning(s) [in 79 ms]
[2015.12.02-22.21.29:769][  0]LogBlueprint:Warning: [compiler AbilityMenu] Warning [0146.61] Compile of AbilityMenu successful, but with 3 Warning(s) [in 0 ms]
[2015.12.02-22.21.29:769][  0]LogBlueprint:Warning: [compiler AbilityMenu] Warning [0146.61] Compile of AbilityMenu successful, but with 4 Warning(s) [in 0 ms]
[2015.12.02-22.21.30:220][  0]LogBlueprint:Warning: [compiler ThirdPersonCharacter2D] Warning 'AbilitiesMenu' is already a 'Ability Menu', you don't need  Cast To AbilityMenu .
[2015.12.02-22.21.30:224][  0]LogBlueprint:Warning: [compiler ThirdPersonCharacter2D] Warning No value will be returned by reference. Parameter 'EndTime'. Node:  (none) 
[2015.12.02-22.21.30:238][  0]LogBlueprint:Warning: [compiler ThirdPersonCharacter2D] Warning 'SecondPointer' is already a 'Pointer 2', you don't need  Cast To Pointer2 .
[2015.12.02-22.21.30:301][  0]LogBlueprint:Warning: [compiler ThirdPersonCharacter2D] Warning [0147.14] Compile of ThirdPersonCharacter2D successful, but with 3 Warning(s) [in 135 ms]
[2015.12.02-22.21.30:302][  0]LogBlueprint:Warning: [compiler ThirdPersonCharacter2D] Warning [0147.14] Compile of ThirdPersonCharacter2D successful, but with 4 Warning(s) [in 0 ms]
[2015.12.02-22.21.30:302][  0]LogBlueprint:Warning: [compiler ThirdPersonCharacter2D] Warning [0147.14] Compile of ThirdPersonCharacter2D successful, but with 5 Warning(s) [in 0 ms]
[2015.12.02-22.21.30:547][  0]LogBlueprint:Warning: [compiler ThirdPersonCharacter] Warning 'AbilitiesMenu' is already a 'Ability Menu', you don't need  Cast To AbilityMenu .
[2015.12.02-22.21.30:549][  0]LogBlueprint:Warning: [compiler ThirdPersonCharacter] Warning 'PointerClass' is already a 'Pointer', you don't need  Cast To Pointer .
[2015.12.02-22.21.30:551][  0]LogBlueprint:Warning: [compiler ThirdPersonCharacter] Warning No value will be returned by reference. Parameter 'EndTime'. Node:  (none) 
[2015.12.02-22.21.30:563][  0]LogBlueprint:Warning: [compiler ThirdPersonCharacter] Warning 'SecondPointer' is already a 'Pointer 2', you don't need  Cast To Pointer2 .
[2015.12.02-22.21.30:582][  0]LogBlueprint:Warning: [compiler ThirdPersonCharacter] Warning [0147.42] Compile of ThirdPersonCharacter successful, but with 4 Warning(s) [in 84 ms]
[2015.12.02-22.21.30:582][  0]LogBlueprint:Warning: [compiler ThirdPersonCharacter] Warning [0147.42] Compile of ThirdPersonCharacter successful, but with 5 Warning(s) [in 0 ms]
[2015.12.02-22.21.30:582][  0]LogBlueprint:Warning: [compiler ThirdPersonCharacter] Warning [0147.42] Compile of ThirdPersonCharacter successful, but with 6 Warning(s) [in 0 ms]
[2015.12.02-22.21.30:667][  0]LogBlueprint:Warning: [compiler ThirdPersonCharacter] Warning 'AbilitiesMenu' is already a 'Ability Menu', you don't need  Cast To AbilityMenu .
[2015.12.02-22.21.30:670][  0]LogBlueprint:Warning: [compiler ThirdPersonCharacter] Warning 'PointerClass' is already a 'Pointer', you don't need  Cast To Pointer .
[2015.12.02-22.21.30:671][  0]LogBlueprint:Warning: [compiler ThirdPersonCharacter] Warning No value will be returned by reference. Parameter 'EndTime'. Node:  (none) 
[2015.12.02-22.21.30:683][  0]LogBlueprint:Warning: [compiler ThirdPersonCharacter] Warning 'SecondPointer' is already a 'Pointer 2', you don't need  Cast To Pointer2 .
[2015.12.02-22.21.30:703][  0]LogBlueprint:Warning: [compiler ThirdPersonCharacter] Warning [0147.55] Compile of ThirdPersonCharacter successful, but with 4 Warning(s) [in 86 ms]
[2015.12.02-22.21.30:703][  0]LogBlueprint:Warning: [compiler ThirdPersonCharacter] Warning [0147.55] Compile of ThirdPersonCharacter successful, but with 5 Warning(s) [in 0 ms]
[2015.12.02-22.21.30:703][  0]LogBlueprint:Warning: [compiler ThirdPersonCharacter] Warning [0147.55] Compile of ThirdPersonCharacter successful, but with 6 Warning(s) [in 0 ms]
[2015.12.02-22.21.30:794][  0]LogBlueprint:Warning: [compiler ThirdPersonCharacter2D] Warning 'AbilitiesMenu' is already a 'Ability Menu', you don't need  Cast To AbilityMenu .
[2015.12.02-22.21.30:798][  0]LogBlueprint:Warning: [compiler ThirdPersonCharacter2D] Warning No value will be returned by reference. Parameter 'EndTime'. Node:  (none) 
[2015.12.02-22.21.30:811][  0]LogBlueprint:Warning: [compiler ThirdPersonCharacter2D] Warning 'SecondPointer' is already a 'Pointer 2', you don't need  Cast To Pointer2 .
[2015.12.02-22.21.30:841][  0]LogBlueprint:Warning: [compiler ThirdPersonCharacter2D] Warning [0147.68] Compile of ThirdPersonCharacter2D successful, but with 3 Warning(s) [in 101 ms]
[2015.12.02-22.21.30:841][  0]LogBlueprint:Warning: [compiler ThirdPersonCharacter2D] Warning [0147.68] Compile of ThirdPersonCharacter2D successful, but with 4 Warning(s) [in 0 ms]
[2015.12.02-22.21.30:841][  0]LogBlueprint:Warning: [compiler ThirdPersonCharacter2D] Warning [0147.68] Compile of ThirdPersonCharacter2D successful, but with 5 Warning(s) [in 0 ms]
[2015.12.02-22.21.30:862][  0]LogBlueprint:Warning: [compiler AbilityMenu] Warning 'ReturnValue' is already a 'Listed Item', you don't need  Cast To ListedItem .
[2015.12.02-22.21.30:862][  0]LogBlueprint:Warning: [compiler AbilityMenu] Warning 'ReturnValue' is already a 'Listed Item', you don't need  Cast To ListedItem .
[2015.12.02-22.21.30:867][  0]LogBlueprint:Warning: [compiler AbilityMenu] Warning [0147.71] Compile of AbilityMenu successful, but with 2 Warning(s) [in 22 ms]
[2015.12.02-22.21.30:867][  0]LogBlueprint:Warning: [compiler AbilityMenu] Warning [0147.71] Compile of AbilityMenu successful, but with 3 Warning(s) [in 0 ms]
[2015.12.02-22.21.30:872][  0]LogBlueprint:Warning: [compiler AbilityMenu] Warning [0147.71] Compile of AbilityMenu successful, but with 4 Warning(s) [in 4 ms]
[2015.12.02-22.21.33:201][  0]LogMaterial: Missing cached shader map for material M_UE4Man_Body, compiling. 
[2015.12.02-22.21.33:346][  0]LogMaterial: Missing cached shader map for material M_UE4Man_Body, compiling. 
[2015.12.02-22.21.34:529][  0]LogMaterial: Missing cached shader map for material Black, compiling. 
[2015.12.02-22.21.35:131][  0]LogMaterial: Missing cached shader map for material HealthBad, compiling. 
[2015.12.02-22.21.35:217][  0]LogMaterial: Missing cached shader map for material Grey, compiling. 
[2015.12.02-22.21.35:333][  0]LogAIModule: Creating AISystem for world ThirdPersonExampleMap
[2015.12.02-22.21.36:488][  0]PIE:Warning: Warning Invalid Simulate Options: Body (BasicDummyEnemy_C_0.HP) is set to simulate physics but Collision Enabled is incompatible
[2015.12.02-22.21.36:488][  0]PIE:Warning: Warning Invalid Simulate Options: Body (BasicDummyEnemy_C_0.HP) is set to simulate physics but Collision Enabled is incompatible
[2015.12.02-22.21.36:490][  0]PIE:Warning: Warning Invalid Simulate Options: Body (BasicDummyEnemy2.HP) is set to simulate physics but Collision Enabled is incompatible
[2015.12.02-22.21.36:490][  0]PIE:Warning: Warning Invalid Simulate Options: Body (BasicDummyEnemy2.HP) is set to simulate physics but Collision Enabled is incompatible
[2015.12.02-22.21.36:490][  0]PIE:Warning: Warning Invalid Simulate Options: Body (BasicDummyEnemy3.HP) is set to simulate physics but Collision Enabled is incompatible
[2015.12.02-22.21.36:490][  0]PIE:Warning: Warning Invalid Simulate Options: Body (BasicDummyEnemy3.HP) is set to simulate physics but Collision Enabled is incompatible
[2015.12.02-22.21.36:491][  0]PIE:Warning: Warning Invalid Simulate Options: Body (BasicDummyEnemy4.HP) is set to simulate physics but Collision Enabled is incompatible
[2015.12.02-22.21.36:491][  0]PIE:Warning: Warning Invalid Simulate Options: Body (BasicDummyEnemy4.HP) is set to simulate physics but Collision Enabled is incompatible
[2015.12.02-22.21.36:730][  0]PIE:Warning: Warning Invalid Simulate Options: Body (BasicDummyEnemy_C_0.HP) is set to simulate physics but Collision Enabled is incompatible
[2015.12.02-22.21.36:730][  0]PIE:Warning: Warning Invalid Simulate Options: Body (BasicDummyEnemy_C_0.HP) is set to simulate physics but Collision Enabled is incompatible
[2015.12.02-22.21.36:730][  0]PIE:Warning: Warning Invalid Simulate Options: Body (BasicDummyEnemy_C_0.HP) is set to simulate physics but Collision Enabled is incompatible
[2015.12.02-22.21.36:730][  0]PIE:Warning: Warning Invalid Simulate Options: Body (BasicDummyEnemy_C_0.HP) is set to simulate physics but Collision Enabled is incompatible
[2015.12.02-22.21.36:731][  0]PIE:Warning: Warning Invalid Simulate Options: Body (BasicDummyEnemy2.HP) is set to simulate physics but Collision Enabled is incompatible
[2015.12.02-22.21.36:731][  0]PIE:Warning: Warning Invalid Simulate Options: Body (BasicDummyEnemy2.HP) is set to simulate physics but Collision Enabled is incompatible
[2015.12.02-22.21.36:731][  0]PIE:Warning: Warning Invalid Simulate Options: Body (BasicDummyEnemy2.HP) is set to simulate physics but Collision Enabled is incompatible
[2015.12.02-22.21.36:731][  0]PIE:Warning: Warning Invalid Simulate Options: Body (BasicDummyEnemy2.HP) is set to simulate physics but Collision Enabled is incompatible
[2015.12.02-22.21.36:732][  0]PIE:Warning: Warning Invalid Simulate Options: Body (BasicDummyEnemy3.HP) is set to simulate physics but Collision Enabled is incompatible
[2015.12.02-22.21.36:732][  0]PIE:Warning: Warning Invalid Simulate Options: Body (BasicDummyEnemy3.HP) is set to simulate physics but Collision Enabled is incompatible
[2015.12.02-22.21.36:732][  0]PIE:Warning: Warning Invalid Simulate Options: Body (BasicDummyEnemy3.HP) is set to simulate physics but Collision Enabled is incompatible
[2015.12.02-22.21.36:732][  0]PIE:Warning: Warning Invalid Simulate Options: Body (BasicDummyEnemy3.HP) is set to simulate physics but Collision Enabled is incompatible
[2015.12.02-22.21.36:732][  0]PIE:Warning: Warning Invalid Simulate Options: Body (BasicDummyEnemy4.HP) is set to simulate physics but Collision Enabled is incompatible
[2015.12.02-22.21.36:732][  0]PIE:Warning: Warning Invalid Simulate Options: Body (BasicDummyEnemy4.HP) is set to simulate physics but Collision Enabled is incompatible
[2015.12.02-22.21.36:733][  0]PIE:Warning: Warning Invalid Simulate Options: Body (BasicDummyEnemy4.HP) is set to simulate physics but Collision Enabled is incompatible
[2015.12.02-22.21.36:733][  0]PIE:Warning: Warning Invalid Simulate Options: Body (BasicDummyEnemy4.HP) is set to simulate physics but Collision Enabled is incompatible
[2015.12.02-22.21.36:984][  0]LogEditorServer: Finished looking for orphan Actors (0.000 secs)
[2015.12.02-22.21.37:305][  0]Cmd: MAP CHECKDEP NOCLEARLOG
[2015.12.02-22.21.37:533][  0]MapCheck: Info Map check complete: 0 Error(s), 0 Warning(s), took 228.687ms to complete.
[2015.12.02-22.21.37:533][  0]LogFileHelpers: Loading map 'ThirdPersonExampleMap' took 13.425
[2015.12.02-22.21.43:092][  0]LogCollectionManager: Loaded 0 collections in 0.002557 seconds
[2015.12.02-22.21.43:583][  0]LogFileCache: Scanning file cache for directory 'C:/Users/Matt/Documents/GitHub/P3NGUIN/P3NGUIN/MyProject19/Saved/Collections/' took 0.02s
[2015.12.02-22.21.43:583][  0]LogFileCache: Scanning file cache for directory 'C:/Users/Matt/Documents/GitHub/P3NGUIN/P3NGUIN/MyProject19/Content/Developers/Matt/Collections/' took 0.00s
[2015.12.02-22.21.43:583][  0]LogFileCache: Scanning file cache for directory 'C:/Users/Matt/Documents/GitHub/P3NGUIN/P3NGUIN/MyProject19/Content/Collections/' took 0.00s
[2015.12.02-22.21.43:583][  0]LogCollectionManager: Rebuilt the GUID cache for 0 collections in 0.000002 seconds
[2015.12.02-22.21.43:733][  0]LogContentBrowser: Native class hierarchy populated in 0.0670 seconds. Added 1893 classes and 338 folders.
[2015.12.02-22.21.43:898][  0]LogContentBrowser: Native class hierarchy updated for 'WidgetCarousel' in 0.0003 seconds. Added 0 classes and 0 folders.
[2015.12.02-22.21.46:945][  0]LogContentBrowser: Native class hierarchy updated for 'AddContentDialog' in 0.0005 seconds. Added 0 classes and 0 folders.
[2015.12.02-22.21.48:295][  0]LogContentBrowser: Native class hierarchy updated for 'SceneOutliner' in 0.0004 seconds. Added 1 classes and 2 folders.
[2015.12.02-22.21.51:359][  0]LogCrashTracker: Crashtracker disabled due to settings.
[2015.12.02-22.21.51:990][  0]LogUObjectGlobals:Warning: Failed to find object 'Class None.'
[2015.12.02-22.21.52:132][  0]LogLoad: Full Startup: 168.97 seconds (BP compile: 2.57 seconds)
[2015.12.02-22.21.52:510][  0]LogOcInput: Can't find Oculus library dev build: is proper Runtime installed? Version: 0.8.0.0
[2015.12.02-22.21.54:745][  0]LogContentStreaming: Texture pool size now 1000 MB
[2015.12.02-22.21.56:311][  0]LogRenderer: Reallocating scene render targets to support 832x452 (Frame:2).
[2015.12.02-22.22.01:426][ 13]LogAssetRegistry: Asset discovery search completed in 93.1301 seconds
[2015.12.02-22.22.01:444][ 13]LogCollectionManager: Rebuilt the object cache for 0 collections in 0.000001 seconds (found 0 objects)
[2015.12.02-22.22.01:444][ 13]LogCollectionManager: Fixed up redirectors for 0 collections in 0.000049 seconds (updated 0 objects)
[2015.12.02-22.22.39:196][433]LogBlueprintUserMessages: Early PlayInEditor Detection: Level '/Game/ThirdPersonBP/Maps/ThirdPersonExampleMap.ThirdPersonExampleMap:PersistentLevel' has LevelScriptBlueprint '/Game/ThirdPersonBP/Maps/ThirdPersonExampleMap.ThirdPersonExampleMap:PersistentLevel.ThirdPersonExampleMap' with GeneratedClass '/Game/ThirdPersonBP/Maps/ThirdPersonExampleMap.ThirdPersonExampleMap_C' with ClassGeneratedBy '/Game/ThirdPersonBP/Maps/ThirdPersonExampleMap.ThirdPersonExampleMap:PersistentLevel.ThirdPersonExampleMap'
[2015.12.02-22.22.39:196][433]LogPlayLevel: PlayLevel: No blueprints needed recompiling
[2015.12.02-22.22.39:269][433]PIE: New page: PIE session: ThirdPersonExampleMap (Dec 2, 2015, 6:22:39 AM)
[2015.12.02-22.22.39:269][433]LogPlayLevel: Creating play world package: /Game/ThirdPersonBP/Maps/UEDPIE_0_ThirdPersonExampleMap
[2015.12.02-22.22.39:338][433]LogPlayLevel: PIE: StaticDuplicateObject took: (0.068982s)
[2015.12.02-22.22.39:339][433]LogAIModule: Creating AISystem for world ThirdPersonExampleMap
[2015.12.02-22.22.39:339][433]LogPlayLevel: PIE: World Init took: (0.001063s)
[2015.12.02-22.22.39:340][433]LogPlayLevel: PIE: Created PIE world by copying editor world from /Game/ThirdPersonBP/Maps/ThirdPersonExampleMap.ThirdPersonExampleMap to /Game/ThirdPersonBP/Maps/UEDPIE_0_ThirdPersonExampleMap.ThirdPersonExampleMap (0.070381s)
[2015.12.02-22.22.39:340][433]LogActorComponent: UnregisterComponent: (/Engine/Transient.ProjectileMovement_GEN_VARIABLE) Not registered. Aborting.
[2015.12.02-22.22.39:340][433]LogActorComponent: UnregisterComponent: (/Engine/Transient.CharMoveComp) Not registered. Aborting.
[2015.12.02-22.22.39:600][433]LogInit: XAudio2 using 'Speakers (Realtek High Definition Audio)' : 2 channels at 48 kHz using 32 bits per sample (channel mask 0x3)
[2015.12.02-22.22.39:678][433]LogInit: FAudioDevice initialized.
[2015.12.02-22.22.39:861][433]LogWorld: Game class is '2dFlipBookGameMode_C'
[2015.12.02-22.22.39:893][433]PIE:Warning: Warning Invalid Simulate Options: Body (BasicDummyEnemy_C_0.HP) is set to simulate physics but Collision Enabled is incompatible
[2015.12.02-22.22.39:893][433]PIE:Warning: Warning Invalid Simulate Options: Body (BasicDummyEnemy_C_0.HP) is set to simulate physics but Collision Enabled is incompatible
[2015.12.02-22.22.39:894][433]PIE:Warning: Warning Invalid Simulate Options: Body (BasicDummyEnemy2.HP) is set to simulate physics but Collision Enabled is incompatible
[2015.12.02-22.22.39:894][433]PIE:Warning: Warning Invalid Simulate Options: Body (BasicDummyEnemy2.HP) is set to simulate physics but Collision Enabled is incompatible
[2015.12.02-22.22.39:894][433]PIE:Warning: Warning Invalid Simulate Options: Body (BasicDummyEnemy3.HP) is set to simulate physics but Collision Enabled is incompatible
[2015.12.02-22.22.39:894][433]PIE:Warning: Warning Invalid Simulate Options: Body (BasicDummyEnemy3.HP) is set to simulate physics but Collision Enabled is incompatible
[2015.12.02-22.22.39:895][433]PIE:Warning: Warning Invalid Simulate Options: Body (BasicDummyEnemy4.HP) is set to simulate physics but Collision Enabled is incompatible
[2015.12.02-22.22.39:895][433]PIE:Warning: Warning Invalid Simulate Options: Body (BasicDummyEnemy4.HP) is set to simulate physics but Collision Enabled is incompatible
[2015.12.02-22.22.39:895][433]LogWorld: Bringing World /Game/ThirdPersonBP/Maps/UEDPIE_0_ThirdPersonExampleMap.ThirdPersonExampleMap up for play (max tick rate 0) at 2015.12.02-14.22.39
[2015.12.02-22.22.39:895][433]LogActor:Warning: GameSession /Game/ThirdPersonBP/Maps/UEDPIE_0_ThirdPersonExampleMap.ThirdPersonExampleMap:PersistentLevel.GameSession_0 has natively added scene component(s), but none of them were set as the actor's RootComponent - picking one arbitrarily
[2015.12.02-22.22.39:896][433]LogActor:Warning: GameNetworkManager /Game/ThirdPersonBP/Maps/UEDPIE_0_ThirdPersonExampleMap.ThirdPersonExampleMap:PersistentLevel.GameNetworkManager_0 has natively added scene component(s), but none of them were set as the actor's RootComponent - picking one arbitrarily
[2015.12.02-22.22.40:272][433]LogWorld: Bringing up level for play took: 0.384385
[2015.12.02-22.22.40:536][433]LogBlueprintUserMessages: [BasicDummyEnemy_C_0] 1.0
[2015.12.02-22.22.40:536][433]LogBlueprintUserMessages: [BasicDummyEnemy2] 1.0
[2015.12.02-22.22.40:536][433]LogBlueprintUserMessages: [BasicDummyEnemy3] 1.0
[2015.12.02-22.22.40:536][433]LogBlueprintUserMessages: [BasicDummyEnemy4] 1.0
[2015.12.02-22.22.40:579][433]PIE: Info Play in editor start time for /Game/ThirdPersonBP/Maps/UEDPIE_0_ThirdPersonExampleMap 1.858
[2015.12.02-22.22.40:579][433]LogBlueprintUserMessages: Late PlayInEditor Detection: Level '/Game/ThirdPersonBP/Maps/ThirdPersonExampleMap.ThirdPersonExampleMap:PersistentLevel' has LevelScriptBlueprint '/Game/ThirdPersonBP/Maps/ThirdPersonExampleMap.ThirdPersonExampleMap:PersistentLevel.ThirdPersonExampleMap' with GeneratedClass '/Game/ThirdPersonBP/Maps/ThirdPersonExampleMap.ThirdPersonExampleMap_C' with ClassGeneratedBy '/Game/ThirdPersonBP/Maps/ThirdPersonExampleMap.ThirdPersonExampleMap:PersistentLevel.ThirdPersonExampleMap'
[2015.12.02-22.22.40:895][434]LogRenderer: Reallocating scene render targets to support 1280x720 (Frame:321).
[2015.12.02-22.22.43:460][660]LogBlueprintUserMessages: [ThirdPersonCharacter2D_C_0] PARRIED
[2015.12.02-22.22.43:832][696]LogBlueprintUserMessages: [ThirdPersonCharacter2D_C_0] PARRIED
[2015.12.02-22.22.43:984][711]LogBlueprintUserMessages: [ThirdPersonCharacter2D_C_0] Invinicble
[2015.12.02-22.22.45:405][851]LogBlueprintUserMessages: [ThirdPersonCharacter2D_C_0] PARRIED
[2015.12.02-22.22.45:792][889]LogBlueprintUserMessages: [ThirdPersonCharacter2D_C_0] PARRIED
[2015.12.02-22.22.45:944][904]LogBlueprintUserMessages: [ThirdPersonCharacter2D_C_0] Invinicble
[2015.12.02-22.22.46:019][911]LogBlueprintUserMessages: [ThirdPersonCharacter2D_C_0] PARRIED
[2015.12.02-22.22.47:953][101]LogBlueprintUserMessages: [ThirdPersonCharacter2D_C_0] PARRIED
[2015.12.02-22.22.48:034][109]LogBlueprintUserMessages: [ThirdPersonCharacter2D_C_0] PARRIED
[2015.12.02-22.22.49:384][242]LogBlueprintUserMessages: [ThirdPersonCharacter2D_C_0] PARRIED
[2015.12.02-22.22.49:773][280]LogBlueprintUserMessages: [ThirdPersonCharacter2D_C_0] PARRIED
[2015.12.02-22.22.49:927][295]LogBlueprintUserMessages: [ThirdPersonCharacter2D_C_0] Invinicble
[2015.12.02-22.22.51:404][440]LogGameMode: ProcessServerTravel: ?Restart
[2015.12.02-22.22.51:414][441]LogEngine: Server switch level: ?Restart
[2015.12.02-22.22.51:414][441]LogNet: Browse: /Game/ThirdPersonBP/Maps/ThirdPersonExampleMap?Restart
[2015.12.02-22.22.51:424][441]LogLoad: LoadMap: /Game/ThirdPersonBP/Maps/ThirdPersonExampleMap
[2015.12.02-22.22.51:540][441]LogParticles: Destroying 0 GPU particle simulations for FXSystem 0x0000000029AF4B80
[2015.12.02-22.22.51:544][441]Cmd: MEM
[2015.12.02-22.22.51:642][441]LogMemory: Platform Memory Stats for Windows
[2015.12.02-22.22.51:642][441]LogMemory: Process Physical Memory: 746.58 MB used, 766.04 MB peak
[2015.12.02-22.22.51:642][441]LogMemory: Process Virtual Memory: 673.94 MB used, 700.83 MB peak
[2015.12.02-22.22.51:642][441]LogMemory: Physical Memory: 5137.42 MB used, 8109.12 MB total
[2015.12.02-22.22.51:642][441]LogMemory: Virtual Memory: 1288.21 MB used, 8388608.00 MB total
[2015.12.02-22.22.51:642][441]LogMemory: 
[2015.12.02-22.22.51:642][441]Allocator Stats for TBB: (not implemented)
[2015.12.02-22.22.51:642][441]LogPlayLevel: Creating play world package: /Game/ThirdPersonBP/Maps/UEDPIE_0_ThirdPersonExampleMap
[2015.12.02-22.22.51:700][441]LogPlayLevel: PIE: StaticDuplicateObject took: (0.057387s)
[2015.12.02-22.22.51:700][441]LogAIModule: Creating AISystem for world ThirdPersonExampleMap
[2015.12.02-22.22.51:701][441]LogPlayLevel: PIE: World Init took: (0.001055s)
[2015.12.02-22.22.51:701][441]LogPlayLevel: PIE: Created PIE world by copying editor world from /Game/ThirdPersonBP/Maps/ThirdPersonExampleMap.ThirdPersonExampleMap to /Game/ThirdPersonBP/Maps/UEDPIE_0_ThirdPersonExampleMap.ThirdPersonExampleMap (0.058758s)
[2015.12.02-22.22.51:701][441]LogWorld: Game class is '2dFlipBookGameMode_C'
[2015.12.02-22.22.51:728][441]PIE:Warning: Warning Invalid Simulate Options: Body (BasicDummyEnemy_C_0.HP) is set to simulate physics but Collision Enabled is incompatible
[2015.12.02-22.22.51:728][441]PIE:Warning: Warning Invalid Simulate Options: Body (BasicDummyEnemy_C_0.HP) is set to simulate physics but Collision Enabled is incompatible
[2015.12.02-22.22.51:729][441]PIE:Warning: Warning Invalid Simulate Options: Body (BasicDummyEnemy2.HP) is set to simulate physics but Collision Enabled is incompatible
[2015.12.02-22.22.51:729][441]PIE:Warning: Warning Invalid Simulate Options: Body (BasicDummyEnemy2.HP) is set to simulate physics but Collision Enabled is incompatible
[2015.12.02-22.22.51:730][441]PIE:Warning: Warning Invalid Simulate Options: Body (BasicDummyEnemy3.HP) is set to simulate physics but Collision Enabled is incompatible
[2015.12.02-22.22.51:730][441]PIE:Warning: Warning Invalid Simulate Options: Body (BasicDummyEnemy3.HP) is set to simulate physics but Collision Enabled is incompatible
[2015.12.02-22.22.51:731][441]PIE:Warning: Warning Invalid Simulate Options: Body (BasicDummyEnemy4.HP) is set to simulate physics but Collision Enabled is incompatible
[2015.12.02-22.22.51:731][441]PIE:Warning: Warning Invalid Simulate Options: Body (BasicDummyEnemy4.HP) is set to simulate physics but Collision Enabled is incompatible
[2015.12.02-22.22.51:731][441]LogWorld: Bringing World /Game/ThirdPersonBP/Maps/UEDPIE_0_ThirdPersonExampleMap.ThirdPersonExampleMap up for play (max tick rate 0) at 2015.12.02-14.22.51
[2015.12.02-22.22.51:731][441]LogActor:Warning: GameSession /Game/ThirdPersonBP/Maps/UEDPIE_0_ThirdPersonExampleMap.ThirdPersonExampleMap:PersistentLevel.GameSession_1 has natively added scene component(s), but none of them were set as the actor's RootComponent - picking one arbitrarily
[2015.12.02-22.22.51:732][441]LogActor:Warning: GameNetworkManager /Game/ThirdPersonBP/Maps/UEDPIE_0_ThirdPersonExampleMap.ThirdPersonExampleMap:PersistentLevel.GameNetworkManager_1 has natively added scene component(s), but none of them were set as the actor's RootComponent - picking one arbitrarily
[2015.12.02-22.22.51:734][441]LogWorld: Bringing up level for play took: 0.013006
[2015.12.02-22.22.51:738][441]LogBlueprintUserMessages: [BasicDummyEnemy4] 1.0
[2015.12.02-22.22.51:738][441]LogBlueprintUserMessages: [BasicDummyEnemy3] 1.0
[2015.12.02-22.22.51:738][441]LogBlueprintUserMessages: [BasicDummyEnemy2] 1.0
[2015.12.02-22.22.51:738][441]LogBlueprintUserMessages: [BasicDummyEnemy_C_0] 1.0
[2015.12.02-22.22.52:169][479]LogBlueprintUserMessages: [ThirdPersonCharacter2D_C_1] PARRIED
[2015.12.02-22.22.52:632][524]LogBlueprintUserMessages: [ThirdPersonCharacter2D_C_1] PARRIED
[2015.12.02-22.22.52:774][538]LogBlueprintUserMessages: [ThirdPersonCharacter2D_C_1] Invinicble
[2015.12.02-22.22.52:825][543]LogBlueprintUserMessages: [ThirdPersonCharacter2D_C_1] PARRIED
[2015.12.02-22.22.54:176][676]LogBlueprintUserMessages: [ThirdPersonCharacter2D_C_1] PARRIED
[2015.12.02-22.22.54:650][722]LogBlueprintUserMessages: [ThirdPersonCharacter2D_C_1] PARRIED
[2015.12.02-22.22.54:792][736]LogBlueprintUserMessages: [ThirdPersonCharacter2D_C_1] PARRIED
[2015.12.02-22.22.54:833][740]LogBlueprintUserMessages: [ThirdPersonCharacter2D_C_1] Invinicble
[2015.12.02-22.22.56:189][873]LogBlueprintUserMessages: [ThirdPersonCharacter2D_C_1] PARRIED
[2015.12.02-22.22.56:661][919]LogBlueprintUserMessages: [ThirdPersonCharacter2D_C_1] PARRIED
[2015.12.02-22.22.56:804][933]LogBlueprintUserMessages: [ThirdPersonCharacter2D_C_1] PARRIED
[2015.12.02-22.22.56:845][937]LogBlueprintUserMessages: [ThirdPersonCharacter2D_C_1] Invinicble
[2015.12.02-22.22.58:208][ 71]LogBlueprintUserMessages: [ThirdPersonCharacter2D_C_1] PARRIED
[2015.12.02-22.22.58:683][117]LogBlueprintUserMessages: [ThirdPersonCharacter2D_C_1] PARRIED
[2015.12.02-22.22.58:817][130]LogBlueprintUserMessages: [ThirdPersonCharacter2D_C_1] PARRIED
[2015.12.02-22.22.58:868][135]LogBlueprintUserMessages: [ThirdPersonCharacter2D_C_1] Invinicble
[2015.12.02-22.22.59:509][199]LogBlueprintUserMessages: Early EndPlayMap Detection: Level '/Game/ThirdPersonBP/Maps/ThirdPersonExampleMap.ThirdPersonExampleMap:PersistentLevel' has LevelScriptBlueprint '/Game/ThirdPersonBP/Maps/ThirdPersonExampleMap.ThirdPersonExampleMap:PersistentLevel.ThirdPersonExampleMap' with GeneratedClass '/Game/ThirdPersonBP/Maps/ThirdPersonExampleMap.ThirdPersonExampleMap_C' with ClassGeneratedBy '/Game/ThirdPersonBP/Maps/ThirdPersonExampleMap.ThirdPersonExampleMap:PersistentLevel.ThirdPersonExampleMap'
[2015.12.02-22.22.59:569][199]LogBlueprintUserMessages: Late EndPlayMap Detection: Level '/Game/ThirdPersonBP/Maps/ThirdPersonExampleMap.ThirdPersonExampleMap:PersistentLevel' has LevelScriptBlueprint '/Game/ThirdPersonBP/Maps/ThirdPersonExampleMap.ThirdPersonExampleMap:PersistentLevel.ThirdPersonExampleMap' with GeneratedClass '/Game/ThirdPersonBP/Maps/ThirdPersonExampleMap.ThirdPersonExampleMap_C' with ClassGeneratedBy '/Game/ThirdPersonBP/Maps/ThirdPersonExampleMap.ThirdPersonExampleMap:PersistentLevel.ThirdPersonExampleMap'
[2015.12.02-22.22.59:627][199]LogParticles: Destroying 0 GPU particle simulations for FXSystem 0x0000000027E014E0
[2015.12.02-22.23.16:480][531]Cmd: QUIT_EDITOR
[2015.12.02-22.23.16:738][531]LogExit: Preparing to exit.
[2015.12.02-22.23.17:593][531]LogExit: Editor shut down
[2015.12.02-22.23.17:593][531]LogExit: Transaction tracking system shut down
[2015.12.02-22.23.17:940][531]LogParticles: Destroying 0 GPU particle simulations for FXSystem 0x000000002A851760
[2015.12.02-22.23.17:941][531]LogParticles: Destroying 0 GPU particle simulations for FXSystem 0x000000002BBB7600
[2015.12.02-22.23.17:941][531]LogParticles: Destroying 0 GPU particle simulations for FXSystem 0x000000001B0442C0
[2015.12.02-22.23.17:941][531]LogParticles: Destroying 0 GPU particle simulations for FXSystem 0x00000000283D9760
[2015.12.02-22.23.18:556][531]LogExit: Object subsystem successfully closed.
[2015.12.02-22.23.18:655][531]LogD3D11RHI: Shutdown
[2015.12.02-22.23.18:655][531]LogD3D11RHI: CleanupD3DDevice
[2015.12.02-22.23.18:709][531]LogD3D11RHI: ~FD3D11DynamicRHI
[2015.12.02-22.23.19:189][531]LogModuleManager: Shutting down and abandoning module CrashTracker (198)
[2015.12.02-22.23.19:189][531]LogModuleManager: Shutting down and abandoning module SceneOutliner (197)
[2015.12.02-22.23.19:189][531]LogModuleManager: Shutting down and abandoning module SuperSearch (196)
[2015.12.02-22.23.19:189][531]LogModuleManager: Shutting down and abandoning module WidgetCarousel (195)
[2015.12.02-22.23.19:189][531]LogModuleManager: Shutting down and abandoning module AddContentDialog (194)
[2015.12.02-22.23.19:190][531]LogModuleManager: Shutting down and abandoning module EditorWidgets (193)
[2015.12.02-22.23.19:190][531]LogModuleManager: Shutting down and abandoning module CollectionManager (192)
[2015.12.02-22.23.19:194][531]LogModuleManager: Shutting down and abandoning module StatsViewer (191)
[2015.12.02-22.23.19:194][531]LogModuleManager: Shutting down and abandoning module FoliageEdit (190)
[2015.12.02-22.23.19:194][531]LogModuleManager: Shutting down and abandoning module LandscapeEditor (189)
[2015.12.02-22.23.19:344][531]LogModuleManager: Shutting down and abandoning module ActorPickerMode (188)
[2015.12.02-22.23.19:344][531]LogModuleManager: Shutting down and abandoning module GeometryMode (187)
[2015.12.02-22.23.19:344][531]LogModuleManager: Shutting down and abandoning module TextureAlignMode (186)
[2015.12.02-22.23.19:344][531]LogModuleManager: Shutting down and abandoning module BspMode (185)
[2015.12.02-22.23.19:344][531]LogModuleManager: Shutting down and abandoning module PlacementMode (184)
[2015.12.02-22.23.19:344][531]LogModuleManager: Shutting down and abandoning module AutomationWorker (183)
[2015.12.02-22.23.19:344][531]LogModuleManager: Shutting down and abandoning module CharacterAI (182)
[2015.12.02-22.23.19:344][531]LogModuleManager: Shutting down and abandoning module SmartSnapping (181)
[2015.12.02-22.23.19:344][531]LogModuleManager: Shutting down and abandoning module ViewportSnapping (180)
[2015.12.02-22.23.19:344][531]LogModuleManager: Shutting down and abandoning module LogVisualizer (179)
[2015.12.02-22.23.19:344][531]LogModuleManager: Shutting down and abandoning module GameProjectGeneration (178)
[2015.12.02-22.23.19:381][531]LogModuleManager: Shutting down and abandoning module IntroTutorials (177)
[2015.12.02-22.23.19:381][531]LogModuleManager: Shutting down and abandoning module EditorLiveStreaming (176)
[2015.12.02-22.23.19:381][531]LogModuleManager: Shutting down and abandoning module IOSPlatformEditor (175)
[2015.12.02-22.23.19:381][531]LogModuleManager: Shutting down and abandoning module HTML5PlatformEditor (174)
[2015.12.02-22.23.19:381][531]LogModuleManager: Shutting down and abandoning module AndroidDeviceDetection (173)
[2015.12.02-22.23.19:839][531]LogModuleManager: Shutting down and abandoning module AndroidPlatformEditor (172)
[2015.12.02-22.23.19:839][531]LogModuleManager: Shutting down and abandoning module IOSRuntimeSettings (171)
[2015.12.02-22.23.19:839][531]LogModuleManager: Shutting down and abandoning module AndroidRuntimeSettings (170)
[2015.12.02-22.23.19:839][531]LogModuleManager: Shutting down and abandoning module MergeActors (169)
[2015.12.02-22.23.19:839][531]LogModuleManager: Shutting down and abandoning module SizeMap (168)
[2015.12.02-22.23.19:839][531]LogModuleManager: Shutting down and abandoning module TreeMap (167)
[2015.12.02-22.23.19:839][531]LogModuleManager: Shutting down and abandoning module ReferenceViewer (166)
[2015.12.02-22.23.19:839][531]LogModuleManager: Shutting down and abandoning module LocalizationService (165)
[2015.12.02-22.23.19:839][531]LogModuleManager: Shutting down and abandoning module LocalizationDashboard (164)
[2015.12.02-22.23.19:868][531]LogModuleManager: Shutting down and abandoning module HardwareTargeting (163)
[2015.12.02-22.23.19:868][531]LogModuleManager: Shutting down and abandoning module DeviceProfileEditor (162)
[2015.12.02-22.23.19:868][531]LogModuleManager: Shutting down and abandoning module UndoHistory (161)
[2015.12.02-22.23.19:868][531]LogModuleManager: Shutting down and abandoning module GameplayTagsEditor (160)
[2015.12.02-22.23.19:868][531]LogModuleManager: Shutting down and abandoning module UserFeedback (159)
[2015.12.02-22.23.19:868][531]LogModuleManager: Shutting down and abandoning module XmlParser (158)
[2015.12.02-22.23.19:868][531]LogModuleManager: Shutting down and abandoning module Blutility (157)
[2015.12.02-22.23.19:868][531]LogModuleManager: Shutting down and abandoning module ProjectTargetPlatformEditor (156)
[2015.12.02-22.23.19:868][531]LogModuleManager: Shutting down and abandoning module ProjectSettingsViewer (155)
[2015.12.02-22.23.19:868][531]LogModuleManager: Shutting down and abandoning module InputBindingEditor (154)
[2015.12.02-22.23.19:902][531]LogModuleManager: Shutting down and abandoning module EditorSettingsViewer (153)
[2015.12.02-22.23.19:902][531]LogModuleManager: Shutting down and abandoning module SettingsEditor (152)
[2015.12.02-22.23.19:902][531]LogModuleManager: Shutting down and abandoning module ProjectLauncher (151)
[2015.12.02-22.23.19:925][531]LogModuleManager: Shutting down and abandoning module SessionFrontend (150)
[2015.12.02-22.23.19:925][531]LogModuleManager: Shutting down and abandoning module ProfilerClient (149)
[2015.12.02-22.23.19:968][531]LogModuleManager: Shutting down and abandoning module TargetDeviceServices (148)
[2015.12.02-22.23.19:968][531]LogModuleManager: Shutting down and abandoning module DeviceManager (147)
[2015.12.02-22.23.19:968][531]LogModuleManager: Shutting down and abandoning module AutomationController (146)
[2015.12.02-22.23.19:968][531]LogModuleManager: Shutting down and abandoning module AutomationWindow (145)
[2015.12.02-22.23.19:988][531]LogModuleManager: Shutting down and abandoning module Layers (144)
[2015.12.02-22.23.20:011][531]LogModuleManager: Shutting down and abandoning module ComponentVisualizers (143)
[2015.12.02-22.23.20:011][531]LogModuleManager: Shutting down and abandoning module DetailCustomizations (142)
[2015.12.02-22.23.20:042][531]LogModuleManager: Shutting down and abandoning module PackagesDialog (141)
[2015.12.02-22.23.20:042][531]LogModuleManager: Shutting down and abandoning module Persona (140)
[2015.12.02-22.23.20:060][531]LogModuleManager: Shutting down and abandoning module Kismet (139)
[2015.12.02-22.23.20:060][531]LogModuleManager: Shutting down and abandoning module GraphEditor (138)
[2015.12.02-22.23.20:129][531]LogModuleManager: Shutting down and abandoning module ClassViewer (137)
[2015.12.02-22.23.20:129][531]LogModuleManager: Shutting down and abandoning module Toolbox (136)
[2015.12.02-22.23.20:129][531]LogModuleManager: Shutting down and abandoning module ModuleUI (135)
[2015.12.02-22.23.20:169][531]LogModuleManager: Shutting down and abandoning module MovieSceneTools (134)
[2015.12.02-22.23.20:169][531]LogModuleManager: Shutting down and abandoning module OutputLog (133)
[2015.12.02-22.23.20:169][531]LogModuleManager: Shutting down and abandoning module GammaUI (132)
[2015.12.02-22.23.20:186][531]LogModuleManager: Shutting down and abandoning module Documentation (131)
[2015.12.02-22.23.20:187][531]LogModuleManager: Shutting down and abandoning module GameLiveStreaming (130)
[2015.12.02-22.23.20:187][531]LogModuleManager: Shutting down and abandoning module StreamingPauseRendering (129)
[2015.12.02-22.23.20:187][531]LogModuleManager: Shutting down and abandoning module AnalyticsET (128)
[2015.12.02-22.23.20:187][531]LogModuleManager: Shutting down and abandoning module Analytics (127)
[2015.12.02-22.23.20:187][531]LogModuleManager: Shutting down and abandoning module AITestSuite (126)
[2015.12.02-22.23.20:187][531]LogModuleManager: Shutting down and abandoning module GameplayDebugger (125)
[2015.12.02-22.23.20:187][531]LogModuleManager: Shutting down and abandoning module AIModule (124)
[2015.12.02-22.23.20:187][531]LogModuleManager: Shutting down and abandoning module ProfilerService (123)
[2015.12.02-22.23.20:290][531]LogModuleManager: Shutting down and abandoning module TaskGraph (122)
[2015.12.02-22.23.20:301][531]LogModuleManager: Shutting down and abandoning module SlateRemote (121)
[2015.12.02-22.23.20:301][531]LogModuleManager: Shutting down and abandoning module SteamVRController (120)
[2015.12.02-22.23.20:301][531]LogModuleManager: Shutting down and abandoning module SteamVR (119)
[2015.12.02-22.23.20:301][531]LogModuleManager: Shutting down and abandoning module ProceduralMeshComponent (118)
[2015.12.02-22.23.20:301][531]LogModuleManager: Shutting down and abandoning module OculusLibrary (117)
[2015.12.02-22.23.20:301][531]LogModuleManager: Shutting down and abandoning module OculusInput (116)
[2015.12.02-22.23.20:301][531]LogModuleManager: Shutting down and abandoning module LeapMotionController (115)
[2015.12.02-22.23.20:312][531]LogModuleManager: Shutting down and abandoning module CustomMeshComponent (114)
[2015.12.02-22.23.20:312][531]LogModuleManager: Shutting down and abandoning module CableComponent (113)
[2015.12.02-22.23.20:312][531]LogModuleManager: Shutting down and abandoning module ArchVisCharacter (112)
[2015.12.02-22.23.20:312][531]LogModuleManager: Shutting down and abandoning module MessagingDebugger (111)
[2015.12.02-22.23.20:337][531]LogModuleManager: Shutting down and abandoning module MediaPlayerEditor (110)
[2015.12.02-22.23.20:348][531]LogModuleManager: Shutting down and abandoning module HTML5Networking (109)
[2015.12.02-22.23.20:348][531]LogModuleManager: Shutting down and abandoning module SpeedTreeImporter (108)
[2015.12.02-22.23.20:348][531]LogModuleManager: Shutting down and abandoning module PluginBrowser (107)
[2015.12.02-22.23.20:355][531]LogModuleManager: Shutting down and abandoning module EpicSurvey (106)
[2015.12.02-22.23.20:355][531]LogModuleManager: Shutting down and abandoning module DesktopPlatform (105)
[2015.12.02-22.23.20:355][531]LogModuleManager: Shutting down and abandoning module VisualStudioSourceCodeAccess (104)
[2015.12.02-22.23.20:355][531]LogModuleManager: Shutting down and abandoning module UObjectPlugin (103)
[2015.12.02-22.23.20:355][531]LogModuleManager: Shutting down and abandoning module SubversionSourceControl (102)
[2015.12.02-22.23.20:355][531]LogModuleManager: Shutting down and abandoning module PerforceSourceControl (101)
[2015.12.02-22.23.20:355][531]LogModuleManager: Shutting down and abandoning module SourceControl (100)
[2015.12.02-22.23.20:372][531]LogModuleManager: Shutting down and abandoning module GitSourceControl (99)
[2015.12.02-22.23.20:372][531]LogModuleManager: Shutting down and abandoning module LightPropagationVolumeEditor (98)
[2015.12.02-22.23.20:372][531]LogModuleManager: Shutting down and abandoning module PaperTiledImporter (97)
[2015.12.02-22.23.20:372][531]LogModuleManager: Shutting down and abandoning module PaperSpriteSheetImporter (96)
[2015.12.02-22.23.20:372][531]LogModuleManager: Shutting down and abandoning module MeshPaint (95)
[2015.12.02-22.23.20:372][531]LogModuleManager: Shutting down and abandoning module SlateReflector (94)
[2015.12.02-22.23.20:389][531]LogModuleManager: Shutting down and abandoning module HotReload (93)
[2015.12.02-22.23.20:389][531]LogModuleManager: Shutting down and abandoning module MainFrame (92)
[2015.12.02-22.23.20:389][531]LogModuleManager: Shutting down and abandoning module LevelEditor (91)
[2015.12.02-22.23.20:401][531]LogModuleManager: Shutting down and abandoning module DirectoryWatcher (90)
[2015.12.02-22.23.20:402][531]LogModuleManager: Shutting down and abandoning module AssetRegistry (89)
[2015.12.02-22.23.20:535][531]LogModuleManager: Shutting down and abandoning module ContentBrowser (88)
[2015.12.02-22.23.20:536][531]LogModuleManager: Shutting down and abandoning module Paper2DEditor (87)
[2015.12.02-22.23.20:536][531]LogModuleManager: Shutting down and abandoning module UdpMessaging (86)
[2015.12.02-22.23.20:636][531]LogModuleManager: Shutting down and abandoning module LightPropagationVolumeRuntime (85)
[2015.12.02-22.23.20:636][531]LogModuleManager: Shutting down and abandoning module Paper2D (84)
[2015.12.02-22.23.20:636][531]LogModuleManager: Shutting down and abandoning module WindowsMoviePlayer (83)
[2015.12.02-22.23.20:639][531]LogModuleManager: Shutting down and abandoning module Media (82)
[2015.12.02-22.23.20:639][531]LogModuleManager: Shutting down and abandoning module WmfMedia (81)
[2015.12.02-22.23.20:639][531]LogModuleManager: Shutting down and abandoning module OnlineBlueprintSupport (80)
[2015.12.02-22.23.20:639][531]LogModuleManager: Shutting down and abandoning module GameplayTasksEditor (79)
[2015.12.02-22.23.20:639][531]LogModuleManager: Shutting down and abandoning module PropertyEditor (78)
[2015.12.02-22.23.20:676][531]LogModuleManager: Shutting down and abandoning module BehaviorTreeEditor (77)
[2015.12.02-22.23.20:701][531]LogModuleManager: Shutting down and abandoning module FunctionalTesting (76)
[2015.12.02-22.23.20:702][531]LogModuleManager: Shutting down and abandoning module CollisionAnalyzer (75)
[2015.12.02-22.23.20:702][531]LogModuleManager: Shutting down and abandoning module WorkspaceMenuStructure (74)
[2015.12.02-22.23.20:702][531]LogModuleManager: Shutting down and abandoning module MessageLog (73)
[2015.12.02-22.23.20:702][531]LogModuleManager: Shutting down and abandoning module Sequencer (72)
[2015.12.02-22.23.20:702][531]LogModuleManager: Shutting down and abandoning module AssetTools (71)
[2015.12.02-22.23.20:745][531]LogModuleManager: Shutting down and abandoning module UMGEditor (70)
[2015.12.02-22.23.20:769][531]LogModuleManager: Shutting down and abandoning module UMG (69)
[2015.12.02-22.23.20:769][531]LogModuleManager: Shutting down and abandoning module Slate (68)
[2015.12.02-22.23.20:769][531]LogModuleManager: Shutting down and abandoning module EditorStyle (67)
[2015.12.02-22.23.20:771][531]LogModuleManager: Shutting down and abandoning module SessionServices (66)
[2015.12.02-22.23.20:771][531]LogModuleManager: Shutting down and abandoning module SourceCodeAccess (65)
[2015.12.02-22.23.20:771][531]LogModuleManager: Shutting down and abandoning module HeadMountedDisplay (64)
[2015.12.02-22.23.20:771][531]LogModuleManager: Shutting down and abandoning module XAudio2 (63)
[2015.12.02-22.23.20:771][531]LogModuleManager: Shutting down and abandoning module Networking (61)
[2015.12.02-22.23.20:772][531]LogModuleManager: Shutting down and abandoning module Core (60)
[2015.12.02-22.23.20:772][531]LogModuleManager: Shutting down and abandoning module KismetCompiler (59)
[2015.12.02-22.23.20:772][531]LogModuleManager: Shutting down and abandoning module PhysXFormats (58)
[2015.12.02-22.23.20:772][531]LogModuleManager: Shutting down and abandoning module MeshUtilities (57)
[2015.12.02-22.23.20:793][531]LogModuleManager: Shutting down and abandoning module DerivedDataCache (56)
[2015.12.02-22.23.20:816][531]LogDerivedDataCache: Shutdown
[2015.12.02-22.23.20:816][531]LogModuleManager: Shutting down and abandoning module ShaderFormatOpenGL (55)
[2015.12.02-22.23.20:854][531]LogModuleManager: Shutting down and abandoning module ShaderFormatD3D (54)
[2015.12.02-22.23.20:854][531]LogModuleManager: Shutting down and abandoning module MetalShaderFormat (53)
[2015.12.02-22.23.20:886][531]LogModuleManager: Shutting down and abandoning module TextureFormatUncompressed (52)
[2015.12.02-22.23.20:886][531]LogModuleManager: Shutting down and abandoning module TextureFormatPVR (51)
[2015.12.02-22.23.20:886][531]LogModuleManager: Shutting down and abandoning module TextureFormatIntelISPCTexComp (50)
[2015.12.02-22.23.20:886][531]LogModuleManager: Shutting down and abandoning module TextureFormatDXT (49)
[2015.12.02-22.23.20:886][531]LogModuleManager: Shutting down and abandoning module ImageWrapper (48)
[2015.12.02-22.23.20:886][531]LogModuleManager: Shutting down and abandoning module TextureFormatASTC (47)
[2015.12.02-22.23.20:886][531]LogModuleManager: Shutting down and abandoning module TextureFormatAndroid (46)
[2015.12.02-22.23.20:886][531]LogModuleManager: Shutting down and abandoning module AudioFormatOpus (45)
[2015.12.02-22.23.20:886][531]LogModuleManager: Shutting down and abandoning module AudioFormatOgg (44)
[2015.12.02-22.23.20:886][531]LogModuleManager: Shutting down and abandoning module AudioFormatADPCM (43)
[2015.12.02-22.23.20:886][531]LogModuleManager: Shutting down and abandoning module LinuxTargetPlatform (42)
[2015.12.02-22.23.20:886][531]LogModuleManager: Shutting down and abandoning module LinuxServerTargetPlatform (41)
[2015.12.02-22.23.20:886][531]LogModuleManager: Shutting down and abandoning module LinuxNoEditorTargetPlatform (40)
[2015.12.02-22.23.20:886][531]LogModuleManager: Shutting down and abandoning module Messaging (39)
[2015.12.02-22.23.20:886][531]LogModuleManager: Shutting down and abandoning module IOSTargetPlatform (38)
[2015.12.02-22.23.20:886][531]LogModuleManager: Shutting down and abandoning module HTML5TargetPlatform (37)
[2015.12.02-22.23.20:886][531]LogModuleManager: Shutting down and abandoning module Android_PVRTCTargetPlatform (36)
[2015.12.02-22.23.20:886][531]LogModuleManager: Shutting down and abandoning module Android_MultiTargetPlatform (35)
[2015.12.02-22.23.20:886][531]LogModuleManager: Shutting down and abandoning module Android_ETC2TargetPlatform (34)
[2015.12.02-22.23.20:886][531]LogModuleManager: Shutting down and abandoning module Android_ETC1TargetPlatform (33)
[2015.12.02-22.23.20:886][531]LogModuleManager: Shutting down and abandoning module Android_DXTTargetPlatform (32)
[2015.12.02-22.23.20:886][531]LogModuleManager: Shutting down and abandoning module Android_ATCTargetPlatform (31)
[2015.12.02-22.23.20:886][531]LogModuleManager: Shutting down and abandoning module Android_ASTCTargetPlatform (30)
[2015.12.02-22.23.20:887][531]LogModuleManager: Shutting down and abandoning module AndroidTargetPlatform (29)
[2015.12.02-22.23.20:887][531]LogModuleManager: Shutting down and abandoning module WindowsTargetPlatform (28)
[2015.12.02-22.23.20:887][531]LogModuleManager: Shutting down and abandoning module WindowsServerTargetPlatform (27)
[2015.12.02-22.23.20:887][531]LogModuleManager: Shutting down and abandoning module WindowsNoEditorTargetPlatform (26)
[2015.12.02-22.23.20:887][531]LogModuleManager: Shutting down and abandoning module WindowsClientTargetPlatform (25)
[2015.12.02-22.23.20:887][531]LogModuleManager: Shutting down and abandoning module AllDesktopTargetPlatform (24)
[2015.12.02-22.23.20:887][531]LogModuleManager: Shutting down and abandoning module TargetPlatform (23)
[2015.12.02-22.23.20:887][531]LogModuleManager: Shutting down and abandoning module InputCore (22)
[2015.12.02-22.23.20:887][531]LogModuleManager: Shutting down and abandoning module Settings (21)
[2015.12.02-22.23.20:887][531]LogModuleManager: Shutting down and abandoning module OnlineSubsystem (19)
[2015.12.02-22.23.20:887][531]LogModuleManager: Shutting down and abandoning module HTTP (18)
[2015.12.02-22.23.21:887][531]LogModuleManager: Shutting down and abandoning module XMPP (17)
[2015.12.02-22.23.21:928][531]LogModuleManager: Shutting down and abandoning module OculusRift (16)
[2015.12.02-22.23.21:971][531]LogModuleManager: Shutting down and abandoning module ExampleDeviceProfileSelector (15)
[2015.12.02-22.23.21:971][531]LogModuleManager: Shutting down and abandoning module TextureCompressor (14)
[2015.12.02-22.23.21:971][531]LogModuleManager: Shutting down and abandoning module ShaderCore (13)
[2015.12.02-22.23.21:971][531]LogModuleManager: Shutting down and abandoning module Landscape (12)
[2015.12.02-22.23.21:971][531]LogModuleManager: Shutting down and abandoning module SlateRHIRenderer (11)
[2015.12.02-22.23.21:971][531]LogModuleManager: Shutting down and abandoning module OpenGLDrv (10)
[2015.12.02-22.23.21:994][531]LogModuleManager: Shutting down and abandoning module D3D11RHI (9)
[2015.12.02-22.23.21:994][531]LogModuleManager: Shutting down and abandoning module AnimGraphRuntime (8)
[2015.12.02-22.23.22:008][531]LogModuleManager: Shutting down and abandoning module Renderer (7)
[2015.12.02-22.23.22:008][531]LogModuleManager: Shutting down and abandoning module Engine (6)
[2015.12.02-22.23.22:008][531]LogModuleManager: Shutting down and abandoning module CoreUObject (5)
[2015.12.02-22.23.22:008][531]LogModuleManager: Shutting down and abandoning module NetworkFile (4)
[2015.12.02-22.23.22:020][531]LogModuleManager: Shutting down and abandoning module StreamingFile (3)
[2015.12.02-22.23.22:020][531]LogModuleManager: Shutting down and abandoning module SandboxFile (2)
[2015.12.02-22.23.22:020][531]LogModuleManager: Shutting down and abandoning module PakFile (1)
[2015.12.02-22.23.22:022][531]LogExit: Exiting.
[2015.12.02-22.23.22:053][531]Log file closed, 12/02/15 14:23:22
