[2015.12.24-22.40.41:135][  0]Log file open, 12/24/15 14:40:41
[2015.12.24-22.40.41:135][  0]LogInit:Display: Running engine for game: MyProject19
[2015.12.24-22.40.41:135][  0]LogPlatformFile: Not using cached read wrapper
[2015.12.24-22.40.41:135][  0]LogInit:Display: RandInit(-1206178834) SRandInit(-1206178832).
[2015.12.24-22.40.41:135][  0]LogTaskGraph: Started task graph with 4 named threads and 7 total threads.
[2015.12.24-22.40.41:135][  0]LogStats: Stats thread started at 0.084348
[2015.12.24-22.40.41:135][  0]LogInit: Version: 4.10.1-2791327+++depot+UE4-Releases+4.10
[2015.12.24-22.40.41:135][  0]LogInit: API Version: 2758231
[2015.12.24-22.40.41:135][  0]LogInit: Compiled (64-bit): Dec  4 2015 19:44:40
[2015.12.24-22.40.41:135][  0]LogInit: Compiled with Visual C++: 19.00.23026.00
[2015.12.24-22.40.41:135][  0]LogInit: Build Configuration: Development
[2015.12.24-22.40.41:135][  0]LogInit: Branch Name: ++depot+UE4-Releases+4.10
[2015.12.24-22.40.41:135][  0]LogInit: Command line:  
[2015.12.24-22.40.41:135][  0]LogInit: Base directory: C:/Program Files/Epic Games/4.10/Engine/Binaries/Win64/
[2015.12.24-22.40.41:135][  0]LogInit: Rocket: 1
[2015.12.24-22.40.41:146][  0]LogInit: Using libcurl 7.41.0
[2015.12.24-22.40.41:146][  0]LogInit:  - built for x86_64-pc-win32
[2015.12.24-22.40.41:146][  0]LogInit:  - supports SSL with WinSSL
[2015.12.24-22.40.41:146][  0]LogInit:  - other features:
[2015.12.24-22.40.41:146][  0]LogInit:      CURL_VERSION_SSL
[2015.12.24-22.40.41:146][  0]LogInit:      CURL_VERSION_IPV6
[2015.12.24-22.40.41:146][  0]LogInit:      CURL_VERSION_ASYNCHDNS
[2015.12.24-22.40.41:146][  0]LogInit:      CURL_VERSION_LARGEFILE
[2015.12.24-22.40.41:146][  0]LogInit:      CURL_VERSION_IDN
[2015.12.24-22.40.41:146][  0]LogInit:  CurlRequestOptions (configurable via config and command line):
[2015.12.24-22.40.41:146][  0]LogInit:  - bVerifyPeer = true  - Libcurl will verify peer certificate
[2015.12.24-22.40.41:146][  0]LogInit:  - bUseHttpProxy = false  - Libcurl will NOT use HTTP proxy
[2015.12.24-22.40.41:146][  0]LogInit:  - bDontReuseConnections = false  - Libcurl will reuse connections
[2015.12.24-22.40.41:146][  0]LogInit:  - CertBundlePath = nullptr  - Libcurl will use whatever was configured at build time.
[2015.12.24-22.40.41:154][  0]LogInit: Presizing for 0 objects not considered by GC, pre-allocating 0 bytes.
[2015.12.24-22.40.41:161][  0]LogInit: Object subsystem initialized
[2015.12.24-22.40.41:162][  0]LogInit: Selected Device Profile: [Windows]
[2015.12.24-22.40.41:162][  0]LogInit: Applying CVar settings loaded from the selected device profile: [Windows]
[2015.12.24-22.40.41:171][  0]LogInit: Computer: MATT-PC
[2015.12.24-22.40.41:171][  0]LogInit: User: Matt
[2015.12.24-22.40.41:171][  0]LogInit: CPU Page size=4096, Cores=4
[2015.12.24-22.40.41:171][  0]LogInit: High frequency timer resolution =3.020527 MHz
[2015.12.24-22.40.41:171][  0]LogMemory: Memory total: Physical=7.9GB (8GB approx)
[2015.12.24-22.40.41:171][  0]LogMemory: Platform Memory Stats for Windows
[2015.12.24-22.40.41:171][  0]LogMemory: Process Physical Memory: 60.19 MB used, 60.19 MB peak
[2015.12.24-22.40.41:171][  0]LogMemory: Process Virtual Memory: 60.53 MB used, 60.53 MB peak
[2015.12.24-22.40.41:171][  0]LogMemory: Physical Memory: 3972.18 MB used, 8109.12 MB total
[2015.12.24-22.40.41:171][  0]LogMemory: Virtual Memory: 354.21 MB used, 8388608.00 MB total
[2015.12.24-22.40.41:240][  0]LogTextLocalizationManager: No specific translations for ('en-US') exist, so ('en') translations will be used.
[2015.12.24-22.40.41:646][  0]LogD3D11RHI: Found D3D11 adapter 0: AMD Radeon HD 7800 Series (Feature Level 11_0)
[2015.12.24-22.40.41:646][  0]LogD3D11RHI: Adapter has 2029MB of dedicated video memory, 0MB of dedicated system memory, and 3798MB of shared system memory, 1 output[s]
[2015.12.24-22.40.41:650][  0]LogD3D11RHI: Found D3D11 adapter 1: Intel(R) HD Graphics (Feature Level 11_0)
[2015.12.24-22.40.41:650][  0]LogD3D11RHI: Adapter has 64MB of dedicated video memory, 0MB of dedicated system memory, and 1632MB of shared system memory, 0 output[s]
[2015.12.24-22.40.41:650][  0]LogD3D11RHI: Chosen D3D11 Adapter Id = 0
[2015.12.24-22.40.41:656][  0]LogD3D11RHI: !Direct3DDevice
[2015.12.24-22.40.41:657][  0]LogRHI: Texture pool is 1361 MB (70% of 1945 MB)
[2015.12.24-22.40.41:660][  0]LogD3D11RHI: Async texture creation disabled: no driver support
[2015.12.24-22.40.41:670][  0]LogShaderCompilers: Guid format shader working directory is -28 characters bigger than the processId version (../../../../../../Users/Matt/Documents/GitHub/P3NGUIN/P3NGUIN/MyProject19/Intermediate/Shaders/WorkingDirectory/6476/).
[2015.12.24-22.40.41:670][  0]LogShaderCompilers: Cleaned the shader compiler working directory 'C:/Users/Matt/AppData/Local/Temp/UnrealShaderWorkingDir/F700B7E74A42FA3E79104F9211A37F69/'.
[2015.12.24-22.40.41:670][  0]LogShaderCompilers:Display: Using Local Shader Compiler.
[2015.12.24-22.40.42:636][  0]LogTemp:Display: Loaded TP AllDesktopTargetPlatform
[2015.12.24-22.40.42:642][  0]LogTemp:Display: Loaded TP WindowsClientTargetPlatform
[2015.12.24-22.40.42:647][  0]LogTemp:Display: Loaded TP WindowsNoEditorTargetPlatform
[2015.12.24-22.40.42:653][  0]LogTemp:Display: Loaded TP WindowsServerTargetPlatform
[2015.12.24-22.40.42:658][  0]LogTemp:Display: Loaded TP WindowsTargetPlatform
[2015.12.24-22.40.42:662][  0]LogTemp:Display: Loaded TP AndroidTargetPlatform
[2015.12.24-22.40.42:665][  0]LogTemp:Display: Loaded TP Android_ASTCTargetPlatform
[2015.12.24-22.40.42:669][  0]LogTemp:Display: Loaded TP Android_ATCTargetPlatform
[2015.12.24-22.40.42:672][  0]LogTemp:Display: Loaded TP Android_DXTTargetPlatform
[2015.12.24-22.40.42:676][  0]LogTemp:Display: Loaded TP Android_ETC1TargetPlatform
[2015.12.24-22.40.42:679][  0]LogTemp:Display: Loaded TP Android_ETC2TargetPlatform
[2015.12.24-22.40.42:687][  0]LogTemp:Display: Loaded TP Android_MultiTargetPlatform
[2015.12.24-22.40.42:687][  0]LogTemp:Display: Loaded TP Android_PVRTCTargetPlatform
[2015.12.24-22.40.42:688][  0]LogTemp:Display: Loaded TP HTML5TargetPlatform
[2015.12.24-22.40.42:706][  0]LogTemp:Display: Loaded TP IOSTargetPlatform
[2015.12.24-22.40.42:709][  0]LogTemp:Display: Loaded TP LinuxNoEditorTargetPlatform
[2015.12.24-22.40.42:712][  0]LogTemp:Display: Loaded TP LinuxServerTargetPlatform
[2015.12.24-22.40.42:717][  0]LogTemp:Display: Loaded TP LinuxTargetPlatform
[2015.12.24-22.40.42:717][  0]LogTargetPlatformManager:Display: Building Assets For Windows
[2015.12.24-22.40.42:821][  0]LogDerivedDataCache:Display: Max Cache Size: 512 MB
[2015.12.24-22.40.42:862][  0]LogDerivedDataCache: Loaded boot cache 0.04s 41MB C:/Users/Matt/AppData/Local/UnrealEngine/4.10/DerivedDataCache/Boot.ddc.
[2015.12.24-22.40.42:862][  0]LogDerivedDataCache:Display: Loaded Boot cache: C:/Users/Matt/AppData/Local/UnrealEngine/4.10/DerivedDataCache/Boot.ddc
[2015.12.24-22.40.42:862][  0]LogDerivedDataCache: FDerivedDataBackendGraph:  Pak pak cache file ../../../../../../Users/Matt/Documents/GitHub/P3NGUIN/P3NGUIN/MyProject19/DerivedDataCache/DDC.ddp not found, will not use a pak cache.
[2015.12.24-22.40.42:862][  0]LogDerivedDataCache: Unable to find inner node Pak for hierarchical cache Hierarchy.
[2015.12.24-22.40.42:862][  0]LogDerivedDataCache: FDerivedDataBackendGraph:  CompressedPak pak cache file ../../../../../../Users/Matt/Documents/GitHub/P3NGUIN/P3NGUIN/MyProject19/DerivedDataCache/Compressed.ddp not found, will not use a pak cache.
[2015.12.24-22.40.42:862][  0]LogDerivedDataCache: Unable to find inner node CompressedPak for hierarchical cache Hierarchy.
[2015.12.24-22.40.42:921][  0]LogDerivedDataCache:Display: Pak cache opened for reading ../../../Engine/DerivedDataCache/Compressed.ddp.
[2015.12.24-22.40.42:933][  0]LogDerivedDataCache: Using Local data cache path C:/Users/Matt/AppData/Local/UnrealEngine/Common/DerivedDataCache: Writable
[2015.12.24-22.40.43:132][  0]LogInit: Selected Device Profile: [Windows]
[2015.12.24-22.40.43:132][  0]LogContentStreaming: Texture pool size is 0.000000MB
[2015.12.24-22.40.43:179][  0]LogMeshUtilities: No automatic mesh reduction module available
[2015.12.24-22.40.43:179][  0]LogMeshUtilities: No automatic mesh merging module available
[2015.12.24-22.40.43:521][  0]LogInit: WinSock: version 1.1 (2.2), MaxSocks=32767, MaxUdp=65467
[2015.12.24-22.40.44:380][  0]UdpMessaging: Initializing bridge on interface 0.0.0.0:0 to multicast group 230.0.0.1:6666.
[2015.12.24-22.40.44:481][  0]LogAssetRegistry: FAssetRegistry took 0.0105 seconds to start up
[2015.12.24-22.40.44:692][  0]SourceControl: Info Source control is disabled
[2015.12.24-22.40.44:694][  0]SourceControl: Info Source control is disabled
[2015.12.24-22.40.44:711][  0]SourceControl: Info Source control is disabled
[2015.12.24-22.40.44:728][  0]SourceControl: Info Source control is disabled
[2015.12.24-22.40.45:070][  0]LogObj: 28633 objects as part of root set at end of initial load.
[2015.12.24-22.40.45:070][  0]LogUObjectAllocator: 6099752 out of 0 bytes used by permanent object pool.
[2015.12.24-22.40.45:128][  0]LogEngine: Initializing Engine...
[2015.12.24-22.40.45:137][  0]LogHMD: Can't find Oculus library dev build: is proper Runtime installed? Version: 0.8.0.0
[2015.12.24-22.40.45:138][  0]LogHMD: SteamVR failed to initialize.  Err: 110
[2015.12.24-22.40.45:269][  0]LogAIModule: Creating AISystem for world NewWorld
[2015.12.24-22.40.45:275][  0]LogInit: XAudio2 using 'Speakers (Realtek High Definition Audio)' : 2 channels at 48 kHz using 32 bits per sample (channel mask 0x3)
[2015.12.24-22.40.45:316][  0]LogInit: FAudioDevice initialized.
[2015.12.24-22.40.45:350][  0]LogDerivedDataCache: Saved boot cache 0.03s 41MB C:/Users/Matt/AppData/Local/UnrealEngine/4.10/DerivedDataCache/Boot.ddc.
[2015.12.24-22.40.45:353][  0]LogInit: Texture streaming: Enabled
[2015.12.24-22.40.45:359][  0]LogAnalytics: Creating configured Analytics provider AnalyticsET
[2015.12.24-22.40.45:359][  0]LogAnalytics: [UEEditor.Rocket.Release] APIServer = http://et2.epicgames.com/ET2/. AppVersion = 4.10.1-2791327+++depot+UE4-Releases+4.10
[2015.12.24-22.40.45:359][  0]LogAnalytics: [UEEditor.Rocket.Release] SetUserId de43219841e5038bf49fbfa481591ee0|4e461f00ab6f49d29405414d884919d6|9448dfb4-8168-4a85-8046-6b7a073564d8
[2015.12.24-22.40.45:359][  0]LogAnalytics: [UEEditor.Rocket.Release] AnalyticsET::StartSession
[2015.12.24-22.40.45:382][  0]LogInit: Transaction tracking system initialized
[2015.12.24-22.40.45:412][  0]BlueprintLog: New page: Editor Load
[2015.12.24-22.40.45:504][  0]LocalizationService: Info Localization service is disabled
[2015.12.24-22.40.45:595][  0]LogConsoleResponse:Display: 
[2015.12.24-22.40.45:713][  0]LogCook:Display: Done creating registry. It took  0.00s.
[2015.12.24-22.40.45:783][  0]LogFileCache: Scanning file cache for directory 'C:/Users/Matt/Documents/GitHub/P3NGUIN/P3NGUIN/MyProject19/Content/' took 0.01s
[2015.12.24-22.40.45:783][  0]SourceControl: Info Source control is disabled
[2015.12.24-22.40.45:784][  0]Cmd: MAP LOAD FILE="../../../../../../Users/Matt/Documents/GitHub/P3NGUIN/P3NGUIN/MyProject19/Content/Maps/Basement_Blockout.umap" TEMPLATE=0 SHOWPROGRESS=1 FEATURELEVEL=3
[2015.12.24-22.40.45:784][  0]LightingResults: New page: Lighting Build
[2015.12.24-22.40.45:788][  0]MapCheck: New page: Map Check
[2015.12.24-22.40.45:788][  0]LightingResults: New page: Lighting Build
[2015.12.24-22.40.45:801][  0]LogParticles: Destroying 0 GPU particle simulations for FXSystem 0x00000000205E6160
[2015.12.24-22.40.45:806][  0]LogLinker:Warning: Asset '../../../../../../Users/Matt/Documents/GitHub/P3NGUIN/P3NGUIN/MyProject19/Content/Mannequin/Animations/ThirdPerson_AnimBP.uasset' has been saved with empty engine version. The asset will be loaded but may be incompatible.
[2015.12.24-22.40.45:807][  0]LogLinker:Warning: Asset '../../../../../../Users/Matt/Documents/GitHub/P3NGUIN/P3NGUIN/MyProject19/Content/Mannequin/Animations/ThirdPerson_Jump.uasset' has been saved with empty engine version. The asset will be loaded but may be incompatible.
[2015.12.24-22.40.45:809][  0]LogLinker:Warning: Asset '../../../../../../Users/Matt/Documents/GitHub/P3NGUIN/P3NGUIN/MyProject19/Content/Mannequin/Animations/ThirdPersonJump_Loop.uasset' has been saved with empty engine version. The asset will be loaded but may be incompatible.
[2015.12.24-22.40.45:810][  0]LogLinker:Warning: Asset '../../../../../../Users/Matt/Documents/GitHub/P3NGUIN/P3NGUIN/MyProject19/Content/Mannequin/Animations/ThirdPersonJump_Start.uasset' has been saved with empty engine version. The asset will be loaded but may be incompatible.
[2015.12.24-22.40.45:811][  0]LogLinker:Warning: Asset '../../../../../../Users/Matt/Documents/GitHub/P3NGUIN/P3NGUIN/MyProject19/Content/Mannequin/Animations/ThirdPerson_IdleRun_2D.uasset' has been saved with empty engine version. The asset will be loaded but may be incompatible.
[2015.12.24-22.40.45:812][  0]LogLinker:Warning: Asset '../../../../../../Users/Matt/Documents/GitHub/P3NGUIN/P3NGUIN/MyProject19/Content/Mannequin/Animations/ThirdPersonIdle.uasset' has been saved with empty engine version. The asset will be loaded but may be incompatible.
[2015.12.24-22.40.45:813][  0]LogLinker:Warning: Asset '../../../../../../Users/Matt/Documents/GitHub/P3NGUIN/P3NGUIN/MyProject19/Content/Mannequin/Animations/ThirdPersonRun.uasset' has been saved with empty engine version. The asset will be loaded but may be incompatible.
[2015.12.24-22.40.45:814][  0]LogLinker:Warning: Asset '../../../../../../Users/Matt/Documents/GitHub/P3NGUIN/P3NGUIN/MyProject19/Content/Mannequin/Animations/ThirdPersonWalk.uasset' has been saved with empty engine version. The asset will be loaded but may be incompatible.
[2015.12.24-22.40.46:346][  0]LogAIModule: Creating AISystem for world Basement_Blockout
[2015.12.24-22.40.46:354][  0]LogEditorServer: Finished looking for orphan Actors (0.000 secs)
[2015.12.24-22.40.46:354][  0]Cmd: MAP CHECKDEP NOCLEARLOG
[2015.12.24-22.40.46:433][  0]MapCheck: Info Map check complete: 0 Error(s), 0 Warning(s), took 78.647ms to complete.
[2015.12.24-22.40.46:433][  0]LogFileHelpers: Loading map 'Basement_Blockout' took 0.648
[2015.12.24-22.40.46:541][  0]LogCollectionManager: Loaded 0 collections in 0.002889 seconds
[2015.12.24-22.40.46:572][  0]LogFileCache: Scanning file cache for directory 'C:/Users/Matt/Documents/GitHub/P3NGUIN/P3NGUIN/MyProject19/Saved/Collections/' took 0.01s
[2015.12.24-22.40.46:573][  0]LogFileCache: Scanning file cache for directory 'C:/Users/Matt/Documents/GitHub/P3NGUIN/P3NGUIN/MyProject19/Content/Developers/Matt/Collections/' took 0.01s
[2015.12.24-22.40.46:573][  0]LogFileCache: Scanning file cache for directory 'C:/Users/Matt/Documents/GitHub/P3NGUIN/P3NGUIN/MyProject19/Content/Collections/' took 0.00s
[2015.12.24-22.40.46:573][  0]LogCollectionManager: Rebuilt the GUID cache for 0 collections in 0.000002 seconds
[2015.12.24-22.40.46:581][  0]LogContentBrowser: Native class hierarchy populated in 0.0081 seconds. Added 1893 classes and 338 folders.
[2015.12.24-22.40.46:589][  0]LogContentBrowser: Native class hierarchy updated for 'WidgetCarousel' in 0.0006 seconds. Added 0 classes and 0 folders.
[2015.12.24-22.40.46:658][  0]LogContentBrowser: Native class hierarchy updated for 'AddContentDialog' in 0.0006 seconds. Added 0 classes and 0 folders.
[2015.12.24-22.40.46:663][  0]LogContentBrowser: Native class hierarchy updated for 'SceneOutliner' in 0.0005 seconds. Added 1 classes and 2 folders.
[2015.12.24-22.40.46:688][  0]LogContentBrowser: Native class hierarchy updated for 'WorldBrowser' in 0.0005 seconds. Added 1 classes and 3 folders.
[2015.12.24-22.40.46:693][  0]LogCrashTracker: Crashtracker disabled due to settings.
[2015.12.24-22.40.46:697][  0]LogUObjectGlobals:Warning: Failed to find object 'Class None.'
[2015.12.24-22.40.46:718][  0]LogLoad: Full Startup: 6.09 seconds (BP compile: 0.10 seconds)
[2015.12.24-22.40.47:066][  0]LogOcInput: Can't find Oculus library dev build: is proper Runtime installed? Version: 0.8.0.0
[2015.12.24-22.40.47:128][  0]LogContentStreaming: Texture pool size now 1000 MB
[2015.12.24-22.40.47:280][  0]LogRenderer: Reallocating scene render targets to support 892x516 (Frame:2).
[2015.12.24-22.40.47:938][  2]LogCollectionManager: Rebuilt the object cache for 0 collections in 0.000001 seconds (found 0 objects)
[2015.12.24-22.40.48:584][  4]LogAssetRegistry: Asset discovery search completed in 4.1133 seconds
[2015.12.24-22.40.48:584][  4]LogCollectionManager: Fixed up redirectors for 0 collections in 0.000003 seconds (updated 0 objects)
[2015.12.24-22.41.07:684][953]LogActorComponent: UnregisterComponent: (/Engine/Transient.CharMoveComp) Not registered. Aborting.
[2015.12.24-22.41.07:684][953]LogActorComponent: UnregisterComponent: (/Engine/Transient.CharacterMovementComponent_0) Not registered. Aborting.
[2015.12.24-22.41.07:703][953]Cmd: MAP LOAD FILE="../../../../../../Users/Matt/Documents/GitHub/P3NGUIN/P3NGUIN/MyProject19/Content/Maps/Plaza_Blockout.umap" TEMPLATE=0 SHOWPROGRESS=1 FEATURELEVEL=3
[2015.12.24-22.41.07:730][953]LightingResults: New page: Lighting Build
[2015.12.24-22.41.07:761][953]LoadErrors: New page: Loading map: Plaza_Blockout.umap
[2015.12.24-22.41.07:762][953]MapCheck: New page: Map Check
[2015.12.24-22.41.07:762][953]LightingResults: New page: Lighting Build
[2015.12.24-22.41.07:772][953]LogParticles: Destroying 0 GPU particle simulations for FXSystem 0x000000000F6836A0
[2015.12.24-22.41.09:157][953]LogAIModule: Creating AISystem for world Plaza_Blockout
[2015.12.24-22.41.09:236][953]LogEditorServer: Finished looking for orphan Actors (0.000 secs)
[2015.12.24-22.41.09:346][953]Cmd: MAP CHECKDEP NOCLEARLOG
[2015.12.24-22.41.09:459][953]MapCheck: Info Map check complete: 0 Error(s), 0 Warning(s), took 113.014ms to complete.
[2015.12.24-22.41.09:459][953]LogFileHelpers: Loading map 'Plaza_Blockout' took 1.757
[2015.12.24-22.41.16:561][173]LogBlueprint:Warning: [compiler ThirdPersonCharacter] Warning 'AbilitiesMenu' is already a 'Ability Menu', you don't need  Cast To AbilityMenu .
[2015.12.24-22.41.16:564][173]LogBlueprint:Warning: [compiler ThirdPersonCharacter] Warning 'PointerClass' is already a 'Pointer', you don't need  Cast To Pointer .
[2015.12.24-22.41.16:565][173]LogBlueprint:Warning: [compiler ThirdPersonCharacter] Warning No value will be returned by reference. Parameter 'EndTime'. Node:  (none) 
[2015.12.24-22.41.16:577][173]LogBlueprint:Warning: [compiler ThirdPersonCharacter] Warning 'SecondPointer' is already a 'Pointer 2', you don't need  Cast To Pointer2 .
[2015.12.24-22.41.16:594][173]LogBlueprint:Warning: [compiler ThirdPersonCharacter] Warning [0035.96] Compile of ThirdPersonCharacter successful, but with 4 Warning(s) [in 128 ms]
[2015.12.24-22.41.16:594][173]LogBlueprint:Warning: [compiler ThirdPersonCharacter] Warning [0035.96] Compile of ThirdPersonCharacter successful, but with 5 Warning(s) [in 0 ms]
[2015.12.24-22.41.16:594][173]LogBlueprint:Warning: [compiler ThirdPersonCharacter] Warning [0035.96] Compile of ThirdPersonCharacter successful, but with 6 Warning(s) [in 0 ms]
[2015.12.24-22.41.16:662][173]LogBlueprint:Warning: [compiler AbilityMenu] Warning 'ReturnValue' is already a 'Listed Item', you don't need  Cast To ListedItem .
[2015.12.24-22.41.16:663][173]LogBlueprint:Warning: [compiler AbilityMenu] Warning 'ReturnValue' is already a 'Listed Item', you don't need  Cast To ListedItem .
[2015.12.24-22.41.16:666][173]LogBlueprint:Warning: [compiler AbilityMenu] Warning [0036.03] Compile of AbilityMenu successful, but with 2 Warning(s) [in 33 ms]
[2015.12.24-22.41.16:668][173]LogBlueprint:Warning: [compiler AbilityMenu] Warning [0036.04] Compile of AbilityMenu successful, but with 3 Warning(s) [in 1 ms]
[2015.12.24-22.41.16:668][173]LogBlueprint:Warning: [compiler AbilityMenu] Warning [0036.04] Compile of AbilityMenu successful, but with 4 Warning(s) [in 0 ms]
[2015.12.24-22.41.16:708][173]LogBlueprint:Warning: [compiler FreeMovementLocator] Warning 'Third Person Character 2D' does not inherit from 'Player Controller' ( Cast To ThirdPersonCharacter2D  would always fail).
[2015.12.24-22.41.16:709][173]LogBlueprint:Warning: [compiler FreeMovementLocator] Warning [0036.08] Compile of FreeMovementLocator successful, but with 1 Warning(s) [in 3 ms]
[2015.12.24-22.41.16:709][173]LogBlueprint:Warning: [compiler FreeMovementLocator] Warning [0036.08] Compile of FreeMovementLocator successful, but with 2 Warning(s) [in 0 ms]
[2015.12.24-22.41.16:710][173]LogBlueprint:Warning: [compiler FreeMovementLocator] Warning [0036.08] Compile of FreeMovementLocator successful, but with 3 Warning(s) [in 0 ms]
[2015.12.24-22.41.17:251][173]LogBlueprint:Warning: [compiler ThirdPersonCharacter2D] Warning No value will be returned by reference. Parameter 'EndTime'. Node:  (none) 
[2015.12.24-22.41.17:268][173]LogBlueprint:Warning: [compiler ThirdPersonCharacter2D] Warning 'AbilitiesMenu' is already a 'Ability Menu', you don't need  Cast To AbilityMenu .
[2015.12.24-22.41.17:269][173]LogBlueprint:Warning: [compiler ThirdPersonCharacter2D] Warning 'ReturnValue' is already a 'Knife', you don't need  Cast To Knife .
[2015.12.24-22.41.17:278][173]LogBlueprint:Warning: [compiler ThirdPersonCharacter2D] Warning 'SecondPointer' is already a 'Pointer 2', you don't need  Cast To Pointer2 .
[2015.12.24-22.41.17:348][173]LogBlueprint:Warning: [compiler ThirdPersonCharacter2D] Warning [0036.72] Compile of ThirdPersonCharacter2D successful, but with 4 Warning(s) [in 194 ms]
[2015.12.24-22.41.17:349][173]LogBlueprint:Warning: [compiler ThirdPersonCharacter2D] Warning [0036.72] Compile of ThirdPersonCharacter2D successful, but with 5 Warning(s) [in 0 ms]
[2015.12.24-22.41.17:349][173]LogBlueprint:Warning: [compiler ThirdPersonCharacter2D] Warning [0036.72] Compile of ThirdPersonCharacter2D successful, but with 6 Warning(s) [in 0 ms]
[2015.12.24-22.41.17:354][173]LogBlueprint:Warning: [compiler FreeMovementLocator] Warning 'Third Person Character 2D' does not inherit from 'Player Controller' ( Cast To ThirdPersonCharacter2D  would always fail).
[2015.12.24-22.41.17:355][173]LogBlueprint:Warning: [compiler FreeMovementLocator] Warning [0036.72] Compile of FreeMovementLocator successful, but with 1 Warning(s) [in 3 ms]
[2015.12.24-22.41.17:355][173]LogBlueprint:Warning: [compiler FreeMovementLocator] Warning [0036.72] Compile of FreeMovementLocator successful, but with 2 Warning(s) [in 0 ms]
[2015.12.24-22.41.17:359][173]LogBlueprint:Warning: [compiler FreeMovementLocator] Warning [0036.73] Compile of FreeMovementLocator successful, but with 3 Warning(s) [in 3 ms]
[2015.12.24-22.41.17:433][173]LogBlueprint:Warning: [compiler AbilityMenu] Warning 'ReturnValue' is already a 'Listed Item', you don't need  Cast To ListedItem .
[2015.12.24-22.41.17:433][173]LogBlueprint:Warning: [compiler AbilityMenu] Warning 'ReturnValue' is already a 'Listed Item', you don't need  Cast To ListedItem .
[2015.12.24-22.41.17:437][173]LogBlueprint:Warning: [compiler AbilityMenu] Warning [0036.81] Compile of AbilityMenu successful, but with 2 Warning(s) [in 33 ms]
[2015.12.24-22.41.17:438][173]LogBlueprint:Warning: [compiler AbilityMenu] Warning [0036.81] Compile of AbilityMenu successful, but with 3 Warning(s) [in 0 ms]
[2015.12.24-22.41.17:443][173]LogBlueprint:Warning: [compiler AbilityMenu] Warning [0036.81] Compile of AbilityMenu successful, but with 4 Warning(s) [in 5 ms]
[2015.12.24-22.41.17:586][173]LogBlueprint:Warning: [compiler ThirdPersonCharacter] Warning 'AbilitiesMenu' is already a 'Ability Menu', you don't need  Cast To AbilityMenu .
[2015.12.24-22.41.17:589][173]LogBlueprint:Warning: [compiler ThirdPersonCharacter] Warning 'PointerClass' is already a 'Pointer', you don't need  Cast To Pointer .
[2015.12.24-22.41.17:590][173]LogBlueprint:Warning: [compiler ThirdPersonCharacter] Warning No value will be returned by reference. Parameter 'EndTime'. Node:  (none) 
[2015.12.24-22.41.17:602][173]LogBlueprint:Warning: [compiler ThirdPersonCharacter] Warning 'SecondPointer' is already a 'Pointer 2', you don't need  Cast To Pointer2 .
[2015.12.24-22.41.17:619][173]LogBlueprint:Warning: [compiler ThirdPersonCharacter] Warning [0036.99] Compile of ThirdPersonCharacter successful, but with 4 Warning(s) [in 130 ms]
[2015.12.24-22.41.17:619][173]LogBlueprint:Warning: [compiler ThirdPersonCharacter] Warning [0036.99] Compile of ThirdPersonCharacter successful, but with 5 Warning(s) [in 0 ms]
[2015.12.24-22.41.17:620][173]LogBlueprint:Warning: [compiler ThirdPersonCharacter] Warning [0036.99] Compile of ThirdPersonCharacter successful, but with 6 Warning(s) [in 0 ms]
[2015.12.24-22.41.17:756][173]LogBlueprint:Warning: [compiler ThirdPersonCharacter2D] Warning No value will be returned by reference. Parameter 'EndTime'. Node:  (none) 
[2015.12.24-22.41.17:773][173]LogBlueprint:Warning: [compiler ThirdPersonCharacter2D] Warning 'AbilitiesMenu' is already a 'Ability Menu', you don't need  Cast To AbilityMenu .
[2015.12.24-22.41.17:773][173]LogBlueprint:Warning: [compiler ThirdPersonCharacter2D] Warning 'ReturnValue' is already a 'Knife', you don't need  Cast To Knife .
[2015.12.24-22.41.17:783][173]LogBlueprint:Warning: [compiler ThirdPersonCharacter2D] Warning 'SecondPointer' is already a 'Pointer 2', you don't need  Cast To Pointer2 .
[2015.12.24-22.41.17:854][173]LogBlueprint:Warning: [compiler ThirdPersonCharacter2D] Warning [0037.22] Compile of ThirdPersonCharacter2D successful, but with 4 Warning(s) [in 198 ms]
[2015.12.24-22.41.17:854][173]LogBlueprint:Warning: [compiler ThirdPersonCharacter2D] Warning [0037.22] Compile of ThirdPersonCharacter2D successful, but with 5 Warning(s) [in 0 ms]
[2015.12.24-22.41.17:855][173]LogBlueprint:Warning: [compiler ThirdPersonCharacter2D] Warning [0037.22] Compile of ThirdPersonCharacter2D successful, but with 6 Warning(s) [in 0 ms]
[2015.12.24-22.41.20:437][403]LogLinker:Warning: Asset '../../../Engine/Content/ArtTools/RenderToTexture/Macros/RenderToTextureMacros.uasset' has been saved with empty engine version. The asset will be loaded but may be incompatible.
[2015.12.24-22.41.20:950][403]LogContentBrowser: Native class hierarchy updated for 'BlueprintGraph' in 0.0009 seconds. Added 107 classes and 0 folders.
[2015.12.24-22.42.09:927][492]BlueprintLog: New page: Compile Plaza_Blockout
[2015.12.24-22.42.10:038][492]LogActorComponent: UnregisterComponent: (/Engine/Transient.CharMoveComp) Not registered. Aborting.
[2015.12.24-22.42.10:038][492]LogActorComponent: UnregisterComponent: (/Engine/Transient.CharacterMovementComponent_1) Not registered. Aborting.
[2015.12.24-22.42.10:130][492]BlueprintEditorCompileResults: Info [0089.50] Compile of Plaza_Blockout successful! [in 202 ms]
[2015.12.24-22.42.13:456][648]LogBlueprintUserMessages: Early PlayInEditor Detection: Level '/Game/Maps/Plaza_Blockout.Plaza_Blockout:PersistentLevel' has LevelScriptBlueprint '/Game/Maps/Plaza_Blockout.Plaza_Blockout:PersistentLevel.Plaza_Blockout' with GeneratedClass '/Game/Maps/Plaza_Blockout.Plaza_Blockout_C' with ClassGeneratedBy '/Game/Maps/Plaza_Blockout.Plaza_Blockout:PersistentLevel.Plaza_Blockout'
[2015.12.24-22.42.13:456][648]LogPlayLevel: PlayLevel: No blueprints needed recompiling
[2015.12.24-22.42.13:457][648]PIE: New page: PIE session: Plaza_Blockout (Dec 24, 2015, 6:42:13 AM)
[2015.12.24-22.42.13:457][648]LogPlayLevel: Creating play world package: /Game/Maps/UEDPIE_0_Plaza_Blockout
[2015.12.24-22.42.13:641][648]LogPlayLevel: PIE: StaticDuplicateObject took: (0.182960s)
[2015.12.24-22.42.13:641][648]LogAIModule: Creating AISystem for world Plaza_Blockout
[2015.12.24-22.42.13:642][648]LogPlayLevel: PIE: World Init took: (0.000933s)
[2015.12.24-22.42.13:642][648]LogPlayLevel: PIE: Created PIE world by copying editor world from /Game/Maps/Plaza_Blockout.Plaza_Blockout to /Game/Maps/UEDPIE_0_Plaza_Blockout.Plaza_Blockout (0.184256s)
[2015.12.24-22.42.13:675][648]LogInit: XAudio2 using 'Speakers (Realtek High Definition Audio)' : 2 channels at 48 kHz using 32 bits per sample (channel mask 0x3)
[2015.12.24-22.42.13:715][648]LogInit: FAudioDevice initialized.
[2015.12.24-22.42.13:811][648]LogWorld: Game class is '2dFlipBookGameMode_C'
[2015.12.24-22.42.13:880][648]LogWorld: Bringing World /Game/Maps/UEDPIE_0_Plaza_Blockout.Plaza_Blockout up for play (max tick rate 0) at 2015.12.24-14.42.13
[2015.12.24-22.42.13:881][648]LogActor:Warning: GameSession /Game/Maps/UEDPIE_0_Plaza_Blockout.Plaza_Blockout:PersistentLevel.GameSession_0 has natively added scene component(s), but none of them were set as the actor's RootComponent - picking one arbitrarily
[2015.12.24-22.42.13:881][648]LogActor:Warning: GameNetworkManager /Game/Maps/UEDPIE_0_Plaza_Blockout.Plaza_Blockout:PersistentLevel.GameNetworkManager_0 has natively added scene component(s), but none of them were set as the actor's RootComponent - picking one arbitrarily
[2015.12.24-22.42.13:886][648]LogWorld: Bringing up level for play took: 0.073856
[2015.12.24-22.42.13:891][648]PIE: Info Play in editor start time for /Game/Maps/UEDPIE_0_Plaza_Blockout 0.137
[2015.12.24-22.42.13:891][648]LogBlueprintUserMessages: Late PlayInEditor Detection: Level '/Game/Maps/Plaza_Blockout.Plaza_Blockout:PersistentLevel' has LevelScriptBlueprint '/Game/Maps/Plaza_Blockout.Plaza_Blockout:PersistentLevel.Plaza_Blockout' with GeneratedClass '/Game/Maps/Plaza_Blockout.Plaza_Blockout_C' with ClassGeneratedBy '/Game/Maps/Plaza_Blockout.Plaza_Blockout:PersistentLevel.Plaza_Blockout'
[2015.12.24-22.42.16:276][925]LogBlueprintUserMessages: Early EndPlayMap Detection: Level '/Game/Maps/Plaza_Blockout.Plaza_Blockout:PersistentLevel' has LevelScriptBlueprint '/Game/Maps/Plaza_Blockout.Plaza_Blockout:PersistentLevel.Plaza_Blockout' with GeneratedClass '/Game/Maps/Plaza_Blockout.Plaza_Blockout_C' with ClassGeneratedBy '/Game/Maps/Plaza_Blockout.Plaza_Blockout:PersistentLevel.Plaza_Blockout'
[2015.12.24-22.42.16:359][925]LogBlueprintUserMessages: Late EndPlayMap Detection: Level '/Game/Maps/Plaza_Blockout.Plaza_Blockout:PersistentLevel' has LevelScriptBlueprint '/Game/Maps/Plaza_Blockout.Plaza_Blockout:PersistentLevel.Plaza_Blockout' with GeneratedClass '/Game/Maps/Plaza_Blockout.Plaza_Blockout_C' with ClassGeneratedBy '/Game/Maps/Plaza_Blockout.Plaza_Blockout:PersistentLevel.Plaza_Blockout'
[2015.12.24-22.42.16:411][926]LogParticles: Destroying 0 GPU particle simulations for FXSystem 0x00000000334A5120
[2015.12.24-22.42.21:425][502]LogBlueprintUserMessages: Early PlayInEditor Detection: Level '/Game/Maps/Plaza_Blockout.Plaza_Blockout:PersistentLevel' has LevelScriptBlueprint '/Game/Maps/Plaza_Blockout.Plaza_Blockout:PersistentLevel.Plaza_Blockout' with GeneratedClass '/Game/Maps/Plaza_Blockout.Plaza_Blockout_C' with ClassGeneratedBy '/Game/Maps/Plaza_Blockout.Plaza_Blockout:PersistentLevel.Plaza_Blockout'
[2015.12.24-22.42.21:425][502]LogPlayLevel: PlayLevel: No blueprints needed recompiling
[2015.12.24-22.42.21:425][502]PIE: New page: PIE session: Plaza_Blockout (Dec 24, 2015, 6:42:21 AM)
[2015.12.24-22.42.21:425][502]LogPlayLevel: Creating play world package: /Game/Maps/UEDPIE_0_Plaza_Blockout
[2015.12.24-22.42.21:525][502]LogPlayLevel: PIE: StaticDuplicateObject took: (0.099451s)
[2015.12.24-22.42.21:525][502]LogAIModule: Creating AISystem for world Plaza_Blockout
[2015.12.24-22.42.21:525][502]LogPlayLevel: PIE: World Init took: (0.000735s)
[2015.12.24-22.42.21:526][502]LogPlayLevel: PIE: Created PIE world by copying editor world from /Game/Maps/Plaza_Blockout.Plaza_Blockout to /Game/Maps/UEDPIE_0_Plaza_Blockout.Plaza_Blockout (0.100498s)
[2015.12.24-22.42.21:558][502]LogInit: XAudio2 using 'Speakers (Realtek High Definition Audio)' : 2 channels at 48 kHz using 32 bits per sample (channel mask 0x3)
[2015.12.24-22.42.21:597][502]LogInit: FAudioDevice initialized.
[2015.12.24-22.42.21:633][502]LogWorld: Game class is '2dFlipBookGameMode_C'
[2015.12.24-22.42.21:702][502]LogWorld: Bringing World /Game/Maps/UEDPIE_0_Plaza_Blockout.Plaza_Blockout up for play (max tick rate 0) at 2015.12.24-14.42.21
[2015.12.24-22.42.21:702][502]LogActor:Warning: GameSession /Game/Maps/UEDPIE_0_Plaza_Blockout.Plaza_Blockout:PersistentLevel.GameSession_1 has natively added scene component(s), but none of them were set as the actor's RootComponent - picking one arbitrarily
[2015.12.24-22.42.21:702][502]LogActor:Warning: GameNetworkManager /Game/Maps/UEDPIE_0_Plaza_Blockout.Plaza_Blockout:PersistentLevel.GameNetworkManager_1 has natively added scene component(s), but none of them were set as the actor's RootComponent - picking one arbitrarily
[2015.12.24-22.42.21:707][502]LogWorld: Bringing up level for play took: 0.072983
[2015.12.24-22.42.21:711][502]PIE: Info Play in editor start time for /Game/Maps/UEDPIE_0_Plaza_Blockout -0.043
[2015.12.24-22.42.21:712][502]LogBlueprintUserMessages: Late PlayInEditor Detection: Level '/Game/Maps/Plaza_Blockout.Plaza_Blockout:PersistentLevel' has LevelScriptBlueprint '/Game/Maps/Plaza_Blockout.Plaza_Blockout:PersistentLevel.Plaza_Blockout' with GeneratedClass '/Game/Maps/Plaza_Blockout.Plaza_Blockout_C' with ClassGeneratedBy '/Game/Maps/Plaza_Blockout.Plaza_Blockout:PersistentLevel.Plaza_Blockout'
[2015.12.24-22.42.24:777][862]LogLevel:Warning: WARNING: The map '/game/maps/basementblockout' does not exist.
[2015.12.24-22.42.24:783][863]LogNet: Browse: /game/maps/basementblockout
[2015.12.24-22.42.24:784][863]LogLoad: LoadMap: /game/maps/basementblockout
[2015.12.24-22.42.24:821][863]LogParticles: Destroying 0 GPU particle simulations for FXSystem 0x0000000031DFDEE0
[2015.12.24-22.42.24:822][863]Cmd: MEM
[2015.12.24-22.42.24:848][863]LogMemory: Platform Memory Stats for Windows
[2015.12.24-22.42.24:848][863]LogMemory: Process Physical Memory: 813.45 MB used, 816.24 MB peak
[2015.12.24-22.42.24:848][863]LogMemory: Process Virtual Memory: 738.36 MB used, 743.43 MB peak
[2015.12.24-22.42.24:848][863]LogMemory: Physical Memory: 4776.33 MB used, 8109.12 MB total
[2015.12.24-22.42.24:848][863]LogMemory: Virtual Memory: 1357.18 MB used, 8388608.00 MB total
[2015.12.24-22.42.24:848][863]LogMemory: 
[2015.12.24-22.42.24:848][863]Allocator Stats for TBB: (not implemented)
[2015.12.24-22.42.24:858][863]LogLinker:Warning: Can't find file '/game/maps/basementblockout'
[2015.12.24-22.42.24:869][863]LogNet: Browse: /Game/ThirdPersonBP/Maps/ThirdPersonExampleMap?Name=Player
[2015.12.24-22.42.24:869][863]LogLoad: LoadMap: /Game/ThirdPersonBP/Maps/ThirdPersonExampleMap?Name=Player
[2015.12.24-22.42.24:896][863]Cmd: MEM
[2015.12.24-22.42.24:921][863]LogMemory: Platform Memory Stats for Windows
[2015.12.24-22.42.24:921][863]LogMemory: Process Physical Memory: 813.48 MB used, 816.24 MB peak
[2015.12.24-22.42.24:921][863]LogMemory: Process Virtual Memory: 738.36 MB used, 743.43 MB peak
[2015.12.24-22.42.24:921][863]LogMemory: Physical Memory: 4776.39 MB used, 8109.12 MB total
[2015.12.24-22.42.24:921][863]LogMemory: Virtual Memory: 1357.18 MB used, 8388608.00 MB total
[2015.12.24-22.42.24:921][863]LogMemory: 
[2015.12.24-22.42.24:921][863]Allocator Stats for TBB: (not implemented)
[2015.12.24-22.42.29:356][863]LogAIModule: Creating AISystem for world ThirdPersonExampleMap
[2015.12.24-22.42.29:357][863]LogWorld: Game class is '2dFlipBookGameMode_C'
[2015.12.24-22.42.29:372][863]LogWorld: Bringing World /Game/ThirdPersonBP/Maps/UEDPIE_0_ThirdPersonExampleMap.ThirdPersonExampleMap up for play (max tick rate 0) at 2015.12.24-14.42.29
[2015.12.24-22.42.29:372][863]LogActor:Warning: GameSession /Game/ThirdPersonBP/Maps/UEDPIE_0_ThirdPersonExampleMap.ThirdPersonExampleMap:PersistentLevel.GameSession_2 has natively added scene component(s), but none of them were set as the actor's RootComponent - picking one arbitrarily
[2015.12.24-22.42.29:372][863]LogActor:Warning: GameNetworkManager /Game/ThirdPersonBP/Maps/UEDPIE_0_ThirdPersonExampleMap.ThirdPersonExampleMap:PersistentLevel.GameNetworkManager_2 has natively added scene component(s), but none of them were set as the actor's RootComponent - picking one arbitrarily
[2015.12.24-22.42.29:375][863]LogWorld: Bringing up level for play took: 0.017260
[2015.12.24-22.42.29:381][863]LogNet:Warning: Travel Failure: [ClientTravelFailure]: Failed to load package '/game/maps/basementblockout'
[2015.12.24-22.42.29:397][863]LogNet:Warning: TravelFailure: ClientTravelFailure, Reason for Failure: 'Failed to load package '/game/maps/basementblockout''. Shutting down PIE.
[2015.12.24-22.42.29:397][863]PIE:Warning: Warning TravelFailure: ClientTravelFailure, Reason for Failure: 'Failed to load package '/game/maps/basementblockout''. Shutting down PIE.
[2015.12.24-22.42.29:399][863]LogBlueprintUserMessages: Early EndPlayMap Detection: Level '/Game/Maps/Plaza_Blockout.Plaza_Blockout:PersistentLevel' has LevelScriptBlueprint '/Game/Maps/Plaza_Blockout.Plaza_Blockout:PersistentLevel.Plaza_Blockout' with GeneratedClass '/Game/Maps/Plaza_Blockout.Plaza_Blockout_C' with ClassGeneratedBy '/Game/Maps/Plaza_Blockout.Plaza_Blockout:PersistentLevel.Plaza_Blockout'
[2015.12.24-22.42.29:538][863]LogBlueprintUserMessages: Late EndPlayMap Detection: Level '/Game/Maps/Plaza_Blockout.Plaza_Blockout:PersistentLevel' has LevelScriptBlueprint '/Game/Maps/Plaza_Blockout.Plaza_Blockout:PersistentLevel.Plaza_Blockout' with GeneratedClass '/Game/Maps/Plaza_Blockout.Plaza_Blockout_C' with ClassGeneratedBy '/Game/Maps/Plaza_Blockout.Plaza_Blockout:PersistentLevel.Plaza_Blockout'
[2015.12.24-22.42.29:577][863]LogParticles: Destroying 0 GPU particle simulations for FXSystem 0x00000000322EC720
[2015.12.24-22.42.47:937][999]BlueprintLog: New page: Compile Plaza_Blockout
[2015.12.24-22.42.47:997][999]LogActorComponent: UnregisterComponent: (/Engine/Transient.ProjectileMovement_GEN_VARIABLE) Not registered. Aborting.
[2015.12.24-22.42.47:997][999]LogActorComponent: UnregisterComponent: (/Engine/Transient.CharMoveComp) Not registered. Aborting.
[2015.12.24-22.42.47:997][999]LogActorComponent: UnregisterComponent: (/Engine/Transient.ProjectileMovementComponent_0) Not registered. Aborting.
[2015.12.24-22.42.48:027][999]BlueprintEditorCompileResults: Info [0127.39] Compile of Plaza_Blockout successful! [in 90 ms]
[2015.12.24-22.42.50:588][287]LogBlueprintUserMessages: Early PlayInEditor Detection: Level '/Game/Maps/Plaza_Blockout.Plaza_Blockout:PersistentLevel' has LevelScriptBlueprint '/Game/Maps/Plaza_Blockout.Plaza_Blockout:PersistentLevel.Plaza_Blockout' with GeneratedClass '/Game/Maps/Plaza_Blockout.Plaza_Blockout_C' with ClassGeneratedBy '/Game/Maps/Plaza_Blockout.Plaza_Blockout:PersistentLevel.Plaza_Blockout'
[2015.12.24-22.42.50:588][287]LogPlayLevel: PlayLevel: No blueprints needed recompiling
[2015.12.24-22.42.50:588][287]PIE: New page: PIE session: Plaza_Blockout (Dec 24, 2015, 6:42:50 AM)
[2015.12.24-22.42.50:588][287]LogPlayLevel: Creating play world package: /Game/Maps/UEDPIE_0_Plaza_Blockout
[2015.12.24-22.42.50:687][287]LogPlayLevel: PIE: StaticDuplicateObject took: (0.099616s)
[2015.12.24-22.42.50:688][287]LogAIModule: Creating AISystem for world Plaza_Blockout
[2015.12.24-22.42.50:688][287]LogPlayLevel: PIE: World Init took: (0.000739s)
[2015.12.24-22.42.50:688][287]LogPlayLevel: PIE: Created PIE world by copying editor world from /Game/Maps/Plaza_Blockout.Plaza_Blockout to /Game/Maps/UEDPIE_0_Plaza_Blockout.Plaza_Blockout (0.100666s)
[2015.12.24-22.42.50:722][287]LogInit: XAudio2 using 'Speakers (Realtek High Definition Audio)' : 2 channels at 48 kHz using 32 bits per sample (channel mask 0x3)
[2015.12.24-22.42.50:760][287]LogInit: FAudioDevice initialized.
[2015.12.24-22.42.50:796][287]LogWorld: Game class is '2dFlipBookGameMode_C'
[2015.12.24-22.42.50:866][287]LogWorld: Bringing World /Game/Maps/UEDPIE_0_Plaza_Blockout.Plaza_Blockout up for play (max tick rate 0) at 2015.12.24-14.42.50
[2015.12.24-22.42.50:866][287]LogActor:Warning: GameSession /Game/Maps/UEDPIE_0_Plaza_Blockout.Plaza_Blockout:PersistentLevel.GameSession_3 has natively added scene component(s), but none of them were set as the actor's RootComponent - picking one arbitrarily
[2015.12.24-22.42.50:866][287]LogActor:Warning: GameNetworkManager /Game/Maps/UEDPIE_0_Plaza_Blockout.Plaza_Blockout:PersistentLevel.GameNetworkManager_3 has natively added scene component(s), but none of them were set as the actor's RootComponent - picking one arbitrarily
[2015.12.24-22.42.50:871][287]LogWorld: Bringing up level for play took: 0.073741
[2015.12.24-22.42.50:875][287]PIE: Info Play in editor start time for /Game/Maps/UEDPIE_0_Plaza_Blockout 1.12
[2015.12.24-22.42.50:875][287]LogBlueprintUserMessages: Late PlayInEditor Detection: Level '/Game/Maps/Plaza_Blockout.Plaza_Blockout:PersistentLevel' has LevelScriptBlueprint '/Game/Maps/Plaza_Blockout.Plaza_Blockout:PersistentLevel.Plaza_Blockout' with GeneratedClass '/Game/Maps/Plaza_Blockout.Plaza_Blockout_C' with ClassGeneratedBy '/Game/Maps/Plaza_Blockout.Plaza_Blockout:PersistentLevel.Plaza_Blockout'
[2015.12.24-22.43.04:000][861]LogNet: Browse: /game/maps/basement_blockout
[2015.12.24-22.43.04:000][861]LogLoad: LoadMap: /game/maps/basement_blockout
[2015.12.24-22.43.04:039][861]LogParticles: Destroying 0 GPU particle simulations for FXSystem 0x0000000031849DA0
[2015.12.24-22.43.04:039][861]Cmd: MEM
[2015.12.24-22.43.04:066][861]LogMemory: Platform Memory Stats for Windows
[2015.12.24-22.43.04:066][861]LogMemory: Process Physical Memory: 892.97 MB used, 899.38 MB peak
[2015.12.24-22.43.04:066][861]LogMemory: Process Virtual Memory: 820.08 MB used, 824.83 MB peak
[2015.12.24-22.43.04:066][861]LogMemory: Physical Memory: 4831.24 MB used, 8109.12 MB total
[2015.12.24-22.43.04:066][861]LogMemory: Virtual Memory: 1449.14 MB used, 8388608.00 MB total
[2015.12.24-22.43.04:066][861]LogMemory: 
[2015.12.24-22.43.04:066][861]Allocator Stats for TBB: (not implemented)
[2015.12.24-22.43.04:069][861]LogLinker:Warning: Asset '../../../../../../Users/Matt/Documents/GitHub/P3NGUIN/P3NGUIN/MyProject19/Content/Mannequin/Animations/ThirdPerson_AnimBP.uasset' has been saved with empty engine version. The asset will be loaded but may be incompatible.
[2015.12.24-22.43.04:071][861]LogLinker:Warning: Asset '../../../../../../Users/Matt/Documents/GitHub/P3NGUIN/P3NGUIN/MyProject19/Content/Mannequin/Animations/ThirdPerson_Jump.uasset' has been saved with empty engine version. The asset will be loaded but may be incompatible.
[2015.12.24-22.43.04:072][861]LogLinker:Warning: Asset '../../../../../../Users/Matt/Documents/GitHub/P3NGUIN/P3NGUIN/MyProject19/Content/Mannequin/Animations/ThirdPersonJump_Loop.uasset' has been saved with empty engine version. The asset will be loaded but may be incompatible.
[2015.12.24-22.43.04:073][861]LogLinker:Warning: Asset '../../../../../../Users/Matt/Documents/GitHub/P3NGUIN/P3NGUIN/MyProject19/Content/Mannequin/Animations/ThirdPersonJump_Start.uasset' has been saved with empty engine version. The asset will be loaded but may be incompatible.
[2015.12.24-22.43.04:074][861]LogLinker:Warning: Asset '../../../../../../Users/Matt/Documents/GitHub/P3NGUIN/P3NGUIN/MyProject19/Content/Mannequin/Animations/ThirdPerson_IdleRun_2D.uasset' has been saved with empty engine version. The asset will be loaded but may be incompatible.
[2015.12.24-22.43.04:074][861]LogLinker:Warning: Asset '../../../../../../Users/Matt/Documents/GitHub/P3NGUIN/P3NGUIN/MyProject19/Content/Mannequin/Animations/ThirdPersonIdle.uasset' has been saved with empty engine version. The asset will be loaded but may be incompatible.
[2015.12.24-22.43.04:075][861]LogLinker:Warning: Asset '../../../../../../Users/Matt/Documents/GitHub/P3NGUIN/P3NGUIN/MyProject19/Content/Mannequin/Animations/ThirdPersonRun.uasset' has been saved with empty engine version. The asset will be loaded but may be incompatible.
[2015.12.24-22.43.04:076][861]LogLinker:Warning: Asset '../../../../../../Users/Matt/Documents/GitHub/P3NGUIN/P3NGUIN/MyProject19/Content/Mannequin/Animations/ThirdPersonWalk.uasset' has been saved with empty engine version. The asset will be loaded but may be incompatible.
[2015.12.24-22.43.04:157][861]LogAIModule: Creating AISystem for world Basement_Blockout
[2015.12.24-22.43.04:158][861]LogWorld: Game class is '2dFlipBookGameMode_C'
[2015.12.24-22.43.04:166][861]LogWorld: Bringing World /game/maps/UEDPIE_0_basement_blockout.Basement_Blockout up for play (max tick rate 0) at 2015.12.24-14.43.04
[2015.12.24-22.43.04:166][861]LogActor:Warning: GameSession /game/maps/UEDPIE_0_basement_blockout.Basement_Blockout:PersistentLevel.GameSession_4 has natively added scene component(s), but none of them were set as the actor's RootComponent - picking one arbitrarily
[2015.12.24-22.43.04:166][861]LogActor:Warning: GameNetworkManager /game/maps/UEDPIE_0_basement_blockout.Basement_Blockout:PersistentLevel.GameNetworkManager_4 has natively added scene component(s), but none of them were set as the actor's RootComponent - picking one arbitrarily
[2015.12.24-22.43.04:168][861]LogWorld: Bringing up level for play took: 0.008554
[2015.12.24-22.43.04:168][861]LogPathFollowing:Warning: No NavigationData found while trying to cache it for AIController_2's PathFollowingComponent
[2015.12.24-22.43.05:783][ 54]LogBlueprintUserMessages: Early EndPlayMap Detection: Level '/Game/Maps/Plaza_Blockout.Plaza_Blockout:PersistentLevel' has LevelScriptBlueprint '/Game/Maps/Plaza_Blockout.Plaza_Blockout:PersistentLevel.Plaza_Blockout' with GeneratedClass '/Game/Maps/Plaza_Blockout.Plaza_Blockout_C' with ClassGeneratedBy '/Game/Maps/Plaza_Blockout.Plaza_Blockout:PersistentLevel.Plaza_Blockout'
[2015.12.24-22.43.05:819][ 54]LogBlueprintUserMessages: Late EndPlayMap Detection: Level '/Game/Maps/Plaza_Blockout.Plaza_Blockout:PersistentLevel' has LevelScriptBlueprint '/Game/Maps/Plaza_Blockout.Plaza_Blockout:PersistentLevel.Plaza_Blockout' with GeneratedClass '/Game/Maps/Plaza_Blockout.Plaza_Blockout_C' with ClassGeneratedBy '/Game/Maps/Plaza_Blockout.Plaza_Blockout:PersistentLevel.Plaza_Blockout'
[2015.12.24-22.43.05:867][ 55]LogParticles: Destroying 0 GPU particle simulations for FXSystem 0x0000000031729080
[2015.12.24-22.43.08:451][229]LogSavePackage: Save=776.075806ms
[2015.12.24-22.43.08:451][229]LogSavePackage: Moving '../../../../../../Users/Matt/Documents/GitHub/P3NGUIN/P3NGUIN/MyProject19/Saved/Plaza_Blockout6E1C2D4E413850553775448620305D88.tmp' to '../../../../../../Users/Matt/Documents/GitHub/P3NGUIN/P3NGUIN/MyProject19/Content/Maps/Plaza_Blockout.umap'
[2015.12.24-22.43.08:470][229]LogSavePackage: Total save time: 839.490261ms
[2015.12.24-22.43.08:470][229]LogSavePackage:Display: Finished SavePackage ../../../../../../Users/Matt/Documents/GitHub/P3NGUIN/P3NGUIN/MyProject19/Content/Maps/Plaza_Blockout.umap
[2015.12.24-22.43.08:545][229]LogFileHelpers: Saving map 'Plaza_Blockout' took 1.094
[2015.12.24-22.43.09:550][296]Cmd: QUIT_EDITOR
[2015.12.24-22.43.09:720][296]LogExit: Preparing to exit.
[2015.12.24-22.43.10:497][296]LogExit: Editor shut down
[2015.12.24-22.43.10:498][296]LogExit: Transaction tracking system shut down
[2015.12.24-22.43.10:500][296]LogParticles: Destroying 0 GPU particle simulations for FXSystem 0x000000000EFC5BC0
[2015.12.24-22.43.10:500][296]LogParticles: Destroying 0 GPU particle simulations for FXSystem 0x0000000022127880
[2015.12.24-22.43.10:500][296]LogParticles: Destroying 0 GPU particle simulations for FXSystem 0x000000001B893240
[2015.12.24-22.43.10:500][296]LogParticles: Destroying 0 GPU particle simulations for FXSystem 0x0000000022B34860
[2015.12.24-22.43.10:501][296]LogParticles: Destroying 0 GPU particle simulations for FXSystem 0x0000000022B351C0
[2015.12.24-22.43.10:503][296]LogParticles: Destroying 0 GPU particle simulations for FXSystem 0x00000000333B6C00
[2015.12.24-22.43.10:696][296]LogExit: Object subsystem successfully closed.
[2015.12.24-22.43.10:705][296]LogD3D11RHI: Shutdown
[2015.12.24-22.43.10:705][296]LogD3D11RHI: CleanupD3DDevice
[2015.12.24-22.43.10:737][296]LogD3D11RHI: ~FD3D11DynamicRHI
[2015.12.24-22.43.10:777][296]LogModuleManager: Shutting down and abandoning module CookingStats (201)
[2015.12.24-22.43.10:777][296]LogModuleManager: Shutting down and abandoning module BlueprintGraph (200)
[2015.12.24-22.43.10:777][296]LogModuleManager: Shutting down and abandoning module CrashTracker (199)
[2015.12.24-22.43.10:777][296]LogModuleManager: Shutting down and abandoning module WorldBrowser (198)
[2015.12.24-22.43.10:777][296]LogModuleManager: Shutting down and abandoning module SceneOutliner (197)
[2015.12.24-22.43.10:777][296]LogModuleManager: Shutting down and abandoning module SuperSearch (196)
[2015.12.24-22.43.10:778][296]LogModuleManager: Shutting down and abandoning module WidgetCarousel (195)
[2015.12.24-22.43.10:778][296]LogModuleManager: Shutting down and abandoning module AddContentDialog (194)
[2015.12.24-22.43.10:779][296]LogModuleManager: Shutting down and abandoning module EditorWidgets (193)
[2015.12.24-22.43.10:779][296]LogModuleManager: Shutting down and abandoning module CollectionManager (192)
[2015.12.24-22.43.10:779][296]LogModuleManager: Shutting down and abandoning module StatsViewer (191)
[2015.12.24-22.43.10:779][296]LogModuleManager: Shutting down and abandoning module FoliageEdit (190)
[2015.12.24-22.43.10:779][296]LogModuleManager: Shutting down and abandoning module LandscapeEditor (189)
[2015.12.24-22.43.10:779][296]LogModuleManager: Shutting down and abandoning module ActorPickerMode (188)
[2015.12.24-22.43.10:779][296]LogModuleManager: Shutting down and abandoning module GeometryMode (187)
[2015.12.24-22.43.10:779][296]LogModuleManager: Shutting down and abandoning module TextureAlignMode (186)
[2015.12.24-22.43.10:779][296]LogModuleManager: Shutting down and abandoning module BspMode (185)
[2015.12.24-22.43.10:779][296]LogModuleManager: Shutting down and abandoning module PlacementMode (184)
[2015.12.24-22.43.10:779][296]LogModuleManager: Shutting down and abandoning module AutomationWorker (183)
[2015.12.24-22.43.10:779][296]LogModuleManager: Shutting down and abandoning module CharacterAI (182)
[2015.12.24-22.43.10:779][296]LogModuleManager: Shutting down and abandoning module SmartSnapping (181)
[2015.12.24-22.43.10:779][296]LogModuleManager: Shutting down and abandoning module ViewportSnapping (180)
[2015.12.24-22.43.10:779][296]LogModuleManager: Shutting down and abandoning module LogVisualizer (179)
[2015.12.24-22.43.10:779][296]LogModuleManager: Shutting down and abandoning module GameProjectGeneration (178)
[2015.12.24-22.43.10:779][296]LogModuleManager: Shutting down and abandoning module IntroTutorials (177)
[2015.12.24-22.43.10:779][296]LogModuleManager: Shutting down and abandoning module EditorLiveStreaming (176)
[2015.12.24-22.43.10:779][296]LogModuleManager: Shutting down and abandoning module IOSPlatformEditor (175)
[2015.12.24-22.43.10:779][296]LogModuleManager: Shutting down and abandoning module HTML5PlatformEditor (174)
[2015.12.24-22.43.10:779][296]LogModuleManager: Shutting down and abandoning module AndroidDeviceDetection (173)
[2015.12.24-22.43.11:572][296]LogModuleManager: Shutting down and abandoning module AndroidPlatformEditor (172)
[2015.12.24-22.43.11:572][296]LogModuleManager: Shutting down and abandoning module IOSRuntimeSettings (171)
[2015.12.24-22.43.11:572][296]LogModuleManager: Shutting down and abandoning module AndroidRuntimeSettings (170)
[2015.12.24-22.43.11:572][296]LogModuleManager: Shutting down and abandoning module MergeActors (169)
[2015.12.24-22.43.11:572][296]LogModuleManager: Shutting down and abandoning module SizeMap (168)
[2015.12.24-22.43.11:572][296]LogModuleManager: Shutting down and abandoning module TreeMap (167)
[2015.12.24-22.43.11:572][296]LogModuleManager: Shutting down and abandoning module ReferenceViewer (166)
[2015.12.24-22.43.11:572][296]LogModuleManager: Shutting down and abandoning module LocalizationService (165)
[2015.12.24-22.43.11:572][296]LogModuleManager: Shutting down and abandoning module LocalizationDashboard (164)
[2015.12.24-22.43.11:572][296]LogModuleManager: Shutting down and abandoning module HardwareTargeting (163)
[2015.12.24-22.43.11:572][296]LogModuleManager: Shutting down and abandoning module DeviceProfileEditor (162)
[2015.12.24-22.43.11:572][296]LogModuleManager: Shutting down and abandoning module UndoHistory (161)
[2015.12.24-22.43.11:572][296]LogModuleManager: Shutting down and abandoning module GameplayTagsEditor (160)
[2015.12.24-22.43.11:572][296]LogModuleManager: Shutting down and abandoning module UserFeedback (159)
[2015.12.24-22.43.11:572][296]LogModuleManager: Shutting down and abandoning module XmlParser (158)
[2015.12.24-22.43.11:572][296]LogModuleManager: Shutting down and abandoning module Blutility (157)
[2015.12.24-22.43.11:572][296]LogModuleManager: Shutting down and abandoning module ProjectTargetPlatformEditor (156)
[2015.12.24-22.43.11:572][296]LogModuleManager: Shutting down and abandoning module ProjectSettingsViewer (155)
[2015.12.24-22.43.11:572][296]LogModuleManager: Shutting down and abandoning module InputBindingEditor (154)
[2015.12.24-22.43.11:572][296]LogModuleManager: Shutting down and abandoning module EditorSettingsViewer (153)
[2015.12.24-22.43.11:572][296]LogModuleManager: Shutting down and abandoning module SettingsEditor (152)
[2015.12.24-22.43.11:573][296]LogModuleManager: Shutting down and abandoning module ProjectLauncher (151)
[2015.12.24-22.43.11:573][296]LogModuleManager: Shutting down and abandoning module SessionFrontend (150)
[2015.12.24-22.43.11:573][296]LogModuleManager: Shutting down and abandoning module ProfilerClient (149)
[2015.12.24-22.43.11:573][296]LogModuleManager: Shutting down and abandoning module TargetDeviceServices (148)
[2015.12.24-22.43.11:573][296]LogModuleManager: Shutting down and abandoning module DeviceManager (147)
[2015.12.24-22.43.11:573][296]LogModuleManager: Shutting down and abandoning module AutomationController (146)
[2015.12.24-22.43.11:573][296]LogModuleManager: Shutting down and abandoning module AutomationWindow (145)
[2015.12.24-22.43.11:573][296]LogModuleManager: Shutting down and abandoning module Layers (144)
[2015.12.24-22.43.11:573][296]LogModuleManager: Shutting down and abandoning module ComponentVisualizers (143)
[2015.12.24-22.43.11:573][296]LogModuleManager: Shutting down and abandoning module DetailCustomizations (142)
[2015.12.24-22.43.11:573][296]LogModuleManager: Shutting down and abandoning module PackagesDialog (141)
[2015.12.24-22.43.11:573][296]LogModuleManager: Shutting down and abandoning module Persona (140)
[2015.12.24-22.43.11:573][296]LogModuleManager: Shutting down and abandoning module Kismet (139)
[2015.12.24-22.43.11:573][296]LogModuleManager: Shutting down and abandoning module GraphEditor (138)
[2015.12.24-22.43.11:573][296]LogModuleManager: Shutting down and abandoning module ClassViewer (137)
[2015.12.24-22.43.11:573][296]LogModuleManager: Shutting down and abandoning module Toolbox (136)
[2015.12.24-22.43.11:573][296]LogModuleManager: Shutting down and abandoning module ModuleUI (135)
[2015.12.24-22.43.11:573][296]LogModuleManager: Shutting down and abandoning module MovieSceneTools (134)
[2015.12.24-22.43.11:573][296]LogModuleManager: Shutting down and abandoning module OutputLog (133)
[2015.12.24-22.43.11:573][296]LogModuleManager: Shutting down and abandoning module GammaUI (132)
[2015.12.24-22.43.11:573][296]LogModuleManager: Shutting down and abandoning module Documentation (131)
[2015.12.24-22.43.11:573][296]LogModuleManager: Shutting down and abandoning module GameLiveStreaming (130)
[2015.12.24-22.43.11:573][296]LogModuleManager: Shutting down and abandoning module StreamingPauseRendering (129)
[2015.12.24-22.43.11:573][296]LogModuleManager: Shutting down and abandoning module AnalyticsET (128)
[2015.12.24-22.43.11:573][296]LogModuleManager: Shutting down and abandoning module Analytics (127)
[2015.12.24-22.43.11:573][296]LogModuleManager: Shutting down and abandoning module AITestSuite (126)
[2015.12.24-22.43.11:573][296]LogModuleManager: Shutting down and abandoning module GameplayDebugger (125)
[2015.12.24-22.43.11:573][296]LogModuleManager: Shutting down and abandoning module AIModule (124)
[2015.12.24-22.43.11:573][296]LogModuleManager: Shutting down and abandoning module ProfilerService (123)
[2015.12.24-22.43.11:592][296]LogModuleManager: Shutting down and abandoning module TaskGraph (122)
[2015.12.24-22.43.11:592][296]LogModuleManager: Shutting down and abandoning module SlateRemote (121)
[2015.12.24-22.43.11:592][296]LogModuleManager: Shutting down and abandoning module SteamVRController (120)
[2015.12.24-22.43.11:592][296]LogModuleManager: Shutting down and abandoning module SteamVR (119)
[2015.12.24-22.43.11:592][296]LogModuleManager: Shutting down and abandoning module ProceduralMeshComponent (118)
[2015.12.24-22.43.11:592][296]LogModuleManager: Shutting down and abandoning module OculusLibrary (117)
[2015.12.24-22.43.11:592][296]LogModuleManager: Shutting down and abandoning module OculusInput (116)
[2015.12.24-22.43.11:592][296]LogModuleManager: Shutting down and abandoning module LeapMotionController (115)
[2015.12.24-22.43.11:603][296]LogModuleManager: Shutting down and abandoning module CustomMeshComponent (114)
[2015.12.24-22.43.11:603][296]LogModuleManager: Shutting down and abandoning module CableComponent (113)
[2015.12.24-22.43.11:603][296]LogModuleManager: Shutting down and abandoning module ArchVisCharacter (112)
[2015.12.24-22.43.11:603][296]LogModuleManager: Shutting down and abandoning module MessagingDebugger (111)
[2015.12.24-22.43.11:603][296]LogModuleManager: Shutting down and abandoning module MediaPlayerEditor (110)
[2015.12.24-22.43.11:603][296]LogModuleManager: Shutting down and abandoning module HTML5Networking (109)
[2015.12.24-22.43.11:603][296]LogModuleManager: Shutting down and abandoning module SpeedTreeImporter (108)
[2015.12.24-22.43.11:603][296]LogModuleManager: Shutting down and abandoning module PluginBrowser (107)
[2015.12.24-22.43.11:603][296]LogModuleManager: Shutting down and abandoning module EpicSurvey (106)
[2015.12.24-22.43.11:603][296]LogModuleManager: Shutting down and abandoning module DesktopPlatform (105)
[2015.12.24-22.43.11:603][296]LogModuleManager: Shutting down and abandoning module VisualStudioSourceCodeAccess (104)
[2015.12.24-22.43.11:603][296]LogModuleManager: Shutting down and abandoning module UObjectPlugin (103)
[2015.12.24-22.43.11:603][296]LogModuleManager: Shutting down and abandoning module SubversionSourceControl (102)
[2015.12.24-22.43.11:603][296]LogModuleManager: Shutting down and abandoning module PerforceSourceControl (101)
[2015.12.24-22.43.11:603][296]LogModuleManager: Shutting down and abandoning module SourceControl (100)
[2015.12.24-22.43.11:603][296]LogModuleManager: Shutting down and abandoning module GitSourceControl (99)
[2015.12.24-22.43.11:603][296]LogModuleManager: Shutting down and abandoning module LightPropagationVolumeEditor (98)
[2015.12.24-22.43.11:603][296]LogModuleManager: Shutting down and abandoning module PaperTiledImporter (97)
[2015.12.24-22.43.11:603][296]LogModuleManager: Shutting down and abandoning module PaperSpriteSheetImporter (96)
[2015.12.24-22.43.11:603][296]LogModuleManager: Shutting down and abandoning module MeshPaint (95)
[2015.12.24-22.43.11:603][296]LogModuleManager: Shutting down and abandoning module SlateReflector (94)
[2015.12.24-22.43.11:603][296]LogModuleManager: Shutting down and abandoning module HotReload (93)
[2015.12.24-22.43.11:603][296]LogModuleManager: Shutting down and abandoning module MainFrame (92)
[2015.12.24-22.43.11:603][296]LogModuleManager: Shutting down and abandoning module LevelEditor (91)
[2015.12.24-22.43.11:604][296]LogModuleManager: Shutting down and abandoning module DirectoryWatcher (90)
[2015.12.24-22.43.11:605][296]LogModuleManager: Shutting down and abandoning module AssetRegistry (89)
[2015.12.24-22.43.11:701][296]LogModuleManager: Shutting down and abandoning module ContentBrowser (88)
[2015.12.24-22.43.11:701][296]LogModuleManager: Shutting down and abandoning module Paper2DEditor (87)
[2015.12.24-22.43.11:701][296]LogModuleManager: Shutting down and abandoning module UdpMessaging (86)
[2015.12.24-22.43.11:801][296]LogModuleManager: Shutting down and abandoning module LightPropagationVolumeRuntime (85)
[2015.12.24-22.43.11:801][296]LogModuleManager: Shutting down and abandoning module Paper2D (84)
[2015.12.24-22.43.11:801][296]LogModuleManager: Shutting down and abandoning module WindowsMoviePlayer (83)
[2015.12.24-22.43.11:804][296]LogModuleManager: Shutting down and abandoning module Media (82)
[2015.12.24-22.43.11:804][296]LogModuleManager: Shutting down and abandoning module WmfMedia (81)
[2015.12.24-22.43.11:805][296]LogModuleManager: Shutting down and abandoning module OnlineBlueprintSupport (80)
[2015.12.24-22.43.11:805][296]LogModuleManager: Shutting down and abandoning module GameplayTasksEditor (79)
[2015.12.24-22.43.11:805][296]LogModuleManager: Shutting down and abandoning module PropertyEditor (78)
[2015.12.24-22.43.11:805][296]LogModuleManager: Shutting down and abandoning module BehaviorTreeEditor (77)
[2015.12.24-22.43.11:805][296]LogModuleManager: Shutting down and abandoning module FunctionalTesting (76)
[2015.12.24-22.43.11:805][296]LogModuleManager: Shutting down and abandoning module CollisionAnalyzer (75)
[2015.12.24-22.43.11:805][296]LogModuleManager: Shutting down and abandoning module WorkspaceMenuStructure (74)
[2015.12.24-22.43.11:805][296]LogModuleManager: Shutting down and abandoning module MessageLog (73)
[2015.12.24-22.43.11:805][296]LogModuleManager: Shutting down and abandoning module Sequencer (72)
[2015.12.24-22.43.11:805][296]LogModuleManager: Shutting down and abandoning module AssetTools (71)
[2015.12.24-22.43.11:805][296]LogModuleManager: Shutting down and abandoning module UMGEditor (70)
[2015.12.24-22.43.11:805][296]LogModuleManager: Shutting down and abandoning module UMG (69)
[2015.12.24-22.43.11:805][296]LogModuleManager: Shutting down and abandoning module Slate (68)
[2015.12.24-22.43.11:805][296]LogModuleManager: Shutting down and abandoning module EditorStyle (67)
[2015.12.24-22.43.11:810][296]LogModuleManager: Shutting down and abandoning module SessionServices (66)
[2015.12.24-22.43.11:810][296]LogModuleManager: Shutting down and abandoning module SourceCodeAccess (65)
[2015.12.24-22.43.11:810][296]LogModuleManager: Shutting down and abandoning module HeadMountedDisplay (64)
[2015.12.24-22.43.11:810][296]LogModuleManager: Shutting down and abandoning module XAudio2 (63)
[2015.12.24-22.43.11:810][296]LogModuleManager: Shutting down and abandoning module Networking (61)
[2015.12.24-22.43.11:810][296]LogModuleManager: Shutting down and abandoning module Core (60)
[2015.12.24-22.43.11:810][296]LogModuleManager: Shutting down and abandoning module KismetCompiler (59)
[2015.12.24-22.43.11:810][296]LogModuleManager: Shutting down and abandoning module PhysXFormats (58)
[2015.12.24-22.43.11:810][296]LogModuleManager: Shutting down and abandoning module MeshUtilities (57)
[2015.12.24-22.43.11:810][296]LogModuleManager: Shutting down and abandoning module DerivedDataCache (56)
[2015.12.24-22.43.11:850][296]LogDerivedDataCache: Shutdown
[2015.12.24-22.43.11:850][296]LogModuleManager: Shutting down and abandoning module ShaderFormatOpenGL (55)
[2015.12.24-22.43.11:850][296]LogModuleManager: Shutting down and abandoning module ShaderFormatD3D (54)
[2015.12.24-22.43.11:850][296]LogModuleManager: Shutting down and abandoning module MetalShaderFormat (53)
[2015.12.24-22.43.11:850][296]LogModuleManager: Shutting down and abandoning module TextureFormatUncompressed (52)
[2015.12.24-22.43.11:850][296]LogModuleManager: Shutting down and abandoning module TextureFormatPVR (51)
[2015.12.24-22.43.11:850][296]LogModuleManager: Shutting down and abandoning module TextureFormatIntelISPCTexComp (50)
[2015.12.24-22.43.11:850][296]LogModuleManager: Shutting down and abandoning module TextureFormatDXT (49)
[2015.12.24-22.43.11:850][296]LogModuleManager: Shutting down and abandoning module ImageWrapper (48)
[2015.12.24-22.43.11:850][296]LogModuleManager: Shutting down and abandoning module TextureFormatASTC (47)
[2015.12.24-22.43.11:850][296]LogModuleManager: Shutting down and abandoning module TextureFormatAndroid (46)
[2015.12.24-22.43.11:850][296]LogModuleManager: Shutting down and abandoning module AudioFormatOpus (45)
[2015.12.24-22.43.11:850][296]LogModuleManager: Shutting down and abandoning module AudioFormatOgg (44)
[2015.12.24-22.43.11:850][296]LogModuleManager: Shutting down and abandoning module AudioFormatADPCM (43)
[2015.12.24-22.43.11:850][296]LogModuleManager: Shutting down and abandoning module LinuxTargetPlatform (42)
[2015.12.24-22.43.11:850][296]LogModuleManager: Shutting down and abandoning module LinuxServerTargetPlatform (41)
[2015.12.24-22.43.11:850][296]LogModuleManager: Shutting down and abandoning module LinuxNoEditorTargetPlatform (40)
[2015.12.24-22.43.11:850][296]LogModuleManager: Shutting down and abandoning module Messaging (39)
[2015.12.24-22.43.11:850][296]LogModuleManager: Shutting down and abandoning module IOSTargetPlatform (38)
[2015.12.24-22.43.11:850][296]LogModuleManager: Shutting down and abandoning module HTML5TargetPlatform (37)
[2015.12.24-22.43.11:850][296]LogModuleManager: Shutting down and abandoning module Android_PVRTCTargetPlatform (36)
[2015.12.24-22.43.11:850][296]LogModuleManager: Shutting down and abandoning module Android_MultiTargetPlatform (35)
[2015.12.24-22.43.11:850][296]LogModuleManager: Shutting down and abandoning module Android_ETC2TargetPlatform (34)
[2015.12.24-22.43.11:850][296]LogModuleManager: Shutting down and abandoning module Android_ETC1TargetPlatform (33)
[2015.12.24-22.43.11:850][296]LogModuleManager: Shutting down and abandoning module Android_DXTTargetPlatform (32)
[2015.12.24-22.43.11:850][296]LogModuleManager: Shutting down and abandoning module Android_ATCTargetPlatform (31)
[2015.12.24-22.43.11:850][296]LogModuleManager: Shutting down and abandoning module Android_ASTCTargetPlatform (30)
[2015.12.24-22.43.11:850][296]LogModuleManager: Shutting down and abandoning module AndroidTargetPlatform (29)
[2015.12.24-22.43.11:850][296]LogModuleManager: Shutting down and abandoning module WindowsTargetPlatform (28)
[2015.12.24-22.43.11:850][296]LogModuleManager: Shutting down and abandoning module WindowsServerTargetPlatform (27)
[2015.12.24-22.43.11:850][296]LogModuleManager: Shutting down and abandoning module WindowsNoEditorTargetPlatform (26)
[2015.12.24-22.43.11:850][296]LogModuleManager: Shutting down and abandoning module WindowsClientTargetPlatform (25)
[2015.12.24-22.43.11:850][296]LogModuleManager: Shutting down and abandoning module AllDesktopTargetPlatform (24)
[2015.12.24-22.43.11:850][296]LogModuleManager: Shutting down and abandoning module TargetPlatform (23)
[2015.12.24-22.43.11:850][296]LogModuleManager: Shutting down and abandoning module InputCore (22)
[2015.12.24-22.43.11:850][296]LogModuleManager: Shutting down and abandoning module Settings (21)
[2015.12.24-22.43.11:850][296]LogModuleManager: Shutting down and abandoning module OnlineSubsystem (19)
[2015.12.24-22.43.11:850][296]LogModuleManager: Shutting down and abandoning module HTTP (18)
[2015.12.24-22.43.13:851][296]LogModuleManager: Shutting down and abandoning module XMPP (17)
[2015.12.24-22.43.13:851][296]LogModuleManager: Shutting down and abandoning module OculusRift (16)
[2015.12.24-22.43.13:851][296]LogModuleManager: Shutting down and abandoning module ExampleDeviceProfileSelector (15)
[2015.12.24-22.43.13:851][296]LogModuleManager: Shutting down and abandoning module TextureCompressor (14)
[2015.12.24-22.43.13:851][296]LogModuleManager: Shutting down and abandoning module ShaderCore (13)
[2015.12.24-22.43.13:851][296]LogModuleManager: Shutting down and abandoning module Landscape (12)
[2015.12.24-22.43.13:851][296]LogModuleManager: Shutting down and abandoning module SlateRHIRenderer (11)
[2015.12.24-22.43.13:852][296]LogModuleManager: Shutting down and abandoning module OpenGLDrv (10)
[2015.12.24-22.43.13:852][296]LogModuleManager: Shutting down and abandoning module D3D11RHI (9)
[2015.12.24-22.43.13:852][296]LogModuleManager: Shutting down and abandoning module AnimGraphRuntime (8)
[2015.12.24-22.43.13:852][296]LogModuleManager: Shutting down and abandoning module Renderer (7)
[2015.12.24-22.43.13:852][296]LogModuleManager: Shutting down and abandoning module Engine (6)
[2015.12.24-22.43.13:852][296]LogModuleManager: Shutting down and abandoning module CoreUObject (5)
[2015.12.24-22.43.13:852][296]LogModuleManager: Shutting down and abandoning module NetworkFile (4)
[2015.12.24-22.43.13:852][296]LogModuleManager: Shutting down and abandoning module StreamingFile (3)
[2015.12.24-22.43.13:852][296]LogModuleManager: Shutting down and abandoning module SandboxFile (2)
[2015.12.24-22.43.13:852][296]LogModuleManager: Shutting down and abandoning module PakFile (1)
[2015.12.24-22.43.13:854][296]LogExit: Exiting.
[2015.12.24-22.43.13:855][296]Log file closed, 12/24/15 14:43:13
