[2016.01.09-00.10.19:480][  0]Log file open, 01/08/16 16:10:19
[2016.01.09-00.10.19:480][  0]LogInit:Display: Running engine for game: MyProject19
[2016.01.09-00.10.19:480][  0]LogPlatformFile: Not using cached read wrapper
[2016.01.09-00.10.19:480][  0]LogInit:Display: RandInit(-613604096) SRandInit(-613604094).
[2016.01.09-00.10.19:480][  0]LogTaskGraph: Started task graph with 4 named threads and 7 total threads.
[2016.01.09-00.10.19:480][  0]LogStats: Stats thread started at 0.087787
[2016.01.09-00.10.19:480][  0]LogInit: Version: 4.10.1-2791327+++depot+UE4-Releases+4.10
[2016.01.09-00.10.19:480][  0]LogInit: API Version: 2758231
[2016.01.09-00.10.19:480][  0]LogInit: Compiled (64-bit): Dec  4 2015 19:44:40
[2016.01.09-00.10.19:480][  0]LogInit: Compiled with Visual C++: 19.00.23026.00
[2016.01.09-00.10.19:480][  0]LogInit: Build Configuration: Development
[2016.01.09-00.10.19:480][  0]LogInit: Branch Name: ++depot+UE4-Releases+4.10
[2016.01.09-00.10.19:480][  0]LogInit: Command line:  
[2016.01.09-00.10.19:480][  0]LogInit: Base directory: C:/Program Files/Epic Games/4.10/Engine/Binaries/Win64/
[2016.01.09-00.10.19:480][  0]LogInit: Rocket: 1
[2016.01.09-00.10.19:490][  0]LogInit: Using libcurl 7.41.0
[2016.01.09-00.10.19:490][  0]LogInit:  - built for x86_64-pc-win32
[2016.01.09-00.10.19:490][  0]LogInit:  - supports SSL with WinSSL
[2016.01.09-00.10.19:490][  0]LogInit:  - other features:
[2016.01.09-00.10.19:490][  0]LogInit:      CURL_VERSION_SSL
[2016.01.09-00.10.19:490][  0]LogInit:      CURL_VERSION_IPV6
[2016.01.09-00.10.19:490][  0]LogInit:      CURL_VERSION_ASYNCHDNS
[2016.01.09-00.10.19:490][  0]LogInit:      CURL_VERSION_LARGEFILE
[2016.01.09-00.10.19:490][  0]LogInit:      CURL_VERSION_IDN
[2016.01.09-00.10.19:490][  0]LogInit:  CurlRequestOptions (configurable via config and command line):
[2016.01.09-00.10.19:490][  0]LogInit:  - bVerifyPeer = true  - Libcurl will verify peer certificate
[2016.01.09-00.10.19:490][  0]LogInit:  - bUseHttpProxy = false  - Libcurl will NOT use HTTP proxy
[2016.01.09-00.10.19:490][  0]LogInit:  - bDontReuseConnections = false  - Libcurl will reuse connections
[2016.01.09-00.10.19:490][  0]LogInit:  - CertBundlePath = nullptr  - Libcurl will use whatever was configured at build time.
[2016.01.09-00.10.19:497][  0]LogInit: Presizing for 0 objects not considered by GC, pre-allocating 0 bytes.
[2016.01.09-00.10.19:504][  0]LogInit: Object subsystem initialized
[2016.01.09-00.10.19:505][  0]LogInit: Selected Device Profile: [Windows]
[2016.01.09-00.10.19:505][  0]LogInit: Applying CVar settings loaded from the selected device profile: [Windows]
[2016.01.09-00.10.19:553][  0]LogInit: Computer: MATT-PC
[2016.01.09-00.10.19:553][  0]LogInit: User: Matt
[2016.01.09-00.10.19:553][  0]LogInit: CPU Page size=4096, Cores=4
[2016.01.09-00.10.19:553][  0]LogInit: High frequency timer resolution =3.020546 MHz
[2016.01.09-00.10.19:553][  0]LogMemory: Memory total: Physical=7.9GB (8GB approx)
[2016.01.09-00.10.19:553][  0]LogMemory: Platform Memory Stats for Windows
[2016.01.09-00.10.19:553][  0]LogMemory: Process Physical Memory: 59.17 MB used, 59.17 MB peak
[2016.01.09-00.10.19:553][  0]LogMemory: Process Virtual Memory: 59.52 MB used, 59.52 MB peak
[2016.01.09-00.10.19:553][  0]LogMemory: Physical Memory: 3917.76 MB used, 8109.12 MB total
[2016.01.09-00.10.19:553][  0]LogMemory: Virtual Memory: 353.25 MB used, 8388608.00 MB total
[2016.01.09-00.10.19:638][  0]LogTextLocalizationManager: No specific translations for ('en-US') exist, so ('en') translations will be used.
[2016.01.09-00.10.20:221][  0]LogD3D11RHI: Found D3D11 adapter 0: AMD Radeon HD 7800 Series (Feature Level 11_0)
[2016.01.09-00.10.20:221][  0]LogD3D11RHI: Adapter has 2029MB of dedicated video memory, 0MB of dedicated system memory, and 3798MB of shared system memory, 1 output[s]
[2016.01.09-00.10.20:226][  0]LogD3D11RHI: Found D3D11 adapter 1: Intel(R) HD Graphics (Feature Level 11_0)
[2016.01.09-00.10.20:226][  0]LogD3D11RHI: Adapter has 64MB of dedicated video memory, 0MB of dedicated system memory, and 1632MB of shared system memory, 0 output[s]
[2016.01.09-00.10.20:226][  0]LogD3D11RHI: Chosen D3D11 Adapter Id = 0
[2016.01.09-00.10.20:231][  0]LogD3D11RHI: !Direct3DDevice
[2016.01.09-00.10.20:231][  0]LogRHI: Texture pool is 1361 MB (70% of 1945 MB)
[2016.01.09-00.10.20:235][  0]LogD3D11RHI: Async texture creation disabled: no driver support
[2016.01.09-00.10.20:243][  0]LogShaderCompilers: Guid format shader working directory is -28 characters bigger than the processId version (../../../../../../Users/Matt/Documents/GitHub/P3NGUIN/P3NGUIN/MyProject19/Intermediate/Shaders/WorkingDirectory/8148/).
[2016.01.09-00.10.20:244][  0]LogShaderCompilers: Cleaned the shader compiler working directory 'C:/Users/Matt/AppData/Local/Temp/UnrealShaderWorkingDir/BF9FC6524FF12D64C18DB0A365D4C10E/'.
[2016.01.09-00.10.20:244][  0]LogShaderCompilers:Display: Using Local Shader Compiler.
[2016.01.09-00.10.25:848][  0]LogTemp:Display: Loaded TP AllDesktopTargetPlatform
[2016.01.09-00.10.25:854][  0]LogTemp:Display: Loaded TP WindowsClientTargetPlatform
[2016.01.09-00.10.25:859][  0]LogTemp:Display: Loaded TP WindowsNoEditorTargetPlatform
[2016.01.09-00.10.25:865][  0]LogTemp:Display: Loaded TP WindowsServerTargetPlatform
[2016.01.09-00.10.25:870][  0]LogTemp:Display: Loaded TP WindowsTargetPlatform
[2016.01.09-00.10.25:874][  0]LogTemp:Display: Loaded TP AndroidTargetPlatform
[2016.01.09-00.10.25:878][  0]LogTemp:Display: Loaded TP Android_ASTCTargetPlatform
[2016.01.09-00.10.25:882][  0]LogTemp:Display: Loaded TP Android_ATCTargetPlatform
[2016.01.09-00.10.25:886][  0]LogTemp:Display: Loaded TP Android_DXTTargetPlatform
[2016.01.09-00.10.25:890][  0]LogTemp:Display: Loaded TP Android_ETC1TargetPlatform
[2016.01.09-00.10.25:894][  0]LogTemp:Display: Loaded TP Android_ETC2TargetPlatform
[2016.01.09-00.10.25:902][  0]LogTemp:Display: Loaded TP Android_MultiTargetPlatform
[2016.01.09-00.10.25:902][  0]LogTemp:Display: Loaded TP Android_PVRTCTargetPlatform
[2016.01.09-00.10.25:903][  0]LogTemp:Display: Loaded TP HTML5TargetPlatform
[2016.01.09-00.10.25:971][  0]LogTemp:Display: Loaded TP IOSTargetPlatform
[2016.01.09-00.10.25:974][  0]LogTemp:Display: Loaded TP LinuxNoEditorTargetPlatform
[2016.01.09-00.10.25:977][  0]LogTemp:Display: Loaded TP LinuxServerTargetPlatform
[2016.01.09-00.10.25:994][  0]LogTemp:Display: Loaded TP LinuxTargetPlatform
[2016.01.09-00.10.25:994][  0]LogTargetPlatformManager:Display: Building Assets For Windows
[2016.01.09-00.10.26:278][  0]LogDerivedDataCache:Display: Max Cache Size: 512 MB
[2016.01.09-00.10.27:689][  0]LogDerivedDataCache: Loaded boot cache 1.41s 41MB C:/Users/Matt/AppData/Local/UnrealEngine/4.10/DerivedDataCache/Boot.ddc.
[2016.01.09-00.10.27:689][  0]LogDerivedDataCache:Display: Loaded Boot cache: C:/Users/Matt/AppData/Local/UnrealEngine/4.10/DerivedDataCache/Boot.ddc
[2016.01.09-00.10.27:689][  0]LogDerivedDataCache: FDerivedDataBackendGraph:  Pak pak cache file ../../../../../../Users/Matt/Documents/GitHub/P3NGUIN/P3NGUIN/MyProject19/DerivedDataCache/DDC.ddp not found, will not use a pak cache.
[2016.01.09-00.10.27:689][  0]LogDerivedDataCache: Unable to find inner node Pak for hierarchical cache Hierarchy.
[2016.01.09-00.10.27:689][  0]LogDerivedDataCache: FDerivedDataBackendGraph:  CompressedPak pak cache file ../../../../../../Users/Matt/Documents/GitHub/P3NGUIN/P3NGUIN/MyProject19/DerivedDataCache/Compressed.ddp not found, will not use a pak cache.
[2016.01.09-00.10.27:689][  0]LogDerivedDataCache: Unable to find inner node CompressedPak for hierarchical cache Hierarchy.
[2016.01.09-00.10.27:813][  0]LogDerivedDataCache:Display: Pak cache opened for reading ../../../Engine/DerivedDataCache/Compressed.ddp.
[2016.01.09-00.10.27:825][  0]LogDerivedDataCache: Using Local data cache path C:/Users/Matt/AppData/Local/UnrealEngine/Common/DerivedDataCache: Writable
[2016.01.09-00.10.33:073][  0]LogInit: Selected Device Profile: [Windows]
[2016.01.09-00.10.33:074][  0]LogContentStreaming: Texture pool size is 0.000000MB
[2016.01.09-00.10.33:122][  0]LogMeshUtilities: No automatic mesh reduction module available
[2016.01.09-00.10.33:122][  0]LogMeshUtilities: No automatic mesh merging module available
[2016.01.09-00.10.33:832][  0]LogInit: WinSock: version 1.1 (2.2), MaxSocks=32767, MaxUdp=65467
[2016.01.09-00.11.28:066][  0]UdpMessaging: Initializing bridge on interface 0.0.0.0:0 to multicast group 230.0.0.1:6666.
[2016.01.09-00.11.28:659][  0]LogAssetRegistry: FAssetRegistry took 0.0099 seconds to start up
[2016.01.09-00.11.28:901][  0]SourceControl: Info Source control is disabled
[2016.01.09-00.11.28:903][  0]SourceControl: Info Source control is disabled
[2016.01.09-00.11.28:927][  0]SourceControl: Info Source control is disabled
[2016.01.09-00.11.29:185][  0]SourceControl: Info Source control is disabled
[2016.01.09-00.11.31:706][  0]LogObj: 28633 objects as part of root set at end of initial load.
[2016.01.09-00.11.31:706][  0]LogUObjectAllocator: 6099752 out of 0 bytes used by permanent object pool.
[2016.01.09-00.11.31:867][  0]LogEngine: Initializing Engine...
[2016.01.09-00.11.31:878][  0]LogHMD: Can't find Oculus library dev build: is proper Runtime installed? Version: 0.8.0.0
[2016.01.09-00.11.32:085][  0]LogHMD: SteamVR failed to initialize.  Err: 110
[2016.01.09-00.11.32:218][  0]LogAIModule: Creating AISystem for world NewWorld
[2016.01.09-00.11.32:227][  0]LogInit: XAudio2 using 'Speakers (Realtek High Definition Audio)' : 2 channels at 48 kHz using 32 bits per sample (channel mask 0x3)
[2016.01.09-00.11.32:315][  0]LogInit: FAudioDevice initialized.
[2016.01.09-00.11.32:450][  0]LogDerivedDataCache: Saved boot cache 0.13s 41MB C:/Users/Matt/AppData/Local/UnrealEngine/4.10/DerivedDataCache/Boot.ddc.
[2016.01.09-00.11.32:453][  0]LogInit: Texture streaming: Enabled
[2016.01.09-00.11.32:459][  0]LogAnalytics: Creating configured Analytics provider AnalyticsET
[2016.01.09-00.11.32:459][  0]LogAnalytics: [UEEditor.Rocket.Release] APIServer = http://et2.epicgames.com/ET2/. AppVersion = 4.10.1-2791327+++depot+UE4-Releases+4.10
[2016.01.09-00.11.32:459][  0]LogAnalytics: [UEEditor.Rocket.Release] SetUserId de43219841e5038bf49fbfa481591ee0|4e461f00ab6f49d29405414d884919d6|9448dfb4-8168-4a85-8046-6b7a073564d8
[2016.01.09-00.11.32:459][  0]LogAnalytics: [UEEditor.Rocket.Release] AnalyticsET::StartSession
[2016.01.09-00.11.32:560][  0]LogInit: Transaction tracking system initialized
[2016.01.09-00.11.32:616][  0]BlueprintLog: New page: Editor Load
[2016.01.09-00.11.33:096][  0]LocalizationService: Info Localization service is disabled
[2016.01.09-00.11.34:998][  0]LogConsoleResponse:Display: 
[2016.01.09-00.11.37:891][  0]LogCook:Display: Done creating registry. It took  0.00s.
[2016.01.09-00.11.38:700][  0]LogFileCache: Scanning file cache for directory 'C:/Users/Matt/Documents/GitHub/P3NGUIN/P3NGUIN/MyProject19/Content/' took 0.02s
[2016.01.09-00.11.38:700][  0]SourceControl: Info Source control is disabled
[2016.01.09-00.11.38:700][  0]Cmd: MAP LOAD FILE="../../../../../../Users/Matt/Documents/GitHub/P3NGUIN/P3NGUIN/MyProject19/Content/Maps/ThirdPersonExampleMap.umap" TEMPLATE=0 SHOWPROGRESS=1 FEATURELEVEL=3
[2016.01.09-00.11.38:794][  0]LightingResults: New page: Lighting Build
[2016.01.09-00.11.38:799][  0]MapCheck: New page: Map Check
[2016.01.09-00.11.38:799][  0]LightingResults: New page: Lighting Build
[2016.01.09-00.11.38:809][  0]LogParticles: Destroying 0 GPU particle simulations for FXSystem 0x00000000211AE160
[2016.01.09-00.11.39:085][  0]LogLinker:Warning: Asset '../../../../../../Users/Matt/Documents/GitHub/P3NGUIN/P3NGUIN/MyProject19/Content/Mannequin/Animations/ThirdPerson_AnimBP.uasset' has been saved with empty engine version. The asset will be loaded but may be incompatible.
[2016.01.09-00.11.39:173][  0]LogLinker:Warning: Asset '../../../../../../Users/Matt/Documents/GitHub/P3NGUIN/P3NGUIN/MyProject19/Content/Mannequin/Animations/ThirdPerson_Jump.uasset' has been saved with empty engine version. The asset will be loaded but may be incompatible.
[2016.01.09-00.11.39:175][  0]LogLinker:Warning: Asset '../../../../../../Users/Matt/Documents/GitHub/P3NGUIN/P3NGUIN/MyProject19/Content/Mannequin/Animations/ThirdPersonJump_Loop.uasset' has been saved with empty engine version. The asset will be loaded but may be incompatible.
[2016.01.09-00.11.39:176][  0]LogLinker:Warning: Asset '../../../../../../Users/Matt/Documents/GitHub/P3NGUIN/P3NGUIN/MyProject19/Content/Mannequin/Animations/ThirdPersonJump_Start.uasset' has been saved with empty engine version. The asset will be loaded but may be incompatible.
[2016.01.09-00.11.39:177][  0]LogLinker:Warning: Asset '../../../../../../Users/Matt/Documents/GitHub/P3NGUIN/P3NGUIN/MyProject19/Content/Mannequin/Animations/ThirdPerson_IdleRun_2D.uasset' has been saved with empty engine version. The asset will be loaded but may be incompatible.
[2016.01.09-00.11.39:177][  0]LogLinker:Warning: Asset '../../../../../../Users/Matt/Documents/GitHub/P3NGUIN/P3NGUIN/MyProject19/Content/Mannequin/Animations/ThirdPersonIdle.uasset' has been saved with empty engine version. The asset will be loaded but may be incompatible.
[2016.01.09-00.11.39:229][  0]LogLinker:Warning: Asset '../../../../../../Users/Matt/Documents/GitHub/P3NGUIN/P3NGUIN/MyProject19/Content/Mannequin/Animations/ThirdPersonRun.uasset' has been saved with empty engine version. The asset will be loaded but may be incompatible.
[2016.01.09-00.11.39:230][  0]LogLinker:Warning: Asset '../../../../../../Users/Matt/Documents/GitHub/P3NGUIN/P3NGUIN/MyProject19/Content/Mannequin/Animations/ThirdPersonWalk.uasset' has been saved with empty engine version. The asset will be loaded but may be incompatible.
[2016.01.09-00.11.41:053][  0]LogBlueprint:Warning: [compiler BasicKnife] Warning  Make HitResult  has no property tagged as BlueprintReadWrite. The node will be removed in a future release.
[2016.01.09-00.11.41:057][  0]LogBlueprint:Warning: [compiler BasicKnife] Warning [0082.37] Compile of BasicKnife successful, but with 1 Warning(s) [in 22 ms]
[2016.01.09-00.11.41:058][  0]LogBlueprint:Warning: [compiler BasicKnife] Warning [0082.37] Compile of BasicKnife successful, but with 2 Warning(s) [in 0 ms]
[2016.01.09-00.11.41:058][  0]LogBlueprint:Warning: [compiler BasicKnife] Warning [0082.37] Compile of BasicKnife successful, but with 3 Warning(s) [in 0 ms]
[2016.01.09-00.11.42:375][  0]LogBlueprint:Warning: [compiler ThirdPersonCharacter] Warning 'AbilitiesMenu' is already a 'Ability Menu', you don't need  Cast To AbilityMenu .
[2016.01.09-00.11.42:378][  0]LogBlueprint:Warning: [compiler ThirdPersonCharacter] Warning 'PointerClass' is already a 'Pointer', you don't need  Cast To Pointer .
[2016.01.09-00.11.42:379][  0]LogBlueprint:Warning: [compiler ThirdPersonCharacter] Warning No value will be returned by reference. Parameter 'EndTime'. Node:  (none) 
[2016.01.09-00.11.42:391][  0]LogBlueprint:Warning: [compiler ThirdPersonCharacter] Warning 'SecondPointer' is already a 'Pointer 2', you don't need  Cast To Pointer2 .
[2016.01.09-00.11.42:411][  0]LogBlueprint:Warning: [compiler ThirdPersonCharacter] Warning [0083.73] Compile of ThirdPersonCharacter successful, but with 4 Warning(s) [in 120 ms]
[2016.01.09-00.11.42:411][  0]LogBlueprint:Warning: [compiler ThirdPersonCharacter] Warning [0083.73] Compile of ThirdPersonCharacter successful, but with 5 Warning(s) [in 0 ms]
[2016.01.09-00.11.42:411][  0]LogBlueprint:Warning: [compiler ThirdPersonCharacter] Warning [0083.73] Compile of ThirdPersonCharacter successful, but with 6 Warning(s) [in 0 ms]
[2016.01.09-00.11.42:442][  0]LogBlueprint:Warning: [compiler TimeMeter] Warning 'ReturnValue' is already a 'Knife Represent', you don't need  Cast To KnifeRepresent .
[2016.01.09-00.11.42:446][  0]LogBlueprint:Warning: [compiler TimeMeter] Warning [0083.76] Compile of TimeMeter successful, but with 1 Warning(s) [in 15 ms]
[2016.01.09-00.11.42:448][  0]LogBlueprint:Warning: [compiler TimeMeter] Warning [0083.76] Compile of TimeMeter successful, but with 2 Warning(s) [in 1 ms]
[2016.01.09-00.11.42:448][  0]LogBlueprint:Warning: [compiler TimeMeter] Warning [0083.76] Compile of TimeMeter successful, but with 3 Warning(s) [in 0 ms]
[2016.01.09-00.11.42:496][  0]LogBlueprint:Warning: [compiler AbilityMenu] Warning 'ReturnValue' is already a 'Listed Item', you don't need  Cast To ListedItem .
[2016.01.09-00.11.42:497][  0]LogBlueprint:Warning: [compiler AbilityMenu] Warning 'ReturnValue' is already a 'Listed Item', you don't need  Cast To ListedItem .
[2016.01.09-00.11.42:500][  0]LogBlueprint:Warning: [compiler AbilityMenu] Warning [0083.82] Compile of AbilityMenu successful, but with 2 Warning(s) [in 27 ms]
[2016.01.09-00.11.42:502][  0]LogBlueprint:Warning: [compiler AbilityMenu] Warning [0083.82] Compile of AbilityMenu successful, but with 3 Warning(s) [in 1 ms]
[2016.01.09-00.11.42:502][  0]LogBlueprint:Warning: [compiler AbilityMenu] Warning [0083.82] Compile of AbilityMenu successful, but with 4 Warning(s) [in 0 ms]
[2016.01.09-00.11.42:539][  0]LogBlueprint:Warning: [compiler FreeMovementLocator] Warning 'Third Person Character 2D' does not inherit from 'Player Controller' ( Cast To ThirdPersonCharacter2D  would always fail).
[2016.01.09-00.11.42:540][  0]LogBlueprint:Warning: [compiler FreeMovementLocator] Warning [0083.86] Compile of FreeMovementLocator successful, but with 1 Warning(s) [in 2 ms]
[2016.01.09-00.11.42:540][  0]LogBlueprint:Warning: [compiler FreeMovementLocator] Warning [0083.86] Compile of FreeMovementLocator successful, but with 2 Warning(s) [in 0 ms]
[2016.01.09-00.11.42:540][  0]LogBlueprint:Warning: [compiler FreeMovementLocator] Warning [0083.86] Compile of FreeMovementLocator successful, but with 3 Warning(s) [in 0 ms]
[2016.01.09-00.11.43:181][  0]LogBlueprint:Warning: [compiler ThirdPersonCharacter2D] Warning No value will be returned by reference. Parameter 'EndTime'. Node:  (none) 
[2016.01.09-00.11.43:198][  0]LogBlueprint:Warning: [compiler ThirdPersonCharacter2D] Warning 'AbilitiesMenu' is already a 'Ability Menu', you don't need  Cast To AbilityMenu .
[2016.01.09-00.11.43:198][  0]LogBlueprint:Warning: [compiler ThirdPersonCharacter2D] Warning 'ReturnValue' is already a 'Knife', you don't need  Cast To Knife .
[2016.01.09-00.11.43:207][  0]LogBlueprint:Warning: [compiler ThirdPersonCharacter2D] Warning 'SecondPointer' is already a 'Pointer 2', you don't need  Cast To Pointer2 .
[2016.01.09-00.11.43:290][  0]LogBlueprint:Warning: [compiler ThirdPersonCharacter2D] Warning [0084.61] Compile of ThirdPersonCharacter2D successful, but with 4 Warning(s) [in 207 ms]
[2016.01.09-00.11.43:292][  0]LogBlueprint:Warning: [compiler ThirdPersonCharacter2D] Warning [0084.61] Compile of ThirdPersonCharacter2D successful, but with 5 Warning(s) [in 0 ms]
[2016.01.09-00.11.43:292][  0]LogBlueprint:Warning: [compiler ThirdPersonCharacter2D] Warning [0084.61] Compile of ThirdPersonCharacter2D successful, but with 6 Warning(s) [in 0 ms]
[2016.01.09-00.11.43:296][  0]LogBlueprint:Warning: [compiler FreeMovementLocator] Warning 'Third Person Character 2D' does not inherit from 'Player Controller' ( Cast To ThirdPersonCharacter2D  would always fail).
[2016.01.09-00.11.43:297][  0]LogBlueprint:Warning: [compiler FreeMovementLocator] Warning [0084.61] Compile of FreeMovementLocator successful, but with 1 Warning(s) [in 2 ms]
[2016.01.09-00.11.43:297][  0]LogBlueprint:Warning: [compiler FreeMovementLocator] Warning [0084.61] Compile of FreeMovementLocator successful, but with 2 Warning(s) [in 0 ms]
[2016.01.09-00.11.43:302][  0]LogBlueprint:Warning: [compiler FreeMovementLocator] Warning [0084.62] Compile of FreeMovementLocator successful, but with 3 Warning(s) [in 3 ms]
[2016.01.09-00.11.43:370][  0]LogBlueprint:Warning: [compiler BasicKnife] Warning  Make HitResult  has no property tagged as BlueprintReadWrite. The node will be removed in a future release.
[2016.01.09-00.11.43:375][  0]LogBlueprint:Warning: [compiler BasicKnife] Warning [0084.69] Compile of BasicKnife successful, but with 1 Warning(s) [in 21 ms]
[2016.01.09-00.11.43:375][  0]LogBlueprint:Warning: [compiler BasicKnife] Warning [0084.69] Compile of BasicKnife successful, but with 2 Warning(s) [in 0 ms]
[2016.01.09-00.11.43:379][  0]LogBlueprint:Warning: [compiler BasicKnife] Warning [0084.70] Compile of BasicKnife successful, but with 3 Warning(s) [in 4 ms]
[2016.01.09-00.11.43:408][  0]LogBlueprint:Warning: [compiler AbilityMenu] Warning 'ReturnValue' is already a 'Listed Item', you don't need  Cast To ListedItem .
[2016.01.09-00.11.43:409][  0]LogBlueprint:Warning: [compiler AbilityMenu] Warning 'ReturnValue' is already a 'Listed Item', you don't need  Cast To ListedItem .
[2016.01.09-00.11.43:412][  0]LogBlueprint:Warning: [compiler AbilityMenu] Warning [0084.73] Compile of AbilityMenu successful, but with 2 Warning(s) [in 26 ms]
[2016.01.09-00.11.43:412][  0]LogBlueprint:Warning: [compiler AbilityMenu] Warning [0084.73] Compile of AbilityMenu successful, but with 3 Warning(s) [in 0 ms]
[2016.01.09-00.11.43:418][  0]LogBlueprint:Warning: [compiler AbilityMenu] Warning [0084.74] Compile of AbilityMenu successful, but with 4 Warning(s) [in 5 ms]
[2016.01.09-00.11.43:451][  0]LogBlueprint:Warning: [compiler TimeMeter] Warning 'ReturnValue' is already a 'Knife Represent', you don't need  Cast To KnifeRepresent .
[2016.01.09-00.11.43:454][  0]LogBlueprint:Warning: [compiler TimeMeter] Warning [0084.77] Compile of TimeMeter successful, but with 1 Warning(s) [in 15 ms]
[2016.01.09-00.11.43:454][  0]LogBlueprint:Warning: [compiler TimeMeter] Warning [0084.77] Compile of TimeMeter successful, but with 2 Warning(s) [in 0 ms]
[2016.01.09-00.11.43:460][  0]LogBlueprint:Warning: [compiler TimeMeter] Warning [0084.78] Compile of TimeMeter successful, but with 3 Warning(s) [in 5 ms]
[2016.01.09-00.11.43:554][  0]LogBlueprint:Warning: [compiler ThirdPersonCharacter] Warning 'AbilitiesMenu' is already a 'Ability Menu', you don't need  Cast To AbilityMenu .
[2016.01.09-00.11.43:557][  0]LogBlueprint:Warning: [compiler ThirdPersonCharacter] Warning 'PointerClass' is already a 'Pointer', you don't need  Cast To Pointer .
[2016.01.09-00.11.43:558][  0]LogBlueprint:Warning: [compiler ThirdPersonCharacter] Warning No value will be returned by reference. Parameter 'EndTime'. Node:  (none) 
[2016.01.09-00.11.43:570][  0]LogBlueprint:Warning: [compiler ThirdPersonCharacter] Warning 'SecondPointer' is already a 'Pointer 2', you don't need  Cast To Pointer2 .
[2016.01.09-00.11.43:589][  0]LogBlueprint:Warning: [compiler ThirdPersonCharacter] Warning [0084.91] Compile of ThirdPersonCharacter successful, but with 4 Warning(s) [in 109 ms]
[2016.01.09-00.11.43:589][  0]LogBlueprint:Warning: [compiler ThirdPersonCharacter] Warning [0084.91] Compile of ThirdPersonCharacter successful, but with 5 Warning(s) [in 0 ms]
[2016.01.09-00.11.43:589][  0]LogBlueprint:Warning: [compiler ThirdPersonCharacter] Warning [0084.91] Compile of ThirdPersonCharacter successful, but with 6 Warning(s) [in 0 ms]
[2016.01.09-00.11.43:732][  0]LogBlueprint:Warning: [compiler ThirdPersonCharacter2D] Warning No value will be returned by reference. Parameter 'EndTime'. Node:  (none) 
[2016.01.09-00.11.43:749][  0]LogBlueprint:Warning: [compiler ThirdPersonCharacter2D] Warning 'AbilitiesMenu' is already a 'Ability Menu', you don't need  Cast To AbilityMenu .
[2016.01.09-00.11.43:749][  0]LogBlueprint:Warning: [compiler ThirdPersonCharacter2D] Warning 'ReturnValue' is already a 'Knife', you don't need  Cast To Knife .
[2016.01.09-00.11.43:757][  0]LogBlueprint:Warning: [compiler ThirdPersonCharacter2D] Warning 'SecondPointer' is already a 'Pointer 2', you don't need  Cast To Pointer2 .
[2016.01.09-00.11.43:843][  0]LogBlueprint:Warning: [compiler ThirdPersonCharacter2D] Warning [0085.16] Compile of ThirdPersonCharacter2D successful, but with 4 Warning(s) [in 204 ms]
[2016.01.09-00.11.43:843][  0]LogBlueprint:Warning: [compiler ThirdPersonCharacter2D] Warning [0085.16] Compile of ThirdPersonCharacter2D successful, but with 5 Warning(s) [in 0 ms]
[2016.01.09-00.11.43:844][  0]LogBlueprint:Warning: [compiler ThirdPersonCharacter2D] Warning [0085.16] Compile of ThirdPersonCharacter2D successful, but with 6 Warning(s) [in 0 ms]
[2016.01