[2015.12.25-21.54.29:807][  0]Log file open, 12/25/15 13:54:29
[2015.12.25-21.54.29:807][  0]LogInit:Display: Running engine for game: MyProject19
[2015.12.25-21.54.29:807][  0]LogPlatformFile: Not using cached read wrapper
[2015.12.25-21.54.29:807][  0]LogInit:Display: RandInit(-2009390896) SRandInit(-2009390894).
[2015.12.25-21.54.29:807][  0]LogTaskGraph: Started task graph with 4 named threads and 7 total threads.
[2015.12.25-21.54.29:807][  0]LogStats: Stats thread started at 0.086590
[2015.12.25-21.54.29:807][  0]LogInit: Version: 4.10.1-2791327+++depot+UE4-Releases+4.10
[2015.12.25-21.54.29:807][  0]LogInit: API Version: 2758231
[2015.12.25-21.54.29:807][  0]LogInit: Compiled (64-bit): Dec  4 2015 19:44:40
[2015.12.25-21.54.29:807][  0]LogInit: Compiled with Visual C++: 19.00.23026.00
[2015.12.25-21.54.29:807][  0]LogInit: Build Configuration: Development
[2015.12.25-21.54.29:807][  0]LogInit: Branch Name: ++depot+UE4-Releases+4.10
[2015.12.25-21.54.29:807][  0]LogInit: Command line:  
[2015.12.25-21.54.29:807][  0]LogInit: Base directory: C:/Program Files/Epic Games/4.10/Engine/Binaries/Win64/
[2015.12.25-21.54.29:807][  0]LogInit: Rocket: 1
[2015.12.25-21.54.29:818][  0]LogInit: Using libcurl 7.41.0
[2015.12.25-21.54.29:818][  0]LogInit:  - built for x86_64-pc-win32
[2015.12.25-21.54.29:818][  0]LogInit:  - supports SSL with WinSSL
[2015.12.25-21.54.29:818][  0]LogInit:  - other features:
[2015.12.25-21.54.29:818][  0]LogInit:      CURL_VERSION_SSL
[2015.12.25-21.54.29:818][  0]LogInit:      CURL_VERSION_IPV6
[2015.12.25-21.54.29:818][  0]LogInit:      CURL_VERSION_ASYNCHDNS
[2015.12.25-21.54.29:818][  0]LogInit:      CURL_VERSION_LARGEFILE
[2015.12.25-21.54.29:818][  0]LogInit:      CURL_VERSION_IDN
[2015.12.25-21.54.29:818][  0]LogInit:  CurlRequestOptions (configurable via config and command line):
[2015.12.25-21.54.29:818][  0]LogInit:  - bVerifyPeer = true  - Libcurl will verify peer certificate
[2015.12.25-21.54.29:818][  0]LogInit:  - bUseHttpProxy = false  - Libcurl will NOT use HTTP proxy
[2015.12.25-21.54.29:818][  0]LogInit:  - bDontReuseConnections = false  - Libcurl will reuse connections
[2015.12.25-21.54.29:818][  0]LogInit:  - CertBundlePath = nullptr  - Libcurl will use whatever was configured at build time.
[2015.12.25-21.54.29:827][  0]LogInit: Presizing for 0 objects not considered by GC, pre-allocating 0 bytes.
[2015.12.25-21.54.29:835][  0]LogInit: Object subsystem initialized
[2015.12.25-21.54.29:837][  0]LogInit: Selected Device Profile: [Windows]
[2015.12.25-21.54.29:837][  0]LogInit: Applying CVar settings loaded from the selected device profile: [Windows]
[2015.12.25-21.54.29:847][  0]LogInit: Computer: MATT-PC
[2015.12.25-21.54.29:847][  0]LogInit: User: Matt
[2015.12.25-21.54.29:847][  0]LogInit: CPU Page size=4096, Cores=4
[2015.12.25-21.54.29:847][  0]LogInit: High frequency timer resolution =3.020527 MHz
[2015.12.25-21.54.29:847][  0]LogMemory: Memory total: Physical=7.9GB (8GB approx)
[2015.12.25-21.54.29:847][  0]LogMemory: Platform Memory Stats for Windows
[2015.12.25-21.54.29:847][  0]LogMemory: Process Physical Memory: 60.25 MB used, 60.25 MB peak
[2015.12.25-21.54.29:847][  0]LogMemory: Process Virtual Memory: 60.54 MB used, 60.54 MB peak
[2015.12.25-21.54.29:847][  0]LogMemory: Physical Memory: 3539.91 MB used, 8109.12 MB total
[2015.12.25-21.54.29:847][  0]LogMemory: Virtual Memory: 354.21 MB used, 8388608.00 MB total
[2015.12.25-21.54.29:922][  0]LogTextLocalizationManager: No specific translations for ('en-US') exist, so ('en') translations will be used.
[2015.12.25-21.54.30:363][  0]LogD3D11RHI: Found D3D11 adapter 0: AMD Radeon HD 7800 Series (Feature Level 11_0)
[2015.12.25-21.54.30:363][  0]LogD3D11RHI: Adapter has 2029MB of dedicated video memory, 0MB of dedicated system memory, and 3798MB of shared system memory, 1 output[s]
[2015.12.25-21.54.30:367][  0]LogD3D11RHI: Found D3D11 adapter 1: Intel(R) HD Graphics (Feature Level 11_0)
[2015.12.25-21.54.30:367][  0]LogD3D11RHI: Adapter has 64MB of dedicated video memory, 0MB of dedicated system memory, and 1632MB of shared system memory, 0 output[s]
[2015.12.25-21.54.30:367][  0]LogD3D11RHI: Chosen D3D11 Adapter Id = 0
[2015.12.25-21.54.30:374][  0]LogD3D11RHI: !Direct3DDevice
[2015.12.25-21.54.30:375][  0]LogRHI: Texture pool is 1361 MB (70% of 1945 MB)
[2015.12.25-21.54.30:379][  0]LogD3D11RHI: Async texture creation disabled: no driver support
[2015.12.25-21.54.30:388][  0]LogShaderCompilers: Guid format shader working directory is -28 characters bigger than the processId version (../../../../../../Users/Matt/Documents/GitHub/P3NGUIN/P3NGUIN/MyProject19/Intermediate/Shaders/WorkingDirectory/3292/).
[2015.12.25-21.54.30:388][  0]LogShaderCompilers: Cleaned the shader compiler working directory 'C:/Users/Matt/AppData/Local/Temp/UnrealShaderWorkingDir/BD545A974479212656E3B182E713EC5F/'.
[2015.12.25-21.54.30:388][  0]LogShaderCompilers:Display: Using Local Shader Compiler.
[2015.12.25-21.54.31:540][  0]LogTemp:Display: Loaded TP AllDesktopTargetPlatform
[2015.12.25-21.54.31:546][  0]LogTemp:Display: Loaded TP WindowsClientTargetPlatform
[2015.12.25-21.54.31:551][  0]LogTemp:Display: Loaded TP WindowsNoEditorTargetPlatform
[2015.12.25-21.54.31:557][  0]LogTemp:Display: Loaded TP WindowsServerTargetPlatform
[2015.12.25-21.54.31:563][  0]LogTemp:Display: Loaded TP WindowsTargetPlatform
[2015.12.25-21.54.31:567][  0]LogTemp:Display: Loaded TP AndroidTargetPlatform
[2015.12.25-21.54.31:571][  0]LogTemp:Display: Loaded TP Android_ASTCTargetPlatform
[2015.12.25-21.54.31:575][  0]LogTemp:Display: Loaded TP Android_ATCTargetPlatform
[2015.12.25-21.54.31:579][  0]LogTemp:Display: Loaded TP Android_DXTTargetPlatform
[2015.12.25-21.54.31:582][  0]LogTemp:Display: Loaded TP Android_ETC1TargetPlatform
[2015.12.25-21.54.31:586][  0]LogTemp:Display: Loaded TP Android_ETC2TargetPlatform
[2015.12.25-21.54.31:596][  0]LogTemp:Display: Loaded TP Android_MultiTargetPlatform
[2015.12.25-21.54.31:596][  0]LogTemp:Display: Loaded TP Android_PVRTCTargetPlatform
[2015.12.25-21.54.31:597][  0]LogTemp:Display: Loaded TP HTML5TargetPlatform
[2015.12.25-21.54.31:615][  0]LogTemp:Display: Loaded TP IOSTargetPlatform
[2015.12.25-21.54.31:618][  0]LogTemp:Display: Loaded TP LinuxNoEditorTargetPlatform
[2015.12.25-21.54.31:622][  0]LogTemp:Display: Loaded TP LinuxServerTargetPlatform
[2015.12.25-21.54.31:626][  0]LogTemp:Display: Loaded TP LinuxTargetPlatform
[2015.12.25-21.54.31:626][  0]LogTargetPlatformManager:Display: Building Assets For Windows
[2015.12.25-21.54.31:763][  0]LogDerivedDataCache:Display: Max Cache Size: 512 MB
[2015.12.25-21.54.31:805][  0]LogDerivedDataCache: Loaded boot cache 0.04s 41MB C:/Users/Matt/AppData/Local/UnrealEngine/4.10/DerivedDataCache/Boot.ddc.
[2015.12.25-21.54.31:806][  0]LogDerivedDataCache:Display: Loaded Boot cache: C:/Users/Matt/AppData/Local/UnrealEngine/4.10/DerivedDataCache/Boot.ddc
[2015.12.25-21.54.31:806][  0]LogDerivedDataCache: FDerivedDataBackendGraph:  Pak pak cache file ../../../../../../Users/Matt/Documents/GitHub/P3NGUIN/P3NGUIN/MyProject19/DerivedDataCache/DDC.ddp not found, will not use a pak cache.
[2015.12.25-21.54.31:806][  0]LogDerivedDataCache: Unable to find inner node Pak for hierarchical cache Hierarchy.
[2015.12.25-21.54.31:806][  0]LogDerivedDataCache: FDerivedDataBackendGraph:  CompressedPak pak cache file ../../../../../../Users/Matt/Documents/GitHub/P3NGUIN/P3NGUIN/MyProject19/DerivedDataCache/Compressed.ddp not found, will not use a pak cache.
[2015.12.25-21.54.31:806][  0]LogDerivedDataCache: Unable to find inner node CompressedPak for hierarchical cache Hierarchy.
[2015.12.25-21.54.31:867][  0]LogDerivedDataCache:Display: Pak cache opened for reading ../../../Engine/DerivedDataCache/Compressed.ddp.
[2015.12.25-21.54.31:878][  0]LogDerivedDataCache: Using Local data cache path C:/Users/Matt/AppData/Local/UnrealEngine/Common/DerivedDataCache: Writable
[2015.12.25-21.54.32:085][  0]LogInit: Selected Device Profile: [Windows]
[2015.12.25-21.54.32:087][  0]LogContentStreaming: Texture pool size is 0.000000MB
[2015.12.25-21.54.32:135][  0]LogMeshUtilities: No automatic mesh reduction module available
[2015.12.25-21.54.32:135][  0]LogMeshUtilities: No automatic mesh merging module available
[2015.12.25-21.54.32:490][  0]LogInit: WinSock: version 1.1 (2.2), MaxSocks=32767, MaxUdp=65467
[2015.12.25-21.54.33:635][  0]UdpMessaging: Initializing bridge on interface 0.0.0.0:0 to multicast group 230.0.0.1:6666.
[2015.12.25-21.54.33:751][  0]LogAssetRegistry: FAssetRegistry took 0.0099 seconds to start up
[2015.12.25-21.54.33:980][  0]SourceControl: Info Source control is disabled
[2015.12.25-21.54.33:982][  0]SourceControl: Info Source control is disabled
[2015.12.25-21.54.34:002][  0]SourceControl: Info Source control is disabled
[2015.12.25-21.54.34:021][  0]SourceControl: Info Source control is disabled
[2015.12.25-21.54.34:433][  0]LogObj: 28633 objects as part of root set at end of initial load.
[2015.12.25-21.54.34:433][  0]LogUObjectAllocator: 6099752 out of 0 bytes used by permanent object pool.
[2015.12.25-21.54.34:491][  0]LogEngine: Initializing Engine...
[2015.12.25-21.54.34:501][  0]LogHMD: Can't find Oculus library dev build: is proper Runtime installed? Version: 0.8.0.0
[2015.12.25-21.54.34:502][  0]LogHMD: SteamVR failed to initialize.  Err: 110
[2015.12.25-21.54.34:633][  0]LogAIModule: Creating AISystem for world NewWorld
[2015.12.25-21.54.34:639][  0]LogInit: XAudio2 using 'Speakers (Realtek High Definition Audio)' : 2 channels at 48 kHz using 32 bits per sample (channel mask 0x3)
[2015.12.25-21.54.34:682][  0]LogInit: FAudioDevice initialized.
[2015.12.25-21.54.34:705][  0]LogDerivedDataCache: Saved boot cache 0.02s 41MB C:/Users/Matt/AppData/Local/UnrealEngine/4.10/DerivedDataCache/Boot.ddc.
[2015.12.25-21.54.34:708][  0]LogInit: Texture streaming: Enabled
[2015.12.25-21.54.34:714][  0]LogAnalytics: Creating configured Analytics provider AnalyticsET
[2015.12.25-21.54.34:714][  0]LogAnalytics: [UEEditor.Rocket.Release] APIServer = http://et2.epicgames.com/ET2/. AppVersion = 4.10.1-2791327+++depot+UE4-Releases+4.10
[2015.12.25-21.54.34:714][  0]LogAnalytics: [UEEditor.Rocket.Release] SetUserId de43219841e5038bf49fbfa481591ee0|4e461f00ab6f49d29405414d884919d6|9448dfb4-8168-4a85-8046-6b7a073564d8
[2015.12.25-21.54.34:714][  0]LogAnalytics: [UEEditor.Rocket.Release] AnalyticsET::StartSession
[2015.12.25-21.54.34:737][  0]LogInit: Transaction tracking system initialized
[2015.12.25-21.54.34:769][  0]BlueprintLog: New page: Editor Load
[2015.12.25-21.54.34:866][  0]LocalizationService: Info Localization service is disabled
[2015.12.25-21.54.34:962][  0]LogConsoleResponse:Display: 
[2015.12.25-21.54.35:099][  0]LogCook:Display: Done creating registry. It took  0.00s.
[2015.12.25-21.54.35:181][  0]LogFileCache: Scanning file cache for directory 'C:/Users/Matt/Documents/GitHub/P3NGUIN/P3NGUIN/MyProject19/Content/' took 0.02s
[2015.12.25-21.54.35:181][  0]SourceControl: Info Source control is disabled
[2015.12.25-21.54.35:181][  0]Cmd: MAP LOAD FILE="../../../../../../Users/Matt/Documents/GitHub/P3NGUIN/P3NGUIN/MyProject19/Content/Maps/Basement_Blockout.umap" TEMPLATE=0 SHOWPROGRESS=1 FEATURELEVEL=3
[2015.12.25-21.54.35:182][  0]LightingResults: New page: Lighting Build
[2015.12.25-21.54.35:186][  0]MapCheck: New page: Map Check
[2015.12.25-21.54.35:186][  0]LightingResults: New page: Lighting Build
[2015.12.25-21.54.35:203][  0]LogParticles: Destroying 0 GPU particle simulations for FXSystem 0x0000000020D1E160
[2015.12.25-21.54.35:264][  0]LogLinker:Warning: Asset '../../../../../../Users/Matt/Documents/GitHub/P3NGUIN/P3NGUIN/MyProject19/Content/Mannequin/Animations/ThirdPerson_AnimBP.uasset' has been saved with empty engine version. The asset will be loaded but may be incompatible.
[2015.12.25-21.54.35:265][  0]LogLinker:Warning: Asset '../../../../../../Users/Matt/Documents/GitHub/P3NGUIN/P3NGUIN/MyProject19/Content/Mannequin/Animations/ThirdPerson_Jump.uasset' has been saved with empty engine version. The asset will be loaded but may be incompatible.
[2015.12.25-21.54.35:267][  0]LogLinker:Warning: Asset '../../../../../../Users/Matt/Documents/GitHub/P3NGUIN/P3NGUIN/MyProject19/Content/Mannequin/Animations/ThirdPersonJump_Loop.uasset' has been saved with empty engine version. The asset will be loaded but may be incompatible.
[2015.12.25-21.54.35:269][  0]LogLinker:Warning: Asset '../../../../../../Users/Matt/Documents/GitHub/P3NGUIN/P3NGUIN/MyProject19/Content/Mannequin/Animations/ThirdPersonJump_Start.uasset' has been saved with empty engine version. The asset will be loaded but may be incompatible.
[2015.12.25-21.54.35:270][  0]LogLinker:Warning: Asset '../../../../../../Users/Matt/Documents/GitHub/P3NGUIN/P3NGUIN/MyProject19/Content/Mannequin/Animations/ThirdPerson_IdleRun_2D.uasset' has been saved with empty engine version. The asset will be loaded but may be incompatible.
[2015.12.25-21.54.35:271][  0]LogLinker:Warning: Asset '../../../../../../Users/Matt/Documents/GitHub/P3NGUIN/P3NGUIN/MyProject19/Content/Mannequin/Animations/ThirdPersonIdle.uasset' has been saved with empty engine version. The asset will be loaded but may be incompatible.
[2015.12.25-21.54.35:272][  0]LogLinker:Warning: Asset '../../../../../../Users/Matt/Documents/GitHub/P3NGUIN/P3NGUIN/MyProject19/Content/Mannequin/Animations/ThirdPersonRun.uasset' has been saved with empty engine version. The asset will be loaded but may be incompatible.
[2015.12.25-21.54.35:274][  0]LogLinker:Warning: Asset '../../../../../../Users/Matt/Documents/GitHub/P3NGUIN/P3NGUIN/MyProject19/Content/Mannequin/Animations/ThirdPersonWalk.uasset' has been saved with empty engine version. The asset will be loaded but may be incompatible.
[2015.12.25-21.54.35:813][  0]LogAIModule: Creating AISystem for world Basement_Blockout
[2015.12.25-21.54.35:822][  0]LogEditorServer: Finished looking for orphan Actors (0.000 secs)
[2015.12.25-21.54.35:822][  0]Cmd: MAP CHECKDEP NOCLEARLOG
[2015.12.25-21.54.35:901][  0]MapCheck: Info Map check complete: 0 Error(s), 0 Warning(s), took 78.621ms to complete.
[2015.12.25-21.54.35:901][  0]LogFileHelpers: Loading map 'Basement_Blockout' took 0.720
[2015.12.25-21.54.36:006][  0]LogCollectionManager: Loaded 0 collections in 0.003212 seconds
[2015.12.25-21.54.36:046][  0]LogFileCache: Scanning file cache for directory 'C:/Users/Matt/Documents/GitHub/P3NGUIN/P3NGUIN/MyProject19/Saved/Collections/' took 0.01s
[2015.12.25-21.54.36:046][  0]LogFileCache: Scanning file cache for directory 'C:/Users/Matt/Documents/GitHub/P3NGUIN/P3NGUIN/MyProject19/Content/Developers/Matt/Collections/' took 0.01s
[2015.12.25-21.54.36:046][  0]LogFileCache: Scanning file cache for directory 'C:/Users/Matt/Documents/GitHub/P3NGUIN/P3NGUIN/MyProject19/Content/Collections/' took 0.01s
[2015.12.25-21.54.36:046][  0]LogCollectionManager: Rebuilt the GUID cache for 0 collections in 0.000002 seconds
[2015.12.25-21.54.36:054][  0]LogContentBrowser: Native class hierarchy populated in 0.0078 seconds. Added 1893 classes and 338 folders.
[2015.12.25-21.54.36:062][  0]LogContentBrowser: Native class hierarchy updated for 'WidgetCarousel' in 0.0005 seconds. Added 0 classes and 0 folders.
[2015.12.25-21.54.36:133][  0]LogContentBrowser: Native class hierarchy updated for 'AddContentDialog' in 0.0005 seconds. Added 0 classes and 0 folders.
[2015.12.25-21.54.36:138][  0]LogContentBrowser: Native class hierarchy updated for 'SceneOutliner' in 0.0006 seconds. Added 1 classes and 2 folders.
[2015.12.25-21.54.36:165][  0]LogContentBrowser: Native class hierarchy updated for 'WorldBrowser' in 0.0005 seconds. Added 1 classes and 3 folders.
[2015.12.25-21.54.36:170][  0]LogCrashTracker: Crashtracker disabled due to settings.
[2015.12.25-21.54.36:231][  0]LogUObjectGlobals:Warning: Failed to find object 'Class None.'
[2015.12.25-21.54.36:253][  0]LogLoad: Full Startup: 6.98 seconds (BP compile: 0.10 seconds)
[2015.12.25-21.54.36:603][  0]LogOcInput: Can't find Oculus library dev build: is proper Runtime installed? Version: 0.8.0.0
[2015.12.25-21.54.36:975][  0]LogContentStreaming: Texture pool size now 1000 MB
[2015.12.25-21.54.37:199][  0]LogRenderer: Reallocating scene render targets to support 892x516 (Frame:2).
[2015.12.25-21.54.38:823][  5]LogAssetRegistry: Asset discovery search completed in 5.0821 seconds
[2015.12.25-21.54.38:823][  5]LogCollectionManager: Rebuilt the object cache for 0 collections in 0.000001 seconds (found 0 objects)
[2015.12.25-21.54.38:823][  5]LogCollectionManager: Fixed up redirectors for 0 collections in 0.000020 seconds (updated 0 objects)
[2015.12.25-21.55.16:237][425]LogBlueprint:Warning: [compiler ThirdPersonCharacter] Warning 'AbilitiesMenu' is already a 'Ability Menu', you don't need  Cast To AbilityMenu .
[2015.12.25-21.55.16:239][425]LogBlueprint:Warning: [compiler ThirdPersonCharacter] Warning 'PointerClass' is already a 'Pointer', you don't need  Cast To Pointer .
[2015.12.25-21.55.16:241][425]LogBlueprint:Warning: [compiler ThirdPersonCharacter] Warning No value will be returned by reference. Parameter 'EndTime'. Node:  (none) 
[2015.12.25-21.55.16:253][425]LogBlueprint:Warning: [compiler ThirdPersonCharacter] Warning 'SecondPointer' is already a 'Pointer 2', you don't need  Cast To Pointer2 .
[2015.12.25-21.55.16:270][425]LogBlueprint:Warning: [compiler ThirdPersonCharacter] Warning [0047.00] Compile of ThirdPersonCharacter successful, but with 4 Warning(s) [in 110 ms]
[2015.12.25-21.55.16:270][425]LogBlueprint:Warning: [compiler ThirdPersonCharacter] Warning [0047.00] Compile of ThirdPersonCharacter successful, but with 5 Warning(s) [in 0 ms]
[2015.12.25-21.55.16:271][425]LogBlueprint:Warning: [compiler ThirdPersonCharacter] Warning [0047.00] Compile of ThirdPersonCharacter successful, but with 6 Warning(s) [in 0 ms]
[2015.12.25-21.55.16:326][425]LogBlueprint:Warning: [compiler AbilityMenu] Warning 'ReturnValue' is already a 'Listed Item', you don't need  Cast To ListedItem .
[2015.12.25-21.55.16:327][425]LogBlueprint:Warning: [compiler AbilityMenu] Warning 'ReturnValue' is already a 'Listed Item', you don't need  Cast To ListedItem .
[2015.12.25-21.55.16:331][425]LogBlueprint:Warning: [compiler AbilityMenu] Warning [0047.06] Compile of AbilityMenu successful, but with 2 Warning(s) [in 26 ms]
[2015.12.25-21.55.16:333][425]LogBlueprint:Warning: [compiler AbilityMenu] Warning [0047.06] Compile of AbilityMenu successful, but with 3 Warning(s) [in 1 ms]
[2015.12.25-21.55.16:333][425]LogBlueprint:Warning: [compiler AbilityMenu] Warning [0047.06] Compile of AbilityMenu successful, but with 4 Warning(s) [in 0 ms]
[2015.12.25-21.55.16:367][425]LogBlueprint:Warning: [compiler FreeMovementLocator] Warning 'Third Person Character 2D' does not inherit from 'Player Controller' ( Cast To ThirdPersonCharacter2D  would always fail).
[2015.12.25-21.55.16:368][425]LogBlueprint:Warning: [compiler FreeMovementLocator] Warning [0047.10] Compile of FreeMovementLocator successful, but with 1 Warning(s) [in 2 ms]
[2015.12.25-21.55.16:368][425]LogBlueprint:Warning: [compiler FreeMovementLocator] Warning [0047.10] Compile of FreeMovementLocator successful, but with 2 Warning(s) [in 0 ms]
[2015.12.25-21.55.16:368][425]LogBlueprint:Warning: [compiler FreeMovementLocator] Warning [0047.10] Compile of FreeMovementLocator successful, but with 3 Warning(s) [in 0 ms]
[2015.12.25-21.55.16:870][425]LogBlueprint:Warning: [compiler ThirdPersonCharacter2D] Warning No value will be returned by reference. Parameter 'EndTime'. Node:  (none) 
[2015.12.25-21.55.16:886][425]LogBlueprint:Warning: [compiler ThirdPersonCharacter2D] Warning 'AbilitiesMenu' is already a 'Ability Menu', you don't need  Cast To AbilityMenu .
[2015.12.25-21.55.16:886][425]LogBlueprint:Warning: [compiler ThirdPersonCharacter2D] Warning 'ReturnValue' is already a 'Knife', you don't need  Cast To Knife .
[2015.12.25-21.55.16:895][425]LogBlueprint:Warning: [compiler ThirdPersonCharacter2D] Warning 'SecondPointer' is already a 'Pointer 2', you don't need  Cast To Pointer2 .
[2015.12.25-21.55.16:967][425]LogBlueprint:Warning: [compiler ThirdPersonCharacter2D] Warning [0047.69] Compile of ThirdPersonCharacter2D successful, but with 4 Warning(s) [in 176 ms]
[2015.12.25-21.55.16:968][425]LogBlueprint:Warning: [compiler ThirdPersonCharacter2D] Warning [0047.70] Compile of ThirdPersonCharacter2D successful, but with 5 Warning(s) [in 0 ms]
[2015.12.25-21.55.16:968][425]LogBlueprint:Warning: [compiler ThirdPersonCharacter2D] Warning [0047.70] Compile of ThirdPersonCharacter2D successful, but with 6 Warning(s) [in 0 ms]
[2015.12.25-21.55.16:973][425]LogBlueprint:Warning: [compiler FreeMovementLocator] Warning 'Third Person Character 2D' does not inherit from 'Player Controller' ( Cast To ThirdPersonCharacter2D  would always fail).
[2015.12.25-21.55.16:974][425]LogBlueprint:Warning: [compiler FreeMovementLocator] Warning [0047.70] Compile of FreeMovementLocator successful, but with 1 Warning(s) [in 2 ms]
[2015.12.25-21.55.16:974][425]LogBlueprint:Warning: [compiler FreeMovementLocator] Warning [0047.70] Compile of FreeMovementLocator successful, but with 2 Warning(s) [in 0 ms]
[2015.12.25-21.55.16:978][425]LogBlueprint:Warning: [compiler FreeMovementLocator] Warning [0047.70] Compile of FreeMovementLocator successful, but with 3 Warning(s) [in 3 ms]
[2015.12.25-21.55.17:045][425]LogBlueprint:Warning: [compiler AbilityMenu] Warning 'ReturnValue' is already a 'Listed Item', you don't need  Cast To ListedItem .
[2015.12.25-21.55.17:046][425]LogBlueprint:Warning: [compiler AbilityMenu] Warning 'ReturnValue' is already a 'Listed Item', you don't need  Cast To ListedItem .
[2015.12.25-21.55.17:050][425]LogBlueprint:Warning: [compiler AbilityMenu] Warning [0047.78] Compile of AbilityMenu successful, but with 2 Warning(s) [in 27 ms]
[2015.12.25-21.55.17:050][425]LogBlueprint:Warning: [compiler AbilityMenu] Warning [0047.78] Compile of AbilityMenu successful, but with 3 Warning(s) [in 0 ms]
[2015.12.25-21.55.17:056][425]LogBlueprint:Warning: [compiler AbilityMenu] Warning [0047.78] Compile of AbilityMenu successful, but with 4 Warning(s) [in 6 ms]
[2015.12.25-21.55.17:181][425]LogBlueprint:Warning: [compiler ThirdPersonCharacter] Warning 'AbilitiesMenu' is already a 'Ability Menu', you don't need  Cast To AbilityMenu .
[2015.12.25-21.55.17:183][425]LogBlueprint:Warning: [compiler ThirdPersonCharacter] Warning 'PointerClass' is already a 'Pointer', you don't need  Cast To Pointer .
[2015.12.25-21.55.17:185][425]LogBlueprint:Warning: [compiler ThirdPersonCharacter] Warning No value will be returned by reference. Parameter 'EndTime'. Node:  (none) 
[2015.12.25-21.55.17:196][425]LogBlueprint:Warning: [compiler ThirdPersonCharacter] Warning 'SecondPointer' is already a 'Pointer 2', you don't need  Cast To Pointer2 .
[2015.12.25-21.55.17:214][425]LogBlueprint:Warning: [compiler ThirdPersonCharacter] Warning [0047.94] Compile of ThirdPersonCharacter successful, but with 4 Warning(s) [in 113 ms]
[2015.12.25-21.55.17:214][425]LogBlueprint:Warning: [compiler ThirdPersonCharacter] Warning [0047.94] Compile of ThirdPersonCharacter successful, but with 5 Warning(s) [in 0 ms]
[2015.12.25-21.55.17:215][425]LogBlueprint:Warning: [compiler ThirdPersonCharacter] Warning [0047.94] Compile of ThirdPersonCharacter successful, but with 6 Warning(s) [in 0 ms]
[2015.12.25-21.55.17:332][425]LogBlueprint:Warning: [compiler ThirdPersonCharacter2D] Warning No value will be returned by reference. Parameter 'EndTime'. Node:  (none) 
[2015.12.25-21.55.17:348][425]LogBlueprint:Warning: [compiler ThirdPersonCharacter2D] Warning 'AbilitiesMenu' is already a 'Ability Menu', you don't need  Cast To AbilityMenu .
[2015.12.25-21.55.17:348][425]LogBlueprint:Warning: [compiler ThirdPersonCharacter2D] Warning 'ReturnValue' is already a 'Knife', you don't need  Cast To Knife .
[2015.12.25-21.55.17:358][425]LogBlueprint:Warning: [compiler ThirdPersonCharacter2D] Warning 'SecondPointer' is already a 'Pointer 2', you don't need  Cast To Pointer2 .
[2015.12.25-21.55.17:430][425]LogBlueprint:Warning: [compiler ThirdPersonCharacter2D] Warning [0048.16] Compile of ThirdPersonCharacter2D successful, but with 4 Warning(s) [in 177 ms]
[2015.12.25-21.55.17:430][425]LogBlueprint:Warning: [compiler ThirdPersonCharacter2D] Warning [0048.16] Compile of ThirdPersonCharacter2D successful, but with 5 Warning(s) [in 0 ms]
[2015.12.25-21.55.17:431][425]LogBlueprint:Warning: [compiler ThirdPersonCharacter2D] Warning [0048.16] Compile of ThirdPersonCharacter2D successful, but with 6 Warning(s) [in 0 ms]
[2015.12.25-21.55.28:717][807]LogEditorViewport: Clicking on Actor (LMB): TemporaryPlatform_C (TemporaryPlatform2)
[2015.12.25-21.55.34:307][267]LogLinker:Warning: Asset '../../../Engine/Content/ArtTools/RenderToTexture/Macros/RenderToTextureMacros.uasset' has been saved with empty engine version. The asset will be loaded but may be incompatible.
[2015.12.25-21.55.34:765][267]LogContentBrowser: Native class hierarchy updated for 'BlueprintGraph' in 0.0009 seconds. Added 107 classes and 0 folders.
[2015.12.25-21.56.46:351][110]LogBlueprintUserMessages: Early PlayInEditor Detection: Level '/Game/Maps/Basement_Blockout.Basement_Blockout:PersistentLevel' has LevelScriptBlueprint '/Game/Maps/Basement_Blockout.Basement_Blockout:PersistentLevel.Basement_Blockout' with GeneratedClass '/Game/Maps/Basement_Blockout.Basement_Blockout_C' with ClassGeneratedBy '/Game/Maps/Basement_Blockout.Basement_Blockout:PersistentLevel.Basement_Blockout'
[2015.12.25-21.56.46:351][110]LogPlayLevel: PlayLevel: No blueprints needed recompiling
[2015.12.25-21.56.46:351][110]PIE: New page: PIE session: Basement_Blockout (Dec 25, 2015, 5:56:46 AM)
[2015.12.25-21.56.46:351][110]LogPlayLevel: Creating play world package: /Game/Maps/UEDPIE_0_Basement_Blockout
[2015.12.25-21.56.46:363][110]LogPlayLevel: PIE: StaticDuplicateObject took: (0.011784s)
[2015.12.25-21.56.46:364][110]LogAIModule: Creating AISystem for world Basement_Blockout
[2015.12.25-21.56.46:364][110]LogPlayLevel: PIE: World Init took: (0.000732s)
[2015.12.25-21.56.46:364][110]LogPlayLevel: PIE: Created PIE world by copying editor world from /Game/Maps/Basement_Blockout.Basement_Blockout to /Game/Maps/UEDPIE_0_Basement_Blockout.Basement_Blockout (0.012754s)
[2015.12.25-21.56.46:364][110]LogActorComponent: UnregisterComponent: (/Engine/Transient.CharMoveComp) Not registered. Aborting.
[2015.12.25-21.56.46:364][110]LogActorComponent: UnregisterComponent: (/Engine/Transient.CharacterMovementComponent_0) Not registered. Aborting.
[2015.12.25-21.56.46:473][110]LogInit: XAudio2 using 'Speakers (Realtek High Definition Audio)' : 2 channels at 48 kHz using 32 bits per sample (channel mask 0x3)
[2015.12.25-21.56.46:511][110]LogInit: FAudioDevice initialized.
[2015.12.25-21.56.46:560][110]LogWorld: Game class is '2dFlipBookGameMode_C'
[2015.12.25-21.56.46:566][110]LogWorld: Bringing World /Game/Maps/UEDPIE_0_Basement_Blockout.Basement_Blockout up for play (max tick rate 0) at 2015.12.25-13.56.46
[2015.12.25-21.56.46:566][110]LogActor:Warning: GameSession /Game/Maps/UEDPIE_0_Basement_Blockout.Basement_Blockout:PersistentLevel.GameSession_0 has natively added scene component(s), but none of them were set as the actor's RootComponent - picking one arbitrarily
[2015.12.25-21.56.46:566][110]LogActor:Warning: GameNetworkManager /Game/Maps/UEDPIE_0_Basement_Blockout.Basement_Blockout:PersistentLevel.GameNetworkManager_0 has natively added scene component(s), but none of them were set as the actor's RootComponent - picking one arbitrarily
[2015.12.25-21.56.46:567][110]LogWorld: Bringing up level for play took: 0.005548
[2015.12.25-21.56.46:571][110]PIE: Info Play in editor start time for /Game/Maps/UEDPIE_0_Basement_Blockout -0.082
[2015.12.25-21.56.46:572][110]LogBlueprintUserMessages: Late PlayInEditor Detection: Level '/Game/Maps/Basement_Blockout.Basement_Blockout:PersistentLevel' has LevelScriptBlueprint '/Game/Maps/Basement_Blockout.Basement_Blockout:PersistentLevel.Basement_Blockout' with GeneratedClass '/Game/Maps/Basement_Blockout.Basement_Blockout_C' with ClassGeneratedBy '/Game/Maps/Basement_Blockout.Basement_Blockout:PersistentLevel.Basement_Blockout'
[2015.12.25-21.56.48:240][307]LogBlueprintUserMessages: Early EndPlayMap Detection: Level '/Game/Maps/Basement_Blockout.Basement_Blockout:PersistentLevel' has LevelScriptBlueprint '/Game/Maps/Basement_Blockout.Basement_Blockout:PersistentLevel.Basement_Blockout' with GeneratedClass '/Game/Maps/Basement_Blockout.Basement_Blockout_C' with ClassGeneratedBy '/Game/Maps/Basement_Blockout.Basement_Blockout:PersistentLevel.Basement_Blockout'
[2015.12.25-21.56.48:284][307]LogBlueprintUserMessages: Late EndPlayMap Detection: Level '/Game/Maps/Basement_Blockout.Basement_Blockout:PersistentLevel' has LevelScriptBlueprint '/Game/Maps/Basement_Blockout.Basement_Blockout:PersistentLevel.Basement_Blockout' with GeneratedClass '/Game/Maps/Basement_Blockout.Basement_Blockout_C' with ClassGeneratedBy '/Game/Maps/Basement_Blockout.Basement_Blockout:PersistentLevel.Basement_Blockout'
[2015.12.25-21.56.48:310][307]LogParticles: Destroying 0 GPU particle simulations for FXSystem 0x000000002379CE00
[2015.12.25-21.56.55:776][185]LogEditorViewport: Clicking Background
[2015.12.25-22.37.05:358][287]LogActorComponent: UnregisterComponent: (/Engine/Transient.CharMoveComp) Not registered. Aborting.
[2015.12.25-22.37.05:358][287]LogActorComponent: UnregisterComponent: (/Engine/Transient.CharacterMovementComponent_1) Not registered. Aborting.
[2015.12.25-22.37.07:218][491]BlueprintLog: New page: Compile WallSwitch
[2015.12.25-22.37.07:282][491]LogActorComponent: UnregisterComponent: (/Engine/Transient.CharacterMovementComponent_2) Not registered. Aborting.
[2015.12.25-22.37.07:315][491]BlueprintEditorCompileResults: Info [2558.00] Compile of WallSwitch successful! [in 97 ms]
[2015.12.25-22.37.51:346][581]LogActorComponent: UnregisterComponent: (/Engine/Transient.CharMoveComp) Not registered. Aborting.
[2015.12.25-22.37.51:346][581]LogActorComponent: UnregisterComponent: (/Engine/Transient.CharacterMovementComponent_3) Not registered. Aborting.
[2015.12.25-22.37.53:180][796]LogActorComponent: UnregisterComponent: (/Engine/Transient.CharacterMovementComponent_4) Not registered. Aborting.
[2015.12.25-22.38.15:695][410]BlueprintLog: New page: Compile WallSwitch
[2015.12.25-22.38.15:711][410]LogBlueprint:Warning: [compiler WallSwitch] Warning 'Item' is already a 'Temporary Platform', you don't need  Cast To TemporaryPlatform .
[2015.12.25-22.38.15:758][410]LogActorComponent: UnregisterComponent: (/Engine/Transient.CharacterMovementComponent_5) Not registered. Aborting.
[2015.12.25-22.38.15:793][410]LogBlueprint:Warning: [compiler WallSwitch] Warning [2626.48] Compile of WallSwitch successful, but with 1 Warning(s) [in 98 ms]
[2015.12.25-22.38.15:793][410]BlueprintEditorCompileResults:Warning: Warning 'Item' is already a 'Temporary Platform', you don't need  Cast To TemporaryPlatform .
[2015.12.25-22.38.15:793][410]BlueprintEditorCompileResults:Warning: Warning [2626.48] Compile of WallSwitch successful, but with 1 Warning(s) [in 98 ms]
[2015.12.25-22.38.19:681][864]LogActorComponent: UnregisterComponent: (/Engine/Transient.CharMoveComp) Not registered. Aborting.
[2015.12.25-22.38.20:076][864]LogSavePackage: Save=111.236549ms
[2015.12.25-22.38.20:076][864]LogSavePackage: Moving '../../../../../../Users/Matt/Documents/GitHub/P3NGUIN/P3NGUIN/MyProject19/Saved/Basement_BlockoutC8EDE37A4DC8AB1B7BDDB3899FDC4F0B.tmp' to '../../../../../../Users/Matt/Documents/GitHub/P3NGUIN/P3NGUIN/MyProject19/Content/Maps/Basement_Blockout.umap'
[2015.12.25-22.38.20:081][864]LogSavePackage: Total save time: 145.219032ms
[2015.12.25-22.38.20:081][864]LogSavePackage:Display: Finished SavePackage ../../../../../../Users/Matt/Documents/GitHub/P3NGUIN/P3NGUIN/MyProject19/Content/Maps/Basement_Blockout.umap
[2015.12.25-22.38.20:159][864]LogFileHelpers: Saving map 'Basement_Blockout' took 0.422
[2015.12.25-22.38.20:226][864]Cmd: OBJ SAVEPACKAGE PACKAGE="/Game/Blueprints/WallSwitch" FILE="../../../../../../Users/Matt/Documents/GitHub/P3NGUIN/P3NGUIN/MyProject19/Content/Blueprints/WallSwitch.uasset" SILENT=true
[2015.12.25-22.38.20:281][864]LogSavePackage: Save=39.300758ms
[2015.12.25-22.38.20:281][864]LogSavePackage: Moving '../../../../../../Users/Matt/Documents/GitHub/P3NGUIN/P3NGUIN/MyProject19/Saved/WallSwitch9962ACF940E1F060FCD52597191A22BA.tmp' to '../../../../../../Users/Matt/Documents/GitHub/P3NGUIN/P3NGUIN/MyProject19/Content/Blueprints/WallSwitch.uasset'
[2015.12.25-22.38.20:285][864]LogSavePackage: Total save time: 57.318807ms
[2015.12.25-22.38.20:285][864]LogSavePackage:Display: Finished SavePackage ../../../../../../Users/Matt/Documents/GitHub/P3NGUIN/P3NGUIN/MyProject19/Content/Blueprints/WallSwitch.uasset
[2015.12.25-22.38.39:769][ 51]LogBlueprintUserMessages: Early PlayInEditor Detection: Level '/Game/Maps/Basement_Blockout.Basement_Blockout:PersistentLevel' has LevelScriptBlueprint '/Game/Maps/Basement_Blockout.Basement_Blockout:PersistentLevel.Basement_Blockout' with GeneratedClass '/Game/Maps/Basement_Blockout.Basement_Blockout_C' with ClassGeneratedBy '/Game/Maps/Basement_Blockout.Basement_Blockout:PersistentLevel.Basement_Blockout'
[2015.12.25-22.38.39:769][ 51]LogPlayLevel: PlayLevel: No blueprints needed recompiling
[2015.12.25-22.38.39:769][ 51]PIE: New page: PIE session: Basement_Blockout (Dec 25, 2015, 6:38:39 AM)
[2015.12.25-22.38.39:769][ 51]LogPlayLevel: Creating play world package: /Game/Maps/UEDPIE_0_Basement_Blockout
[2015.12.25-22.38.39:780][ 51]LogPlayLevel: PIE: StaticDuplicateObject took: (0.010566s)
[2015.12.25-22.38.39:780][ 51]LogAIModule: Creating AISystem for world Basement_Blockout
[2015.12.25-22.38.39:781][ 51]LogPlayLevel: PIE: World Init took: (0.000816s)
[2015.12.25-22.38.39:781][ 51]LogPlayLevel: PIE: Created PIE world by copying editor world from /Game/Maps/Basement_Blockout.Basement_Blockout to /Game/Maps/UEDPIE_0_Basement_Blockout.Basement_Blockout (0.011580s)
[2015.12.25-22.38.39:781][ 51]LogActorComponent: UnregisterComponent: (/Engine/Transient.CharMoveComp) Not registered. Aborting.
[2015.12.25-22.38.39:816][ 51]LogInit: XAudio2 using 'Speakers (Realtek High Definition Audio)' : 2 channels at 48 kHz using 32 bits per sample (channel mask 0x3)
[2015.12.25-22.38.39:855][ 51]LogInit: FAudioDevice initialized.
[2015.12.25-22.38.39:889][ 51]LogWorld: Game class is '2dFlipBookGameMode_C'
[2015.12.25-22.38.39:895][ 51]LogWorld: Bringing World /Game/Maps/UEDPIE_0_Basement_Blockout.Basement_Blockout up for play (max tick rate 0) at 2015.12.25-14.38.39
[2015.12.25-22.38.39:895][ 51]LogActor:Warning: GameSession /Game/Maps/UEDPIE_0_Basement_Blockout.Basement_Blockout:PersistentLevel.GameSession_1 has natively added scene component(s), but none of them were set as the actor's RootComponent - picking one arbitrarily
[2015.12.25-22.38.39:895][ 51]LogActor:Warning: GameNetworkManager /Game/Maps/UEDPIE_0_Basement_Blockout.Basement_Blockout:PersistentLevel.GameNetworkManager_1 has natively added scene component(s), but none of them were set as the actor's RootComponent - picking one arbitrarily
[2015.12.25-22.38.39:896][ 51]LogWorld: Bringing up level for play took: 0.005529
[2015.12.25-22.38.39:900][ 51]PIE: Info Play in editor start time for /Game/Maps/UEDPIE_0_Basement_Blockout -0.791
[2015.12.25-22.38.39:900][ 51]LogBlueprintUserMessages: Late PlayInEditor Detection: Level '/Game/Maps/Basement_Blockout.Basement_Blockout:PersistentLevel' has LevelScriptBlueprint '/Game/Maps/Basement_Blockout.Basement_Blockout:PersistentLevel.Basement_Blockout' with GeneratedClass '/Game/Maps/Basement_Blockout.Basement_Blockout_C' with ClassGeneratedBy '/Game/Maps/Basement_Blockout.Basement_Blockout:PersistentLevel.Basement_Blockout'
[2015.12.25-22.38.51:330][759]LogBlueprintUserMessages: Early EndPlayMap Detection: Level '/Game/Maps/Basement_Blockout.Basement_Blockout:PersistentLevel' has LevelScriptBlueprint '/Game/Maps/Basement_Blockout.Basement_Blockout:PersistentLevel.Basement_Blockout' with GeneratedClass '/Game/Maps/Basement_Blockout.Basement_Blockout_C' with ClassGeneratedBy '/Game/Maps/Basement_Blockout.Basement_Blockout:PersistentLevel.Basement_Blockout'
[2015.12.25-22.38.51:367][759]LogBlueprintUserMessages: Late EndPlayMap Detection: Level '/Game/Maps/Basement_Blockout.Basement_Blockout:PersistentLevel' has LevelScriptBlueprint '/Game/Maps/Basement_Blockout.Basement_Blockout:PersistentLevel.Basement_Blockout' with GeneratedClass '/Game/Maps/Basement_Blockout.Basement_Blockout_C' with ClassGeneratedBy '/Game/Maps/Basement_Blockout.Basement_Blockout:PersistentLevel.Basement_Blockout'
[2015.12.25-22.38.51:393][759]LogParticles: Destroying 0 GPU particle simulations for FXSystem 0x000000002F1B4180
[2015.12.25-22.38.58:622][388]LogBlueprintUserMessages: Early PlayInEditor Detection: Level '/Game/Maps/Basement_Blockout.Basement_Blockout:PersistentLevel' has LevelScriptBlueprint '/Game/Maps/Basement_Blockout.Basement_Blockout:PersistentLevel.Basement_Blockout' with GeneratedClass '/Game/Maps/Basement_Blockout.Basement_Blockout_C' with ClassGeneratedBy '/Game/Maps/Basement_Blockout.Basement_Blockout:PersistentLevel.Basement_Blockout'
[2015.12.25-22.38.58:622][388]LogPlayLevel: PlayLevel: No blueprints needed recompiling
[2015.12.25-22.38.58:622][388]PIE: New page: PIE session: Basement_Blockout (Dec 25, 2015, 6:38:58 AM)
[2015.12.25-22.38.58:622][388]LogPlayLevel: Creating play world package: /Game/Maps/UEDPIE_0_Basement_Blockout
[2015.12.25-22.38.58:637][388]LogPlayLevel: PIE: StaticDuplicateObject took: (0.014381s)
[2015.12.25-22.38.58:637][388]LogAIModule: Creating AISystem for world Basement_Blockout
[2015.12.25-22.38.58:638][388]LogPlayLevel: PIE: World Init took: (0.000752s)
[2015.12.25-22.38.58:638][388]LogPlayLevel: PIE: Created PIE world by copying editor world from /Game/Maps/Basement_Blockout.Basement_Blockout to /Game/Maps/UEDPIE_0_Basement_Blockout.Basement_Blockout (0.015331s)
[2015.12.25-22.38.58:638][388]LogActorComponent: UnregisterComponent: (/Engine/Transient.CharMoveComp) Not registered. Aborting.
[2015.12.25-22.38.58:638][388]LogActorComponent: UnregisterComponent: (/Engine/Transient.CharacterMovementComponent_6) Not registered. Aborting.
[2015.12.25-22.38.58:674][388]LogInit: XAudio2 using 'Speakers (Realtek High Definition Audio)' : 2 channels at 48 kHz using 32 bits per sample (channel mask 0x3)
[2015.12.25-22.38.58:712][388]LogInit: FAudioDevice initialized.
[2015.12.25-22.38.58:747][388]LogWorld: Game class is '2dFlipBookGameMode_C'
[2015.12.25-22.38.58:754][388]LogWorld: Bringing World /Game/Maps/UEDPIE_0_Basement_Blockout.Basement_Blockout up for play (max tick rate 0) at 2015.12.25-14.38.58
[2015.12.25-22.38.58:754][388]LogActor:Warning: GameSession /Game/Maps/UEDPIE_0_Basement_Blockout.Basement_Blockout:PersistentLevel.GameSession_2 has natively added scene component(s), but none of them were set as the actor's RootComponent - picking one arbitrarily
[2015.12.25-22.38.58:754][388]LogActor:Warning: GameNetworkManager /Game/Maps/UEDPIE_0_Basement_Blockout.Basement_Blockout:PersistentLevel.GameNetworkManager_2 has natively added scene component(s), but none of them were set as the actor's RootComponent - picking one arbitrarily
[2015.12.25-22.38.58:755][388]LogWorld: Bringing up level for play took: 0.007260
[2015.12.25-22.38.58:755][388]LogPathFollowing:Warning: No NavigationData found while trying to cache it for AIController_0's PathFollowingComponent
[2015.12.25-22.38.58:759][388]PIE: Info Play in editor start time for /Game/Maps/UEDPIE_0_Basement_Blockout 0.068
[2015.12.25-22.38.58:760][388]LogBlueprintUserMessages: Late PlayInEditor Detection: Level '/Game/Maps/Basement_Blockout.Basement_Blockout:PersistentLevel' has LevelScriptBlueprint '/Game/Maps/Basement_Blockout.Basement_Blockout:PersistentLevel.Basement_Blockout' with GeneratedClass '/Game/Maps/Basement_Blockout.Basement_Blockout_C' with ClassGeneratedBy '/Game/Maps/Basement_Blockout.Basement_Blockout:PersistentLevel.Basement_Blockout'
[2015.12.25-22.39.03:155][915]LogBlueprintUserMessages: [ThirdPersonCharacter2D_C_2] ZaWarudo
[2015.12.25-22.39.03:166][915]LogBlueprintUserMessages: [ThirdPersonCharacter2D_C_2] WallSwitch
[2015.12.25-22.39.03:166][915]LogBlueprintUserMessages: [ThirdPersonCharacter2D_C_2] 0
[2015.12.25-22.39.03:167][915]LogScript:Warning: Accessed None 'CallFunc_SlotAsCanvasSlot_ReturnValue'
	ThirdPersonCharacter2D_C /Game/Maps/UEDPIE_0_Basement_Blockout.Basement_Blockout:PersistentLevel.ThirdPersonCharacter2D_C_2
	Function /Game/Blueprints/2D/Blueprints/Tests/ThirdPersonCharacter2D.ThirdPersonCharacter2D_C:MovePointer2:0125
[2015.12.25-22.39.03:167][915]PIE:Error: Error Accessed None 'CallFunc_SlotAsCanvasSlot_ReturnValue' from node Move Me Too in graph 'MovePointer2' in blueprint ThirdPersonCharacter2D
[2015.12.25-22.39.03:367][939]LogScript:Warning: Accessed None 'CallFunc_SlotAsCanvasSlot_ReturnValue'
	ThirdPersonCharacter2D_C /Game/Maps/UEDPIE_0_Basement_Blockout.Basement_Blockout:PersistentLevel.ThirdPersonCharacter2D_C_2
	Function /Game/Blueprints/2D/Blueprints/Tests/ThirdPersonCharacter2D.ThirdPersonCharacter2D_C:MovePointer2:0125
[2015.12.25-22.39.03:367][939]PIE:Error: Error Accessed None 'CallFunc_SlotAsCanvasSlot_ReturnValue' from node Move Me Too in graph 'MovePointer2' in blueprint ThirdPersonCharacter2D
[2015.12.25-22.39.03:584][963]LogScript:Warning: Accessed None 'CallFunc_SlotAsCanvasSlot_ReturnValue'
	ThirdPersonCharacter2D_C /Game/Maps/UEDPIE_0_Basement_Blockout.Basement_Blockout:PersistentLevel.ThirdPersonCharacter2D_C_2
	Function /Game/Blueprints/2D/Blueprints/Tests/ThirdPersonCharacter2D.ThirdPersonCharacter2D_C:MovePointer2:0125
[2015.12.25-22.39.03:584][963]PIE:Error: Error Accessed None 'CallFunc_SlotAsCanvasSlot_ReturnValue' from node Move Me Too in graph 'MovePointer2' in blueprint ThirdPersonCharacter2D
[2015.12.25-22.39.04:025][ 16]LogScript:Warning: UGameplayStatics::SpawnEmitterAttached: NULL AttachComponent specified!
[2015.12.25-22.39.07:677][454]LogBlueprintUserMessages: [ThirdPersonCharacter2D_C_2] ZaWarudo
[2015.12.25-22.39.07:677][454]LogBlueprintUserMessages: [ThirdPersonCharacter2D_C_2] WallSwitch
[2015.12.25-22.39.07:677][454]LogBlueprintUserMessages: [ThirdPersonCharacter2D_C_2] 0
[2015.12.25-22.39.07:678][454]LogScript:Warning: Accessed None 'CallFunc_SlotAsCanvasSlot_ReturnValue'
	ThirdPersonCharacter2D_C /Game/Maps/UEDPIE_0_Basement_Blockout.Basement_Blockout:PersistentLevel.ThirdPersonCharacter2D_C_2
	Function /Game/Blueprints/2D/Blueprints/Tests/ThirdPersonCharacter2D.ThirdPersonCharacter2D_C:MovePointer2:0125
[2015.12.25-22.39.07:678][454]PIE:Error: Error Accessed None 'CallFunc_SlotAsCanvasSlot_ReturnValue' from node Move Me Too in graph 'MovePointer2' in blueprint ThirdPersonCharacter2D
[2015.12.25-22.39.07:902][481]LogScript:Warning: Accessed None 'CallFunc_SlotAsCanvasSlot_ReturnValue'
	ThirdPersonCharacter2D_C /Game/Maps/UEDPIE_0_Basement_Blockout.Basement_Blockout:PersistentLevel.ThirdPersonCharacter2D_C_2
	Function /Game/Blueprints/2D/Blueprints/Tests/ThirdPersonCharacter2D.ThirdPersonCharacter2D_C:MovePointer2:0125
[2015.12.25-22.39.07:903][481]PIE:Error: Error Accessed None 'CallFunc_SlotAsCanvasSlot_ReturnValue' from node Move Me Too in graph 'MovePointer2' in blueprint ThirdPersonCharacter2D
[2015.12.25-22.39.08:186][515]LogScript:Warning: Accessed None 'CallFunc_SlotAsCanvasSlot_ReturnValue'
	ThirdPersonCharacter2D_C /Game/Maps/UEDPIE_0_Basement_Blockout.Basement_Blockout:PersistentLevel.ThirdPersonCharacter2D_C_2
	Function /Game/Blueprints/2D/Blueprints/Tests/ThirdPersonCharacter2D.ThirdPersonCharacter2D_C:MovePointer2:0125
[2015.12.25-22.39.08:186][515]PIE:Error: Error Accessed None 'CallFunc_SlotAsCanvasSlot_ReturnValue' from node Move Me Too in graph 'MovePointer2' in blueprint ThirdPersonCharacter2D
[2015.12.25-22.39.09:244][642]LogScript:Warning: UGameplayStatics::SpawnEmitterAttached: NULL AttachComponent specified!
[2015.12.25-22.39.09:469][669]LogBlueprintUserMessages: [ThirdPersonCharacter2D_C_2] ZaWarudo
[2015.12.25-22.39.09:469][669]LogBlueprintUserMessages: [ThirdPersonCharacter2D_C_2] WallSwitch
[2015.12.25-22.39.09:469][669]LogBlueprintUserMessages: [ThirdPersonCharacter2D_C_2] 0
[2015.12.25-22.39.09:470][669]LogScript:Warning: Accessed None 'CallFunc_SlotAsCanvasSlot_ReturnValue'
	ThirdPersonCharacter2D_C /Game/Maps/UEDPIE_0_Basement_Blockout.Basement_Blockout:PersistentLevel.ThirdPersonCharacter2D_C_2
	Function /Game/Blueprints/2D/Blueprints/Tests/ThirdPersonCharacter2D.ThirdPersonCharacter2D_C:MovePointer2:0125
[2015.12.25-22.39.09:470][669]PIE:Error: Error Accessed None 'CallFunc_SlotAsCanvasSlot_ReturnValue' from node Move Me Too in graph 'MovePointer2' in blueprint ThirdPersonCharacter2D
[2015.12.25-22.39.10:210][758]LogScript:Warning: Accessed None 'CallFunc_SlotAsCanvasSlot_ReturnValue'
	ThirdPersonCharacter2D_C /Game/Maps/UEDPIE_0_Basement_Blockout.Basement_Blockout:PersistentLevel.ThirdPersonCharacter2D_C_2
	Function /Game/Blueprints/2D/Blueprints/Tests/ThirdPersonCharacter2D.ThirdPersonCharacter2D_C:MovePointer2:0125
[2015.12.25-22.39.10:211][758]PIE:Error: Error Accessed None 'CallFunc_SlotAsCanvasSlot_ReturnValue' from node Move Me Too in graph 'MovePointer2' in blueprint ThirdPersonCharacter2D
[2015.12.25-22.39.10:660][812]LogScript:Warning: Accessed None 'CallFunc_SlotAsCanvasSlot_ReturnValue'
	ThirdPersonCharacter2D_C /Game/Maps/UEDPIE_0_Basement_Blockout.Basement_Blockout:PersistentLevel.ThirdPersonCharacter2D_C_2
	Function /Game/Blueprints/2D/Blueprints/Tests/ThirdPersonCharacter2D.ThirdPersonCharacter2D_C:MovePointer2:0125
[2015.12.25-22.39.10:661][812]PIE:Error: Error Accessed None 'CallFunc_SlotAsCanvasSlot_ReturnValue' from node Move Me Too in graph 'MovePointer2' in blueprint ThirdPersonCharacter2D
[2015.12.25-22.39.11:110][866]LogScript:Warning: Accessed None 'CallFunc_SlotAsCanvasSlot_ReturnValue'
	ThirdPersonCharacter2D_C /Game/Maps/UEDPIE_0_Basement_Blockout.Basement_Blockout:PersistentLevel.ThirdPersonCharacter2D_C_2
	Function /Game/Blueprints/2D/Blueprints/Tests/ThirdPersonCharacter2D.ThirdPersonCharacter2D_C:MovePointer2:0125
[2015.12.25-22.39.11:111][866]PIE:Error: Error Accessed None 'CallFunc_SlotAsCanvasSlot_ReturnValue' from node Move Me Too in graph 'MovePointer2' in blueprint ThirdPersonCharacter2D
[2015.12.25-22.39.14:003][213]LogScript:Warning: Accessed None 'CallFunc_SlotAsCanvasSlot_ReturnValue'
	ThirdPersonCharacter2D_C /Game/Maps/UEDPIE_0_Basement_Blockout.Basement_Blockout:PersistentLevel.ThirdPersonCharacter2D_C_2
	Function /Game/Blueprints/2D/Blueprints/Tests/ThirdPersonCharacter2D.ThirdPersonCharacter2D_C:MovePointer2:0125
[2015.12.25-22.39.14:003][213]PIE:Error: Error Accessed None 'CallFunc_SlotAsCanvasSlot_ReturnValue' from node Move Me Too in graph 'MovePointer2' in blueprint ThirdPersonCharacter2D
[2015.12.25-22.39.14:003][213]LogBlueprintUserMessages: [ThirdPersonCharacter2D_C_2] WallSwitch
[2015.12.25-22.39.14:003][213]LogBlueprintUserMessages: [ThirdPersonCharacter2D_C_2] 0
[2015.12.25-22.39.18:977][810]LogBlueprintUserMessages: [ThirdPersonCharacter2D_C_2] ZaWarudo
[2015.12.25-22.39.18:978][810]LogBlueprintUserMessages: [ThirdPersonCharacter2D_C_2] WallSwitch
[2015.12.25-22.39.18:978][810]LogBlueprintUserMessages: [ThirdPersonCharacter2D_C_2] 0
[2015.12.25-22.39.18:978][810]LogScript:Warning: Accessed None 'CallFunc_SlotAsCanvasSlot_ReturnValue'
	ThirdPersonCharacter2D_C /Game/Maps/UEDPIE_0_Basement_Blockout.Basement_Blockout:PersistentLevel.ThirdPersonCharacter2D_C_2
	Function /Game/Blueprints/2D/Blueprints/Tests/ThirdPersonCharacter2D.ThirdPersonCharacter2D_C:MovePointer2:0125
[2015.12.25-22.39.18:978][810]PIE:Error: Error Accessed None 'CallFunc_SlotAsCanvasSlot_ReturnValue' from node Move Me Too in graph 'MovePointer2' in blueprint ThirdPersonCharacter2D
[2015.12.25-22.39.19:203][837]LogScript:Warning: Accessed None 'CallFunc_SlotAsCanvasSlot_ReturnValue'
	ThirdPersonCharacter2D_C /Game/Maps/UEDPIE_0_Basement_Blockout.Basement_Blockout:PersistentLevel.ThirdPersonCharacter2D_C_2
	Function /Game/Blueprints/2D/Blueprints/Tests/ThirdPersonCharacter2D.ThirdPersonCharacter2D_C:MovePointer2:0125
[2015.12.25-22.39.19:203][837]PIE:Error: Error Accessed None 'CallFunc_SlotAsCanvasSlot_ReturnValue' from node Move Me Too in graph 'MovePointer2' in blueprint ThirdPersonCharacter2D
[2015.12.25-22.39.19:412][862]LogScript:Warning: Accessed None 'CallFunc_SlotAsCanvasSlot_ReturnValue'
	ThirdPersonCharacter2D_C /Game/Maps/UEDPIE_0_Basement_Blockout.Basement_Blockout:PersistentLevel.ThirdPersonCharacter2D_C_2
	Function /Game/Blueprints/2D/Blueprints/Tests/ThirdPersonCharacter2D.ThirdPersonCharacter2D_C:MovePointer2:0125
[2015.12.25-22.39.19:412][862]PIE:Error: Error Accessed None 'CallFunc_SlotAsCanvasSlot_ReturnValue' from node Move Me Too in graph 'MovePointer2' in blueprint ThirdPersonCharacter2D
[2015.12.25-22.39.19:869][917]LogScript:Warning: UGameplayStatics::SpawnEmitterAttached: NULL AttachComponent specified!
[2015.12.25-22.39.20:152][951]LogBlueprintUserMessages: [ThirdPersonCharacter2D_C_2] ZaWarudo
[2015.12.25-22.39.20:153][951]LogBlueprintUserMessages: [ThirdPersonCharacter2D_C_2] WallSwitch
[2015.12.25-22.39.20:153][951]LogBlueprintUserMessages: [ThirdPersonCharacter2D_C_2] 0
[2015.12.25-22.39.20:153][951]LogScript:Warning: Accessed None 'CallFunc_SlotAsCanvasSlot_ReturnValue'
	ThirdPersonCharacter2D_C /Game/Maps/UEDPIE_0_Basement_Blockout.Basement_Blockout:PersistentLevel.ThirdPersonCharacter2D_C_2
	Function /Game/Blueprints/2D/Blueprints/Tests/ThirdPersonCharacter2D.ThirdPersonCharacter2D_C:MovePointer2:0125
[2015.12.25-22.39.20:153][951]PIE:Error: Error Accessed None 'CallFunc_SlotAsCanvasSlot_ReturnValue' from node Move Me Too in graph 'MovePointer2' in blueprint ThirdPersonCharacter2D
[2015.12.25-22.39.20:661][ 12]LogScript:Warning: Accessed None 'CallFunc_SlotAsCanvasSlot_ReturnValue'
	ThirdPersonCharacter2D_C /Game/Maps/UEDPIE_0_Basement_Blockout.Basement_Blockout:PersistentLevel.ThirdPersonCharacter2D_C_2
	Function /Game/Blueprints/2D/Blueprints/Tests/ThirdPersonCharacter2D.ThirdPersonCharacter2D_C:MovePointer2:0125
[2015.12.25-22.39.20:661][ 12]PIE:Error: Error Accessed None 'CallFunc_SlotAsCanvasSlot_ReturnValue' from node Move Me Too in graph 'MovePointer2' in blueprint ThirdPersonCharacter2D
[2015.12.25-22.39.22:596][244]LogScript:Warning: Accessed None 'CallFunc_SlotAsCanvasSlot_ReturnValue'
	ThirdPersonCharacter2D_C /Game/Maps/UEDPIE_0_Basement_Blockout.Basement_Blockout:PersistentLevel.ThirdPersonCharacter2D_C_2
	Function /Game/Blueprints/2D/Blueprints/Tests/ThirdPersonCharacter2D.ThirdPersonCharacter2D_C:MovePointer2:0125
[2015.12.25-22.39.22:596][244]PIE:Error: Error Accessed None 'CallFunc_SlotAsCanvasSlot_ReturnValue' from node Move Me Too in graph 'MovePointer2' in blueprint ThirdPersonCharacter2D
[2015.12.25-22.39.22:596][244]LogBlueprintUserMessages: [ThirdPersonCharacter2D_C_2] WallSwitch
[2015.12.25-22.39.22:596][244]LogBlueprintUserMessages: [ThirdPersonCharacter2D_C_2] 0
[2015.12.25-22.39.25:039][537]LogBlueprintUserMessages: Early EndPlayMap Detection: Level '/Game/Maps/Basement_Blockout.Basement_Blockout:PersistentLevel' has LevelScriptBlueprint '/Game/Maps/Basement_Blockout.Basement_Blockout:PersistentLevel.Basement_Blockout' with GeneratedClass '/Game/Maps/Basement_Blockout.Basement_Blockout_C' with ClassGeneratedBy '/Game/Maps/Basement_Blockout.Basement_Blockout:PersistentLevel.Basement_Blockout'
[2015.12.25-22.39.25:102][537]LogBlueprintUserMessages: Late EndPlayMap Detection: Level '/Game/Maps/Basement_Blockout.Basement_Blockout:PersistentLevel' has LevelScriptBlueprint '/Game/Maps/Basement_Blockout.Basement_Blockout:PersistentLevel.Basement_Blockout' with GeneratedClass '/Game/Maps/Basement_Blockout.Basement_Blockout_C' with ClassGeneratedBy '/Game/Maps/Basement_Blockout.Basement_Blockout:PersistentLevel.Basement_Blockout'
[2015.12.25-22.39.25:130][537]LogParticles: Destroying 0 GPU particle simulations for FXSystem 0x000000003782BC40
[2015.12.25-22.39.27:336][697]LogSavePackage: Save=118.115814ms
[2015.12.25-22.39.27:336][697]LogSavePackage: Moving '../../../../../../Users/Matt/Documents/GitHub/P3NGUIN/P3NGUIN/MyProject19/Saved/Basement_BlockoutDF1327C44C0661BBFBFD948AF8DCA8C7.tmp' to '../../../../../../Users/Matt/Documents/GitHub/P3NGUIN/P3NGUIN/MyProject19/Content/Maps/Basement_Blockout.umap'
[2015.12.25-22.39.27:341][697]LogSavePackage: Total save time: 144.699585ms
[2015.12.25-22.39.27:341][697]LogSavePackage:Display: Finished SavePackage ../../../../../../Users/Matt/Documents/GitHub/P3NGUIN/P3NGUIN/MyProject19/Content/Maps/Basement_Blockout.umap
[2015.12.25-22.39.27:416][697]LogFileHelpers: Saving map 'Basement_Blockout' took 0.412
[2015.12.25-22.39.28:740][823]LogActorComponent: UnregisterComponent: (/Engine/Transient.CharMoveComp) Not registered. Aborting.
[2015.12.25-22.39.28:740][823]LogActorComponent: UnregisterComponent: (/Engine/Transient.CharacterMovementComponent_7) Not registered. Aborting.
[2015.12.25-22.39.29:008][823]LogActorComponent: UnregisterComponent: (/Engine/Transient.EditorFloorComp) Not registered. Aborting.
[2015.12.25-22.39.29:272][824]Cmd: QUIT_EDITOR
[2015.12.25-22.39.29:426][824]LogExit: Preparing to exit.
[2015.12.25-22.39.29:908][824]LogExit: Editor shut down
[2015.12.25-22.39.29:908][824]LogExit: Transaction tracking system shut down
[2015.12.25-22.39.29:910][824]LogParticles: Destroying 0 GPU particle simulations for FXSystem 0x0000000010DC2840
[2015.12.25-22.39.29:910][824]LogParticles: Destroying 0 GPU particle simulations for FXSystem 0x000000001A90B880
[2015.12.25-22.39.29:910][824]LogParticles: Destroying 0 GPU particle simulations for FXSystem 0x00000000269F32E0
[2015.12.25-22.39.29:910][824]LogParticles: Destroying 0 GPU particle simulations for FXSystem 0x0000000022363F60
[2015.12.25-22.39.29:910][824]LogParticles: Destroying 0 GPU particle simulations for FXSystem 0x0000000022363D80
[2015.12.25-22.39.29:912][824]LogParticles: Destroying 0 GPU particle simulations for FXSystem 0x0000000042C862A0
[2015.12.25-22.39.29:913][824]LogParticles: Destroying 0 GPU particle simulations for FXSystem 0x0000000026570860
[2015.12.25-22.39.29:918][824]LogParticles: Destroying 0 GPU particle simulations for FXSystem 0x000000002F6AAE80
[2015.12.25-22.39.29:918][824]LogParticles: Destroying 0 GPU particle simulations for FXSystem 0x000000003782AC00
[2015.12.25-22.39.30:110][824]LogExit: Object subsystem successfully closed.
[2015.12.25-22.39.30:169][824]LogD3D11RHI: Shutdown
[2015.12.25-22.39.30:169][824]LogD3D11RHI: CleanupD3DDevice
[2015.12.25-22.39.30:305][824]LogD3D11RHI: ~FD3D11DynamicRHI
[2015.12.25-22.39.30:362][824]LogModuleManager: Shutting down and abandoning module CookingStats (201)
[2015.12.25-22.39.30:362][824]LogModuleManager: Shutting down and abandoning module BlueprintGraph (200)
[2015.12.25-22.39.30:362][824]LogModuleManager: Shutting down and abandoning module CrashTracker (199)
[2015.12.25-22.39.30:362][824]LogModuleManager: Shutting down and abandoning module WorldBrowser (198)
[2015.12.25-22.39.30:362][824]LogModuleManager: Shutting down and abandoning module SceneOutliner (197)
[2015.12.25-22.39.30:362][824]LogModuleManager: Shutting down and abandoning module SuperSearch (196)
[2015.12.25-22.39.30:362][824]LogModuleManager: Shutting down and abandoning module WidgetCarousel (195)
[2015.12.25-22.39.30:362][824]LogModuleManager: Shutting down and abandoning module AddContentDialog (194)
[2015.12.25-22.39.30:363][824]LogModuleManager: Shutting down and abandoning module EditorWidgets (193)
[2015.12.25-22.39.30:363][824]LogModuleManager: Shutting down and abandoning module CollectionManager (192)
[2015.12.25-22.39.30:363][824]LogModuleManager: Shutting down and abandoning module StatsViewer (191)
[2015.12.25-22.39.30:363][824]LogModuleManager: Shutting down and abandoning module FoliageEdit (190)
[2015.12.25-22.39.30:363][824]LogModuleManager: Shutting down and abandoning module LandscapeEditor (189)
[2015.12.25-22.39.30:364][824]LogModuleManager: Shutting down and abandoning module ActorPickerMode (188)
[2015.12.25-22.39.30:364][824]LogModuleManager: Shutting down and abandoning module GeometryMode (187)
[2015.12.25-22.39.30:364][824]LogModuleManager: Shutting down and abandoning module TextureAlignMode (186)
[2015.12.25-22.39.30:364][824]LogModuleManager: Shutting down and abandoning module BspMode (185)
[2015.12.25-22.39.30:364][824]LogModuleManager: Shutting down and abandoning module PlacementMode (184)
[2015.12.25-22.39.30:364][824]LogModuleManager: Shutting down and abandoning module AutomationWorker (183)
[2015.12.25-22.39.30:364][824]LogModuleManager: Shutting down and abandoning module CharacterAI (182)
[2015.12.25-22.39.30:364][824]LogModuleManager: Shutting down and abandoning module SmartSnapping (181)
[2015.12.25-22.39.30:364][824]LogModuleManager: Shutting down and abandoning module ViewportSnapping (180)
[2015.12.25-22.39.30:364][824]LogModuleManager: Shutting down and abandoning module LogVisualizer (179)
[2015.12.25-22.39.30:364][824]LogModuleManager: Shutting down and abandoning module GameProjectGeneration (178)
[2015.12.25-22.39.30:364][824]LogModuleManager: Shutting down and abandoning module IntroTutorials (177)
[2015.12.25-22.39.30:364][824]LogModuleManager: Shutting down and abandoning module EditorLiveStreaming (176)
[2015.12.25-22.39.30:364][824]LogModuleManager: Shutting down and abandoning module IOSPlatformEditor (175)
[2015.12.25-22.39.30:364][824]LogModuleManager: Shutting down and abandoning module HTML5PlatformEditor (174)
[2015.12.25-22.39.30:364][824]LogModuleManager: Shutting down and abandoning module AndroidDeviceDetection (173)
[2015.12.25-22.39.31:140][824]LogModuleManager: Shutting down and abandoning module AndroidPlatformEditor (172)
[2015.12.25-22.39.31:140][824]LogModuleManager: Shutting down and abandoning module IOSRuntimeSettings (171)
[2015.12.25-22.39.31:140][824]LogModuleManager: Shutting down and abandoning module AndroidRuntimeSettings (170)
[2015.12.25-22.39.31:140][824]LogModuleManager: Shutting down and abandoning module MergeActors (169)
[2015.12.25-22.39.31:140][824]LogModuleManager: Shutting down and abandoning module SizeMap (168)
[2015.12.25-22.39.31:140][824]LogModuleManager: Shutting down and abandoning module TreeMap (167)
[2015.12.25-22.39.31:140][824]LogModuleManager: Shutting down and abandoning module ReferenceViewer (166)
[2015.12.25-22.39.31:140][824]LogModuleManager: Shutting down and abandoning module LocalizationService (165)
[2015.12.25-22.39.31:140][824]LogModuleManager: Shutting down and abandoning module LocalizationDashboard (164)
[2015.12.25-22.39.31:140][824]LogModuleManager: Shutting down and abandoning module HardwareTargeting (163)
[2015.12.25-22.39.31:140][824]LogModuleManager: Shutting down and abandoning module DeviceProfileEditor (162)
[2015.12.25-22.39.31:140][824]LogModuleManager: Shutting down and abandoning module UndoHistory (161)
[2015.12.25-22.39.31:140][824]LogModuleManager: Shutting down and abandoning module GameplayTagsEditor (160)
[2015.12.25-22.39.31:140][824]LogModuleManager: Shutting down and abandoning module UserFeedback (159)
[2015.12.25-22.39.31:140][824]LogModuleManager: Shutting down and abandoning module XmlParser (158)
[2015.12.25-22.39.31:140][824]LogModuleManager: Shutting down and abandoning module Blutility (157)
[2015.12.25-22.39.31:140][824]LogModuleManager: Shutting down and abandoning module ProjectTargetPlatformEditor (156)
[2015.12.25-22.39.31:140][824]LogModuleManager: Shutting down and abandoning module ProjectSettingsViewer (155)
[2015.12.25-22.39.31:140][824]LogModuleManager: Shutting down and abandoning module InputBindingEditor (154)
[2015.12.25-22.39.31:141][824]LogModuleManager: Shutting down and abandoning module EditorSettingsViewer (153)
[2015.12.25-22.39.31:141][824]LogModuleManager: Shutting down and abandoning module SettingsEditor (152)
[2015.12.25-22.39.31:141][824]LogModuleManager: Shutting down and abandoning module ProjectLauncher (151)
[2015.12.25-22.39.31:141][824]LogModuleManager: Shutting down and abandoning module SessionFrontend (150)
[2015.12.25-22.39.31:141][824]LogModuleManager: Shutting down and abandoning module ProfilerClient (149)
[2015.12.25-22.39.31:141][824]LogModuleManager: Shutting down and abandoning module TargetDeviceServices (148)
[2015.12.25-22.39.31:141][824]LogModuleManager: Shutting down and abandoning module DeviceManager (147)
[2015.12.25-22.39.31:141][824]LogModuleManager: Shutting down and abandoning module AutomationController (146)
[2015.12.25-22.39.31:141][824]LogModuleManager: Shutting down and abandoning module AutomationWindow (145)
[2015.12.25-22.39.31:141][824]LogModuleManager: Shutting down and abandoning module Layers (144)
[2015.12.25-22.39.31:141][824]LogModuleManager: Shutting down and abandoning module ComponentVisualizers (143)
[2015.12.25-22.39.31:141][824]LogModuleManager: Shutting down and abandoning module DetailCustomizations (142)
[2015.12.25-22.39.31:141][824]LogModuleManager: Shutting down and abandoning module PackagesDialog (141)
[2015.12.25-22.39.31:141][824]LogModuleManager: Shutting down and abandoning module Persona (140)
[2015.12.25-22.39.31:141][824]LogModuleManager: Shutting down and abandoning module Kismet (139)
[2015.12.25-22.39.31:141][824]LogModuleManager: Shutting down and abandoning module GraphEditor (138)
[2015.12.25-22.39.31:141][824]LogModuleManager: Shutting down and abandoning module ClassViewer (137)
[2015.12.25-22.39.31:142][824]LogModuleManager: Shutting down and abandoning module Toolbox (136)
[2015.12.25-22.39.31:142][824]LogModuleManager: Shutting down and abandoning module ModuleUI (135)
[2015.12.25-22.39.31:142][824]LogModuleManager: Shutting down and abandoning module MovieSceneTools (134)
[2015.12.25-22.39.31:142][824]LogModuleManager: Shutting down and abandoning module OutputLog (133)
[2015.12.25-22.39.31:142][824]LogModuleManager: Shutting down and abandoning module GammaUI (132)
[2015.12.25-22.39.31:142][824]LogModuleManager: Shutting down and abandoning module Documentation (131)
[2015.12.25-22.39.31:142][824]LogModuleManager: Shutting down and abandoning module GameLiveStreaming (130)
[2015.12.25-22.39.31:142][824]LogModuleManager: Shutting down and abandoning module StreamingPauseRendering (129)
[2015.12.25-22.39.31:142][824]LogModuleManager: Shutting down and abandoning module AnalyticsET (128)
[2015.12.25-22.39.31:142][824]LogModuleManager: Shutting down and abandoning module Analytics (127)
[2015.12.25-22.39.31:142][824]LogModuleManager: Shutting down and abandoning module AITestSuite (126)
[2015.12.25-22.39.31:142][824]LogModuleManager: Shutting down and abandoning module GameplayDebugger (125)
[2015.12.25-22.39.31:142][824]LogModuleManager: Shutting down and abandoning module AIModule (124)
[2015.12.25-22.39.31:142][824]LogModuleManager: Shutting down and abandoning module ProfilerService (123)
[2015.12.25-22.39.31:241][824]LogModuleManager: Shutting down and abandoning module TaskGraph (122)
[2015.12.25-22.39.31:241][824]LogModuleManager: Shutting down and abandoning module SlateRemote (121)
[2015.12.25-22.39.31:241][824]LogModuleManager: Shutting down and abandoning module SteamVRController (120)
[2015.12.25-22.39.31:241][824]LogModuleManager: Shutting down and abandoning module SteamVR (119)
[2015.12.25-22.39.31:241][824]LogModuleManager: Shutting down and abandoning module ProceduralMeshComponent (118)
[2015.12.25-22.39.31:241][824]LogModuleManager: Shutting down and abandoning module OculusLibrary (117)
[2015.12.25-22.39.31:241][824]LogModuleManager: Shutting down and abandoning module OculusInput (116)
[2015.12.25-22.39.31:241][824]LogModuleManager: Shutting down and abandoning module LeapMotionController (115)
[2015.12.25-22.39.31:252][824]LogModuleManager: Shutting down and abandoning module CustomMeshComponent (114)
[2015.12.25-22.39.31:252][824]LogModuleManager: Shutting down and abandoning module CableComponent (113)
[2015.12.25-22.39.31:252][824]LogModuleManager: Shutting down and abandoning module ArchVisCharacter (112)
[2015.12.25-22.39.31:252][824]LogModuleManager: Shutting down and abandoning module MessagingDebugger (111)
[2015.12.25-22.39.31:252][824]LogModuleManager: Shutting down and abandoning module MediaPlayerEditor (110)
[2015.12.25-22.39.31:252][824]LogModuleManager: Shutting down and abandoning module HTML5Networking (109)
[2015.12.25-22.39.31:252][824]LogModuleManager: Shutting down and abandoning module SpeedTreeImporter (108)
[2015.12.25-22.39.31:252][824]LogModuleManager: Shutting down and abandoning module PluginBrowser (107)
[2015.12.25-22.39.31:252][824]LogModuleManager: Shutting down and abandoning module EpicSurvey (106)
[2015.12.25-22.39.31:252][824]LogModuleManager: Shutting down and abandoning module DesktopPlatform (105)
[2015.12.25-22.39.31:252][824]LogModuleManager: Shutting down and abandoning module VisualStudioSourceCodeAccess (104)
[2015.12.25-22.39.31:252][824]LogModuleManager: Shutting down and abandoning module UObjectPlugin (103)
[2015.12.25-22.39.31:252][824]LogModuleManager: Shutting down and abandoning module SubversionSourceControl (102)
[2015.12.25-22.39.31:252][824]LogModuleManager: Shutting down and abandoning module PerforceSourceControl (101)
[2015.12.25-22.39.31:252][824]LogModuleManager: Shutting down and abandoning module SourceControl (100)
[2015.12.25-22.39.31:252][824]LogModuleManager: Shutting down and abandoning module GitSourceControl (99)
[2015.12.25-22.39.31:252][824]LogModuleManager: Shutting down and abandoning module LightPropagationVolumeEditor (98)
[2015.12.25-22.39.31:252][824]LogModuleManager: Shutting down and abandoning module PaperTiledImporter (97)
[2015.12.25-22.39.31:252][824]LogModuleManager: Shutting down and abandoning module PaperSpriteSheetImporter (96)
[2015.12.25-22.39.31:252][824]LogModuleManager: Shutting down and abandoning module MeshPaint (95)
[2015.12.25-22.39.31:252][824]LogModuleManager: Shutting down and abandoning module SlateReflector (94)
[2015.12.25-22.39.31:252][824]LogModuleManager: Shutting down and abandoning module HotReload (93)
[2015.12.25-22.39.31:252][824]LogModuleManager: Shutting down and abandoning module MainFrame (92)
[2015.12.25-22.39.31:252][824]LogModuleManager: Shutting down and abandoning module LevelEditor (91)
[2015.12.25-22.39.31:253][824]LogModuleManager: Shutting down and abandoning module DirectoryWatcher (90)
[2015.12.25-22.39.31:254][824]LogModuleManager: Shutting down and abandoning module AssetRegistry (89)
[2015.12.25-22.39.31:306][824]LogModuleManager: Shutting down and abandoning module ContentBrowser (88)
[2015.12.25-22.39.31:307][824]LogModuleManager: Shutting down and abandoning module Paper2DEditor (87)
[2015.12.25-22.39.31:307][824]LogModuleManager: Shutting down and abandoning module UdpMessaging (86)
[2015.12.25-22.39.31:407][824]LogModuleManager: Shutting down and abandoning module LightPropagationVolumeRuntime (85)
[2015.12.25-22.39.31:407][824]LogModuleManager: Shutting down and abandoning module Paper2D (84)
[2015.12.25-22.39.31:407][824]LogModuleManager: Shutting down and abandoning module WindowsMoviePlayer (83)
[2015.12.25-22.39.31:410][824]LogModuleManager: Shutting down and abandoning module Media (82)
[2015.12.25-22.39.31:410][824]LogModuleManager: Shutting down and abandoning module WmfMedia (81)
[2015.12.25-22.39.31:410][824]LogModuleManager: Shutting down and abandoning module OnlineBlueprintSupport (80)
[2015.12.25-22.39.31:410][824]LogModuleManager: Shutting down and abandoning module GameplayTasksEditor (79)
[2015.12.25-22.39.31:410][824]LogModuleManager: Shutting down and abandoning module PropertyEditor (78)
[2015.12.25-22.39.31:410][824]LogModuleManager: Shutting down and abandoning module BehaviorTreeEditor (77)
[2015.12.25-22.39.31:410][824]LogModuleManager: Shutting down and abandoning module FunctionalTesting (76)
[2015.12.25-22.39.31:410][824]LogModuleManager: Shutting down and abandoning module CollisionAnalyzer (75)
[2015.12.25-22.39.31:410][824]LogModuleManager: Shutting down and abandoning module WorkspaceMenuStructure (74)
[2015.12.25-22.39.31:410][824]LogModuleManager: Shutting down and abandoning module MessageLog (73)
[2015.12.25-22.39.31:410][824]LogModuleManager: Shutting down and abandoning module Sequencer (72)
[2015.12.25-22.39.31:411][824]LogModuleManager: Shutting down and abandoning module AssetTools (71)
[2015.12.25-22.39.31:411][824]LogModuleManager: Shutting down and abandoning module UMGEditor (70)
[2015.12.25-22.39.31:411][824]LogModuleManager: Shutting down and abandoning module UMG (69)
[2015.12.25-22.39.31:411][824]LogModuleManager: Shutting down and abandoning module Slate (68)
[2015.12.25-22.39.31:411][824]LogModuleManager: Shutting down and abandoning module EditorStyle (67)
[2015.12.25-22.39.31:417][824]LogModuleManager: Shutting down and abandoning module SessionServices (66)
[2015.12.25-22.39.31:417][824]LogModuleManager: Shutting down and abandoning module SourceCodeAccess (65)
[2015.12.25-22.39.31:417][824]LogModuleManager: Shutting down and abandoning module HeadMountedDisplay (64)
[2015.12.25-22.39.31:417][824]LogModuleManager: Shutting down and abandoning module XAudio2 (63)
[2015.12.25-22.39.31:417][824]LogModuleManager: Shutting down and abandoning module Networking (61)
[2015.12.25-22.39.31:417][824]LogModuleManager: Shutting down and abandoning module Core (60)
[2015.12.25-22.39.31:417][824]LogModuleManager: Shutting down and abandoning module KismetCompiler (59)
[2015.12.25-22.39.31:417][824]LogModuleManager: Shutting down and abandoning module PhysXFormats (58)
[2015.12.25-22.39.31:417][824]LogModuleManager: Shutting down and abandoning module MeshUtilities (57)
[2015.12.25-22.39.31:417][824]LogModuleManager: Shutting down and abandoning module DerivedDataCache (56)
[2015.12.25-22.39.31:493][824]LogDerivedDataCache: Shutdown
[2015.12.25-22.39.31:493][824]LogModuleManager: Shutting down and abandoning module ShaderFormatOpenGL (55)
[2015.12.25-22.39.31:493][824]LogModuleManager: Shutting down and abandoning module ShaderFormatD3D (54)
[2015.12.25-22.39.31:493][824]LogModuleManager: Shutting down and abandoning module MetalShaderFormat (53)
[2015.12.25-22.39.31:493][824]LogModuleManager: Shutting down and abandoning module TextureFormatUncompressed (52)
[2015.12.25-22.39.31:493][824]LogModuleManager: Shutting down and abandoning module TextureFormatPVR (51)
[2015.12.25-22.39.31:493][824]LogModuleManager: Shutting down and abandoning module TextureFormatIntelISPCTexComp (50)
[2015.12.25-22.39.31:493][824]LogModuleManager: Shutting down and abandoning module TextureFormatDXT (49)
[2015.12.25-22.39.31:493][824]LogModuleManager: Shutting down and abandoning module ImageWrapper (48)
[2015.12.25-22.39.31:493][824]LogModuleManager: Shutting down and abandoning module TextureFormatASTC (47)
[2015.12.25-22.39.31:493][824]LogModuleManager: Shutting down and abandoning module TextureFormatAndroid (46)
[2015.12.25-22.39.31:493][824]LogModuleManager: Shutting down and abandoning module AudioFormatOpus (45)
[2015.12.25-22.39.31:493][824]LogModuleManager: Shutting down and abandoning module AudioFormatOgg (44)
[2015.12.25-22.39.31:493][824]LogModuleManager: Shutting down and abandoning module AudioFormatADPCM (43)
[2015.12.25-22.39.31:493][824]LogModuleManager: Shutting down and abandoning module LinuxTargetPlatform (42)
[2015.12.25-22.39.31:493][824]LogModuleManager: Shutting down and abandoning module LinuxServerTargetPlatform (41)
[2015.12.25-22.39.31:493][824]LogModuleManager: Shutting down and abandoning module LinuxNoEditorTargetPlatform (40)
[2015.12.25-22.39.31:493][824]LogModuleManager: Shutting down and abandoning module Messaging (39)
[2015.12.25-22.39.31:493][824]LogModuleManager: Shutting down and abandoning module IOSTargetPlatform (38)
[2015.12.25-22.39.31:493][824]LogModuleManager: Shutting down and abandoning module HTML5TargetPlatform (37)
[2015.12.25-22.39.31:493][824]LogModuleManager: Shutting down and abandoning module Android_PVRTCTargetPlatform (36)
[2015.12.25-22.39.31:493][824]LogModuleManager: Shutting down and abandoning module Android_MultiTargetPlatform (35)
[2015.12.25-22.39.31:493][824]LogModuleManager: Shutting down and abandoning module Android_ETC2TargetPlatform (34)
[2015.12.25-22.39.31:493][824]LogModuleManager: Shutting down and abandoning module Android_ETC1TargetPlatform (33)
[2015.12.25-22.39.31:493][824]LogModuleManager: Shutting down and abandoning module Android_DXTTargetPlatform (32)
[2015.12.25-22.39.31:493][824]LogModuleManager: Shutting down and abandoning module Android_ATCTargetPlatform (31)
[2015.12.25-22.39.31:493][824]LogModuleManager: Shutting down and abandoning module Android_ASTCTargetPlatform (30)
[2015.12.25-22.39.31:493][824]LogModuleManager: Shutting down and abandoning module AndroidTargetPlatform (29)
[2015.12.25-22.39.31:493][824]LogModuleManager: Shutting down and abandoning module WindowsTargetPlatform (28)
[2015.12.25-22.39.31:493][824]LogModuleManager: Shutting down and abandoning module WindowsServerTargetPlatform (27)
[2015.12.25-22.39.31:493][824]LogModuleManager: Shutting down and abandoning module WindowsNoEditorTargetPlatform (26)
[2015.12.25-22.39.31:493][824]LogModuleManager: Shutting down and abandoning module WindowsClientTargetPlatform (25)
[2015.12.25-22.39.31:493][824]LogModuleManager: Shutting down and abandoning module AllDesktopTargetPlatform (24)
[2015.12.25-22.39.31:493][824]LogModuleManager: Shutting down and abandoning module TargetPlatform (23)
[2015.12.25-22.39.31:493][824]LogModuleManager: Shutting down and abandoning module InputCore (22)
[2015.12.25-22.39.31:493][824]LogModuleManager: Shutting down and abandoning module Settings (21)
[2015.12.25-22.39.31:493][824]LogModuleManager: Shutting down and abandoning module OnlineSubsystem (19)
[2015.12.25-22.39.31:493][824]LogModuleManager: Shutting down and abandoning module HTTP (18)
[2015.12.25-22.39.32:494][824]LogModuleManager: Shutting down and abandoning module XMPP (17)
[2015.12.25-22.39.32:494][824]LogModuleManager: Shutting down and abandoning module OculusRift (16)
[2015.12.25-22.39.32:494][824]LogModuleManager: Shutting down and abandoning module ExampleDeviceProfileSelector (15)
[2015.12.25-22.39.32:494][824]LogModuleManager: Shutting down and abandoning module TextureCompressor (14)
[2015.12.25-22.39.32:494][824]LogModuleManager: Shutting down and abandoning module ShaderCore (13)
[2015.12.25-22.39.32:494][824]LogModuleManager: Shutting down and abandoning module Landscape (12)
[2015.12.25-22.39.32:494][824]LogModuleManager: Shutting down and abandoning module SlateRHIRenderer (11)
[2015.12.25-22.39.32:495][824]LogModuleManager: Shutting down and abandoning module OpenGLDrv (10)
[2015.12.25-22.39.32:495][824]LogModuleManager: Shutting down and abandoning module D3D11RHI (9)
[2015.12.25-22.39.32:495][824]LogModuleManager: Shutting down and abandoning module AnimGraphRuntime (8)
[2015.12.25-22.39.32:495][824]LogModuleManager: Shutting down and abandoning module Renderer (7)
[2015.12.25-22.39.32:495][824]LogModuleManager: Shutting down and abandoning module Engine (6)
[2015.12.25-22.39.32:495][824]LogModuleManager: Shutting down and abandoning module CoreUObject (5)
[2015.12.25-22.39.32:495][824]LogModuleManager: Shutting down and abandoning module NetworkFile (4)
[2015.12.25-22.39.32:495][824]LogModuleManager: Shutting down and abandoning module StreamingFile (3)
[2015.12.25-22.39.32:495][824]LogModuleManager: Shutting down and abandoning module SandboxFile (2)
[2015.12.25-22.39.32:495][824]LogModuleManager: Shutting down and abandoning module PakFile (1)
[2015.12.25-22.39.32:496][824]LogExit: Exiting.
[2015.12.25-22.39.32:498][824]Log file closed, 12/25/15 14:39:32
