[2016.01.06-02.15.51:215][  0]Log file open, 01/05/16 18:15:51
[2016.01.06-02.15.51:215][  0]LogInit:Display: Running engine for game: MyProject19
[2016.01.06-02.15.51:215][  0]LogPlatformFile: Not using cached read wrapper
[2016.01.06-02.15.51:215][  0]LogInit:Display: RandInit(-1403880575) SRandInit(-1403880572).
[2016.01.06-02.15.51:215][  0]LogTaskGraph: Started task graph with 4 named threads and 7 total threads.
[2016.01.06-02.15.51:215][  0]LogStats: Stats thread started at 0.089439
[2016.01.06-02.15.51:215][  0]LogInit: Version: 4.10.1-2791327+++depot+UE4-Releases+4.10
[2016.01.06-02.15.51:215][  0]LogInit: API Version: 2758231
[2016.01.06-02.15.51:215][  0]LogInit: Compiled (64-bit): Dec  4 2015 19:44:40
[2016.01.06-02.15.51:215][  0]LogInit: Compiled with Visual C++: 19.00.23026.00
[2016.01.06-02.15.51:215][  0]LogInit: Build Configuration: Development
[2016.01.06-02.15.51:215][  0]LogInit: Branch Name: ++depot+UE4-Releases+4.10
[2016.01.06-02.15.51:215][  0]LogInit: Command line:  
[2016.01.06-02.15.51:215][  0]LogInit: Base directory: C:/Program Files/Epic Games/4.10/Engine/Binaries/Win64/
[2016.01.06-02.15.51:215][  0]LogInit: Rocket: 1
[2016.01.06-02.15.51:227][  0]LogInit: Using libcurl 7.41.0
[2016.01.06-02.15.51:227][  0]LogInit:  - built for x86_64-pc-win32
[2016.01.06-02.15.51:227][  0]LogInit:  - supports SSL with WinSSL
[2016.01.06-02.15.51:227][  0]LogInit:  - other features:
[2016.01.06-02.15.51:227][  0]LogInit:      CURL_VERSION_SSL
[2016.01.06-02.15.51:227][  0]LogInit:      CURL_VERSION_IPV6
[2016.01.06-02.15.51:227][  0]LogInit:      CURL_VERSION_ASYNCHDNS
[2016.01.06-02.15.51:227][  0]LogInit:      CURL_VERSION_LARGEFILE
[2016.01.06-02.15.51:227][  0]LogInit:      CURL_VERSION_IDN
[2016.01.06-02.15.51:227][  0]LogInit:  CurlRequestOptions (configurable via config and command line):
[2016.01.06-02.15.51:227][  0]LogInit:  - bVerifyPeer = true  - Libcurl will verify peer certificate
[2016.01.06-02.15.51:227][  0]LogInit:  - bUseHttpProxy = false  - Libcurl will NOT use HTTP proxy
[2016.01.06-02.15.51:227][  0]LogInit:  - bDontReuseConnections = false  - Libcurl will reuse connections
[2016.01.06-02.15.51:227][  0]LogInit:  - CertBundlePath = nullptr  - Libcurl will use whatever was configured at build time.
[2016.01.06-02.15.51:235][  0]LogInit: Presizing for 0 objects not considered by GC, pre-allocating 0 bytes.
[2016.01.06-02.15.51:242][  0]LogInit: Object subsystem initialized
[2016.01.06-02.15.51:243][  0]LogInit: Selected Device Profile: [Windows]
[2016.01.06-02.15.51:243][  0]LogInit: Applying CVar settings loaded from the selected device profile: [Windows]
[2016.01.06-02.15.51:252][  0]LogInit: Computer: MATT-PC
[2016.01.06-02.15.51:252][  0]LogInit: User: Matt
[2016.01.06-02.15.51:252][  0]LogInit: CPU Page size=4096, Cores=4
[2016.01.06-02.15.51:252][  0]LogInit: High frequency timer resolution =3.020517 MHz
[2016.01.06-02.15.51:252][  0]LogMemory: Memory total: Physical=7.9GB (8GB approx)
[2016.01.06-02.15.51:252][  0]LogMemory: Platform Memory Stats for Windows
[2016.01.06-02.15.51:252][  0]LogMemory: Process Physical Memory: 59.36 MB used, 59.36 MB peak
[2016.01.06-02.15.51:252][  0]LogMemory: Process Virtual Memory: 59.63 MB used, 59.63 MB peak
[2016.01.06-02.15.51:252][  0]LogMemory: Physical Memory: 4194.68 MB used, 8109.12 MB total
[2016.01.06-02.15.51:252][  0]LogMemory: Virtual Memory: 353.37 MB used, 8388608.00 MB total
[2016.01.06-02.15.51:321][  0]LogTextLocalizationManager: No specific translations for ('en-US') exist, so ('en') translations will be used.
[2016.01.06-02.15.51:738][  0]LogD3D11RHI: Found D3D11 adapter 0: AMD Radeon HD 7800 Series (Feature Level 11_0)
[2016.01.06-02.15.51:738][  0]LogD3D11RHI: Adapter has 2029MB of dedicated video memory, 0MB of dedicated system memory, and 3798MB of shared system memory, 1 output[s]
[2016.01.06-02.15.51:970][  0]LogD3D11RHI: Found D3D11 adapter 1: Intel(R) HD Graphics (Feature Level 11_0)
[2016.01.06-02.15.51:970][  0]LogD3D11RHI: Adapter has 64MB of dedicated video memory, 0MB of dedicated system memory, and 1632MB of shared system memory, 0 output[s]
[2016.01.06-02.15.51:970][  0]LogD3D11RHI: Chosen D3D11 Adapter Id = 0
[2016.01.06-02.15.51:976][  0]LogD3D11RHI: !Direct3DDevice
[2016.01.06-02.15.51:976][  0]LogRHI: Texture pool is 1361 MB (70% of 1945 MB)
[2016.01.06-02.15.51:980][  0]LogD3D11RHI: Async texture creation disabled: no driver support
[2016.01.06-02.15.51:989][  0]LogShaderCompilers: Guid format shader working directory is -28 characters bigger than the processId version (../../../../../../Users/Matt/Documents/GitHub/P3NGUIN/P3NGUIN/MyProject19/Intermediate/Shaders/WorkingDirectory/9704/).
[2016.01.06-02.15.51:989][  0]LogShaderCompilers: Cleaned the shader compiler working directory 'C:/Users/Matt/AppData/Local/Temp/UnrealShaderWorkingDir/DD1CD4284EC4166970284D8F91B58BC9/'.
[2016.01.06-02.15.51:989][  0]LogShaderCompilers:Display: Using Local Shader Compiler.
[2016.01.06-02.15.57:963][  0]LogTemp:Display: Loaded TP AllDesktopTargetPlatform
[2016.01.06-02.15.57:969][  0]LogTemp:Display: Loaded TP WindowsClientTargetPlatform
[2016.01.06-02.15.57:975][  0]LogTemp:Display: Loaded TP WindowsNoEditorTargetPlatform
[2016.01.06-02.15.57:980][  0]LogTemp:Display: Loaded TP WindowsServerTargetPlatform
[2016.01.06-02.15.57:986][  0]LogTemp:Display: Loaded TP WindowsTargetPlatform
[2016.01.06-02.15.57:991][  0]LogTemp:Display: Loaded TP AndroidTargetPlatform
[2016.01.06-02.15.57:995][  0]LogTemp:Display: Loaded TP Android_ASTCTargetPlatform
[2016.01.06-02.15.57:999][  0]LogTemp:Display: Loaded TP Android_ATCTargetPlatform
[2016.01.06-02.15.58:003][  0]LogTemp:Display: Loaded TP Android_DXTTargetPlatform
[2016.01.06-02.15.58:008][  0]LogTemp:Display: Loaded TP Android_ETC1TargetPlatform
[2016.01.06-02.15.58:012][  0]LogTemp:Display: Loaded TP Android_ETC2TargetPlatform
[2016.01.06-02.15.58:021][  0]LogTemp:Display: Loaded TP Android_MultiTargetPlatform
[2016.01.06-02.15.58:021][  0]LogTemp:Display: Loaded TP Android_PVRTCTargetPlatform
[2016.01.06-02.15.58:031][  0]LogTemp:Display: Loaded TP HTML5TargetPlatform
[2016.01.06-02.15.58:071][  0]LogTemp:Display: Loaded TP IOSTargetPlatform
[2016.01.06-02.15.58:075][  0]LogTemp:Display: Loaded TP LinuxNoEditorTargetPlatform
[2016.01.06-02.15.58:078][  0]LogTemp:Display: Loaded TP LinuxServerTargetPlatform
[2016.01.06-02.15.58:110][  0]LogTemp:Display: Loaded TP LinuxTargetPlatform
[2016.01.06-02.15.58:110][  0]LogTargetPlatformManager:Display: Building Assets For Windows
[2016.01.06-02.15.58:669][  0]LogDerivedDataCache:Display: Max Cache Size: 512 MB
[2016.01.06-02.15.59:382][  0]LogDerivedDataCache: Loaded boot cache 0.71s 41MB C:/Users/Matt/AppData/Local/UnrealEngine/4.10/DerivedDataCache/Boot.ddc.
[2016.01.06-02.15.59:382][  0]LogDerivedDataCache:Display: Loaded Boot cache: C:/Users/Matt/AppData/Local/UnrealEngine/4.10/DerivedDataCache/Boot.ddc
[2016.01.06-02.15.59:382][  0]LogDerivedDataCache: FDerivedDataBackendGraph:  Pak pak cache file ../../../../../../Users/Matt/Documents/GitHub/P3NGUIN/P3NGUIN/MyProject19/DerivedDataCache/DDC.ddp not found, will not use a pak cache.
[2016.01.06-02.15.59:382][  0]LogDerivedDataCache: Unable to find inner node Pak for hierarchical cache Hierarchy.
[2016.01.06-02.15.59:382][  0]LogDerivedDataCache: FDerivedDataBackendGraph:  CompressedPak pak cache file ../../../../../../Users/Matt/Documents/GitHub/P3NGUIN/P3NGUIN/MyProject19/DerivedDataCache/Compressed.ddp not found, will not use a pak cache.
[2016.01.06-02.15.59:382][  0]LogDerivedDataCache: Unable to find inner node CompressedPak for hierarchical cache Hierarchy.
[2016.01.06-02.15.59:467][  0]LogDerivedDataCache:Display: Pak cache opened for reading ../../../Engine/DerivedDataCache/Compressed.ddp.
[2016.01.06-02.15.59:479][  0]LogDerivedDataCache: Using Local data cache path C:/Users/Matt/AppData/Local/UnrealEngine/Common/DerivedDataCache: Writable
[2016.01.06-02.16.03:991][  0]LogInit: Selected Device Profile: [Windows]
[2016.01.06-02.16.03:991][  0]LogContentStreaming: Texture pool size is 0.000000MB
[2016.01.06-02.16.04:124][  0]LogMeshUtilities: No automatic mesh reduction module available
[2016.01.06-02.16.04:124][  0]LogMeshUtilities: No automatic mesh merging module available
[2016.01.06-02.16.04:606][  0]LogInit: WinSock: version 1.1 (2.2), MaxSocks=32767, MaxUdp=65467
[2016.01.06-02.16.30:536][  0]UdpMessaging: Initializing bridge on interface 0.0.0.0:0 to multicast group 230.0.0.1:6666.
[2016.01.06-02.16.31:188][  0]LogAssetRegistry: FAssetRegistry took 0.0099 seconds to start up
[2016.01.06-02.16.31:705][  0]SourceControl: Info Source control is disabled
[2016.01.06-02.16.31:707][  0]SourceControl: Info Source control is disabled
[2016.01.06-02.16.31:764][  0]SourceControl: Info Source control is disabled
[2016.01.06-02.16.31:842][  0]SourceControl: Info Source control is disabled
[2016.01.06-02.16.33:665][  0]LogObj: 28633 objects as part of root set at end of initial load.
[2016.01.06-02.16.33:665][  0]LogUObjectAllocator: 6099752 out of 0 bytes used by permanent object pool.
[2016.01.06-02.16.33:899][  0]LogEngine: Initializing Engine...
[2016.01.06-02.16.33:908][  0]LogHMD: Can't find Oculus library dev build: is proper Runtime installed? Version: 0.8.0.0
[2016.01.06-02.16.34:057][  0]LogHMD: SteamVR failed to initialize.  Err: 110
[2016.01.06-02.16.34:229][  0]LogAIModule: Creating AISystem for world NewWorld
[2016.01.06-02.16.34:286][  0]LogInit: XAudio2 using 'Speakers (Realtek High Definition Audio)' : 2 channels at 48 kHz using 32 bits per sample (channel mask 0x3)
[2016.01.06-02.16.34:331][  0]LogInit: FAudioDevice initialized.
[2016.01.06-02.16.34:471][  0]LogDerivedDataCache: Saved boot cache 0.14s 41MB C:/Users/Matt/AppData/Local/UnrealEngine/4.10/DerivedDataCache/Boot.ddc.
[2016.01.06-02.16.34:474][  0]LogInit: Texture streaming: Enabled
[2016.01.06-02.16.34:505][  0]LogAnalytics: Creating configured Analytics provider AnalyticsET
[2016.01.06-02.16.34:505][  0]LogAnalytics: [UEEditor.Rocket.Release] APIServer = http://et2.epicgames.com/ET2/. AppVersion = 4.10.1-2791327+++depot+UE4-Releases+4.10
[2016.01.06-02.16.34:505][  0]LogAnalytics: [UEEditor.Rocket.Release] SetUserId de43219841e5038bf49fbfa481591ee0|4e461f00ab6f49d29405414d884919d6|9448dfb4-8168-4a85-8046-6b7a073564d8
[2016.01.06-02.16.34:505][  0]LogAnalytics: [UEEditor.Rocket.Release] AnalyticsET::StartSession
[2016.01.06-02.16.35:269][  0]LogInit: Transaction tracking system initialized
[2016.01.06-02.16.35:980][  0]BlueprintLog: New page: Editor Load
[2016.01.06-02.16.38:178][  0]LocalizationService: Info Localization service is disabled
[2016.01.06-02.16.40:203][  0]LogConsoleResponse:Display: 
[2016.01.06-02.16.42:216][  0]LogCook:Display: Done creating registry. It took  0.00s.
[2016.01.06-02.16.44:053][  0]LogFileCache: Scanning file cache for directory 'C:/Users/Matt/Documents/GitHub/P3NGUIN/P3NGUIN/MyProject19/Content/' took 0.02s
[2016.01.06-02.16.45:694][  0]SourceControl: Info Source control is disabled
[2016.01.06-02.16.45:694][  0]Cmd: MAP LOAD FILE="../../../../../../Users/Matt/Documents/GitHub/P3NGUIN/P3NGUIN/MyProject19/Content/Maps/ThirdPersonExampleMap.umap" TEMPLATE=0 SHOWPROGRESS=1 FEATURELEVEL=3
[2016.01.06-02.16.45:695][  0]LightingResults: New page: Lighting Build
[2016.01.06-02.16.45:698][  0]MapCheck: New page: Map Check
[2016.01.06-02.16.45:698][  0]LightingResults: New page: Lighting Build
[2016.01.06-02.16.45:710][  0]LogParticles: Destroying 0 GPU particle simulations for FXSystem 0x0000000020F96160
[2016.01.06-02.16.45:722][  0]LogLinker:Warning: Asset '../../../../../../Users/Matt/Documents/GitHub/P3NGUIN/P3NGUIN/MyProject19/Content/Mannequin/Animations/ThirdPerson_AnimBP.uasset' has been saved with empty engine version. The asset will be loaded but may be incompatible.
[2016.01.06-02.16.45:723][  0]LogLinker:Warning: Asset '../../../../../../Users/Matt/Documents/GitHub/P3NGUIN/P3NGUIN/MyProject19/Content/Mannequin/Animations/ThirdPerson_Jump.uasset' has been saved with empty engine version. The asset will be loaded but may be incompatible.
[2016.01.06-02.16.45:725][  0]LogLinker:Warning: Asset '../../../../../../Users/Matt/Documents/GitHub/P3NGUIN/P3NGUIN/MyProject19/Content/Mannequin/Animations/ThirdPersonJump_Loop.uasset' has been saved with empty engine version. The asset will be loaded but may be incompatible.
[2016.01.06-02.16.45:726][  0]LogLinker:Warning: Asset '../../../../../../Users/Matt/Documents/GitHub/P3NGUIN/P3NGUIN/MyProject19/Content/Mannequin/Animations/ThirdPersonJump_Start.uasset' has been saved with empty engine version. The asset will be loaded but may be incompatible.
[2016.01.06-02.16.45:728][  0]LogLinker:Warning: Asset '../../../../../../Users/Matt/Documents/GitHub/P3NGUIN/P3NGUIN/MyProject19/Content/Mannequin/Animations/ThirdPerson_IdleRun_2D.uasset' has been saved with empty engine version. The asset will be loaded but may be incompatible.
[2016.01.06-02.16.45:728][  0]LogLinker:Warning: Asset '../../../../../../Users/Matt/Documents/GitHub/P3NGUIN/P3NGUIN/MyProject19/Content/Mannequin/Animations/ThirdPersonIdle.uasset' has been saved with empty engine version. The asset will be loaded but may be incompatible.
[2016.01.06-02.16.45:730][  0]LogLinker:Warning: Asset '../../../../../../Users/Matt/Documents/GitHub/P3NGUIN/P3NGUIN/MyProject19/Content/Mannequin/Animations/ThirdPersonRun.uasset' has been saved with empty engine version. The asset will be loaded but may be incompatible.
[2016.01.06-02.16.45:731][  0]LogLinker:Warning: Asset '../../../../../../Users/Matt/Documents/GitHub/P3NGUIN/P3NGUIN/MyProject19/Content/Mannequin/Animations/ThirdPersonWalk.uasset' has been saved with empty engine version. The asset will be loaded but may be incompatible.
[2016.01.06-02.16.49:139][  0]LogBlueprint:Warning: [compiler ThirdPersonCharacter] Warning 'AbilitiesMenu' is already a 'Ability Menu', you don't need  Cast To AbilityMenu .
[2016.01.06-02.16.49:142][  0]LogBlueprint:Warning: [compiler ThirdPersonCharacter] Warning 'PointerClass' is already a 'Pointer', you don't need  Cast To Pointer .
[2016.01.06-02.16.49:143][  0]LogBlueprint:Warning: [compiler ThirdPersonCharacter] Warning No value will be returned by reference. Parameter 'EndTime'. Node:  (none) 
[2016.01.06-02.16.49:156][  0]LogBlueprint:Warning: [compiler ThirdPersonCharacter] Warning 'SecondPointer' is already a 'Pointer 2', you don't need  Cast To Pointer2 .
[2016.01.06-02.16.49:176][  0]LogBlueprint:Warning: [compiler ThirdPersonCharacter] Warning [0058.61] Compile of ThirdPersonCharacter successful, but with 4 Warning(s) [in 115 ms]
[2016.01.06-02.16.49:176][  0]LogBlueprint:Warning: [compiler ThirdPersonCharacter] Warning [0058.61] Compile of ThirdPersonCharacter successful, but with 5 Warning(s) [in 0 ms]
[2016.01.06-02.16.49:176][  0]LogBlueprint:Warning: [compiler ThirdPersonCharacter] Warning [0058.61] Compile of ThirdPersonCharacter successful, but with 6 Warning(s) [in 0 ms]
[2016.01.06-02.16.49:208][  0]LogBlueprint:Warning: [compiler TimeMeter] Warning 'ReturnValue' is already a 'Knife Represent', you don't need  Cast To KnifeRepresent .
[2016.01.06-02.16.49:211][  0]LogBlueprint:Warning: [compiler TimeMeter] Warning [0058.65] Compile of TimeMeter successful, but with 1 Warning(s) [in 15 ms]
[2016.01.06-02.16.49:213][  0]LogBlueprint:Warning: [compiler TimeMeter] Warning [0058.65] Compile of TimeMeter successful, but with 2 Warning(s) [in 1 ms]
[2016.01.06-02.16.49:213][  0]LogBlueprint:Warning: [compiler TimeMeter] Warning [0058.65] Compile of TimeMeter successful, but with 3 Warning(s) [in 0 ms]
[2016.01.06-02.16.49:265][  0]LogBlueprint:Warning: [compiler AbilityMenu] Warning 'ReturnValue' is already a 'Listed Item', you don't need  Cast To ListedItem .
[2016.01.06-02.16.49:266][  0]LogBlueprint:Warning: [compiler AbilityMenu] Warning 'ReturnValue' is already a 'Listed Item', you don't need  Cast To ListedItem .
[2016.01.06-02.16.49:270][  0]LogBlueprint:Warning: [compiler AbilityMenu] Warning [0058.71] Compile of AbilityMenu successful, but with 2 Warning(s) [in 28 ms]
[2016.01.06-02.16.49:272][  0]LogBlueprint:Warning: [compiler AbilityMenu] Warning [0058.71] Compile of AbilityMenu successful, but with 3 Warning(s) [in 2 ms]
[2016.01.06-02.16.49:272][  0]LogBlueprint:Warning: [compiler AbilityMenu] Warning [0058.71] Compile of AbilityMenu successful, but with 4 Warning(s) [in 0 ms]
[2016.01.06-02.16.49:321][  0]LogBlueprint:Warning: [compiler BasicKnife] Warning  Make HitResult  has no property tagged as BlueprintReadWrite. The node will be removed in a future release.
[2016.01.06-02.16.49:325][  0]LogBlueprint:Warning: [compiler BasicKnife] Warning [0058.76] Compile of BasicKnife successful, but with 1 Warning(s) [in 22 ms]
[2016.01.06-02.16.49:325][  0]LogBlueprint:Warning: [compiler BasicKnife] Warning [0058.76] Compile of BasicKnife successful, but with 2 Warning(s) [in 0 ms]
[2016.01.06-02.16.49:325][  0]LogBlueprint:Warning: [compiler BasicKnife] Warning [0058.76] Compile of BasicKnife successful, but with 3 Warning(s) [in 0 ms]
[2016.01.06-02.16.49:363][  0]LogBlueprint:Warning: [compiler FreeMovementLocator] Warning 'Third Person Character 2D' does not inherit from 'Player Controller' ( Cast To ThirdPersonCharacter2D  would always fail).
[2016.01.06-02.16.49:364][  0]LogBlueprint:Warning: [compiler FreeMovementLocator] Warning [0058.80] Compile of FreeMovementLocator successful, but with 1 Warning(s) [in 3 ms]
[2016.01.06-02.16.49:364][  0]LogBlueprint:Warning: [compiler FreeMovementLocator] Warning [0058.80] Compile of FreeMovementLocator successful, but with 2 Warning(s) [in 0 ms]
[2016.01.06-02.16.49:364][  0]LogBlueprint:Warning: [compiler FreeMovementLocator] Warning [0058.80] Compile of FreeMovementLocator successful, but with 3 Warning(s) [in 0 ms]
[2016.01.06-02.16.49:932][  0]LogBlueprint:Warning: [compiler ThirdPersonCharacter2D] Warning No value will be returned by reference. Parameter 'EndTime'. Node:  (none) 
[2016.01.06-02.16.49:948][  0]LogBlueprint:Warning: [compiler ThirdPersonCharacter2D] Warning 'AbilitiesMenu' is already a 'Ability Menu', you don't need  Cast To AbilityMenu .
[2016.01.06-02.16.49:948][  0]LogBlueprint:Warning: [compiler ThirdPersonCharacter2D] Warning 'ReturnValue' is already a 'Knife', you don't need  Cast To Knife .
[2016.01.06-02.16.49:957][  0]LogBlueprint:Warning: [compiler ThirdPersonCharacter2D] Warning 'SecondPointer' is already a 'Pointer 2', you don't need  Cast To Pointer2 .
[2016.01.06-02.16.50:043][  0]LogBlueprint:Warning: [compiler ThirdPersonCharacter2D] Warning [0059.48] Compile of ThirdPersonCharacter2D successful, but with 4 Warning(s) [in 201 ms]
[2016.01.06-02.16.50:045][  0]LogBlueprint:Warning: [compiler ThirdPersonCharacter2D] Warning [0059.48] Compile of ThirdPersonCharacter2D successful, but with 5 Warning(s) [in 1 ms]
[2016.01.06-02.16.50:045][  0]LogBlueprint:Warning: [compiler ThirdPersonCharacter2D] Warning [0059.48] Compile of ThirdPersonCharacter2D successful, but with 6 Warning(s) [in 0 ms]
[2016.01.06-02.16.50:050][  0]LogBlueprint:Warning: [compiler FreeMovementLocator] Warning 'Third Person Character 2D' does not inherit from 'Player Controller' ( Cast To ThirdPersonCharacter2D  would always fail).
[2016.01.06-02.16.50:051][  0]LogBlueprint:Warning: [compiler FreeMovementLocator] Warning [0059.49] Compile of FreeMovementLocator successful, but with 1 Warning(s) [in 3 ms]
[2016.01.06-02.16.50:051][  0]LogBlueprint:Warning: [compiler FreeMovementLocator] Warning [0059.49] Compile of FreeMovementLocator successful, but with 2 Warning(s) [in 0 ms]
[2016.01.06-02.16.50:055][  0]LogBlueprint:Warning: [compiler FreeMovementLocator] Warning [0059.49] Compile of FreeMovementLocator successful, but with 3 Warning(s) [in 4 ms]
[2016.01.06-02.16.50:131][  0]LogBlueprint:Warning: [compiler BasicKnife] Warning  Make HitResult  has no property tagged as BlueprintReadWrite. The node will be removed in a future release.
[2016.01.06-02.16.50:135][  0]LogBlueprint:Warning: [compiler BasicKnife] Warning [0059.57] Compile of BasicKnife successful, but with 1 Warning(s) [in 23 ms]
[2016.01.06-02.16.50:135][  0]LogBlueprint:Warning: [compiler BasicKnife] Warning [0059.57] Compile of BasicKnife successful, but with 2 Warning(s) [in 0 ms]
[2016.01.06-02.16.50:139][  0]LogBlueprint:Warning: [compiler BasicKnife] Warning [0059.58] Compile of BasicKnife successful, but with 3 Warning(s) [in 4 ms]
[2016.01.06-02.16.50:171][  0]LogBlueprint:Warning: [compiler AbilityMenu] Warning 'ReturnValue' is already a 'Listed Item', you don't need  Cast To ListedItem .
[2016.01.06-02.16.50:172][  0]LogBlueprint:Warning: [compiler AbilityMenu] Warning 'ReturnValue' is already a 'Listed Item', you don't need  Cast To ListedItem .
[2016.01.06-02.16.50:175][  0]LogBlueprint:Warning: [compiler AbilityMenu] Warning [0059.61] Compile of AbilityMenu successful, but with 2 Warning(s) [in 29 ms]
[2016.01.06-02.16.50:175][  0]LogBlueprint:Warning: [compiler AbilityMenu] Warning [0059.61] Compile of AbilityMenu successful, but with 3 Warning(s) [in 0 ms]
[2016.01.06-02.16.50:182][  0]LogBlueprint:Warning: [compiler AbilityMenu] Warning [0059.62] Compile of AbilityMenu successful, but with 4 Warning(s) [in 6 ms]
[2016.01.06-02.16.50:217][  0]LogBlueprint:Warning: [compiler TimeMeter] Warning 'ReturnValue' is already a 'Knife Represent', you don't need  Cast To KnifeRepresent .
[2016.01.06-02.16.50:221][  0]LogBlueprint:Warning: [compiler TimeMeter] Warning [0059.66] Compile of TimeMeter successful, but with 1 Warning(s) [in 16 ms]
[2016.01.06-02.16.50:221][  0]LogBlueprint:Warning: [compiler TimeMeter] Warning [0059.66] Compile of TimeMeter successful, but with 2 Warning(s) [in 0 ms]
[2016.01.06-02.16.50:227][  0]LogBlueprint:Warning: [compiler TimeMeter] Warning [0059.66] Compile of TimeMeter successful, but with 3 Warning(s) [in 5 ms]
[2016.01.06-02.16.50:323][  0]LogBlueprint:Warning: [compiler ThirdPersonCharacter] Warning 'AbilitiesMenu' is already a 'Ability Menu', you don't need  Cast To AbilityMenu .
[2016.01.06-02.16.50:325][  0]LogBlueprint:Warning: [compiler ThirdPersonCharacter] Warning 'PointerClass' is already a 'Pointer', you don't need  Cast To Pointer .
[2016.01.06-02.16.50:327][  0]LogBlueprint:Warning: [compiler ThirdPersonCharacter] Warning No value will be returned by reference. Parameter 'EndTime'. Node:  (none) 
[2016.01.06-02.16.50:338][  0]LogBlueprint:Warning: [compiler ThirdPersonCharacter] Warning 'SecondPointer' is already a 'Pointer 2', you don't need  Cast To Pointer2 .
[2016.01.06-02.16.50:357][  0]LogBlueprint:Warning: [compiler ThirdPersonCharacter] Warning [0059.79] Compile of ThirdPersonCharacter successful, but with 4 Warning(s) [in 111 ms]
[2016.01.06-02.16.50:357][  0]LogBlueprint:Warning: [compiler ThirdPersonCharacter] Warning [0059.79] Compile of ThirdPersonCharacter successful, but with 5 Warning(s) [in 0 ms]
[2016.01.06-02.16.50:357][  0]LogBlueprint:Warning: [compiler ThirdPersonCharacter] Warning [0059.79] Compile of ThirdPersonCharacter successful, but with 6 Warning(s) [in 0 ms]
[2016.01.06-02.16.50:497][  0]LogBlueprint:Warning: [compiler ThirdPersonCharacter2D] Warning No value will be returned by reference. Parameter 'EndTime'. Node:  (none) 
[2016.01.06-02.16.50:513][  0]LogBlueprint:Warning: [compiler ThirdPersonCharacter2D] Warning 'AbilitiesMenu' is already a 'Ability Menu', you don't need  Cast To AbilityMenu .
[2016.01.06-02.16.50:513][  0]LogBlueprint:Warning: [compiler ThirdPersonCharacter2D] Warning 'ReturnValue' is already a 'Knife', you don't need  Cast To Knife .
[2016.01.06-02.16.50:522][  0]LogBlueprint:Warning: [compiler ThirdPersonCharacter2D] Warning 'SecondPointer' is already a 'Pointer 2', you don't need  Cast To Pointer2 .
[2016.01.06-02.16.50:607][  0]LogBlueprint:Warning: [compiler ThirdPersonCharacter2D] Warning [0060.04] Compile of ThirdPersonCharacter2D successful, but with 4 Warning(s) [in 199 ms]
[2016.01.06-02.16.50:607][  0]LogBlueprint:Warning: [compiler ThirdPersonCharacter2D] Warning [0060.04] Compile of ThirdPersonCharacter2D successful, but with 5 Warning(s) [in 0 ms]
[2016.01.06-02.16.50:608][  0]LogBlueprint:Warning: [compiler ThirdPersonCharacter2D] Warning [0060.05] Compile of ThirdPersonCharacter2D successful, but with 6 Warning(s) [in 1 ms]
[2016.01.06-02.17.02:857][  0]LogAIModule: Creating AISystem for world ThirdPersonExampleMap
[2016.01.06-02.17.02:866][  0]LogEditorServer: Finished looking for orphan Actors (0.000 secs)
[2016.01.06-02.17.02:867][  0]Cmd: MAP CHECKDEP NOCLEARLOG
[2016.01.06-02.17.03:009][  0]MapCheck: Info Map check complete: 0 Error(s), 0 Warning(s), took 142.635ms to complete.
[2016.01.06-02.17.03:010][  0]LogFileHelpers: Loading map 'ThirdPersonExampleMap' took 17.315
[2016.01.06-02.17.03:894][  0]LogCollectionManager: Loaded 0 collections in 0.003169 seconds
[2016.01.06-02.17.03:934][  0]LogFileCache: Scanning file cache for directory 'C:/Users/Matt/Documents/GitHub/P3NGUIN/P3NGUIN/MyProject19/Saved/Collections/' took 0.01s
[2016.01.06-02.17.03:934][  0]LogFileCache: Scanning file cache for directory 'C:/Users/Matt/Documents/GitHub/P3NGUIN/P3NGUIN/MyProject19/Content/Developers/Matt/Collections/' took 0.01s
[2016.01.06-02.17.03:934][  0]LogFileCache: Scanning file cache for directory 'C:/Users/Matt/Documents/GitHub/P3NGUIN/P3NGUIN/MyProject19/Content/Collections/' took 0.01s
[2016.01.06-02.17.03:934][  0]LogCollectionManager: Rebuilt the GUID cache for 0 collections in 0.000002 seconds
[2016.01.06-02.17.03:942][  0]LogContentBrowser: Native class hierarchy populated in 0.0083 seconds. Added 1893 classes and 338 folders.
[2016.01.06-02.17.03:949][  0]LogContentBrowser: Native class hierarchy updated for 'WidgetCarousel' in 0.0005 seconds. Added 0 classes and 0 folders.
[2016.01.06-02.17.13:397][  0]LogContentBrowser: Native class hierarchy updated for 'AddContentDialog' in 0.0005 seconds. Added 0 classes and 0 folders.
[2016.01.06-02.17.13:476][  0]LogContentBrowser: Native class hierarchy updated for 'SceneOutliner' in 0.0019 seconds. Added 1 classes and 2 folders.
[2016.01.06-02.17.13:639][  0]LogContentBrowser: Native class hierarchy updated for 'WorldBrowser' in 0.0006 seconds. Added 1 classes and 3 folders.
[2016.01.06-02.17.13:691][  0]LogCrashTracker: Crashtracker disabled due to settings.
[2016.01.06-02.17.13:695][  0]LogUObjectGlobals:Warning: Failed to find object 'Class None.'
[2016.01.06-02.17.13:716][  0]LogLoad: Full Startup: 83.15 seconds (BP compile: 1.65 seconds)
[2016.01.06-02.17.14:064][  0]LogOcInput: Can't find Oculus library dev build: is proper Runtime installed? Version: 0.8.0.0
[2016.01.06-02.17.15:754][  0]LogContentStreaming: Texture pool size now 1000 MB
[2016.01.06-02.17.16:166][  0]LogRenderer: Reallocating scene render targets to support 828x516 (Frame:2).
[2016.01.06-02.17.16:742][  2]LogCollectionManager: Rebuilt the object cache for 0 collections in 0.000001 seconds (found 0 objects)
[2016.01.06-02.17.19:726][ 11]LogAssetRegistry: Asset discovery search completed in 48.5474 seconds
[2016.01.06-02.17.19:726][ 11]LogCollectionManager: Fixed up redirectors for 0 collections in 0.000003 seconds (updated 0 objects)
[2016.01.06-05.08.18:738][980]LogActorComponent: UnregisterComponent: (/Engine/Transient.ProjectileMovement_GEN_VARIABLE) Not registered. Aborting.
[2016.01.06-05.08.18:738][980]LogActorComponent: UnregisterComponent: (/Engine/Transient.CharMoveComp) Not registered. Aborting.
[2016.01.06-05.08.19:269][981]Cmd: QUIT_EDITOR
[2016.01.06-05.08.19:426][981]LogExit: Preparing to exit.
[2016.01.06-05.08.20:289][981]LogExit: Editor shut down
[2016.01.06-05.08.20:289][981]LogExit: Transaction tracking system shut down
[2016.01.06-05.08.20:294][981]LogParticles: Destroying 0 GPU particle simulations for FXSystem 0x0000000029275260
[2016.01.06-05.08.20:295][981]LogParticles: Destroying 0 GPU particle simulations for FXSystem 0x000000002DFA0CC0
[2016.01.06-05.08.20:295][981]LogParticles: Destroying 0 GPU particle simulations for FXSystem 0x000000002DD28C20
[2016.01.06-05.08.20:295][981]LogParticles: Destroying 0 GPU particle simulations for FXSystem 0x000000002F6BE0C0
[2016.01.06-05.08.20:295][981]LogParticles: Destroying 0 GPU particle simulations for FXSystem 0x000000002F6BE160
[2016.01.06-05.08.20:444][981]LogExit: Object subsystem successfully closed.
[2016.01.06-05.08.20:460][981]LogD3D11RHI: Shutdown
[2016.01.06-05.08.20:461][981]LogD3D11RHI: CleanupD3DDevice
[2016.01.06-05.08.20:499][981]LogD3D11RHI: ~FD3D11DynamicRHI
[2016.01.06-05.08.20:578][981]LogModuleManager: Shutting down and abandoning module CrashTracker (199)
[2016.01.06-05.08.20:578][981]LogModuleManager: Shutting down and abandoning module WorldBrowser (198)
[2016.01.06-05.08.20:578][981]LogModuleManager: Shutting down and abandoning module SceneOutliner (197)
[2016.01.06-05.08.20:578][981]LogModuleManager: Shutting down and abandoning module SuperSearch (196)
[2016.01.06-05.08.20:578][981]LogModuleManager: Shutting down and abandoning module WidgetCarousel (195)
[2016.01.06-05.08.20:578][981]LogModuleManager: Shutting down and abandoning module AddContentDialog (194)
[2016.01.06-05.08.20:579][981]LogModuleManager: Shutting down and abandoning module EditorWidgets (193)
[2016.01.06-05.08.20:579][981]LogModuleManager: Shutting down and abandoning module CollectionManager (192)
[2016.01.06-05.08.20:579][981]LogModuleManager: Shutting down and abandoning module StatsViewer (191)
[2016.01.06-05.08.20:579][981]LogModuleManager: Shutting down and abandoning module FoliageEdit (190)
[2016.01.06-05.08.20:579][981]LogModuleManager: Shutting down and abandoning module LandscapeEditor (189)
[2016.01.06-05.08.20:580][981]LogModuleManager: Shutting down and abandoning module ActorPickerMode (188)
[2016.01.06-05.08.20:580][981]LogModuleManager: Shutting down and abandoning module GeometryMode (187)
[2016.01.06-05.08.20:580][981]LogModuleManager: Shutting down and abandoning module TextureAlignMode (186)
[2016.01.06-05.08.20:580][981]LogModuleManager: Shutting down and abandoning module BspMode (185)
[2016.01.06-05.08.20:580][981]LogModuleManager: Shutting down and abandoning module PlacementMode (184)
[2016.01.06-05.08.20:580][981]LogModuleManager: Shutting down and abandoning module AutomationWorker (183)
[2016.01.06-05.08.20:580][981]LogModuleManager: Shutting down and abandoning module CharacterAI (182)
[2016.01.06-05.08.20:580][981]LogModuleManager: Shutting down and abandoning module SmartSnapping (181)
[2016.01.06-05.08.20:580][981]LogModuleManager: Shutting down and abandoning module ViewportSnapping (180)
[2016.01.06-05.08.20:580][981]LogModuleManager: Shutting down and abandoning module LogVisualizer (179)
[2016.01.06-05.08.20:580][981]LogModuleManager: Shutting down and abandoning module GameProjectGeneration (178)
[2016.01.06-05.08.20:580][981]LogModuleManager: Shutting down and abandoning module IntroTutorials (177)
[2016.01.06-05.08.20:580][981]LogModuleManager: Shutting down and abandoning module EditorLiveStreaming (176)
[2016.01.06-05.08.20:580][981]LogModuleManager: Shutting down and abandoning module IOSPlatformEditor (175)
[2016.01.06-05.08.20:580][981]LogModuleManager: Shutting down and abandoning module HTML5PlatformEditor (174)
[2016.01.06-05.08.20:580][981]LogModuleManager: Shutting down and abandoning module AndroidDeviceDetection (173)
[2016.01.06-05.08.21:509][981]LogModuleManager: Shutting down and abandoning module AndroidPlatformEditor (172)
[2016.01.06-05.08.21:509][981]LogModuleManager: Shutting down and abandoning module IOSRuntimeSettings (171)
[2016.01.06-05.08.21:509][981]LogModuleManager: Shutting down and abandoning module AndroidRuntimeSettings (170)
[2016.01.06-05.08.21:509][981]LogModuleManager: Shutting down and abandoning module MergeActors (169)
[2016.01.06-05.08.21:509][981]LogModuleManager: Shutting down and abandoning module SizeMap (168)
[2016.01.06-05.08.21:509][981]LogModuleManager: Shutting down and abandoning module TreeMap (167)
[2016.01.06-05.08.21:509][981]LogModuleManager: Shutting down and abandoning module ReferenceViewer (166)
[2016.01.06-05.08.21:509][981]LogModuleManager: Shutting down and abandoning module LocalizationService (165)
[2016.01.06-05.08.21:509][981]LogModuleManager: Shutting down and abandoning module LocalizationDashboard (164)
[2016.01.06-05.08.21:509][981]LogModuleManager: Shutting down and abandoning module HardwareTargeting (163)
[2016.01.06-05.08.21:509][981]LogModuleManager: Shutting down and abandoning module DeviceProfileEditor (162)
[2016.01.06-05.08.21:509][981]LogModuleManager: Shutting down and abandoning module UndoHistory (161)
[2016.01.06-05.08.21:509][981]LogModuleManager: Shutting down and abandoning module GameplayTagsEditor (160)
[2016.01.06-05.08.21:509][981]LogModuleManager: Shutting down and abandoning module UserFeedback (159)
[2016.01.06-05.08.21:509][981]LogModuleManager: Shutting down and abandoning module XmlParser (158)
[2016.01.06-05.08.21:509][981]LogModuleManager: Shutting down and abandoning module Blutility (157)
[2016.01.06-05.08.21:509][981]LogModuleManager: Shutting down and abandoning module ProjectTargetPlatformEditor (156)
[2016.01.06-05.08.21:509][981]LogModuleManager: Shutting down and abandoning module ProjectSettingsViewer (155)
[2016.01.06-05.08.21:509][981]LogModuleManager: Shutting down and abandoning module InputBindingEditor (154)
[2016.01.06-05.08.21:509][981]LogModuleManager: Shutting down and abandoning module EditorSettingsViewer (153)
[2016.01.06-05.08.21:510][981]LogModuleManager: Shutting down and abandoning module SettingsEditor (152)
[2016.01.06-05.08.21:510][981]LogModuleManager: Shutting down and abandoning module ProjectLauncher (151)
[2016.01.06-05.08.21:510][981]LogModuleManager: Shutting down and abandoning module SessionFrontend (150)
[2016.01.06-05.08.21:510][981]LogModuleManager: Shutting down and abandoning module ProfilerClient (149)
[2016.01.06-05.08.21:510][981]LogModuleManager: Shutting down and abandoning module TargetDeviceServices (148)
[2016.01.06-05.08.21:510][981]LogModuleManager: Shutting down and abandoning module DeviceManager (147)
[2016.01.06-05.08.21:510][981]LogModuleManager: Shutting down and abandoning module AutomationController (146)
[2016.01.06-05.08.21:510][981]LogModuleManager: Shutting down and abandoning module AutomationWindow (145)
[2016.01.06-05.08.21:510][981]LogModuleManager: Shutting down and abandoning module Layers (144)
[2016.01.06-05.08.21:510][981]LogModuleManager: Shutting down and abandoning module ComponentVisualizers (143)
[2016.01.06-05.08.21:510][981]LogModuleManager: Shutting down and abandoning module DetailCustomizations (142)
[2016.01.06-05.08.21:510][981]LogModuleManager: Shutting down and abandoning module PackagesDialog (141)
[2016.01.06-05.08.21:510][981]LogModuleManager: Shutting down and abandoning module Persona (140)
[2016.01.06-05.08.21:510][981]LogModuleManager: Shutting down and abandoning module Kismet (139)
[2016.01.06-05.08.21:510][981]LogModuleManager: Shutting down and abandoning module GraphEditor (138)
[2016.01.06-05.08.21:510][981]LogModuleManager: Shutting down and abandoning module ClassViewer (137)
[2016.01.06-05.08.21:510][981]LogModuleManager: Shutting down and abandoning module Toolbox (136)
[2016.01.06-05.08.21:510][981]LogModuleManager: Shutting down and abandoning module ModuleUI (135)
[2016.01.06-05.08.21:510][981]LogModuleManager: Shutting down and abandoning module MovieSceneTools (134)
[2016.01.06-05.08.21:510][981]LogModuleManager: Shutting down and abandoning module OutputLog (133)
[2016.01.06-05.08.21:510][981]LogModuleManager: Shutting down and abandoning module GammaUI (132)
[2016.01.06-05.08.21:510][981]LogModuleManager: Shutting down and abandoning module Documentation (131)
[2016.01.06-05.08.21:510][981]LogModuleManager: Shutting down and abandoning module GameLiveStreaming (130)
[2016.01.06-05.08.21:510][981]LogModuleManager: Shutting down and abandoning module StreamingPauseRendering (129)
[2016.01.06-05.08.21:510][981]LogModuleManager: Shutting down and abandoning module AnalyticsET (128)
[2016.01.06-05.08.21:510][981]LogModuleManager: Shutting down and abandoning module Analytics (127)
[2016.01.06-05.08.21:510][981]LogModuleManager: Shutting down and abandoning module AITestSuite (126)
[2016.01.06-05.08.21:510][981]LogModuleManager: Shutting down and abandoning module GameplayDebugger (125)
[2016.01.06-05.08.21:510][981]LogModuleManager: Shutting down and abandoning module AIModule (124)
[2016.01.06-05.08.21:511][981]LogModuleManager: Shutting down and abandoning module ProfilerService (123)
[2016.01.06-05.08.21:753][981]LogModuleManager: Shutting down and abandoning module TaskGraph (122)
[2016.01.06-05.08.21:753][981]LogModuleManager: Shutting down and abandoning module SlateRemote (121)
[2016.01.06-05.08.21:753][981]LogModuleManager: Shutting down and abandoning module SteamVRController (120)
[2016.01.06-05.08.21:753][981]LogModuleManager: Shutting down and abandoning module SteamVR (119)
[2016.01.06-05.08.21:753][981]LogModuleManager: Shutting down and abandoning module ProceduralMeshComponent (118)
[2016.01.06-05.08.21:753][981]LogModuleManager: Shutting down and abandoning module OculusLibrary (117)
[2016.01.06-05.08.21:753][981]LogModuleManager: Shutting down and abandoning module OculusInput (116)
[2016.01.06-05.08.21:753][981]LogModuleManager: Shutting down and abandoning module LeapMotionController (115)
[2016.01.06-05.08.21:766][981]LogModuleManager: Shutting down and abandoning module CustomMeshComponent (114)
[2016.01.06-05.08.21:766][981]LogModuleManager: Shutting down and abandoning module CableComponent (113)
[2016.01.06-05.08.21:766][981]LogModuleManager: Shutting down and abandoning module ArchVisCharacter (112)
[2016.01.06-05.08.21:766][981]LogModuleManager: Shutting down and abandoning module MessagingDebugger (111)
[2016.01.06-05.08.21:766][981]LogModuleManager: Shutting down and abandoning module MediaPlayerEditor (110)
[2016.01.06-05.08.21:766][981]LogModuleManager: Shutting down and abandoning module HTML5Networking (109)
[2016.01.06-05.08.21:766][981]LogModuleManager: Shutting down and abandoning module SpeedTreeImporter (108)
[2016.01.06-05.08.21:766][981]LogModuleManager: Shutting down and abandoning module PluginBrowser (107)
[2016.01.06-05.08.21:766][981]LogModuleManager: Shutting down and abandoning module EpicSurvey (106)
[2016.01.06-05.08.21:766][981]LogModuleManager: Shutting down and abandoning module DesktopPlatform (105)
[2016.01.06-05.08.21:766][981]LogModuleManager: Shutting down and abandoning module VisualStudioSourceCodeAccess (104)
[2016.01.06-05.08.21:766][981]LogModuleManager: Shutting down and abandoning module UObjectPlugin (103)
[2016.01.06-05.08.21:766][981]LogModuleManager: Shutting down and abandoning module SubversionSourceControl (102)
[2016.01.06-05.08.21:766][981]LogModuleManager: Shutting down and abandoning module PerforceSourceControl (101)
[2016.01.06-05.08.21:766][981]LogModuleManager: Shutting down and abandoning module SourceControl (100)
[2016.01.06-05.08.21:766][981]LogModuleManager: Shutting down and abandoning module GitSourceControl (99)
[2016.01.06-05.08.21:766][981]LogModuleManager: Shutting down and abandoning module LightPropagationVolumeEditor (98)
[2016.01.06-05.08.21:766][981]LogModuleManager: Shutting down and abandoning module PaperTiledImporter (97)
[2016.01.06-05.08.21:766][981]LogModuleManager: Shutting down and abandoning module PaperSpriteSheetImporter (96)
[2016.01.06-05.08.21:766][981]LogModuleManager: Shutting down and abandoning module MeshPaint (95)
[2016.01.06-05.08.21:766][981]LogModuleManager: Shutting down and abandoning module SlateReflector (94)
[2016.01.06-05.08.21:766][981]LogModuleManager: Shutting down and abandoning module HotReload (93)
[2016.01.06-05.08.21:766][981]LogModuleManager: Shutting down and abandoning module MainFrame (92)
[2016.01.06-05.08.21:766][981]LogModuleManager: Shutting down and abandoning module LevelEditor (91)
[2016.01.06-05.08.21:767][981]LogModuleManager: Shutting down and abandoning module DirectoryWatcher (90)
[2016.01.06-05.08.21:768][981]LogModuleManager: Shutting down and abandoning module AssetRegistry (89)
[2016.01.06-05.08.21:896][981]LogModuleManager: Shutting down and abandoning module ContentBrowser (88)
[2016.01.06-05.08.21:897][981]LogModuleManager: Shutting down and abandoning module Paper2DEditor (87)
[2016.01.06-05.08.21:897][981]LogModuleManager: Shutting down and abandoning module UdpMessaging (86)
[2016.01.06-05.08.21:998][981]LogModuleManager: Shutting down and abandoning module LightPropagationVolumeRuntime (85)
[2016.01.06-05.08.21:998][981]LogModuleManager: Shutting down and abandoning module Paper2D (84)
[2016.01.06-05.08.21:998][981]LogModuleManager: Shutting down and abandoning module WindowsMoviePlayer (83)
[2016.01.06-05.08.22:002][981]LogModuleManager: Shutting down and abandoning module Media (82)
[2016.01.06-05.08.22:002][981]LogModuleManager: Shutting down and abandoning module WmfMedia (81)
[2016.01.06-05.08.22:002][981]LogModuleManager: Shutting down and abandoning module OnlineBlueprintSupport (80)
[2016.01.06-05.08.22:002][981]LogModuleManager: Shutting down and abandoning module GameplayTasksEditor (79)
[2016.01.06-05.08.22:002][981]LogModuleManager: Shutting down and abandoning module PropertyEditor (78)
[2016.01.06-05.08.22:003][981]LogModuleManager: Shutting down and abandoning module BehaviorTreeEditor (77)
[2016.01.06-05.08.22:003][981]LogModuleManager: Shutting down and abandoning module FunctionalTesting (76)
[2016.01.06-05.08.22:003][981]LogModuleManager: Shutting down and abandoning module CollisionAnalyzer (75)
[2016.01.06-05.08.22:003][981]LogModuleManager: Shutting down and abandoning module WorkspaceMenuStructure (74)
[2016.01.06-05.08.22:003][981]LogModuleManager: Shutting down and abandoning module MessageLog (73)
[2016.01.06-05.08.22:003][981]LogModuleManager: Shutting down and abandoning module Sequencer (72)
[2016.01.06-05.08.22:003][981]LogModuleManager: Shutting down and abandoning module AssetTools (71)
[2016.01.06-05.08.22:003][981]LogModuleManager: Shutting down and abandoning module UMGEditor (70)
[2016.01.06-05.08.22:003][981]LogModuleManager: Shutting down and abandoning module UMG (69)
[2016.01.06-05.08.22:003][981]LogModuleManager: Shutting down and abandoning module Slate (68)
[2016.01.06-05.08.22:003][981]LogModuleManager: Shutting down and abandoning module EditorStyle (67)
[2016.01.06-05.08.22:010][981]LogModuleManager: Shutting down and abandoning module SessionServices (66)
[2016.01.06-05.08.22:010][981]LogModuleManager: Shutting down and abandoning module SourceCodeAccess (65)
[2016.01.06-05.08.22:010][981]LogModuleManager: Shutting down and abandoning module HeadMountedDisplay (64)
[2016.01.06-05.08.22:010][981]LogModuleManager: Shutting down and abandoning module XAudio2 (63)
[2016.01.06-05.08.22:010][981]LogModuleManager: Shutting down and abandoning module Networking (61)
[2016.01.06-05.08.22:010][981]LogModuleManager: Shutting down and abandoning module Core (60)
[2016.01.06-05.08.22:010][981]LogModuleManager: Shutting down and abandoning module KismetCompiler (59)
[2016.01.06-05.08.22:010][981]LogModuleManager: Shutting down and abandoning module PhysXFormats (58)
[2016.01.06-05.08.22:010][981]LogModuleManager: Shutting down and abandoning module MeshUtilities (57)
[2016.01.06-05.08.22:010][981]LogModuleManager: Shutting down and abandoning module DerivedDataCache (56)
[2016.01.06-05.08.22:025][981]LogDerivedDataCache: Shutdown
[2016.01.06-05.08.22:025][981]LogModuleManager: Shutting down and abandoning module ShaderFormatOpenGL (55)
[2016.01.06-05.08.22:025][981]LogModuleManager: Shutting down and abandoning module ShaderFormatD3D (54)
[2016.01.06-05.08.22:025][981]LogModuleManager: Shutting down and abandoning module MetalShaderFormat (53)
[2016.01.06-05.08.22:025][981]LogModuleManager: Shutting down and abandoning module TextureFormatUncompressed (52)
[2016.01.06-05.08.22:025][981]LogModuleManager: Shutting down and abandoning module TextureFormatPVR (51)
[2016.01.06-05.08.22:025][981]LogModuleManager: Shutting down and abandoning module TextureFormatIntelISPCTexComp (50)
[2016.01.06-05.08.22:025][981]LogModuleManager: Shutting down and abandoning module TextureFormatDXT (49)
[2016.01.06-05.08.22:025][981]LogModuleManager: Shutting down and abandoning module ImageWrapper (48)
[2016.01.06-05.08.22:025][981]LogModuleManager: Shutting down and abandoning module TextureFormatASTC (47)
[2016.01.06-05.08.22:025][981]LogModuleManager: Shutting down and abandoning module TextureFormatAndroid (46)
[2016.01.06-05.08.22:025][981]LogModuleManager: Shutting down and abandoning module AudioFormatOpus (45)
[2016.01.06-05.08.22:025][981]LogModuleManager: Shutting down and abandoning module AudioFormatOgg (44)
[2016.01.06-05.08.22:025][981]LogModuleManager: Shutting down and abandoning module AudioFormatADPCM (43)
[2016.01.06-05.08.22:025][981]LogModuleManager: Shutting down and abandoning module LinuxTargetPlatform (42)
[2016.01.06-05.08.22:025][981]LogModuleManager: Shutting down and abandoning module LinuxServerTargetPlatform (41)
[2016.01.06-05.08.22:025][981]LogModuleManager: Shutting down and abandoning module LinuxNoEditorTargetPlatform (40)
[2016.01.06-05.08.22:025][981]LogModuleManager: Shutting down and abandoning module Messaging (39)
[2016.01.06-05.08.22:025][981]LogModuleManager: Shutting down and abandoning module IOSTargetPlatform (38)
[2016.01.06-05.08.22:025][981]LogModuleManager: Shutting down and abandoning module HTML5TargetPlatform (37)
[2016.01.06-05.08.22:025][981]LogModuleManager: Shutting down and abandoning module Android_PVRTCTargetPlatform (36)
[2016.01.06-05.08.22:025][981]LogModuleManager: Shutting down and abandoning module Android_MultiTargetPlatform (35)
[2016.01.06-05.08.22:025][981]LogModuleManager: Shutting down and abandoning module Android_ETC2TargetPlatform (34)
[2016.01.06-05.08.22:025][981]LogModuleManager: Shutting down and abandoning module Android_ETC1TargetPlatform (33)
[2016.01.06-05.08.22:025][981]LogModuleManager: Shutting down and abandoning module Android_DXTTargetPlatform (32)
[2016.01.06-05.08.22:025][981]LogModuleManager: Shutting down and abandoning module Android_ATCTargetPlatform (31)
[2016.01.06-05.08.22:025][981]LogModuleManager: Shutting down and abandoning module Android_ASTCTargetPlatform (30)
[2016.01.06-05.08.22:025][981]LogModuleManager: Shutting down and abandoning module AndroidTargetPlatform (29)
[2016.01.06-05.08.22:025][981]LogModuleManager: Shutting down and abandoning module WindowsTargetPlatform (28)
[2016.01.06-05.08.22:025][981]LogModuleManager: Shutting down and abandoning module WindowsServerTargetPlatform (27)
[2016.01.06-05.08.22:025][981]LogModuleManager: Shutting down and abandoning module WindowsNoEditorTargetPlatform (26)
[2016.01.06-05.08.22:025][981]LogModuleManager: Shutting down and abandoning module WindowsClientTargetPlatform (25)
[2016.01.06-05.08.22:025][981]LogModuleManager: Shutting down and abandoning module AllDesktopTargetPlatform (24)
[2016.01.06-05.08.22:025][981]LogModuleManager: Shutting down and abandoning module TargetPlatform (23)
[2016.01.06-05.08.22:025][981]LogModuleManager: Shutting down and abandoning module InputCore (22)
[2016.01.06-05.08.22:025][981]LogModuleManager: Shutting down and abandoning module Settings (21)
[2016.01.06-05.08.22:025][981]LogModuleManager: Shutting down and abandoning module OnlineSubsystem (19)
[2016.01.06-05.08.22:025][981]LogModuleManager: Shutting down and abandoning module HTTP (18)
[2016.01.06-05.08.23:026][981]LogModuleManager: Shutting down and abandoning module XMPP (17)
[2016.01.06-05.08.23:026][981]LogModuleManager: Shutting down and abandoning module OculusRift (16)
[2016.01.06-05.08.23:026][981]LogModuleManager: Shutting down and abandoning module ExampleDeviceProfileSelector (15)
[2016.01.06-05.08.23:026][981]LogModuleManager: Shutting down and abandoning module TextureCompressor (14)
[2016.01.06-05.08.23:026][981]LogModuleManager: Shutting down and abandoning module ShaderCore (13)
[2016.01.06-05.08.23:026][981]LogModuleManager: Shutting down and abandoning module Landscape (12)
[2016.01.06-05.08.23:026][981]LogModuleManager: Shutting down and abandoning module SlateRHIRenderer (11)
[2016.01.06-05.08.23:026][981]LogModuleManager: Shutting down and abandoning module OpenGLDrv (10)
[2016.01.06-05.08.23:026][981]LogModuleManager: Shutting down and abandoning module D3D11RHI (9)
[2016.01.06-05.08.23:027][981]LogModuleManager: Shutting down and abandoning module AnimGraphRuntime (8)
[2016.01.06-05.08.23:027][981]LogModuleManager: Shutting down and abandoning module Renderer (7)
[2016.01.06-05.08.23:027][981]LogModuleManager: Shutting down and abandoning module Engine (6)
[2016.01.06-05.08.23:027][981]LogModuleManager: Shutting down and abandoning module CoreUObject (5)
[2016.01.06-05.08.23:027][981]LogModuleManager: Shutting down and abandoning module NetworkFile (4)
[2016.01.06-05.08.23:027][981]LogModuleManager: Shutting down and abandoning module StreamingFile (3)
[2016.01.06-05.08.23:027][981]LogModuleManager: Shutting down and abandoning module SandboxFile (2)
[2016.01.06-05.08.23:027][981]LogModuleManager: Shutting down and abandoning module PakFile (1)
[2016.01.06-05.08.23:028][981]LogExit: Exiting.
[2016.01.06-05.08.23:029][981]Log file closed, 01/05/16 21:08:23
