[2016.01.16-04.49.55:275][  0]Log file open, 01/15/16 20:49:55
[2016.01.16-04.49.55:275][  0]LogInit:Display: Running engine for game: MyProject19
[2016.01.16-04.49.55:275][  0]LogPlatformFile: Not using cached read wrapper
[2016.01.16-04.49.55:275][  0]LogInit:Display: RandInit(-1648846835) SRandInit(-1648846833).
[2016.01.16-04.49.55:275][  0]LogTaskGraph: Started task graph with 4 named threads and 7 total threads.
[2016.01.16-04.49.55:275][  0]LogStats: Stats thread started at 1.772876
[2016.01.16-04.49.55:275][  0]LogInit: Version: 4.10.1-2791327+++depot+UE4-Releases+4.10
[2016.01.16-04.49.55:275][  0]LogInit: API Version: 2758231
[2016.01.16-04.49.55:275][  0]LogInit: Compiled (64-bit): Dec  4 2015 19:44:40
[2016.01.16-04.49.55:275][  0]LogInit: Compiled with Visual C++: 19.00.23026.00
[2016.01.16-04.49.55:275][  0]LogInit: Build Configuration: Development
[2016.01.16-04.49.55:275][  0]LogInit: Branch Name: ++depot+UE4-Releases+4.10
[2016.01.16-04.49.55:275][  0]LogInit: Command line:  
[2016.01.16-04.49.55:275][  0]LogInit: Base directory: C:/Program Files/Epic Games/4.10/Engine/Binaries/Win64/
[2016.01.16-04.49.55:275][  0]LogInit: Rocket: 1
[2016.01.16-04.49.55:595][  0]LogInit: Using libcurl 7.41.0
[2016.01.16-04.49.55:595][  0]LogInit:  - built for x86_64-pc-win32
[2016.01.16-04.49.55:595][  0]LogInit:  - supports SSL with WinSSL
[2016.01.16-04.49.55:595][  0]LogInit:  - other features:
[2016.01.16-04.49.55:595][  0]LogInit:      CURL_VERSION_SSL
[2016.01.16-04.49.55:595][  0]LogInit:      CURL_VERSION_IPV6
[2016.01.16-04.49.55:595][  0]LogInit:      CURL_VERSION_ASYNCHDNS
[2016.01.16-04.49.55:595][  0]LogInit:      CURL_VERSION_LARGEFILE
[2016.01.16-04.49.55:595][  0]LogInit:      CURL_VERSION_IDN
[2016.01.16-04.49.55:595][  0]LogInit:  CurlRequestOptions (configurable via config and command line):
[2016.01.16-04.49.55:595][  0]LogInit:  - bVerifyPeer = true  - Libcurl will verify peer certificate
[2016.01.16-04.49.55:595][  0]LogInit:  - bUseHttpProxy = false  - Libcurl will NOT use HTTP proxy
[2016.01.16-04.49.55:595][  0]LogInit:  - bDontReuseConnections = false  - Libcurl will reuse connections
[2016.01.16-04.49.55:595][  0]LogInit:  - CertBundlePath = nullptr  - Libcurl will use whatever was configured at build time.
[2016.01.16-04.49.55:696][  0]LogInit: Presizing for 0 objects not considered by GC, pre-allocating 0 bytes.
[2016.01.16-04.49.55:746][  0]LogInit: Object subsystem initialized
[2016.01.16-04.49.55:747][  0]LogInit: Selected Device Profile: [Windows]
[2016.01.16-04.49.55:747][  0]LogInit: Applying CVar settings loaded from the selected device profile: [Windows]
[2016.01.16-04.49.55:825][  0]LogInit: Computer: MATT-PC
[2016.01.16-04.49.55:825][  0]LogInit: User: Matt
[2016.01.16-04.49.55:825][  0]LogInit: CPU Page size=4096, Cores=4
[2016.01.16-04.49.55:825][  0]LogInit: High frequency timer resolution =3.020537 MHz
[2016.01.16-04.49.55:825][  0]LogMemory: Memory total: Physical=7.9GB (8GB approx)
[2016.01.16-04.49.55:825][  0]LogMemory: Platform Memory Stats for Windows
[2016.01.16-04.49.55:825][  0]LogMemory: Process Physical Memory: 59.11 MB used, 59.11 MB peak
[2016.01.16-04.49.55:825][  0]LogMemory: Process Virtual Memory: 59.31 MB used, 59.31 MB peak
[2016.01.16-04.49.55:825][  0]LogMemory: Physical Memory: 3649.84 MB used, 8109.12 MB total
[2016.01.16-04.49.55:825][  0]LogMemory: Virtual Memory: 353.05 MB used, 8388608.00 MB total
[2016.01.16-04.49.57:212][  0]LogTextLocalizationManager: No specific translations for ('en-US') exist, so ('en') translations will be used.
[2016.01.16-04.49.59:275][  0]LogD3D11RHI: Found D3D11 adapter 0: AMD Radeon HD 7800 Series (Feature Level 11_0)
[2016.01.16-04.49.59:275][  0]LogD3D11RHI: Adapter has 2029MB of dedicated video memory, 0MB of dedicated system memory, and 3798MB of shared system memory, 1 output[s]
[2016.01.16-04.49.59:428][  0]LogD3D11RHI: Found D3D11 adapter 1: Intel(R) HD Graphics (Feature Level 11_0)
[2016.01.16-04.49.59:428][  0]LogD3D11RHI: Adapter has 64MB of dedicated video memory, 0MB of dedicated system memory, and 1632MB of shared system memory, 0 output[s]
[2016.01.16-04.49.59:428][  0]LogD3D11RHI: Chosen D3D11 Adapter Id = 0
[2016.01.16-04.49.59:450][  0]LogD3D11RHI: !Direct3DDevice
[2016.01.16-04.49.59:450][  0]LogRHI: Texture pool is 1361 MB (70% of 1945 MB)
[2016.01.16-04.49.59:454][  0]LogD3D11RHI: Async texture creation disabled: no driver support
[2016.01.16-04.49.59:499][  0]LogShaderCompilers: Guid format shader working directory is -28 characters bigger than the processId version (../../../../../../Users/Matt/Documents/GitHub/P3NGUIN/P3NGUIN/MyProject19/Intermediate/Shaders/WorkingDirectory/7524/).
[2016.01.16-04.49.59:499][  0]LogShaderCompilers: Cleaned the shader compiler working directory 'C:/Users/Matt/AppData/Local/Temp/UnrealShaderWorkingDir/88DA94EC49954F7BEDBECFA44C0D0867/'.
[2016.01.16-04.49.59:499][  0]LogShaderCompilers:Display: Using Local Shader Compiler.
[2016.01.16-04.50.07:230][  0]LogTemp:Display: Loaded TP AllDesktopTargetPlatform
[2016.01.16-04.50.07:235][  0]LogTemp:Display: Loaded TP WindowsClientTargetPlatform
[2016.01.16-04.50.07:242][  0]LogTemp:Display: Loaded TP WindowsNoEditorTargetPlatform
[2016.01.16-04.50.07:248][  0]LogTemp:Display: Loaded TP WindowsServerTargetPlatform
[2016.01.16-04.50.07:253][  0]LogTemp:Display: Loaded TP WindowsTargetPlatform
[2016.01.16-04.50.07:257][  0]LogTemp:Display: Loaded TP AndroidTargetPlatform
[2016.01.16-04.50.07:261][  0]LogTemp:Display: Loaded TP Android_ASTCTargetPlatform
[2016.01.16-04.50.07:264][  0]LogTemp:Display: Loaded TP Android_ATCTargetPlatform
[2016.01.16-04.50.07:268][  0]LogTemp:Display: Loaded TP Android_DXTTargetPlatform
[2016.01.16-04.50.07:274][  0]LogTemp:Display: Loaded TP Android_ETC1TargetPlatform
[2016.01.16-04.50.07:278][  0]LogTemp:Display: Loaded TP Android_ETC2TargetPlatform
[2016.01.16-04.50.07:287][  0]LogTemp:Display: Loaded TP Android_MultiTargetPlatform
[2016.01.16-04.50.07:287][  0]LogTemp:Display: Loaded TP Android_PVRTCTargetPlatform
[2016.01.16-04.50.07:288][  0]LogTemp:Display: Loaded TP HTML5TargetPlatform
[2016.01.16-04.50.07:365][  0]LogTemp:Display: Loaded TP IOSTargetPlatform
[2016.01.16-04.50.07:368][  0]LogTemp:Display: Loaded TP LinuxNoEditorTargetPlatform
[2016.01.16-04.50.07:372][  0]LogTemp:Display: Loaded TP LinuxServerTargetPlatform
[2016.01.16-04.50.07:421][  0]LogTemp:Display: Loaded TP LinuxTargetPlatform
[2016.01.16-04.50.07:421][  0]LogTargetPlatformManager:Display: Building Assets For Windows
[2016.01.16-04.50.08:018][  0]LogDerivedDataCache:Display: Max Cache Size: 512 MB
[2016.01.16-04.50.08:739][  0]LogDerivedDataCache: Loaded boot cache 0.72s 41MB C:/Users/Matt/AppData/Local/UnrealEngine/4.10/DerivedDataCache/Boot.ddc.
[2016.01.16-04.50.08:739][  0]LogDerivedDataCache:Display: Loaded Boot cache: C:/Users/Matt/AppData/Local/UnrealEngine/4.10/DerivedDataCache/Boot.ddc
[2016.01.16-04.50.08:739][  0]LogDerivedDataCache: FDerivedDataBackendGraph:  Pak pak cache file ../../../../../../Users/Matt/Documents/GitHub/P3NGUIN/P3NGUIN/MyProject19/DerivedDataCache/DDC.ddp not found, will not use a pak cache.
[2016.01.16-04.50.08:739][  0]LogDerivedDataCache: Unable to find inner node Pak for hierarchical cache Hierarchy.
[2016.01.16-04.50.08:739][  0]LogDerivedDataCache: FDerivedDataBackendGraph:  CompressedPak pak cache file ../../../../../../Users/Matt/Documents/GitHub/P3NGUIN/P3NGUIN/MyProject19/DerivedDataCache/Compressed.ddp not found, will not use a pak cache.
[2016.01.16-04.50.08:739][  0]LogDerivedDataCache: Unable to find inner node CompressedPak for hierarchical cache Hierarchy.
[2016.01.16-04.50.08:871][  0]LogDerivedDataCache:Display: Pak cache opened for reading ../../../Engine/DerivedDataCache/Compressed.ddp.
[2016.01.16-04.50.08:883][  0]LogDerivedDataCache: Using Local data cache path C:/Users/Matt/AppData/Local/UnrealEngine/Common/DerivedDataCache: Writable
[2016.01.16-04.50.14:789][  0]LogInit: Selected Device Profile: [Windows]
[2016.01.16-04.50.14:790][  0]LogContentStreaming: Texture pool size is 0.000000MB
[2016.01.16-04.50.15:130][  0]LogMeshUtilities: No automatic mesh reduction module available
[2016.01.16-04.50.15:130][  0]LogMeshUtilities: No automatic mesh merging module available
[2016.01.16-04.50.18:149][  0]LogInit: WinSock: version 1.1 (2.2), MaxSocks=32767, MaxUdp=65467
[2016.01.16-04.50.55:991][  0]UdpMessaging: Initializing bridge on interface 0.0.0.0:0 to multicast group 230.0.0.1:6666.
[2016.01.16-04.50.56:565][  0]LogAssetRegistry: FAssetRegistry took 0.0103 seconds to start up
[2016.01.16-04.50.59:607][  0]SourceControl: Info Source control is disabled
[2016.01.16-04.50.59:645][  0]SourceControl: Info Source control is disabled
[2016.01.16-04.50.59:679][  0]SourceControl: Info Source control is disabled
[2016.01.16-04.50.59:697][  0]SourceControl: Info Source control is disabled
[2016.01.16-04.51.02:784][  0]LogObj: 28633 objects as part of root set at end of initial load.
[2016.01.16-04.51.02:784][  0]LogUObjectAllocator: 6099752 out of 0 bytes used by permanent object pool.
[2016.01.16-04.51.03:905][  0]LogEngine: Initializing Engine...
[2016.01.16-04.51.03:916][  0]LogHMD: Can't find Oculus library dev build: is proper Runtime installed? Version: 0.8.0.0
[2016.01.16-04.51.04:215][  0]LogHMD: SteamVR failed to initialize.  Err: 110
[2016.01.16-04.51.05:577][  0]LogAIModule: Creating AISystem for world NewWorld
[2016.01.16-04.51.05:699][  0]LogInit: XAudio2 using 'Speakers (Realtek High Definition Audio)' : 2 channels at 48 kHz using 32 bits per sample (channel mask 0x3)
[2016.01.16-04.51.05:753][  0]LogInit: FAudioDevice initialized.
[2016.01.16-04.51.05:949][  0]LogDerivedDataCache: Saved boot cache 0.20s 41MB C:/Users/Matt/AppData/Local/UnrealEngine/4.10/DerivedDataCache/Boot.ddc.
[2016.01.16-04.51.05:952][  0]LogInit: Texture streaming: Enabled
[2016.01.16-04.51.05:960][  0]LogAnalytics: Creating configured Analytics provider AnalyticsET
[2016.01.16-04.51.05:960][  0]LogAnalytics: [UEEditor.Rocket.Release] APIServer = http://et2.epicgames.com/ET2/. AppVersion = 4.10.1-2791327+++depot+UE4-Releases+4.10
[2016.01.16-04.51.05:960][  0]LogAnalytics: [UEEditor.Rocket.Release] SetUserId de43219841e5038bf49fbfa481591ee0|4e461f00ab6f49d29405414d884919d6|9448dfb4-8168-4a85-8046-6b7a073564d8
[2016.01.16-04.51.05:960][  0]LogAnalytics: [UEEditor.Rocket.Release] AnalyticsET::StartSession
[2016.01.16-04.51.06:270][  0]LogInit: Transaction tracking system initialized
[2016.01.16-04.51.06:501][  0]BlueprintLog: New page: Editor Load
[2016.01.16-04.51.08:747][  0]LocalizationService: Info Localization service is disabled
[2016.01.16-04.51.10:947][  0]LogConsoleResponse:Display: 
[2016.01.16-04.51.16:468][  0]LogCook:Display: Done creating registry. It took  0.00s.
[2016.01.16-04.51.17:727][  0]LogFileCache: Scanning file cache for directory 'C:/Users/Matt/Documents/GitHub/P3NGUIN/P3NGUIN/MyProject19/Content/' took 0.06s
[2016.01.16-04.51.18:299][  0]SourceControl: Info Source control is disabled
[2016.01.16-04.51.18:299][  0]Cmd: MAP LOAD FILE="../../../../../../Users/Matt/Documents/GitHub/P3NGUIN/P3NGUIN/MyProject19/Content/Maps/ThirdPersonExampleMap.umap" TEMPLATE=0 SHOWPROGRESS=1 FEATURELEVEL=3
[2016.01.16-04.51.18:459][  0]LightingResults: New page: Lighting Build
[2016.01.16-04.51.18:463][  0]MapCheck: New page: Map Check
[2016.01.16-04.51.18:463][  0]LightingResults: New page: Lighting Build
[2016.01.16-04.51.18:474][  0]LogParticles: Destroying 0 GPU particle simulations for FXSystem 0x0000000021546160
[2016.01.16-04.51.18:737][  0]LogLinker:Warning: Asset '../../../../../../Users/Matt/Documents/GitHub/P3NGUIN/P3NGUIN/MyProject19/Content/Mannequin/Animations/ThirdPerson_AnimBP.uasset' has been saved with empty engine version. The asset will be loaded but may be incompatible.
[2016.01.16-04.51.18:758][  0]LogLinker:Warning: Asset '../../../../../../Users/Matt/Documents/GitHub/P3NGUIN/P3NGUIN/MyProject19/Content/Mannequin/Animations/ThirdPerson_Jump.uasset' has been saved with empty engine version. The asset will be loaded but may be incompatible.
[2016.01.16-04.51.18:837][  0]LogLinker:Warning: Asset '../../../../../../Users/Matt/Documents/GitHub/P3NGUIN/P3NGUIN/MyProject19/Content/Mannequin/Animations/ThirdPersonJump_Loop.uasset' has been saved with empty engine version. The asset will be loaded but may be incompatible.
[2016.01.16-04.51.18:883][  0]LogLinker:Warning: Asset '../../../../../../Users/Matt/Documents/GitHub/P3NGUIN/P3NGUIN/MyProject19/Content/Mannequin/Animations/ThirdPersonJump_Start.uasset' has been saved with empty engine version. The asset will be loaded but may be incompatible.
[2016.01.16-04.51.18:968][  0]LogLinker:Warning: Asset '../../../../../../Users/Matt/Documents/GitHub/P3NGUIN/P3NGUIN/MyProject19/Content/Mannequin/Animations/ThirdPerson_IdleRun_2D.uasset' has been saved with empty engine version. The asset will be loaded but may be incompatible.
[2016.01.16-04.51.19:011][  0]LogLinker:Warning: Asset '../../../../../../Users/Matt/Documents/GitHub/P3NGUIN/P3NGUIN/MyProject19/Content/Mannequin/Animations/ThirdPersonIdle.uasset' has been saved with empty engine version. The asset will be loaded but may be incompatible.
[2016.01.16-04.51.19:074][  0]LogLinker:Warning: Asset '../../../../../../Users/Matt/Documents/GitHub/P3NGUIN/P3NGUIN/MyProject19/Content/Mannequin/Animations/ThirdPersonRun.uasset' has been saved with empty engine version. The asset will be loaded but may be incompatible.
[2016.01.16-04.51.19:142][  0]LogLinker:Warning: Asset '../../../../../../Users/Matt/Documents/GitHub/P3NGUIN/P3NGUIN/MyProject19/Content/Mannequin/Animations/ThirdPersonWalk.uasset' has been saved with empty engine version. The asset will be loaded but may be incompatible.
[2016.01.16-04.51.25:572][  0]LogBlueprint:Warning: [compiler BasicKnife] Warning  Make HitResult  has no property tagged as BlueprintReadWrite. The node will be removed in a future release.
[2016.01.16-04.51.25:577][  0]LogBlueprint:Warning: [compiler BasicKnife] Warning [0095.79] Compile of BasicKnife successful, but with 1 Warning(s) [in 22 ms]
[2016.01.16-04.51.25:577][  0]LogBlueprint:Warning: [compiler BasicKnife] Warning [0095.79] Compile of BasicKnife successful, but with 2 Warning(s) [in 0 ms]
[2016.01.16-04.51.25:577][  0]LogBlueprint:Warning: [compiler BasicKnife] Warning [0095.79] Compile of BasicKnife successful, but with 3 Warning(s) [in 0 ms]
[2016.01.16-04.51.28:143][  0]LogBlueprint:Warning: [compiler ThirdPersonCharacter] Warning 'AbilitiesMenu' is already a 'Ability Menu', you don't need  Cast To AbilityMenu .
[2016.01.16-04.51.28:146][  0]LogBlueprint:Warning: [compiler ThirdPersonCharacter] Warning 'PointerClass' is already a 'Pointer', you don't need  Cast To Pointer .
[2016.01.16-04.51.28:148][  0]LogBlueprint:Warning: [compiler ThirdPersonCharacter] Warning No value will be returned by reference. Parameter 'EndTime'. Node:  (none) 
[2016.01.16-04.51.28:159][  0]LogBlueprint:Warning: [compiler ThirdPersonCharacter] Warning 'SecondPointer' is already a 'Pointer 2', you don't need  Cast To Pointer2 .
[2016.01.16-04.51.28:178][  0]LogBlueprint:Warning: [compiler ThirdPersonCharacter] Warning [0098.39] Compile of ThirdPersonCharacter successful, but with 4 Warning(s) [in 116 ms]
[2016.01.16-04.51.28:178][  0]LogBlueprint:Warning: [compiler ThirdPersonCharacter] Warning [0098.39] Compile of ThirdPersonCharacter successful, but with 5 Warning(s) [in 0 ms]
[2016.01.16-04.51.28:178][  0]LogBlueprint:Warning: [compiler ThirdPersonCharacter] Warning [0098.39] Compile of ThirdPersonCharacter successful, but with 6 Warning(s) [in 0 ms]
[2016.01.16-04.51.28:459][  0]LogBlueprint:Warning: [compiler TimeMeter] Warning 'ReturnValue' is already a 'Knife Represent', you don't need  Cast To KnifeRepresent .
[2016.01.16-04.51.28:462][  0]LogBlueprint:Warning: [compiler TimeMeter] Warning [0098.67] Compile of TimeMeter successful, but with 1 Warning(s) [in 15 ms]
[2016.01.16-04.51.28:464][  0]LogBlueprint:Warning: [compiler TimeMeter] Warning [0098.68] Compile of TimeMeter successful, but with 2 Warning(s) [in 1 ms]
[2016.01.16-04.51.28:464][  0]LogBlueprint:Warning: [compiler TimeMeter] Warning [0098.68] Compile of TimeMeter successful, but with 3 Warning(s) [in 0 ms]
[2016.01.16-04.51.28:518][  0]LogBlueprint:Warning: [compiler AbilityMenu] Warning 'ReturnValue' is already a 'Listed Item', you don't need  Cast To ListedItem .
[2016.01.16-04.51.28:519][  0]LogBlueprint:Warning: [compiler AbilityMenu] Warning 'ReturnValue' is already a 'Listed Item', you don't need  Cast To ListedItem .
[2016.01.16-04.51.28:522][  0]LogBlueprint:Warning: [compiler AbilityMenu] Warning [0098.73] Compile of AbilityMenu successful, but with 2 Warning(s) [in 29 ms]
[2016.01.16-04.51.28:524][  0]LogBlueprint:Warning: [compiler AbilityMenu] Warning [0098.73] Compile of AbilityMenu successful, but with 3 Warning(s) [in 2 ms]
[2016.01.16-04.51.28:524][  0]LogBlueprint:Warning: [compiler AbilityMenu] Warning [0098.74] Compile of AbilityMenu successful, but with 4 Warning(s) [in 0 ms]
[2016.01.16-04.51.29:157][  0]LogBlueprint:Warning: [compiler FreeMovementLocator] Warning 'Third Person Character 2D' does not inherit from 'Player Controller' ( Cast To ThirdPersonCharacter2D  would always fail).
[2016.01.16-04.51.29:158][  0]LogBlueprint:Warning: [compiler FreeMovementLocator] Warning [0099.37] Compile of FreeMovementLocator successful, but with 1 Warning(s) [in 3 ms]
[2016.01.16-04.51.29:158][  0]LogBlueprint:Warning: [compiler FreeMovementLocator] Warning [0099.37] Compile of FreeMovementLocator successful, but with 2 Warning(s) [in 0 ms]
[2016.01.16-04.51.29:158][  0]LogBlueprint:Warning: [compiler FreeMovementLocator] Warning [0099.37] Compile of FreeMovementLocator successful, but with 3 Warning(s) [in 0 ms]
[2016.01.16-04.51.33:408][  0]LogBlueprint:Warning: [compiler ThirdPersonCharacter2D] Warning No value will be returned by reference. Parameter 'EndTime'. Node:  (none) 
[2016.01.16-04.51.33:425][  0]LogBlueprint:Warning: [compiler ThirdPersonCharacter2D] Warning 'AbilitiesMenu' is already a 'Ability Menu', you don't need  Cast To AbilityMenu .
[2016.01.16-04.51.33:425][  0]LogBlueprint:Warning: [compiler ThirdPersonCharacter2D] Warning 'ReturnValue' is already a 'Knife', you don't need  Cast To Knife .
[2016.01.16-04.51.33:434][  0]LogBlueprint:Warning: [compiler ThirdPersonCharacter2D] Warning 'SecondPointer' is already a 'Pointer 2', you don't need  Cast To Pointer2 .
[2016.01.16-04.51.33:541][  0]LogBlueprint:Warning: [compiler ThirdPersonCharacter2D] Warning [0103.75] Compile of ThirdPersonCharacter2D successful, but with 4 Warning(s) [in 250 ms]
[2016.01.16-04.51.33:544][  0]LogBlueprint:Warning: [compiler ThirdPersonCharacter2D] Warning [0103.75] Compile of ThirdPersonCharacter2D successful, but with 5 Warning(s) [in 2 ms]
[2016.01.16-04.51.33:544][  0]LogBlueprint:Warning: [compiler ThirdPersonCharacter2D] Warning [0103.75] Compile of ThirdPersonCharacter2D successful, but with 6 Warning(s) [in 0 ms]
[2016.01.16-04.51.33:548][  0]LogBlueprint:Warning: [compiler FreeMovementLocator] Warning 'Third Person Character 2D' does not inherit from 'Player Controller' ( Cast To ThirdPersonCharacter2D  would always fail).
[2016.01.16-04.51.33:550][  0]LogBlueprint:Warning: [compiler FreeMovementLocator] Warning [0103.76] Compile of FreeMovementLocator successful, but with 1 Warning(s) [in 3 ms]
[2016.01.16-04.51.33:550][  0]LogBlueprint:Warning: [compiler FreeMovementLocator] Warning [0103.76] Compile of FreeMovementLocator successful, but with 2 Warning(s) [in 0 ms]
[2016.01.16-04.51.33:554][  0]LogBlueprint:Warning: [compiler FreeMovementLocator] Warning [0103.77] Compile of FreeMovementLocator successful, but with 3 Warning(s) [in 4 ms]
[2016.01.16-04.51.33:713][  0]LogBlueprint:Warning: [compiler BasicKnife] Warning  Make HitResult  has no property tagged as BlueprintReadWrite. The node will be removed in a future release.
[2016.01.16-04.51.33:717][  0]LogBlueprint:Warning: [compiler BasicKnife] Warning [0103.93] Compile of BasicKnife successful, but with 1 Warning(s) [in 23 ms]
[2016.01.16-04.51.33:717][  0]LogBlueprint:Warning: [compiler BasicKnife] Warning [0103.93] Compile of BasicKnife successful, but with 2 Warning(s) [in 0 ms]
[2016.01.16-04.51.33:722][  0]LogBlueprint:Warning: [compiler BasicKnife] Warning [0103.93] Compile of BasicKnife successful, but with 3 Warning(s) [in 4 ms]
[2016.01.16-04.51.33:753][  0]LogBlueprint:Warning: [compiler AbilityMenu] Warning 'ReturnValue' is already a 'Listed Item', you don't need  Cast To ListedItem .
[2016.01.16-04.51.33:754][  0]LogBlueprint:Warning: [compiler AbilityMenu] Warning 'ReturnValue' is already a 'Listed Item', you don't need  Cast To ListedItem .
[2016.01.16-04.51.33:757][  0]LogBlueprint:Warning: [compiler AbilityMenu] Warning [0103.97] Compile of AbilityMenu successful, but with 2 Warning(s) [in 28 ms]
[2016.01.16-04.51.33:757][  0]LogBlueprint:Warning: [compiler AbilityMenu] Warning [0103.97] Compile of AbilityMenu successful, but with 3 Warning(s) [in 0 ms]
[2016.01.16-04.51.33:764][  0]LogBlueprint:Warning: [compiler AbilityMenu] Warning [0103.97] Compile of AbilityMenu successful, but with 4 Warning(s) [in 6 ms]
[2016.01.16-04.51.33:800][  0]LogBlueprint:Warning: [compiler TimeMeter] Warning 'ReturnValue' is already a 'Knife Represent', you don't need  Cast To KnifeRepresent .
[2016.01.16-04.51.33:804][  0]LogBlueprint:Warning: [compiler TimeMeter] Warning [0104.02] Compile of TimeMeter successful, but with 1 Warning(s) [in 16 ms]
[2016.01.16-04.51.33:804][  0]LogBlueprint:Warning: [compiler TimeMeter] Warning [0104.02] Compile of TimeMeter successful, but with 2 Warning(s) [in 0 ms]
[2016.01.16-04.51.33:812][  0]LogBlueprint:Warning: [compiler TimeMeter] Warning [0104.02] Compile of TimeMeter successful, but with 3 Warning(s) [in 7 ms]
[2016.01.16-04.51.33:919][  0]LogBlueprint:Warning: [compiler ThirdPersonCharacter] Warning 'AbilitiesMenu' is already a 'Ability Menu', you don't need  Cast To AbilityMenu .
[2016.01.16-04.51.33:922][  0]LogBlueprint:Warning: [compiler ThirdPersonCharacter] Warning 'PointerClass' is already a 'Pointer', you don't need  Cast To Pointer .
[2016.01.16-04.51.33:923][  0]LogBlueprint:Warning: [compiler ThirdPersonCharacter] Warning No value will be returned by reference. Parameter 'EndTime'. Node:  (none) 
[2016.01.16-04.51.33:935][  0]LogBlueprint:Warning: [compiler ThirdPersonCharacter] Warning 'SecondPointer' is already a 'Pointer 2', you don't need  Cast To Pointer2 .
[2016.01.16-04.51.33:956][  0]LogBlueprint:Warning: [compiler ThirdPersonCharacter] Warning [0104.17] Compile of ThirdPersonCharacter successful, but with 4 Warning(s) [in 125 ms]
[2016.01.16-04.51.33:957][  0]LogBlueprint:Warning: [compiler ThirdPersonCharacter] Warning [0104.17] Compile of ThirdPersonCharacter successful, but with 5 Warning(s) [in 0 ms]
[2016.01.16-04.51.33:957][  0]LogBlueprint:Warning: [compiler ThirdPersonCharacter] Warning [0104.17] Compile of ThirdPersonCharacter successful, but with 6 Warning(s) [in 0 ms]
[2016.01.16-04.51.34:135][  0]LogBlueprint:Warning: [compiler ThirdPersonCharacter2D] Warning No value will be returned by reference. Parameter 'EndTime'. Node:  (none) 
[2016.01.16-04.51.34:154][  0]LogBlueprint:Warning: [compiler ThirdPersonCharacter2D] Warning 'AbilitiesMenu' is already a 'Ability Menu', you don't need  Cast To AbilityMenu .
[2016.01.16-04.51.34:154][  0]LogBlueprint:Warning: [compiler ThirdPersonCharacter2D] Warning 'ReturnValue' is already a 'Knife', you don't need  Cast To Knife .
[2016.01.16-04.51.34:163][  0]LogBlueprint:Warning: [compiler ThirdPersonCharacter2D] Warning 'SecondPointer' is already a 'Pointer 2', you don't need  Cast To Pointer2 .
[2016.01.16-04.51.34:285][  0]LogBlueprint:Warning: [compiler ThirdPersonCharacter2D] Warning [0104.50] Compile of ThirdPersonCharacter2D successful, but with 4 Warning(s) [in 258 ms]
[2016.01.16-04.51.34:285][  0]LogBlueprint:Warning: [compiler ThirdPersonCharacter2D] Warning [0104.50] Compile of ThirdPersonCharacter2D successful, but with 5 Warning(s) [in 0 ms]
[2016.01.16-04.51.34:287][  0]LogBlueprint:Warning: [compiler ThirdPersonCharacter2D] Warning [0104.50] Compile of ThirdPersonCharacter2D successful, but with 6 Warning(s) [in 2 ms]
[2016.01.16-04.51.49:074][  0]LogAIModule: Creating AISystem for world ThirdPersonExampleMap
[2016.01.16-04.51.49:127][  0]LogEditorServer: Finished looking for orphan Actors (0.000 secs)
[2016.01.16-04.51.49:127][  0]Cmd: MAP CHECKDEP NOCLEARLOG
[2016.01.16-04.51.49:234][  0]MapCheck: Info Map check complete: 0 Error(s), 0 Warning(s), took 106.051ms to complete.
[2016.01.16-04.51.49:234][  0]LogFileHelpers: Loading map 'ThirdPersonExampleMap' took 30.934
[2016.01.16-04.51.49:597][  0]LogCollectionManager: Loaded 0 collections in 0.003018 seconds
[2016.01.16-04.51.49:637][  0]LogFileCache: Scanning file cache for directory 'C:/Users/Matt/Documents/GitHub/P3NGUIN/P3NGUIN/MyProject19/Saved/Collections/' took 0.01s
[2016.01.16-04.51.49:637][  0]LogFileCache: Scanning file cache for directory 'C:/Users/Matt/Documents/GitHub/P3NGUIN/P3NGUIN/MyProject19/Content/Developers/Matt/Collections/' took 0.01s
[2016.01.16-04.51.49:637][  0]LogFileCache: Scanning file cache for directory 'C:/Users/Matt/Documents/GitHub/P3NGUIN/P3NGUIN/MyProject19/Content/Collections/' took 0.01s
[2016.01.16-04.51.49:637][  0]LogCollectionManager: Rebuilt the GUID cache for 0 collections in 0.000002 seconds
[2016.01.16-04.51.49:645][  0]LogContentBrowser: Native class hierarchy populated in 0.0078 seconds. Added 1893 classes and 338 folders.
[2016.01.16-04.51.49:663][  0]LogContentBrowser: Native class hierarchy updated for 'WidgetCarousel' in 0.0005 seconds. Added 0 classes and 0 folders.
[2016.01.16-04.51.51:685][  0]LogContentBrowser: Native class hierarchy updated for 'AddContentDialog' in 0.0005 seconds. Added 0 classes and 0 folders.
[2016.01.16-04.51.51:690][  0]LogContentBrowser: Native class hierarchy updated for 'SceneOutliner' in 0.0008 seconds. Added 1 classes and 2 folders.
[2016.01.16-04.51.51:727][  0]LogContentBrowser: Native class hierarchy updated for 'WorldBrowser' in 0.0006 seconds. Added 1 classes and 3 folders.
[2016.01.16-04.51.51:733][  0]LogCrashTracker: Crashtracker disabled due to settings.
[2016.01.16-04.51.51:771][  0]LogUObjectGlobals:Warning: Failed to find object 'Class None.'
[2016.01.16-04.51.51:792][  0]LogLoad: Full Startup: 122.00 seconds (BP compile: 2.33 seconds)
[2016.01.16-04.51.52:141][  0]LogOcInput: Can't find Oculus library dev build: is proper Runtime installed? Version: 0.8.0.0
[2016.01.16-04.51.52:738][  0]LogContentStreaming: Texture pool size now 1000 MB
[2016.01.16-04.51.53:077][  0]LogRenderer: Reallocating scene render targets to support 828x516 (Frame:2).
[2016.01.16-04.51.56:222][  9]LogAssetRegistry: Asset discovery search completed in 59.6670 seconds
[2016.01.16-04.51.56:222][  9]LogCollectionManager: Rebuilt the object cache for 0 collections in 0.000001 seconds (found 0 objects)
[2016.01.16-04.51.56:222][  9]LogCollectionManager: Fixed up redirectors for 0 collections in 0.000020 seconds (updated 0 objects)
[2016.01.16-06.25.49:301][477]LogActorComponent: UnregisterComponent: (/Engine/Transient.ProjectileMovement_GEN_VARIABLE) Not registered. Aborting.
[2016.01.16-06.25.49:301][477]LogActorComponent: UnregisterComponent: (/Engine/Transient.CharMoveComp) Not registered. Aborting.
[2016.01.16-06.25.51:748][478]Cmd: QUIT_EDITOR
[2016.01.16-06.25.52:150][478]LogExit: Preparing to exit.
[2016.01.16-06.25.53:735][478]LogExit: Editor shut down
[2016.01.16-06.25.53:735][478]LogExit: Transaction tracking system shut down
[2016.01.16-06.25.53:842][478]LogParticles: Destroying 0 GPU particle simulations for FXSystem 0x00000000291831A0
[2016.01.16-06.25.53:842][478]LogParticles: Destroying 0 GPU particle simulations for FXSystem 0x000000002B9F7880
[2016.01.16-06.25.53:842][478]LogParticles: Destroying 0 GPU particle simulations for FXSystem 0x000000002AFF2840
[2016.01.16-06.25.53:842][478]LogParticles: Destroying 0 GPU particle simulations for FXSystem 0x000000002DC79260
[2016.01.16-06.25.56:650][478]LogExit: Object subsystem successfully closed.
[2016.01.16-06.25.56:864][478]LogD3D11RHI: Shutdown
[2016.01.16-06.25.56:864][478]LogD3D11RHI: CleanupD3DDevice
[2016.01.16-06.25.56:970][478]LogD3D11RHI: ~FD3D11DynamicRHI
[2016.01.16-06.25.58:127][478]LogModuleManager: Shutting down and abandoning module CrashTracker (199)
[2016.01.16-06.25.58:127][478]LogModuleManager: Shutting down and abandoning module WorldBrowser (198)
[2016.01.16-06.25.58:128][478]LogModuleManager: Shutting down and abandoning module SceneOutliner (197)
[2016.01.16-06.25.58:128][478]LogModuleManager: Shutting down and abandoning module SuperSearch (196)
[2016.01.16-06.25.58:128][478]LogModuleManager: Shutting down and abandoning module WidgetCarousel (195)
[2016.01.16-06.25.58:129][478]LogModuleManager: Shutting down and abandoning module AddContentDialog (194)
[2016.01.16-06.25.58:277][478]LogModuleManager: Shutting down and abandoning module EditorWidgets (193)
[2016.01.16-06.25.58:277][478]LogModuleManager: Shutting down and abandoning module CollectionManager (192)
[2016.01.16-06.25.58:680][478]LogModuleManager: Shutting down and abandoning module StatsViewer (191)
[2016.01.16-06.25.59:363][478]LogModuleManager: Shutting down and abandoning module FoliageEdit (190)
[2016.01.16-06.25.59:363][478]LogModuleManager: Shutting down and abandoning module LandscapeEditor (189)
[2016.01.16-06.25.59:384][478]LogModuleManager: Shutting down and abandoning module ActorPickerMode (188)
[2016.01.16-06.25.59:384][478]LogModuleManager: Shutting down and abandoning module GeometryMode (187)
[2016.01.16-06.25.59:384][478]LogModuleManager: Shutting down and abandoning module TextureAlignMode (186)
[2016.01.16-06.25.59:384][478]LogModuleManager: Shutting down and abandoning module BspMode (185)
[2016.01.16-06.25.59:384][478]LogModuleManager: Shutting down and abandoning module PlacementMode (184)
[2016.01.16-06.25.59:384][478]LogModuleManager: Shutting down and abandoning module AutomationWorker (183)
[2016.01.16-06.25.59:384][478]LogModuleManager: Shutting down and abandoning module CharacterAI (182)
[2016.01.16-06.25.59:384][478]LogModuleManager: Shutting down and abandoning module SmartSnapping (181)
[2016.01.16-06.25.59:384][478]LogModuleManager: Shutting down and abandoning module ViewportSnapping (180)
[2016.01.16-06.25.59:384][478]LogModuleManager: Shutting down and abandoning module LogVisualizer (179)
[2016.01.16-06.25.59:548][478]LogModuleManager: Shutting down and abandoning module GameProjectGeneration (178)
[2016.01.16-06.25.59:602][478]LogModuleManager: Shutting down and abandoning module IntroTutorials (177)
[2016.01.16-06.25.59:619][478]LogModuleManager: Shutting down and abandoning module EditorLiveStreaming (176)
[2016.01.16-06.25.59:619][478]LogModuleManager: Shutting down and abandoning module IOSPlatformEditor (175)
[2016.01.16-06.25.59:661][478]LogModuleManager: Shutting down and abandoning module HTML5PlatformEditor (174)
[2016.01.16-06.25.59:661][478]LogModuleManager: Shutting down and abandoning module AndroidDeviceDetection (173)
[2016.01.16-06.25.59:847][478]LogModuleManager: Shutting down and abandoning module AndroidPlatformEditor (172)
[2016.01.16-06.25.59:847][478]LogModuleManager: Shutting down and abandoning module IOSRuntimeSettings (171)
[2016.01.16-06.25.59:847][478]LogModuleManager: Shutting down and abandoning module AndroidRuntimeSettings (170)
[2016.01.16-06.25.59:847][478]LogModuleManager: Shutting down and abandoning module MergeActors (169)
[2016.01.16-06.25.59:847][478]LogModuleManager: Shutting down and abandoning module SizeMap (168)
[2016.01.16-06.25.59:847][478]LogModuleManager: Shutting down and abandoning module TreeMap (167)
[2016.01.16-06.25.59:878][478]LogModuleManager: Shutting down and abandoning module ReferenceViewer (166)
[2016.01.16-06.25.59:899][478]LogModuleManager: Shutting down and abandoning module LocalizationService (165)
[2016.01.16-06.25.59:899][478]LogModuleManager: Shutting down and abandoning module LocalizationDashboard (164)
[2016.01.16-06.25.59:963][478]LogModuleManager: Shutting down and abandoning module HardwareTargeting (163)
[2016.01.16-06.25.59:983][478]LogModuleManager: Shutting down and abandoning module DeviceProfileEditor (162)
[2016.01.16-06.26.00:050][478]LogModuleManager: Shutting down and abandoning module UndoHistory (161)
[2016.01.16-06.26.00:128][478]LogModuleManager: Shutting down and abandoning module GameplayTagsEditor (160)
[2016.01.16-06.26.00:138][478]LogModuleManager: Shutting down and abandoning module UserFeedback (159)
[2016.01.16-06.26.00:138][478]LogModuleManager: Shutting down and abandoning module XmlParser (158)
[2016.01.16-06.26.00:152][478]LogModuleManager: Shutting down and abandoning module Blutility (157)
[2016.01.16-06.26.00:152][478]LogModuleManager: Shutting down and abandoning module ProjectTargetPlatformEditor (156)
[2016.01.16-06.26.00:152][478]LogModuleManager: Shutting down and abandoning module ProjectSettingsViewer (155)
[2016.01.16-06.26.00:152][478]LogModuleManager: Shutting down and abandoning module InputBindingEditor (154)
[2016.01.16-06.26.00:167][478]LogModuleManager: Shutting down and abandoning module EditorSettingsViewer (153)
[2016.01.16-06.26.00:167][478]LogModuleManager: Shutting down and abandoning module SettingsEditor (152)
[2016.01.16-06.26.00:180][478]LogModuleManager: Shutting down and abandoning module ProjectLauncher (151)
[2016.01.16-06.26.00:354][478]LogModuleManager: Shutting down and abandoning module SessionFrontend (150)
[2016.01.16-06.26.00:521][478]LogModuleManager: Shutting down and abandoning module ProfilerClient (149)
[2016.01.16-06.26.00:581][478]LogModuleManager: Shutting down and abandoning module TargetDeviceServices (148)
[2016.01.16-06.26.00:581][478]LogModuleManager: Shutting down and abandoning module DeviceManager (147)
[2016.01.16-06.26.00:598][478]LogModuleManager: Shutting down and abandoning module AutomationController (146)
[2016.01.16-06.26.00:816][478]LogModuleManager: Shutting down and abandoning module AutomationWindow (145)
[2016.01.16-06.26.00:875][478]LogModuleManager: Shutting down and abandoning module Layers (144)
[2016.01.16-06.26.00:976][478]LogModuleManager: Shutting down and abandoning module ComponentVisualizers (143)
[2016.01.16-06.26.00:976][478]LogModuleManager: Shutting down and abandoning module DetailCustomizations (142)
[2016.01.16-06.26.00:976][478]LogModuleManager: Shutting down and abandoning module PackagesDialog (141)
[2016.01.16-06.26.00:976][478]LogModuleManager: Shutting down and abandoning module Persona (140)
[2016.01.16-06.26.01:075][478]LogModuleManager: Shutting down and abandoning module Kismet (139)
[2016.01.16-06.26.01:075][478]LogModuleManager: Shutting down and abandoning module GraphEditor (138)
[2016.01.16-06.26.01:075][478]LogModuleManager: Shutting down and abandoning module ClassViewer (137)
[2016.01.16-06.26.01:109][478]LogModuleManager: Shutting down and abandoning module Toolbox (136)
[2016.01.16-06.26.01:109][478]LogModuleManager: Shutting down and abandoning module ModuleUI (135)
[2016.01.16-06.26.01:272][478]LogModuleManager: Shutting down and abandoning module MovieSceneTools (134)
[2016.01.16-06.26.01:291][478]LogModuleManager: Shutting down and abandoning module OutputLog (133)
[2016.01.16-06.26.01:291][478]LogModuleManager: Shutting down and abandoning module GammaUI (132)
[2016.01.16-06.26.01:308][478]LogModuleManager: Shutting down and abandoning module Documentation (131)
[2016.01.16-06.26.01:308][478]LogModuleManager: Shutting down and abandoning module GameLiveStreaming (130)
[2016.01.16-06.26.01:328][478]LogModuleManager: Shutting down and abandoning module StreamingPauseRendering (129)
[2016.01.16-06.26.01:328][478]LogModuleManager: Shutting down and abandoning module AnalyticsET (128)
[2016.01.16-06.26.01:328][478]LogModuleManager: Shutting down and abandoning module Analytics (127)
[2016.01.16-06.26.01:328][478]LogModuleManager: Shutting down and abandoning module AITestSuite (126)
[2016.01.16-06.26.01:344][478]LogModuleManager: Shutting down and abandoning module GameplayDebugger (125)
[2016.01.16-06.26.01:344][478]LogModuleManager: Shutting down and abandoning module AIModule (124)
[2016.01.16-06.26.01:344][478]LogModuleManager: Shutting down and abandoning module ProfilerService (123)
[2016.01.16-06.26.01:373][478]LogModuleManager: Shutting down and abandoning module TaskGraph (122)
[2016.01.16-06.26.01:409][478]LogModuleManager: Shutting down and abandoning module SlateRemote (121)
[2016.01.16-06.26.01:409][478]LogModuleManager: Shutting down and abandoning module SteamVRController (120)
[2016.01.16-06.26.01:409][478]LogModuleManager: Shutting down and abandoning module SteamVR (119)
[2016.01.16-06.26.01:409][478]LogModuleManager: Shutting down and abandoning module ProceduralMeshComponent (118)
[2016.01.16-06.26.01:409][478]LogModuleManager: Shutting down and abandoning module OculusLibrary (117)
[2016.01.16-06.26.01:409][478]LogModuleManager: Shutting down and abandoning module OculusInput (116)
[2016.01.16-06.26.01:409][478]LogModuleManager: Shutting down and abandoning module LeapMotionController (115)
[2016.01.16-06.26.01:562][478]LogModuleManager: Shutting down and abandoning module CustomMeshComponent (114)
[2016.01.16-06.26.01:562][478]LogModuleManager: Shutting down and abandoning module CableComponent (113)
[2016.01.16-06.26.01:595][478]LogModuleManager: Shutting down and abandoning module ArchVisCharacter (112)
[2016.01.16-06.26.01:595][478]LogModuleManager: Shutting down and abandoning module MessagingDebugger (111)
[2016.01.16-06.26.01:692][478]LogModuleManager: Shutting down and abandoning module MediaPlayerEditor (110)
[2016.01.16-06.26.01:720][478]LogModuleManager: Shutting down and abandoning module HTML5Networking (109)
[2016.01.16-06.26.01:720][478]LogModuleManager: Shutting down and abandoning module SpeedTreeImporter (108)
[2016.01.16-06.26.01:720][478]LogModuleManager: Shutting down and abandoning module PluginBrowser (107)
[2016.01.16-06.26.01:753][478]LogModuleManager: Shutting down and abandoning module EpicSurvey (106)
[2016.01.16-06.26.01:760][478]LogModuleManager: Shutting down and abandoning module DesktopPlatform (105)
[2016.01.16-06.26.01:889][478]LogModuleManager: Shutting down and abandoning module VisualStudioSourceCodeAccess (104)
[2016.01.16-06.26.01:889][478]LogModuleManager: Shutting down and abandoning module UObjectPlugin (103)
[2016.01.16-06.26.01:889][478]LogModuleManager: Shutting down and abandoning module SubversionSourceControl (102)
[2016.01.16-06.26.01:903][478]LogModuleManager: Shutting down and abandoning module PerforceSourceControl (101)
[2016.01.16-06.26.01:981][478]LogModuleManager: Shutting down and abandoning module SourceControl (100)
[2016.01.16-06.26.01:993][478]LogModuleManager: Shutting down and abandoning module GitSourceControl (99)
[2016.01.16-06.26.01:993][478]LogModuleManager: Shutting down and abandoning module LightPropagationVolumeEditor (98)
[2016.01.16-06.26.01:993][478]LogModuleManager: Shutting down and abandoning module PaperTiledImporter (97)
[2016.01.16-06.26.02:009][478]LogModuleManager: Shutting down and abandoning module PaperSpriteSheetImporter (96)
[2016.01.16-06.26.02:009][478]LogModuleManager: Shutting down and abandoning module MeshPaint (95)
[2016.01.16-06.26.02:009][478]LogModuleManager: Shutting down and abandoning module SlateReflector (94)
[2016.01.16-06.26.02:046][478]LogModuleManager: Shutting down and abandoning module HotReload (93)
[2016.01.16-06.26.02:058][478]LogModuleManager: Shutting down and abandoning module MainFrame (92)
[2016.01.16-06.26.02:059][478]LogModuleManager: Shutting down and abandoning module LevelEditor (91)
[2016.01.16-06.26.02:070][478]LogModuleManager: Shutting down and abandoning module DirectoryWatcher (90)
[2016.01.16-06.26.02:070][478]LogModuleManager: Shutting down and abandoning module AssetRegistry (89)
[2016.01.16-06.26.02:350][478]LogModuleManager: Shutting down and abandoning module ContentBrowser (88)
[2016.01.16-06.26.02:351][478]LogModuleManager: Shutting down and abandoning module Paper2DEditor (87)
[2016.01.16-06.26.02:477][478]LogModuleManager: Shutting down and abandoning module UdpMessaging (86)
[2016.01.16-06.26.02:577][478]LogModuleManager: Shutting down and abandoning module LightPropagationVolumeRuntime (85)
[2016.01.16-06.26.02:577][478]LogModuleManager: Shutting down and abandoning module Paper2D (84)
[2016.01.16-06.26.02:639][478]LogModuleManager: Shutting down and abandoning module WindowsMoviePlayer (83)
[2016.01.16-06.26.02:642][478]LogModuleManager: Shutting down and abandoning module Media (82)
[2016.01.16-06.26.02:642][478]LogModuleManager: Shutting down and abandoning module WmfMedia (81)
[2016.01.16-06.26.02:643][478]LogModuleManager: Shutting down and abandoning module OnlineBlueprintSupport (80)
[2016.01.16-06.26.02:643][478]LogModuleManager: Shutting down and abandoning module GameplayTasksEditor (79)
[2016.01.16-06.26.02:643][478]LogModuleManager: Shutting down and abandoning module PropertyEditor (78)
[2016.01.16-06.26.02:643][478]LogModuleManager: Shutting down and abandoning module BehaviorTreeEditor (77)
[2016.01.16-06.26.02:715][478]LogModuleManager: Shutting down and abandoning module FunctionalTesting (76)
[2016.01.16-06.26.02:715][478]LogModuleManager: Shutting down and abandoning module CollisionAnalyzer (75)
[2016.01.16-06.26.02:723][478]LogModuleManager: Shutting down and abandoning module WorkspaceMenuStructure (74)
[2016.01.16-06.26.02:723][478]LogModuleManager: Shutting down and abandoning module MessageLog (73)
[2016.01.16-06.26.02:723][478]LogModuleManager: Shutting down and abandoning module Sequencer (72)
[2016.01.16-06.26.02:788][478]LogModuleManager: Shutting down and abandoning module AssetTools (71)
[2016.01.16-06.26.02:801][478]LogModuleManager: Shutting down and abandoning module UMGEditor (70)
[2016.01.16-06.26.02:836][478]LogModuleManager: Shutting down and abandoning module UMG (69)
[2016.01.16-06.26.02:836][478]LogModuleManager: Shutting down and abandoning module Slate (68)
[2016.01.16-06.26.02:836][478]LogModuleManager: Shutting down and abandoning module EditorStyle (67)
[2016.01.16-06.26.02:843][478]LogModuleManager: Shutting down and abandoning module SessionServices (66)
[2016.01.16-06.26.02:843][478]LogModuleManager: Shutting down and abandoning module SourceCodeAccess (65)
[2016.01.16-06.26.02:843][478]LogModuleManager: Shutting down and abandoning module HeadMountedDisplay (64)
[2016.01.16-06.26.02:843][478]LogModuleManager: Shutting down and abandoning module XAudio2 (63)
[2016.01.16-06.26.02:843][478]LogModuleManager: Shutting down and abandoning module Networking (61)
[2016.01.16-06.26.02:843][478]LogModuleManager: Shutting down and abandoning module Core (60)
[2016.01.16-06.26.02:843][478]LogModuleManager: Shutting down and abandoning module KismetCompiler (59)
[2016.01.16-06.26.02:843][478]LogModuleManager: Shutting down and abandoning module PhysXFormats (58)
[2016.01.16-06.26.02:843][478]LogModuleManager: Shutting down and abandoning module MeshUtilities (57)
[2016.01.16-06.26.02:860][478]LogModuleManager: Shutting down and abandoning module DerivedDataCache (56)
[2016.01.16-06.26.02:914][478]LogDerivedDataCache: Shutdown
[2016.01.16-06.26.02:914][478]LogModuleManager: Shutting down and abandoning module ShaderFormatOpenGL (55)
[2016.01.16-06.26.02:933][478]LogModuleManager: Shutting down and abandoning module ShaderFormatD3D (54)
[2016.01.16-06.26.02:933][478]LogModuleManager: Shutting down and abandoning module MetalShaderFormat (53)
[2016.01.16-06.26.02:944][478]LogModuleManager: Shutting down and abandoning module TextureFormatUncompressed (52)
[2016.01.16-06.26.02:944][478]LogModuleManager: Shutting down and abandoning module TextureFormatPVR (51)
[2016.01.16-06.26.02:944][478]LogModuleManager: Shutting down and abandoning module TextureFormatIntelISPCTexComp (50)
[2016.01.16-06.26.02:944][478]LogModuleManager: Shutting down and abandoning module TextureFormatDXT (49)
[2016.01.16-06.26.02:944][478]LogModuleManager: Shutting down and abandoning module ImageWrapper (48)
[2016.01.16-06.26.02:944][478]LogModuleManager: Shutting down and abandoning module TextureFormatASTC (47)
[2016.01.16-06.26.02:944][478]LogModuleManager: Shutting down and abandoning module TextureFormatAndroid (46)
[2016.01.16-06.26.02:944][478]LogModuleManager: Shutting down and abandoning module AudioFormatOpus (45)
[2016.01.16-06.26.02:956][478]LogModuleManager: Shutting down and abandoning module AudioFormatOgg (44)
[2016.01.16-06.26.02:956][478]LogModuleManager: Shutting down and abandoning module AudioFormatADPCM (43)
[2016.01.16-06.26.02:956][478]LogModuleManager: Shutting down and abandoning module LinuxTargetPlatform (42)
[2016.01.16-06.26.02:956][478]LogModuleManager: Shutting down and abandoning module LinuxServerTargetPlatform (41)
[2016.01.16-06.26.02:956][478]LogModuleManager: Shutting down and abandoning module LinuxNoEditorTargetPlatform (40)
[2016.01.16-06.26.02:956][478]LogModuleManager: Shutting down and abandoning module Messaging (39)
[2016.01.16-06.26.02:956][478]LogModuleManager: Shutting down and abandoning module IOSTargetPlatform (38)
[2016.01.16-06.26.02:956][478]LogModuleManager: Shutting down and abandoning module HTML5TargetPlatform (37)
[2016.01.16-06.26.02:956][478]LogModuleManager: Shutting down and abandoning module Android_PVRTCTargetPlatform (36)
[2016.01.16-06.26.02:956][478]LogModuleManager: Shutting down and abandoning module Android_MultiTargetPlatform (35)
[2016.01.16-06.26.02:956][478]LogModuleManager: Shutting down and abandoning module Android_ETC2TargetPlatform (34)
[2016.01.16-06.26.02:956][478]LogModuleManager: Shutting down and abandoning module Android_ETC1TargetPlatform (33)
[2016.01.16-06.26.02:956][478]LogModuleManager: Shutting down and abandoning module Android_DXTTargetPlatform (32)
[2016.01.16-06.26.02:956][478]LogModuleManager: Shutting down and abandoning module Android_ATCTargetPlatform (31)
[2016.01.16-06.26.02:956][478]LogModuleManager: Shutting down and abandoning module Android_ASTCTargetPlatform (30)
[2016.01.16-06.26.02:956][478]LogModuleManager: Shutting down and abandoning module AndroidTargetPlatform (29)
[2016.01.16-06.26.02:956][478]LogModuleManager: Shutting down and abandoning module WindowsTargetPlatform (28)
[2016.01.16-06.26.02:956][478]LogModuleManager: Shutting down and abandoning module WindowsServerTargetPlatform (27)
[2016.01.16-06.26.02:957][478]LogModuleManager: Shutting down and abandoning module WindowsNoEditorTargetPlatform (26)
[2016.01.16-06.26.02:957][478]LogModuleManager: Shutting down and abandoning module WindowsClientTargetPlatform (25)
[2016.01.16-06.26.02:957][478]LogModuleManager: Shutting down and abandoning module AllDesktopTargetPlatform (24)
[2016.01.16-06.26.02:957][478]LogModuleManager: Shutting down and abandoning module TargetPlatform (23)
[2016.01.16-06.26.02:957][478]LogModuleManager: Shutting down and abandoning module InputCore (22)
[2016.01.16-06.26.02:957][478]LogModuleManager: Shutting down and abandoning module Settings (21)
[2016.01.16-06.26.02:957][478]LogModuleManager: Shutting down and abandoning module OnlineSubsystem (19)
[2016.01.16-06.26.02:957][478]LogModuleManager: Shutting down and abandoning module HTTP (18)
[2016.01.16-06.26.05:957][478]LogModuleManager: Shutting down and abandoning module XMPP (17)
[2016.01.16-06.26.05:987][478]LogModuleManager: Shutting down and abandoning module OculusRift (16)
[2016.01.16-06.26.06:028][478]LogModuleManager: Shutting down and abandoning module ExampleDeviceProfileSelector (15)
[2016.01.16-06.26.06:028][478]LogModuleManager: Shutting down and abandoning module TextureCompressor (14)
[2016.01.16-06.26.06:035][478]LogModuleManager: Shutting down and abandoning module ShaderCore (13)
[2016.01.16-06.26.06:035][478]LogModuleManager: Shutting down and abandoning module Landscape (12)
[2016.01.16-06.26.06:035][478]LogModuleManager: Shutting down and abandoning module SlateRHIRenderer (11)
[2016.01.16-06.26.06:041][478]LogModuleManager: Shutting down and abandoning module OpenGLDrv (10)
[2016.01.16-06.26.06:074][478]LogModuleManager: Shutting down and abandoning module D3D11RHI (9)
[2016.01.16-06.26.06:074][478]LogModuleManager: Shutting down and abandoning module AnimGraphRuntime (8)
[2016.01.16-06.26.06:083][478]LogModuleManager: Shutting down and abandoning module Renderer (7)
[2016.01.16-06.26.06:083][478]LogModuleManager: Shutting down and abandoning module Engine (6)
[2016.01.16-06.26.06:083][478]LogModuleManager: Shutting down and abandoning module CoreUObject (5)
[2016.01.16-06.26.06:083][478]LogModuleManager: Shutting down and abandoning module NetworkFile (4)
[2016.01.16-06.26.06:087][478]LogModuleManager: Shutting down and abandoning module StreamingFile (3)
[2016.01.16-06.26.06:126][478]LogModuleManager: Shutting down and abandoning module SandboxFile (2)
[2016.01.16-06.26.06:126][478]LogModuleManager: Shutting down and abandoning module PakFile (1)
[2016.01.16-06.26.06:206][478]LogExit: Exiting.
[2016.01.16-06.26.06:219][478]Log file closed, 01/15/16 22:26:06
