[2015.12.02-22.47.25:828][  0]Log file open, 12/02/15 14:47:25
[2015.12.02-22.47.25:828][  0]LogInit:Display: Running engine for game: MyProject19
[2015.12.02-22.47.25:828][  0]LogPlatformFile: Not using cached read wrapper
[2015.12.02-22.47.25:828][  0]LogInit:Display: RandInit(-225236905) SRandInit(-225236903).
[2015.12.02-22.47.25:828][  0]LogTaskGraph: Started task graph with 4 named threads and 7 total threads.
[2015.12.02-22.47.25:828][  0]LogStats: Stats thread started at 0.074360
[2015.12.02-22.47.25:828][  0]LogInit: Version: 4.10.0-2758231+++depot+UE4-Releases+4.10
[2015.12.02-22.47.25:828][  0]LogInit: API Version: 2758231
[2015.12.02-22.47.25:828][  0]LogInit: Compiled (64-bit): Nov  7 2015 05:13:45
[2015.12.02-22.47.25:828][  0]LogInit: Compiled with Visual C++: 19.00.23026.00
[2015.12.02-22.47.25:828][  0]LogInit: Build Configuration: Development
[2015.12.02-22.47.25:828][  0]LogInit: Branch Name: ++depot+UE4-Releases+4.10
[2015.12.02-22.47.25:828][  0]LogInit: Command line:  
[2015.12.02-22.47.25:828][  0]LogInit: Base directory: C:/Program Files/Epic Games/4.10/Engine/Binaries/Win64/
[2015.12.02-22.47.25:828][  0]LogInit: Rocket: 1
[2015.12.02-22.47.25:840][  0]LogInit: Using libcurl 7.41.0
[2015.12.02-22.47.25:840][  0]LogInit:  - built for x86_64-pc-win32
[2015.12.02-22.47.25:840][  0]LogInit:  - supports SSL with WinSSL
[2015.12.02-22.47.25:840][  0]LogInit:  - other features:
[2015.12.02-22.47.25:840][  0]LogInit:      CURL_VERSION_SSL
[2015.12.02-22.47.25:840][  0]LogInit:      CURL_VERSION_IPV6
[2015.12.02-22.47.25:840][  0]LogInit:      CURL_VERSION_ASYNCHDNS
[2015.12.02-22.47.25:840][  0]LogInit:      CURL_VERSION_LARGEFILE
[2015.12.02-22.47.25:840][  0]LogInit:      CURL_VERSION_IDN
[2015.12.02-22.47.25:841][  0]LogInit:  CurlRequestOptions (configurable via config and command line):
[2015.12.02-22.47.25:841][  0]LogInit:  - bVerifyPeer = true  - Libcurl will verify peer certificate
[2015.12.02-22.47.25:841][  0]LogInit:  - bUseHttpProxy = false  - Libcurl will NOT use HTTP proxy
[2015.12.02-22.47.25:841][  0]LogInit:  - bDontReuseConnections = false  - Libcurl will reuse connections
[2015.12.02-22.47.25:841][  0]LogInit:  - CertBundlePath = nullptr  - Libcurl will use whatever was configured at build time.
[2015.12.02-22.47.25:849][  0]LogInit: Presizing for 0 objects not considered by GC, pre-allocating 0 bytes.
[2015.12.02-22.47.25:856][  0]LogInit: Object subsystem initialized
[2015.12.02-22.47.25:857][  0]LogInit: Selected Device Profile: [Windows]
[2015.12.02-22.47.25:857][  0]LogInit: Applying CVar settings loaded from the selected device profile: [Windows]
[2015.12.02-22.47.25:864][  0]LogInit: Computer: MATT-PC
[2015.12.02-22.47.25:864][  0]LogInit: User: Matt
[2015.12.02-22.47.25:864][  0]LogInit: CPU Page size=4096, Cores=4
[2015.12.02-22.47.25:864][  0]LogInit: High frequency timer resolution =3.020507 MHz
[2015.12.02-22.47.25:864][  0]LogMemory: Memory total: Physical=7.9GB (8GB approx)
[2015.12.02-22.47.25:864][  0]LogMemory: Platform Memory Stats for Windows
[2015.12.02-22.47.25:864][  0]LogMemory: Process Physical Memory: 57.58 MB used, 57.58 MB peak
[2015.12.02-22.47.25:864][  0]LogMemory: Process Virtual Memory: 57.88 MB used, 57.88 MB peak
[2015.12.02-22.47.25:864][  0]LogMemory: Physical Memory: 4318.45 MB used, 8109.12 MB total
[2015.12.02-22.47.25:864][  0]LogMemory: Virtual Memory: 348.19 MB used, 8388608.00 MB total
[2015.12.02-22.47.25:903][  0]LogTextLocalizationManager: No specific translations for ('en-US') exist, so ('en') translations will be used.
[2015.12.02-22.47.26:328][  0]LogD3D11RHI: Found D3D11 adapter 0: AMD Radeon HD 7800 Series (Feature Level 11_0)
[2015.12.02-22.47.26:328][  0]LogD3D11RHI: Adapter has 2029MB of dedicated video memory, 0MB of dedicated system memory, and 3798MB of shared system memory, 1 output[s]
[2015.12.02-22.47.26:332][  0]LogD3D11RHI: Found D3D11 adapter 1: Intel(R) HD Graphics (Feature Level 11_0)
[2015.12.02-22.47.26:332][  0]LogD3D11RHI: Adapter has 64MB of dedicated video memory, 0MB of dedicated system memory, and 1632MB of shared system memory, 0 output[s]
[2015.12.02-22.47.26:332][  0]LogD3D11RHI: Chosen D3D11 Adapter Id = 0
[2015.12.02-22.47.26:339][  0]LogD3D11RHI: !Direct3DDevice
[2015.12.02-22.47.26:339][  0]LogRHI: Texture pool is 1361 MB (70% of 1945 MB)
[2015.12.02-22.47.26:343][  0]LogD3D11RHI: Async texture creation disabled: no driver support
[2015.12.02-22.47.26:352][  0]LogShaderCompilers: Guid format shader working directory is -28 characters bigger than the processId version (../../../../../../Users/Matt/Documents/GitHub/P3NGUIN/P3NGUIN/MyProject19/Intermediate/Shaders/WorkingDirectory/8888/).
[2015.12.02-22.47.26:352][  0]LogShaderCompilers: Cleaned the shader compiler working directory 'C:/Users/Matt/AppData/Local/Temp/UnrealShaderWorkingDir/5F70D6574AA319FD5209F88254E775E1/'.
[2015.12.02-22.47.26:352][  0]LogShaderCompilers:Display: Using Local Shader Compiler.
[2015.12.02-22.47.27:285][  0]LogTemp:Display: Loaded TP AllDesktopTargetPlatform
[2015.12.02-22.47.27:289][  0]LogTemp:Display: Loaded TP WindowsClientTargetPlatform
[2015.12.02-22.47.27:294][  0]LogTemp:Display: Loaded TP WindowsNoEditorTargetPlatform
[2015.12.02-22.47.27:298][  0]LogTemp:Display: Loaded TP WindowsServerTargetPlatform
[2015.12.02-22.47.27:303][  0]LogTemp:Display: Loaded TP WindowsTargetPlatform
[2015.12.02-22.47.27:306][  0]LogTemp:Display: Loaded TP AndroidTargetPlatform
[2015.12.02-22.47.27:308][  0]LogTemp:Display: Loaded TP Android_ASTCTargetPlatform
[2015.12.02-22.47.27:311][  0]LogTemp:Display: Loaded TP Android_ATCTargetPlatform
[2015.12.02-22.47.27:314][  0]LogTemp:Display: Loaded TP Android_DXTTargetPlatform
[2015.12.02-22.47.27:325][  0]LogTemp:Display: Loaded TP Android_ETC1TargetPlatform
[2015.12.02-22.47.27:328][  0]LogTemp:Display: Loaded TP Android_ETC2TargetPlatform
[2015.12.02-22.47.27:335][  0]LogTemp:Display: Loaded TP Android_MultiTargetPlatform
[2015.12.02-22.47.27:335][  0]LogTemp:Display: Loaded TP Android_PVRTCTargetPlatform
[2015.12.02-22.47.27:336][  0]LogTemp:Display: Loaded TP HTML5TargetPlatform
[2015.12.02-22.47.27:352][  0]LogTemp:Display: Loaded TP IOSTargetPlatform
[2015.12.02-22.47.27:354][  0]LogTemp:Display: Loaded TP LinuxNoEditorTargetPlatform
[2015.12.02-22.47.27:357][  0]LogTemp:Display: Loaded TP LinuxServerTargetPlatform
[2015.12.02-22.47.27:360][  0]LogTemp:Display: Loaded TP LinuxTargetPlatform
[2015.12.02-22.47.27:360][  0]LogTargetPlatformManager:Display: Building Assets For Windows
[2015.12.02-22.47.27:435][  0]LogDerivedDataCache:Display: Max Cache Size: 512 MB
[2015.12.02-22.47.27:481][  0]LogDerivedDataCache: Loaded boot cache 0.05s 41MB C:/Users/Matt/AppData/Local/UnrealEngine/4.10/DerivedDataCache/Boot.ddc.
[2015.12.02-22.47.27:481][  0]LogDerivedDataCache:Display: Loaded Boot cache: C:/Users/Matt/AppData/Local/UnrealEngine/4.10/DerivedDataCache/Boot.ddc
[2015.12.02-22.47.27:481][  0]LogDerivedDataCache: FDerivedDataBackendGraph:  Pak pak cache file ../../../../../../Users/Matt/Documents/GitHub/P3NGUIN/P3NGUIN/MyProject19/DerivedDataCache/DDC.ddp not found, will not use a pak cache.
[2015.12.02-22.47.27:481][  0]LogDerivedDataCache: Unable to find inner node Pak for hierarchical cache Hierarchy.
[2015.12.02-22.47.27:481][  0]LogDerivedDataCache: FDerivedDataBackendGraph:  CompressedPak pak cache file ../../../../../../Users/Matt/Documents/GitHub/P3NGUIN/P3NGUIN/MyProject19/DerivedDataCache/Compressed.ddp not found, will not use a pak cache.
[2015.12.02-22.47.27:481][  0]LogDerivedDataCache: Unable to find inner node CompressedPak for hierarchical cache Hierarchy.
[2015.12.02-22.47.27:542][  0]LogDerivedDataCache:Display: Pak cache opened for reading ../../../Engine/DerivedDataCache/Compressed.ddp.
[2015.12.02-22.47.27:553][  0]LogDerivedDataCache: Using Local data cache path C:/Users/Matt/AppData/Local/UnrealEngine/Common/DerivedDataCache: Writable
[2015.12.02-22.47.27:740][  0]LogInit: Selected Device Profile: [Windows]
[2015.12.02-22.47.27:741][  0]LogContentStreaming: Texture pool size is 0.000000MB
[2015.12.02-22.47.27:776][  0]LogMeshUtilities: No automatic mesh reduction module available
[2015.12.02-22.47.27:776][  0]LogMeshUtilities: No automatic mesh merging module available
[2015.12.02-22.47.28:117][  0]LogInit: WinSock: version 1.1 (2.2), MaxSocks=32767, MaxUdp=65467
[2015.12.02-22.47.28:817][  0]UdpMessaging: Initializing bridge on interface 0.0.0.0:0 to multicast group 230.0.0.1:6666.
[2015.12.02-22.47.28:909][  0]LogAssetRegistry: FAssetRegistry took 0.0104 seconds to start up
[2015.12.02-22.47.29:095][  0]SourceControl: Info Source control is disabled
[2015.12.02-22.47.29:096][  0]SourceControl: Info Source control is disabled
[2015.12.02-22.47.29:108][  0]SourceControl: Info Source control is disabled
[2015.12.02-22.47.29:119][  0]SourceControl: Info Source control is disabled
[2015.12.02-22.47.29:341][  0]LogObj: 28633 objects as part of root set at end of initial load.
[2015.12.02-22.47.29:341][  0]LogUObjectAllocator: 6099744 out of 0 bytes used by permanent object pool.
[2015.12.02-22.47.29:401][  0]LogEngine: Initializing Engine...
[2015.12.02-22.47.29:403][  0]LogHMD: Can't find Oculus library dev build: is proper Runtime installed? Version: 0.8.0.0
[2015.12.02-22.47.29:403][  0]LogHMD: SteamVR failed to initialize.  Err: 110
[2015.12.02-22.47.29:545][  0]LogAIModule: Creating AISystem for world NewWorld
[2015.12.02-22.47.29:551][  0]LogInit: XAudio2 using 'Speakers (Realtek High Definition Audio)' : 2 channels at 48 kHz using 32 bits per sample (channel mask 0x3)
[2015.12.02-22.47.29:592][  0]LogInit: FAudioDevice initialized.
[2015.12.02-22.47.29:624][  0]LogDerivedDataCache: Saved boot cache 0.03s 41MB C:/Users/Matt/AppData/Local/UnrealEngine/4.10/DerivedDataCache/Boot.ddc.
[2015.12.02-22.47.29:628][  0]LogInit: Texture streaming: Enabled
[2015.12.02-22.47.29:633][  0]LogAnalytics: Creating configured Analytics provider AnalyticsET
[2015.12.02-22.47.29:633][  0]LogAnalytics: [UEEditor.Rocket.Release] APIServer = http://et2.epicgames.com/ET2/. AppVersion = 4.10.0-2758231+++depot+UE4-Releases+4.10
[2015.12.02-22.47.29:633][  0]LogAnalytics: [UEEditor.Rocket.Release] SetUserId de43219841e5038bf49fbfa481591ee0|4e461f00ab6f49d29405414d884919d6|9448dfb4-8168-4a85-8046-6b7a073564d8
[2015.12.02-22.47.29:633][  0]LogAnalytics: [UEEditor.Rocket.Release] AnalyticsET::StartSession
[2015.12.02-22.47.29:653][  0]LogInit: Transaction tracking system initialized
[2015.12.02-22.47.29:682][  0]BlueprintLog: New page: Editor Load
[2015.12.02-22.47.29:764][  0]LocalizationService: Info Localization service is disabled
[2015.12.02-22.47.29:842][  0]LogConsoleResponse:Display: 
[2015.12.02-22.47.29:956][  0]LogCook:Display: Done creating registry. It took  0.00s.
[2015.12.02-22.47.30:014][  0]LogFileCache: Scanning file cache for directory 'C:/Users/Matt/Documents/GitHub/P3NGUIN/P3NGUIN/MyProject19/Content/' took 0.01s
[2015.12.02-22.47.30:014][  0]SourceControl: Info Source control is disabled
[2015.12.02-22.47.30:014][  0]Cmd: MAP LOAD FILE="../../../../../../Users/Matt/Documents/GitHub/P3NGUIN/P3NGUIN/MyProject19/Content/ThirdPersonBP/Maps/ThirdPersonExampleMap.umap" TEMPLATE=0 SHOWPROGRESS=1 FEATURELEVEL=3
[2015.12.02-22.47.30:015][  0]LightingResults: New page: Lighting Build
[2015.12.02-22.47.30:019][  0]MapCheck: New page: Map Check
[2015.12.02-22.47.30:019][  0]LightingResults: New page: Lighting Build
[2015.12.02-22.47.30:030][  0]LogParticles: Destroying 0 GPU particle simulations for FXSystem 0x000000001FE67B00
[2015.12.02-22.47.30:039][  0]LogLinker:Warning: Asset '../../../../../../Users/Matt/Documents/GitHub/P3NGUIN/P3NGUIN/MyProject19/Content/Mannequin/Animations/ThirdPerson_AnimBP.uasset' has been saved with empty engine version. The asset will be loaded but may be incompatible.
[2015.12.02-22.47.30:040][  0]LogLinker:Warning: Asset '../../../../../../Users/Matt/Documents/GitHub/P3NGUIN/P3NGUIN/MyProject19/Content/Mannequin/Animations/ThirdPerson_Jump.uasset' has been saved with empty engine version. The asset will be loaded but may be incompatible.
[2015.12.02-22.47.30:041][  0]LogLinker:Warning: Asset '../../../../../../Users/Matt/Documents/GitHub/P3NGUIN/P3NGUIN/MyProject19/Content/Mannequin/Animations/ThirdPersonJump_Loop.uasset' has been saved with empty engine version. The asset will be loaded but may be incompatible.
[2015.12.02-22.47.30:042][  0]LogLinker:Warning: Asset '../../../../../../Users/Matt/Documents/GitHub/P3NGUIN/P3NGUIN/MyProject19/Content/Mannequin/Animations/ThirdPersonJump_Start.uasset' has been saved with empty engine version. The asset will be loaded but may be incompatible.
[2015.12.02-22.47.30:043][  0]LogLinker:Warning: Asset '../../../../../../Users/Matt/Documents/GitHub/P3NGUIN/P3NGUIN/MyProject19/Content/Mannequin/Animations/ThirdPerson_IdleRun_2D.uasset' has been saved with empty engine version. The asset will be loaded but may be incompatible.
[2015.12.02-22.47.30:044][  0]LogLinker:Warning: Asset '../../../../../../Users/Matt/Documents/GitHub/P3NGUIN/P3NGUIN/MyProject19/Content/Mannequin/Animations/ThirdPersonIdle.uasset' has been saved with empty engine version. The asset will be loaded but may be incompatible.
[2015.12.02-22.47.30:045][  0]LogLinker:Warning: Asset '../../../../../../Users/Matt/Documents/GitHub/P3NGUIN/P3NGUIN/MyProject19/Content/Mannequin/Animations/ThirdPersonRun.uasset' has been saved with empty engine version. The asset will be loaded but may be incompatible.
[2015.12.02-22.47.30:045][  0]LogLinker:Warning: Asset '../../../../../../Users/Matt/Documents/GitHub/P3NGUIN/P3NGUIN/MyProject19/Content/Mannequin/Animations/ThirdPersonWalk.uasset' has been saved with empty engine version. The asset will be loaded but may be incompatible.
[2015.12.02-22.47.30:562][  0]LogBlueprint:Warning: [compiler AbilityMenu] Warning 'ReturnValue' is already a 'Listed Item', you don't need  Cast To ListedItem .
[2015.12.02-22.47.30:563][  0]LogBlueprint:Warning: [compiler AbilityMenu] Warning 'ReturnValue' is already a 'Listed Item', you don't need  Cast To ListedItem .
[2015.12.02-22.47.30:568][  0]LogBlueprint:Warning: [compiler AbilityMenu] Warning [0005.16] Compile of AbilityMenu successful, but with 2 Warning(s) [in 19 ms]
[2015.12.02-22.47.30:568][  0]LogBlueprint:Warning: [compiler AbilityMenu] Warning [0005.16] Compile of AbilityMenu successful, but with 3 Warning(s) [in 0 ms]
[2015.12.02-22.47.30:568][  0]LogBlueprint:Warning: [compiler AbilityMenu] Warning [0005.16] Compile of AbilityMenu successful, but with 4 Warning(s) [in 0 ms]
[2015.12.02-22.47.31:012][  0]LogBlueprint:Warning: [compiler ThirdPersonCharacter2D] Warning 'AbilitiesMenu' is already a 'Ability Menu', you don't need  Cast To AbilityMenu .
[2015.12.02-22.47.31:018][  0]LogBlueprint:Warning: [compiler ThirdPersonCharacter2D] Warning No value will be returned by reference. Parameter 'EndTime'. Node:  (none) 
[2015.12.02-22.47.31:033][  0]LogBlueprint:Warning: [compiler ThirdPersonCharacter2D] Warning 'SecondPointer' is already a 'Pointer 2', you don't need  Cast To Pointer2 .
[2015.12.02-22.47.31:073][  0]LogBlueprint:Warning: [compiler ThirdPersonCharacter2D] Warning [0005.67] Compile of ThirdPersonCharacter2D successful, but with 3 Warning(s) [in 117 ms]
[2015.12.02-22.47.31:074][  0]LogBlueprint:Warning: [compiler ThirdPersonCharacter2D] Warning [0005.67] Compile of ThirdPersonCharacter2D successful, but with 4 Warning(s) [in 0 ms]
[2015.12.02-22.47.31:074][  0]LogBlueprint:Warning: [compiler ThirdPersonCharacter2D] Warning [0005.67] Compile of ThirdPersonCharacter2D successful, but with 5 Warning(s) [in 0 ms]
[2015.12.02-22.47.31:347][  0]LogBlueprint:Warning: [compiler ThirdPersonCharacter] Warning 'AbilitiesMenu' is already a 'Ability Menu', you don't need  Cast To AbilityMenu .
[2015.12.02-22.47.31:350][  0]LogBlueprint:Warning: [compiler ThirdPersonCharacter] Warning 'PointerClass' is already a 'Pointer', you don't need  Cast To Pointer .
[2015.12.02-22.47.31:352][  0]LogBlueprint:Warning: [compiler ThirdPersonCharacter] Warning No value will be returned by reference. Parameter 'EndTime'. Node:  (none) 
[2015.12.02-22.47.31:363][  0]LogBlueprint:Warning: [compiler ThirdPersonCharacter] Warning 'SecondPointer' is already a 'Pointer 2', you don't need  Cast To Pointer2 .
[2015.12.02-22.47.31:389][  0]LogBlueprint:Warning: [compiler ThirdPersonCharacter] Warning [0005.98] Compile of ThirdPersonCharacter successful, but with 4 Warning(s) [in 98 ms]
[2015.12.02-22.47.31:389][  0]LogBlueprint:Warning: [compiler ThirdPersonCharacter] Warning [0005.99] Compile of ThirdPersonCharacter successful, but with 5 Warning(s) [in 0 ms]
[2015.12.02-22.47.31:389][  0]LogBlueprint:Warning: [compiler ThirdPersonCharacter] Warning [0005.99] Compile of ThirdPersonCharacter successful, but with 6 Warning(s) [in 0 ms]
[2015.12.02-22.47.31:474][  0]LogBlueprint:Warning: [compiler ThirdPersonCharacter] Warning 'AbilitiesMenu' is already a 'Ability Menu', you don't need  Cast To AbilityMenu .
[2015.12.02-22.47.31:477][  0]LogBlueprint:Warning: [compiler ThirdPersonCharacter] Warning 'PointerClass' is already a 'Pointer', you don't need  Cast To Pointer .
[2015.12.02-22.47.31:478][  0]LogBlueprint:Warning: [compiler ThirdPersonCharacter] Warning No value will be returned by reference. Parameter 'EndTime'. Node:  (none) 
[2015.12.02-22.47.31:490][  0]LogBlueprint:Warning: [compiler ThirdPersonCharacter] Warning 'SecondPointer' is already a 'Pointer 2', you don't need  Cast To Pointer2 .
[2015.12.02-22.47.31:509][  0]LogBlueprint:Warning: [compiler ThirdPersonCharacter] Warning [0006.10] Compile of ThirdPersonCharacter successful, but with 4 Warning(s) [in 86 ms]
[2015.12.02-22.47.31:509][  0]LogBlueprint:Warning: [compiler ThirdPersonCharacter] Warning [0006.10] Compile of ThirdPersonCharacter successful, but with 5 Warning(s) [in 0 ms]
[2015.12.02-22.47.31:509][  0]LogBlueprint:Warning: [compiler ThirdPersonCharacter] Warning [0006.11] Compile of ThirdPersonCharacter successful, but with 6 Warning(s) [in 0 ms]
[2015.12.02-22.47.31:603][  0]LogBlueprint:Warning: [compiler ThirdPersonCharacter2D] Warning 'AbilitiesMenu' is already a 'Ability Menu', you don't need  Cast To AbilityMenu .
[2015.12.02-22.47.31:607][  0]LogBlueprint:Warning: [compiler ThirdPersonCharacter2D] Warning No value will be returned by reference. Parameter 'EndTime'. Node:  (none) 
[2015.12.02-22.47.31:621][  0]LogBlueprint:Warning: [compiler ThirdPersonCharacter2D] Warning 'SecondPointer' is already a 'Pointer 2', you don't need  Cast To Pointer2 .
[2015.12.02-22.47.31:660][  0]LogBlueprint:Warning: [compiler ThirdPersonCharacter2D] Warning [0006.26] Compile of ThirdPersonCharacter2D successful, but with 3 Warning(s) [in 120 ms]
[2015.12.02-22.47.31:660][  0]LogBlueprint:Warning: [compiler ThirdPersonCharacter2D] Warning [0006.26] Compile of ThirdPersonCharacter2D successful, but with 4 Warning(s) [in 0 ms]
[2015.12.02-22.47.31:661][  0]LogBlueprint:Warning: [compiler ThirdPersonCharacter2D] Warning [0006.26] Compile of ThirdPersonCharacter2D successful, but with 5 Warning(s) [in 0 ms]
[2015.12.02-22.47.31:677][  0]LogBlueprint:Warning: [compiler AbilityMenu] Warning 'ReturnValue' is already a 'Listed Item', you don't need  Cast To ListedItem .
[2015.12.02-22.47.31:678][  0]LogBlueprint:Warning: [compiler AbilityMenu] Warning 'ReturnValue' is already a 'Listed Item', you don't need  Cast To ListedItem .
[2015.12.02-22.47.31:681][  0]LogBlueprint:Warning: [compiler AbilityMenu] Warning [0006.28] Compile of AbilityMenu successful, but with 2 Warning(s) [in 16 ms]
[2015.12.02-22.47.31:681][  0]LogBlueprint:Warning: [compiler AbilityMenu] Warning [0006.28] Compile of AbilityMenu successful, but with 3 Warning(s) [in 0 ms]
[2015.12.02-22.47.31:686][  0]LogBlueprint:Warning: [compiler AbilityMenu] Warning [0006.28] Compile of AbilityMenu successful, but with 4 Warning(s) [in 4 ms]
[2015.12.02-22.47.33:077][  0]LogAIModule: Creating AISystem for world ThirdPersonExampleMap
[2015.12.02-22.47.33:084][  0]PIE:Warning: Warning Invalid Simulate Options: Body (BasicDummyEnemy_C_0.HP) is set to simulate physics but Collision Enabled is incompatible
[2015.12.02-22.47.33:084][  0]PIE:Warning: Warning Invalid Simulate Options: Body (BasicDummyEnemy_C_0.HP) is set to simulate physics but Collision Enabled is incompatible
[2015.12.02-22.47.33:085][  0]PIE:Warning: Warning Invalid Simulate Options: Body (BasicDummyEnemy2.HP) is set to simulate physics but Collision Enabled is incompatible
[2015.12.02-22.47.33:085][  0]PIE:Warning: Warning Invalid Simulate Options: Body (BasicDummyEnemy2.HP) is set to simulate physics but Collision Enabled is incompatible
[2015.12.02-22.47.33:085][  0]PIE:Warning: Warning Invalid Simulate Options: Body (BasicDummyEnemy3.HP) is set to simulate physics but Collision Enabled is incompatible
[2015.12.02-22.47.33:085][  0]PIE:Warning: Warning Invalid Simulate Options: Body (BasicDummyEnemy3.HP) is set to simulate physics but Collision Enabled is incompatible
[2015.12.02-22.47.33:086][  0]PIE:Warning: Warning Invalid Simulate Options: Body (BasicDummyEnemy4.HP) is set to simulate physics but Collision Enabled is incompatible
[2015.12.02-22.47.33:086][  0]PIE:Warning: Warning Invalid Simulate Options: Body (BasicDummyEnemy4.HP) is set to simulate physics but Collision Enabled is incompatible
[2015.12.02-22.47.33:087][  0]PIE:Warning: Warning Invalid Simulate Options: Body (BasicDummyEnemy_C_0.HP) is set to simulate physics but Collision Enabled is incompatible
[2015.12.02-22.47.33:087][  0]PIE:Warning: Warning Invalid Simulate Options: Body (BasicDummyEnemy_C_0.HP) is set to simulate physics but Collision Enabled is incompatible
[2015.12.02-22.47.33:088][  0]PIE:Warning: Warning Invalid Simulate Options: Body (BasicDummyEnemy_C_0.HP) is set to simulate physics but Collision Enabled is incompatible
[2015.12.02-22.47.33:088][  0]PIE:Warning: Warning Invalid Simulate Options: Body (BasicDummyEnemy_C_0.HP) is set to simulate physics but Collision Enabled is incompatible
[2015.12.02-22.47.33:088][  0]PIE:Warning: Warning Invalid Simulate Options: Body (BasicDummyEnemy2.HP) is set to simulate physics but Collision Enabled is incompatible
[2015.12.02-22.47.33:088][  0]PIE:Warning: Warning Invalid Simulate Options: Body (BasicDummyEnemy2.HP) is set to simulate physics but Collision Enabled is incompatible
[2015.12.02-22.47.33:089][  0]PIE:Warning: Warning Invalid Simulate Options: Body (BasicDummyEnemy2.HP) is set to simulate physics but Collision Enabled is incompatible
[2015.12.02-22.47.33:089][  0]PIE:Warning: Warning Invalid Simulate Options: Body (BasicDummyEnemy2.HP) is set to simulate physics but Collision Enabled is incompatible
[2015.12.02-22.47.33:089][  0]PIE:Warning: Warning Invalid Simulate Options: Body (BasicDummyEnemy3.HP) is set to simulate physics but Collision Enabled is incompatible
[2015.12.02-22.47.33:089][  0]PIE:Warning: Warning Invalid Simulate Options: Body (BasicDummyEnemy3.HP) is set to simulate physics but Collision Enabled is incompatible
[2015.12.02-22.47.33:089][  0]PIE:Warning: Warning Invalid Simulate Options: Body (BasicDummyEnemy3.HP) is set to simulate physics but Collision Enabled is incompatible
[2015.12.02-22.47.33:089][  0]PIE:Warning: Warning Invalid Simulate Options: Body (BasicDummyEnemy3.HP) is set to simulate physics but Collision Enabled is incompatible
[2015.12.02-22.47.33:090][  0]PIE:Warning: Warning Invalid Simulate Options: Body (BasicDummyEnemy4.HP) is set to simulate physics but Collision Enabled is incompatible
[2015.12.02-22.47.33:090][  0]PIE:Warning: Warning Invalid Simulate Options: Body (BasicDummyEnemy4.HP) is set to simulate physics but Collision Enabled is incompatible
[2015.12.02-22.47.33:090][  0]PIE:Warning: Warning Invalid Simulate Options: Body (BasicDummyEnemy4.HP) is set to simulate physics but Collision Enabled is incompatible
[2015.12.02-22.47.33:090][  0]PIE:Warning: Warning Invalid Simulate Options: Body (BasicDummyEnemy4.HP) is set to simulate physics but Collision Enabled is incompatible
[2015.12.02-22.47.33:090][  0]LogEditorServer: Finished looking for orphan Actors (0.000 secs)
[2015.12.02-22.47.33:091][  0]Cmd: MAP CHECKDEP NOCLEARLOG
[2015.12.02-22.47.33:149][  0]MapCheck: Info Map check complete: 0 Error(s), 0 Warning(s), took 57.363ms to complete.
[2015.12.02-22.47.33:149][  0]LogFileHelpers: Loading map 'ThirdPersonExampleMap' took 3.135
[2015.12.02-22.47.33:260][  0]LogCollectionManager: Loaded 0 collections in 0.002598 seconds
[2015.12.02-22.47.33:278][  0]LogFileCache: Scanning file cache for directory 'C:/Users/Matt/Documents/GitHub/P3NGUIN/P3NGUIN/MyProject19/Saved/Collections/' took 0.01s
[2015.12.02-22.47.33:278][  0]LogFileCache: Scanning file cache for directory 'C:/Users/Matt/Documents/GitHub/P3NGUIN/P3NGUIN/MyProject19/Content/Developers/Matt/Collections/' took 0.00s
[2015.12.02-22.47.33:278][  0]LogFileCache: Scanning file cache for directory 'C:/Users/Matt/Documents/GitHub/P3NGUIN/P3NGUIN/MyProject19/Content/Collections/' took 0.00s
[2015.12.02-22.47.33:278][  0]LogCollectionManager: Rebuilt the GUID cache for 0 collections in 0.000002 seconds
[2015.12.02-22.47.33:287][  0]LogContentBrowser: Native class hierarchy populated in 0.0084 seconds. Added 1893 classes and 338 folders.
[2015.12.02-22.47.33:293][  0]LogContentBrowser: Native class hierarchy updated for 'WidgetCarousel' in 0.0003 seconds. Added 0 classes and 0 folders.
[2015.12.02-22.47.33:340][  0]LogContentBrowser: Native class hierarchy updated for 'AddContentDialog' in 0.0003 seconds. Added 0 classes and 0 folders.
[2015.12.02-22.47.33:344][  0]LogContentBrowser: Native class hierarchy updated for 'SceneOutliner' in 0.0003 seconds. Added 1 classes and 2 folders.
[2015.12.02-22.47.33:356][  0]LogCrashTracker: Crashtracker disabled due to settings.
[2015.12.02-22.47.33:360][  0]LogUObjectGlobals:Warning: Failed to find object 'Class None.'
[2015.12.02-22.47.33:380][  0]LogLoad: Full Startup: 7.98 seconds (BP compile: 0.95 seconds)
[2015.12.02-22.47.33:391][  0]LogOcInput: Can't find Oculus library dev build: is proper Runtime installed? Version: 0.8.0.0
[2015.12.02-22.47.33:457][  0]LogContentStreaming: Texture pool size now 1000 MB
[2015.12.02-22.47.33:618][  0]LogRenderer: Reallocating scene render targets to support 832x452 (Frame:2).
[2015.12.02-22.47.34:508][  9]LogAssetRegistry: Asset discovery search completed in 5.6099 seconds
[2015.12.02-22.47.34:508][  9]LogCollectionManager: Rebuilt the object cache for 0 collections in 0.000001 seconds (found 0 objects)
[2015.12.02-22.47.34:508][  9]LogCollectionManager: Fixed up redirectors for 0 collections in 0.000021 seconds (updated 0 objects)
[2015.12.02-22.47.41:958][455]LogSlate:Warning: Prevented a slow task dialog from being summoned while a context menu was open
[2015.12.02-22.47.42:272][455]LogLinker:Warning: Asset '../../../Engine/Content/ArtTools/RenderToTexture/Macros/RenderToTextureMacros.uasset' has been saved with empty engine version. The asset will be loaded but may be incompatible.
[2015.12.02-22.47.43:172][455]LogContentBrowser: Native class hierarchy updated for 'BlueprintGraph' in 0.0007 seconds. Added 107 classes and 0 folders.
[2015.12.02-22.48.48:943][901]BlueprintLog: New page: Compile ThirdPersonCharacter2D
[2015.12.02-22.48.49:199][901]LogBlueprint:Warning: [compiler ThirdPersonCharacter2D] Warning 'AbilitiesMenu' is already a 'Ability Menu', you don't need  Cast To AbilityMenu .
[2015.12.02-22.48.49:202][901]LogBlueprint:Warning: [compiler ThirdPersonCharacter2D] Warning No value will be returned by reference. Parameter 'EndTime'. Node:  (none) 
[2015.12.02-22.48.49:215][901]LogBlueprint:Warning: [compiler ThirdPersonCharacter2D] Warning 'SecondPointer' is already a 'Pointer 2', you don't need  Cast To Pointer2 .
[2015.12.02-22.48.49:422][901]LogBlueprint:Warning: [compiler AbilityMenu] Warning 'ReturnValue' is already a 'Listed Item', you don't need  Cast To ListedItem .
[2015.12.02-22.48.49:422][901]LogBlueprint:Warning: [compiler AbilityMenu] Warning 'ReturnValue' is already a 'Listed Item', you don't need  Cast To ListedItem .
[2015.12.02-22.48.49:779][901]LogActorComponent: UnregisterComponent: (/Engine/Transient.ProjectileMovement_GEN_VARIABLE) Not registered. Aborting.
[2015.12.02-22.48.49:779][901]LogActorComponent: UnregisterComponent: (/Engine/Transient.CharMoveComp) Not registered. Aborting.
[2015.12.02-22.48.49:779][901]LogActorComponent: UnregisterComponent: (/Engine/Transient.CharacterMovementComponent_0) Not registered. Aborting.
[2015.12.02-22.48.49:909][901]LogBlueprint:Warning: [compiler ThirdPersonCharacter2D] Warning [0084.50] Compile of ThirdPersonCharacter2D successful, but with 3 Warning(s) [in 966 ms]
[2015.12.02-22.48.49:909][901]BlueprintEditorCompileResults:Warning: Warning 'AbilitiesMenu' is already a 'Ability Menu', you don't need  Cast To AbilityMenu .
[2015.12.02-22.48.49:909][901]BlueprintEditorCompileResults:Warning: Warning No value will be returned by reference. Parameter 'EndTime'. Node:  (none) 
[2015.12.02-22.48.49:909][901]BlueprintEditorCompileResults:Warning: Warning 'SecondPointer' is already a 'Pointer 2', you don't need  Cast To Pointer2 .
[2015.12.02-22.48.49:909][901]BlueprintEditorCompileResults:Warning: Warning [0084.50] Compile of ThirdPersonCharacter2D successful, but with 3 Warning(s) [in 966 ms]
[2015.12.02-22.48.59:284][365]BlueprintLog: New page: Compile ThirdPersonCharacter2D
[2015.12.02-22.48.59:532][365]LogBlueprint:Warning: [compiler ThirdPersonCharacter2D] Warning 'AbilitiesMenu' is already a 'Ability Menu', you don't need  Cast To AbilityMenu .
[2015.12.02-22.48.59:536][365]LogBlueprint:Warning: [compiler ThirdPersonCharacter2D] Warning No value will be returned by reference. Parameter 'EndTime'. Node:  (none) 
[2015.12.02-22.48.59:548][365]LogBlueprint:Warning: [compiler ThirdPersonCharacter2D] Warning 'SecondPointer' is already a 'Pointer 2', you don't need  Cast To Pointer2 .
[2015.12.02-22.48.59:599][365]LogBlueprint:Warning: [compiler AbilityMenu] Warning 'ReturnValue' is already a 'Listed Item', you don't need  Cast To ListedItem .
[2015.12.02-22.48.59:599][365]LogBlueprint:Warning: [compiler AbilityMenu] Warning 'ReturnValue' is already a 'Listed Item', you don't need  Cast To ListedItem .
[2015.12.02-22.48.59:763][365]LogActorComponent: UnregisterComponent: (/Engine/Transient.CharMoveComp) Not registered. Aborting.
[2015.12.02-22.48.59:821][365]LogBlueprint:Warning: [compiler ThirdPersonCharacter2D] Warning [0094.42] Compile of ThirdPersonCharacter2D successful, but with 3 Warning(s) [in 536 ms]
[2015.12.02-22.48.59:821][365]BlueprintEditorCompileResults:Warning: Warning 'AbilitiesMenu' is already a 'Ability Menu', you don't need  Cast To AbilityMenu .
[2015.12.02-22.48.59:821][365]BlueprintEditorCompileResults:Warning: Warning No value will be returned by reference. Parameter 'EndTime'. Node:  (none) 
[2015.12.02-22.48.59:821][365]BlueprintEditorCompileResults:Warning: Warning 'SecondPointer' is already a 'Pointer 2', you don't need  Cast To Pointer2 .
[2015.12.02-22.48.59:821][365]BlueprintEditorCompileResults:Warning: Warning [0094.42] Compile of ThirdPersonCharacter2D successful, but with 3 Warning(s) [in 536 ms]
[2015.12.02-22.49.01:437][487]LogBlueprintUserMessages: Early PlayInEditor Detection: Level '/Game/ThirdPersonBP/Maps/ThirdPersonExampleMap.ThirdPersonExampleMap:PersistentLevel' has LevelScriptBlueprint '/Game/ThirdPersonBP/Maps/ThirdPersonExampleMap.ThirdPersonExampleMap:PersistentLevel.ThirdPersonExampleMap' with GeneratedClass '/Game/ThirdPersonBP/Maps/ThirdPersonExampleMap.ThirdPersonExampleMap_C' with ClassGeneratedBy '/Game/ThirdPersonBP/Maps/ThirdPersonExampleMap.ThirdPersonExampleMap:PersistentLevel.ThirdPersonExampleMap'
[2015.12.02-22.49.01:437][487]LogPlayLevel: PlayLevel: No blueprints needed recompiling
[2015.12.02-22.49.01:437][487]PIE: New page: PIE session: ThirdPersonExampleMap (Dec 2, 2015, 6:49:01 AM)
[2015.12.02-22.49.01:437][487]LogPlayLevel: Creating play world package: /Game/ThirdPersonBP/Maps/UEDPIE_0_ThirdPersonExampleMap
[2015.12.02-22.49.01:503][487]LogPlayLevel: PIE: StaticDuplicateObject took: (0.065837s)
[2015.12.02-22.49.01:504][487]LogAIModule: Creating AISystem for world ThirdPersonExampleMap
[2015.12.02-22.49.01:504][487]LogPlayLevel: PIE: World Init took: (0.001103s)
[2015.12.02-22.49.01:504][487]LogPlayLevel: PIE: Created PIE world by copying editor world from /Game/ThirdPersonBP/Maps/ThirdPersonExampleMap.ThirdPersonExampleMap to /Game/ThirdPersonBP/Maps/UEDPIE_0_ThirdPersonExampleMap.ThirdPersonExampleMap (0.067279s)
[2015.12.02-22.49.01:504][487]LogActorComponent: UnregisterComponent: (/Engine/Transient.CharMoveComp) Not registered. Aborting.
[2015.12.02-22.49.01:540][487]LogInit: XAudio2 using 'Speakers (Realtek High Definition Audio)' : 2 channels at 48 kHz using 32 bits per sample (channel mask 0x3)
[2015.12.02-22.49.01:580][487]LogInit: FAudioDevice initialized.
[2015.12.02-22.49.01:632][487]LogWorld: Game class is '2dFlipBookGameMode_C'
[2015.12.02-22.49.01:638][487]PIE:Warning: Warning Invalid Simulate Options: Body (BasicDummyEnemy_C_0.HP) is set to simulate physics but Collision Enabled is incompatible
[2015.12.02-22.49.01:638][487]PIE:Warning: Warning Invalid Simulate Options: Body (BasicDummyEnemy_C_0.HP) is set to simulate physics but Collision Enabled is incompatible
[2015.12.02-22.49.01:639][487]PIE:Warning: Warning Invalid Simulate Options: Body (BasicDummyEnemy2.HP) is set to simulate physics but Collision Enabled is incompatible
[2015.12.02-22.49.01:639][487]PIE:Warning: Warning Invalid Simulate Options: Body (BasicDummyEnemy2.HP) is set to simulate physics but Collision Enabled is incompatible
[2015.12.02-22.49.01:639][487]PIE:Warning: Warning Invalid Simulate Options: Body (BasicDummyEnemy3.HP) is set to simulate physics but Collision Enabled is incompatible
[2015.12.02-22.49.01:639][487]PIE:Warning: Warning Invalid Simulate Options: Body (BasicDummyEnemy3.HP) is set to simulate physics but Collision Enabled is incompatible
[2015.12.02-22.49.01:640][487]PIE:Warning: Warning Invalid Simulate Options: Body (BasicDummyEnemy4.HP) is set to simulate physics but Collision Enabled is incompatible
[2015.12.02-22.49.01:640][487]PIE:Warning: Warning Invalid Simulate Options: Body (BasicDummyEnemy4.HP) is set to simulate physics but Collision Enabled is incompatible
[2015.12.02-22.49.01:640][487]LogWorld: Bringing World /Game/ThirdPersonBP/Maps/UEDPIE_0_ThirdPersonExampleMap.ThirdPersonExampleMap up for play (max tick rate 0) at 2015.12.02-14.49.01
[2015.12.02-22.49.01:640][487]LogActor:Warning: GameSession /Game/ThirdPersonBP/Maps/UEDPIE_0_ThirdPersonExampleMap.ThirdPersonExampleMap:PersistentLevel.GameSession_0 has natively added scene component(s), but none of them were set as the actor's RootComponent - picking one arbitrarily
[2015.12.02-22.49.01:640][487]LogActor:Warning: GameNetworkManager /Game/ThirdPersonBP/Maps/UEDPIE_0_ThirdPersonExampleMap.ThirdPersonExampleMap:PersistentLevel.GameNetworkManager_0 has natively added scene component(s), but none of them were set as the actor's RootComponent - picking one arbitrarily
[2015.12.02-22.49.01:642][487]LogWorld: Bringing up level for play took: 0.009414
[2015.12.02-22.49.01:645][487]LogBlueprintUserMessages: [BasicDummyEnemy_C_0] 1.0
[2015.12.02-22.49.01:645][487]LogBlueprintUserMessages: [BasicDummyEnemy2] 1.0
[2015.12.02-22.49.01:645][487]LogBlueprintUserMessages: [BasicDummyEnemy3] 1.0
[2015.12.02-22.49.01:645][487]LogBlueprintUserMessages: [BasicDummyEnemy4] 1.0
[2015.12.02-22.49.01:665][487]PIE: Info Play in editor start time for /Game/ThirdPersonBP/Maps/UEDPIE_0_ThirdPersonExampleMap 0.931
[2015.12.02-22.49.01:665][487]LogBlueprintUserMessages: Late PlayInEditor Detection: Level '/Game/ThirdPersonBP/Maps/ThirdPersonExampleMap.ThirdPersonExampleMap:PersistentLevel' has LevelScriptBlueprint '/Game/ThirdPersonBP/Maps/ThirdPersonExampleMap.ThirdPersonExampleMap:PersistentLevel.ThirdPersonExampleMap' with GeneratedClass '/Game/ThirdPersonBP/Maps/ThirdPersonExampleMap.ThirdPersonExampleMap_C' with ClassGeneratedBy '/Game/ThirdPersonBP/Maps/ThirdPersonExampleMap.ThirdPersonExampleMap:PersistentLevel.ThirdPersonExampleMap'
[2015.12.02-22.49.01:697][488]LogRenderer: Reallocating scene render targets to support 1280x720 (Frame:448).
[2015.12.02-22.49.08:062][106]LogBlueprintUserMessages: Early EndPlayMap Detection: Level '/Game/ThirdPersonBP/Maps/ThirdPersonExampleMap.ThirdPersonExampleMap:PersistentLevel' has LevelScriptBlueprint '/Game/ThirdPersonBP/Maps/ThirdPersonExampleMap.ThirdPersonExampleMap:PersistentLevel.ThirdPersonExampleMap' with GeneratedClass '/Game/ThirdPersonBP/Maps/ThirdPersonExampleMap.ThirdPersonExampleMap_C' with ClassGeneratedBy '/Game/ThirdPersonBP/Maps/ThirdPersonExampleMap.ThirdPersonExampleMap:PersistentLevel.ThirdPersonExampleMap'
[2015.12.02-22.49.08:127][106]LogBlueprintUserMessages: Late EndPlayMap Detection: Level '/Game/ThirdPersonBP/Maps/ThirdPersonExampleMap.ThirdPersonExampleMap:PersistentLevel' has LevelScriptBlueprint '/Game/ThirdPersonBP/Maps/ThirdPersonExampleMap.ThirdPersonExampleMap:PersistentLevel.ThirdPersonExampleMap' with GeneratedClass '/Game/ThirdPersonBP/Maps/ThirdPersonExampleMap.ThirdPersonExampleMap_C' with ClassGeneratedBy '/Game/ThirdPersonBP/Maps/ThirdPersonExampleMap.ThirdPersonExampleMap:PersistentLevel.ThirdPersonExampleMap'
[2015.12.02-22.49.08:155][106]LogParticles: Destroying 0 GPU particle simulations for FXSystem 0x00000000364E0360
[2015.12.02-22.49.30:990][398]LogBlueprintUserMessages: Early PlayInEditor Detection: Level '/Game/ThirdPersonBP/Maps/ThirdPersonExampleMap.ThirdPersonExampleMap:PersistentLevel' has LevelScriptBlueprint '/Game/ThirdPersonBP/Maps/ThirdPersonExampleMap.ThirdPersonExampleMap:PersistentLevel.ThirdPersonExampleMap' with GeneratedClass '/Game/ThirdPersonBP/Maps/ThirdPersonExampleMap.ThirdPersonExampleMap_C' with ClassGeneratedBy '/Game/ThirdPersonBP/Maps/ThirdPersonExampleMap.ThirdPersonExampleMap:PersistentLevel.ThirdPersonExampleMap'
[2015.12.02-22.49.30:990][398]LogPlayLevel: PlayLevel: No blueprints needed recompiling
[2015.12.02-22.49.30:990][398]PIE: New page: PIE session: ThirdPersonExampleMap (Dec 2, 2015, 6:49:30 AM)
[2015.12.02-22.49.30:991][398]LogPlayLevel: Creating play world package: /Game/ThirdPersonBP/Maps/UEDPIE_0_ThirdPersonExampleMap
[2015.12.02-22.49.31:049][398]LogPlayLevel: PIE: StaticDuplicateObject took: (0.058479s)
[2015.12.02-22.49.31:050][398]LogAIModule: Creating AISystem for world ThirdPersonExampleMap
[2015.12.02-22.49.31:050][398]LogPlayLevel: PIE: World Init took: (0.001233s)
[2015.12.02-22.49.31:051][398]LogPlayLevel: PIE: Created PIE world by copying editor world from /Game/ThirdPersonBP/Maps/ThirdPersonExampleMap.ThirdPersonExampleMap to /Game/ThirdPersonBP/Maps/UEDPIE_0_ThirdPersonExampleMap.ThirdPersonExampleMap (0.059969s)
[2015.12.02-22.49.31:084][398]LogInit: XAudio2 using 'Speakers (Realtek High Definition Audio)' : 2 channels at 48 kHz using 32 bits per sample (channel mask 0x3)
[2015.12.02-22.49.31:124][398]LogInit: FAudioDevice initialized.
[2015.12.02-22.49.31:163][398]LogWorld: Game class is '2dFlipBookGameMode_C'
[2015.12.02-22.49.31:169][398]PIE:Warning: Warning Invalid Simulate Options: Body (BasicDummyEnemy_C_0.HP) is set to simulate physics but Collision Enabled is incompatible
[2015.12.02-22.49.31:169][398]PIE:Warning: Warning Invalid Simulate Options: Body (BasicDummyEnemy_C_0.HP) is set to simulate physics but Collision Enabled is incompatible
[2015.12.02-22.49.31:169][398]PIE:Warning: Warning Invalid Simulate Options: Body (BasicDummyEnemy2.HP) is set to simulate physics but Collision Enabled is incompatible
[2015.12.02-22.49.31:169][398]PIE:Warning: Warning Invalid Simulate Options: Body (BasicDummyEnemy2.HP) is set to simulate physics but Collision Enabled is incompatible
[2015.12.02-22.49.31:170][398]PIE:Warning: Warning Invalid Simulate Options: Body (BasicDummyEnemy3.HP) is set to simulate physics but Collision Enabled is incompatible
[2015.12.02-22.49.31:170][398]PIE:Warning: Warning Invalid Simulate Options: Body (BasicDummyEnemy3.HP) is set to simulate physics but Collision Enabled is incompatible
[2015.12.02-22.49.31:171][398]PIE:Warning: Warning Invalid Simulate Options: Body (BasicDummyEnemy4.HP) is set to simulate physics but Collision Enabled is incompatible
[2015.12.02-22.49.31:171][398]PIE:Warning: Warning Invalid Simulate Options: Body (BasicDummyEnemy4.HP) is set to simulate physics but Collision Enabled is incompatible
[2015.12.02-22.49.31:171][398]LogWorld: Bringing World /Game/ThirdPersonBP/Maps/UEDPIE_0_ThirdPersonExampleMap.ThirdPersonExampleMap up for play (max tick rate 0) at 2015.12.02-14.49.31
[2015.12.02-22.49.31:171][398]LogActor:Warning: GameSession /Game/ThirdPersonBP/Maps/UEDPIE_0_ThirdPersonExampleMap.ThirdPersonExampleMap:PersistentLevel.GameSession_1 has natively added scene component(s), but none of them were set as the actor's RootComponent - picking one arbitrarily
[2015.12.02-22.49.31:171][398]LogActor:Warning: GameNetworkManager /Game/ThirdPersonBP/Maps/UEDPIE_0_ThirdPersonExampleMap.ThirdPersonExampleMap:PersistentLevel.GameNetworkManager_1 has natively added scene component(s), but none of them were set as the actor's RootComponent - picking one arbitrarily
[2015.12.02-22.49.31:175][398]LogWorld: Bringing up level for play took: 0.010973
[2015.12.02-22.49.31:178][398]LogBlueprintUserMessages: [BasicDummyEnemy_C_0] 1.0
[2015.12.02-22.49.31:178][398]LogBlueprintUserMessages: [BasicDummyEnemy2] 1.0
[2015.12.02-22.49.31:178][398]LogBlueprintUserMessages: [BasicDummyEnemy3] 1.0
[2015.12.02-22.49.31:178][398]LogBlueprintUserMessages: [BasicDummyEnemy4] 1.0
[2015.12.02-22.49.31:192][398]PIE: Info Play in editor start time for /Game/ThirdPersonBP/Maps/UEDPIE_0_ThirdPersonExampleMap 0.458
[2015.12.02-22.49.31:192][398]LogBlueprintUserMessages: Late PlayInEditor Detection: Level '/Game/ThirdPersonBP/Maps/ThirdPersonExampleMap.ThirdPersonExampleMap:PersistentLevel' has LevelScriptBlueprint '/Game/ThirdPersonBP/Maps/ThirdPersonExampleMap.ThirdPersonExampleMap:PersistentLevel.ThirdPersonExampleMap' with GeneratedClass '/Game/ThirdPersonBP/Maps/ThirdPersonExampleMap.ThirdPersonExampleMap_C' with ClassGeneratedBy '/Game/ThirdPersonBP/Maps/ThirdPersonExampleMap.ThirdPersonExampleMap:PersistentLevel.ThirdPersonExampleMap'
[2015.12.02-22.49.41:470][404]LogBlueprintUserMessages: Early EndPlayMap Detection: Level '/Game/ThirdPersonBP/Maps/ThirdPersonExampleMap.ThirdPersonExampleMap:PersistentLevel' has LevelScriptBlueprint '/Game/ThirdPersonBP/Maps/ThirdPersonExampleMap.ThirdPersonExampleMap:PersistentLevel.ThirdPersonExampleMap' with GeneratedClass '/Game/ThirdPersonBP/Maps/ThirdPersonExampleMap.ThirdPersonExampleMap_C' with ClassGeneratedBy '/Game/ThirdPersonBP/Maps/ThirdPersonExampleMap.ThirdPersonExampleMap:PersistentLevel.ThirdPersonExampleMap'
[2015.12.02-22.49.41:544][404]LogBlueprintUserMessages: Late EndPlayMap Detection: Level '/Game/ThirdPersonBP/Maps/ThirdPersonExampleMap.ThirdPersonExampleMap:PersistentLevel' has LevelScriptBlueprint '/Game/ThirdPersonBP/Maps/ThirdPersonExampleMap.ThirdPersonExampleMap:PersistentLevel.ThirdPersonExampleMap' with GeneratedClass '/Game/ThirdPersonBP/Maps/ThirdPersonExampleMap.ThirdPersonExampleMap_C' with ClassGeneratedBy '/Game/ThirdPersonBP/Maps/ThirdPersonExampleMap.ThirdPersonExampleMap:PersistentLevel.ThirdPersonExampleMap'
[2015.12.02-22.49.41:589][404]LogParticles: Destroying 0 GPU particle simulations for FXSystem 0x0000000036EDE5C0
[2015.12.02-22.50.28:716][113]BlueprintLog: New page: Compile ThirdPersonCharacter2D
[2015.12.02-22.50.28:971][113]LogBlueprint:Warning: [compiler ThirdPersonCharacter2D] Warning 'AbilitiesMenu' is already a 'Ability Menu', you don't need  Cast To AbilityMenu .
[2015.12.02-22.50.28:974][113]LogBlueprint:Warning: [compiler ThirdPersonCharacter2D] Warning No value will be returned by reference. Parameter 'EndTime'. Node:  (none) 
[2015.12.02-22.50.28:997][113]LogBlueprint:Warning: [compiler ThirdPersonCharacter2D] Warning 'SecondPointer' is already a 'Pointer 2', you don't need  Cast To Pointer2 .
[2015.12.02-22.50.29:047][113]LogBlueprint:Warning: [compiler AbilityMenu] Warning 'ReturnValue' is already a 'Listed Item', you don't need  Cast To ListedItem .
[2015.12.02-22.50.29:048][113]LogBlueprint:Warning: [compiler AbilityMenu] Warning 'ReturnValue' is already a 'Listed Item', you don't need  Cast To ListedItem .
[2015.12.02-22.50.29:266][113]LogBlueprint:Warning: [compiler ThirdPersonCharacter2D] Warning [0183.86] Compile of ThirdPersonCharacter2D successful, but with 3 Warning(s) [in 549 ms]
[2015.12.02-22.50.29:266][113]BlueprintEditorCompileResults:Warning: Warning 'AbilitiesMenu' is already a 'Ability Menu', you don't need  Cast To AbilityMenu .
[2015.12.02-22.50.29:266][113]BlueprintEditorCompileResults:Warning: Warning No value will be returned by reference. Parameter 'EndTime'. Node:  (none) 
[2015.12.02-22.50.29:266][113]BlueprintEditorCompileResults:Warning: Warning 'SecondPointer' is already a 'Pointer 2', you don't need  Cast To Pointer2 .
[2015.12.02-22.50.29:266][113]BlueprintEditorCompileResults:Warning: Warning [0183.86] Compile of ThirdPersonCharacter2D successful, but with 3 Warning(s) [in 549 ms]
[2015.12.02-22.50.30:389][238]LogBlueprintUserMessages: Early PlayInEditor Detection: Level '/Game/ThirdPersonBP/Maps/ThirdPersonExampleMap.ThirdPersonExampleMap:PersistentLevel' has LevelScriptBlueprint '/Game/ThirdPersonBP/Maps/ThirdPersonExampleMap.ThirdPersonExampleMap:PersistentLevel.ThirdPersonExampleMap' with GeneratedClass '/Game/ThirdPersonBP/Maps/ThirdPersonExampleMap.ThirdPersonExampleMap_C' with ClassGeneratedBy '/Game/ThirdPersonBP/Maps/ThirdPersonExampleMap.ThirdPersonExampleMap:PersistentLevel.ThirdPersonExampleMap'
[2015.12.02-22.50.30:390][238]LogPlayLevel: PlayLevel: No blueprints needed recompiling
[2015.12.02-22.50.30:390][238]PIE: New page: PIE session: ThirdPersonExampleMap (Dec 2, 2015, 6:50:30 AM)
[2015.12.02-22.50.30:390][238]LogPlayLevel: Creating play world package: /Game/ThirdPersonBP/Maps/UEDPIE_0_ThirdPersonExampleMap
[2015.12.02-22.50.30:447][238]LogPlayLevel: PIE: StaticDuplicateObject took: (0.057686s)
[2015.12.02-22.50.30:449][238]LogAIModule: Creating AISystem for world ThirdPersonExampleMap
[2015.12.02-22.50.30:449][238]LogPlayLevel: PIE: World Init took: (0.001263s)
[2015.12.02-22.50.30:449][238]LogPlayLevel: PIE: Created PIE world by copying editor world from /Game/ThirdPersonBP/Maps/ThirdPersonExampleMap.ThirdPersonExampleMap to /Game/ThirdPersonBP/Maps/UEDPIE_0_ThirdPersonExampleMap.ThirdPersonExampleMap (0.059252s)
[2015.12.02-22.50.30:449][238]LogActorComponent: UnregisterComponent: (/Engine/Transient.CharMoveComp) Not registered. Aborting.
[2015.12.02-22.50.30:483][238]LogInit: XAudio2 using 'Speakers (Realtek High Definition Audio)' : 2 channels at 48 kHz using 32 bits per sample (channel mask 0x3)
[2015.12.02-22.50.30:522][238]LogInit: FAudioDevice initialized.
[2015.12.02-22.50.30:561][238]LogWorld: Game class is '2dFlipBookGameMode_C'
[2015.12.02-22.50.30:567][238]PIE:Warning: Warning Invalid Simulate Options: Body (BasicDummyEnemy_C_0.HP) is set to simulate physics but Collision Enabled is incompatible
[2015.12.02-22.50.30:567][238]PIE:Warning: Warning Invalid Simulate Options: Body (BasicDummyEnemy_C_0.HP) is set to simulate physics but Collision Enabled is incompatible
[2015.12.02-22.50.30:568][238]PIE:Warning: Warning Invalid Simulate Options: Body (BasicDummyEnemy2.HP) is set to simulate physics but Collision Enabled is incompatible
[2015.12.02-22.50.30:568][238]PIE:Warning: Warning Invalid Simulate Options: Body (BasicDummyEnemy2.HP) is set to simulate physics but Collision Enabled is incompatible
[2015.12.02-22.50.30:568][238]PIE:Warning: Warning Invalid Simulate Options: Body (BasicDummyEnemy3.HP) is set to simulate physics but Collision Enabled is incompatible
[2015.12.02-22.50.30:568][238]PIE:Warning: Warning Invalid Simulate Options: Body (BasicDummyEnemy3.HP) is set to simulate physics but Collision Enabled is incompatible
[2015.12.02-22.50.30:569][238]PIE:Warning: Warning Invalid Simulate Options: Body (BasicDummyEnemy4.HP) is set to simulate physics but Collision Enabled is incompatible
[2015.12.02-22.50.30:569][238]PIE:Warning: Warning Invalid Simulate Options: Body (BasicDummyEnemy4.HP) is set to simulate physics but Collision Enabled is incompatible
[2015.12.02-22.50.30:569][238]LogWorld: Bringing World /Game/ThirdPersonBP/Maps/UEDPIE_0_ThirdPersonExampleMap.ThirdPersonExampleMap up for play (max tick rate 0) at 2015.12.02-14.50.30
[2015.12.02-22.50.30:569][238]LogActor:Warning: GameSession /Game/ThirdPersonBP/Maps/UEDPIE_0_ThirdPersonExampleMap.ThirdPersonExampleMap:PersistentLevel.GameSession_2 has natively added scene component(s), but none of them were set as the actor's RootComponent - picking one arbitrarily
[2015.12.02-22.50.30:570][238]LogActor:Warning: GameNetworkManager /Game/ThirdPersonBP/Maps/UEDPIE_0_ThirdPersonExampleMap.ThirdPersonExampleMap:PersistentLevel.GameNetworkManager_2 has natively added scene component(s), but none of them were set as the actor's RootComponent - picking one arbitrarily
[2015.12.02-22.50.30:572][238]LogWorld: Bringing up level for play took: 0.009960
[2015.12.02-22.50.30:574][238]LogBlueprintUserMessages: [BasicDummyEnemy_C_0] 1.0
[2015.12.02-22.50.30:574][238]LogBlueprintUserMessages: [BasicDummyEnemy2] 1.0
[2015.12.02-22.50.30:574][238]LogBlueprintUserMessages: [BasicDummyEnemy3] 1.0
[2015.12.02-22.50.30:574][238]LogBlueprintUserMessages: [BasicDummyEnemy4] 1.0
[2015.12.02-22.50.30:596][238]PIE: Info Play in editor start time for /Game/ThirdPersonBP/Maps/UEDPIE_0_ThirdPersonExampleMap -0.138
[2015.12.02-22.50.30:596][238]LogBlueprintUserMessages: Late PlayInEditor Detection: Level '/Game/ThirdPersonBP/Maps/ThirdPersonExampleMap.ThirdPersonExampleMap:PersistentLevel' has LevelScriptBlueprint '/Game/ThirdPersonBP/Maps/ThirdPersonExampleMap.ThirdPersonExampleMap:PersistentLevel.ThirdPersonExampleMap' with GeneratedClass '/Game/ThirdPersonBP/Maps/ThirdPersonExampleMap.ThirdPersonExampleMap_C' with ClassGeneratedBy '/Game/ThirdPersonBP/Maps/ThirdPersonExampleMap.ThirdPersonExampleMap:PersistentLevel.ThirdPersonExampleMap'
[2015.12.02-22.50.35:777][743]LogBlueprintUserMessages: Early EndPlayMap Detection: Level '/Game/ThirdPersonBP/Maps/ThirdPersonExampleMap.ThirdPersonExampleMap:PersistentLevel' has LevelScriptBlueprint '/Game/ThirdPersonBP/Maps/ThirdPersonExampleMap.ThirdPersonExampleMap:PersistentLevel.ThirdPersonExampleMap' with GeneratedClass '/Game/ThirdPersonBP/Maps/ThirdPersonExampleMap.ThirdPersonExampleMap_C' with ClassGeneratedBy '/Game/ThirdPersonBP/Maps/ThirdPersonExampleMap.ThirdPersonExampleMap:PersistentLevel.ThirdPersonExampleMap'
[2015.12.02-22.50.35:844][743]LogBlueprintUserMessages: Late EndPlayMap Detection: Level '/Game/ThirdPersonBP/Maps/ThirdPersonExampleMap.ThirdPersonExampleMap:PersistentLevel' has LevelScriptBlueprint '/Game/ThirdPersonBP/Maps/ThirdPersonExampleMap.ThirdPersonExampleMap:PersistentLevel.ThirdPersonExampleMap' with GeneratedClass '/Game/ThirdPersonBP/Maps/ThirdPersonExampleMap.ThirdPersonExampleMap_C' with ClassGeneratedBy '/Game/ThirdPersonBP/Maps/ThirdPersonExampleMap.ThirdPersonExampleMap:PersistentLevel.ThirdPersonExampleMap'
[2015.12.02-22.50.35:875][743]LogParticles: Destroying 0 GPU particle simulations for FXSystem 0x00000000362A82C0
[2015.12.02-22.50.47:770][812]BlueprintLog: New page: Compile ThirdPersonCharacter2D
[2015.12.02-22.50.48:022][812]LogBlueprint:Warning: [compiler ThirdPersonCharacter2D] Warning 'AbilitiesMenu' is already a 'Ability Menu', you don't need  Cast To AbilityMenu .
[2015.12.02-22.50.48:026][812]LogBlueprint:Warning: [compiler ThirdPersonCharacter2D] Warning No value will be returned by reference. Parameter 'EndTime'. Node:  (none) 
[2015.12.02-22.50.48:037][812]LogBlueprint:Warning: [compiler ThirdPersonCharacter2D] Warning 'SecondPointer' is already a 'Pointer 2', you don't need  Cast To Pointer2 .
[2015.12.02-22.50.48:090][812]LogBlueprint:Warning: [compiler AbilityMenu] Warning 'ReturnValue' is already a 'Listed Item', you don't need  Cast To ListedItem .
[2015.12.02-22.50.48:091][812]LogBlueprint:Warning: [compiler AbilityMenu] Warning 'ReturnValue' is already a 'Listed Item', you don't need  Cast To ListedItem .
[2015.12.02-22.50.48:313][812]LogBlueprint:Warning: [compiler ThirdPersonCharacter2D] Warning [0202.91] Compile of ThirdPersonCharacter2D successful, but with 3 Warning(s) [in 542 ms]
[2015.12.02-22.50.48:313][812]BlueprintEditorCompileResults:Warning: Warning 'AbilitiesMenu' is already a 'Ability Menu', you don't need  Cast To AbilityMenu .
[2015.12.02-22.50.48:313][812]BlueprintEditorCompileResults:Warning: Warning No value will be returned by reference. Parameter 'EndTime'. Node:  (none) 
[2015.12.02-22.50.48:313][812]BlueprintEditorCompileResults:Warning: Warning 'SecondPointer' is already a 'Pointer 2', you don't need  Cast To Pointer2 .
[2015.12.02-22.50.48:313][812]BlueprintEditorCompileResults:Warning: Warning [0202.91] Compile of ThirdPersonCharacter2D successful, but with 3 Warning(s) [in 542 ms]
[2015.12.02-22.50.50:454][937]LogBlueprintUserMessages: Early PlayInEditor Detection: Level '/Game/ThirdPersonBP/Maps/ThirdPersonExampleMap.ThirdPersonExampleMap:PersistentLevel' has LevelScriptBlueprint '/Game/ThirdPersonBP/Maps/ThirdPersonExampleMap.ThirdPersonExampleMap:PersistentLevel.ThirdPersonExampleMap' with GeneratedClass '/Game/ThirdPersonBP/Maps/ThirdPersonExampleMap.ThirdPersonExampleMap_C' with ClassGeneratedBy '/Game/ThirdPersonBP/Maps/ThirdPersonExampleMap.ThirdPersonExampleMap:PersistentLevel.ThirdPersonExampleMap'
[2015.12.02-22.50.50:454][937]LogPlayLevel: PlayLevel: No blueprints needed recompiling
[2015.12.02-22.50.50:454][937]PIE: New page: PIE session: ThirdPersonExampleMap (Dec 2, 2015, 6:50:50 AM)
[2015.12.02-22.50.50:454][937]LogPlayLevel: Creating play world package: /Game/ThirdPersonBP/Maps/UEDPIE_0_ThirdPersonExampleMap
[2015.12.02-22.50.50:513][937]LogPlayLevel: PIE: StaticDuplicateObject took: (0.058877s)
[2015.12.02-22.50.50:514][937]LogAIModule: Creating AISystem for world ThirdPersonExampleMap
[2015.12.02-22.50.50:514][937]LogPlayLevel: PIE: World Init took: (0.001409s)
[2015.12.02-22.50.50:515][937]LogPlayLevel: PIE: Created PIE world by copying editor world from /Game/ThirdPersonBP/Maps/ThirdPersonExampleMap.ThirdPersonExampleMap to /Game/ThirdPersonBP/Maps/UEDPIE_0_ThirdPersonExampleMap.ThirdPersonExampleMap (0.060503s)
[2015.12.02-22.50.50:515][937]LogActorComponent: UnregisterComponent: (/Engine/Transient.CharMoveComp) Not registered. Aborting.
[2015.12.02-22.50.50:546][937]LogInit: XAudio2 using 'Speakers (Realtek High Definition Audio)' : 2 channels at 48 kHz using 32 bits per sample (channel mask 0x3)
[2015.12.02-22.50.50:586][937]LogInit: FAudioDevice initialized.
[2015.12.02-22.50.50:626][937]LogWorld: Game class is '2dFlipBookGameMode_C'
[2015.12.02-22.50.50:632][937]PIE:Warning: Warning Invalid Simulate Options: Body (BasicDummyEnemy_C_0.HP) is set to simulate physics but Collision Enabled is incompatible
[2015.12.02-22.50.50:632][937]PIE:Warning: Warning Invalid Simulate Options: Body (BasicDummyEnemy_C_0.HP) is set to simulate physics but Collision Enabled is incompatible
[2015.12.02-22.50.50:632][937]PIE:Warning: Warning Invalid Simulate Options: Body (BasicDummyEnemy2.HP) is set to simulate physics but Collision Enabled is incompatible
[2015.12.02-22.50.50:632][937]PIE:Warning: Warning Invalid Simulate Options: Body (BasicDummyEnemy2.HP) is set to simulate physics but Collision Enabled is incompatible
[2015.12.02-22.50.50:633][937]PIE:Warning: Warning Invalid Simulate Options: Body (BasicDummyEnemy3.HP) is set to simulate physics but Collision Enabled is incompatible
[2015.12.02-22.50.50:633][937]PIE:Warning: Warning Invalid Simulate Options: Body (BasicDummyEnemy3.HP) is set to simulate physics but Collision Enabled is incompatible
[2015.12.02-22.50.50:634][937]PIE:Warning: Warning Invalid Simulate Options: Body (BasicDummyEnemy4.HP) is set to simulate physics but Collision Enabled is incompatible
[2015.12.02-22.50.50:634][937]PIE:Warning: Warning Invalid Simulate Options: Body (BasicDummyEnemy4.HP) is set to simulate physics but Collision Enabled is incompatible
[2015.12.02-22.50.50:634][937]LogWorld: Bringing World /Game/ThirdPersonBP/Maps/UEDPIE_0_ThirdPersonExampleMap.ThirdPersonExampleMap up for play (max tick rate 0) at 2015.12.02-14.50.50
[2015.12.02-22.50.50:634][937]LogActor:Warning: GameSession /Game/ThirdPersonBP/Maps/UEDPIE_0_ThirdPersonExampleMap.ThirdPersonExampleMap:PersistentLevel.GameSession_3 has natively added scene component(s), but none of them were set as the actor's RootComponent - picking one arbitrarily
[2015.12.02-22.50.50:634][937]LogActor:Warning: GameNetworkManager /Game/ThirdPersonBP/Maps/UEDPIE_0_ThirdPersonExampleMap.ThirdPersonExampleMap:PersistentLevel.GameNetworkManager_3 has natively added scene component(s), but none of them were set as the actor's RootComponent - picking one arbitrarily
[2015.12.02-22.50.50:636][937]LogWorld: Bringing up level for play took: 0.009411
[2015.12.02-22.50.50:640][937]LogBlueprintUserMessages: [BasicDummyEnemy_C_0] 1.0
[2015.12.02-22.50.50:640][937]LogBlueprintUserMessages: [BasicDummyEnemy2] 1.0
[2015.12.02-22.50.50:640][937]LogBlueprintUserMessages: [BasicDummyEnemy3] 1.0
[2015.12.02-22.50.50:640][937]LogBlueprintUserMessages: [BasicDummyEnemy4] 1.0
[2015.12.02-22.50.50:657][937]PIE: Info Play in editor start time for /Game/ThirdPersonBP/Maps/UEDPIE_0_ThirdPersonExampleMap -0.077
[2015.12.02-22.50.50:657][937]LogBlueprintUserMessages: Late PlayInEditor Detection: Level '/Game/ThirdPersonBP/Maps/ThirdPersonExampleMap.ThirdPersonExampleMap:PersistentLevel' has LevelScriptBlueprint '/Game/ThirdPersonBP/Maps/ThirdPersonExampleMap.ThirdPersonExampleMap:PersistentLevel.ThirdPersonExampleMap' with GeneratedClass '/Game/ThirdPersonBP/Maps/ThirdPersonExampleMap.ThirdPersonExampleMap_C' with ClassGeneratedBy '/Game/ThirdPersonBP/Maps/ThirdPersonExampleMap.ThirdPersonExampleMap:PersistentLevel.ThirdPersonExampleMap'
[2015.12.02-22.50.58:186][678]LogBlueprintUserMessages: Early EndPlayMap Detection: Level '/Game/ThirdPersonBP/Maps/ThirdPersonExampleMap.ThirdPersonExampleMap:PersistentLevel' has LevelScriptBlueprint '/Game/ThirdPersonBP/Maps/ThirdPersonExampleMap.ThirdPersonExampleMap:PersistentLevel.ThirdPersonExampleMap' with GeneratedClass '/Game/ThirdPersonBP/Maps/ThirdPersonExampleMap.ThirdPersonExampleMap_C' with ClassGeneratedBy '/Game/ThirdPersonBP/Maps/ThirdPersonExampleMap.ThirdPersonExampleMap:PersistentLevel.ThirdPersonExampleMap'
[2015.12.02-22.50.58:249][678]LogBlueprintUserMessages: Late EndPlayMap Detection: Level '/Game/ThirdPersonBP/Maps/ThirdPersonExampleMap.ThirdPersonExampleMap:PersistentLevel' has LevelScriptBlueprint '/Game/ThirdPersonBP/Maps/ThirdPersonExampleMap.ThirdPersonExampleMap:PersistentLevel.ThirdPersonExampleMap' with GeneratedClass '/Game/ThirdPersonBP/Maps/ThirdPersonExampleMap.ThirdPersonExampleMap_C' with ClassGeneratedBy '/Game/ThirdPersonBP/Maps/ThirdPersonExampleMap.ThirdPersonExampleMap:PersistentLevel.ThirdPersonExampleMap'
[2015.12.02-22.50.58:281][678]LogParticles: Destroying 0 GPU particle simulations for FXSystem 0x000000003F6F2B60
[2015.12.02-22.51.01:576][863]LogSavePackage: Save=1230.548096ms
[2015.12.02-22.51.01:576][863]LogSavePackage: Moving '../../../../../../Users/Matt/Documents/GitHub/P3NGUIN/P3NGUIN/MyProject19/Saved/ThirdPersonCharacter2DEB10991B4AB51CE9D4F7069EC9191FFC.tmp' to '../../../../../../Users/Matt/Documents/GitHub/P3NGUIN/P3NGUIN/MyProject19/Content/Blueprints/2D/Blueprints/Tests/ThirdPersonCharacter2D.uasset'
[2015.12.02-22.51.01:582][863]LogSavePackage: Total save time: 1265.984155ms
[2015.12.02-22.51.01:582][863]LogSavePackage:Display: Finished SavePackage ../../../../../../Users/Matt/Documents/GitHub/P3NGUIN/P3NGUIN/MyProject19/Content/Blueprints/2D/Blueprints/Tests/ThirdPersonCharacter2D.uasset
[2015.12.02-22.51.02:778][925]Cmd: QUIT_EDITOR
[2015.12.02-22.51.02:933][925]LogExit: Preparing to exit.
[2015.12.02-22.51.03:934][925]LogExit: Editor shut down
[2015.12.02-22.51.03:935][925]LogExit: Transaction tracking system shut down
[2015.12.02-22.51.03:938][925]LogParticles: Destroying 0 GPU particle simulations for FXSystem 0x0000000025406A20
[2015.12.02-22.51.03:938][925]LogParticles: Destroying 0 GPU particle simulations for FXSystem 0x00000000299D93A0
[2015.12.02-22.51.03:939][925]LogParticles: Destroying 0 GPU particle simulations for FXSystem 0x000000002AED9EE0
[2015.12.02-22.51.03:939][925]LogParticles: Destroying 0 GPU particle simulations for FXSystem 0x000000002BB8B240
[2015.12.02-22.51.03:939][925]LogParticles: Destroying 0 GPU particle simulations for FXSystem 0x00000000256B9300
[2015.12.02-22.51.04:153][925]LogExit: Object subsystem successfully closed.
[2015.12.02-22.51.04:171][925]LogD3D11RHI: Shutdown
[2015.12.02-22.51.04:171][925]LogD3D11RHI: CleanupD3DDevice
[2015.12.02-22.51.04:207][925]LogD3D11RHI: ~FD3D11DynamicRHI
[2015.12.02-22.51.04:220][925]LogModuleManager: Shutting down and abandoning module CookingStats (200)
[2015.12.02-22.51.04:220][925]LogModuleManager: Shutting down and abandoning module BlueprintGraph (199)
[2015.12.02-22.51.04:220][925]LogModuleManager: Shutting down and abandoning module CrashTracker (198)
[2015.12.02-22.51.04:220][925]LogModuleManager: Shutting down and abandoning module SceneOutliner (197)
[2015.12.02-22.51.04:220][925]LogModuleManager: Shutting down and abandoning module SuperSearch (196)
[2015.12.02-22.51.04:220][925]LogModuleManager: Shutting down and abandoning module WidgetCarousel (195)
[2015.12.02-22.51.04:220][925]LogModuleManager: Shutting down and abandoning module AddContentDialog (194)
[2015.12.02-22.51.04:221][925]LogModuleManager: Shutting down and abandoning module EditorWidgets (193)
[2015.12.02-22.51.04:221][925]LogModuleManager: Shutting down and abandoning module CollectionManager (192)
[2015.12.02-22.51.04:221][925]LogModuleManager: Shutting down and abandoning module StatsViewer (191)
[2015.12.02-22.51.04:222][925]LogModuleManager: Shutting down and abandoning module FoliageEdit (190)
[2015.12.02-22.51.04:222][925]LogModuleManager: Shutting down and abandoning module LandscapeEditor (189)
[2015.12.02-22.51.04:222][925]LogModuleManager: Shutting down and abandoning module ActorPickerMode (188)
[2015.12.02-22.51.04:222][925]LogModuleManager: Shutting down and abandoning module GeometryMode (187)
[2015.12.02-22.51.04:222][925]LogModuleManager: Shutting down and abandoning module TextureAlignMode (186)
[2015.12.02-22.51.04:222][925]LogModuleManager: Shutting down and abandoning module BspMode (185)
[2015.12.02-22.51.04:222][925]LogModuleManager: Shutting down and abandoning module PlacementMode (184)
[2015.12.02-22.51.04:222][925]LogModuleManager: Shutting down and abandoning module AutomationWorker (183)
[2015.12.02-22.51.04:222][925]LogModuleManager: Shutting down and abandoning module CharacterAI (182)
[2015.12.02-22.51.04:222][925]LogModuleManager: Shutting down and abandoning module SmartSnapping (181)
[2015.12.02-22.51.04:222][925]LogModuleManager: Shutting down and abandoning module ViewportSnapping (180)
[2015.12.02-22.51.04:222][925]LogModuleManager: Shutting down and abandoning module LogVisualizer (179)
[2015.12.02-22.51.04:222][925]LogModuleManager: Shutting down and abandoning module GameProjectGeneration (178)
[2015.12.02-22.51.04:222][925]LogModuleManager: Shutting down and abandoning module IntroTutorials (177)
[2015.12.02-22.51.04:222][925]LogModuleManager: Shutting down and abandoning module EditorLiveStreaming (176)
[2015.12.02-22.51.04:222][925]LogModuleManager: Shutting down and abandoning module IOSPlatformEditor (175)
[2015.12.02-22.51.04:222][925]LogModuleManager: Shutting down and abandoning module HTML5PlatformEditor (174)
[2015.12.02-22.51.04:222][925]LogModuleManager: Shutting down and abandoning module AndroidDeviceDetection (173)
[2015.12.02-22.51.04:820][925]LogModuleManager: Shutting down and abandoning module AndroidPlatformEditor (172)
[2015.12.02-22.51.04:820][925]LogModuleManager: Shutting down and abandoning module IOSRuntimeSettings (171)
[2015.12.02-22.51.04:820][925]LogModuleManager: Shutting down and abandoning module AndroidRuntimeSettings (170)
[2015.12.02-22.51.04:820][925]LogModuleManager: Shutting down and abandoning module MergeActors (169)
[2015.12.02-22.51.04:820][925]LogModuleManager: Shutting down and abandoning module SizeMap (168)
[2015.12.02-22.51.04:820][925]LogModuleManager: Shutting down and abandoning module TreeMap (167)
[2015.12.02-22.51.04:820][925]LogModuleManager: Shutting down and abandoning module ReferenceViewer (166)
[2015.12.02-22.51.04:820][925]LogModuleManager: Shutting down and abandoning module LocalizationService (165)
[2015.12.02-22.51.04:820][925]LogModuleManager: Shutting down and abandoning module LocalizationDashboard (164)
[2015.12.02-22.51.04:820][925]LogModuleManager: Shutting down and abandoning module HardwareTargeting (163)
[2015.12.02-22.51.04:820][925]LogModuleManager: Shutting down and abandoning module DeviceProfileEditor (162)
[2015.12.02-22.51.04:820][925]LogModuleManager: Shutting down and abandoning module UndoHistory (161)
[2015.12.02-22.51.04:820][925]LogModuleManager: Shutting down and abandoning module GameplayTagsEditor (160)
[2015.12.02-22.51.04:820][925]LogModuleManager: Shutting down and abandoning module UserFeedback (159)
[2015.12.02-22.51.04:820][925]LogModuleManager: Shutting down and abandoning module XmlParser (158)
[2015.12.02-22.51.04:820][925]LogModuleManager: Shutting down and abandoning module Blutility (157)
[2015.12.02-22.51.04:820][925]LogModuleManager: Shutting down and abandoning module ProjectTargetPlatformEditor (156)
[2015.12.02-22.51.04:820][925]LogModuleManager: Shutting down and abandoning module ProjectSettingsViewer (155)
[2015.12.02-22.51.04:820][925]LogModuleManager: Shutting down and abandoning module InputBindingEditor (154)
[2015.12.02-22.51.04:820][925]LogModuleManager: Shutting down and abandoning module EditorSettingsViewer (153)
[2015.12.02-22.51.04:821][925]LogModuleManager: Shutting down and abandoning module SettingsEditor (152)
[2015.12.02-22.51.04:821][925]LogModuleManager: Shutting down and abandoning module ProjectLauncher (151)
[2015.12.02-22.51.04:821][925]LogModuleManager: Shutting down and abandoning module SessionFrontend (150)
[2015.12.02-22.51.04:821][925]LogModuleManager: Shutting down and abandoning module ProfilerClient (149)
[2015.12.02-22.51.04:821][925]LogModuleManager: Shutting down and abandoning module TargetDeviceServices (148)
[2015.12.02-22.51.04:821][925]LogModuleManager: Shutting down and abandoning module DeviceManager (147)
[2015.12.02-22.51.04:821][925]LogModuleManager: Shutting down and abandoning module AutomationController (146)
[2015.12.02-22.51.04:821][925]LogModuleManager: Shutting down and abandoning module AutomationWindow (145)
[2015.12.02-22.51.04:821][925]LogModuleManager: Shutting down and abandoning module Layers (144)
[2015.12.02-22.51.04:821][925]LogModuleManager: Shutting down and abandoning module ComponentVisualizers (143)
[2015.12.02-22.51.04:821][925]LogModuleManager: Shutting down and abandoning module DetailCustomizations (142)
[2015.12.02-22.51.04:821][925]LogModuleManager: Shutting down and abandoning module PackagesDialog (141)
[2015.12.02-22.51.04:869][925]LogModuleManager: Shutting down and abandoning module Persona (140)
[2015.12.02-22.51.04:869][925]LogModuleManager: Shutting down and abandoning module Kismet (139)
[2015.12.02-22.51.04:869][925]LogModuleManager: Shutting down and abandoning module GraphEditor (138)
[2015.12.02-22.51.04:869][925]LogModuleManager: Shutting down and abandoning module ClassViewer (137)
[2015.12.02-22.51.04:869][925]LogModuleManager: Shutting down and abandoning module Toolbox (136)
[2015.12.02-22.51.04:869][925]LogModuleManager: Shutting down and abandoning module ModuleUI (135)
[2015.12.02-22.51.04:869][925]LogModuleManager: Shutting down and abandoning module MovieSceneTools (134)
[2015.12.02-22.51.04:869][925]LogModuleManager: Shutting down and abandoning module OutputLog (133)
[2015.12.02-22.51.04:869][925]LogModuleManager: Shutting down and abandoning module GammaUI (132)
[2015.12.02-22.51.04:869][925]LogModuleManager: Shutting down and abandoning module Documentation (131)
[2015.12.02-22.51.04:869][925]LogModuleManager: Shutting down and abandoning module GameLiveStreaming (130)
[2015.12.02-22.51.04:869][925]LogModuleManager: Shutting down and abandoning module StreamingPauseRendering (129)
[2015.12.02-22.51.04:869][925]LogModuleManager: Shutting down and abandoning module AnalyticsET (128)
[2015.12.02-22.51.04:869][925]LogModuleManager: Shutting down and abandoning module Analytics (127)
[2015.12.02-22.51.04:869][925]LogModuleManager: Shutting down and abandoning module AITestSuite (126)
[2015.12.02-22.51.04:869][925]LogModuleManager: Shutting down and abandoning module GameplayDebugger (125)
[2015.12.02-22.51.04:869][925]LogModuleManager: Shutting down and abandoning module AIModule (124)
[2015.12.02-22.51.04:869][925]LogModuleManager: Shutting down and abandoning module ProfilerService (123)
[2015.12.02-22.51.04:947][925]LogModuleManager: Shutting down and abandoning module TaskGraph (122)
[2015.12.02-22.51.04:947][925]LogModuleManager: Shutting down and abandoning module SlateRemote (121)
[2015.12.02-22.51.04:947][925]LogModuleManager: Shutting down and abandoning module SteamVRController (120)
[2015.12.02-22.51.04:947][925]LogModuleManager: Shutting down and abandoning module SteamVR (119)
[2015.12.02-22.51.04:947][925]LogModuleManager: Shutting down and abandoning module ProceduralMeshComponent (118)
[2015.12.02-22.51.04:947][925]LogModuleManager: Shutting down and abandoning module OculusLibrary (117)
[2015.12.02-22.51.04:947][925]LogModuleManager: Shutting down and abandoning module OculusInput (116)
[2015.12.02-22.51.04:947][925]LogModuleManager: Shutting down and abandoning module LeapMotionController (115)
[2015.12.02-22.51.04:957][925]LogModuleManager: Shutting down and abandoning module CustomMeshComponent (114)
[2015.12.02-22.51.04:957][925]LogModuleManager: Shutting down and abandoning module CableComponent (113)
[2015.12.02-22.51.04:957][925]LogModuleManager: Shutting down and abandoning module ArchVisCharacter (112)
[2015.12.02-22.51.04:957][925]LogModuleManager: Shutting down and abandoning module MessagingDebugger (111)
[2015.12.02-22.51.04:957][925]LogModuleManager: Shutting down and abandoning module MediaPlayerEditor (110)
[2015.12.02-22.51.04:957][925]LogModuleManager: Shutting down and abandoning module HTML5Networking (109)
[2015.12.02-22.51.04:957][925]LogModuleManager: Shutting down and abandoning module SpeedTreeImporter (108)
[2015.12.02-22.51.04:957][925]LogModuleManager: Shutting down and abandoning module PluginBrowser (107)
[2015.12.02-22.51.04:957][925]LogModuleManager: Shutting down and abandoning module EpicSurvey (106)
[2015.12.02-22.51.04:957][925]LogModuleManager: Shutting down and abandoning module DesktopPlatform (105)
[2015.12.02-22.51.04:957][925]LogModuleManager: Shutting down and abandoning module VisualStudioSourceCodeAccess (104)
[2015.12.02-22.51.04:957][925]LogModuleManager: Shutting down and abandoning module UObjectPlugin (103)
[2015.12.02-22.51.04:957][925]LogModuleManager: Shutting down and abandoning module SubversionSourceControl (102)
[2015.12.02-22.51.04:957][925]LogModuleManager: Shutting down and abandoning module PerforceSourceControl (101)
[2015.12.02-22.51.04:957][925]LogModuleManager: Shutting down and abandoning module SourceControl (100)
[2015.12.02-22.51.04:957][925]LogModuleManager: Shutting down and abandoning module GitSourceControl (99)
[2015.12.02-22.51.04:957][925]LogModuleManager: Shutting down and abandoning module LightPropagationVolumeEditor (98)
[2015.12.02-22.51.04:958][925]LogModuleManager: Shutting down and abandoning module PaperTiledImporter (97)
[2015.12.02-22.51.04:958][925]LogModuleManager: Shutting down and abandoning module PaperSpriteSheetImporter (96)
[2015.12.02-22.51.04:958][925]LogModuleManager: Shutting down and abandoning module MeshPaint (95)
[2015.12.02-22.51.04:958][925]LogModuleManager: Shutting down and abandoning module SlateReflector (94)
[2015.12.02-22.51.04:958][925]LogModuleManager: Shutting down and abandoning module HotReload (93)
[2015.12.02-22.51.04:958][925]LogModuleManager: Shutting down and abandoning module MainFrame (92)
[2015.12.02-22.51.04:958][925]LogModuleManager: Shutting down and abandoning module LevelEditor (91)
[2015.12.02-22.51.04:958][925]LogModuleManager: Shutting down and abandoning module DirectoryWatcher (90)
[2015.12.02-22.51.04:959][925]LogModuleManager: Shutting down and abandoning module AssetRegistry (89)
[2015.12.02-22.51.05:128][925]LogModuleManager: Shutting down and abandoning module ContentBrowser (88)
[2015.12.02-22.51.05:129][925]LogModuleManager: Shutting down and abandoning module Paper2DEditor (87)
[2015.12.02-22.51.05:129][925]LogModuleManager: Shutting down and abandoning module UdpMessaging (86)
[2015.12.02-22.51.05:229][925]LogModuleManager: Shutting down and abandoning module LightPropagationVolumeRuntime (85)
[2015.12.02-22.51.05:229][925]LogModuleManager: Shutting down and abandoning module Paper2D (84)
[2015.12.02-22.51.05:229][925]LogModuleManager: Shutting down and abandoning module WindowsMoviePlayer (83)
[2015.12.02-22.51.05:232][925]LogModuleManager: Shutting down and abandoning module Media (82)
[2015.12.02-22.51.05:232][925]LogModuleManager: Shutting down and abandoning module WmfMedia (81)
[2015.12.02-22.51.05:232][925]LogModuleManager: Shutting down and abandoning module OnlineBlueprintSupport (80)
[2015.12.02-22.51.05:232][925]LogModuleManager: Shutting down and abandoning module GameplayTasksEditor (79)
[2015.12.02-22.51.05:232][925]LogModuleManager: Shutting down and abandoning module PropertyEditor (78)
[2015.12.02-22.51.05:232][925]LogModuleManager: Shutting down and abandoning module BehaviorTreeEditor (77)
[2015.12.02-22.51.05:232][925]LogModuleManager: Shutting down and abandoning module FunctionalTesting (76)
[2015.12.02-22.51.05:232][925]LogModuleManager: Shutting down and abandoning module CollisionAnalyzer (75)
[2015.12.02-22.51.05:232][925]LogModuleManager: Shutting down and abandoning module WorkspaceMenuStructure (74)
[2015.12.02-22.51.05:232][925]LogModuleManager: Shutting down and abandoning module MessageLog (73)
[2015.12.02-22.51.05:232][925]LogModuleManager: Shutting down and abandoning module Sequencer (72)
[2015.12.02-22.51.05:232][925]LogModuleManager: Shutting down and abandoning module AssetTools (71)
[2015.12.02-22.51.05:232][925]LogModuleManager: Shutting down and abandoning module UMGEditor (70)
[2015.12.02-22.51.05:233][925]LogModuleManager: Shutting down and abandoning module UMG (69)
[2015.12.02-22.51.05:233][925]LogModuleManager: Shutting down and abandoning module Slate (68)
[2015.12.02-22.51.05:233][925]LogModuleManager: Shutting down and abandoning module EditorStyle (67)
[2015.12.02-22.51.05:235][925]LogModuleManager: Shutting down and abandoning module SessionServices (66)
[2015.12.02-22.51.05:235][925]LogModuleManager: Shutting down and abandoning module SourceCodeAccess (65)
[2015.12.02-22.51.05:235][925]LogModuleManager: Shutting down and abandoning module HeadMountedDisplay (64)
[2015.12.02-22.51.05:235][925]LogModuleManager: Shutting down and abandoning module XAudio2 (63)
[2015.12.02-22.51.05:235][925]LogModuleManager: Shutting down and abandoning module Networking (61)
[2015.12.02-22.51.05:235][925]LogModuleManager: Shutting down and abandoning module Core (60)
[2015.12.02-22.51.05:235][925]LogModuleManager: Shutting down and abandoning module KismetCompiler (59)
[2015.12.02-22.51.05:235][925]LogModuleManager: Shutting down and abandoning module PhysXFormats (58)
[2015.12.02-22.51.05:235][925]LogModuleManager: Shutting down and abandoning module MeshUtilities (57)
[2015.12.02-22.51.05:235][925]LogModuleManager: Shutting down and abandoning module DerivedDataCache (56)
[2015.12.02-22.51.05:327][925]LogDerivedDataCache: Shutdown
[2015.12.02-22.51.05:327][925]LogModuleManager: Shutting down and abandoning module ShaderFormatOpenGL (55)
[2015.12.02-22.51.05:327][925]LogModuleManager: Shutting down and abandoning module ShaderFormatD3D (54)
[2015.12.02-22.51.05:327][925]LogModuleManager: Shutting down and abandoning module MetalShaderFormat (53)
[2015.12.02-22.51.05:327][925]LogModuleManager: Shutting down and abandoning module TextureFormatUncompressed (52)
[2015.12.02-22.51.05:327][925]LogModuleManager: Shutting down and abandoning module TextureFormatPVR (51)
[2015.12.02-22.51.05:327][925]LogModuleManager: Shutting down and abandoning module TextureFormatIntelISPCTexComp (50)
[2015.12.02-22.51.05:327][925]LogModuleManager: Shutting down and abandoning module TextureFormatDXT (49)
[2015.12.02-22.51.05:327][925]LogModuleManager: Shutting down and abandoning module ImageWrapper (48)
[2015.12.02-22.51.05:327][925]LogModuleManager: Shutting down and abandoning module TextureFormatASTC (47)
[2015.12.02-22.51.05:327][925]LogModuleManager: Shutting down and abandoning module TextureFormatAndroid (46)
[2015.12.02-22.51.05:327][925]LogModuleManager: Shutting down and abandoning module AudioFormatOpus (45)
[2015.12.02-22.51.05:327][925]LogModuleManager: Shutting down and abandoning module AudioFormatOgg (44)
[2015.12.02-22.51.05:327][925]LogModuleManager: Shutting down and abandoning module AudioFormatADPCM (43)
[2015.12.02-22.51.05:327][925]LogModuleManager: Shutting down and abandoning module LinuxTargetPlatform (42)
[2015.12.02-22.51.05:327][925]LogModuleManager: Shutting down and abandoning module LinuxServerTargetPlatform (41)
[2015.12.02-22.51.05:327][925]LogModuleManager: Shutting down and abandoning module LinuxNoEditorTargetPlatform (40)
[2015.12.02-22.51.05:327][925]LogModuleManager: Shutting down and abandoning module Messaging (39)
[2015.12.02-22.51.05:327][925]LogModuleManager: Shutting down and abandoning module IOSTargetPlatform (38)
[2015.12.02-22.51.05:327][925]LogModuleManager: Shutting down and abandoning module HTML5TargetPlatform (37)
[2015.12.02-22.51.05:327][925]LogModuleManager: Shutting down and abandoning module Android_PVRTCTargetPlatform (36)
[2015.12.02-22.51.05:327][925]LogModuleManager: Shutting down and abandoning module Android_MultiTargetPlatform (35)
[2015.12.02-22.51.05:327][925]LogModuleManager: Shutting down and abandoning module Android_ETC2TargetPlatform (34)
[2015.12.02-22.51.05:327][925]LogModuleManager: Shutting down and abandoning module Android_ETC1TargetPlatform (33)
[2015.12.02-22.51.05:327][925]LogModuleManager: Shutting down and abandoning module Android_DXTTargetPlatform (32)
[2015.12.02-22.51.05:327][925]LogModuleManager: Shutting down and abandoning module Android_ATCTargetPlatform (31)
[2015.12.02-22.51.05:327][925]LogModuleManager: Shutting down and abandoning module Android_ASTCTargetPlatform (30)
[2015.12.02-22.51.05:327][925]LogModuleManager: Shutting down and abandoning module AndroidTargetPlatform (29)
[2015.12.02-22.51.05:327][925]LogModuleManager: Shutting down and abandoning module WindowsTargetPlatform (28)
[2015.12.02-22.51.05:327][925]LogModuleManager: Shutting down and abandoning module WindowsServerTargetPlatform (27)
[2015.12.02-22.51.05:327][925]LogModuleManager: Shutting down and abandoning module WindowsNoEditorTargetPlatform (26)
[2015.12.02-22.51.05:327][925]LogModuleManager: Shutting down and abandoning module WindowsClientTargetPlatform (25)
[2015.12.02-22.51.05:327][925]LogModuleManager: Shutting down and abandoning module AllDesktopTargetPlatform (24)
[2015.12.02-22.51.05:327][925]LogModuleManager: Shutting down and abandoning module TargetPlatform (23)
[2015.12.02-22.51.05:327][925]LogModuleManager: Shutting down and abandoning module InputCore (22)
[2015.12.02-22.51.05:327][925]LogModuleManager: Shutting down and abandoning module Settings (21)
[2015.12.02-22.51.05:327][925]LogModuleManager: Shutting down and abandoning module OnlineSubsystem (19)
[2015.12.02-22.51.05:327][925]LogModuleManager: Shutting down and abandoning module HTTP (18)
[2015.12.02-22.51.07:328][925]LogModuleManager: Shutting down and abandoning module XMPP (17)
[2015.12.02-22.51.07:328][925]LogModuleManager: Shutting down and abandoning module OculusRift (16)
[2015.12.02-22.51.07:328][925]LogModuleManager: Shutting down and abandoning module ExampleDeviceProfileSelector (15)
[2015.12.02-22.51.07:328][925]LogModuleManager: Shutting down and abandoning module TextureCompressor (14)
[2015.12.02-22.51.07:328][925]LogModuleManager: Shutting down and abandoning module ShaderCore (13)
[2015.12.02-22.51.07:328][925]LogModuleManager: Shutting down and abandoning module Landscape (12)
[2015.12.02-22.51.07:328][925]LogModuleManager: Shutting down and abandoning module SlateRHIRenderer (11)
[2015.12.02-22.51.07:330][925]LogModuleManager: Shutting down and abandoning module OpenGLDrv (10)
[2015.12.02-22.51.07:330][925]LogModuleManager: Shutting down and abandoning module D3D11RHI (9)
[2015.12.02-22.51.07:330][925]LogModuleManager: Shutting down and abandoning module AnimGraphRuntime (8)
[2015.12.02-22.51.07:330][925]LogModuleManager: Shutting down and abandoning module Renderer (7)
[2015.12.02-22.51.07:330][925]LogModuleManager: Shutting down and abandoning module Engine (6)
[2015.12.02-22.51.07:330][925]LogModuleManager: Shutting down and abandoning module CoreUObject (5)
[2015.12.02-22.51.07:330][925]LogModuleManager: Shutting down and abandoning module NetworkFile (4)
[2015.12.02-22.51.07:330][925]LogModuleManager: Shutting down and abandoning module StreamingFile (3)
[2015.12.02-22.51.07:330][925]LogModuleManager: Shutting down and abandoning module SandboxFile (2)
[2015.12.02-22.51.07:330][925]LogModuleManager: Shutting down and abandoning module PakFile (1)
[2015.12.02-22.51.07:331][925]LogExit: Exiting.
[2015.12.02-22.51.07:363][925]Log file closed, 12/02/15 14:51:07
