[2016.01.01-07.44.26:636][  0]Log file open, 12/31/15 23:44:26
[2016.01.01-07.44.26:636][  0]LogInit:Display: Running engine for game: MyProject19
[2016.01.01-07.44.26:636][  0]LogPlatformFile: Not using cached read wrapper
[2016.01.01-07.44.26:636][  0]LogInit:Display: RandInit(-1152295528) SRandInit(-1152295525).
[2016.01.01-07.44.26:636][  0]LogTaskGraph: Started task graph with 4 named threads and 7 total threads.
[2016.01.01-07.44.26:636][  0]LogStats: Stats thread started at 1.479813
[2016.01.01-07.44.26:636][  0]LogInit: Version: 4.10.1-2791327+++depot+UE4-Releases+4.10
[2016.01.01-07.44.26:637][  0]LogInit: API Version: 2758231
[2016.01.01-07.44.26:637][  0]LogInit: Compiled (64-bit): Dec  4 2015 19:44:40
[2016.01.01-07.44.26:637][  0]LogInit: Compiled with Visual C++: 19.00.23026.00
[2016.01.01-07.44.26:637][  0]LogInit: Build Configuration: Development
[2016.01.01-07.44.26:637][  0]LogInit: Branch Name: ++depot+UE4-Releases+4.10
[2016.01.01-07.44.26:637][  0]LogInit: Command line:  
[2016.01.01-07.44.26:637][  0]LogInit: Base directory: C:/Program Files/Epic Games/4.10/Engine/Binaries/Win64/
[2016.01.01-07.44.26:637][  0]LogInit: Rocket: 1
[2016.01.01-07.44.27:245][  0]LogInit: Using libcurl 7.41.0
[2016.01.01-07.44.27:245][  0]LogInit:  - built for x86_64-pc-win32
[2016.01.01-07.44.27:245][  0]LogInit:  - supports SSL with WinSSL
[2016.01.01-07.44.27:245][  0]LogInit:  - other features:
[2016.01.01-07.44.27:245][  0]LogInit:      CURL_VERSION_SSL
[2016.01.01-07.44.27:245][  0]LogInit:      CURL_VERSION_IPV6
[2016.01.01-07.44.27:245][  0]LogInit:      CURL_VERSION_ASYNCHDNS
[2016.01.01-07.44.27:245][  0]LogInit:      CURL_VERSION_LARGEFILE
[2016.01.01-07.44.27:245][  0]LogInit:      CURL_VERSION_IDN
[2016.01.01-07.44.27:245][  0]LogInit:  CurlRequestOptions (configurable via config and command line):
[2016.01.01-07.44.27:245][  0]LogInit:  - bVerifyPeer = true  - Libcurl will verify peer certificate
[2016.01.01-07.44.27:245][  0]LogInit:  - bUseHttpProxy = false  - Libcurl will NOT use HTTP proxy
[2016.01.01-07.44.27:245][  0]LogInit:  - bDontReuseConnections = false  - Libcurl will reuse connections
[2016.01.01-07.44.27:245][  0]LogInit:  - CertBundlePath = nullptr  - Libcurl will use whatever was configured at build time.
[2016.01.01-07.44.27:830][  0]LogInit: Presizing for 0 objects not considered by GC, pre-allocating 0 bytes.
[2016.01.01-07.44.28:037][  0]LogInit: Object subsystem initialized
[2016.01.01-07.44.28:195][  0]LogInit: Selected Device Profile: [Windows]
[2016.01.01-07.44.28:195][  0]LogInit: Applying CVar settings loaded from the selected device profile: [Windows]
[2016.01.01-07.44.28:426][  0]LogInit: Computer: MATT-PC
[2016.01.01-07.44.28:426][  0]LogInit: User: Matt
[2016.01.01-07.44.28:426][  0]LogInit: CPU Page size=4096, Cores=4
[2016.01.01-07.44.28:426][  0]LogInit: High frequency timer resolution =3.020517 MHz
[2016.01.01-07.44.28:426][  0]LogMemory: Memory total: Physical=7.9GB (8GB approx)
[2016.01.01-07.44.28:491][  0]LogMemory: Platform Memory Stats for Windows
[2016.01.01-07.44.28:491][  0]LogMemory: Process Physical Memory: 60.28 MB used, 60.28 MB peak
[2016.01.01-07.44.28:492][  0]LogMemory: Process Virtual Memory: 60.60 MB used, 60.60 MB peak
[2016.01.01-07.44.28:492][  0]LogMemory: Physical Memory: 3948.20 MB used, 8109.12 MB total
[2016.01.01-07.44.28:492][  0]LogMemory: Virtual Memory: 354.33 MB used, 8388608.00 MB total
[2016.01.01-07.44.31:978][  0]LogTextLocalizationManager: No specific translations for ('en-US') exist, so ('en') translations will be used.
[2016.01.01-07.44.34:603][  0]LogD3D11RHI: Found D3D11 adapter 0: AMD Radeon HD 7800 Series (Feature Level 11_0)
[2016.01.01-07.44.34:603][  0]LogD3D11RHI: Adapter has 2029MB of dedicated video memory, 0MB of dedicated system memory, and 3798MB of shared system memory, 1 output[s]
[2016.01.01-07.44.34:824][  0]LogD3D11RHI: Found D3D11 adapter 1: Intel(R) HD Graphics (Feature Level 11_0)
[2016.01.01-07.44.34:824][  0]LogD3D11RHI: Adapter has 64MB of dedicated video memory, 0MB of dedicated system memory, and 1632MB of shared system memory, 0 output[s]
[2016.01.01-07.44.34:824][  0]LogD3D11RHI: Chosen D3D11 Adapter Id = 0
[2016.01.01-07.44.34:857][  0]LogD3D11RHI: !Direct3DDevice
[2016.01.01-07.44.34:858][  0]LogRHI: Texture pool is 1361 MB (70% of 1945 MB)
[2016.01.01-07.44.34:862][  0]LogD3D11RHI: Async texture creation disabled: no driver support
[2016.01.01-07.44.34:871][  0]LogShaderCompilers: Guid format shader working directory is -29 characters bigger than the processId version (../../../../../../Users/Matt/Documents/GitHub/P3NGUIN/P3NGUIN/MyProject19/Intermediate/Shaders/WorkingDirectory/10768/).
[2016.01.01-07.44.34:871][  0]LogShaderCompilers: Cleaned the shader compiler working directory 'C:/Users/Matt/AppData/Local/Temp/UnrealShaderWorkingDir/86379B0D4DDC0D9A091B2C92706B10BA/'.
[2016.01.01-07.44.34:871][  0]LogShaderCompilers:Display: Using Local Shader Compiler.
[2016.01.01-07.44.41:656][  0]LogTemp:Display: Loaded TP AllDesktopTargetPlatform
[2016.01.01-07.44.41:710][  0]LogTemp:Display: Loaded TP WindowsClientTargetPlatform
[2016.01.01-07.44.41:716][  0]LogTemp:Display: Loaded TP WindowsNoEditorTargetPlatform
[2016.01.01-07.44.41:721][  0]LogTemp:Display: Loaded TP WindowsServerTargetPlatform
[2016.01.01-07.44.41:727][  0]LogTemp:Display: Loaded TP WindowsTargetPlatform
[2016.01.01-07.44.41:732][  0]LogTemp:Display: Loaded TP AndroidTargetPlatform
[2016.01.01-07.44.41:735][  0]LogTemp:Display: Loaded TP Android_ASTCTargetPlatform
[2016.01.01-07.44.41:739][  0]LogTemp:Display: Loaded TP Android_ATCTargetPlatform
[2016.01.01-07.44.41:743][  0]LogTemp:Display: Loaded TP Android_DXTTargetPlatform
[2016.01.01-07.44.41:759][  0]LogTemp:Display: Loaded TP Android_ETC1TargetPlatform
[2016.01.01-07.44.41:764][  0]LogTemp:Display: Loaded TP Android_ETC2TargetPlatform
[2016.01.01-07.44.41:772][  0]LogTemp:Display: Loaded TP Android_MultiTargetPlatform
[2016.01.01-07.44.41:772][  0]LogTemp:Display: Loaded TP Android_PVRTCTargetPlatform
[2016.01.01-07.44.41:773][  0]LogTemp:Display: Loaded TP HTML5TargetPlatform
[2016.01.01-07.44.41:824][  0]LogTemp:Display: Loaded TP IOSTargetPlatform
[2016.01.01-07.44.41:849][  0]LogTemp:Display: Loaded TP LinuxNoEditorTargetPlatform
[2016.01.01-07.44.41:876][  0]LogTemp:Display: Loaded TP LinuxServerTargetPlatform
[2016.01.01-07.44.41:951][  0]LogTemp:Display: Loaded TP LinuxTargetPlatform
[2016.01.01-07.44.41:951][  0]LogTargetPlatformManager:Display: Building Assets For Windows
[2016.01.01-07.44.43:060][  0]LogDerivedDataCache:Display: Max Cache Size: 512 MB
[2016.01.01-07.44.44:380][  0]LogDerivedDataCache: Loaded boot cache 1.32s 41MB C:/Users/Matt/AppData/Local/UnrealEngine/4.10/DerivedDataCache/Boot.ddc.
[2016.01.01-07.44.44:380][  0]LogDerivedDataCache:Display: Loaded Boot cache: C:/Users/Matt/AppData/Local/UnrealEngine/4.10/DerivedDataCache/Boot.ddc
[2016.01.01-07.44.44:380][  0]LogDerivedDataCache: FDerivedDataBackendGraph:  Pak pak cache file ../../../../../../Users/Matt/Documents/GitHub/P3NGUIN/P3NGUIN/MyProject19/DerivedDataCache/DDC.ddp not found, will not use a pak cache.
[2016.01.01-07.44.44:380][  0]LogDerivedDataCache: Unable to find inner node Pak for hierarchical cache Hierarchy.
[2016.01.01-07.44.44:380][  0]LogDerivedDataCache: FDerivedDataBackendGraph:  CompressedPak pak cache file ../../../../../../Users/Matt/Documents/GitHub/P3NGUIN/P3NGUIN/MyProject19/DerivedDataCache/Compressed.ddp not found, will not use a pak cache.
[2016.01.01-07.44.44:380][  0]LogDerivedDataCache: Unable to find inner node CompressedPak for hierarchical cache Hierarchy.
[2016.01.01-07.44.44:512][  0]LogDerivedDataCache:Display: Pak cache opened for reading ../../../Engine/DerivedDataCache/Compressed.ddp.
[2016.01.01-07.44.44:523][  0]LogDerivedDataCache: Using Local data cache path C:/Users/Matt/AppData/Local/UnrealEngine/Common/DerivedDataCache: Writable
[2016.01.01-07.44.49:644][  0]LogInit: Selected Device Profile: [Windows]
[2016.01.01-07.44.49:645][  0]LogContentStreaming: Texture pool size is 0.000000MB
[2016.01.01-07.44.49:767][  0]LogMeshUtilities: No automatic mesh reduction module available
[2016.01.01-07.44.49:767][  0]LogMeshUtilities: No automatic mesh merging module available
[2016.01.01-07.44.50:669][  0]LogInit: WinSock: version 1.1 (2.2), MaxSocks=32767, MaxUdp=65467
[2016.01.01-07.45.21:844][  0]UdpMessaging: Initializing bridge on interface 0.0.0.0:0 to multicast group 230.0.0.1:6666.
[2016.01.01-07.45.22:518][  0]LogAssetRegistry: FAssetRegistry took 0.0101 seconds to start up
[2016.01.01-07.45.23:270][  0]SourceControl: Info Source control is disabled
[2016.01.01-07.45.23:271][  0]SourceControl: Info Source control is disabled
[2016.01.01-07.45.23:316][  0]SourceControl: Info Source control is disabled
[2016.01.01-07.45.23:420][  0]SourceControl: Info Source control is disabled
[2016.01.01-07.45.25:697][  0]LogObj: 28633 objects as part of root set at end of initial load.
[2016.01.01-07.45.25:697][  0]LogUObjectAllocator: 6099752 out of 0 bytes used by permanent object pool.
[2016.01.01-07.45.25:907][  0]LogEngine: Initializing Engine...
[2016.01.01-07.45.25:915][  0]LogHMD: Can't find Oculus library dev build: is proper Runtime installed? Version: 0.8.0.0
[2016.01.01-07.45.25:932][  0]LogHMD: SteamVR failed to initialize.  Err: 110
[2016.01.01-07.45.26:103][  0]LogAIModule: Creating AISystem for world NewWorld
[2016.01.01-07.45.26:137][  0]LogInit: XAudio2 using 'Speakers (Realtek High Definition Audio)' : 2 channels at 48 kHz using 32 bits per sample (channel mask 0x3)
[2016.01.01-07.45.26:275][  0]LogInit: FAudioDevice initialized.
[2016.01.01-07.45.26:425][  0]LogDerivedDataCache: Saved boot cache 0.15s 41MB C:/Users/Matt/AppData/Local/UnrealEngine/4.10/DerivedDataCache/Boot.ddc.
[2016.01.01-07.45.26:428][  0]LogInit: Texture streaming: Enabled
[2016.01.01-07.45.26:468][  0]LogAnalytics: Creating configured Analytics provider AnalyticsET
[2016.01.01-07.45.26:468][  0]LogAnalytics: [UEEditor.Rocket.Release] APIServer = http://et2.epicgames.com/ET2/. AppVersion = 4.10.1-2791327+++depot+UE4-Releases+4.10
[2016.01.01-07.45.26:468][  0]LogAnalytics: [UEEditor.Rocket.Release] SetUserId de43219841e5038bf49fbfa481591ee0|4e461f00ab6f49d29405414d884919d6|9448dfb4-8168-4a85-8046-6b7a073564d8
[2016.01.01-07.45.26:468][  0]LogAnalytics: [UEEditor.Rocket.Release] AnalyticsET::StartSession
[2016.01.01-07.45.27:805][  0]LogInit: Transaction tracking system initialized
[2016.01.01-07.45.28:414][  0]BlueprintLog: New page: Editor Load
[2016.01.01-07.45.30:650][  0]LocalizationService: Info Localization service is disabled
[2016.01.01-07.45.32:312][  0]LogConsoleResponse:Display: 
[2016.01.01-07.45.35:165][  0]LogCook:Display: Done creating registry. It took  0.00s.
[2016.01.01-07.45.36:496][  0]LogFileCache: Scanning file cache for directory 'C:/Users/Matt/Documents/GitHub/P3NGUIN/P3NGUIN/MyProject19/Content/' took 0.04s
[2016.01.01-07.45.36:624][  0]SourceControl: Info Source control is disabled
[2016.01.01-07.45.36:624][  0]Cmd: MAP LOAD FILE="../../../../../../Users/Matt/Documents/GitHub/P3NGUIN/P3NGUIN/MyProject19/Content/Maps/ThirdPersonExampleMap.umap" TEMPLATE=0 SHOWPROGRESS=1 FEATURELEVEL=3
[2016.01.01-07.45.36:625][  0]LightingResults: New page: Lighting Build
[2016.01.01-07.45.36:628][  0]MapCheck: New page: Map Check
[2016.01.01-07.45.36:628][  0]LightingResults: New page: Lighting Build
[2016.01.01-07.45.36:639][  0]LogParticles: Destroying 0 GPU particle simulations for FXSystem 0x000000001DDA2160
[2016.01.01-07.45.36:649][  0]LogLinker:Warning: Asset '../../../../../../Users/Matt/Documents/GitHub/P3NGUIN/P3NGUIN/MyProject19/Content/Mannequin/Animations/ThirdPerson_AnimBP.uasset' has been saved with empty engine version. The asset will be loaded but may be incompatible.
[2016.01.01-07.45.36:680][  0]LogLinker:Warning: Asset '../../../../../../Users/Matt/Documents/GitHub/P3NGUIN/P3NGUIN/MyProject19/Content/Mannequin/Animations/ThirdPerson_Jump.uasset' has been saved with empty engine version. The asset will be loaded but may be incompatible.
[2016.01.01-07.45.36:682][  0]LogLinker:Warning: Asset '../../../../../../Users/Matt/Documents/GitHub/P3NGUIN/P3NGUIN/MyProject19/Content/Mannequin/Animations/ThirdPersonJump_Loop.uasset' has been saved with empty engine version. The asset will be loaded but may be incompatible.
[2016.01.01-07.45.36:683][  0]LogLinker:Warning: Asset '../../../../../../Users/Matt/Documents/GitHub/P3NGUIN/P3NGUIN/MyProject19/Content/Mannequin/Animations/ThirdPersonJump_Start.uasset' has been saved with empty engine version. The asset will be loaded but may be incompatible.
[2016.01.01-07.45.36:684][  0]LogLinker:Warning: Asset '../../../../../../Users/Matt/Documents/GitHub/P3NGUIN/P3NGUIN/MyProject19/Content/Mannequin/Animations/ThirdPerson_IdleRun_2D.uasset' has been saved with empty engine version. The asset will be loaded but may be incompatible.
[2016.01.01-07.45.36:684][  0]LogLinker:Warning: Asset '../../../../../../Users/Matt/Documents/GitHub/P3NGUIN/P3NGUIN/MyProject19/Content/Mannequin/Animations/ThirdPersonIdle.uasset' has been saved with empty engine version. The asset will be loaded but may be incompatible.
[2016.01.01-07.45.36:686][  0]LogLinker:Warning: Asset '../../../../../../Users/Matt/Documents/GitHub/P3NGUIN/P3NGUIN/MyProject19/Content/Mannequin/Animations/ThirdPersonRun.uasset' has been saved with empty engine version. The asset will be loaded but may be incompatible.
[2016.01.01-07.45.36:687][  0]LogLinker:Warning: Asset '../../../../../../Users/Matt/Documents/GitHub/P3NGUIN/P3NGUIN/MyProject19/Content/Mannequin/Animations/ThirdPersonWalk.uasset' has been saved with empty engine version. The asset will be loaded but may be incompatible.
[2016.01.01-07.45.39:821][  0]LogBlueprint:Warning: [compiler ThirdPersonCharacter] Warning 'AbilitiesMenu' is already a 'Ability Menu', you don't need  Cast To AbilityMenu .
[2016.01.01-07.45.39:824][  0]LogBlueprint:Warning: [compiler ThirdPersonCharacter] Warning 'PointerClass' is already a 'Pointer', you don't need  Cast To Pointer .
[2016.01.01-07.45.39:825][  0]LogBlueprint:Warning: [compiler ThirdPersonCharacter] Warning No value will be returned by reference. Parameter 'EndTime'. Node:  (none) 
[2016.01.01-07.45.39:837][  0]LogBlueprint:Warning: [compiler ThirdPersonCharacter] Warning 'SecondPointer' is already a 'Pointer 2', you don't need  Cast To Pointer2 .
[2016.01.01-07.45.39:857][  0]LogBlueprint:Warning: [compiler ThirdPersonCharacter] Warning [0078.46] Compile of ThirdPersonCharacter successful, but with 4 Warning(s) [in 112 ms]
[2016.01.01-07.45.39:858][  0]LogBlueprint:Warning: [compiler ThirdPersonCharacter] Warning [0078.46] Compile of ThirdPersonCharacter successful, but with 5 Warning(s) [in 0 ms]
[2016.01.01-07.45.39:858][  0]LogBlueprint:Warning: [compiler ThirdPersonCharacter] Warning [0078.46] Compile of ThirdPersonCharacter successful, but with 6 Warning(s) [in 0 ms]
[2016.01.01-07.45.39:916][  0]LogBlueprint:Warning: [compiler AbilityMenu] Warning 'ReturnValue' is already a 'Listed Item', you don't need  Cast To ListedItem .
[2016.01.01-07.45.39:916][  0]LogBlueprint:Warning: [compiler AbilityMenu] Warning 'ReturnValue' is already a 'Listed Item', you don't need  Cast To ListedItem .
[2016.01.01-07.45.39:920][  0]LogBlueprint:Warning: [compiler AbilityMenu] Warning [0078.52] Compile of AbilityMenu successful, but with 2 Warning(s) [in 27 ms]
[2016.01.01-07.45.39:922][  0]LogBlueprint:Warning: [compiler AbilityMenu] Warning [0078.53] Compile of AbilityMenu successful, but with 3 Warning(s) [in 1 ms]
[2016.01.01-07.45.39:922][  0]LogBlueprint:Warning: [compiler AbilityMenu] Warning [0078.53] Compile of AbilityMenu successful, but with 4 Warning(s) [in 0 ms]
[2016.01.01-07.45.39:958][  0]LogBlueprint:Warning: [compiler FreeMovementLocator] Warning 'Third Person Character 2D' does not inherit from 'Player Controller' ( Cast To ThirdPersonCharacter2D  would always fail).
[2016.01.01-07.45.39:958][  0]LogBlueprint:Warning: [compiler FreeMovementLocator] Warning [0078.56] Compile of FreeMovementLocator successful, but with 1 Warning(s) [in 2 ms]
[2016.01.01-07.45.39:959][  0]LogBlueprint:Warning: [compiler FreeMovementLocator] Warning [0078.56] Compile of FreeMovementLocator successful, but with 2 Warning(s) [in 0 ms]
[2016.01.01-07.45.39:959][  0]LogBlueprint:Warning: [compiler FreeMovementLocator] Warning [0078.56] Compile of FreeMovementLocator successful, but with 3 Warning(s) [in 0 ms]
[2016.01.01-07.45.40:541][  0]LogBlueprint:Warning: [compiler ThirdPersonCharacter2D] Warning No value will be returned by reference. Parameter 'EndTime'. Node:  (none) 
[2016.01.01-07.45.40:558][  0]LogBlueprint:Warning: [compiler ThirdPersonCharacter2D] Warning 'AbilitiesMenu' is already a 'Ability Menu', you don't need  Cast To AbilityMenu .
[2016.01.01-07.45.40:559][  0]LogBlueprint:Warning: [compiler ThirdPersonCharacter2D] Warning 'ReturnValue' is already a 'Knife', you don't need  Cast To Knife .
[2016.01.01-07.45.40:568][  0]LogBlueprint:Warning: [compiler ThirdPersonCharacter2D] Warning 'SecondPointer' is already a 'Pointer 2', you don't need  Cast To Pointer2 .
[2016.01.01-07.45.40:643][  0]LogBlueprint:Warning: [compiler ThirdPersonCharacter2D] Warning [0079.25] Compile of ThirdPersonCharacter2D successful, but with 4 Warning(s) [in 185 ms]
[2016.01.01-07.45.40:644][  0]LogBlueprint:Warning: [compiler ThirdPersonCharacter2D] Warning [0079.25] Compile of ThirdPersonCharacter2D successful, but with 5 Warning(s) [in 0 ms]
[2016.01.01-07.45.40:644][  0]LogBlueprint:Warning: [compiler ThirdPersonCharacter2D] Warning [0079.25] Compile of ThirdPersonCharacter2D successful, but with 6 Warning(s) [in 0 ms]
[2016.01.01-07.45.40:648][  0]LogBlueprint:Warning: [compiler FreeMovementLocator] Warning 'Third Person Character 2D' does not inherit from 'Player Controller' ( Cast To ThirdPersonCharacter2D  would always fail).
[2016.01.01-07.45.40:650][  0]LogBlueprint:Warning: [compiler FreeMovementLocator] Warning [0079.25] Compile of FreeMovementLocator successful, but with 1 Warning(s) [in 3 ms]
[2016.01.01-07.45.40:650][  0]LogBlueprint:Warning: [compiler FreeMovementLocator] Warning [0079.25] Compile of FreeMovementLocator successful, but with 2 Warning(s) [in 0 ms]
[2016.01.01-07.45.40:654][  0]LogBlueprint:Warning: [compiler FreeMovementLocator] Warning [0079.26] Compile of FreeMovementLocator successful, but with 3 Warning(s) [in 3 ms]
[2016.01.01-07.45.40:750][  0]LogBlueprint:Warning: [compiler AbilityMenu] Warning 'ReturnValue' is already a 'Listed Item', you don't need  Cast To ListedItem .
[2016.01.01-07.45.40:751][  0]LogBlueprint:Warning: [compiler AbilityMenu] Warning 'ReturnValue' is already a 'Listed Item', you don't need  Cast To ListedItem .
[2016.01.01-07.45.40:754][  0]LogBlueprint:Warning: [compiler AbilityMenu] Warning [0079.36] Compile of AbilityMenu successful, but with 2 Warning(s) [in 26 ms]
[2016.01.01-07.45.40:754][  0]LogBlueprint:Warning: [compiler AbilityMenu] Warning [0079.36] Compile of AbilityMenu successful, but with 3 Warning(s) [in 0 ms]
[2016.01.01-07.45.40:760][  0]LogBlueprint:Warning: [compiler AbilityMenu] Warning [0079.36] Compile of AbilityMenu successful, but with 4 Warning(s) [in 5 ms]
[2016.01.01-07.45.40:884][  0]LogBlueprint:Warning: [compiler ThirdPersonCharacter] Warning 'AbilitiesMenu' is already a 'Ability Menu', you don't need  Cast To AbilityMenu .
[2016.01.01-07.45.40:886][  0]LogBlueprint:Warning: [compiler ThirdPersonCharacter] Warning 'PointerClass' is already a 'Pointer', you don't need  Cast To Pointer .
[2016.01.01-07.45.40:888][  0]LogBlueprint:Warning: [compiler ThirdPersonCharacter] Warning No value will be returned by reference. Parameter 'EndTime'. Node:  (none) 
[2016.01.01-07.45.40:899][  0]LogBlueprint:Warning: [compiler ThirdPersonCharacter] Warning 'SecondPointer' is already a 'Pointer 2', you don't need  Cast To Pointer2 .
[2016.01.01-07.45.40:917][  0]LogBlueprint:Warning: [compiler ThirdPersonCharacter] Warning [0079.52] Compile of ThirdPersonCharacter successful, but with 4 Warning(s) [in 109 ms]
[2016.01.01-07.45.40:918][  0]LogBlueprint:Warning: [compiler ThirdPersonCharacter] Warning [0079.52] Compile of ThirdPersonCharacter successful, but with 5 Warning(s) [in 0 ms]
[2016.01.01-07.45.40:918][  0]LogBlueprint:Warning: [compiler ThirdPersonCharacter] Warning [0079.52] Compile of ThirdPersonCharacter successful, but with 6 Warning(s) [in 0 ms]
[2016.01.01-07.45.41:138][  0]LogBlueprint:Warning: [compiler ThirdPersonCharacter2D] Warning No value will be returned by reference. Parameter 'EndTime'. Node:  (none) 
[2016.01.01-07.45.41:154][  0]LogBlueprint:Warning: [compiler ThirdPersonCharacter2D] Warning 'AbilitiesMenu' is already a 'Ability Menu', you don't need  Cast To AbilityMenu .
[2016.01.01-07.45.41:154][  0]LogBlueprint:Warning: [compiler ThirdPersonCharacter2D] Warning 'ReturnValue' is already a 'Knife', you don't need  Cast To Knife .
[2016.01.01-07.45.41:163][  0]LogBlueprint:Warning: [compiler ThirdPersonCharacter2D] Warning 'SecondPointer' is already a 'Pointer 2', you don't need  Cast To Pointer2 .
[2016.01.01-07.45.41:241][  0]LogBlueprint:Warning: [compiler ThirdPersonCharacter2D] Warning [0079.84] Compile of ThirdPersonCharacter2D successful, but with 4 Warning(s) [in 280 ms]
[2016.01.01-07.45.41:241][  0]LogBlueprint:Warning: [compiler ThirdPersonCharacter2D] Warning [0079.85] Compile of ThirdPersonCharacter2D successful, but with 5 Warning(s) [in 0 ms]
[2016.01.01-07.45.41:241][  0]LogBlueprint:Warning: [compiler ThirdPersonCharacter2D] Warning [0079.85] Compile of ThirdPersonCharacter2D successful, but with 6 Warning(s) [in 0 ms]
[2016.01.01-07.45.50:479][  0]LogAIModule: Creating AISystem for world ThirdPersonExampleMap
[2016.01.01-07.45.50:514][  0]LogEditorServer: Finished looking for orphan Actors (0.000 secs)
[2016.01.01-07.45.50:515][  0]Cmd: MAP CHECKDEP NOCLEARLOG
[2016.01.01-07.45.50:651][  0]MapCheck: Info Map check complete: 0 Error(s), 0 Warning(s), took 135.846ms to complete.
[2016.01.01-07.45.50:651][  0]LogFileHelpers: Loading map 'ThirdPersonExampleMap' took 14.027
[2016.01.01-07.45.51:174][  0]LogCollectionManager: Loaded 0 collections in 0.002895 seconds
[2016.01.01-07.45.51:213][  0]LogFileCache: Scanning file cache for directory 'C:/Users/Matt/Documents/GitHub/P3NGUIN/P3NGUIN/MyProject19/Saved/Collections/' took 0.01s
[2016.01.01-07.45.51:214][  0]LogFileCache: Scanning file cache for directory 'C:/Users/Matt/Documents/GitHub/P3NGUIN/P3NGUIN/MyProject19/Content/Developers/Matt/Collections/' took 0.01s
[2016.01.01-07.45.51:214][  0]LogFileCache: Scanning file cache for directory 'C:/Users/Matt/Documents/GitHub/P3NGUIN/P3NGUIN/MyProject19/Content/Collections/' took 0.01s
[2016.01.01-07.45.51:214][  0]LogCollectionManager: Rebuilt the GUID cache for 0 collections in 0.000002 seconds
[2016.01.01-07.45.51:222][  0]LogContentBrowser: Native class hierarchy populated in 0.0082 seconds. Added 1893 classes and 338 folders.
[2016.01.01-07.45.51:229][  0]LogContentBrowser: Native class hierarchy updated for 'WidgetCarousel' in 0.0005 seconds. Added 0 classes and 0 folders.
[2016.01.01-07.45.53:784][  0]LogContentBrowser: Native class hierarchy updated for 'AddContentDialog' in 0.0005 seconds. Added 0 classes and 0 folders.
[2016.01.01-07.45.53:827][  0]LogContentBrowser: Native class hierarchy updated for 'SceneOutliner' in 0.0009 seconds. Added 1 classes and 2 folders.
[2016.01.01-07.45.53:881][  0]LogContentBrowser: Native class hierarchy updated for 'WorldBrowser' in 0.0006 seconds. Added 1 classes and 3 folders.
[2016.01.01-07.45.53:897][  0]LogCrashTracker: Crashtracker disabled due to settings.
[2016.01.01-07.45.53:905][  0]LogUObjectGlobals:Warning: Failed to find object 'Class None.'
[2016.01.01-07.45.53:927][  0]LogLoad: Full Startup: 92.53 seconds (BP compile: 1.74 seconds)
[2016.01.01-07.45.54:274][  0]LogOcInput: Can't find Oculus library dev build: is proper Runtime installed? Version: 0.8.0.0
[2016.01.01-07.45.54:574][  0]LogContentStreaming: Texture pool size now 1000 MB
[2016.01.01-07.45.55:037][  0]LogRenderer: Reallocating scene render targets to support 828x516 (Frame:2).
[2016.01.01-07.45.58:405][ 10]LogAssetRegistry: Asset discovery search completed in 35.8967 seconds
[2016.01.01-07.45.58:405][ 10]LogCollectionManager: Rebuilt the object cache for 0 collections in 0.000001 seconds (found 0 objects)
[2016.01.01-07.45.58:405][ 10]LogCollectionManager: Fixed up redirectors for 0 collections in 0.000025 seconds (updated 0 objects)
[2016.01.01-08.13.26:284][ 12]LogLinker:Warning: Asset '../../../Engine/Content/ArtTools/RenderToTexture/Macros/RenderToTextureMacros.uasset' has been saved with empty engine version. The asset will be loaded but may be incompatible.
[2016.01.01-08.13.26:799][ 12]LogContentBrowser: Native class hierarchy updated for 'BlueprintGraph' in 0.0009 seconds. Added 107 classes and 0 folders.
[2016.01.01-08.14.35:801][789]BlueprintLog: New page: Compile BasicKnife
[2016.01.01-08.14.35:936][789]LogActorComponent: UnregisterComponent: (/Engine/Transient.CharMoveComp) Not registered. Aborting.
[2016.01.01-08.14.35:936][789]LogActorComponent: UnregisterComponent: (/Engine/Transient.ProjectileMovement_GEN_VARIABLE) Not registered. Aborting.
[2016.01.01-08.14.35:936][789]LogActorComponent: UnregisterComponent: (/Engine/Transient.ProjectileMovementComponent_0) Not registered. Aborting.
[2016.01.01-08.14.35:936][789]LogActorComponent: UnregisterComponent: (/Engine/Transient.ProjectileMovementComponent_1) Not registered. Aborting.
[2016.01.01-08.14.35:936][789]LogActorComponent: UnregisterComponent: (/Engine/Transient.CharacterMovementComponent_0) Not registered. Aborting.
[2016.01.01-08.14.36:019][789]LogParticles: Destroying 0 GPU particle simulations for FXSystem 0x000000002FE5F7E0
[2016.01.01-08.14.36:064][789]BlueprintEditorCompileResults: Info [1814.65] Compile of BasicKnife successful! [in 262 ms]
[2016.01.01-08.14.37:632][930]LogActorComponent: UnregisterComponent: (/Engine/Transient.ProjectileMovement_GEN_VARIABLE) Not registered. Aborting.
[2016.01.01-08.14.37:711][930]Cmd: OBJ SAVEPACKAGE PACKAGE="/Game/Blueprints/Knives/BasicKnife" FILE="../../../../../../Users/Matt/Documents/GitHub/P3NGUIN/P3NGUIN/MyProject19/Content/Blueprints/Knives/BasicKnife.uasset" SILENT=true
[2016.01.01-08.14.37:828][930]LogSavePackage: Save=83.149010ms
[2016.01.01-08.14.37:828][930]LogSavePackage: Moving '../../../../../../Users/Matt/Documents/GitHub/P3NGUIN/P3NGUIN/MyProject19/Saved/BasicKnife2FB87B1344ABB2256048E4B21C5C235A.tmp' to '../../../../../../Users/Matt/Documents/GitHub/P3NGUIN/P3NGUIN/MyProject19/Content/Blueprints/Knives/BasicKnife.uasset'
[2016.01.01-08.14.37:834][930]LogSavePackage: Total save time: 121.373922ms
[2016.01.01-08.14.37:834][930]LogSavePackage:Display: Finished SavePackage ../../../../../../Users/Matt/Documents/GitHub/P3NGUIN/P3NGUIN/MyProject19/Content/Blueprints/Knives/BasicKnife.uasset
[2016.01.01-08.14.40:653][220]LogBlueprintUserMessages: Early PlayInEditor Detection: Level '/Game/Maps/ThirdPersonExampleMap.ThirdPersonExampleMap:PersistentLevel' has LevelScriptBlueprint '/Game/Maps/ThirdPersonExampleMap.ThirdPersonExampleMap:PersistentLevel.ThirdPersonExampleMap' with GeneratedClass '/Game/Maps/ThirdPersonExampleMap.ThirdPersonExampleMap_C' with ClassGeneratedBy '/Game/Maps/ThirdPersonExampleMap.ThirdPersonExampleMap:PersistentLevel.ThirdPersonExampleMap'
[2016.01.01-08.14.40:654][220]LogPlayLevel: PlayLevel: No blueprints needed recompiling
[2016.01.01-08.14.40:654][220]PIE: New page: PIE session: ThirdPersonExampleMap (Dec 31, 2015, 4:14:40 PM)
[2016.01.01-08.14.40:654][220]LogPlayLevel: Creating play world package: /Game/Maps/UEDPIE_0_ThirdPersonExampleMap
[2016.01.01-08.14.40:720][220]LogPlayLevel: PIE: StaticDuplicateObject took: (0.065654s)
[2016.01.01-08.14.40:721][220]LogAIModule: Creating AISystem for world ThirdPersonExampleMap
[2016.01.01-08.14.40:721][220]LogPlayLevel: PIE: World Init took: (0.001420s)
[2016.01.01-08.14.40:721][220]LogPlayLevel: PIE: Created PIE world by copying editor world from /Game/Maps/ThirdPersonExampleMap.ThirdPersonExampleMap to /Game/Maps/UEDPIE_0_ThirdPersonExampleMap.ThirdPersonExampleMap (0.067393s)
[2016.01.01-08.14.40:721][220]LogActorComponent: UnregisterComponent: (/Engine/Transient.ProjectileMovement_GEN_VARIABLE) Not registered. Aborting.
[2016.01.01-08.14.40:756][220]LogInit: XAudio2 using 'Speakers (Realtek High Definition Audio)' : 2 channels at 48 kHz using 32 bits per sample (channel mask 0x3)
[2016.01.01-08.14.40:796][220]LogInit: FAudioDevice initialized.
[2016.01.01-08.14.40:956][220]LogWorld: Game class is '2dFlipBookGameMode_C'
[2016.01.01-08.14.40:971][220]LogWorld: Bringing World /Game/Maps/UEDPIE_0_ThirdPersonExampleMap.ThirdPersonExampleMap up for play (max tick rate 0) at 2016.01.01-00.14.40
[2016.01.01-08.14.40:971][220]LogActor:Warning: GameSession /Game/Maps/UEDPIE_0_ThirdPersonExampleMap.ThirdPersonExampleMap:PersistentLevel.GameSession_0 has natively added scene component(s), but none of them were set as the actor's RootComponent - picking one arbitrarily
[2016.01.01-08.14.40:971][220]LogActor:Warning: GameNetworkManager /Game/Maps/UEDPIE_0_ThirdPersonExampleMap.ThirdPersonExampleMap:PersistentLevel.GameNetworkManager_0 has natively added scene component(s), but none of them were set as the actor's RootComponent - picking one arbitrarily
[2016.01.01-08.14.40:973][220]LogWorld: Bringing up level for play took: 0.016144
[2016.01.01-08.14.40:990][220]PIE: Info Play in editor start time for /Game/Maps/UEDPIE_0_ThirdPersonExampleMap -0.363
[2016.01.01-08.14.40:990][220]LogBlueprintUserMessages: Late PlayInEditor Detection: Level '/Game/Maps/ThirdPersonExampleMap.ThirdPersonExampleMap:PersistentLevel' has LevelScriptBlueprint '/Game/Maps/ThirdPersonExampleMap.ThirdPersonExampleMap:PersistentLevel.ThirdPersonExampleMap' with GeneratedClass '/Game/Maps/ThirdPersonExampleMap.ThirdPersonExampleMap_C' with ClassGeneratedBy '/Game/Maps/ThirdPersonExampleMap.ThirdPersonExampleMap:PersistentLevel.ThirdPersonExampleMap'
[2016.01.01-08.14.41:018][221]LogRenderer: Reallocating scene render targets to support 2560x1440 (Frame:4739).
[2016.01.01-08.14.41:088][221]LogRenderTargetPool:Warning: r.RenderTargetPoolMin exceeded 479/400 MB (ok in editor, bad on fixed memory platform)
[2016.01.01-08.14.56:407][868]LogBlueprintUserMessages: Early EndPlayMap Detection: Level '/Game/Maps/ThirdPersonExampleMap.ThirdPersonExampleMap:PersistentLevel' has LevelScriptBlueprint '/Game/Maps/ThirdPersonExampleMap.ThirdPersonExampleMap:PersistentLevel.ThirdPersonExampleMap' with GeneratedClass '/Game/Maps/ThirdPersonExampleMap.ThirdPersonExampleMap_C' with ClassGeneratedBy '/Game/Maps/ThirdPersonExampleMap.ThirdPersonExampleMap:PersistentLevel.ThirdPersonExampleMap'
[2016.01.01-08.14.56:482][868]LogBlueprintUserMessages: Late EndPlayMap Detection: Level '/Game/Maps/ThirdPersonExampleMap.ThirdPersonExampleMap:PersistentLevel' has LevelScriptBlueprint '/Game/Maps/ThirdPersonExampleMap.ThirdPersonExampleMap:PersistentLevel.ThirdPersonExampleMap' with GeneratedClass '/Game/Maps/ThirdPersonExampleMap.ThirdPersonExampleMap_C' with ClassGeneratedBy '/Game/Maps/ThirdPersonExampleMap.ThirdPersonExampleMap:PersistentLevel.ThirdPersonExampleMap'
[2016.01.01-08.14.56:512][868]LogParticles: Destroying 0 GPU particle simulations for FXSystem 0x00000000278C7920
[2016.01.01-08.14.58:280][ 49]LogRenderTargetPool:Warning: r.RenderTargetPoolMin exceeded 575/400 MB (ok in editor, bad on fixed memory platform)
[2016.01.01-08.15.01:445][120]LogRenderTargetPool:Warning: r.RenderTargetPoolMin exceeded 575/400 MB (ok in editor, bad on fixed memory platform)
[2016.01.01-08.15.02:673][224]LogRenderTargetPool:Warning: r.RenderTargetPoolMin exceeded 575/400 MB (ok in editor, bad on fixed memory platform)
[2016.01.01-08.15.10:767][184]LogActorComponent: UnregisterComponent: (/Engine/Transient.ProjectileMovement_GEN_VARIABLE) Not registered. Aborting.
[2016.01.01-08.15.12:108][343]BlueprintLog: New page: Compile BasicKnife
[2016.01.01-08.15.12:212][343]LogActorComponent: UnregisterComponent: (/Engine/Transient.ProjectileMovementComponent_2) Not registered. Aborting.
[2016.01.01-08.15.12:246][343]BlueprintEditorCompileResults: Info [1850.83] Compile of BasicKnife successful! [in 138 ms]
[2016.01.01-08.15.14:664][435]LogRenderTargetPool:Warning: r.RenderTargetPoolMin exceeded 575/400 MB (ok in editor, bad on fixed memory platform)
[2016.01.01-08.15.14:718][441]LogRenderTargetPool:Warning: r.RenderTargetPoolMin exceeded 575/400 MB (ok in editor, bad on fixed memory platform)
[2016.01.01-08.15.15:520][506]LogBlueprintUserMessages: Early PlayInEditor Detection: Level '/Game/Maps/ThirdPersonExampleMap.ThirdPersonExampleMap:PersistentLevel' has LevelScriptBlueprint '/Game/Maps/ThirdPersonExampleMap.ThirdPersonExampleMap:PersistentLevel.ThirdPersonExampleMap' with GeneratedClass '/Game/Maps/ThirdPersonExampleMap.ThirdPersonExampleMap_C' with ClassGeneratedBy '/Game/Maps/ThirdPersonExampleMap.ThirdPersonExampleMap:PersistentLevel.ThirdPersonExampleMap'
[2016.01.01-08.15.15:520][506]LogPlayLevel: PlayLevel: No blueprints needed recompiling
[2016.01.01-08.15.15:520][506]PIE: New page: PIE session: ThirdPersonExampleMap (Dec 31, 2015, 4:15:15 PM)
[2016.01.01-08.15.15:520][506]LogPlayLevel: Creating play world package: /Game/Maps/UEDPIE_0_ThirdPersonExampleMap
[2016.01.01-08.15.15:581][506]LogPlayLevel: PIE: StaticDuplicateObject took: (0.060843s)
[2016.01.01-08.15.15:582][506]LogAIModule: Creating AISystem for world ThirdPersonExampleMap
[2016.01.01-08.15.15:583][506]LogPlayLevel: PIE: World Init took: (0.001343s)
[2016.01.01-08.15.15:583][506]LogPlayLevel: PIE: Created PIE world by copying editor world from /Game/Maps/ThirdPersonExampleMap.ThirdPersonExampleMap to /Game/Maps/UEDPIE_0_ThirdPersonExampleMap.ThirdPersonExampleMap (0.062437s)
[2016.01.01-08.15.15:583][506]LogActorComponent: UnregisterComponent: (/Engine/Transient.ProjectileMovement_GEN_VARIABLE) Not registered. Aborting.
[2016.01.01-08.15.15:619][506]LogInit: XAudio2 using 'Speakers (Realtek High Definition Audio)' : 2 channels at 48 kHz using 32 bits per sample (channel mask 0x3)
[2016.01.01-08.15.15:658][506]LogInit: FAudioDevice initialized.
[2016.01.01-08.15.15:731][506]LogWorld: Game class is '2dFlipBookGameMode_C'
[2016.01.01-08.15.15:746][506]LogWorld: Bringing World /Game/Maps/UEDPIE_0_ThirdPersonExampleMap.ThirdPersonExampleMap up for play (max tick rate 0) at 2016.01.01-00.15.15
[2016.01.01-08.15.15:746][506]LogActor:Warning: GameSession /Game/Maps/UEDPIE_0_ThirdPersonExampleMap.ThirdPersonExampleMap:PersistentLevel.GameSession_1 has natively added scene component(s), but none of them were set as the actor's RootComponent - picking one arbitrarily
[2016.01.01-08.15.15:746][506]LogActor:Warning: GameNetworkManager /Game/Maps/UEDPIE_0_ThirdPersonExampleMap.ThirdPersonExampleMap:PersistentLevel.GameNetworkManager_1 has natively added scene component(s), but none of them were set as the actor's RootComponent - picking one arbitrarily
[2016.01.01-08.15.15:748][506]LogWorld: Bringing up level for play took: 0.016052
[2016.01.01-08.15.15:765][506]PIE: Info Play in editor start time for /Game/Maps/UEDPIE_0_ThirdPersonExampleMap 0.412
[2016.01.01-08.15.15:765][506]LogBlueprintUserMessages: Late PlayInEditor Detection: Level '/Game/Maps/ThirdPersonExampleMap.ThirdPersonExampleMap:PersistentLevel' has LevelScriptBlueprint '/Game/Maps/ThirdPersonExampleMap.ThirdPersonExampleMap:PersistentLevel.ThirdPersonExampleMap' with GeneratedClass '/Game/Maps/ThirdPersonExampleMap.ThirdPersonExampleMap_C' with ClassGeneratedBy '/Game/Maps/ThirdPersonExampleMap.ThirdPersonExampleMap:PersistentLevel.ThirdPersonExampleMap'
[2016.01.01-08.15.15:808][507]LogRenderTargetPool:Warning: r.RenderTargetPoolMin exceeded 504/400 MB (ok in editor, bad on fixed memory platform)
[2016.01.01-08.15.22:490][786]LogBlueprintUserMessages: Early EndPlayMap Detection: Level '/Game/Maps/ThirdPersonExampleMap.ThirdPersonExampleMap:PersistentLevel' has LevelScriptBlueprint '/Game/Maps/ThirdPersonExampleMap.ThirdPersonExampleMap:PersistentLevel.ThirdPersonExampleMap' with GeneratedClass '/Game/Maps/ThirdPersonExampleMap.ThirdPersonExampleMap_C' with ClassGeneratedBy '/Game/Maps/ThirdPersonExampleMap.ThirdPersonExampleMap:PersistentLevel.ThirdPersonExampleMap'
[2016.01.01-08.15.22:562][786]LogBlueprintUserMessages: Late EndPlayMap Detection: Level '/Game/Maps/ThirdPersonExampleMap.ThirdPersonExampleMap:PersistentLevel' has LevelScriptBlueprint '/Game/Maps/ThirdPersonExampleMap.ThirdPersonExampleMap:PersistentLevel.ThirdPersonExampleMap' with GeneratedClass '/Game/Maps/ThirdPersonExampleMap.ThirdPersonExampleMap_C' with ClassGeneratedBy '/Game/Maps/ThirdPersonExampleMap.ThirdPersonExampleMap:PersistentLevel.ThirdPersonExampleMap'
[2016.01.01-08.15.22:610][787]LogParticles: Destroying 0 GPU particle simulations for FXSystem 0x0000000026BBC900
[2016.01.01-08.15.24:183][934]Cmd: OBJ SAVEPACKAGE PACKAGE="/Game/Blueprints/Knives/BasicKnife" FILE="../../../../../../Users/Matt/Documents/GitHub/P3NGUIN/P3NGUIN/MyProject19/Content/Blueprints/Knives/BasicKnife.uasset" SILENT=true
[2016.01.01-08.15.24:295][934]LogSavePackage: Save=83.633034ms
[2016.01.01-08.15.24:295][934]LogSavePackage: Moving '../../../../../../Users/Matt/Documents/GitHub/P3NGUIN/P3NGUIN/MyProject19/Saved/BasicKnife3816A34C4DD004591ED2D6914F3B4B8B.tmp' to '../../../../../../Users/Matt/Documents/GitHub/P3NGUIN/P3NGUIN/MyProject19/Content/Blueprints/Knives/BasicKnife.uasset'
[2016.01.01-08.15.24:300][934]LogSavePackage: Total save time: 114.965752ms
[2016.01.01-08.15.24:300][934]LogSavePackage:Display: Finished SavePackage ../../../../../../Users/Matt/Documents/GitHub/P3NGUIN/P3NGUIN/MyProject19/Content/Blueprints/Knives/BasicKnife.uasset
[2016.01.01-08.15.24:322][936]LogRenderTargetPool:Warning: r.RenderTargetPoolMin exceeded 575/400 MB (ok in editor, bad on fixed memory platform)
[2016.01.01-08.15.32:571][ 23]LogRenderTargetPool:Warning: r.RenderTargetPoolMin exceeded 575/400 MB (ok in editor, bad on fixed memory platform)
[2016.01.01-08.15.33:972][141]LogActorComponent: UnregisterComponent: (/Engine/Transient.ProjectileMovement_GEN_VARIABLE) Not registered. Aborting.
[2016.01.01-08.15.34:462][142]Cmd: QUIT_EDITOR
[2016.01.01-08.15.34:616][142]LogExit: Preparing to exit.
[2016.01.01-08.15.35:102][142]LogExit: Editor shut down
[2016.01.01-08.15.35:102][142]LogExit: Transaction tracking system shut down
[2016.01.01-08.15.35:108][142]LogParticles: Destroying 0 GPU particle simulations for FXSystem 0x0000000028C81580
[2016.01.01-08.15.35:109][142]LogParticles: Destroying 0 GPU particle simulations for FXSystem 0x000000002DF71DA0
[2016.01.01-08.15.35:109][142]LogParticles: Destroying 0 GPU particle simulations for FXSystem 0x000000002DD7A520
[2016.01.01-08.15.35:110][142]LogParticles: Destroying 0 GPU particle simulations for FXSystem 0x000000002E10F4C0
[2016.01.01-08.15.35:110][142]LogParticles: Destroying 0 GPU particle simulations for FXSystem 0x00000000301172E0
[2016.01.01-08.15.35:113][142]LogParticles: Destroying 0 GPU particle simulations for FXSystem 0x0000000018394400
[2016.01.01-08.15.35:305][142]LogExit: Object subsystem successfully closed.
[2016.01.01-08.15.35:325][142]LogD3D11RHI: Shutdown
[2016.01.01-08.15.35:325][142]LogD3D11RHI: CleanupD3DDevice
[2016.01.01-08.15.35:357][142]LogD3D11RHI: ~FD3D11DynamicRHI
[2016.01.01-08.15.35:398][142]LogModuleManager: Shutting down and abandoning module CookingStats (201)
[2016.01.01-08.15.35:398][142]LogModuleManager: Shutting down and abandoning module BlueprintGraph (200)
[2016.01.01-08.15.35:398][142]LogModuleManager: Shutting down and abandoning module CrashTracker (199)
[2016.01.01-08.15.35:398][142]LogModuleManager: Shutting down and abandoning module WorldBrowser (198)
[2016.01.01-08.15.35:398][142]LogModuleManager: Shutting down and abandoning module SceneOutliner (197)
[2016.01.01-08.15.35:398][142]LogModuleManager: Shutting down and abandoning module SuperSearch (196)
[2016.01.01-08.15.35:398][142]LogModuleManager: Shutting down and abandoning module WidgetCarousel (195)
[2016.01.01-08.15.35:398][142]LogModuleManager: Shutting down and abandoning module AddContentDialog (194)
[2016.01.01-08.15.35:399][142]LogModuleManager: Shutting down and abandoning module EditorWidgets (193)
[2016.01.01-08.15.35:399][142]LogModuleManager: Shutting down and abandoning module CollectionManager (192)
[2016.01.01-08.15.35:399][142]LogModuleManager: Shutting down and abandoning module StatsViewer (191)
[2016.01.01-08.15.35:399][142]LogModuleManager: Shutting down and abandoning module FoliageEdit (190)
[2016.01.01-08.15.35:399][142]LogModuleManager: Shutting down and abandoning module LandscapeEditor (189)
[2016.01.01-08.15.35:399][142]LogModuleManager: Shutting down and abandoning module ActorPickerMode (188)
[2016.01.01-08.15.35:399][142]LogModuleManager: Shutting down and abandoning module GeometryMode (187)
[2016.01.01-08.15.35:399][142]LogModuleManager: Shutting down and abandoning module TextureAlignMode (186)
[2016.01.01-08.15.35:399][142]LogModuleManager: Shutting down and abandoning module BspMode (185)
[2016.01.01-08.15.35:399][142]LogModuleManager: Shutting down and abandoning module PlacementMode (184)
[2016.01.01-08.15.35:399][142]LogModuleManager: Shutting down and abandoning module AutomationWorker (183)
[2016.01.01-08.15.35:399][142]LogModuleManager: Shutting down and abandoning module CharacterAI (182)
[2016.01.01-08.15.35:399][142]LogModuleManager: Shutting down and abandoning module SmartSnapping (181)
[2016.01.01-08.15.35:399][142]LogModuleManager: Shutting down and abandoning module ViewportSnapping (180)
[2016.01.01-08.15.35:399][142]LogModuleManager: Shutting down and abandoning module LogVisualizer (179)
[2016.01.01-08.15.35:399][142]LogModuleManager: Shutting down and abandoning module GameProjectGeneration (178)
[2016.01.01-08.15.35:400][142]LogModuleManager: Shutting down and abandoning module IntroTutorials (177)
[2016.01.01-08.15.35:400][142]LogModuleManager: Shutting down and abandoning module EditorLiveStreaming (176)
[2016.01.01-08.15.35:400][142]LogModuleManager: Shutting down and abandoning module IOSPlatformEditor (175)
[2016.01.01-08.15.35:400][142]LogModuleManager: Shutting down and abandoning module HTML5PlatformEditor (174)
[2016.01.01-08.15.35:400][142]LogModuleManager: Shutting down and abandoning module AndroidDeviceDetection (173)
[2016.01.01-08.15.35:727][142]LogModuleManager: Shutting down and abandoning module AndroidPlatformEditor (172)
[2016.01.01-08.15.35:727][142]LogModuleManager: Shutting down and abandoning module IOSRuntimeSettings (171)
[2016.01.01-08.15.35:727][142]LogModuleManager: Shutting down and abandoning module AndroidRuntimeSettings (170)
[2016.01.01-08.15.35:727][142]LogModuleManager: Shutting down and abandoning module MergeActors (169)
[2016.01.01-08.15.35:727][142]LogModuleManager: Shutting down and abandoning module SizeMap (168)
[2016.01.01-08.15.35:727][142]LogModuleManager: Shutting down and abandoning module TreeMap (167)
[2016.01.01-08.15.35:727][142]LogModuleManager: Shutting down and abandoning module ReferenceViewer (166)
[2016.01.01-08.15.35:727][142]LogModuleManager: Shutting down and abandoning module LocalizationService (165)
[2016.01.01-08.15.35:727][142]LogModuleManager: Shutting down and abandoning module LocalizationDashboard (164)
[2016.01.01-08.15.35:727][142]LogModuleManager: Shutting down and abandoning module HardwareTargeting (163)
[2016.01.01-08.15.35:727][142]LogModuleManager: Shutting down and abandoning module DeviceProfileEditor (162)
[2016.01.01-08.15.35:727][142]LogModuleManager: Shutting down and abandoning module UndoHistory (161)
[2016.01.01-08.15.35:727][142]LogModuleManager: Shutting down and abandoning module GameplayTagsEditor (160)
[2016.01.01-08.15.35:727][142]LogModuleManager: Shutting down and abandoning module UserFeedback (159)
[2016.01.01-08.15.35:727][142]LogModuleManager: Shutting down and abandoning module XmlParser (158)
[2016.01.01-08.15.35:727][142]LogModuleManager: Shutting down and abandoning module Blutility (157)
[2016.01.01-08.15.35:727][142]LogModuleManager: Shutting down and abandoning module ProjectTargetPlatformEditor (156)
[2016.01.01-08.15.35:727][142]LogModuleManager: Shutting down and abandoning module ProjectSettingsViewer (155)
[2016.01.01-08.15.35:727][142]LogModuleManager: Shutting down and abandoning module InputBindingEditor (154)
[2016.01.01-08.15.35:727][142]LogModuleManager: Shutting down and abandoning module EditorSettingsViewer (153)
[2016.01.01-08.15.35:727][142]LogModuleManager: Shutting down and abandoning module SettingsEditor (152)
[2016.01.01-08.15.35:728][142]LogModuleManager: Shutting down and abandoning module ProjectLauncher (151)
[2016.01.01-08.15.35:728][142]LogModuleManager: Shutting down and abandoning module SessionFrontend (150)
[2016.01.01-08.15.35:728][142]LogModuleManager: Shutting down and abandoning module ProfilerClient (149)
[2016.01.01-08.15.35:728][142]LogModuleManager: Shutting down and abandoning module TargetDeviceServices (148)
[2016.01.01-08.15.35:728][142]LogModuleManager: Shutting down and abandoning module DeviceManager (147)
[2016.01.01-08.15.35:728][142]LogModuleManager: Shutting down and abandoning module AutomationController (146)
[2016.01.01-08.15.35:728][142]LogModuleManager: Shutting down and abandoning module AutomationWindow (145)
[2016.01.01-08.15.35:728][142]LogModuleManager: Shutting down and abandoning module Layers (144)
[2016.01.01-08.15.35:728][142]LogModuleManager: Shutting down and abandoning module ComponentVisualizers (143)
[2016.01.01-08.15.35:728][142]LogModuleManager: Shutting down and abandoning module DetailCustomizations (142)
[2016.01.01-08.15.35:728][142]LogModuleManager: Shutting down and abandoning module PackagesDialog (141)
[2016.01.01-08.15.35:728][142]LogModuleManager: Shutting down and abandoning module Persona (140)
[2016.01.01-08.15.35:728][142]LogModuleManager: Shutting down and abandoning module Kismet (139)
[2016.01.01-08.15.35:728][142]LogModuleManager: Shutting down and abandoning module GraphEditor (138)
[2016.01.01-08.15.35:728][142]LogModuleManager: Shutting down and abandoning module ClassViewer (137)
[2016.01.01-08.15.35:728][142]LogModuleManager: Shutting down and abandoning module Toolbox (136)
[2016.01.01-08.15.35:728][142]LogModuleManager: Shutting down and abandoning module ModuleUI (135)
[2016.01.01-08.15.35:728][142]LogModuleManager: Shutting down and abandoning module MovieSceneTools (134)
[2016.01.01-08.15.35:728][142]LogModuleManager: Shutting down and abandoning module OutputLog (133)
[2016.01.01-08.15.35:728][142]LogModuleManager: Shutting down and abandoning module GammaUI (132)
[2016.01.01-08.15.35:728][142]LogModuleManager: Shutting down and abandoning module Documentation (131)
[2016.01.01-08.15.35:728][142]LogModuleManager: Shutting down and abandoning module GameLiveStreaming (130)
[2016.01.01-08.15.35:728][142]LogModuleManager: Shutting down and abandoning module StreamingPauseRendering (129)
[2016.01.01-08.15.35:728][142]LogModuleManager: Shutting down and abandoning module AnalyticsET (128)
[2016.01.01-08.15.35:728][142]LogModuleManager: Shutting down and abandoning module Analytics (127)
[2016.01.01-08.15.35:728][142]LogModuleManager: Shutting down and abandoning module AITestSuite (126)
[2016.01.01-08.15.35:728][142]LogModuleManager: Shutting down and abandoning module GameplayDebugger (125)
[2016.01.01-08.15.35:728][142]LogModuleManager: Shutting down and abandoning module AIModule (124)
[2016.01.01-08.15.35:728][142]LogModuleManager: Shutting down and abandoning module ProfilerService (123)
[2016.01.01-08.15.35:742][142]LogModuleManager: Shutting down and abandoning module TaskGraph (122)
[2016.01.01-08.15.35:742][142]LogModuleManager: Shutting down and abandoning module SlateRemote (121)
[2016.01.01-08.15.35:742][142]LogModuleManager: Shutting down and abandoning module SteamVRController (120)
[2016.01.01-08.15.35:742][142]LogModuleManager: Shutting down and abandoning module SteamVR (119)
[2016.01.01-08.15.35:742][142]LogModuleManager: Shutting down and abandoning module ProceduralMeshComponent (118)
[2016.01.01-08.15.35:742][142]LogModuleManager: Shutting down and abandoning module OculusLibrary (117)
[2016.01.01-08.15.35:742][142]LogModuleManager: Shutting down and abandoning module OculusInput (116)
[2016.01.01-08.15.35:742][142]LogModuleManager: Shutting down and abandoning module LeapMotionController (115)
[2016.01.01-08.15.35:753][142]LogModuleManager: Shutting down and abandoning module CustomMeshComponent (114)
[2016.01.01-08.15.35:753][142]LogModuleManager: Shutting down and abandoning module CableComponent (113)
[2016.01.01-08.15.35:753][142]LogModuleManager: Shutting down and abandoning module ArchVisCharacter (112)
[2016.01.01-08.15.35:753][142]LogModuleManager: Shutting down and abandoning module MessagingDebugger (111)
[2016.01.01-08.15.35:753][142]LogModuleManager: Shutting down and abandoning module MediaPlayerEditor (110)
[2016.01.01-08.15.35:753][142]LogModuleManager: Shutting down and abandoning module HTML5Networking (109)
[2016.01.01-08.15.35:753][142]LogModuleManager: Shutting down and abandoning module SpeedTreeImporter (108)
[2016.01.01-08.15.35:753][142]LogModuleManager: Shutting down and abandoning module PluginBrowser (107)
[2016.01.01-08.15.35:753][142]LogModuleManager: Shutting down and abandoning module EpicSurvey (106)
[2016.01.01-08.15.35:753][142]LogModuleManager: Shutting down and abandoning module DesktopPlatform (105)
[2016.01.01-08.15.35:753][142]LogModuleManager: Shutting down and abandoning module VisualStudioSourceCodeAccess (104)
[2016.01.01-08.15.35:753][142]LogModuleManager: Shutting down and abandoning module UObjectPlugin (103)
[2016.01.01-08.15.35:753][142]LogModuleManager: Shutting down and abandoning module SubversionSourceControl (102)
[2016.01.01-08.15.35:753][142]LogModuleManager: Shutting down and abandoning module PerforceSourceControl (101)
[2016.01.01-08.15.35:753][142]LogModuleManager: Shutting down and abandoning module SourceControl (100)
[2016.01.01-08.15.35:753][142]LogModuleManager: Shutting down and abandoning module GitSourceControl (99)
[2016.01.01-08.15.35:753][142]LogModuleManager: Shutting down and abandoning module LightPropagationVolumeEditor (98)
[2016.01.01-08.15.35:753][142]LogModuleManager: Shutting down and abandoning module PaperTiledImporter (97)
[2016.01.01-08.15.35:753][142]LogModuleManager: Shutting down and abandoning module PaperSpriteSheetImporter (96)
[2016.01.01-08.15.35:753][142]LogModuleManager: Shutting down and abandoning module MeshPaint (95)
[2016.01.01-08.15.35:753][142]LogModuleManager: Shutting down and abandoning module SlateReflector (94)
[2016.01.01-08.15.35:753][142]LogModuleManager: Shutting down and abandoning module HotReload (93)
[2016.01.01-08.15.35:754][142]LogModuleManager: Shutting down and abandoning module MainFrame (92)
[2016.01.01-08.15.35:754][142]LogModuleManager: Shutting down and abandoning module LevelEditor (91)
[2016.01.01-08.15.35:755][142]LogModuleManager: Shutting down and abandoning module DirectoryWatcher (90)
[2016.01.01-08.15.35:755][142]LogModuleManager: Shutting down and abandoning module AssetRegistry (89)
[2016.01.01-08.15.35:902][142]LogModuleManager: Shutting down and abandoning module ContentBrowser (88)
[2016.01.01-08.15.35:903][142]LogModuleManager: Shutting down and abandoning module Paper2DEditor (87)
[2016.01.01-08.15.35:903][142]LogModuleManager: Shutting down and abandoning module UdpMessaging (86)
[2016.01.01-08.15.36:003][142]LogModuleManager: Shutting down and abandoning module LightPropagationVolumeRuntime (85)
[2016.01.01-08.15.36:003][142]LogModuleManager: Shutting down and abandoning module Paper2D (84)
[2016.01.01-08.15.36:003][142]LogModuleManager: Shutting down and abandoning module WindowsMoviePlayer (83)
[2016.01.01-08.15.36:006][142]LogModuleManager: Shutting down and abandoning module Media (82)
[2016.01.01-08.15.36:007][142]LogModuleManager: Shutting down and abandoning module WmfMedia (81)
[2016.01.01-08.15.36:007][142]LogModuleManager: Shutting down and abandoning module OnlineBlueprintSupport (80)
[2016.01.01-08.15.36:007][142]LogModuleManager: Shutting down and abandoning module GameplayTasksEditor (79)
[2016.01.01-08.15.36:007][142]LogModuleManager: Shutting down and abandoning module PropertyEditor (78)
[2016.01.01-08.15.36:007][142]LogModuleManager: Shutting down and abandoning module BehaviorTreeEditor (77)
[2016.01.01-08.15.36:007][142]LogModuleManager: Shutting down and abandoning module FunctionalTesting (76)
[2016.01.01-08.15.36:007][142]LogModuleManager: Shutting down and abandoning module CollisionAnalyzer (75)
[2016.01.01-08.15.36:007][142]LogModuleManager: Shutting down and abandoning module WorkspaceMenuStructure (74)
[2016.01.01-08.15.36:007][142]LogModuleManager: Shutting down and abandoning module MessageLog (73)
[2016.01.01-08.15.36:007][142]LogModuleManager: Shutting down and abandoning module Sequencer (72)
[2016.01.01-08.15.36:007][142]LogModuleManager: Shutting down and abandoning module AssetTools (71)
[2016.01.01-08.15.36:007][142]LogModuleManager: Shutting down and abandoning module UMGEditor (70)
[2016.01.01-08.15.36:007][142]LogModuleManager: Shutting down and abandoning module UMG (69)
[2016.01.01-08.15.36:007][142]LogModuleManager: Shutting down and abandoning module Slate (68)
[2016.01.01-08.15.36:007][142]LogModuleManager: Shutting down and abandoning module EditorStyle (67)
[2016.01.01-08.15.36:013][142]LogModuleManager: Shutting down and abandoning module SessionServices (66)
[2016.01.01-08.15.36:013][142]LogModuleManager: Shutting down and abandoning module SourceCodeAccess (65)
[2016.01.01-08.15.36:013][142]LogModuleManager: Shutting down and abandoning module HeadMountedDisplay (64)
[2016.01.01-08.15.36:013][142]LogModuleManager: Shutting down and abandoning module XAudio2 (63)
[2016.01.01-08.15.36:013][142]LogModuleManager: Shutting down and abandoning module Networking (61)
[2016.01.01-08.15.36:013][142]LogModuleManager: Shutting down and abandoning module Core (60)
[2016.01.01-08.15.36:013][142]LogModuleManager: Shutting down and abandoning module KismetCompiler (59)
[2016.01.01-08.15.36:013][142]LogModuleManager: Shutting down and abandoning module PhysXFormats (58)
[2016.01.01-08.15.36:013][142]LogModuleManager: Shutting down and abandoning module MeshUtilities (57)
[2016.01.01-08.15.36:013][142]LogModuleManager: Shutting down and abandoning module DerivedDataCache (56)
[2016.01.01-08.15.36:028][142]LogDerivedDataCache: Shutdown
[2016.01.01-08.15.36:028][142]LogModuleManager: Shutting down and abandoning module ShaderFormatOpenGL (55)
[2016.01.01-08.15.36:028][142]LogModuleManager: Shutting down and abandoning module ShaderFormatD3D (54)
[2016.01.01-08.15.36:028][142]LogModuleManager: Shutting down and abandoning module MetalShaderFormat (53)
[2016.01.01-08.15.36:028][142]LogModuleManager: Shutting down and abandoning module TextureFormatUncompressed (52)
[2016.01.01-08.15.36:028][142]LogModuleManager: Shutting down and abandoning module TextureFormatPVR (51)
[2016.01.01-08.15.36:028][142]LogModuleManager: Shutting down and abandoning module TextureFormatIntelISPCTexComp (50)
[2016.01.01-08.15.36:028][142]LogModuleManager: Shutting down and abandoning module TextureFormatDXT (49)
[2016.01.01-08.15.36:028][142]LogModuleManager: Shutting down and abandoning module ImageWrapper (48)
[2016.01.01-08.15.36:028][142]LogModuleManager: Shutting down and abandoning module TextureFormatASTC (47)
[2016.01.01-08.15.36:028][142]LogModuleManager: Shutting down and abandoning module TextureFormatAndroid (46)
[2016.01.01-08.15.36:028][142]LogModuleManager: Shutting down and abandoning module AudioFormatOpus (45)
[2016.01.01-08.15.36:028][142]LogModuleManager: Shutting down and abandoning module AudioFormatOgg (44)
[2016.01.01-08.15.36:028][142]LogModuleManager: Shutting down and abandoning module AudioFormatADPCM (43)
[2016.01.01-08.15.36:028][142]LogModuleManager: Shutting down and abandoning module LinuxTargetPlatform (42)
[2016.01.01-08.15.36:028][142]LogModuleManager: Shutting down and abandoning module LinuxServerTargetPlatform (41)
[2016.01.01-08.15.36:028][142]LogModuleManager: Shutting down and abandoning module LinuxNoEditorTargetPlatform (40)
[2016.01.01-08.15.36:028][142]LogModuleManager: Shutting down and abandoning module Messaging (39)
[2016.01.01-08.15.36:028][142]LogModuleManager: Shutting down and abandoning module IOSTargetPlatform (38)
[2016.01.01-08.15.36:028][142]LogModuleManager: Shutting down and abandoning module HTML5TargetPlatform (37)
[2016.01.01-08.15.36:028][142]LogModuleManager: Shutting down and abandoning module Android_PVRTCTargetPlatform (36)
[2016.01.01-08.15.36:028][142]LogModuleManager: Shutting down and abandoning module Android_MultiTargetPlatform (35)
[2016.01.01-08.15.36:028][142]LogModuleManager: Shutting down and abandoning module Android_ETC2TargetPlatform (34)
[2016.01.01-08.15.36:028][142]LogModuleManager: Shutting down and abandoning module Android_ETC1TargetPlatform (33)
[2016.01.01-08.15.36:028][142]LogModuleManager: Shutting down and abandoning module Android_DXTTargetPlatform (32)
[2016.01.01-08.15.36:028][142]LogModuleManager: Shutting down and abandoning module Android_ATCTargetPlatform (31)
[2016.01.01-08.15.36:028][142]LogModuleManager: Shutting down and abandoning module Android_ASTCTargetPlatform (30)
[2016.01.01-08.15.36:028][142]LogModuleManager: Shutting down and abandoning module AndroidTargetPlatform (29)
[2016.01.01-08.15.36:028][142]LogModuleManager: Shutting down and abandoning module WindowsTargetPlatform (28)
[2016.01.01-08.15.36:028][142]LogModuleManager: Shutting down and abandoning module WindowsServerTargetPlatform (27)
[2016.01.01-08.15.36:028][142]LogModuleManager: Shutting down and abandoning module WindowsNoEditorTargetPlatform (26)
[2016.01.01-08.15.36:028][142]LogModuleManager: Shutting down and abandoning module WindowsClientTargetPlatform (25)
[2016.01.01-08.15.36:028][142]LogModuleManager: Shutting down and abandoning module AllDesktopTargetPlatform (24)
[2016.01.01-08.15.36:028][142]LogModuleManager: Shutting down and abandoning module TargetPlatform (23)
[2016.01.01-08.15.36:028][142]LogModuleManager: Shutting down and abandoning module InputCore (22)
[2016.01.01-08.15.36:028][142]LogModuleManager: Shutting down and abandoning module Settings (21)
[2016.01.01-08.15.36:028][142]LogModuleManager: Shutting down and abandoning module OnlineSubsystem (19)
[2016.01.01-08.15.36:029][142]LogModuleManager: Shutting down and abandoning module HTTP (18)
[2016.01.01-08.15.37:029][142]LogModuleManager: Shutting down and abandoning module XMPP (17)
[2016.01.01-08.15.37:029][142]LogModuleManager: Shutting down and abandoning module OculusRift (16)
[2016.01.01-08.15.37:029][142]LogModuleManager: Shutting down and abandoning module ExampleDeviceProfileSelector (15)
[2016.01.01-08.15.37:029][142]LogModuleManager: Shutting down and abandoning module TextureCompressor (14)
[2016.01.01-08.15.37:029][142]LogModuleManager: Shutting down and abandoning module ShaderCore (13)
[2016.01.01-08.15.37:029][142]LogModuleManager: Shutting down and abandoning module Landscape (12)
[2016.01.01-08.15.37:029][142]LogModuleManager: Shutting down and abandoning module SlateRHIRenderer (11)
[2016.01.01-08.15.37:030][142]LogModuleManager: Shutting down and abandoning module OpenGLDrv (10)
[2016.01.01-08.15.37:030][142]LogModuleManager: Shutting down and abandoning module D3D11RHI (9)
[2016.01.01-08.15.37:030][142]LogModuleManager: Shutting down and abandoning module AnimGraphRuntime (8)
[2016.01.01-08.15.37:030][142]LogModuleManager: Shutting down and abandoning module Renderer (7)
[2016.01.01-08.15.37:030][142]LogModuleManager: Shutting down and abandoning module Engine (6)
[2016.01.01-08.15.37:030][142]LogModuleManager: Shutting down and abandoning module CoreUObject (5)
[2016.01.01-08.15.37:030][142]LogModuleManager: Shutting down and abandoning module NetworkFile (4)
[2016.01.01-08.15.37:030][142]LogModuleManager: Shutting down and abandoning module StreamingFile (3)
[2016.01.01-08.15.37:030][142]LogModuleManager: Shutting down and abandoning module SandboxFile (2)
[2016.01.01-08.15.37:030][142]LogModuleManager: Shutting down and abandoning module PakFile (1)
[2016.01.01-08.15.37:033][142]LogExit: Exiting.
[2016.01.01-08.15.37:034][142]Log file closed, 01/01/16 00:15:37
