[2015.12.17-02.04.21:456][  0]Log file open, 12/16/15 18:04:21
[2015.12.17-02.04.21:456][  0]LogInit:Display: Running engine for game: MyProject19
[2015.12.17-02.04.21:456][  0]LogPlatformFile: Not using cached read wrapper
[2015.12.17-02.04.21:456][  0]LogInit:Display: RandInit(-384531086) SRandInit(-384531083).
[2015.12.17-02.04.21:456][  0]LogTaskGraph: Started task graph with 4 named threads and 7 total threads.
[2015.12.17-02.04.21:456][  0]LogStats: Stats thread started at 0.478639
[2015.12.17-02.04.21:456][  0]LogInit: Version: 4.10.0-2758231+++depot+UE4-Releases+4.10
[2015.12.17-02.04.21:456][  0]LogInit: API Version: 2758231
[2015.12.17-02.04.21:456][  0]LogInit: Compiled (64-bit): Nov  7 2015 05:13:45
[2015.12.17-02.04.21:456][  0]LogInit: Compiled with Visual C++: 19.00.23026.00
[2015.12.17-02.04.21:456][  0]LogInit: Build Configuration: Development
[2015.12.17-02.04.21:456][  0]LogInit: Branch Name: ++depot+UE4-Releases+4.10
[2015.12.17-02.04.21:456][  0]LogInit: Command line:  
[2015.12.17-02.04.21:456][  0]LogInit: Base directory: C:/Program Files/Epic Games/4.10/Engine/Binaries/Win64/
[2015.12.17-02.04.21:456][  0]LogInit: Rocket: 1
[2015.12.17-02.04.21:534][  0]LogInit: Using libcurl 7.41.0
[2015.12.17-02.04.21:534][  0]LogInit:  - built for x86_64-pc-win32
[2015.12.17-02.04.21:534][  0]LogInit:  - supports SSL with WinSSL
[2015.12.17-02.04.21:534][  0]LogInit:  - other features:
[2015.12.17-02.04.21:534][  0]LogInit:      CURL_VERSION_SSL
[2015.12.17-02.04.21:534][  0]LogInit:      CURL_VERSION_IPV6
[2015.12.17-02.04.21:534][  0]LogInit:      CURL_VERSION_ASYNCHDNS
[2015.12.17-02.04.21:534][  0]LogInit:      CURL_VERSION_LARGEFILE
[2015.12.17-02.04.21:534][  0]LogInit:      CURL_VERSION_IDN
[2015.12.17-02.04.21:535][  0]LogInit:  CurlRequestOptions (configurable via config and command line):
[2015.12.17-02.04.21:535][  0]LogInit:  - bVerifyPeer = true  - Libcurl will verify peer certificate
[2015.12.17-02.04.21:535][  0]LogInit:  - bUseHttpProxy = false  - Libcurl will NOT use HTTP proxy
[2015.12.17-02.04.21:535][  0]LogInit:  - bDontReuseConnections = false  - Libcurl will reuse connections
[2015.12.17-02.04.21:535][  0]LogInit:  - CertBundlePath = nullptr  - Libcurl will use whatever was configured at build time.
[2015.12.17-02.04.21:541][  0]LogInit: Presizing for 0 objects not considered by GC, pre-allocating 0 bytes.
[2015.12.17-02.04.21:549][  0]LogInit: Object subsystem initialized
[2015.12.17-02.04.21:550][  0]LogInit: Selected Device Profile: [Windows]
[2015.12.17-02.04.21:550][  0]LogInit: Applying CVar settings loaded from the selected device profile: [Windows]
[2015.12.17-02.04.21:556][  0]LogInit: Computer: MATT-PC
[2015.12.17-02.04.21:557][  0]LogInit: User: Matt
[2015.12.17-02.04.21:557][  0]LogInit: CPU Page size=4096, Cores=4
[2015.12.17-02.04.21:557][  0]LogInit: High frequency timer resolution =3.020507 MHz
[2015.12.17-02.04.21:557][  0]LogMemory: Memory total: Physical=7.9GB (8GB approx)
[2015.12.17-02.04.21:557][  0]LogMemory: Platform Memory Stats for Windows
[2015.12.17-02.04.21:557][  0]LogMemory: Process Physical Memory: 57.45 MB used, 57.45 MB peak
[2015.12.17-02.04.21:557][  0]LogMemory: Process Virtual Memory: 57.82 MB used, 57.82 MB peak
[2015.12.17-02.04.21:557][  0]LogMemory: Physical Memory: 5764.31 MB used, 8109.12 MB total
[2015.12.17-02.04.21:557][  0]LogMemory: Virtual Memory: 347.19 MB used, 8388608.00 MB total
[2015.12.17-02.04.21:615][  0]LogTextLocalizationManager: No specific translations for ('en-US') exist, so ('en') translations will be used.
[2015.12.17-02.04.21:988][  0]LogD3D11RHI: Found D3D11 adapter 0: AMD Radeon HD 7800 Series (Feature Level 11_0)
[2015.12.17-02.04.21:988][  0]LogD3D11RHI: Adapter has 2029MB of dedicated video memory, 0MB of dedicated system memory, and 3798MB of shared system memory, 1 output[s]
[2015.12.17-02.04.21:993][  0]LogD3D11RHI: Found D3D11 adapter 1: Intel(R) HD Graphics (Feature Level 11_0)
[2015.12.17-02.04.21:993][  0]LogD3D11RHI: Adapter has 64MB of dedicated video memory, 0MB of dedicated system memory, and 1632MB of shared system memory, 0 output[s]
[2015.12.17-02.04.21:993][  0]LogD3D11RHI: Chosen D3D11 Adapter Id = 0
[2015.12.17-02.04.22:007][  0]LogD3D11RHI: !Direct3DDevice
[2015.12.17-02.04.22:008][  0]LogRHI: Texture pool is 1361 MB (70% of 1945 MB)
[2015.12.17-02.04.22:012][  0]LogD3D11RHI: Async texture creation disabled: no driver support
[2015.12.17-02.04.28:943][  0]LogShaderCompilers: Guid format shader working directory is -28 characters bigger than the processId version (../../../../../../Users/Matt/Documents/GitHub/P3NGUIN/P3NGUIN/MyProject19/Intermediate/Shaders/WorkingDirectory/1828/).
[2015.12.17-02.04.28:943][  0]LogShaderCompilers: Cleaned the shader compiler working directory 'C:/Users/Matt/AppData/Local/Temp/UnrealShaderWorkingDir/758F47A743758C58FA92E281DBE10DE6/'.
[2015.12.17-02.04.29:121][  0]LogShaderCompilers:Display: Using Local Shader Compiler.
[2015.12.17-02.04.44:046][  0]LogTemp:Display: Loaded TP AllDesktopTargetPlatform
[2015.12.17-02.04.44:053][  0]LogTemp:Display: Loaded TP WindowsClientTargetPlatform
[2015.12.17-02.04.44:059][  0]LogTemp:Display: Loaded TP WindowsNoEditorTargetPlatform
[2015.12.17-02.04.44:065][  0]LogTemp:Display: Loaded TP WindowsServerTargetPlatform
[2015.12.17-02.04.44:106][  0]LogTemp:Display: Loaded TP WindowsTargetPlatform
[2015.12.17-02.04.44:112][  0]LogTemp:Display: Loaded TP AndroidTargetPlatform
[2015.12.17-02.04.44:117][  0]LogTemp:Display: Loaded TP Android_ASTCTargetPlatform
[2015.12.17-02.04.44:123][  0]LogTemp:Display: Loaded TP Android_ATCTargetPlatform
[2015.12.17-02.04.44:132][  0]LogTemp:Display: Loaded TP Android_DXTTargetPlatform
[2015.12.17-02.04.44:140][  0]LogTemp:Display: Loaded TP Android_ETC1TargetPlatform
[2015.12.17-02.04.44:145][  0]LogTemp:Display: Loaded TP Android_ETC2TargetPlatform
[2015.12.17-02.04.44:156][  0]LogTemp:Display: Loaded TP Android_MultiTargetPlatform
[2015.12.17-02.04.44:156][  0]LogTemp:Display: Loaded TP Android_PVRTCTargetPlatform
[2015.12.17-02.04.44:157][  0]LogTemp:Display: Loaded TP HTML5TargetPlatform
[2015.12.17-02.04.44:247][  0]LogTemp:Display: Loaded TP IOSTargetPlatform
[2015.12.17-02.04.44:252][  0]LogTemp:Display: Loaded TP LinuxNoEditorTargetPlatform
[2015.12.17-02.04.44:289][  0]LogTemp:Display: Loaded TP LinuxServerTargetPlatform
[2015.12.17-02.04.44:312][  0]LogTemp:Display: Loaded TP LinuxTargetPlatform
[2015.12.17-02.04.44:312][  0]LogTargetPlatformManager:Display: Building Assets For Windows
[2015.12.17-02.04.45:030][  0]LogDerivedDataCache:Display: Max Cache Size: 512 MB
[2015.12.17-02.04.46:105][  0]LogDerivedDataCache: Loaded boot cache 1.04s 41MB C:/Users/Matt/AppData/Local/UnrealEngine/4.10/DerivedDataCache/Boot.ddc.
[2015.12.17-02.04.46:105][  0]LogDerivedDataCache:Display: Loaded Boot cache: C:/Users/Matt/AppData/Local/UnrealEngine/4.10/DerivedDataCache/Boot.ddc
[2015.12.17-02.04.46:105][  0]LogDerivedDataCache: FDerivedDataBackendGraph:  Pak pak cache file ../../../../../../Users/Matt/Documents/GitHub/P3NGUIN/P3NGUIN/MyProject19/DerivedDataCache/DDC.ddp not found, will not use a pak cache.
[2015.12.17-02.04.46:105][  0]LogDerivedDataCache: Unable to find inner node Pak for hierarchical cache Hierarchy.
[2015.12.17-02.04.46:105][  0]LogDerivedDataCache: FDerivedDataBackendGraph:  CompressedPak pak cache file ../../../../../../Users/Matt/Documents/GitHub/P3NGUIN/P3NGUIN/MyProject19/DerivedDataCache/Compressed.ddp not found, will not use a pak cache.
[2015.12.17-02.04.46:105][  0]LogDerivedDataCache: Unable to find inner node CompressedPak for hierarchical cache Hierarchy.
[2015.12.17-02.04.46:264][  0]LogDerivedDataCache:Display: Pak cache opened for reading ../../../Engine/DerivedDataCache/Compressed.ddp.
[2015.12.17-02.04.46:275][  0]LogDerivedDataCache: Using Local data cache path C:/Users/Matt/AppData/Local/UnrealEngine/Common/DerivedDataCache: Writable
[2015.12.17-02.04.58:911][  0]LogInit: Selected Device Profile: [Windows]
[2015.12.17-02.04.58:964][  0]LogContentStreaming: Texture pool size is 0.000000MB
[2015.12.17-02.05.00:687][  0]LogMeshUtilities: No automatic mesh reduction module available
[2015.12.17-02.05.00:687][  0]LogMeshUtilities: No automatic mesh merging module available
[2015.12.17-02.05.09:159][  0]LogInit: WinSock: version 1.1 (2.2), MaxSocks=32767, MaxUdp=65467
[2015.12.17-02.05.47:879][  0]UdpMessaging: Initializing bridge on interface 0.0.0.0:0 to multicast group 230.0.0.1:6666.
[2015.12.17-02.05.48:981][  0]LogAssetRegistry: FAssetRegistry took 0.0157 seconds to start up
[2015.12.17-02.05.58:096][  0]SourceControl: Info Source control is disabled
[2015.12.17-02.05.58:118][  0]SourceControl: Info Source control is disabled
[2015.12.17-02.05.58:455][  0]SourceControl: Info Source control is disabled
[2015.12.17-02.05.58:647][  0]SourceControl: Info Source control is disabled
[2015.12.17-02.06.03:233][  0]LogObj: 28633 objects as part of root set at end of initial load.
[2015.12.17-02.06.03:233][  0]LogUObjectAllocator: 6099752 out of 0 bytes used by permanent object pool.
[2015.12.17-02.06.05:949][  0]LogAutomationTest:Warning: Smoke tests took > 1s to run: 1.40s
[2015.12.17-02.06.06:085][  0]LogEngine: Initializing Engine...
[2015.12.17-02.06.06:121][  0]LogHMD: Can't find Oculus library dev build: is proper Runtime installed? Version: 0.8.0.0
[2015.12.17-02.06.06:170][  0]LogHMD: SteamVR failed to initialize.  Err: 110
[2015.12.17-02.06.08:508][  0]LogAIModule: Creating AISystem for world NewWorld
[2015.12.17-02.06.09:502][  0]LogInit: XAudio2 using 'Speakers (Realtek High Definition Audio)' : 2 channels at 48 kHz using 32 bits per sample (channel mask 0x3)
[2015.12.17-02.06.09:572][  0]LogInit: FAudioDevice initialized.
[2015.12.17-02.06.09:730][  0]LogDerivedDataCache: Saved boot cache 0.16s 41MB C:/Users/Matt/AppData/Local/UnrealEngine/4.10/DerivedDataCache/Boot.ddc.
[2015.12.17-02.06.09:734][  0]LogInit: Texture streaming: Enabled
[2015.12.17-02.06.09:871][  0]LogAnalytics: Creating configured Analytics provider AnalyticsET
[2015.12.17-02.06.09:871][  0]LogAnalytics: [UEEditor.Rocket.Release] APIServer = http://et2.epicgames.com/ET2/. AppVersion = 4.10.0-2758231+++depot+UE4-Releases+4.10
[2015.12.17-02.06.09:871][  0]LogAnalytics: [UEEditor.Rocket.Release] SetUserId de43219841e5038bf49fbfa481591ee0|4e461f00ab6f49d29405414d884919d6|9448dfb4-8168-4a85-8046-6b7a073564d8
[2015.12.17-02.06.09:891][  0]LogAnalytics: [UEEditor.Rocket.Release] AnalyticsET::StartSession
[2015.12.17-02.06.10:646][  0]LogInit: Transaction tracking system initialized
[2015.12.17-02.06.16:336][  0]BlueprintLog: New page: Editor Load
[2015.12.17-02.06.19:914][  0]LocalizationService: Info Localization service is disabled
[2015.12.17-02.06.21:875][  0]LogConsoleResponse:Display: 
[2015.12.17-02.06.26:074][  0]LogFileCache: Scanning file cache for directory 'C:/Users/Matt/Documents/GitHub/P3NGUIN/P3NGUIN/MyProject19/Content/' took 0.01s
[2015.12.17-02.06.26:074][  0]LogCook:Display: Done creating registry. It took  0.00s.
[2015.12.17-02.06.30:931][  0]SourceControl: Info Source control is disabled
[2015.12.17-02.06.31:019][  0]Cmd: MAP LOAD FILE="../../../../../../Users/Matt/Documents/GitHub/P3NGUIN/P3NGUIN/MyProject19/Content/ThirdPersonBP/Maps/ThirdPersonExampleMap.umap" TEMPLATE=0 SHOWPROGRESS=1 FEATURELEVEL=3
[2015.12.17-02.06.31:039][  0]LightingResults: New page: Lighting Build
[2015.12.17-02.06.31:596][  0]MapCheck: New page: Map Check
[2015.12.17-02.06.31:596][  0]LightingResults: New page: Lighting Build
[2015.12.17-02.06.32:909][  0]LogParticles: Destroying 0 GPU particle simulations for FXSystem 0x00000000208C3B00
[2015.12.17-02.06.33:606][  0]LogLinker:Warning: Asset '../../../../../../Users/Matt/Documents/GitHub/P3NGUIN/P3NGUIN/MyProject19/Content/Mannequin/Animations/ThirdPerson_AnimBP.uasset' has been saved with empty engine version. The asset will be loaded but may be incompatible.
[2015.12.17-02.06.33:703][  0]LogLinker:Warning: Asset '../../../../../../Users/Matt/Documents/GitHub/P3NGUIN/P3NGUIN/MyProject19/Content/Mannequin/Animations/ThirdPerson_Jump.uasset' has been saved with empty engine version. The asset will be loaded but may be incompatible.
[2015.12.17-02.06.33:807][  0]LogLinker:Warning: Asset '../../../../../../Users/Matt/Documents/GitHub/P3NGUIN/P3NGUIN/MyProject19/Content/Mannequin/Animations/ThirdPersonJump_Loop.uasset' has been saved with empty engine version. The asset will be loaded but may be incompatible.
[2015.12.17-02.06.33:833][  0]LogLinker:Warning: Asset '../../../../../../Users/Matt/Documents/GitHub/P3NGUIN/P3NGUIN/MyProject19/Content/Mannequin/Animations/ThirdPersonJump_Start.uasset' has been saved with empty engine version. The asset will be loaded but may be incompatible.
[2015.12.17-02.06.33:885][  0]LogLinker:Warning: Asset '../../../../../../Users/Matt/Documents/GitHub/P3NGUIN/P3NGUIN/MyProject19/Content/Mannequin/Animations/ThirdPerson_IdleRun_2D.uasset' has been saved with empty engine version. The asset will be loaded but may be incompatible.
[2015.12.17-02.06.33:951][  0]LogLinker:Warning: Asset '../../../../../../Users/Matt/Documents/GitHub/P3NGUIN/P3NGUIN/MyProject19/Content/Mannequin/Animations/ThirdPersonIdle.uasset' has been saved with empty engine version. The asset will be loaded but may be incompatible.
[2015.12.17-02.06.34:016][  0]LogLinker:Warning: Asset '../../../../../../Users/Matt/Documents/GitHub/P3NGUIN/P3NGUIN/MyProject19/Content/Mannequin/Animations/ThirdPersonRun.uasset' has been saved with empty engine version. The asset will be loaded but may be incompatible.
[2015.12.17-02.06.34:036][  0]LogLinker:Warning: Asset '../../../../../../Users/Matt/Documents/GitHub/P3NGUIN/P3NGUIN/MyProject19/Content/Mannequin/Animations/ThirdPersonWalk.uasset' has been saved with empty engine version. The asset will be loaded but may be incompatible.
[2015.12.17-02.06.41:586][  0]LogBlueprint:Warning: [compiler AbilityMenu] Warning 'ReturnValue' is already a 'Listed Item', you don't need  Cast To ListedItem .
[2015.12.17-02.06.41:587][  0]LogBlueprint:Warning: [compiler AbilityMenu] Warning 'ReturnValue' is already a 'Listed Item', you don't need  Cast To ListedItem .
[2015.12.17-02.06.41:603][  0]LogBlueprint:Warning: [compiler AbilityMenu] Warning [0142.29] Compile of AbilityMenu successful, but with 2 Warning(s) [in 79 ms]
[2015.12.17-02.06.41:603][  0]LogBlueprint:Warning: [compiler AbilityMenu] Warning [0142.29] Compile of AbilityMenu successful, but with 3 Warning(s) [in 0 ms]
[2015.12.17-02.06.41:603][  0]LogBlueprint:Warning: [compiler AbilityMenu] Warning [0142.29] Compile of AbilityMenu successful, but with 4 Warning(s) [in 0 ms]
[2015.12.17-02.06.42:906][  0]LogBlueprint:Warning: [compiler ThirdPersonCharacter2D] Warning 'AbilitiesMenu' is already a 'Ability Menu', you don't need  Cast To AbilityMenu .
[2015.12.17-02.06.42:910][  0]LogBlueprint:Warning: [compiler ThirdPersonCharacter2D] Warning No value will be returned by reference. Parameter 'EndTime'. Node:  (none) 
[2015.12.17-02.06.42:924][  0]LogBlueprint:Warning: [compiler ThirdPersonCharacter2D] Warning 'SecondPointer' is already a 'Pointer 2', you don't need  Cast To Pointer2 .
[2015.12.17-02.06.42:961][  0]LogBlueprint:Warning: [compiler ThirdPersonCharacter2D] Warning [0143.64] Compile of ThirdPersonCharacter2D successful, but with 3 Warning(s) [in 107 ms]
[2015.12.17-02.06.43:009][  0]LogBlueprint:Warning: [compiler ThirdPersonCharacter2D] Warning [0143.69] Compile of ThirdPersonCharacter2D successful, but with 4 Warning(s) [in 47 ms]
[2015.12.17-02.06.43:009][  0]LogBlueprint:Warning: [compiler ThirdPersonCharacter2D] Warning [0143.69] Compile of ThirdPersonCharacter2D successful, but with 5 Warning(s) [in 0 ms]
[2015.12.17-02.06.43:647][  0]LogBlueprint:Warning: [compiler ThirdPersonCharacter] Warning 'AbilitiesMenu' is already a 'Ability Menu', you don't need  Cast To AbilityMenu .
[2015.12.17-02.06.43:651][  0]LogBlueprint:Warning: [compiler ThirdPersonCharacter] Warning 'PointerClass' is already a 'Pointer', you don't need  Cast To Pointer .
[2015.12.17-02.06.43:653][  0]LogBlueprint:Warning: [compiler ThirdPersonCharacter] Warning No value will be returned by reference. Parameter 'EndTime'. Node:  (none) 
[2015.12.17-02.06.43:665][  0]LogBlueprint:Warning: [compiler ThirdPersonCharacter] Warning 'SecondPointer' is already a 'Pointer 2', you don't need  Cast To Pointer2 .
[2015.12.17-02.06.43:684][  0]LogBlueprint:Warning: [compiler ThirdPersonCharacter] Warning [0144.37] Compile of ThirdPersonCharacter successful, but with 4 Warning(s) [in 84 ms]
[2015.12.17-02.06.43:684][  0]LogBlueprint:Warning: [compiler ThirdPersonCharacter] Warning [0144.37] Compile of ThirdPersonCharacter successful, but with 5 Warning(s) [in 0 ms]
[2015.12.17-02.06.43:684][  0]LogBlueprint:Warning: [compiler ThirdPersonCharacter] Warning [0144.37] Compile of ThirdPersonCharacter successful, but with 6 Warning(s) [in 0 ms]
[2015.12.17-02.06.43:763][  0]LogBlueprint:Warning: [compiler ThirdPersonCharacter] Warning 'AbilitiesMenu' is already a 'Ability Menu', you don't need  Cast To AbilityMenu .
[2015.12.17-02.06.43:766][  0]LogBlueprint:Warning: [compiler ThirdPersonCharacter] Warning 'PointerClass' is already a 'Pointer', you don't need  Cast To Pointer .
[2015.12.17-02.06.43:767][  0]LogBlueprint:Warning: [compiler ThirdPersonCharacter] Warning No value will be returned by reference. Parameter 'EndTime'. Node:  (none) 
[2015.12.17-02.06.43:780][  0]LogBlueprint:Warning: [compiler ThirdPersonCharacter] Warning 'SecondPointer' is already a 'Pointer 2', you don't need  Cast To Pointer2 .
[2015.12.17-02.06.43:799][  0]LogBlueprint:Warning: [compiler ThirdPersonCharacter] Warning [0144.48] Compile of ThirdPersonCharacter successful, but with 4 Warning(s) [in 83 ms]
[2015.12.17-02.06.43:799][  0]LogBlueprint:Warning: [compiler ThirdPersonCharacter] Warning [0144.48] Compile of ThirdPersonCharacter successful, but with 5 Warning(s) [in 0 ms]
[2015.12.17-02.06.43:800][  0]LogBlueprint:Warning: [compiler ThirdPersonCharacter] Warning [0144.48] Compile of ThirdPersonCharacter successful, but with 6 Warning(s) [in 0 ms]
[2015.12.17-02.06.43:876][  0]LogBlueprint:Warning: [compiler ThirdPersonCharacter2D] Warning 'AbilitiesMenu' is already a 'Ability Menu', you don't need  Cast To AbilityMenu .
[2015.12.17-02.06.43:879][  0]LogBlueprint:Warning: [compiler ThirdPersonCharacter2D] Warning No value will be returned by reference. Parameter 'EndTime'. Node:  (none) 
[2015.12.17-02.06.43:891][  0]LogBlueprint:Warning: [compiler ThirdPersonCharacter2D] Warning 'SecondPointer' is already a 'Pointer 2', you don't need  Cast To Pointer2 .
[2015.12.17-02.06.43:925][  0]LogBlueprint:Warning: [compiler ThirdPersonCharacter2D] Warning [0144.61] Compile of ThirdPersonCharacter2D successful, but with 3 Warning(s) [in 100 ms]
[2015.12.17-02.06.43:925][  0]LogBlueprint:Warning: [compiler ThirdPersonCharacter2D] Warning [0144.61] Compile of ThirdPersonCharacter2D successful, but with 4 Warning(s) [in 0 ms]
[2015.12.17-02.06.43:926][  0]LogBlueprint:Warning: [compiler ThirdPersonCharacter2D] Warning [0144.61] Compile of ThirdPersonCharacter2D successful, but with 5 Warning(s) [in 0 ms]
[2015.12.17-02.06.43:942][  0]LogBlueprint:Warning: [compiler AbilityMenu] Warning 'ReturnValue' is already a 'Listed Item', you don't need  Cast To ListedItem .
[2015.12.17-02.06.43:943][  0]LogBlueprint:Warning: [compiler AbilityMenu] Warning 'ReturnValue' is already a 'Listed Item', you don't need  Cast To ListedItem .
[2015.12.17-02.06.43:946][  0]LogBlueprint:Warning: [compiler AbilityMenu] Warning [0144.63] Compile of AbilityMenu successful, but with 2 Warning(s) [in 16 ms]
[2015.12.17-02.06.43:946][  0]LogBlueprint:Warning: [compiler AbilityMenu] Warning [0144.63] Compile of AbilityMenu successful, but with 3 Warning(s) [in 0 ms]
[2015.12.17-02.06.43:951][  0]LogBlueprint:Warning: [compiler AbilityMenu] Warning [0144.63] Compile of AbilityMenu successful, but with 4 Warning(s) [in 4 ms]
[2015.12.17-02.06.52:123][  0]LogAIModule: Creating AISystem for world ThirdPersonExampleMap
[2015.12.17-02.06.52:799][  0]PIE:Warning: Warning Invalid Simulate Options: Body (SliceGenericEnemy_01_52.HP) is set to simulate physics but Collision Enabled is incompatible
[2015.12.17-02.06.52:799][  0]PIE:Warning: Warning Invalid Simulate Options: Body (SliceGenericEnemy_01_52.HP) is set to simulate physics but Collision Enabled is incompatible
[2015.12.17-02.06.52:800][  0]PIE:Warning: Warning Invalid Simulate Options: Body (SliceGenericEnemy_2.HP) is set to simulate physics but Collision Enabled is incompatible
[2015.12.17-02.06.52:801][  0]PIE:Warning: Warning Invalid Simulate Options: Body (SliceGenericEnemy_2.HP) is set to simulate physics but Collision Enabled is incompatible
[2015.12.17-02.06.52:801][  0]PIE:Warning: Warning Invalid Simulate Options: Body (SliceGenericEnemy_3.HP) is set to simulate physics but Collision Enabled is incompatible
[2015.12.17-02.06.52:801][  0]PIE:Warning: Warning Invalid Simulate Options: Body (SliceGenericEnemy_3.HP) is set to simulate physics but Collision Enabled is incompatible
[2015.12.17-02.06.53:131][  0]PIE:Warning: Warning Invalid Simulate Options: Body (SliceGenericEnemy_01_52.HP) is set to simulate physics but Collision Enabled is incompatible
[2015.12.17-02.06.53:132][  0]PIE:Warning: Warning Invalid Simulate Options: Body (SliceGenericEnemy_01_52.HP) is set to simulate physics but Collision Enabled is incompatible
[2015.12.17-02.06.53:132][  0]PIE:Warning: Warning Invalid Simulate Options: Body (SliceGenericEnemy_01_52.HP) is set to simulate physics but Collision Enabled is incompatible
[2015.12.17-02.06.53:132][  0]PIE:Warning: Warning Invalid Simulate Options: Body (SliceGenericEnemy_01_52.HP) is set to simulate physics but Collision Enabled is incompatible
[2015.12.17-02.06.53:133][  0]PIE:Warning: Warning Invalid Simulate Options: Body (SliceGenericEnemy_2.HP) is set to simulate physics but Collision Enabled is incompatible
[2015.12.17-02.06.53:133][  0]PIE:Warning: Warning Invalid Simulate Options: Body (SliceGenericEnemy_2.HP) is set to simulate physics but Collision Enabled is incompatible
[2015.12.17-02.06.53:133][  0]PIE:Warning: Warning Invalid Simulate Options: Body (SliceGenericEnemy_2.HP) is set to simulate physics but Collision Enabled is incompatible
[2015.12.17-02.06.53:133][  0]PIE:Warning: Warning Invalid Simulate Options: Body (SliceGenericEnemy_2.HP) is set to simulate physics but Collision Enabled is incompatible
[2015.12.17-02.06.53:133][  0]PIE:Warning: Warning Invalid Simulate Options: Body (SliceGenericEnemy_3.HP) is set to simulate physics but Collision Enabled is incompatible
[2015.12.17-02.06.53:133][  0]PIE:Warning: Warning Invalid Simulate Options: Body (SliceGenericEnemy_3.HP) is set to simulate physics but Collision Enabled is incompatible
[2015.12.17-02.06.53:134][  0]PIE:Warning: Warning Invalid Simulate Options: Body (SliceGenericEnemy_3.HP) is set to simulate physics but Collision Enabled is incompatible
[2015.12.17-02.06.53:134][  0]PIE:Warning: Warning Invalid Simulate Options: Body (SliceGenericEnemy_3.HP) is set to simulate physics but Collision Enabled is incompatible
[2015.12.17-02.06.53:341][  0]LogEditorServer: Finished looking for orphan Actors (0.000 secs)
[2015.12.17-02.06.53:474][  0]Cmd: MAP CHECKDEP NOCLEARLOG
[2015.12.17-02.06.53:543][  0]MapCheck: Info Map check complete: 0 Error(s), 0 Warning(s), took 68.341ms to complete.
[2015.12.17-02.06.53:543][  0]LogFileHelpers: Loading map 'ThirdPersonExampleMap' took 22.563
[2015.12.17-02.06.56:998][  0]LogCollectionManager: Loaded 0 collections in 0.002291 seconds
[2015.12.17-02.06.57:393][  0]LogFileCache: Scanning file cache for directory 'C:/Users/Matt/Documents/GitHub/P3NGUIN/P3NGUIN/MyProject19/Saved/Collections/' took 0.01s
[2015.12.17-02.06.57:393][  0]LogFileCache: Scanning file cache for directory 'C:/Users/Matt/Documents/GitHub/P3NGUIN/P3NGUIN/MyProject19/Content/Developers/Matt/Collections/' took 0.01s
[2015.12.17-02.06.57:393][  0]LogFileCache: Scanning file cache for directory 'C:/Users/Matt/Documents/GitHub/P3NGUIN/P3NGUIN/MyProject19/Content/Collections/' took 0.01s
[2015.12.17-02.06.57:393][  0]LogCollectionManager: Rebuilt the GUID cache for 0 collections in 0.000002 seconds
[2015.12.17-02.06.57:423][  0]LogContentBrowser: Native class hierarchy populated in 0.0197 seconds. Added 1893 classes and 338 folders.
[2015.12.17-02.06.57:531][  0]LogContentBrowser: Native class hierarchy updated for 'WidgetCarousel' in 0.0004 seconds. Added 0 classes and 0 folders.
[2015.12.17-02.06.59:397][  0]LogContentBrowser: Native class hierarchy updated for 'AddContentDialog' in 0.0004 seconds. Added 0 classes and 0 folders.
[2015.12.17-02.06.59:505][  0]LogContentBrowser: Native class hierarchy updated for 'SceneOutliner' in 0.0004 seconds. Added 1 classes and 2 folders.
[2015.12.17-02.07.00:512][  0]LogContentBrowser: Native class hierarchy updated for 'WorldBrowser' in 0.0005 seconds. Added 1 classes and 3 folders.
[2015.12.17-02.07.00:660][  0]LogCrashTracker: Crashtracker disabled due to settings.
[2015.12.17-02.07.01:198][  0]LogUObjectGlobals:Warning: Failed to find object 'Class None.'
[2015.12.17-02.07.01:286][  0]LogLoad: Full Startup: 161.97 seconds (BP compile: 3.25 seconds)
[2015.12.17-02.07.01:709][  0]LogOcInput: Can't find Oculus library dev build: is proper Runtime installed? Version: 0.8.0.0
[2015.12.17-02.07.02:500][  0]LogContentStreaming: Texture pool size now 1000 MB
[2015.12.17-02.07.03:789][  0]LogRenderer: Reallocating scene render targets to support 892x516 (Frame:2).
[2015.12.17-02.07.08:555][ 12]LogAssetRegistry: Asset discovery search completed in 79.5850 seconds
[2015.12.17-02.07.08:555][ 12]LogCollectionManager: Rebuilt the object cache for 0 collections in 0.000001 seconds (found 0 objects)
[2015.12.17-02.07.08:556][ 12]LogCollectionManager: Fixed up redirectors for 0 collections in 0.000034 seconds (updated 0 objects)
[2015.12.17-02.07.36:720][841]LogSlate:Warning: Prevented a slow task dialog from being summoned while a context menu was open
[2015.12.17-02.07.36:930][841]LogLinker:Warning: Asset '../../../Engine/Content/ArtTools/RenderToTexture/Macros/RenderToTextureMacros.uasset' has been saved with empty engine version. The asset will be loaded but may be incompatible.
[2015.12.17-02.07.38:106][841]LogContentBrowser: Native class hierarchy updated for 'BlueprintGraph' in 0.0008 seconds. Added 107 classes and 0 folders.
[2015.12.17-02.19.59:935][512]LogActorComponent: UnregisterComponent: (/Engine/Transient.CharMoveComp) Not registered. Aborting.
[2015.12.17-02.19.59:944][512]LogActorComponent: UnregisterComponent: (/Engine/Transient.CharacterMovementComponent_0) Not registered. Aborting.
[2015.12.17-02.19.59:944][512]LogActorComponent: UnregisterComponent: (/Engine/Transient.ProjectileMovement_GEN_VARIABLE) Not registered. Aborting.
[2015.12.17-02.19.59:944][512]LogActorComponent: UnregisterComponent: (/Engine/Transient.ProjectileMovementComponent_0) Not registered. Aborting.
[2015.12.17-02.20.00:954][513]Cmd: QUIT_EDITOR
[2015.12.17-02.20.01:177][513]LogExit: Preparing to exit.
[2015.12.17-02.20.02:395][513]LogExit: Editor shut down
[2015.12.17-02.20.02:396][513]LogExit: Transaction tracking system shut down
[2015.12.17-02.20.02:715][513]LogParticles: Destroying 0 GPU particle simulations for FXSystem 0x00000000282B6660
[2015.12.17-02.20.02:717][513]LogParticles: Destroying 0 GPU particle simulations for FXSystem 0x000000002ADCD8A0
[2015.12.17-02.20.02:717][513]LogParticles: Destroying 0 GPU particle simulations for FXSystem 0x000000002B74BBA0
[2015.12.17-02.20.02:717][513]LogParticles: Destroying 0 GPU particle simulations for FXSystem 0x0000000027579BC0
[2015.12.17-02.20.02:717][513]LogParticles: Destroying 0 GPU particle simulations for FXSystem 0x000000001BFADF80
[2015.12.17-02.20.02:717][513]LogParticles: Destroying 0 GPU particle simulations for FXSystem 0x000000002344F6A0
[2015.12.17-02.20.03:301][513]LogExit: Object subsystem successfully closed.
[2015.12.17-02.20.03:518][513]LogD3D11RHI: Shutdown
[2015.12.17-02.20.03:518][513]LogD3D11RHI: CleanupD3DDevice
[2015.12.17-02.20.03:585][513]LogD3D11RHI: ~FD3D11DynamicRHI
[2015.12.17-02.20.04:025][513]LogModuleManager: Shutting down and abandoning module BlueprintGraph (200)
[2015.12.17-02.20.04:025][513]LogModuleManager: Shutting down and abandoning module CrashTracker (199)
[2015.12.17-02.20.04:026][513]LogModuleManager: Shutting down and abandoning module WorldBrowser (198)
[2015.12.17-02.20.04:026][513]LogModuleManager: Shutting down and abandoning module SceneOutliner (197)
[2015.12.17-02.20.04:026][513]LogModuleManager: Shutting down and abandoning module SuperSearch (196)
[2015.12.17-02.20.04:026][513]LogModuleManager: Shutting down and abandoning module WidgetCarousel (195)
[2015.12.17-02.20.04:026][513]LogModuleManager: Shutting down and abandoning module AddContentDialog (194)
[2015.12.17-02.20.04:027][513]LogModuleManager: Shutting down and abandoning module EditorWidgets (193)
[2015.12.17-02.20.04:027][513]LogModuleManager: Shutting down and abandoning module CollectionManager (192)
[2015.12.17-02.20.04:028][513]LogModuleManager: Shutting down and abandoning module StatsViewer (191)
[2015.12.17-02.20.04:028][513]LogModuleManager: Shutting down and abandoning module FoliageEdit (190)
[2015.12.17-02.20.04:028][513]LogModuleManager: Shutting down and abandoning module LandscapeEditor (189)
[2015.12.17-02.20.04:066][513]LogModuleManager: Shutting down and abandoning module ActorPickerMode (188)
[2015.12.17-02.20.04:066][513]LogModuleManager: Shutting down and abandoning module GeometryMode (187)
[2015.12.17-02.20.04:066][513]LogModuleManager: Shutting down and abandoning module TextureAlignMode (186)
[2015.12.17-02.20.04:066][513]LogModuleManager: Shutting down and abandoning module BspMode (185)
[2015.12.17-02.20.04:066][513]LogModuleManager: Shutting down and abandoning module PlacementMode (184)
[2015.12.17-02.20.04:066][513]LogModuleManager: Shutting down and abandoning module AutomationWorker (183)
[2015.12.17-02.20.04:066][513]LogModuleManager: Shutting down and abandoning module CharacterAI (182)
[2015.12.17-02.20.04:066][513]LogModuleManager: Shutting down and abandoning module SmartSnapping (181)
[2015.12.17-02.20.04:066][513]LogModuleManager: Shutting down and abandoning module ViewportSnapping (180)
[2015.12.17-02.20.04:066][513]LogModuleManager: Shutting down and abandoning module LogVisualizer (179)
[2015.12.17-02.20.04:066][513]LogModuleManager: Shutting down and abandoning module GameProjectGeneration (178)
[2015.12.17-02.20.04:099][513]LogModuleManager: Shutting down and abandoning module IntroTutorials (177)
[2015.12.17-02.20.04:099][513]LogModuleManager: Shutting down and abandoning module EditorLiveStreaming (176)
[2015.12.17-02.20.04:099][513]LogModuleManager: Shutting down and abandoning module IOSPlatformEditor (175)
[2015.12.17-02.20.04:099][513]LogModuleManager: Shutting down and abandoning module HTML5PlatformEditor (174)
[2015.12.17-02.20.04:099][513]LogModuleManager: Shutting down and abandoning module AndroidDeviceDetection (173)
[2015.12.17-02.20.04:915][513]LogModuleManager: Shutting down and abandoning module AndroidPlatformEditor (172)
[2015.12.17-02.20.04:915][513]LogModuleManager: Shutting down and abandoning module IOSRuntimeSettings (171)
[2015.12.17-02.20.04:915][513]LogModuleManager: Shutting down and abandoning module AndroidRuntimeSettings (170)
[2015.12.17-02.20.04:915][513]LogModuleManager: Shutting down and abandoning module MergeActors (169)
[2015.12.17-02.20.04:915][513]LogModuleManager: Shutting down and abandoning module SizeMap (168)
[2015.12.17-02.20.04:915][513]LogModuleManager: Shutting down and abandoning module TreeMap (167)
[2015.12.17-02.20.04:915][513]LogModuleManager: Shutting down and abandoning module ReferenceViewer (166)
[2015.12.17-02.20.04:915][513]LogModuleManager: Shutting down and abandoning module LocalizationService (165)
[2015.12.17-02.20.04:915][513]LogModuleManager: Shutting down and abandoning module LocalizationDashboard (164)
[2015.12.17-02.20.04:927][513]LogModuleManager: Shutting down and abandoning module HardwareTargeting (163)
[2015.12.17-02.20.04:927][513]LogModuleManager: Shutting down and abandoning module DeviceProfileEditor (162)
[2015.12.17-02.20.04:927][513]LogModuleManager: Shutting down and abandoning module UndoHistory (161)
[2015.12.17-02.20.04:928][513]LogModuleManager: Shutting down and abandoning module GameplayTagsEditor (160)
[2015.12.17-02.20.04:928][513]LogModuleManager: Shutting down and abandoning module UserFeedback (159)
[2015.12.17-02.20.04:928][513]LogModuleManager: Shutting down and abandoning module XmlParser (158)
[2015.12.17-02.20.04:928][513]LogModuleManager: Shutting down and abandoning module Blutility (157)
[2015.12.17-02.20.04:928][513]LogModuleManager: Shutting down and abandoning module ProjectTargetPlatformEditor (156)
[2015.12.17-02.20.04:928][513]LogModuleManager: Shutting down and abandoning module ProjectSettingsViewer (155)
[2015.12.17-02.20.04:928][513]LogModuleManager: Shutting down and abandoning module InputBindingEditor (154)
[2015.12.17-02.20.04:928][513]LogModuleManager: Shutting down and abandoning module EditorSettingsViewer (153)
[2015.12.17-02.20.04:928][513]LogModuleManager: Shutting down and abandoning module SettingsEditor (152)
[2015.12.17-02.20.04:928][513]LogModuleManager: Shutting down and abandoning module ProjectLauncher (151)
[2015.12.17-02.20.04:962][513]LogModuleManager: Shutting down and abandoning module SessionFrontend (150)
[2015.12.17-02.20.04:962][513]LogModuleManager: Shutting down and abandoning module ProfilerClient (149)
[2015.12.17-02.20.05:005][513]LogModuleManager: Shutting down and abandoning module TargetDeviceServices (148)
[2015.12.17-02.20.05:005][513]LogModuleManager: Shutting down and abandoning module DeviceManager (147)
[2015.12.17-02.20.05:005][513]LogModuleManager: Shutting down and abandoning module AutomationController (146)
[2015.12.17-02.20.05:005][513]LogModuleManager: Shutting down and abandoning module AutomationWindow (145)
[2015.12.17-02.20.05:036][513]LogModuleManager: Shutting down and abandoning module Layers (144)
[2015.12.17-02.20.05:073][513]LogModuleManager: Shutting down and abandoning module ComponentVisualizers (143)
[2015.12.17-02.20.05:073][513]LogModuleManager: Shutting down and abandoning module DetailCustomizations (142)
[2015.12.17-02.20.05:073][513]LogModuleManager: Shutting down and abandoning module PackagesDialog (141)
[2015.12.17-02.20.05:073][513]LogModuleManager: Shutting down and abandoning module Persona (140)
[2015.12.17-02.20.05:106][513]LogModuleManager: Shutting down and abandoning module Kismet (139)
[2015.12.17-02.20.05:106][513]LogModuleManager: Shutting down and abandoning module GraphEditor (138)
[2015.12.17-02.20.05:106][513]LogModuleManager: Shutting down and abandoning module ClassViewer (137)
[2015.12.17-02.20.05:106][513]LogModuleManager: Shutting down and abandoning module Toolbox (136)
[2015.12.17-02.20.05:106][513]LogModuleManager: Shutting down and abandoning module ModuleUI (135)
[2015.12.17-02.20.05:138][513]LogModuleManager: Shutting down and abandoning module MovieSceneTools (134)
[2015.12.17-02.20.05:138][513]LogModuleManager: Shutting down and abandoning module OutputLog (133)
[2015.12.17-02.20.05:138][513]LogModuleManager: Shutting down and abandoning module GammaUI (132)
[2015.12.17-02.20.05:173][513]LogModuleManager: Shutting down and abandoning module Documentation (131)
[2015.12.17-02.20.05:173][513]LogModuleManager: Shutting down and abandoning module GameLiveStreaming (130)
[2015.12.17-02.20.05:173][513]LogModuleManager: Shutting down and abandoning module StreamingPauseRendering (129)
[2015.12.17-02.20.05:173][513]LogModuleManager: Shutting down and abandoning module AnalyticsET (128)
[2015.12.17-02.20.05:173][513]LogModuleManager: Shutting down and abandoning module Analytics (127)
[2015.12.17-02.20.05:173][513]LogModuleManager: Shutting down and abandoning module AITestSuite (126)
[2015.12.17-02.20.05:174][513]LogModuleManager: Shutting down and abandoning module GameplayDebugger (125)
[2015.12.17-02.20.05:174][513]LogModuleManager: Shutting down and abandoning module AIModule (124)
[2015.12.17-02.20.05:174][513]LogModuleManager: Shutting down and abandoning module ProfilerService (123)
[2015.12.17-02.20.05:371][513]LogModuleManager: Shutting down and abandoning module TaskGraph (122)
[2015.12.17-02.20.05:397][513]LogModuleManager: Shutting down and abandoning module SlateRemote (121)
[2015.12.17-02.20.05:398][513]LogModuleManager: Shutting down and abandoning module SteamVRController (120)
[2015.12.17-02.20.05:398][513]LogModuleManager: Shutting down and abandoning module SteamVR (119)
[2015.12.17-02.20.05:398][513]LogModuleManager: Shutting down and abandoning module ProceduralMeshComponent (118)
[2015.12.17-02.20.05:398][513]LogModuleManager: Shutting down and abandoning module OculusLibrary (117)
[2015.12.17-02.20.05:398][513]LogModuleManager: Shutting down and abandoning module OculusInput (116)
[2015.12.17-02.20.05:398][513]LogModuleManager: Shutting down and abandoning module LeapMotionController (115)
[2015.12.17-02.20.05:410][513]LogModuleManager: Shutting down and abandoning module CustomMeshComponent (114)
[2015.12.17-02.20.05:410][513]LogModuleManager: Shutting down and abandoning module CableComponent (113)
[2015.12.17-02.20.05:410][513]LogModuleManager: Shutting down and abandoning module ArchVisCharacter (112)
[2015.12.17-02.20.05:410][513]LogModuleManager: Shutting down and abandoning module MessagingDebugger (111)
[2015.12.17-02.20.05:472][513]LogModuleManager: Shutting down and abandoning module MediaPlayerEditor (110)
[2015.12.17-02.20.05:485][513]LogModuleManager: Shutting down and abandoning module HTML5Networking (109)
[2015.12.17-02.20.05:485][513]LogModuleManager: Shutting down and abandoning module SpeedTreeImporter (108)
[2015.12.17-02.20.05:485][513]LogModuleManager: Shutting down and abandoning module PluginBrowser (107)
[2015.12.17-02.20.05:498][513]LogModuleManager: Shutting down and abandoning module EpicSurvey (106)
[2015.12.17-02.20.05:498][513]LogModuleManager: Shutting down and abandoning module DesktopPlatform (105)
[2015.12.17-02.20.05:498][513]LogModuleManager: Shutting down and abandoning module VisualStudioSourceCodeAccess (104)
[2015.12.17-02.20.05:498][513]LogModuleManager: Shutting down and abandoning module UObjectPlugin (103)
[2015.12.17-02.20.05:498][513]LogModuleManager: Shutting down and abandoning module SubversionSourceControl (102)
[2015.12.17-02.20.05:498][513]LogModuleManager: Shutting down and abandoning module PerforceSourceControl (101)
[2015.12.17-02.20.05:498][513]LogModuleManager: Shutting down and abandoning module SourceControl (100)
[2015.12.17-02.20.05:503][513]LogModuleManager: Shutting down and abandoning module GitSourceControl (99)
[2015.12.17-02.20.05:503][513]LogModuleManager: Shutting down and abandoning module LightPropagationVolumeEditor (98)
[2015.12.17-02.20.05:503][513]LogModuleManager: Shutting down and abandoning module PaperTiledImporter (97)
[2015.12.17-02.20.05:504][513]LogModuleManager: Shutting down and abandoning module PaperSpriteSheetImporter (96)
[2015.12.17-02.20.05:504][513]LogModuleManager: Shutting down and abandoning module MeshPaint (95)
[2015.12.17-02.20.05:504][513]LogModuleManager: Shutting down and abandoning module SlateReflector (94)
[2015.12.17-02.20.05:538][513]LogModuleManager: Shutting down and abandoning module HotReload (93)
[2015.12.17-02.20.05:538][513]LogModuleManager: Shutting down and abandoning module MainFrame (92)
[2015.12.17-02.20.05:538][513]LogModuleManager: Shutting down and abandoning module LevelEditor (91)
[2015.12.17-02.20.05:558][513]LogModuleManager: Shutting down and abandoning module DirectoryWatcher (90)
[2015.12.17-02.20.05:559][513]LogModuleManager: Shutting down and abandoning module AssetRegistry (89)
[2015.12.17-02.20.05:634][513]LogModuleManager: Shutting down and abandoning module ContentBrowser (88)
[2015.12.17-02.20.05:635][513]LogModuleManager: Shutting down and abandoning module Paper2DEditor (87)
[2015.12.17-02.20.05:649][513]LogModuleManager: Shutting down and abandoning module UdpMessaging (86)
[2015.12.17-02.20.05:750][513]LogModuleManager: Shutting down and abandoning module LightPropagationVolumeRuntime (85)
[2015.12.17-02.20.05:750][513]LogModuleManager: Shutting down and abandoning module Paper2D (84)
[2015.12.17-02.20.05:750][513]LogModuleManager: Shutting down and abandoning module WindowsMoviePlayer (83)
[2015.12.17-02.20.05:754][513]LogModuleManager: Shutting down and abandoning module Media (82)
[2015.12.17-02.20.05:754][513]LogModuleManager: Shutting down and abandoning module WmfMedia (81)
[2015.12.17-02.20.05:754][513]LogModuleManager: Shutting down and abandoning module OnlineBlueprintSupport (80)
[2015.12.17-02.20.05:754][513]LogModuleManager: Shutting down and abandoning module GameplayTasksEditor (79)
[2015.12.17-02.20.05:754][513]LogModuleManager: Shutting down and abandoning module PropertyEditor (78)
[2015.12.17-02.20.05:754][513]LogModuleManager: Shutting down and abandoning module BehaviorTreeEditor (77)
[2015.12.17-02.20.05:787][513]LogModuleManager: Shutting down and abandoning module FunctionalTesting (76)
[2015.12.17-02.20.05:787][513]LogModuleManager: Shutting down and abandoning module CollisionAnalyzer (75)
[2015.12.17-02.20.05:787][513]LogModuleManager: Shutting down and abandoning module WorkspaceMenuStructure (74)
[2015.12.17-02.20.05:787][513]LogModuleManager: Shutting down and abandoning module MessageLog (73)
[2015.12.17-02.20.05:787][513]LogModuleManager: Shutting down and abandoning module Sequencer (72)
[2015.12.17-02.20.05:787][513]LogModuleManager: Shutting down and abandoning module AssetTools (71)
[2015.12.17-02.20.05:815][513]LogModuleManager: Shutting down and abandoning module UMGEditor (70)
[2015.12.17-02.20.05:832][513]LogModuleManager: Shutting down and abandoning module UMG (69)
[2015.12.17-02.20.05:836][513]LogModuleManager: Shutting down and abandoning module Slate (68)
[2015.12.17-02.20.05:836][513]LogModuleManager: Shutting down and abandoning module EditorStyle (67)
[2015.12.17-02.20.05:838][513]LogModuleManager: Shutting down and abandoning module SessionServices (66)
[2015.12.17-02.20.05:838][513]LogModuleManager: Shutting down and abandoning module SourceCodeAccess (65)
[2015.12.17-02.20.05:838][513]LogModuleManager: Shutting down and abandoning module HeadMountedDisplay (64)
[2015.12.17-02.20.05:838][513]LogModuleManager: Shutting down and abandoning module XAudio2 (63)
[2015.12.17-02.20.05:838][513]LogModuleManager: Shutting down and abandoning module Networking (61)
[2015.12.17-02.20.05:838][513]LogModuleManager: Shutting down and abandoning module Core (60)
[2015.12.17-02.20.05:838][513]LogModuleManager: Shutting down and abandoning module KismetCompiler (59)
[2015.12.17-02.20.05:838][513]LogModuleManager: Shutting down and abandoning module PhysXFormats (58)
[2015.12.17-02.20.05:838][513]LogModuleManager: Shutting down and abandoning module MeshUtilities (57)
[2015.12.17-02.20.05:863][513]LogModuleManager: Shutting down and abandoning module DerivedDataCache (56)
[2015.12.17-02.20.05:873][513]LogDerivedDataCache: Shutdown
[2015.12.17-02.20.05:873][513]LogModuleManager: Shutting down and abandoning module ShaderFormatOpenGL (55)
[2015.12.17-02.20.05:885][513]LogModuleManager: Shutting down and abandoning module ShaderFormatD3D (54)
[2015.12.17-02.20.05:885][513]LogModuleManager: Shutting down and abandoning module MetalShaderFormat (53)
[2015.12.17-02.20.05:919][513]LogModuleManager: Shutting down and abandoning module TextureFormatUncompressed (52)
[2015.12.17-02.20.05:919][513]LogModuleManager: Shutting down and abandoning module TextureFormatPVR (51)
[2015.12.17-02.20.05:919][513]LogModuleManager: Shutting down and abandoning module TextureFormatIntelISPCTexComp (50)
[2015.12.17-02.20.05:919][513]LogModuleManager: Shutting down and abandoning module TextureFormatDXT (49)
[2015.12.17-02.20.05:919][513]LogModuleManager: Shutting down and abandoning module ImageWrapper (48)
[2015.12.17-02.20.05:919][513]LogModuleManager: Shutting down and abandoning module TextureFormatASTC (47)
[2015.12.17-02.20.05:919][513]LogModuleManager: Shutting down and abandoning module TextureFormatAndroid (46)
[2015.12.17-02.20.05:919][513]LogModuleManager: Shutting down and abandoning module AudioFormatOpus (45)
[2015.12.17-02.20.05:919][513]LogModuleManager: Shutting down and abandoning module AudioFormatOgg (44)
[2015.12.17-02.20.05:919][513]LogModuleManager: Shutting down and abandoning module AudioFormatADPCM (43)
[2015.12.17-02.20.05:919][513]LogModuleManager: Shutting down and abandoning module LinuxTargetPlatform (42)
[2015.12.17-02.20.05:919][513]LogModuleManager: Shutting down and abandoning module LinuxServerTargetPlatform (41)
[2015.12.17-02.20.05:919][513]LogModuleManager: Shutting down and abandoning module LinuxNoEditorTargetPlatform (40)
[2015.12.17-02.20.05:919][513]LogModuleManager: Shutting down and abandoning module Messaging (39)
[2015.12.17-02.20.05:919][513]LogModuleManager: Shutting down and abandoning module IOSTargetPlatform (38)
[2015.12.17-02.20.05:919][513]LogModuleManager: Shutting down and abandoning module HTML5TargetPlatform (37)
[2015.12.17-02.20.05:919][513]LogModuleManager: Shutting down and abandoning module Android_PVRTCTargetPlatform (36)
[2015.12.17-02.20.05:919][513]LogModuleManager: Shutting down and abandoning module Android_MultiTargetPlatform (35)
[2015.12.17-02.20.05:919][513]LogModuleManager: Shutting down and abandoning module Android_ETC2TargetPlatform (34)
[2015.12.17-02.20.05:919][513]LogModuleManager: Shutting down and abandoning module Android_ETC1TargetPlatform (33)
[2015.12.17-02.20.05:919][513]LogModuleManager: Shutting down and abandoning module Android_DXTTargetPlatform (32)
[2015.12.17-02.20.05:919][513]LogModuleManager: Shutting down and abandoning module Android_ATCTargetPlatform (31)
[2015.12.17-02.20.05:919][513]LogModuleManager: Shutting down and abandoning module Android_ASTCTargetPlatform (30)
[2015.12.17-02.20.05:919][513]LogModuleManager: Shutting down and abandoning module AndroidTargetPlatform (29)
[2015.12.17-02.20.05:919][513]LogModuleManager: Shutting down and abandoning module WindowsTargetPlatform (28)
[2015.12.17-02.20.05:919][513]LogModuleManager: Shutting down and abandoning module WindowsServerTargetPlatform (27)
[2015.12.17-02.20.05:919][513]LogModuleManager: Shutting down and abandoning module WindowsNoEditorTargetPlatform (26)
[2015.12.17-02.20.05:920][513]LogModuleManager: Shutting down and abandoning module WindowsClientTargetPlatform (25)
[2015.12.17-02.20.05:920][513]LogModuleManager: Shutting down and abandoning module AllDesktopTargetPlatform (24)
[2015.12.17-02.20.05:920][513]LogModuleManager: Shutting down and abandoning module TargetPlatform (23)
[2015.12.17-02.20.05:920][513]LogModuleManager: Shutting down and abandoning module InputCore (22)
[2015.12.17-02.20.05:920][513]LogModuleManager: Shutting down and abandoning module Settings (21)
[2015.12.17-02.20.05:920][513]LogModuleManager: Shutting down and abandoning module OnlineSubsystem (19)
[2015.12.17-02.20.05:920][513]LogModuleManager: Shutting down and abandoning module HTTP (18)
[2015.12.17-02.20.07:930][513]LogModuleManager: Shutting down and abandoning module XMPP (17)
[2015.12.17-02.20.07:957][513]LogModuleManager: Shutting down and abandoning module OculusRift (16)
[2015.12.17-02.20.07:989][513]LogModuleManager: Shutting down and abandoning module ExampleDeviceProfileSelector (15)
[2015.12.17-02.20.07:989][513]LogModuleManager: Shutting down and abandoning module TextureCompressor (14)
[2015.12.17-02.20.07:989][513]LogModuleManager: Shutting down and abandoning module ShaderCore (13)
[2015.12.17-02.20.07:989][513]LogModuleManager: Shutting down and abandoning module Landscape (12)
[2015.12.17-02.20.07:989][513]LogModuleManager: Shutting down and abandoning module SlateRHIRenderer (11)
[2015.12.17-02.20.08:004][513]LogModuleManager: Shutting down and abandoning module OpenGLDrv (10)
[2015.12.17-02.20.08:011][513]LogModuleManager: Shutting down and abandoning module D3D11RHI (9)
[2015.12.17-02.20.08:011][513]LogModuleManager: Shutting down and abandoning module AnimGraphRuntime (8)
[2015.12.17-02.20.08:011][513]LogModuleManager: Shutting down and abandoning module Renderer (7)
[2015.12.17-02.20.08:011][513]LogModuleManager: Shutting down and abandoning module Engine (6)
[2015.12.17-02.20.08:011][513]LogModuleManager: Shutting down and abandoning module CoreUObject (5)
[2015.12.17-02.20.08:011][513]LogModuleManager: Shutting down and abandoning module NetworkFile (4)
[2015.12.17-02.20.08:022][513]LogModuleManager: Shutting down and abandoning module StreamingFile (3)
[2015.12.17-02.20.08:058][513]LogModuleManager: Shutting down and abandoning module SandboxFile (2)
[2015.12.17-02.20.08:064][513]LogModuleManager: Shutting down and abandoning module PakFile (1)
[2015.12.17-02.20.08:065][513]LogExit: Exiting.
[2015.12.17-02.20.08:067][513]Log file closed, 12/16/15 18:20:08
