[2015.12.19-01.34.17:778][  0]Log file open, 12/18/15 17:34:17
[2015.12.19-01.34.17:778][  0]LogInit:Display: Running engine for game: MyProject19
[2015.12.19-01.34.17:778][  0]LogPlatformFile: Not using cached read wrapper
[2015.12.19-01.34.17:778][  0]LogInit:Display: RandInit(2050862022) SRandInit(2050862026).
[2015.12.19-01.34.17:778][  0]LogTaskGraph: Started task graph with 4 named threads and 7 total threads.
[2015.12.19-01.34.17:778][  0]LogStats: Stats thread started at 0.750247
[2015.12.19-01.34.17:778][  0]LogInit: Version: 4.10.1-2791327+++depot+UE4-Releases+4.10
[2015.12.19-01.34.17:778][  0]LogInit: API Version: 2758231
[2015.12.19-01.34.17:778][  0]LogInit: Compiled (64-bit): Dec  4 2015 19:44:40
[2015.12.19-01.34.17:778][  0]LogInit: Compiled with Visual C++: 19.00.23026.00
[2015.12.19-01.34.17:778][  0]LogInit: Build Configuration: Development
[2015.12.19-01.34.17:778][  0]LogInit: Branch Name: ++depot+UE4-Releases+4.10
[2015.12.19-01.34.17:778][  0]LogInit: Command line:  
[2015.12.19-01.34.17:778][  0]LogInit: Base directory: C:/Program Files/Epic Games/4.10/Engine/Binaries/Win64/
[2015.12.19-01.34.17:778][  0]LogInit: Rocket: 1
[2015.12.19-01.34.18:963][  0]LogInit: Using libcurl 7.41.0
[2015.12.19-01.34.18:963][  0]LogInit:  - built for x86_64-pc-win32
[2015.12.19-01.34.18:963][  0]LogInit:  - supports SSL with WinSSL
[2015.12.19-01.34.18:963][  0]LogInit:  - other features:
[2015.12.19-01.34.18:963][  0]LogInit:      CURL_VERSION_SSL
[2015.12.19-01.34.19:106][  0]LogInit:      CURL_VERSION_IPV6
[2015.12.19-01.34.19:106][  0]LogInit:      CURL_VERSION_ASYNCHDNS
[2015.12.19-01.34.19:106][  0]LogInit:      CURL_VERSION_LARGEFILE
[2015.12.19-01.34.19:106][  0]LogInit:      CURL_VERSION_IDN
[2015.12.19-01.34.19:106][  0]LogInit:  CurlRequestOptions (configurable via config and command line):
[2015.12.19-01.34.19:106][  0]LogInit:  - bVerifyPeer = true  - Libcurl will verify peer certificate
[2015.12.19-01.34.19:106][  0]LogInit:  - bUseHttpProxy = false  - Libcurl will NOT use HTTP proxy
[2015.12.19-01.34.19:113][  0]LogInit:  - bDontReuseConnections = false  - Libcurl will reuse connections
[2015.12.19-01.34.19:113][  0]LogInit:  - CertBundlePath = nullptr  - Libcurl will use whatever was configured at build time.
[2015.12.19-01.34.19:461][  0]LogInit: Presizing for 0 objects not considered by GC, pre-allocating 0 bytes.
[2015.12.19-01.34.19:515][  0]LogInit: Object subsystem initialized
[2015.12.19-01.34.19:597][  0]LogInit: Selected Device Profile: [Windows]
[2015.12.19-01.34.19:597][  0]LogInit: Applying CVar settings loaded from the selected device profile: [Windows]
[2015.12.19-01.34.19:711][  0]LogInit: Computer: MATT-PC
[2015.12.19-01.34.19:711][  0]LogInit: User: Matt
[2015.12.19-01.34.19:711][  0]LogInit: CPU Page size=4096, Cores=4
[2015.12.19-01.34.19:711][  0]LogInit: High frequency timer resolution =3.020527 MHz
[2015.12.19-01.34.19:711][  0]LogMemory: Memory total: Physical=7.9GB (8GB approx)
[2015.12.19-01.34.19:711][  0]LogMemory: Platform Memory Stats for Windows
[2015.12.19-01.34.19:711][  0]LogMemory: Process Physical Memory: 59.04 MB used, 59.04 MB peak
[2015.12.19-01.34.19:711][  0]LogMemory: Process Virtual Memory: 59.35 MB used, 59.35 MB peak
[2015.12.19-01.34.19:711][  0]LogMemory: Physical Memory: 2194.89 MB used, 8109.12 MB total
[2015.12.19-01.34.19:711][  0]LogMemory: Virtual Memory: 353.02 MB used, 8388608.00 MB total
[2015.12.19-01.34.21:836][  0]LogTextLocalizationManager: No specific translations for ('en-US') exist, so ('en') translations will be used.
[2015.12.19-01.34.25:009][  0]LogD3D11RHI: Found D3D11 adapter 0: AMD Radeon HD 7800 Series (Feature Level 11_0)
[2015.12.19-01.34.25:009][  0]LogD3D11RHI: Adapter has 2029MB of dedicated video memory, 0MB of dedicated system memory, and 3798MB of shared system memory, 1 output[s]
[2015.12.19-01.34.25:233][  0]LogD3D11RHI: Found D3D11 adapter 1: Intel(R) HD Graphics (Feature Level 11_0)
[2015.12.19-01.34.25:233][  0]LogD3D11RHI: Adapter has 64MB of dedicated video memory, 0MB of dedicated system memory, and 1632MB of shared system memory, 0 output[s]
[2015.12.19-01.34.25:233][  0]LogD3D11RHI: Chosen D3D11 Adapter Id = 0
[2015.12.19-01.34.25:259][  0]LogD3D11RHI: !Direct3DDevice
[2015.12.19-01.34.25:259][  0]LogRHI: Texture pool is 1361 MB (70% of 1945 MB)
[2015.12.19-01.34.25:263][  0]LogD3D11RHI: Async texture creation disabled: no driver support
[2015.12.19-01.34.25:868][  0]LogShaderCompilers: Guid format shader working directory is -28 characters bigger than the processId version (../../../../../../Users/Matt/Documents/GitHub/P3NGUIN/P3NGUIN/MyProject19/Intermediate/Shaders/WorkingDirectory/8860/).
[2015.12.19-01.34.25:869][  0]LogShaderCompilers: Cleaned the shader compiler working directory 'C:/Users/Matt/AppData/Local/Temp/UnrealShaderWorkingDir/F414EEF44F65E33A44AC17BF18B8B6F2/'.
[2015.12.19-01.34.25:871][  0]LogShaderCompilers:Display: Using Local Shader Compiler.
[2015.12.19-01.34.33:919][  0]LogTemp:Display: Loaded TP AllDesktopTargetPlatform
[2015.12.19-01.34.33:925][  0]LogTemp:Display: Loaded TP WindowsClientTargetPlatform
[2015.12.19-01.34.33:931][  0]LogTemp:Display: Loaded TP WindowsNoEditorTargetPlatform
[2015.12.19-01.34.33:937][  0]LogTemp:Display: Loaded TP WindowsServerTargetPlatform
[2015.12.19-01.34.33:946][  0]LogTemp:Display: Loaded TP WindowsTargetPlatform
[2015.12.19-01.34.33:952][  0]LogTemp:Display: Loaded TP AndroidTargetPlatform
[2015.12.19-01.34.33:957][  0]LogTemp:Display: Loaded TP Android_ASTCTargetPlatform
[2015.12.19-01.34.33:962][  0]LogTemp:Display: Loaded TP Android_ATCTargetPlatform
[2015.12.19-01.34.33:966][  0]LogTemp:Display: Loaded TP Android_DXTTargetPlatform
[2015.12.19-01.34.33:971][  0]LogTemp:Display: Loaded TP Android_ETC1TargetPlatform
[2015.12.19-01.34.33:976][  0]LogTemp:Display: Loaded TP Android_ETC2TargetPlatform
[2015.12.19-01.34.33:986][  0]LogTemp:Display: Loaded TP Android_MultiTargetPlatform
[2015.12.19-01.34.33:986][  0]LogTemp:Display: Loaded TP Android_PVRTCTargetPlatform
[2015.12.19-01.34.33:988][  0]LogTemp:Display: Loaded TP HTML5TargetPlatform
[2015.12.19-01.34.34:096][  0]LogTemp:Display: Loaded TP IOSTargetPlatform
[2015.12.19-01.34.34:101][  0]LogTemp:Display: Loaded TP LinuxNoEditorTargetPlatform
[2015.12.19-01.34.34:142][  0]LogTemp:Display: Loaded TP LinuxServerTargetPlatform
[2015.12.19-01.34.34:238][  0]LogTemp:Display: Loaded TP LinuxTargetPlatform
[2015.12.19-01.34.34:249][  0]LogTargetPlatformManager:Display: Building Assets For Windows
[2015.12.19-01.34.35:016][  0]LogDerivedDataCache:Display: Max Cache Size: 512 MB
[2015.12.19-01.34.36:204][  0]LogDerivedDataCache: Loaded boot cache 1.19s 45MB C:/Users/Matt/AppData/Local/UnrealEngine/4.10/DerivedDataCache/Boot.ddc.
[2015.12.19-01.34.36:204][  0]LogDerivedDataCache:Display: Loaded Boot cache: C:/Users/Matt/AppData/Local/UnrealEngine/4.10/DerivedDataCache/Boot.ddc
[2015.12.19-01.34.36:204][  0]LogDerivedDataCache: FDerivedDataBackendGraph:  Pak pak cache file ../../../../../../Users/Matt/Documents/GitHub/P3NGUIN/P3NGUIN/MyProject19/DerivedDataCache/DDC.ddp not found, will not use a pak cache.
[2015.12.19-01.34.36:204][  0]LogDerivedDataCache: Unable to find inner node Pak for hierarchical cache Hierarchy.
[2015.12.19-01.34.36:204][  0]LogDerivedDataCache: FDerivedDataBackendGraph:  CompressedPak pak cache file ../../../../../../Users/Matt/Documents/GitHub/P3NGUIN/P3NGUIN/MyProject19/DerivedDataCache/Compressed.ddp not found, will not use a pak cache.
[2015.12.19-01.34.36:204][  0]LogDerivedDataCache: Unable to find inner node CompressedPak for hierarchical cache Hierarchy.
[2015.12.19-01.34.36:412][  0]LogDerivedDataCache:Display: Pak cache opened for reading ../../../Engine/DerivedDataCache/Compressed.ddp.
[2015.12.19-01.34.36:424][  0]LogDerivedDataCache: Using Local data cache path C:/Users/Matt/AppData/Local/UnrealEngine/Common/DerivedDataCache: Writable
[2015.12.19-01.34.46:477][  0]LogInit: Selected Device Profile: [Windows]
[2015.12.19-01.34.46:491][  0]LogContentStreaming: Texture pool size is 0.000000MB
[2015.12.19-01.34.47:384][  0]LogMeshUtilities: No automatic mesh reduction module available
[2015.12.19-01.34.47:384][  0]LogMeshUtilities: No automatic mesh merging module available
[2015.12.19-01.34.49:209][  0]LogInit: WinSock: version 1.1 (2.2), MaxSocks=32767, MaxUdp=65467
[2015.12.19-01.35.26:061][  0]UdpMessaging: Initializing bridge on interface 0.0.0.0:0 to multicast group 230.0.0.1:6666.
[2015.12.19-01.35.27:551][  0]LogAssetRegistry: FAssetRegistry took 0.0107 seconds to start up
[2015.12.19-01.35.32:355][  0]SourceControl: Info Source control is disabled
[2015.12.19-01.35.32:393][  0]SourceControl: Info Source control is disabled
[2015.12.19-01.35.32:741][  0]SourceControl: Info Source control is disabled
[2015.12.19-01.35.33:482][  0]SourceControl: Info Source control is disabled
[2015.12.19-01.35.37:291][  0]LogObj: 28633 objects as part of root set at end of initial load.
[2015.12.19-01.35.37:291][  0]LogUObjectAllocator: 6099752 out of 0 bytes used by permanent object pool.
[2015.12.19-01.35.38:161][  0]LogEngine: Initializing Engine...
[2015.12.19-01.35.38:232][  0]LogHMD: Can't find Oculus library dev build: is proper Runtime installed? Version: 0.8.0.0
[2015.12.19-01.35.38:325][  0]LogHMD: SteamVR failed to initialize.  Err: 110
[2015.12.19-01.35.38:990][  0]LogAIModule: Creating AISystem for world NewWorld
[2015.12.19-01.35.39:167][  0]LogInit: XAudio2 using 'Speakers (Realtek High Definition Audio)' : 2 channels at 48 kHz using 32 bits per sample (channel mask 0x3)
[2015.12.19-01.35.40:164][  0]LogInit: FAudioDevice initialized.
[2015.12.19-01.35.40:336][  0]LogDerivedDataCache: Saved boot cache 0.17s 45MB C:/Users/Matt/AppData/Local/UnrealEngine/4.10/DerivedDataCache/Boot.ddc.
[2015.12.19-01.35.40:339][  0]LogInit: Texture streaming: Enabled
[2015.12.19-01.35.40:509][  0]LogAnalytics: Creating configured Analytics provider AnalyticsET
[2015.12.19-01.35.40:509][  0]LogAnalytics: [UEEditor.Rocket.Release] APIServer = http://et2.epicgames.com/ET2/. AppVersion = 4.10.1-2791327+++depot+UE4-Releases+4.10
[2015.12.19-01.35.40:509][  0]LogAnalytics: [UEEditor.Rocket.Release] SetUserId de43219841e5038bf49fbfa481591ee0|4e461f00ab6f49d29405414d884919d6|9448dfb4-8168-4a85-8046-6b7a073564d8
[2015.12.19-01.35.40:527][  0]LogAnalytics: [UEEditor.Rocket.Release] AnalyticsET::StartSession
[2015.12.19-01.35.41:637][  0]LogInit: Transaction tracking system initialized
[2015.12.19-01.35.43:433][  0]BlueprintLog: New page: Editor Load
[2015.12.19-01.35.52:344][  0]LocalizationService: Info Localization service is disabled
[2015.12.19-01.35.56:843][  0]LogConsoleResponse:Display: 
[2015.12.19-01.36.01:573][  0]LogFileCache: Scanning file cache for directory 'C:/Users/Matt/Documents/GitHub/P3NGUIN/P3NGUIN/MyProject19/Content/' took 0.01s
[2015.12.19-01.36.01:573][  0]LogCook:Display: Done creating registry. It took  0.00s.
[2015.12.19-01.36.06:628][  0]SourceControl: Info Source control is disabled
[2015.12.19-01.36.06:779][  0]Cmd: MAP LOAD FILE="../../../../../../Users/Matt/Documents/GitHub/P3NGUIN/P3NGUIN/MyProject19/Content/ThirdPersonBP/Maps/ThirdPersonExampleMap.umap" TEMPLATE=0 SHOWPROGRESS=1 FEATURELEVEL=3
[2015.12.19-01.36.06:984][  0]LightingResults: New page: Lighting Build
[2015.12.19-01.36.07:437][  0]MapCheck: New page: Map Check
[2015.12.19-01.36.07:437][  0]LightingResults: New page: Lighting Build
[2015.12.19-01.36.07:447][  0]LogParticles: Destroying 0 GPU particle simulations for FXSystem 0x00000000213FA160
[2015.12.19-01.36.07:910][  0]LogLinker:Warning: Asset '../../../../../../Users/Matt/Documents/GitHub/P3NGUIN/P3NGUIN/MyProject19/Content/Mannequin/Animations/ThirdPerson_AnimBP.uasset' has been saved with empty engine version. The asset will be loaded but may be incompatible.
[2015.12.19-01.36.07:959][  0]LogLinker:Warning: Asset '../../../../../../Users/Matt/Documents/GitHub/P3NGUIN/P3NGUIN/MyProject19/Content/Mannequin/Animations/ThirdPerson_Jump.uasset' has been saved with empty engine version. The asset will be loaded but may be incompatible.
[2015.12.19-01.36.07:961][  0]LogLinker:Warning: Asset '../../../../../../Users/Matt/Documents/GitHub/P3NGUIN/P3NGUIN/MyProject19/Content/Mannequin/Animations/ThirdPersonJump_Loop.uasset' has been saved with empty engine version. The asset will be loaded but may be incompatible.
[2015.12.19-01.36.07:962][  0]LogLinker:Warning: Asset '../../../../../../Users/Matt/Documents/GitHub/P3NGUIN/P3NGUIN/MyProject19/Content/Mannequin/Animations/ThirdPersonJump_Start.uasset' has been saved with empty engine version. The asset will be loaded but may be incompatible.
[2015.12.19-01.36.07:963][  0]LogLinker:Warning: Asset '../../../../../../Users/Matt/Documents/GitHub/P3NGUIN/P3NGUIN/MyProject19/Content/Mannequin/Animations/ThirdPerson_IdleRun_2D.uasset' has been saved with empty engine version. The asset will be loaded but may be incompatible.
[2015.12.19-01.36.07:964][  0]LogLinker:Warning: Asset '../../../../../../Users/Matt/Documents/GitHub/P3NGUIN/P3NGUIN/MyProject19/Content/Mannequin/Animations/ThirdPersonIdle.uasset' has been saved with empty engine version. The asset will be loaded but may be incompatible.
[2015.12.19-01.36.08:026][  0]LogLinker:Warning: Asset '../../../../../../Users/Matt/Documents/GitHub/P3NGUIN/P3NGUIN/MyProject19/Content/Mannequin/Animations/ThirdPersonRun.uasset' has been saved with empty engine version. The asset will be loaded but may be incompatible.
[2015.12.19-01.36.08:027][  0]LogLinker:Warning: Asset '../../../../../../Users/Matt/Documents/GitHub/P3NGUIN/P3NGUIN/MyProject19/Content/Mannequin/Animations/ThirdPersonWalk.uasset' has been saved with empty engine version. The asset will be loaded but may be incompatible.
[2015.12.19-01.36.11:528][  0]LogBlueprint:Warning: [compiler AbilityMenu] Warning 'ReturnValue' is already a 'Listed Item', you don't need  Cast To ListedItem .
[2015.12.19-01.36.11:528][  0]LogBlueprint:Warning: [compiler AbilityMenu] Warning 'ReturnValue' is already a 'Listed Item', you don't need  Cast To ListedItem .
[2015.12.19-01.36.11:532][  0]LogBlueprint:Warning: [compiler AbilityMenu] Warning [0119.67] Compile of AbilityMenu successful, but with 2 Warning(s) [in 26 ms]
[2015.12.19-01.36.11:532][  0]LogBlueprint:Warning: [compiler AbilityMenu] Warning [0119.67] Compile of AbilityMenu successful, but with 3 Warning(s) [in 0 ms]
[2015.12.19-01.36.11:532][  0]LogBlueprint:Warning: [compiler AbilityMenu] Warning [0119.67] Compile of AbilityMenu successful, but with 4 Warning(s) [in 0 ms]
[2015.12.19-01.36.12:631][  0]LogBlueprint:Warning: [compiler ThirdPersonCharacter2D] Warning 'AbilitiesMenu' is already a 'Ability Menu', you don't need  Cast To AbilityMenu .
[2015.12.19-01.36.12:634][  0]LogBlueprint:Warning: [compiler ThirdPersonCharacter2D] Warning No value will be returned by reference. Parameter 'EndTime'. Node:  (none) 
[2015.12.19-01.36.12:646][  0]LogBlueprint:Warning: [compiler ThirdPersonCharacter2D] Warning 'SecondPointer' is already a 'Pointer 2', you don't need  Cast To Pointer2 .
[2015.12.19-01.36.12:678][  0]LogBlueprint:Warning: [compiler ThirdPersonCharacter2D] Warning [0120.82] Compile of ThirdPersonCharacter2D successful, but with 3 Warning(s) [in 132 ms]
[2015.12.19-01.36.12:679][  0]LogBlueprint:Warning: [compiler ThirdPersonCharacter2D] Warning [0120.82] Compile of ThirdPersonCharacter2D successful, but with 4 Warning(s) [in 0 ms]
[2015.12.19-01.36.12:679][  0]LogBlueprint:Warning: [compiler ThirdPersonCharacter2D] Warning [0120.82] Compile of ThirdPersonCharacter2D successful, but with 5 Warning(s) [in 0 ms]
[2015.12.19-01.36.13:245][  0]LogBlueprint:Warning: [compiler ThirdPersonCharacter] Warning 'AbilitiesMenu' is already a 'Ability Menu', you don't need  Cast To AbilityMenu .
[2015.12.19-01.36.13:250][  0]LogBlueprint:Warning: [compiler ThirdPersonCharacter] Warning 'PointerClass' is already a 'Pointer', you don't need  Cast To Pointer .
[2015.12.19-01.36.13:251][  0]LogBlueprint:Warning: [compiler ThirdPersonCharacter] Warning No value will be returned by reference. Parameter 'EndTime'. Node:  (none) 
[2015.12.19-01.36.13:263][  0]LogBlueprint:Warning: [compiler ThirdPersonCharacter] Warning 'SecondPointer' is already a 'Pointer 2', you don't need  Cast To Pointer2 .
[2015.12.19-01.36.13:282][  0]LogBlueprint:Warning: [compiler ThirdPersonCharacter] Warning [0121.42] Compile of ThirdPersonCharacter successful, but with 4 Warning(s) [in 114 ms]
[2015.12.19-01.36.13:282][  0]LogBlueprint:Warning: [compiler ThirdPersonCharacter] Warning [0121.42] Compile of ThirdPersonCharacter successful, but with 5 Warning(s) [in 0 ms]
[2015.12.19-01.36.13:283][  0]LogBlueprint:Warning: [compiler ThirdPersonCharacter] Warning [0121.42] Compile of ThirdPersonCharacter successful, but with 6 Warning(s) [in 0 ms]
[2015.12.19-01.36.13:397][  0]LogBlueprint:Warning: [compiler ThirdPersonCharacter] Warning 'AbilitiesMenu' is already a 'Ability Menu', you don't need  Cast To AbilityMenu .
[2015.12.19-01.36.13:399][  0]LogBlueprint:Warning: [compiler ThirdPersonCharacter] Warning 'PointerClass' is already a 'Pointer', you don't need  Cast To Pointer .
[2015.12.19-01.36.13:401][  0]LogBlueprint:Warning: [compiler ThirdPersonCharacter] Warning No value will be returned by reference. Parameter 'EndTime'. Node:  (none) 
[2015.12.19-01.36.13:411][  0]LogBlueprint:Warning: [compiler ThirdPersonCharacter] Warning 'SecondPointer' is already a 'Pointer 2', you don't need  Cast To Pointer2 .
[2015.12.19-01.36.13:429][  0]LogBlueprint:Warning: [compiler ThirdPersonCharacter] Warning [0121.57] Compile of ThirdPersonCharacter successful, but with 4 Warning(s) [in 112 ms]
[2015.12.19-01.36.13:429][  0]LogBlueprint:Warning: [compiler ThirdPersonCharacter] Warning [0121.57] Compile of ThirdPersonCharacter successful, but with 5 Warning(s) [in 0 ms]
[2015.12.19-01.36.13:429][  0]LogBlueprint:Warning: [compiler ThirdPersonCharacter] Warning [0121.57] Compile of ThirdPersonCharacter successful, but with 6 Warning(s) [in 0 ms]
[2015.12.19-01.36.13:541][  0]LogBlueprint:Warning: [compiler ThirdPersonCharacter2D] Warning 'AbilitiesMenu' is already a 'Ability Menu', you don't need  Cast To AbilityMenu .
[2015.12.19-01.36.13:544][  0]LogBlueprint:Warning: [compiler ThirdPersonCharacter2D] Warning No value will be returned by reference. Parameter 'EndTime'. Node:  (none) 
[2015.12.19-01.36.13:555][  0]LogBlueprint:Warning: [compiler ThirdPersonCharacter2D] Warning 'SecondPointer' is already a 'Pointer 2', you don't need  Cast To Pointer2 .
[2015.12.19-01.36.13:592][  0]LogBlueprint:Warning: [compiler ThirdPersonCharacter2D] Warning [0121.73] Compile of ThirdPersonCharacter2D successful, but with 3 Warning(s) [in 135 ms]
[2015.12.19-01.36.13:592][  0]LogBlueprint:Warning: [compiler ThirdPersonCharacter2D] Warning [0121.73] Compile of ThirdPersonCharacter2D successful, but with 4 Warning(s) [in 0 ms]
[2015.12.19-01.36.13:593][  0]LogBlueprint:Warning: [compiler ThirdPersonCharacter2D] Warning [0121.73] Compile of ThirdPersonCharacter2D successful, but with 5 Warning(s) [in 0 ms]
[2015.12.19-01.36.13:619][  0]LogBlueprint:Warning: [compiler AbilityMenu] Warning 'ReturnValue' is already a 'Listed Item', you don't need  Cast To ListedItem .
[2015.12.19-01.36.13:620][  0]LogBlueprint:Warning: [compiler AbilityMenu] Warning 'ReturnValue' is already a 'Listed Item', you don't need  Cast To ListedItem .
[2015.12.19-01.36.13:623][  0]LogBlueprint:Warning: [compiler AbilityMenu] Warning [0121.76] Compile of AbilityMenu successful, but with 2 Warning(s) [in 26 ms]
[2015.12.19-01.36.13:623][  0]LogBlueprint:Warning: [compiler AbilityMenu] Warning [0121.76] Compile of AbilityMenu successful, but with 3 Warning(s) [in 0 ms]
[2015.12.19-01.36.13:627][  0]LogBlueprint:Warning: [compiler AbilityMenu] Warning [0121.77] Compile of AbilityMenu successful, but with 4 Warning(s) [in 4 ms]
[2015.12.19-01.36.35:737][  0]LogAIModule: Creating AISystem for world ThirdPersonExampleMap
[2015.12.19-01.36.35:830][  0]PIE:Warning: Warning Invalid Simulate Options: Body (SliceGenericEnemy_01_C_0.HP) is set to simulate physics but Collision Enabled is incompatible
[2015.12.19-01.36.35:830][  0]PIE:Warning: Warning Invalid Simulate Options: Body (SliceGenericEnemy_01_C_0.HP) is set to simulate physics but Collision Enabled is incompatible
[2015.12.19-01.36.35:831][  0]PIE:Warning: Warning Invalid Simulate Options: Body (SliceGenericEnemy_01_C_1.HP) is set to simulate physics but Collision Enabled is incompatible
[2015.12.19-01.36.35:831][  0]PIE:Warning: Warning Invalid Simulate Options: Body (SliceGenericEnemy_01_C_1.HP) is set to simulate physics but Collision Enabled is incompatible
[2015.12.19-01.36.35:831][  0]PIE:Warning: Warning Invalid Simulate Options: Body (SliceGenericEnemy_01_C_2.HP) is set to simulate physics but Collision Enabled is incompatible
[2015.12.19-01.36.35:831][  0]PIE:Warning: Warning Invalid Simulate Options: Body (SliceGenericEnemy_01_C_2.HP) is set to simulate physics but Collision Enabled is incompatible
[2015.12.19-01.36.35:832][  0]PIE:Warning: Warning Invalid Simulate Options: Body (SliceGenericEnemy_5.HP) is set to simulate physics but Collision Enabled is incompatible
[2015.12.19-01.36.35:832][  0]PIE:Warning: Warning Invalid Simulate Options: Body (SliceGenericEnemy_5.HP) is set to simulate physics but Collision Enabled is incompatible
[2015.12.19-01.36.35:834][  0]PIE:Warning: Warning Invalid Simulate Options: Body (SliceGenericEnemy_01_C_0.HP) is set to simulate physics but Collision Enabled is incompatible
[2015.12.19-01.36.35:834][  0]PIE:Warning: Warning Invalid Simulate Options: Body (SliceGenericEnemy_01_C_0.HP) is set to simulate physics but Collision Enabled is incompatible
[2015.12.19-01.36.35:834][  0]PIE:Warning: Warning Invalid Simulate Options: Body (SliceGenericEnemy_01_C_0.HP) is set to simulate physics but Collision Enabled is incompatible
[2015.12.19-01.36.35:834][  0]PIE:Warning: Warning Invalid Simulate Options: Body (SliceGenericEnemy_01_C_0.HP) is set to simulate physics but Collision Enabled is incompatible
[2015.12.19-01.36.35:834][  0]PIE:Warning: Warning Invalid Simulate Options: Body (SliceGenericEnemy_01_C_1.HP) is set to simulate physics but Collision Enabled is incompatible
[2015.12.19-01.36.35:834][  0]PIE:Warning: Warning Invalid Simulate Options: Body (SliceGenericEnemy_01_C_1.HP) is set to simulate physics but Collision Enabled is incompatible
[2015.12.19-01.36.35:835][  0]PIE:Warning: Warning Invalid Simulate Options: Body (SliceGenericEnemy_01_C_1.HP) is set to simulate physics but Collision Enabled is incompatible
[2015.12.19-01.36.35:835][  0]PIE:Warning: Warning Invalid Simulate Options: Body (SliceGenericEnemy_01_C_1.HP) is set to simulate physics but Collision Enabled is incompatible
[2015.12.19-01.36.35:835][  0]PIE:Warning: Warning Invalid Simulate Options: Body (SliceGenericEnemy_01_C_2.HP) is set to simulate physics but Collision Enabled is incompatible
[2015.12.19-01.36.35:835][  0]PIE:Warning: Warning Invalid Simulate Options: Body (SliceGenericEnemy_01_C_2.HP) is set to simulate physics but Collision Enabled is incompatible
[2015.12.19-01.36.35:835][  0]PIE:Warning: Warning Invalid Simulate Options: Body (SliceGenericEnemy_01_C_2.HP) is set to simulate physics but Collision Enabled is incompatible
[2015.12.19-01.36.35:835][  0]PIE:Warning: Warning Invalid Simulate Options: Body (SliceGenericEnemy_01_C_2.HP) is set to simulate physics but Collision Enabled is incompatible
[2015.12.19-01.36.35:836][  0]PIE:Warning: Warning Invalid Simulate Options: Body (SliceGenericEnemy_5.HP) is set to simulate physics but Collision Enabled is incompatible
[2015.12.19-01.36.35:836][  0]PIE:Warning: Warning Invalid Simulate Options: Body (SliceGenericEnemy_5.HP) is set to simulate physics but Collision Enabled is incompatible
[2015.12.19-01.36.35:836][  0]PIE:Warning: Warning Invalid Simulate Options: Body (SliceGenericEnemy_5.HP) is set to simulate physics but Collision Enabled is incompatible
[2015.12.19-01.36.35:836][  0]PIE:Warning: Warning Invalid Simulate Options: Body (SliceGenericEnemy_5.HP) is set to simulate physics but Collision Enabled is incompatible
[2015.12.19-01.36.35:836][  0]LogEditorServer: Finished looking for orphan Actors (0.000 secs)
[2015.12.19-01.36.35:837][  0]Cmd: MAP CHECKDEP NOCLEARLOG
[2015.12.19-01.36.35:938][  0]MapCheck: Info Map check complete: 0 Error(s), 0 Warning(s), took 100.152ms to complete.
[2015.12.19-01.36.35:938][  0]LogFileHelpers: Loading map 'ThirdPersonExampleMap' took 29.159
[2015.12.19-01.36.39:565][  0]LogCollectionManager: Loaded 0 collections in 0.002920 seconds
[2015.12.19-01.36.40:508][  0]LogFileCache: Scanning file cache for directory 'C:/Users/Matt/Documents/GitHub/P3NGUIN/P3NGUIN/MyProject19/Saved/Collections/' took 0.01s
[2015.12.19-01.36.40:508][  0]LogFileCache: Scanning file cache for directory 'C:/Users/Matt/Documents/GitHub/P3NGUIN/P3NGUIN/MyProject19/Content/Developers/Matt/Collections/' took 0.01s
[2015.12.19-01.36.40:508][  0]LogFileCache: Scanning file cache for directory 'C:/Users/Matt/Documents/GitHub/P3NGUIN/P3NGUIN/MyProject19/Content/Collections/' took 0.01s
[2015.12.19-01.36.40:508][  0]LogCollectionManager: Rebuilt the GUID cache for 0 collections in 0.004866 seconds
[2015.12.19-01.36.40:853][  0]LogContentBrowser: Native class hierarchy populated in 0.2838 seconds. Added 1893 classes and 338 folders.
[2015.12.19-01.36.41:621][  0]LogContentBrowser: Native class hierarchy updated for 'WidgetCarousel' in 0.0006 seconds. Added 0 classes and 0 folders.
[2015.12.19-01.36.56:620][  0]LogContentBrowser: Native class hierarchy updated for 'AddContentDialog' in 0.0005 seconds. Added 0 classes and 0 folders.
[2015.12.19-01.36.57:227][  0]LogContentBrowser: Native class hierarchy updated for 'SceneOutliner' in 0.0006 seconds. Added 1 classes and 2 folders.
[2015.12.19-01.36.59:105][  0]LogContentBrowser: Native class hierarchy updated for 'WorldBrowser' in 0.0008 seconds. Added 1 classes and 3 folders.
[2015.12.19-01.37.00:154][  0]LogCrashTracker: Crashtracker disabled due to settings.
[2015.12.19-01.37.01:357][  0]LogUObjectGlobals:Warning: Failed to find object 'Class None.'
[2015.12.19-01.37.01:587][  0]LogLoad: Full Startup: 169.73 seconds (BP compile: 2.34 seconds)
[2015.12.19-01.37.01:934][  0]LogOcInput: Can't find Oculus library dev build: is proper Runtime installed? Version: 0.8.0.0
[2015.12.19-01.37.02:621][  0]LogContentStreaming: Texture pool size now 1000 MB
[2015.12.19-01.37.03:354][  0]LogRenderer: Reallocating scene render targets to support 892x516 (Frame:2).
[2015.12.19-01.37.07:391][ 11]LogAssetRegistry: Asset discovery search completed in 99.8502 seconds
[2015.12.19-01.37.07:391][ 11]LogCollectionManager: Rebuilt the object cache for 0 collections in 0.000001 seconds (found 0 objects)
[2015.12.19-01.37.07:391][ 11]LogCollectionManager: Fixed up redirectors for 0 collections in 0.000019 seconds (updated 0 objects)
[2015.12.19-01.37.42:256][603]LogActorComponent: UnregisterComponent: (/Engine/Transient.CharMoveComp) Not registered. Aborting.
[2015.12.19-01.37.42:340][603]Cmd: MAP LOAD FILE="../../../../../../Users/Matt/Documents/GitHub/P3NGUIN/P3NGUIN/MyProject19/Content/Maps/EnemyArena.umap" TEMPLATE=0 SHOWPROGRESS=1 FEATURELEVEL=3
[2015.12.19-01.37.42:358][603]LightingResults: New page: Lighting Build
[2015.12.19-01.37.42:384][603]LoadErrors: New page: Loading map: EnemyArena.umap
[2015.12.19-01.37.42:399][603]MapCheck: New page: Map Check
[2015.12.19-01.37.42:399][603]LightingResults: New page: Lighting Build
[2015.12.19-01.37.42:416][603]LogParticles: Destroying 0 GPU particle simulations for FXSystem 0x0000000028D72A20
[2015.12.19-01.37.42:842][603]LogAIModule: Creating AISystem for world EnemyArena
[2015.12.19-01.37.42:847][603]LogEditorServer: Finished looking for orphan Actors (0.000 secs)
[2015.12.19-01.37.43:089][603]Cmd: MAP CHECKDEP NOCLEARLOG
[2015.12.19-01.37.43:185][603]MapCheck: Info Map check complete: 0 Error(s), 0 Warning(s), took 96.594ms to complete.
[2015.12.19-01.37.43:185][603]LogFileHelpers: Loading map 'EnemyArena' took 0.847
[2015.12.19-01.37.46:227][926]LogLinker:Warning: Asset '../../../Engine/Content/ArtTools/RenderToTexture/Macros/RenderToTextureMacros.uasset' has been saved with empty engine version. The asset will be loaded but may be incompatible.
[2015.12.19-01.37.46:823][926]LogContentBrowser: Native class hierarchy updated for 'BlueprintGraph' in 0.0010 seconds. Added 107 classes and 0 folders.
[2015.12.19-01.37.55:525][580]LogBlueprintUserMessages: Early PlayInEditor Detection: Level '/Game/Maps/EnemyArena.EnemyArena:PersistentLevel' has LevelScriptBlueprint '/Game/Maps/EnemyArena.EnemyArena:PersistentLevel.EnemyArena' with GeneratedClass '/Game/Maps/EnemyArena.EnemyArena_C' with ClassGeneratedBy '/Game/Maps/EnemyArena.EnemyArena:PersistentLevel.EnemyArena'
[2015.12.19-01.37.55:525][580]LogPlayLevel: PlayLevel: No blueprints needed recompiling
[2015.12.19-01.37.55:525][580]PIE: New page: PIE session: EnemyArena (Dec 18, 2015, 9:37:55 AM)
[2015.12.19-01.37.55:525][580]LogPlayLevel: Creating play world package: /Game/Maps/UEDPIE_0_EnemyArena
[2015.12.19-01.37.55:546][580]LogPlayLevel: PIE: StaticDuplicateObject took: (0.020382s)
[2015.12.19-01.37.55:546][580]LogAIModule: Creating AISystem for world EnemyArena
[2015.12.19-01.37.55:546][580]LogPlayLevel: PIE: World Init took: (0.000620s)
[2015.12.19-01.37.55:547][580]LogPlayLevel: PIE: Created PIE world by copying editor world from /Game/Maps/EnemyArena.EnemyArena to /Game/Maps/UEDPIE_0_EnemyArena.EnemyArena (0.021224s)
[2015.12.19-01.37.55:547][580]LogActorComponent: UnregisterComponent: (/Engine/Transient.CharMoveComp) Not registered. Aborting.
[2015.12.19-01.37.55:547][580]LogActorComponent: UnregisterComponent: (/Engine/Transient.CharacterMovementComponent_0) Not registered. Aborting.
[2015.12.19-01.37.55:547][580]LogActorComponent: UnregisterComponent: (/Engine/Transient.ProjectileMovement_GEN_VARIABLE) Not registered. Aborting.
[2015.12.19-01.37.55:547][580]LogActorComponent: UnregisterComponent: (/Engine/Transient.ProjectileMovementComponent_0) Not registered. Aborting.
[2015.12.19-01.37.55:583][580]LogInit: XAudio2 using 'Speakers (Realtek High Definition Audio)' : 2 channels at 48 kHz using 32 bits per sample (channel mask 0x3)
[2015.12.19-01.37.55:725][580]LogInit: FAudioDevice initialized.
[2015.12.19-01.37.55:812][580]LogWorld: Game class is '2dFlipBookGameMode_C'
[2015.12.19-01.37.55:819][580]LogWorld: Bringing World /Game/Maps/UEDPIE_0_EnemyArena.EnemyArena up for play (max tick rate 0) at 2015.12.18-17.37.55
[2015.12.19-01.37.55:819][580]LogActor:Warning: GameSession /Game/Maps/UEDPIE_0_EnemyArena.EnemyArena:PersistentLevel.GameSession_0 has natively added scene component(s), but none of them were set as the actor's RootComponent - picking one arbitrarily
[2015.12.19-01.37.55:819][580]LogActor:Warning: GameNetworkManager /Game/Maps/UEDPIE_0_EnemyArena.EnemyArena:PersistentLevel.GameNetworkManager_0 has natively added scene component(s), but none of them were set as the actor's RootComponent - picking one arbitrarily
[2015.12.19-01.37.55:820][580]LogWorld: Bringing up level for play took: 0.006250
[2015.12.19-01.37.55:838][580]PIE: Info Play in editor start time for /Game/Maps/UEDPIE_0_EnemyArena 0.832
[2015.12.19-01.37.55:838][580]LogBlueprintUserMessages: Late PlayInEditor Detection: Level '/Game/Maps/EnemyArena.EnemyArena:PersistentLevel' has LevelScriptBlueprint '/Game/Maps/EnemyArena.EnemyArena:PersistentLevel.EnemyArena' with GeneratedClass '/Game/Maps/EnemyArena.EnemyArena_C' with ClassGeneratedBy '/Game/Maps/EnemyArena.EnemyArena:PersistentLevel.EnemyArena'
[2015.12.19-01.37.55:853][581]LogRenderer: Reallocating scene render targets to support 1280x720 (Frame:969).
[2015.12.19-01.37.58:552][897]LogBlueprintUserMessages: [ThirdPersonCharacter2D_C_0] penguIn
[2015.12.19-01.38.00:064][ 77]PIE:Warning: Warning Invalid Simulate Options: Body (SliceGenericEnemy_01_C_8.HP) is set to simulate physics but Collision Enabled is incompatible
[2015.12.19-01.38.00:064][ 77]PIE:Warning: Warning Invalid Simulate Options: Body (SliceGenericEnemy_01_C_8.HP) is set to simulate physics but Collision Enabled is incompatible
[2015.12.19-01.38.00:065][ 77]PIE:Warning: Warning Invalid Simulate Options: Body (SliceGenericEnemy_01_C_9.HP) is set to simulate physics but Collision Enabled is incompatible
[2015.12.19-01.38.00:065][ 77]PIE:Warning: Warning Invalid Simulate Options: Body (SliceGenericEnemy_01_C_9.HP) is set to simulate physics but Collision Enabled is incompatible
[2015.12.19-01.38.00:066][ 77]PIE:Warning: Warning Invalid Simulate Options: Body (SliceGenericEnemy_01_C_10.HP) is set to simulate physics but Collision Enabled is incompatible
[2015.12.19-01.38.00:066][ 77]PIE:Warning: Warning Invalid Simulate Options: Body (SliceGenericEnemy_01_C_10.HP) is set to simulate physics but Collision Enabled is incompatible
[2015.12.19-01.38.02:065][313]LogScript:Warning: Cannot access 'StartFight'. It is pending kill. Property: 'StartFight_ExecuteUbergraph_EnemyArena_RefProperty'
	EnemyArena_C /Game/Maps/UEDPIE_0_EnemyArena.EnemyArena:PersistentLevel.EnemyArena_C_1
	Function /Game/Maps/EnemyArena.EnemyArena_C:ExecuteUbergraph_EnemyArena:0730
[2015.12.19-01.38.02:066][313]PIE:Error: Error Cannot access 'StartFight'. It is pending kill. Property: 'StartFight_ExecuteUbergraph_EnemyArena_RefProperty' from node DestroyActor in graph 'EventGraph' in blueprint EnemyArena
[2015.12.19-01.38.02:947][413]LogBlueprintUserMessages: [ThirdPersonCharacter2D_C_0] ZaWarudo
[2015.12.19-01.38.02:947][413]LogBlueprintUserMessages: [ThirdPersonCharacter2D_C_0] SliceGenericEnemy_0110
[2015.12.19-01.38.02:947][413]LogBlueprintUserMessages: [ThirdPersonCharacter2D_C_0] 0
[2015.12.19-01.38.02:947][413]LogBlueprintUserMessages: [ThirdPersonCharacter2D_C_0] SliceGenericEnemy_019
[2015.12.19-01.38.02:947][413]LogBlueprintUserMessages: [ThirdPersonCharacter2D_C_0] -1
[2015.12.19-01.38.02:947][413]LogBlueprintUserMessages: [ThirdPersonCharacter2D_C_0] SliceGenericEnemy_018
[2015.12.19-01.38.02:947][413]LogBlueprintUserMessages: [ThirdPersonCharacter2D_C_0] -1
[2015.12.19-01.38.02:948][413]LogScript:Warning: Accessed None 'CallFunc_SlotAsCanvasSlot_ReturnValue'
	ThirdPersonCharacter2D_C /Game/Maps/UEDPIE_0_EnemyArena.EnemyArena:PersistentLevel.ThirdPersonCharacter2D_C_0
	Function /Game/Blueprints/2D/Blueprints/Tests/ThirdPersonCharacter2D.ThirdPersonCharacter2D_C:MovePointer2:0125
[2015.12.19-01.38.02:948][413]PIE:Error: Error Accessed None 'CallFunc_SlotAsCanvasSlot_ReturnValue' from node Move Me Too in graph 'MovePointer2' in blueprint ThirdPersonCharacter2D
[2015.12.19-01.38.03:120][433]LogScript:Warning: Accessed None 'CallFunc_SlotAsCanvasSlot_ReturnValue'
	ThirdPersonCharacter2D_C /Game/Maps/UEDPIE_0_EnemyArena.EnemyArena:PersistentLevel.ThirdPersonCharacter2D_C_0
	Function /Game/Blueprints/2D/Blueprints/Tests/ThirdPersonCharacter2D.ThirdPersonCharacter2D_C:MovePointer2:0125
[2015.12.19-01.38.03:120][433]PIE:Error: Error Accessed None 'CallFunc_SlotAsCanvasSlot_ReturnValue' from node Move Me Too in graph 'MovePointer2' in blueprint ThirdPersonCharacter2D
[2015.12.19-01.38.03:290][453]LogBlueprintUserMessages: [SliceGenericEnemy_01_C_10] -2.333333
[2015.12.19-01.38.03:290][453]LogBlueprintUserMessages: [SliceGenericEnemy_01_C_10] -70.0
[2015.12.19-01.38.03:291][453]LogBlueprintUserMessages: [EnemyArena_C_1] 2
[2015.12.19-01.38.05:996][766]LogBlueprintUserMessages: [ThirdPersonCharacter2D_C_0] ZaWarudo
[2015.12.19-01.38.05:996][766]LogBlueprintUserMessages: [ThirdPersonCharacter2D_C_0] SliceGenericEnemy_019
[2015.12.19-01.38.05:996][766]LogBlueprintUserMessages: [ThirdPersonCharacter2D_C_0] 0
[2015.12.19-01.38.05:996][766]LogBlueprintUserMessages: [ThirdPersonCharacter2D_C_0] SliceGenericEnemy_018
[2015.12.19-01.38.05:996][766]LogBlueprintUserMessages: [ThirdPersonCharacter2D_C_0] -1
[2015.12.19-01.38.05:997][766]LogScript:Warning: Accessed None 'CallFunc_SlotAsCanvasSlot_ReturnValue'
	ThirdPersonCharacter2D_C /Game/Maps/UEDPIE_0_EnemyArena.EnemyArena:PersistentLevel.ThirdPersonCharacter2D_C_0
	Function /Game/Blueprints/2D/Blueprints/Tests/ThirdPersonCharacter2D.ThirdPersonCharacter2D_C:MovePointer2:0125
[2015.12.19-01.38.05:997][766]PIE:Error: Error Accessed None 'CallFunc_SlotAsCanvasSlot_ReturnValue' from node Move Me Too in graph 'MovePointer2' in blueprint ThirdPersonCharacter2D
[2015.12.19-01.38.06:175][787]LogScript:Warning: Accessed None 'CallFunc_SlotAsCanvasSlot_ReturnValue'
	ThirdPersonCharacter2D_C /Game/Maps/UEDPIE_0_EnemyArena.EnemyArena:PersistentLevel.ThirdPersonCharacter2D_C_0
	Function /Game/Blueprints/2D/Blueprints/Tests/ThirdPersonCharacter2D.ThirdPersonCharacter2D_C:MovePointer2:0125
[2015.12.19-01.38.06:175][787]PIE:Error: Error Accessed None 'CallFunc_SlotAsCanvasSlot_ReturnValue' from node Move Me Too in graph 'MovePointer2' in blueprint ThirdPersonCharacter2D
[2015.12.19-01.38.06:343][807]LogBlueprintUserMessages: [SliceGenericEnemy_01_C_9] -2.333333
[2015.12.19-01.38.06:343][807]LogBlueprintUserMessages: [SliceGenericEnemy_01_C_9] -70.0
[2015.12.19-01.38.06:346][807]LogBlueprintUserMessages: [EnemyArena_C_1] 1
[2015.12.19-01.38.09:351][159]LogBlueprintUserMessages: [ThirdPersonCharacter2D_C_0] ZaWarudo
[2015.12.19-01.38.09:351][159]LogBlueprintUserMessages: [ThirdPersonCharacter2D_C_0] SliceGenericEnemy_018
[2015.12.19-01.38.09:351][159]LogBlueprintUserMessages: [ThirdPersonCharacter2D_C_0] 0
[2015.12.19-01.38.09:352][159]LogScript:Warning: Accessed None 'CallFunc_SlotAsCanvasSlot_ReturnValue'
	ThirdPersonCharacter2D_C /Game/Maps/UEDPIE_0_EnemyArena.EnemyArena:PersistentLevel.ThirdPersonCharacter2D_C_0
	Function /Game/Blueprints/2D/Blueprints/Tests/ThirdPersonCharacter2D.ThirdPersonCharacter2D_C:MovePointer2:0125
[2015.12.19-01.38.09:352][159]PIE:Error: Error Accessed None 'CallFunc_SlotAsCanvasSlot_ReturnValue' from node Move Me Too in graph 'MovePointer2' in blueprint ThirdPersonCharacter2D
[2015.12.19-01.38.09:528][180]LogScript:Warning: Accessed None 'CallFunc_SlotAsCanvasSlot_ReturnValue'
	ThirdPersonCharacter2D_C /Game/Maps/UEDPIE_0_EnemyArena.EnemyArena:PersistentLevel.ThirdPersonCharacter2D_C_0
	Function /Game/Blueprints/2D/Blueprints/Tests/ThirdPersonCharacter2D.ThirdPersonCharacter2D_C:MovePointer2:0125
[2015.12.19-01.38.09:528][180]PIE:Error: Error Accessed None 'CallFunc_SlotAsCanvasSlot_ReturnValue' from node Move Me Too in graph 'MovePointer2' in blueprint ThirdPersonCharacter2D
[2015.12.19-01.38.09:686][199]LogBlueprintUserMessages: [SliceGenericEnemy_01_C_8] -2.333333
[2015.12.19-01.38.09:686][199]LogBlueprintUserMessages: [SliceGenericEnemy_01_C_8] -70.0
[2015.12.19-01.38.13:727][671]LogBlueprintUserMessages: Early EndPlayMap Detection: Level '/Game/Maps/EnemyArena.EnemyArena:PersistentLevel' has LevelScriptBlueprint '/Game/Maps/EnemyArena.EnemyArena:PersistentLevel.EnemyArena' with GeneratedClass '/Game/Maps/EnemyArena.EnemyArena_C' with ClassGeneratedBy '/Game/Maps/EnemyArena.EnemyArena:PersistentLevel.EnemyArena'
[2015.12.19-01.38.13:794][671]LogBlueprintUserMessages: Late EndPlayMap Detection: Level '/Game/Maps/EnemyArena.EnemyArena:PersistentLevel' has LevelScriptBlueprint '/Game/Maps/EnemyArena.EnemyArena:PersistentLevel.EnemyArena' with GeneratedClass '/Game/Maps/EnemyArena.EnemyArena_C' with ClassGeneratedBy '/Game/Maps/EnemyArena.EnemyArena:PersistentLevel.EnemyArena'
[2015.12.19-01.38.13:820][671]LogParticles: Destroying 0 GPU particle simulations for FXSystem 0x000000002DE15A80
[2015.12.19-01.38.20:032][371]Cmd: BRUSH ADD SELECTNEWBRUSH
[2015.12.19-01.38.24:138][815]LogEditorViewport: Clicking on Actor (LMB): StaticMeshActor (Cube)
[2015.12.19-01.38.35:980][818]Cmd: CAMERA ALIGN ACTIVEVIEWPORTONLY
[2015.12.19-01.39.41:919][991]LogActorComponent: UnregisterComponent: (/Engine/Transient.CharMoveComp) Not registered. Aborting.
[2015.12.19-01.39.42:451][991]LogSavePackage: Save=258.108948ms
[2015.12.19-01.39.42:451][991]LogSavePackage: Moving '../../../../../../Users/Matt/Documents/GitHub/P3NGUIN/P3NGUIN/MyProject19/Saved/EnemyArenaCDFAE34443D56F2FCDF65382BA0BBA89.tmp' to '../../../../../../Users/Matt/Documents/GitHub/P3NGUIN/P3NGUIN/MyProject19/Content/Maps/EnemyArena.umap'
[2015.12.19-01.39.42:456][991]LogSavePackage: Total save time: 300.376724ms
[2015.12.19-01.39.42:456][991]LogSavePackage:Display: Finished SavePackage ../../../../../../Users/Matt/Documents/GitHub/P3NGUIN/P3NGUIN/MyProject19/Content/Maps/EnemyArena.umap
[2015.12.19-01.39.42:526][991]LogFileHelpers: Saving map 'EnemyArena' took 0.531
[2015.12.19-01.39.42:962][ 38]LogBlueprintUserMessages: Early PlayInEditor Detection: Level '/Game/Maps/EnemyArena.EnemyArena:PersistentLevel' has LevelScriptBlueprint '/Game/Maps/EnemyArena.EnemyArena:PersistentLevel.EnemyArena' with GeneratedClass '/Game/Maps/EnemyArena.EnemyArena_C' with ClassGeneratedBy '/Game/Maps/EnemyArena.EnemyArena:PersistentLevel.EnemyArena'
[2015.12.19-01.39.42:962][ 38]LogPlayLevel: PlayLevel: No blueprints needed recompiling
[2015.12.19-01.39.42:963][ 38]PIE: New page: PIE session: EnemyArena (Dec 18, 2015, 9:39:42 AM)
[2015.12.19-01.39.42:963][ 38]LogPlayLevel: Creating play world package: /Game/Maps/UEDPIE_0_EnemyArena
[2015.12.19-01.39.42:983][ 38]LogPlayLevel: PIE: StaticDuplicateObject took: (0.020173s)
[2015.12.19-01.39.42:983][ 38]LogAIModule: Creating AISystem for world EnemyArena
[2015.12.19-01.39.42:984][ 38]LogPlayLevel: PIE: World Init took: (0.000665s)
[2015.12.19-01.39.42:984][ 38]LogPlayLevel: PIE: Created PIE world by copying editor world from /Game/Maps/EnemyArena.EnemyArena to /Game/Maps/UEDPIE_0_EnemyArena.EnemyArena (0.021031s)
[2015.12.19-01.39.43:019][ 38]LogInit: XAudio2 using 'Speakers (Realtek High Definition Audio)' : 2 channels at 48 kHz using 32 bits per sample (channel mask 0x3)
[2015.12.19-01.39.43:058][ 38]LogInit: FAudioDevice initialized.
[2015.12.19-01.39.43:137][ 38]LogWorld: Game class is '2dFlipBookGameMode_C'
[2015.12.19-01.39.43:143][ 38]LogWorld: Bringing World /Game/Maps/UEDPIE_0_EnemyArena.EnemyArena up for play (max tick rate 0) at 2015.12.18-17.39.43
[2015.12.19-01.39.43:144][ 38]LogActor:Warning: GameSession /Game/Maps/UEDPIE_0_EnemyArena.EnemyArena:PersistentLevel.GameSession_1 has natively added scene component(s), but none of them were set as the actor's RootComponent - picking one arbitrarily
[2015.12.19-01.39.43:144][ 38]LogActor:Warning: GameNetworkManager /Game/Maps/UEDPIE_0_EnemyArena.EnemyArena:PersistentLevel.GameNetworkManager_1 has natively added scene component(s), but none of them were set as the actor's RootComponent - picking one arbitrarily
[2015.12.19-01.39.43:144][ 38]LogWorld: Bringing up level for play took: 0.006162
[2015.12.19-01.39.43:166][ 38]PIE: Info Play in editor start time for /Game/Maps/UEDPIE_0_EnemyArena 0.159
[2015.12.19-01.39.43:166][ 38]LogBlueprintUserMessages: Late PlayInEditor Detection: Level '/Game/Maps/EnemyArena.EnemyArena:PersistentLevel' has LevelScriptBlueprint '/Game/Maps/EnemyArena.EnemyArena:PersistentLevel.EnemyArena' with GeneratedClass '/Game/Maps/EnemyArena.EnemyArena_C' with ClassGeneratedBy '/Game/Maps/EnemyArena.EnemyArena:PersistentLevel.EnemyArena'
[2015.12.19-01.39.45:989][373]PIE:Warning: Warning Invalid Simulate Options: Body (SliceGenericEnemy_01_C_11.HP) is set to simulate physics but Collision Enabled is incompatible
[2015.12.19-01.39.45:989][373]PIE:Warning: Warning Invalid Simulate Options: Body (SliceGenericEnemy_01_C_11.HP) is set to simulate physics but Collision Enabled is incompatible
[2015.12.19-01.39.45:990][373]PIE:Warning: Warning Invalid Simulate Options: Body (SliceGenericEnemy_01_C_12.HP) is set to simulate physics but Collision Enabled is incompatible
[2015.12.19-01.39.45:990][373]PIE:Warning: Warning Invalid Simulate Options: Body (SliceGenericEnemy_01_C_12.HP) is set to simulate physics but Collision Enabled is incompatible
[2015.12.19-01.39.45:991][373]PIE:Warning: Warning Invalid Simulate Options: Body (SliceGenericEnemy_01_C_13.HP) is set to simulate physics but Collision Enabled is incompatible
[2015.12.19-01.39.45:991][373]PIE:Warning: Warning Invalid Simulate Options: Body (SliceGenericEnemy_01_C_13.HP) is set to simulate physics but Collision Enabled is incompatible
[2015.12.19-01.39.47:995][611]LogScript:Warning: Cannot access 'StartFight'. It is pending kill. Property: 'StartFight_ExecuteUbergraph_EnemyArena_RefProperty'
	EnemyArena_C /Game/Maps/UEDPIE_0_EnemyArena.EnemyArena:PersistentLevel.EnemyArena_C_0
	Function /Game/Maps/EnemyArena.EnemyArena_C:ExecuteUbergraph_EnemyArena:0730
[2015.12.19-01.39.47:995][611]PIE:Error: Error Cannot access 'StartFight'. It is pending kill. Property: 'StartFight_ExecuteUbergraph_EnemyArena_RefProperty' from node DestroyActor in graph 'EventGraph' in blueprint EnemyArena
[2015.12.19-01.39.49:876][825]LogBlueprintUserMessages: [ThirdPersonCharacter2D_C_1] penguIn
[2015.12.19-01.39.50:324][874]LogBlueprintUserMessages: [ThirdPersonCharacter2D_C_1] ZaWarudo
[2015.12.19-01.39.50:324][874]LogBlueprintUserMessages: [ThirdPersonCharacter2D_C_1] SliceGenericEnemy_0113
[2015.12.19-01.39.50:324][874]LogBlueprintUserMessages: [ThirdPersonCharacter2D_C_1] 0
[2015.12.19-01.39.50:324][874]LogBlueprintUserMessages: [ThirdPersonCharacter2D_C_1] SliceGenericEnemy_0112
[2015.12.19-01.39.50:324][874]LogBlueprintUserMessages: [ThirdPersonCharacter2D_C_1] -1
[2015.12.19-01.39.50:324][874]LogBlueprintUserMessages: [ThirdPersonCharacter2D_C_1] SliceGenericEnemy_0111
[2015.12.19-01.39.50:324][874]LogBlueprintUserMessages: [ThirdPersonCharacter2D_C_1] -1
[2015.12.19-01.39.50:324][874]LogScript:Warning: Accessed None 'CallFunc_SlotAsCanvasSlot_ReturnValue'
	ThirdPersonCharacter2D_C /Game/Maps/UEDPIE_0_EnemyArena.EnemyArena:PersistentLevel.ThirdPersonCharacter2D_C_1
	Function /Game/Blueprints/2D/Blueprints/Tests/ThirdPersonCharacter2D.ThirdPersonCharacter2D_C:MovePointer2:0125
[2015.12.19-01.39.50:325][874]PIE:Error: Error Accessed None 'CallFunc_SlotAsCanvasSlot_ReturnValue' from node Move Me Too in graph 'MovePointer2' in blueprint ThirdPersonCharacter2D
[2015.12.19-01.39.50:509][896]LogScript:Warning: Accessed None 'CallFunc_SlotAsCanvasSlot_ReturnValue'
	ThirdPersonCharacter2D_C /Game/Maps/UEDPIE_0_EnemyArena.EnemyArena:PersistentLevel.ThirdPersonCharacter2D_C_1
	Function /Game/Blueprints/2D/Blueprints/Tests/ThirdPersonCharacter2D.ThirdPersonCharacter2D_C:MovePointer2:0125
[2015.12.19-01.39.50:509][896]PIE:Error: Error Accessed None 'CallFunc_SlotAsCanvasSlot_ReturnValue' from node Move Me Too in graph 'MovePointer2' in blueprint ThirdPersonCharacter2D
[2015.12.19-01.39.50:654][913]LogBlueprintUserMessages: [SliceGenericEnemy_01_C_13] -2.333333
[2015.12.19-01.39.50:654][913]LogBlueprintUserMessages: [SliceGenericEnemy_01_C_13] -70.0
[2015.12.19-01.39.50:655][913]LogBlueprintUserMessages: [EnemyArena_C_0] 2
[2015.12.19-01.39.54:199][305]LogBlueprintUserMessages: [ThirdPersonCharacter2D_C_1] ZaWarudo
[2015.12.19-01.39.54:199][305]LogBlueprintUserMessages: [ThirdPersonCharacter2D_C_1] SliceGenericEnemy_0112
[2015.12.19-01.39.54:199][305]LogBlueprintUserMessages: [ThirdPersonCharacter2D_C_1] 0
[2015.12.19-01.39.54:199][305]LogBlueprintUserMessages: [ThirdPersonCharacter2D_C_1] SliceGenericEnemy_0111
[2015.12.19-01.39.54:199][305]LogBlueprintUserMessages: [ThirdPersonCharacter2D_C_1] -1
[2015.12.19-01.39.54:200][305]LogScript:Warning: Accessed None 'CallFunc_SlotAsCanvasSlot_ReturnValue'
	ThirdPersonCharacter2D_C /Game/Maps/UEDPIE_0_EnemyArena.EnemyArena:PersistentLevel.ThirdPersonCharacter2D_C_1
	Function /Game/Blueprints/2D/Blueprints/Tests/ThirdPersonCharacter2D.ThirdPersonCharacter2D_C:MovePointer2:0125
[2015.12.19-01.39.54:200][305]PIE:Error: Error Accessed None 'CallFunc_SlotAsCanvasSlot_ReturnValue' from node Move Me Too in graph 'MovePointer2' in blueprint ThirdPersonCharacter2D
[2015.12.19-01.39.54:390][327]LogScript:Warning: Accessed None 'CallFunc_SlotAsCanvasSlot_ReturnValue'
	ThirdPersonCharacter2D_C /Game/Maps/UEDPIE_0_EnemyArena.EnemyArena:PersistentLevel.ThirdPersonCharacter2D_C_1
	Function /Game/Blueprints/2D/Blueprints/Tests/ThirdPersonCharacter2D.ThirdPersonCharacter2D_C:MovePointer2:0125
[2015.12.19-01.39.54:390][327]PIE:Error: Error Accessed None 'CallFunc_SlotAsCanvasSlot_ReturnValue' from node Move Me Too in graph 'MovePointer2' in blueprint ThirdPersonCharacter2D
[2015.12.19-01.39.54:557][347]LogBlueprintUserMessages: [SliceGenericEnemy_01_C_12] -2.333333
[2015.12.19-01.39.54:557][347]LogBlueprintUserMessages: [SliceGenericEnemy_01_C_12] -70.0
[2015.12.19-01.39.54:558][347]LogBlueprintUserMessages: [EnemyArena_C_0] 1
[2015.12.19-01.39.57:343][662]LogBlueprintUserMessages: [ThirdPersonCharacter2D_C_1] ZaWarudo
[2015.12.19-01.39.57:343][662]LogBlueprintUserMessages: [ThirdPersonCharacter2D_C_1] SliceGenericEnemy_0111
[2015.12.19-01.39.57:343][662]LogBlueprintUserMessages: [ThirdPersonCharacter2D_C_1] 0
[2015.12.19-01.39.57:344][662]LogScript:Warning: Accessed None 'CallFunc_SlotAsCanvasSlot_ReturnValue'
	ThirdPersonCharacter2D_C /Game/Maps/UEDPIE_0_EnemyArena.EnemyArena:PersistentLevel.ThirdPersonCharacter2D_C_1
	Function /Game/Blueprints/2D/Blueprints/Tests/ThirdPersonCharacter2D.ThirdPersonCharacter2D_C:MovePointer2:0125
[2015.12.19-01.39.57:344][662]PIE:Error: Error Accessed None 'CallFunc_SlotAsCanvasSlot_ReturnValue' from node Move Me Too in graph 'MovePointer2' in blueprint ThirdPersonCharacter2D
[2015.12.19-01.39.57:540][685]LogScript:Warning: Accessed None 'CallFunc_SlotAsCanvasSlot_ReturnValue'
	ThirdPersonCharacter2D_C /Game/Maps/UEDPIE_0_EnemyArena.EnemyArena:PersistentLevel.ThirdPersonCharacter2D_C_1
	Function /Game/Blueprints/2D/Blueprints/Tests/ThirdPersonCharacter2D.ThirdPersonCharacter2D_C:MovePointer2:0125
[2015.12.19-01.39.57:540][685]PIE:Error: Error Accessed None 'CallFunc_SlotAsCanvasSlot_ReturnValue' from node Move Me Too in graph 'MovePointer2' in blueprint ThirdPersonCharacter2D
[2015.12.19-01.39.57:710][705]LogBlueprintUserMessages: [SliceGenericEnemy_01_C_11] -2.333333
[2015.12.19-01.39.57:710][705]LogBlueprintUserMessages: [SliceGenericEnemy_01_C_11] -70.0
[2015.12.19-01.40.01:753][170]LogBlueprintUserMessages: Early EndPlayMap Detection: Level '/Game/Maps/EnemyArena.EnemyArena:PersistentLevel' has LevelScriptBlueprint '/Game/Maps/EnemyArena.EnemyArena:PersistentLevel.EnemyArena' with GeneratedClass '/Game/Maps/EnemyArena.EnemyArena_C' with ClassGeneratedBy '/Game/Maps/EnemyArena.EnemyArena:PersistentLevel.EnemyArena'
[2015.12.19-01.40.01:828][170]LogBlueprintUserMessages: Late EndPlayMap Detection: Level '/Game/Maps/EnemyArena.EnemyArena:PersistentLevel' has LevelScriptBlueprint '/Game/Maps/EnemyArena.EnemyArena:PersistentLevel.EnemyArena' with GeneratedClass '/Game/Maps/EnemyArena.EnemyArena_C' with ClassGeneratedBy '/Game/Maps/EnemyArena.EnemyArena:PersistentLevel.EnemyArena'
[2015.12.19-01.40.01:856][170]LogParticles: Destroying 0 GPU particle simulations for FXSystem 0x000000002C0BE480
[2015.12.19-01.40.03:095][295]LogEditorViewport: Clicking on Actor (LMB): StaticMeshActor (Cube)
[2015.12.19-01.40.05:941][604]Cmd: MODE GRID=0
[2015.12.19-01.40.08:487][889]LogBlueprintUserMessages: Early PlayInEditor Detection: Level '/Game/Maps/EnemyArena.EnemyArena:PersistentLevel' has LevelScriptBlueprint '/Game/Maps/EnemyArena.EnemyArena:PersistentLevel.EnemyArena' with GeneratedClass '/Game/Maps/EnemyArena.EnemyArena_C' with ClassGeneratedBy '/Game/Maps/EnemyArena.EnemyArena:PersistentLevel.EnemyArena'
[2015.12.19-01.40.08:487][889]LogPlayLevel: PlayLevel: No blueprints needed recompiling
[2015.12.19-01.40.08:488][889]PIE: New page: PIE session: EnemyArena (Dec 18, 2015, 9:40:08 AM)
[2015.12.19-01.40.08:488][889]LogPlayLevel: Creating play world package: /Game/Maps/UEDPIE_0_EnemyArena
[2015.12.19-01.40.08:511][889]LogPlayLevel: PIE: StaticDuplicateObject took: (0.023629s)
[2015.12.19-01.40.08:512][889]LogAIModule: Creating AISystem for world EnemyArena
[2015.12.19-01.40.08:512][889]LogPlayLevel: PIE: World Init took: (0.000712s)
[2015.12.19-01.40.08:512][889]LogPlayLevel: PIE: Created PIE world by copying editor world from /Game/Maps/EnemyArena.EnemyArena to /Game/Maps/UEDPIE_0_EnemyArena.EnemyArena (0.024526s)
[2015.12.19-01.40.08:544][889]LogInit: XAudio2 using 'Speakers (Realtek High Definition Audio)' : 2 channels at 48 kHz using 32 bits per sample (channel mask 0x3)
[2015.12.19-01.40.08:582][889]LogInit: FAudioDevice initialized.
[2015.12.19-01.40.08:656][889]LogWorld: Game class is '2dFlipBookGameMode_C'
[2015.12.19-01.40.08:666][889]LogWorld: Bringing World /Game/Maps/UEDPIE_0_EnemyArena.EnemyArena up for play (max tick rate 0) at 2015.12.18-17.40.08
[2015.12.19-01.40.08:667][889]LogActor:Warning: GameSession /Game/Maps/UEDPIE_0_EnemyArena.EnemyArena:PersistentLevel.GameSession_2 has natively added scene component(s), but none of them were set as the actor's RootComponent - picking one arbitrarily
[2015.12.19-01.40.08:667][889]LogActor:Warning: GameNetworkManager /Game/Maps/UEDPIE_0_EnemyArena.EnemyArena:PersistentLevel.GameNetworkManager_2 has natively added scene component(s), but none of them were set as the actor's RootComponent - picking one arbitrarily
[2015.12.19-01.40.08:667][889]LogWorld: Bringing up level for play took: 0.010121
[2015.12.19-01.40.08:687][889]PIE: Info Play in editor start time for /Game/Maps/UEDPIE_0_EnemyArena -0.322
[2015.12.19-01.40.08:687][889]LogBlueprintUserMessages: Late PlayInEditor Detection: Level '/Game/Maps/EnemyArena.EnemyArena:PersistentLevel' has LevelScriptBlueprint '/Game/Maps/EnemyArena.EnemyArena:PersistentLevel.EnemyArena' with GeneratedClass '/Game/Maps/EnemyArena.EnemyArena_C' with ClassGeneratedBy '/Game/Maps/EnemyArena.EnemyArena:PersistentLevel.EnemyArena'
[2015.12.19-01.40.09:235][954]LogBlueprintUserMessages: [ThirdPersonCharacter2D_C_2] penguIn
[2015.12.19-01.40.11:483][221]PIE:Warning: Warning Invalid Simulate Options: Body (SliceGenericEnemy_01_C_14.HP) is set to simulate physics but Collision Enabled is incompatible
[2015.12.19-01.40.11:483][221]PIE:Warning: Warning Invalid Simulate Options: Body (SliceGenericEnemy_01_C_14.HP) is set to simulate physics but Collision Enabled is incompatible
[2015.12.19-01.40.11:485][221]PIE:Warning: Warning Invalid Simulate Options: Body (SliceGenericEnemy_01_C_15.HP) is set to simulate physics but Collision Enabled is incompatible
[2015.12.19-01.40.11:485][221]PIE:Warning: Warning Invalid Simulate Options: Body (SliceGenericEnemy_01_C_15.HP) is set to simulate physics but Collision Enabled is incompatible
[2015.12.19-01.40.11:487][221]PIE:Warning: Warning Invalid Simulate Options: Body (SliceGenericEnemy_01_C_16.HP) is set to simulate physics but Collision Enabled is incompatible
[2015.12.19-01.40.11:487][221]PIE:Warning: Warning Invalid Simulate Options: Body (SliceGenericEnemy_01_C_16.HP) is set to simulate physics but Collision Enabled is incompatible
[2015.12.19-01.40.13:484][459]LogScript:Warning: Cannot access 'StartFight'. It is pending kill. Property: 'StartFight_ExecuteUbergraph_EnemyArena_RefProperty'
	EnemyArena_C /Game/Maps/UEDPIE_0_EnemyArena.EnemyArena:PersistentLevel.EnemyArena_C_0
	Function /Game/Maps/EnemyArena.EnemyArena_C:ExecuteUbergraph_EnemyArena:0730
[2015.12.19-01.40.13:484][459]PIE:Error: Error Cannot access 'StartFight'. It is pending kill. Property: 'StartFight_ExecuteUbergraph_EnemyArena_RefProperty' from node DestroyActor in graph 'EventGraph' in blueprint EnemyArena
[2015.12.19-01.40.13:946][511]LogBlueprintUserMessages: [ThirdPersonCharacter2D_C_2] ZaWarudo
[2015.12.19-01.40.13:946][511]LogBlueprintUserMessages: [ThirdPersonCharacter2D_C_2] SliceGenericEnemy_0116
[2015.12.19-01.40.13:946][511]LogBlueprintUserMessages: [ThirdPersonCharacter2D_C_2] 0
[2015.12.19-01.40.13:946][511]LogBlueprintUserMessages: [ThirdPersonCharacter2D_C_2] SliceGenericEnemy_0115
[2015.12.19-01.40.13:946][511]LogBlueprintUserMessages: [ThirdPersonCharacter2D_C_2] -1
[2015.12.19-01.40.13:946][511]LogBlueprintUserMessages: [ThirdPersonCharacter2D_C_2] SliceGenericEnemy_0114
[2015.12.19-01.40.13:946][511]LogBlueprintUserMessages: [ThirdPersonCharacter2D_C_2] -1
[2015.12.19-01.40.13:947][511]LogScript:Warning: Accessed None 'CallFunc_SlotAsCanvasSlot_ReturnValue'
	ThirdPersonCharacter2D_C /Game/Maps/UEDPIE_0_EnemyArena.EnemyArena:PersistentLevel.ThirdPersonCharacter2D_C_2
	Function /Game/Blueprints/2D/Blueprints/Tests/ThirdPersonCharacter2D.ThirdPersonCharacter2D_C:MovePointer2:0125
[2015.12.19-01.40.13:947][511]PIE:Error: Error Accessed None 'CallFunc_SlotAsCanvasSlot_ReturnValue' from node Move Me Too in graph 'MovePointer2' in blueprint ThirdPersonCharacter2D
[2015.12.19-01.40.14:134][533]LogScript:Warning: Accessed None 'CallFunc_SlotAsCanvasSlot_ReturnValue'
	ThirdPersonCharacter2D_C /Game/Maps/UEDPIE_0_EnemyArena.EnemyArena:PersistentLevel.ThirdPersonCharacter2D_C_2
	Function /Game/Blueprints/2D/Blueprints/Tests/ThirdPersonCharacter2D.ThirdPersonCharacter2D_C:MovePointer2:0125
[2015.12.19-01.40.14:135][533]PIE:Error: Error Accessed None 'CallFunc_SlotAsCanvasSlot_ReturnValue' from node Move Me Too in graph 'MovePointer2' in blueprint ThirdPersonCharacter2D
[2015.12.19-01.40.14:296][552]LogBlueprintUserMessages: [SliceGenericEnemy_01_C_16] -2.333333
[2015.12.19-01.40.14:296][552]LogBlueprintUserMessages: [SliceGenericEnemy_01_C_16] -70.0
[2015.12.19-01.40.14:298][552]LogBlueprintUserMessages: [EnemyArena_C_0] 2
[2015.12.19-01.40.16:955][857]LogBlueprintUserMessages: [ThirdPersonCharacter2D_C_2] ZaWarudo
[2015.12.19-01.40.16:955][857]LogBlueprintUserMessages: [ThirdPersonCharacter2D_C_2] SliceGenericEnemy_0115
[2015.12.19-01.40.16:955][857]LogBlueprintUserMessages: [ThirdPersonCharacter2D_C_2] 0
[2015.12.19-01.40.16:955][857]LogBlueprintUserMessages: [ThirdPersonCharacter2D_C_2] SliceGenericEnemy_0114
[2015.12.19-01.40.16:955][857]LogBlueprintUserMessages: [ThirdPersonCharacter2D_C_2] -1
[2015.12.19-01.40.16:956][857]LogScript:Warning: Accessed None 'CallFunc_SlotAsCanvasSlot_ReturnValue'
	ThirdPersonCharacter2D_C /Game/Maps/UEDPIE_0_EnemyArena.EnemyArena:PersistentLevel.ThirdPersonCharacter2D_C_2
	Function /Game/Blueprints/2D/Blueprints/Tests/ThirdPersonCharacter2D.ThirdPersonCharacter2D_C:MovePointer2:0125
[2015.12.19-01.40.16:956][857]PIE:Error: Error Accessed None 'CallFunc_SlotAsCanvasSlot_ReturnValue' from node Move Me Too in graph 'MovePointer2' in blueprint ThirdPersonCharacter2D
[2015.12.19-01.40.17:132][878]LogScript:Warning: Accessed None 'CallFunc_SlotAsCanvasSlot_ReturnValue'
	ThirdPersonCharacter2D_C /Game/Maps/UEDPIE_0_EnemyArena.EnemyArena:PersistentLevel.ThirdPersonCharacter2D_C_2
	Function /Game/Blueprints/2D/Blueprints/Tests/ThirdPersonCharacter2D.ThirdPersonCharacter2D_C:MovePointer2:0125
[2015.12.19-01.40.17:133][878]PIE:Error: Error Accessed None 'CallFunc_SlotAsCanvasSlot_ReturnValue' from node Move Me Too in graph 'MovePointer2' in blueprint ThirdPersonCharacter2D
[2015.12.19-01.40.17:292][897]LogBlueprintUserMessages: [SliceGenericEnemy_01_C_15] -2.333333
[2015.12.19-01.40.17:292][897]LogBlueprintUserMessages: [SliceGenericEnemy_01_C_15] -70.0
[2015.12.19-01.40.17:293][897]LogBlueprintUserMessages: [EnemyArena_C_0] 1
[2015.12.19-01.40.20:456][269]LogBlueprintUserMessages: [ThirdPersonCharacter2D_C_2] ZaWarudo
[2015.12.19-01.40.20:457][269]LogBlueprintUserMessages: [ThirdPersonCharacter2D_C_2] SliceGenericEnemy_0114
[2015.12.19-01.40.20:457][269]LogBlueprintUserMessages: [ThirdPersonCharacter2D_C_2] 0
[2015.12.19-01.40.20:457][269]LogScript:Warning: Accessed None 'CallFunc_SlotAsCanvasSlot_ReturnValue'
	ThirdPersonCharacter2D_C /Game/Maps/UEDPIE_0_EnemyArena.EnemyArena:PersistentLevel.ThirdPersonCharacter2D_C_2
	Function /Game/Blueprints/2D/Blueprints/Tests/ThirdPersonCharacter2D.ThirdPersonCharacter2D_C:MovePointer2:0125
[2015.12.19-01.40.20:457][269]PIE:Error: Error Accessed None 'CallFunc_SlotAsCanvasSlot_ReturnValue' from node Move Me Too in graph 'MovePointer2' in blueprint ThirdPersonCharacter2D
[2015.12.19-01.40.20:625][289]LogScript:Warning: Accessed None 'CallFunc_SlotAsCanvasSlot_ReturnValue'
	ThirdPersonCharacter2D_C /Game/Maps/UEDPIE_0_EnemyArena.EnemyArena:PersistentLevel.ThirdPersonCharacter2D_C_2
	Function /Game/Blueprints/2D/Blueprints/Tests/ThirdPersonCharacter2D.ThirdPersonCharacter2D_C:MovePointer2:0125
[2015.12.19-01.40.20:625][289]PIE:Error: Error Accessed None 'CallFunc_SlotAsCanvasSlot_ReturnValue' from node Move Me Too in graph 'MovePointer2' in blueprint ThirdPersonCharacter2D
[2015.12.19-01.40.20:785][308]LogBlueprintUserMessages: [SliceGenericEnemy_01_C_14] -2.333333
[2015.12.19-01.40.20:785][308]LogBlueprintUserMessages: [SliceGenericEnemy_01_C_14] -70.0
[2015.12.19-01.40.21:431][383]LogBlueprintUserMessages: [ThirdPersonCharacter2D_C_2] Poisoned
[2015.12.19-01.40.26:735][ 11]LogBlueprintUserMessages: Early EndPlayMap Detection: Level '/Game/Maps/EnemyArena.EnemyArena:PersistentLevel' has LevelScriptBlueprint '/Game/Maps/EnemyArena.EnemyArena:PersistentLevel.EnemyArena' with GeneratedClass '/Game/Maps/EnemyArena.EnemyArena_C' with ClassGeneratedBy '/Game/Maps/EnemyArena.EnemyArena:PersistentLevel.EnemyArena'
[2015.12.19-01.40.26:819][ 11]LogBlueprintUserMessages: Late EndPlayMap Detection: Level '/Game/Maps/EnemyArena.EnemyArena:PersistentLevel' has LevelScriptBlueprint '/Game/Maps/EnemyArena.EnemyArena:PersistentLevel.EnemyArena' with GeneratedClass '/Game/Maps/EnemyArena.EnemyArena_C' with ClassGeneratedBy '/Game/Maps/EnemyArena.EnemyArena:PersistentLevel.EnemyArena'
[2015.12.19-01.40.26:859][ 11]LogParticles: Destroying 0 GPU particle simulations for FXSystem 0x0000000025993BA0
[2015.12.19-01.40.29:066][184]LogSavePackage: Save=203.052979ms
[2015.12.19-01.40.29:066][184]LogSavePackage: Moving '../../../../../../Users/Matt/Documents/GitHub/P3NGUIN/P3NGUIN/MyProject19/Saved/EnemyArena6D197762481B19C6AE92B88CBFD01168.tmp' to '../../../../../../Users/Matt/Documents/GitHub/P3NGUIN/P3NGUIN/MyProject19/Content/Maps/EnemyArena.umap'
[2015.12.19-01.40.29:070][184]LogSavePackage: Total save time: 230.150566ms
[2015.12.19-01.40.29:070][184]LogSavePackage:Display: Finished SavePackage ../../../../../../Users/Matt/Documents/GitHub/P3NGUIN/P3NGUIN/MyProject19/Content/Maps/EnemyArena.umap
[2015.12.19-01.40.29:137][184]LogFileHelpers: Saving map 'EnemyArena' took 0.490
[2015.12.19-01.40.30:658][279]Cmd: QUIT_EDITOR
[2015.12.19-01.40.30:987][279]LogExit: Preparing to exit.
[2015.12.19-01.40.31:325][279]LogExit: Editor shut down
[2015.12.19-01.40.31:325][279]LogExit: Transaction tracking system shut down
[2015.12.19-01.40.31:359][279]LogParticles: Destroying 0 GPU particle simulations for FXSystem 0x000000002690B4C0
[2015.12.19-01.40.31:359][279]LogParticles: Destroying 0 GPU particle simulations for FXSystem 0x00000000267B0540
[2015.12.19-01.40.31:359][279]LogParticles: Destroying 0 GPU particle simulations for FXSystem 0x0000000024592160
[2015.12.19-01.40.31:359][279]LogParticles: Destroying 0 GPU particle simulations for FXSystem 0x000000002C427240
[2015.12.19-01.40.31:359][279]LogParticles: Destroying 0 GPU particle simulations for FXSystem 0x00000000245934C0
[2015.12.19-01.40.31:359][279]LogParticles: Destroying 0 GPU particle simulations for FXSystem 0x0000000024593420
[2015.12.19-01.40.32:430][279]LogExit: Object subsystem successfully closed.
[2015.12.19-01.40.32:556][279]LogD3D11RHI: Shutdown
[2015.12.19-01.40.32:556][279]LogD3D11RHI: CleanupD3DDevice
[2015.12.19-01.40.32:680][279]LogD3D11RHI: ~FD3D11DynamicRHI
[2015.12.19-01.40.33:032][279]LogModuleManager: Shutting down and abandoning module CookingStats (201)
[2015.12.19-01.40.33:032][279]LogModuleManager: Shutting down and abandoning module BlueprintGraph (200)
[2015.12.19-01.40.33:032][279]LogModuleManager: Shutting down and abandoning module CrashTracker (199)
[2015.12.19-01.40.33:032][279]LogModuleManager: Shutting down and abandoning module WorldBrowser (198)
[2015.12.19-01.40.33:032][279]LogModuleManager: Shutting down and abandoning module SceneOutliner (197)
[2015.12.19-01.40.33:032][279]LogModuleManager: Shutting down and abandoning module SuperSearch (196)
[2015.12.19-01.40.33:032][279]LogModuleManager: Shutting down and abandoning module WidgetCarousel (195)
[2015.12.19-01.40.33:032][279]LogModuleManager: Shutting down and abandoning module AddContentDialog (194)
[2015.12.19-01.40.33:033][279]LogModuleManager: Shutting down and abandoning module EditorWidgets (193)
[2015.12.19-01.40.33:033][279]LogModuleManager: Shutting down and abandoning module CollectionManager (192)
[2015.12.19-01.40.33:033][279]LogModuleManager: Shutting down and abandoning module StatsViewer (191)
[2015.12.19-01.40.33:042][279]LogModuleManager: Shutting down and abandoning module FoliageEdit (190)
[2015.12.19-01.40.33:042][279]LogModuleManager: Shutting down and abandoning module LandscapeEditor (189)
[2015.12.19-01.40.33:063][279]LogModuleManager: Shutting down and abandoning module ActorPickerMode (188)
[2015.12.19-01.40.33:063][279]LogModuleManager: Shutting down and abandoning module GeometryMode (187)
[2015.12.19-01.40.33:063][279]LogModuleManager: Shutting down and abandoning module TextureAlignMode (186)
[2015.12.19-01.40.33:063][279]LogModuleManager: Shutting down and abandoning module BspMode (185)
[2015.12.19-01.40.33:063][279]LogModuleManager: Shutting down and abandoning module PlacementMode (184)
[2015.12.19-01.40.33:063][279]LogModuleManager: Shutting down and abandoning module AutomationWorker (183)
[2015.12.19-01.40.33:063][279]LogModuleManager: Shutting down and abandoning module CharacterAI (182)
[2015.12.19-01.40.33:063][279]LogModuleManager: Shutting down and abandoning module SmartSnapping (181)
[2015.12.19-01.40.33:063][279]LogModuleManager: Shutting down and abandoning module ViewportSnapping (180)
[2015.12.19-01.40.33:063][279]LogModuleManager: Shutting down and abandoning module LogVisualizer (179)
[2015.12.19-01.40.33:063][279]LogModuleManager: Shutting down and abandoning module GameProjectGeneration (178)
[2015.12.19-01.40.33:102][279]LogModuleManager: Shutting down and abandoning module IntroTutorials (177)
[2015.12.19-01.40.33:102][279]LogModuleManager: Shutting down and abandoning module EditorLiveStreaming (176)
[2015.12.19-01.40.33:102][279]LogModuleManager: Shutting down and abandoning module IOSPlatformEditor (175)
[2015.12.19-01.40.33:102][279]LogModuleManager: Shutting down and abandoning module HTML5PlatformEditor (174)
[2015.12.19-01.40.33:102][279]LogModuleManager: Shutting down and abandoning module AndroidDeviceDetection (173)
[2015.12.19-01.40.33:245][279]LogModuleManager: Shutting down and abandoning module AndroidPlatformEditor (172)
[2015.12.19-01.40.33:245][279]LogModuleManager: Shutting down and abandoning module IOSRuntimeSettings (171)
[2015.12.19-01.40.33:245][279]LogModuleManager: Shutting down and abandoning module AndroidRuntimeSettings (170)
[2015.12.19-01.40.33:245][279]LogModuleManager: Shutting down and abandoning module MergeActors (169)
[2015.12.19-01.40.33:245][279]LogModuleManager: Shutting down and abandoning module SizeMap (168)
[2015.12.19-01.40.33:245][279]LogModuleManager: Shutting down and abandoning module TreeMap (167)
[2015.12.19-01.40.33:245][279]LogModuleManager: Shutting down and abandoning module ReferenceViewer (166)
[2015.12.19-01.40.33:245][279]LogModuleManager: Shutting down and abandoning module LocalizationService (165)
[2015.12.19-01.40.33:245][279]LogModuleManager: Shutting down and abandoning module LocalizationDashboard (164)
[2015.12.19-01.40.33:294][279]LogModuleManager: Shutting down and abandoning module HardwareTargeting (163)
[2015.12.19-01.40.33:294][279]LogModuleManager: Shutting down and abandoning module DeviceProfileEditor (162)
[2015.12.19-01.40.33:294][279]LogModuleManager: Shutting down and abandoning module UndoHistory (161)
[2015.12.19-01.40.33:294][279]LogModuleManager: Shutting down and abandoning module GameplayTagsEditor (160)
[2015.12.19-01.40.33:294][279]LogModuleManager: Shutting down and abandoning module UserFeedback (159)
[2015.12.19-01.40.33:294][279]LogModuleManager: Shutting down and abandoning module XmlParser (158)
[2015.12.19-01.40.33:294][279]LogModuleManager: Shutting down and abandoning module Blutility (157)
[2015.12.19-01.40.33:294][279]LogModuleManager: Shutting down and abandoning module ProjectTargetPlatformEditor (156)
[2015.12.19-01.40.33:294][279]LogModuleManager: Shutting down and abandoning module ProjectSettingsViewer (155)
[2015.12.19-01.40.33:294][279]LogModuleManager: Shutting down and abandoning module InputBindingEditor (154)
[2015.12.19-01.40.33:308][279]LogModuleManager: Shutting down and abandoning module EditorSettingsViewer (153)
[2015.12.19-01.40.33:308][279]LogModuleManager: Shutting down and abandoning module SettingsEditor (152)
[2015.12.19-01.40.33:308][279]LogModuleManager: Shutting down and abandoning module ProjectLauncher (151)
[2015.12.19-01.40.33:314][279]LogModuleManager: Shutting down and abandoning module SessionFrontend (150)
[2015.12.19-01.40.33:314][279]LogModuleManager: Shutting down and abandoning module ProfilerClient (149)
[2015.12.19-01.40.33:314][279]LogModuleManager: Shutting down and abandoning module TargetDeviceServices (148)
[2015.12.19-01.40.33:314][279]LogModuleManager: Shutting down and abandoning module DeviceManager (147)
[2015.12.19-01.40.33:314][279]LogModuleManager: Shutting down and abandoning module AutomationController (146)
[2015.12.19-01.40.33:314][279]LogModuleManager: Shutting down and abandoning module AutomationWindow (145)
[2015.12.19-01.40.33:328][279]LogModuleManager: Shutting down and abandoning module Layers (144)
[2015.12.19-01.40.33:343][279]LogModuleManager: Shutting down and abandoning module ComponentVisualizers (143)
[2015.12.19-01.40.33:343][279]LogModuleManager: Shutting down and abandoning module DetailCustomizations (142)
[2015.12.19-01.40.33:343][279]LogModuleManager: Shutting down and abandoning module PackagesDialog (141)
[2015.12.19-01.40.33:344][279]LogModuleManager: Shutting down and abandoning module Persona (140)
[2015.12.19-01.40.33:370][279]LogModuleManager: Shutting down and abandoning module Kismet (139)
[2015.12.19-01.40.33:370][279]LogModuleManager: Shutting down and abandoning module GraphEditor (138)
[2015.12.19-01.40.33:370][279]LogModuleManager: Shutting down and abandoning module ClassViewer (137)
[2015.12.19-01.40.33:370][279]LogModuleManager: Shutting down and abandoning module Toolbox (136)
[2015.12.19-01.40.33:370][279]LogModuleManager: Shutting down and abandoning module ModuleUI (135)
[2015.12.19-01.40.33:371][279]LogModuleManager: Shutting down and abandoning module MovieSceneTools (134)
[2015.12.19-01.40.33:371][279]LogModuleManager: Shutting down and abandoning module OutputLog (133)
[2015.12.19-01.40.33:371][279]LogModuleManager: Shutting down and abandoning module GammaUI (132)
[2015.12.19-01.40.33:371][279]LogModuleManager: Shutting down and abandoning module Documentation (131)
[2015.12.19-01.40.33:371][279]LogModuleManager: Shutting down and abandoning module GameLiveStreaming (130)
[2015.12.19-01.40.33:371][279]LogModuleManager: Shutting down and abandoning module StreamingPauseRendering (129)
[2015.12.19-01.40.33:371][279]LogModuleManager: Shutting down and abandoning module AnalyticsET (128)
[2015.12.19-01.40.33:371][279]LogModuleManager: Shutting down and abandoning module Analytics (127)
[2015.12.19-01.40.33:371][279]LogModuleManager: Shutting down and abandoning module AITestSuite (126)
[2015.12.19-01.40.33:371][279]LogModuleManager: Shutting down and abandoning module GameplayDebugger (125)
[2015.12.19-01.40.33:371][279]LogModuleManager: Shutting down and abandoning module AIModule (124)
[2015.12.19-01.40.33:371][279]LogModuleManager: Shutting down and abandoning module ProfilerService (123)
[2015.12.19-01.40.33:607][279]LogModuleManager: Shutting down and abandoning module TaskGraph (122)
[2015.12.19-01.40.33:677][279]LogModuleManager: Shutting down and abandoning module SlateRemote (121)
[2015.12.19-01.40.33:677][279]LogModuleManager: Shutting down and abandoning module SteamVRController (120)
[2015.12.19-01.40.33:678][279]LogModuleManager: Shutting down and abandoning module SteamVR (119)
[2015.12.19-01.40.33:678][279]LogModuleManager: Shutting down and abandoning module ProceduralMeshComponent (118)
[2015.12.19-01.40.33:678][279]LogModuleManager: Shutting down and abandoning module OculusLibrary (117)
[2015.12.19-01.40.33:678][279]LogModuleManager: Shutting down and abandoning module OculusInput (116)
[2015.12.19-01.40.33:678][279]LogModuleManager: Shutting down and abandoning module LeapMotionController (115)
[2015.12.19-01.40.33:686][279]LogModuleManager: Shutting down and abandoning module CustomMeshComponent (114)
[2015.12.19-01.40.33:686][279]LogModuleManager: Shutting down and abandoning module CableComponent (113)
[2015.12.19-01.40.33:730][279]LogModuleManager: Shutting down and abandoning module ArchVisCharacter (112)
[2015.12.19-01.40.33:730][279]LogModuleManager: Shutting down and abandoning module MessagingDebugger (111)
[2015.12.19-01.40.33:795][279]LogModuleManager: Shutting down and abandoning module MediaPlayerEditor (110)
[2015.12.19-01.40.33:822][279]LogModuleManager: Shutting down and abandoning module HTML5Networking (109)
[2015.12.19-01.40.33:822][279]LogModuleManager: Shutting down and abandoning module SpeedTreeImporter (108)
[2015.12.19-01.40.33:822][279]LogModuleManager: Shutting down and abandoning module PluginBrowser (107)
[2015.12.19-01.40.33:832][279]LogModuleManager: Shutting down and abandoning module EpicSurvey (106)
[2015.12.19-01.40.33:832][279]LogModuleManager: Shutting down and abandoning module DesktopPlatform (105)
[2015.12.19-01.40.33:876][279]LogModuleManager: Shutting down and abandoning module VisualStudioSourceCodeAccess (104)
[2015.12.19-01.40.33:876][279]LogModuleManager: Shutting down and abandoning module UObjectPlugin (103)
[2015.12.19-01.40.33:876][279]LogModuleManager: Shutting down and abandoning module SubversionSourceControl (102)
[2015.12.19-01.40.33:876][279]LogModuleManager: Shutting down and abandoning module PerforceSourceControl (101)
[2015.12.19-01.40.33:876][279]LogModuleManager: Shutting down and abandoning module SourceControl (100)
[2015.12.19-01.40.33:918][279]LogModuleManager: Shutting down and abandoning module GitSourceControl (99)
[2015.12.19-01.40.33:918][279]LogModuleManager: Shutting down and abandoning module LightPropagationVolumeEditor (98)
[2015.12.19-01.40.33:918][279]LogModuleManager: Shutting down and abandoning module PaperTiledImporter (97)
[2015.12.19-01.40.33:918][279]LogModuleManager: Shutting down and abandoning module PaperSpriteSheetImporter (96)
[2015.12.19-01.40.33:918][279]LogModuleManager: Shutting down and abandoning module MeshPaint (95)
[2015.12.19-01.40.33:918][279]LogModuleManager: Shutting down and abandoning module SlateReflector (94)
[2015.12.19-01.40.33:927][279]LogModuleManager: Shutting down and abandoning module HotReload (93)
[2015.12.19-01.40.33:927][279]LogModuleManager: Shutting down and abandoning module MainFrame (92)
[2015.12.19-01.40.33:927][279]LogModuleManager: Shutting down and abandoning module LevelEditor (91)
[2015.12.19-01.40.33:946][279]LogModuleManager: Shutting down and abandoning module DirectoryWatcher (90)
[2015.12.19-01.40.33:947][279]LogModuleManager: Shutting down and abandoning module AssetRegistry (89)
[2015.12.19-01.40.34:040][279]LogModuleManager: Shutting down and abandoning module ContentBrowser (88)
[2015.12.19-01.40.34:041][279]LogModuleManager: Shutting down and abandoning module Paper2DEditor (87)
[2015.12.19-01.40.34:147][279]LogModuleManager: Shutting down and abandoning module UdpMessaging (86)
[2015.12.19-01.40.34:247][279]LogModuleManager: Shutting down and abandoning module LightPropagationVolumeRuntime (85)
[2015.12.19-01.40.34:247][279]LogModuleManager: Shutting down and abandoning module Paper2D (84)
[2015.12.19-01.40.34:274][279]LogModuleManager: Shutting down and abandoning module WindowsMoviePlayer (83)
[2015.12.19-01.40.34:277][279]LogModuleManager: Shutting down and abandoning module Media (82)
[2015.12.19-01.40.34:277][279]LogModuleManager: Shutting down and abandoning module WmfMedia (81)
[2015.12.19-01.40.34:278][279]LogModuleManager: Shutting down and abandoning module OnlineBlueprintSupport (80)
[2015.12.19-01.40.34:278][279]LogModuleManager: Shutting down and abandoning module GameplayTasksEditor (79)
[2015.12.19-01.40.34:278][279]LogModuleManager: Shutting down and abandoning module PropertyEditor (78)
[2015.12.19-01.40.34:278][279]LogModuleManager: Shutting down and abandoning module BehaviorTreeEditor (77)
[2015.12.19-01.40.34:364][279]LogModuleManager: Shutting down and abandoning module FunctionalTesting (76)
[2015.12.19-01.40.34:364][279]LogModuleManager: Shutting down and abandoning module CollisionAnalyzer (75)
[2015.12.19-01.40.34:365][279]LogModuleManager: Shutting down and abandoning module WorkspaceMenuStructure (74)
[2015.12.19-01.40.34:365][279]LogModuleManager: Shutting down and abandoning module MessageLog (73)
[2015.12.19-01.40.34:365][279]LogModuleManager: Shutting down and abandoning module Sequencer (72)
[2015.12.19-01.40.34:497][279]LogModuleManager: Shutting down and abandoning module AssetTools (71)
[2015.12.19-01.40.34:761][279]LogModuleManager: Shutting down and abandoning module UMGEditor (70)
[2015.12.19-01.40.34:987][279]LogModuleManager: Shutting down and abandoning module UMG (69)
[2015.12.19-01.40.34:987][279]LogModuleManager: Shutting down and abandoning module Slate (68)
[2015.12.19-01.40.34:987][279]LogModuleManager: Shutting down and abandoning module EditorStyle (67)
[2015.12.19-01.40.34:992][279]LogModuleManager: Shutting down and abandoning module SessionServices (66)
[2015.12.19-01.40.34:992][279]LogModuleManager: Shutting down and abandoning module SourceCodeAccess (65)
[2015.12.19-01.40.34:992][279]LogModuleManager: Shutting down and abandoning module HeadMountedDisplay (64)
[2015.12.19-01.40.34:992][279]LogModuleManager: Shutting down and abandoning module XAudio2 (63)
[2015.12.19-01.40.34:992][279]LogModuleManager: Shutting down and abandoning module Networking (61)
[2015.12.19-01.40.34:992][279]LogModuleManager: Shutting down and abandoning module Core (60)
[2015.12.19-01.40.34:992][279]LogModuleManager: Shutting down and abandoning module KismetCompiler (59)
[2015.12.19-01.40.34:992][279]LogModuleManager: Shutting down and abandoning module PhysXFormats (58)
[2015.12.19-01.40.34:992][279]LogModuleManager: Shutting down and abandoning module MeshUtilities (57)
[2015.12.19-01.40.35:125][279]LogModuleManager: Shutting down and abandoning module DerivedDataCache (56)
[2015.12.19-01.40.35:150][279]LogDerivedDataCache: Shutdown
[2015.12.19-01.40.35:150][279]LogModuleManager: Shutting down and abandoning module ShaderFormatOpenGL (55)
[2015.12.19-01.40.35:496][279]LogModuleManager: Shutting down and abandoning module ShaderFormatD3D (54)
[2015.12.19-01.40.35:496][279]LogModuleManager: Shutting down and abandoning module MetalShaderFormat (53)
[2015.12.19-01.40.35:603][279]LogModuleManager: Shutting down and abandoning module TextureFormatUncompressed (52)
[2015.12.19-01.40.35:603][279]LogModuleManager: Shutting down and abandoning module TextureFormatPVR (51)
[2015.12.19-01.40.35:603][279]LogModuleManager: Shutting down and abandoning module TextureFormatIntelISPCTexComp (50)
[2015.12.19-01.40.35:603][279]LogModuleManager: Shutting down and abandoning module TextureFormatDXT (49)
[2015.12.19-01.40.35:603][279]LogModuleManager: Shutting down and abandoning module ImageWrapper (48)
[2015.12.19-01.40.35:603][279]LogModuleManager: Shutting down and abandoning module TextureFormatASTC (47)
[2015.12.19-01.40.35:603][279]LogModuleManager: Shutting down and abandoning module TextureFormatAndroid (46)
[2015.12.19-01.40.35:603][279]LogModuleManager: Shutting down and abandoning module AudioFormatOpus (45)
[2015.12.19-01.40.35:603][279]LogModuleManager: Shutting down and abandoning module AudioFormatOgg (44)
[2015.12.19-01.40.35:603][279]LogModuleManager: Shutting down and abandoning module AudioFormatADPCM (43)
[2015.12.19-01.40.35:603][279]LogModuleManager: Shutting down and abandoning module LinuxTargetPlatform (42)
[2015.12.19-01.40.35:603][279]LogModuleManager: Shutting down and abandoning module LinuxServerTargetPlatform (41)
[2015.12.19-01.40.35:603][279]LogModuleManager: Shutting down and abandoning module LinuxNoEditorTargetPlatform (40)
[2015.12.19-01.40.35:603][279]LogModuleManager: Shutting down and abandoning module Messaging (39)
[2015.12.19-01.40.35:603][279]LogModuleManager: Shutting down and abandoning module IOSTargetPlatform (38)
[2015.12.19-01.40.35:603][279]LogModuleManager: Shutting down and abandoning module HTML5TargetPlatform (37)
[2015.12.19-01.40.35:603][279]LogModuleManager: Shutting down and abandoning module Android_PVRTCTargetPlatform (36)
[2015.12.19-01.40.35:603][279]LogModuleManager: Shutting down and abandoning module Android_MultiTargetPlatform (35)
[2015.12.19-01.40.35:603][279]LogModuleManager: Shutting down and abandoning module Android_ETC2TargetPlatform (34)
[2015.12.19-01.40.35:603][279]LogModuleManager: Shutting down and abandoning module Android_ETC1TargetPlatform (33)
[2015.12.19-01.40.35:603][279]LogModuleManager: Shutting down and abandoning module Android_DXTTargetPlatform (32)
[2015.12.19-01.40.35:603][279]LogModuleManager: Shutting down and abandoning module Android_ATCTargetPlatform (31)
[2015.12.19-01.40.35:603][279]LogModuleManager: Shutting down and abandoning module Android_ASTCTargetPlatform (30)
[2015.12.19-01.40.35:603][279]LogModuleManager: Shutting down and abandoning module AndroidTargetPlatform (29)
[2015.12.19-01.40.35:603][279]LogModuleManager: Shutting down and abandoning module WindowsTargetPlatform (28)
[2015.12.19-01.40.35:603][279]LogModuleManager: Shutting down and abandoning module WindowsServerTargetPlatform (27)
[2015.12.19-01.40.35:603][279]LogModuleManager: Shutting down and abandoning module WindowsNoEditorTargetPlatform (26)
[2015.12.19-01.40.35:603][279]LogModuleManager: Shutting down and abandoning module WindowsClientTargetPlatform (25)
[2015.12.19-01.40.35:603][279]LogModuleManager: Shutting down and abandoning module AllDesktopTargetPlatform (24)
[2015.12.19-01.40.35:603][279]LogModuleManager: Shutting down and abandoning module TargetPlatform (23)
[2015.12.19-01.40.35:603][279]LogModuleManager: Shutting down and abandoning module InputCore (22)
[2015.12.19-01.40.35:603][279]LogModuleManager: Shutting down and abandoning module Settings (21)
[2015.12.19-01.40.35:603][279]LogModuleManager: Shutting down and abandoning module OnlineSubsystem (19)
[2015.12.19-01.40.35:603][279]LogModuleManager: Shutting down and abandoning module HTTP (18)
[2015.12.19-01.40.37:604][279]LogModuleManager: Shutting down and abandoning module XMPP (17)
[2015.12.19-01.40.37:651][279]LogModuleManager: Shutting down and abandoning module OculusRift (16)
[2015.12.19-01.40.37:787][279]LogModuleManager: Shutting down and abandoning module ExampleDeviceProfileSelector (15)
[2015.12.19-01.40.37:787][279]LogModuleManager: Shutting down and abandoning module TextureCompressor (14)
[2015.12.19-01.40.37:787][279]LogModuleManager: Shutting down and abandoning module ShaderCore (13)
[2015.12.19-01.40.37:787][279]LogModuleManager: Shutting down and abandoning module Landscape (12)
[2015.12.19-01.40.37:787][279]LogModuleManager: Shutting down and abandoning module SlateRHIRenderer (11)
[2015.12.19-01.40.37:789][279]LogModuleManager: Shutting down and abandoning module OpenGLDrv (10)
[2015.12.19-01.40.37:874][279]LogModuleManager: Shutting down and abandoning module D3D11RHI (9)
[2015.12.19-01.40.37:874][279]LogModuleManager: Shutting down and abandoning module AnimGraphRuntime (8)
[2015.12.19-01.40.37:874][279]LogModuleManager: Shutting down and abandoning module Renderer (7)
[2015.12.19-01.40.37:874][279]LogModuleManager: Shutting down and abandoning module Engine (6)
[2015.12.19-01.40.37:874][279]LogModuleManager: Shutting down and abandoning module CoreUObject (5)
[2015.12.19-01.40.37:874][279]LogModuleManager: Shutting down and abandoning module NetworkFile (4)
[2015.12.19-01.40.37:925][279]LogModuleManager: Shutting down and abandoning module StreamingFile (3)
[2015.12.19-01.40.37:925][279]LogModuleManager: Shutting down and abandoning module SandboxFile (2)
[2015.12.19-01.40.37:925][279]LogModuleManager: Shutting down and abandoning module PakFile (1)
[2015.12.19-01.40.37:927][279]LogExit: Exiting.
[2015.12.19-01.40.37:990][279]Log file closed, 12/18/15 17:40:37
