[2015.12.28-01.21.25:644][  0]Log file open, 12/27/15 17:21:25
[2015.12.28-01.21.25:644][  0]LogInit:Display: Running engine for game: MyProject19
[2015.12.28-01.21.25:644][  0]LogPlatformFile: Not using cached read wrapper
[2015.12.28-01.21.25:644][  0]LogInit:Display: RandInit(-935223411) SRandInit(-935223409).
[2015.12.28-01.21.25:644][  0]LogTaskGraph: Started task graph with 4 named threads and 7 total threads.
[2015.12.28-01.21.25:644][  0]LogStats: Stats thread started at 0.090021
[2015.12.28-01.21.25:644][  0]LogInit: Version: 4.10.1-2791327+++depot+UE4-Releases+4.10
[2015.12.28-01.21.25:644][  0]LogInit: API Version: 2758231
[2015.12.28-01.21.25:644][  0]LogInit: Compiled (64-bit): Dec  4 2015 19:44:40
[2015.12.28-01.21.25:644][  0]LogInit: Compiled with Visual C++: 19.00.23026.00
[2015.12.28-01.21.25:644][  0]LogInit: Build Configuration: Development
[2015.12.28-01.21.25:644][  0]LogInit: Branch Name: ++depot+UE4-Releases+4.10
[2015.12.28-01.21.25:644][  0]LogInit: Command line:  
[2015.12.28-01.21.25:644][  0]LogInit: Base directory: C:/Program Files/Epic Games/4.10/Engine/Binaries/Win64/
[2015.12.28-01.21.25:644][  0]LogInit: Rocket: 1
[2015.12.28-01.21.25:656][  0]LogInit: Using libcurl 7.41.0
[2015.12.28-01.21.25:656][  0]LogInit:  - built for x86_64-pc-win32
[2015.12.28-01.21.25:656][  0]LogInit:  - supports SSL with WinSSL
[2015.12.28-01.21.25:656][  0]LogInit:  - other features:
[2015.12.28-01.21.25:656][  0]LogInit:      CURL_VERSION_SSL
[2015.12.28-01.21.25:656][  0]LogInit:      CURL_VERSION_IPV6
[2015.12.28-01.21.25:656][  0]LogInit:      CURL_VERSION_ASYNCHDNS
[2015.12.28-01.21.25:656][  0]LogInit:      CURL_VERSION_LARGEFILE
[2015.12.28-01.21.25:656][  0]LogInit:      CURL_VERSION_IDN
[2015.12.28-01.21.25:656][  0]LogInit:  CurlRequestOptions (configurable via config and command line):
[2015.12.28-01.21.25:656][  0]LogInit:  - bVerifyPeer = true  - Libcurl will verify peer certificate
[2015.12.28-01.21.25:656][  0]LogInit:  - bUseHttpProxy = false  - Libcurl will NOT use HTTP proxy
[2015.12.28-01.21.25:656][  0]LogInit:  - bDontReuseConnections = false  - Libcurl will reuse connections
[2015.12.28-01.21.25:656][  0]LogInit:  - CertBundlePath = nullptr  - Libcurl will use whatever was configured at build time.
[2015.12.28-01.21.25:664][  0]LogInit: Presizing for 0 objects not considered by GC, pre-allocating 0 bytes.
[2015.12.28-01.21.25:672][  0]LogInit: Object subsystem initialized
[2015.12.28-01.21.25:672][  0]LogInit: Selected Device Profile: [Windows]
[2015.12.28-01.21.25:672][  0]LogInit: Applying CVar settings loaded from the selected device profile: [Windows]
[2015.12.28-01.21.25:681][  0]LogInit: Computer: MATT-PC
[2015.12.28-01.21.25:681][  0]LogInit: User: Matt
[2015.12.28-01.21.25:681][  0]LogInit: CPU Page size=4096, Cores=4
[2015.12.28-01.21.25:681][  0]LogInit: High frequency timer resolution =3.020527 MHz
[2015.12.28-01.21.25:681][  0]LogMemory: Memory total: Physical=7.9GB (8GB approx)
[2015.12.28-01.21.25:681][  0]LogMemory: Platform Memory Stats for Windows
[2015.12.28-01.21.25:681][  0]LogMemory: Process Physical Memory: 60.33 MB used, 60.33 MB peak
[2015.12.28-01.21.25:681][  0]LogMemory: Process Virtual Memory: 60.68 MB used, 60.68 MB peak
[2015.12.28-01.21.25:681][  0]LogMemory: Physical Memory: 5097.92 MB used, 8109.12 MB total
[2015.12.28-01.21.25:681][  0]LogMemory: Virtual Memory: 354.33 MB used, 8388608.00 MB total
[2015.12.28-01.21.25:749][  0]LogTextLocalizationManager: No specific translations for ('en-US') exist, so ('en') translations will be used.
[2015.12.28-01.21.26:159][  0]LogD3D11RHI: Found D3D11 adapter 0: AMD Radeon HD 7800 Series (Feature Level 11_0)
[2015.12.28-01.21.26:159][  0]LogD3D11RHI: Adapter has 2029MB of dedicated video memory, 0MB of dedicated system memory, and 3798MB of shared system memory, 1 output[s]
[2015.12.28-01.21.26:166][  0]LogD3D11RHI: Found D3D11 adapter 1: Intel(R) HD Graphics (Feature Level 11_0)
[2015.12.28-01.21.26:166][  0]LogD3D11RHI: Adapter has 64MB of dedicated video memory, 0MB of dedicated system memory, and 1632MB of shared system memory, 0 output[s]
[2015.12.28-01.21.26:166][  0]LogD3D11RHI: Chosen D3D11 Adapter Id = 0
[2015.12.28-01.21.26:171][  0]LogD3D11RHI: !Direct3DDevice
[2015.12.28-01.21.26:171][  0]LogRHI: Texture pool is 1361 MB (70% of 1945 MB)
[2015.12.28-01.21.26:175][  0]LogD3D11RHI: Async texture creation disabled: no driver support
[2015.12.28-01.21.26:185][  0]LogShaderCompilers: Guid format shader working directory is -28 characters bigger than the processId version (../../../../../../Users/Matt/Documents/GitHub/P3NGUIN/P3NGUIN/MyProject19/Intermediate/Shaders/WorkingDirectory/8276/).
[2015.12.28-01.21.26:185][  0]LogShaderCompilers: Cleaned the shader compiler working directory 'C:/Users/Matt/AppData/Local/Temp/UnrealShaderWorkingDir/E79473724375A554FEE32AB33EF8CBC9/'.
[2015.12.28-01.21.26:185][  0]LogShaderCompilers:Display: Using Local Shader Compiler.
[2015.12.28-01.21.35:003][  0]LogTemp:Display: Loaded TP AllDesktopTargetPlatform
[2015.12.28-01.21.35:009][  0]LogTemp:Display: Loaded TP WindowsClientTargetPlatform
[2015.12.28-01.21.35:022][  0]LogTemp:Display: Loaded TP WindowsNoEditorTargetPlatform
[2015.12.28-01.21.35:028][  0]LogTemp:Display: Loaded TP WindowsServerTargetPlatform
[2015.12.28-01.21.35:051][  0]LogTemp:Display: Loaded TP WindowsTargetPlatform
[2015.12.28-01.21.35:055][  0]LogTemp:Display: Loaded TP AndroidTargetPlatform
[2015.12.28-01.21.35:059][  0]LogTemp:Display: Loaded TP Android_ASTCTargetPlatform
[2015.12.28-01.21.35:088][  0]LogTemp:Display: Loaded TP Android_ATCTargetPlatform
[2015.12.28-01.21.35:131][  0]LogTemp:Display: Loaded TP Android_DXTTargetPlatform
[2015.12.28-01.21.35:135][  0]LogTemp:Display: Loaded TP Android_ETC1TargetPlatform
[2015.12.28-01.21.35:139][  0]LogTemp:Display: Loaded TP Android_ETC2TargetPlatform
[2015.12.28-01.21.35:187][  0]LogTemp:Display: Loaded TP Android_MultiTargetPlatform
[2015.12.28-01.21.35:187][  0]LogTemp:Display: Loaded TP Android_PVRTCTargetPlatform
[2015.12.28-01.21.35:229][  0]LogTemp:Display: Loaded TP HTML5TargetPlatform
[2015.12.28-01.21.35:341][  0]LogTemp:Display: Loaded TP IOSTargetPlatform
[2015.12.28-01.21.35:377][  0]LogTemp:Display: Loaded TP LinuxNoEditorTargetPlatform
[2015.12.28-01.21.35:381][  0]LogTemp:Display: Loaded TP LinuxServerTargetPlatform
[2015.12.28-01.21.35:417][  0]LogTemp:Display: Loaded TP LinuxTargetPlatform
[2015.12.28-01.21.35:417][  0]LogTargetPlatformManager:Display: Building Assets For Windows
[2015.12.28-01.21.36:372][  0]LogDerivedDataCache:Display: Max Cache Size: 512 MB
[2015.12.28-01.21.41:113][  0]LogDerivedDataCache: Loaded boot cache 4.74s 41MB C:/Users/Matt/AppData/Local/UnrealEngine/4.10/DerivedDataCache/Boot.ddc.
[2015.12.28-01.21.41:113][  0]LogDerivedDataCache:Display: Loaded Boot cache: C:/Users/Matt/AppData/Local/UnrealEngine/4.10/DerivedDataCache/Boot.ddc
[2015.12.28-01.21.41:113][  0]LogDerivedDataCache: FDerivedDataBackendGraph:  Pak pak cache file ../../../../../../Users/Matt/Documents/GitHub/P3NGUIN/P3NGUIN/MyProject19/DerivedDataCache/DDC.ddp not found, will not use a pak cache.
[2015.12.28-01.21.41:113][  0]LogDerivedDataCache: Unable to find inner node Pak for hierarchical cache Hierarchy.
[2015.12.28-01.21.41:113][  0]LogDerivedDataCache: FDerivedDataBackendGraph:  CompressedPak pak cache file ../../../../../../Users/Matt/Documents/GitHub/P3NGUIN/P3NGUIN/MyProject19/DerivedDataCache/Compressed.ddp not found, will not use a pak cache.
[2015.12.28-01.21.41:113][  0]LogDerivedDataCache: Unable to find inner node CompressedPak for hierarchical cache Hierarchy.
[2015.12.28-01.21.41:352][  0]LogDerivedDataCache:Display: Pak cache opened for reading ../../../Engine/DerivedDataCache/Compressed.ddp.
[2015.12.28-01.21.41:365][  0]LogDerivedDataCache: Using Local data cache path C:/Users/Matt/AppData/Local/UnrealEngine/Common/DerivedDataCache: Writable
[2015.12.28-01.21.47:157][  0]LogInit: Selected Device Profile: [Windows]
[2015.12.28-01.21.47:157][  0]LogContentStreaming: Texture pool size is 0.000000MB
[2015.12.28-01.21.47:219][  0]LogMeshUtilities: No automatic mesh reduction module available
[2015.12.28-01.21.47:219][  0]LogMeshUtilities: No automatic mesh merging module available
[2015.12.28-01.21.47:865][  0]LogInit: WinSock: version 1.1 (2.2), MaxSocks=32767, MaxUdp=65467
[2015.12.28-01.22.26:085][  0]UdpMessaging: Initializing bridge on interface 0.0.0.0:0 to multicast group 230.0.0.1:6666.
[2015.12.28-01.22.26:965][  0]LogAssetRegistry: FAssetRegistry took 0.0102 seconds to start up
[2015.12.28-01.22.27:683][  0]SourceControl: Info Source control is disabled
[2015.12.28-01.22.27:685][  0]SourceControl: Info Source control is disabled
[2015.12.28-01.22.27:833][  0]SourceControl: Info Source control is disabled
[2015.12.28-01.22.27:851][  0]SourceControl: Info Source control is disabled
[2015.12.28-01.22.29:684][  0]LogObj: 28633 objects as part of root set at end of initial load.
[2015.12.28-01.22.29:684][  0]LogUObjectAllocator: 6099752 out of 0 bytes used by permanent object pool.
[2015.12.28-01.22.29:819][  0]LogEngine: Initializing Engine...
[2015.12.28-01.22.29:828][  0]LogHMD: Can't find Oculus library dev build: is proper Runtime installed? Version: 0.8.0.0
[2015.12.28-01.22.29:975][  0]LogHMD: SteamVR failed to initialize.  Err: 110
[2015.12.28-01.22.30:184][  0]LogAIModule: Creating AISystem for world NewWorld
[2015.12.28-01.22.30:236][  0]LogInit: XAudio2 using 'Speakers (Realtek High Definition Audio)' : 2 channels at 48 kHz using 32 bits per sample (channel mask 0x3)
[2015.12.28-01.22.30:278][  0]LogInit: FAudioDevice initialized.
[2015.12.28-01.22.30:349][  0]LogDerivedDataCache: Saved boot cache 0.07s 41MB C:/Users/Matt/AppData/Local/UnrealEngine/4.10/DerivedDataCache/Boot.ddc.
[2015.12.28-01.22.30:351][  0]LogInit: Texture streaming: Enabled
[2015.12.28-01.22.30:401][  0]LogAnalytics: Creating configured Analytics provider AnalyticsET
[2015.12.28-01.22.30:401][  0]LogAnalytics: [UEEditor.Rocket.Release] APIServer = http://et2.epicgames.com/ET2/. AppVersion = 4.10.1-2791327+++depot+UE4-Releases+4.10
[2015.12.28-01.22.30:401][  0]LogAnalytics: [UEEditor.Rocket.Release] SetUserId de43219841e5038bf49fbfa481591ee0|4e461f00ab6f49d29405414d884919d6|9448dfb4-8168-4a85-8046-6b7a073564d8
[2015.12.28-01.22.30:401][  0]LogAnalytics: [UEEditor.Rocket.Release] AnalyticsET::StartSession
[2015.12.28-01.22.31:877][  0]LogInit: Transaction tracking system initialized
[2015.12.28-01.22.32:227][  0]BlueprintLog: New page: Editor Load
[2015.12.28-01.22.34:160][  0]LocalizationService: Info Localization service is disabled
[2015.12.28-01.22.36:056][  0]LogConsoleResponse:Display: 
[2015.12.28-01.22.38:623][  0]LogCook:Display: Done creating registry. It took  0.00s.
[2015.12.28-01.22.41:136][  0]LogFileCache: Scanning file cache for directory 'C:/Users/Matt/Documents/GitHub/P3NGUIN/P3NGUIN/MyProject19/Content/' took 0.01s
[2015.12.28-01.22.41:188][  0]SourceControl: Info Source control is disabled
[2015.12.28-01.23.54:935][  0]Cmd: MAP LOAD FILE="../../../../../../Users/Matt/Documents/GitHub/P3NGUIN/P3NGUIN/MyProject19/Content/Maps/VerticalSlicePersitantLevel.umap" TEMPLATE=0 SHOWPROGRESS=1 FEATURELEVEL=3
[2015.12.28-01.23.54:936][  0]LightingResults: New page: Lighting Build
[2015.12.28-01.23.54:940][  0]MapCheck: New page: Map Check
[2015.12.28-01.23.54:940][  0]LightingResults: New page: Lighting Build
[2015.12.28-01.23.54:953][  0]LogParticles: Destroying 0 GPU particle simulations for FXSystem 0x0000000021D4A160
[2015.12.28-01.23.54:993][  0]LogLinker:Warning: Asset '../../../../../../Users/Matt/Documents/GitHub/P3NGUIN/P3NGUIN/MyProject19/Content/Mannequin/Animations/ThirdPerson_AnimBP.uasset' has been saved with empty engine version. The asset will be loaded but may be incompatible.
[2015.12.28-01.23.54:995][  0]LogLinker:Warning: Asset '../../../../../../Users/Matt/Documents/GitHub/P3NGUIN/P3NGUIN/MyProject19/Content/Mannequin/Animations/ThirdPerson_Jump.uasset' has been saved with empty engine version. The asset will be loaded but may be incompatible.
[2015.12.28-01.23.54:997][  0]LogLinker:Warning: Asset '../../../../../../Users/Matt/Documents/GitHub/P3NGUIN/P3NGUIN/MyProject19/Content/Mannequin/Animations/ThirdPersonJump_Loop.uasset' has been saved with empty engine version. The asset will be loaded but may be incompatible.
[2015.12.28-01.23.54:998][  0]LogLinker:Warning: Asset '../../../../../../Users/Matt/Documents/GitHub/P3NGUIN/P3NGUIN/MyProject19/Content/Mannequin/Animations/ThirdPersonJump_Start.uasset' has been saved with empty engine version. The asset will be loaded but may be incompatible.
[2015.12.28-01.23.55:000][  0]LogLinker:Warning: Asset '../../../../../../Users/Matt/Documents/GitHub/P3NGUIN/P3NGUIN/MyProject19/Content/Mannequin/Animations/ThirdPerson_IdleRun_2D.uasset' has been saved with empty engine version. The asset will be loaded but may be incompatible.
[2015.12.28-01.23.55:000][  0]LogLinker:Warning: Asset '../../../../../../Users/Matt/Documents/GitHub/P3NGUIN/P3NGUIN/MyProject19/Content/Mannequin/Animations/ThirdPersonIdle.uasset' has been saved with empty engine version. The asset will be loaded but may be incompatible.
[2015.12.28-01.23.55:001][  0]LogLinker:Warning: Asset '../../../../../../Users/Matt/Documents/GitHub/P3NGUIN/P3NGUIN/MyProject19/Content/Mannequin/Animations/ThirdPersonRun.uasset' has been saved with empty engine version. The asset will be loaded but may be incompatible.
[2015.12.28-01.23.55:003][  0]LogLinker:Warning: Asset '../../../../../../Users/Matt/Documents/GitHub/P3NGUIN/P3NGUIN/MyProject19/Content/Mannequin/Animations/ThirdPersonWalk.uasset' has been saved with empty engine version. The asset will be loaded but may be incompatible.
[2015.12.28-01.23.57:078][  0]LogBlueprint:Warning: [compiler ThirdPersonCharacter] Warning 'AbilitiesMenu' is already a 'Ability Menu', you don't need  Cast To AbilityMenu .
[2015.12.28-01.23.57:080][  0]LogBlueprint:Warning: [compiler ThirdPersonCharacter] Warning 'PointerClass' is already a 'Pointer', you don't need  Cast To Pointer .
[2015.12.28-01.23.57:082][  0]LogBlueprint:Warning: [compiler ThirdPersonCharacter] Warning No value will be returned by reference. Parameter 'EndTime'. Node:  (none) 
[2015.12.28-01.23.57:094][  0]LogBlueprint:Warning: [compiler ThirdPersonCharacter] Warning 'SecondPointer' is already a 'Pointer 2', you don't need  Cast To Pointer2 .
[2015.12.28-01.23.57:114][  0]LogBlueprint:Warning: [compiler ThirdPersonCharacter] Warning [0152.01] Compile of ThirdPersonCharacter successful, but with 4 Warning(s) [in 113 ms]
[2015.12.28-01.23.57:114][  0]LogBlueprint:Warning: [compiler ThirdPersonCharacter] Warning [0152.01] Compile of ThirdPersonCharacter successful, but with 5 Warning(s) [in 0 ms]
[2015.12.28-01.23.57:114][  0]LogBlueprint:Warning: [compiler ThirdPersonCharacter] Warning [0152.01] Compile of ThirdPersonCharacter successful, but with 6 Warning(s) [in 0 ms]
[2015.12.28-01.23.57:241][  0]LogBlueprint:Warning: [compiler AbilityMenu] Warning 'ReturnValue' is already a 'Listed Item', you don't need  Cast To ListedItem .
[2015.12.28-01.23.57:242][  0]LogBlueprint:Warning: [compiler AbilityMenu] Warning 'ReturnValue' is already a 'Listed Item', you don't need  Cast To ListedItem .
[2015.12.28-01.23.57:246][  0]LogBlueprint:Warning: [compiler AbilityMenu] Warning [0152.14] Compile of AbilityMenu successful, but with 2 Warning(s) [in 35 ms]
[2015.12.28-01.23.57:248][  0]LogBlueprint:Warning: [compiler AbilityMenu] Warning [0152.14] Compile of AbilityMenu successful, but with 3 Warning(s) [in 1 ms]
[2015.12.28-01.23.57:248][  0]LogBlueprint:Warning: [compiler AbilityMenu] Warning [0152.14] Compile of AbilityMenu successful, but with 4 Warning(s) [in 0 ms]
[2015.12.28-01.23.57:283][  0]LogBlueprint:Warning: [compiler FreeMovementLocator] Warning 'Third Person Character 2D' does not inherit from 'Player Controller' ( Cast To ThirdPersonCharacter2D  would always fail).
[2015.12.28-01.23.57:284][  0]LogBlueprint:Warning: [compiler FreeMovementLocator] Warning [0152.18] Compile of FreeMovementLocator successful, but with 1 Warning(s) [in 2 ms]
[2015.12.28-01.23.57:284][  0]LogBlueprint:Warning: [compiler FreeMovementLocator] Warning [0152.18] Compile of FreeMovementLocator successful, but with 2 Warning(s) [in 0 ms]
[2015.12.28-01.23.57:284][  0]LogBlueprint:Warning: [compiler FreeMovementLocator] Warning [0152.18] Compile of FreeMovementLocator successful, but with 3 Warning(s) [in 0 ms]
[2015.12.28-01.23.58:139][  0]LogBlueprint:Warning: [compiler ThirdPersonCharacter2D] Warning No value will be returned by reference. Parameter 'EndTime'. Node:  (none) 
[2015.12.28-01.23.58:156][  0]LogBlueprint:Warning: [compiler ThirdPersonCharacter2D] Warning 'AbilitiesMenu' is already a 'Ability Menu', you don't need  Cast To AbilityMenu .
[2015.12.28-01.23.58:156][  0]LogBlueprint:Warning: [compiler ThirdPersonCharacter2D] Warning 'ReturnValue' is already a 'Knife', you don't need  Cast To Knife .
[2015.12.28-01.23.58:165][  0]LogBlueprint:Warning: [compiler ThirdPersonCharacter2D] Warning 'SecondPointer' is already a 'Pointer 2', you don't need  Cast To Pointer2 .
[2015.12.28-01.23.58:238][  0]LogBlueprint:Warning: [compiler ThirdPersonCharacter2D] Warning [0153.13] Compile of ThirdPersonCharacter2D successful, but with 4 Warning(s) [in 188 ms]
[2015.12.28-01.23.58:239][  0]LogBlueprint:Warning: [compiler ThirdPersonCharacter2D] Warning [0153.13] Compile of ThirdPersonCharacter2D successful, but with 5 Warning(s) [in 0 ms]
[2015.12.28-01.23.58:239][  0]LogBlueprint:Warning: [compiler ThirdPersonCharacter2D] Warning [0153.13] Compile of ThirdPersonCharacter2D successful, but with 6 Warning(s) [in 0 ms]
[2015.12.28-01.23.58:244][  0]LogBlueprint:Warning: [compiler FreeMovementLocator] Warning 'Third Person Character 2D' does not inherit from 'Player Controller' ( Cast To ThirdPersonCharacter2D  would always fail).
[2015.12.28-01.23.58:245][  0]LogBlueprint:Warning: [compiler FreeMovementLocator] Warning [0153.14] Compile of FreeMovementLocator successful, but with 1 Warning(s) [in 3 ms]
[2015.12.28-01.23.58:245][  0]LogBlueprint:Warning: [compiler FreeMovementLocator] Warning [0153.14] Compile of FreeMovementLocator successful, but with 2 Warning(s) [in 0 ms]
[2015.12.28-01.23.58:249][  0]LogBlueprint:Warning: [compiler FreeMovementLocator] Warning [0153.14] Compile of FreeMovementLocator successful, but with 3 Warning(s) [in 3 ms]
[2015.12.28-01.23.58:332][  0]LogBlueprint:Warning: [compiler AbilityMenu] Warning 'ReturnValue' is already a 'Listed Item', you don't need  Cast To ListedItem .
[2015.12.28-01.23.58:333][  0]LogBlueprint:Warning: [compiler AbilityMenu] Warning 'ReturnValue' is already a 'Listed Item', you don't need  Cast To ListedItem .
[2015.12.28-01.23.58:337][  0]LogBlueprint:Warning: [compiler AbilityMenu] Warning [0153.23] Compile of AbilityMenu successful, but with 2 Warning(s) [in 27 ms]
[2015.12.28-01.23.58:337][  0]LogBlueprint:Warning: [compiler AbilityMenu] Warning [0153.23] Compile of AbilityMenu successful, but with 3 Warning(s) [in 0 ms]
[2015.12.28-01.23.58:342][  0]LogBlueprint:Warning: [compiler AbilityMenu] Warning [0153.24] Compile of AbilityMenu successful, but with 4 Warning(s) [in 5 ms]
[2015.12.28-01.23.58:470][  0]LogBlueprint:Warning: [compiler ThirdPersonCharacter] Warning 'AbilitiesMenu' is already a 'Ability Menu', you don't need  Cast To AbilityMenu .
[2015.12.28-01.23.58:473][  0]LogBlueprint:Warning: [compiler ThirdPersonCharacter] Warning 'PointerClass' is already a 'Pointer', you don't need  Cast To Pointer .
[2015.12.28-01.23.58:474][  0]LogBlueprint:Warning: [compiler ThirdPersonCharacter] Warning No value will be returned by reference. Parameter 'EndTime'. Node:  (none) 
[2015.12.28-01.23.58:486][  0]LogBlueprint:Warning: [compiler ThirdPersonCharacter] Warning 'SecondPointer' is already a 'Pointer 2', you don't need  Cast To Pointer2 .
[2015.12.28-01.23.58:505][  0]LogBlueprint:Warning: [compiler ThirdPersonCharacter] Warning [0153.40] Compile of ThirdPersonCharacter successful, but with 4 Warning(s) [in 115 ms]
[2015.12.28-01.23.58:505][  0]LogBlueprint:Warning: [compiler ThirdPersonCharacter] Warning [0153.40] Compile of ThirdPersonCharacter successful, but with 5 Warning(s) [in 0 ms]
[2015.12.28-01.23.58:505][  0]LogBlueprint:Warning: [compiler ThirdPersonCharacter] Warning [0153.40] Compile of ThirdPersonCharacter successful, but with 6 Warning(s) [in 0 ms]
[2015.12.28-01.23.58:635][  0]LogBlueprint:Warning: [compiler ThirdPersonCharacter2D] Warning No value will be returned by reference. Parameter 'EndTime'. Node:  (none) 
[2015.12.28-01.23.58:651][  0]LogBlueprint:Warning: [compiler ThirdPersonCharacter2D] Warning 'AbilitiesMenu' is already a 'Ability Menu', you don't need  Cast To AbilityMenu .
[2015.12.28-01.23.58:652][  0]LogBlueprint:Warning: [compiler ThirdPersonCharacter2D] Warning 'ReturnValue' is already a 'Knife', you don't need  Cast To Knife .
[2015.12.28-01.23.58:660][  0]LogBlueprint:Warning: [compiler ThirdPersonCharacter2D] Warning 'SecondPointer' is already a 'Pointer 2', you don't need  Cast To Pointer2 .
[2015.12.28-01.23.58:737][  0]LogBlueprint:Warning: [compiler ThirdPersonCharacter2D] Warning [0153.63] Compile of ThirdPersonCharacter2D successful, but with 4 Warning(s) [in 188 ms]
[2015.12.28-01.23.58:737][  0]LogBlueprint:Warning: [compiler ThirdPersonCharacter2D] Warning [0153.63] Compile of ThirdPersonCharacter2D successful, but with 5 Warning(s) [in 0 ms]
[2015.12.28-01.23.58:737][  0]LogBlueprint:Warning: [compiler ThirdPersonCharacter2D] Warning [0153.63] Compile of ThirdPersonCharacter2D successful, but with 6 Warning(s) [in 0 ms]
[2015.12.28-01.24.02:124][  0]LogAIModule: Creating AISystem for world VerticalSlicePersitantLevel
[2015.12.28-01.24.02:707][  0]LogBlueprint:Warning: [compiler NewSwitch] Warning 'Item' is already a 'Temporary Platform', you don't need  Cast To TemporaryPlatform .
[2015.12.28-01.24.02:709][  0]LogBlueprint:Warning: [compiler NewSwitch] Warning [0157.60] Compile of NewSwitch successful, but with 1 Warning(s) [in 7 ms]
[2015.12.28-01.24.02:709][  0]LogBlueprint:Warning: [compiler NewSwitch] Warning [0157.60] Compile of NewSwitch successful, but with 2 Warning(s) [in 0 ms]
[2015.12.28-01.24.02:709][  0]LogBlueprint:Warning: [compiler NewSwitch] Warning [0157.60] Compile of NewSwitch successful, but with 3 Warning(s) [in 0 ms]
[2015.12.28-01.24.02:716][  0]LogBlueprint:Warning: [compiler NewSwitch] Warning 'Item' is already a 'Temporary Platform', you don't need  Cast To TemporaryPlatform .
[2015.12.28-01.24.02:717][  0]LogBlueprint:Warning: [compiler NewSwitch] Warning [0157.61] Compile of NewSwitch successful, but with 1 Warning(s) [in 6 ms]
[2015.12.28-01.24.02:717][  0]LogBlueprint:Warning: [compiler NewSwitch] Warning [0157.61] Compile of NewSwitch successful, but with 2 Warning(s) [in 0 ms]
[2015.12.28-01.24.02:717][  0]LogBlueprint:Warning: [compiler NewSwitch] Warning [0157.61] Compile of NewSwitch successful, but with 3 Warning(s) [in 0 ms]
[2015.12.28-01.24.02:725][  0]LogBlueprint:Warning: [compiler Basement_Blockout] Warning  Sequence  has no valid output
[2015.12.28-01.24.02:725][  0]LogBlueprint:Warning: [compiler Basement_Blockout] Warning [0157.62] Compile of Basement_Blockout successful, but with 1 Warning(s) [in 1 ms]
[2015.12.28-01.24.02:726][  0]LogBlueprint:Warning: [compiler Basement_Blockout] Warning [0157.62] Compile of Basement_Blockout successful, but with 2 Warning(s) [in 0 ms]
[2015.12.28-01.24.02:726][  0]LogBlueprint:Warning: [compiler Basement_Blockout] Warning [0157.62] Compile of Basement_Blockout successful, but with 3 Warning(s) [in 0 ms]
[2015.12.28-01.24.02:727][  0]LogBlueprint:Warning: [compiler Basement_Blockout] Warning  Sequence  has no valid output
[2015.12.28-01.24.02:727][  0]LogBlueprint:Warning: [compiler Basement_Blockout] Warning [0157.62] Compile of Basement_Blockout successful, but with 1 Warning(s) [in 1 ms]
[2015.12.28-01.24.02:727][  0]LogBlueprint:Warning: [compiler Basement_Blockout] Warning [0157.62] Compile of Basement_Blockout successful, but with 2 Warning(s) [in 0 ms]
[2015.12.28-01.24.02:727][  0]LogBlueprint:Warning: [compiler Basement_Blockout] Warning [0157.62] Compile of Basement_Blockout successful, but with 3 Warning(s) [in 0 ms]
[2015.12.28-01.24.03:980][  0]LogEditorServer: Finished looking for orphan Actors (0.000 secs)
[2015.12.28-01.24.03:982][  0]Cmd: MAP CHECKDEP NOCLEARLOG
[2015.12.28-01.24.04:127][  0]MapCheck: Info Map check complete: 0 Error(s), 0 Warning(s), took 145.586ms to complete.
[2015.12.28-01.24.04:127][  0]LogFileHelpers: Loading map 'VerticalSlicePersitantLevel' took 9.192
[2015.12.28-01.24.04:259][  0]LogCollectionManager: Loaded 0 collections in 0.002999 seconds
[2015.12.28-01.24.04:299][  0]LogFileCache: Scanning file cache for directory 'C:/Users/Matt/Documents/GitHub/P3NGUIN/P3NGUIN/MyProject19/Saved/Collections/' took 0.01s
[2015.12.28-01.24.04:299][  0]LogFileCache: Scanning file cache for directory 'C:/Users/Matt/Documents/GitHub/P3NGUIN/P3NGUIN/MyProject19/Content/Developers/Matt/Collections/' took 0.01s
[2015.12.28-01.24.04:299][  0]LogFileCache: Scanning file cache for directory 'C:/Users/Matt/Documents/GitHub/P3NGUIN/P3NGUIN/MyProject19/Content/Collections/' took 0.01s
[2015.12.28-01.24.04:299][  0]LogCollectionManager: Rebuilt the GUID cache for 0 collections in 0.000002 seconds
[2015.12.28-01.24.04:308][  0]LogContentBrowser: Native class hierarchy populated in 0.0082 seconds. Added 1893 classes and 338 folders.
[2015.12.28-01.24.04:315][  0]LogContentBrowser: Native class hierarchy updated for 'WidgetCarousel' in 0.0005 seconds. Added 0 classes and 0 folders.
[2015.12.28-01.24.04:994][  0]LogContentBrowser: Native class hierarchy updated for 'AddContentDialog' in 0.0005 seconds. Added 0 classes and 0 folders.
[2015.12.28-01.24.05:023][  0]LogContentBrowser: Native class hierarchy updated for 'SceneOutliner' in 0.0006 seconds. Added 1 classes and 2 folders.
[2015.12.28-01.24.05:050][  0]LogContentBrowser: Native class hierarchy updated for 'WorldBrowser' in 0.0006 seconds. Added 1 classes and 3 folders.
[2015.12.28-01.24.05:055][  0]LogCrashTracker: Crashtracker disabled due to settings.
[2015.12.28-01.24.05:060][  0]LogUObjectGlobals:Warning: Failed to find object 'Class None.'
[2015.12.28-01.24.05:080][  0]LogStats:Warning: MetaData mismatch. Did you assign a stat to two groups? New //STATGROUP_Threads//SplashScreenThread///Thread_2fe0_0///####STATCAT_Advanced#### old //STATGROUP_Threads//SplashScreenThread///Thread_11a0_0///####STATCAT_Advanced####
[2015.12.28-01.24.05:080][  0]LogLoad: Full Startup: 159.97 seconds (BP compile: 1.69 seconds)
[2015.12.28-01.24.05:098][  0]LogOcInput: Can't find Oculus library dev build: is proper Runtime installed? Version: 0.8.0.0
[2015.12.28-01.24.05:171][  0]LogContentStreaming: Texture pool size now 1000 MB
[2015.12.28-01.24.05:333][  0]LogRenderer: Reallocating scene render targets to support 828x516 (Frame:2).
[2015.12.28-01.24.06:270][ 12]LogAssetRegistry: Asset discovery search completed in 99.3136 seconds
[2015.12.28-01.24.06:270][ 12]LogCollectionManager: Rebuilt the object cache for 0 collections in 0.000001 seconds (found 0 objects)
[2015.12.28-01.24.06:270][ 12]LogCollectionManager: Fixed up redirectors for 0 collections in 0.000020 seconds (updated 0 objects)
[2015.12.28-01.24.15:069][967]LogSlate:Warning: Prevented a slow task dialog from being summoned while a context menu was open
[2015.12.28-01.24.15:128][967]LogLinker:Warning: Asset '../../../Engine/Content/ArtTools/RenderToTexture/Macros/RenderToTextureMacros.uasset' has been saved with empty engine version. The asset will be loaded but may be incompatible.
[2015.12.28-01.24.15:626][967]LogContentBrowser: Native class hierarchy updated for 'BlueprintGraph' in 0.0009 seconds. Added 107 classes and 0 folders.
[2015.12.28-01.25.01:310][750]BlueprintLog: New page: Compile ThirdPersonCharacter2D
[2015.12.28-01.25.01:719][750]LogBlueprint:Warning: [compiler ThirdPersonCharacter2D] Warning No value will be returned by reference. Parameter 'EndTime'. Node:  (none) 
[2015.12.28-01.25.01:737][750]LogBlueprint:Warning: [compiler ThirdPersonCharacter2D] Warning 'AbilitiesMenu' is already a 'Ability Menu', you don't need  Cast To AbilityMenu .
[2015.12.28-01.25.01:738][750]LogBlueprint:Warning: [compiler ThirdPersonCharacter2D] Warning 'ReturnValue' is already a 'Knife', you don't need  Cast To Knife .
[2015.12.28-01.25.01:747][750]LogBlueprint:Warning: [compiler ThirdPersonCharacter2D] Warning 'SecondPointer' is already a 'Pointer 2', you don't need  Cast To Pointer2 .
[2015.12.28-01.25.01:929][750]LogBlueprint:Warning: [compiler FreeMovementLocator] Warning 'Third Person Character 2D' does not inherit from 'Player Controller' ( Cast To ThirdPersonCharacter2D  would always fail).
[2015.12.28-01.25.02:105][750]LogBlueprint:Warning: [compiler AbilityMenu] Warning 'ReturnValue' is already a 'Listed Item', you don't need  Cast To ListedItem .
[2015.12.28-01.25.02:106][750]LogBlueprint:Warning: [compiler AbilityMenu] Warning 'ReturnValue' is already a 'Listed Item', you don't need  Cast To ListedItem .
[2015.12.28-01.25.02:271][750]LogActorComponent: UnregisterComponent: (/Engine/Transient.CharMoveComp) Not registered. Aborting.
[2015.12.28-01.25.02:271][750]LogActorComponent: UnregisterComponent: (/Engine/Transient.ProjectileMovement_GEN_VARIABLE) Not registered. Aborting.
[2015.12.28-01.25.02:271][750]LogActorComponent: UnregisterComponent: (/Engine/Transient.CharacterMovementComponent_0) Not registered. Aborting.
[2015.12.28-01.25.02:271][750]LogActorComponent: UnregisterComponent: (/Engine/Transient.ProjectileMovementComponent_0) Not registered. Aborting.
[2015.12.28-01.25.02:447][750]LogBlueprint:Warning: [compiler ThirdPersonCharacter2D] Warning [0217.34] Compile of ThirdPersonCharacter2D successful, but with 4 Warning(s) [in 1,137 ms]
[2015.12.28-01.25.02:447][750]BlueprintEditorCompileResults:Warning: Warning No value will be returned by reference. Parameter 'EndTime'. Node:  (none) 
[2015.12.28-01.25.02:447][750]BlueprintEditorCompileResults:Warning: Warning 'AbilitiesMenu' is already a 'Ability Menu', you don't need  Cast To AbilityMenu .
[2015.12.28-01.25.02:447][750]BlueprintEditorCompileResults:Warning: Warning 'ReturnValue' is already a 'Knife', you don't need  Cast To Knife .
[2015.12.28-01.25.02:447][750]BlueprintEditorCompileResults:Warning: Warning 'SecondPointer' is already a 'Pointer 2', you don't need  Cast To Pointer2 .
[2015.12.28-01.25.02:447][750]BlueprintEditorCompileResults:Warning: Warning [0217.34] Compile of ThirdPersonCharacter2D successful, but with 4 Warning(s) [in 1,137 ms]
[2015.12.28-01.25.05:330][ 62]LogActorComponent: UnregisterComponent: (/Engine/Transient.CharMoveComp) Not registered. Aborting.
[2015.12.28-01.25.08:101][ 62]LogSavePackage: Save=1885.646484ms
[2015.12.28-01.25.08:101][ 62]LogSavePackage: Moving '../../../../../../Users/Matt/Documents/GitHub/P3NGUIN/P3NGUIN/MyProject19/Saved/ThirdPersonCharacter2DF2DDEBC0475B08C9C65ADAAF791BE266.tmp' to '../../../../../../Users/Matt/Documents/GitHub/P3NGUIN/P3NGUIN/MyProject19/Content/Blueprints/2D/Blueprints/Tests/ThirdPersonCharacter2D.uasset'
[2015.12.28-01.25.08:108][ 62]LogSavePackage: Total save time: 2715.709213ms
[2015.12.28-01.25.08:108][ 62]LogSavePackage:Display: Finished SavePackage ../../../../../../Users/Matt/Documents/GitHub/P3NGUIN/P3NGUIN/MyProject19/Content/Blueprints/2D/Blueprints/Tests/ThirdPersonCharacter2D.uasset
[2015.12.28-01.25.08:582][112]LogBlueprintUserMessages: Early PlayInEditor Detection: Level '/Game/Maps/VerticalSlicePersitantLevel.VerticalSlicePersitantLevel:PersistentLevel' has LevelScriptBlueprint '/Game/Maps/VerticalSlicePersitantLevel.VerticalSlicePersitantLevel:PersistentLevel.VerticalSlicePersitantLevel' with GeneratedClass '/Game/Maps/VerticalSlicePersitantLevel.VerticalSlicePersitantLevel_C' with ClassGeneratedBy '/Game/Maps/VerticalSlicePersitantLevel.VerticalSlicePersitantLevel:PersistentLevel.VerticalSlicePersitantLevel'
[2015.12.28-01.25.08:582][112]LogBlueprintUserMessages: Early PlayInEditor Detection: Level '/Game/Maps/Plaza_Blockout.Plaza_Blockout:PersistentLevel' has LevelScriptBlueprint '/Game/Maps/Plaza_Blockout.Plaza_Blockout:PersistentLevel.Plaza_Blockout' with GeneratedClass '/Game/Maps/Plaza_Blockout.Plaza_Blockout_C' with ClassGeneratedBy '/Game/Maps/Plaza_Blockout.Plaza_Blockout:PersistentLevel.Plaza_Blockout'
[2015.12.28-01.25.08:582][112]LogBlueprintUserMessages: Early PlayInEditor Detection: Level '/Game/Maps/Basement_Blockout.Basement_Blockout:PersistentLevel' has LevelScriptBlueprint '/Game/Maps/Basement_Blockout.Basement_Blockout:PersistentLevel.Basement_Blockout' with GeneratedClass '/Game/Maps/Basement_Blockout.Basement_Blockout_C' with ClassGeneratedBy '/Game/Maps/Basement_Blockout.Basement_Blockout:PersistentLevel.Basement_Blockout'
[2015.12.28-01.25.08:582][112]LogBlueprintUserMessages: Early PlayInEditor Detection: Level '/Game/ThirdPersonBP/Maps/ThirdPersonExampleMap.ThirdPersonExampleMap:PersistentLevel' has LevelScriptBlueprint '/Game/ThirdPersonBP/Maps/ThirdPersonExampleMap.ThirdPersonExampleMap:PersistentLevel.ThirdPersonExampleMap' with GeneratedClass '/Game/ThirdPersonBP/Maps/ThirdPersonExampleMap.ThirdPersonExampleMap_C' with ClassGeneratedBy '/Game/ThirdPersonBP/Maps/ThirdPersonExampleMap.ThirdPersonExampleMap:PersistentLevel.ThirdPersonExampleMap'
[2015.12.28-01.25.08:582][112]LogPlayLevel: PlayLevel: No blueprints needed recompiling
[2015.12.28-01.25.08:583][112]PIE: New page: PIE session: VerticalSlicePersitantLevel (Dec 27, 2015, 9:25:08 AM)
[2015.12.28-01.25.08:583][112]LogPlayLevel: Creating play world package: /Game/Maps/UEDPIE_0_VerticalSlicePersitantLevel
[2015.12.28-01.25.08:604][112]LogPlayLevel: PIE: StaticDuplicateObject took: (0.021618s)
[2015.12.28-01.25.08:605][112]LogAIModule: Creating AISystem for world VerticalSlicePersitantLevel
[2015.12.28-01.25.08:605][112]LogPlayLevel: PIE: World Init took: (0.000706s)
[2015.12.28-01.25.08:605][112]LogPlayLevel: PIE: Created PIE world by copying editor world from /Game/Maps/VerticalSlicePersitantLevel.VerticalSlicePersitantLevel to /Game/Maps/UEDPIE_0_VerticalSlicePersitantLevel.VerticalSlicePersitantLevel (0.022598s)
[2015.12.28-01.25.08:641][112]LogInit: XAudio2 using 'Speakers (Realtek High Definition Audio)' : 2 channels at 48 kHz using 32 bits per sample (channel mask 0x3)
[2015.12.28-01.25.08:681][112]LogInit: FAudioDevice initialized.
[2015.12.28-01.25.08:764][112]LogWorld: Game class is '2dFlipBookGameMode_C'
[2015.12.28-01.25.08:767][112]LogWorld: Bringing World /Game/Maps/UEDPIE_0_VerticalSlicePersitantLevel.VerticalSlicePersitantLevel up for play (max tick rate 0) at 2015.12.27-17.25.08
[2015.12.28-01.25.08:768][112]LogActor:Warning: GameSession /Game/Maps/UEDPIE_0_VerticalSlicePersitantLevel.VerticalSlicePersitantLevel:PersistentLevel.GameSession_0 has natively added scene component(s), but none of them were set as the actor's RootComponent - picking one arbitrarily
[2015.12.28-01.25.08:768][112]LogActor:Warning: GameNetworkManager /Game/Maps/UEDPIE_0_VerticalSlicePersitantLevel.VerticalSlicePersitantLevel:PersistentLevel.GameNetworkManager_0 has natively added scene component(s), but none of them were set as the actor's RootComponent - picking one arbitrarily
[2015.12.28-01.25.08:768][112]LogWorld: Bringing up level for play took: 0.002753
[2015.12.28-01.25.08:773][112]LogLevel: ActivateLevel /Game/Maps/UEDPIE_0_Plaza_Blockout 1 1 1
[2015.12.28-01.25.08:787][112]PIE: Info Play in editor start time for /Game/Maps/UEDPIE_0_VerticalSlicePersitantLevel 0.361
[2015.12.28-01.25.08:787][112]LogBlueprintUserMessages: Late PlayInEditor Detection: Level '/Game/Maps/VerticalSlicePersitantLevel.VerticalSlicePersitantLevel:PersistentLevel' has LevelScriptBlueprint '/Game/Maps/VerticalSlicePersitantLevel.VerticalSlicePersitantLevel:PersistentLevel.VerticalSlicePersitantLevel' with GeneratedClass '/Game/Maps/VerticalSlicePersitantLevel.VerticalSlicePersitantLevel_C' with ClassGeneratedBy '/Game/Maps/VerticalSlicePersitantLevel.VerticalSlicePersitantLevel:PersistentLevel.VerticalSlicePersitantLevel'
[2015.12.28-01.25.08:787][112]LogBlueprintUserMessages: Late PlayInEditor Detection: Level '/Game/Maps/Plaza_Blockout.Plaza_Blockout:PersistentLevel' has LevelScriptBlueprint '/Game/Maps/Plaza_Blockout.Plaza_Blockout:PersistentLevel.Plaza_Blockout' with GeneratedClass '/Game/Maps/Plaza_Blockout.Plaza_Blockout_C' with ClassGeneratedBy '/Game/Maps/Plaza_Blockout.Plaza_Blockout:PersistentLevel.Plaza_Blockout'
[2015.12.28-01.25.08:787][112]LogBlueprintUserMessages: Late PlayInEditor Detection: Level '/Game/Maps/Basement_Blockout.Basement_Blockout:PersistentLevel' has LevelScriptBlueprint '/Game/Maps/Basement_Blockout.Basement_Blockout:PersistentLevel.Basement_Blockout' with GeneratedClass '/Game/Maps/Basement_Blockout.Basement_Blockout_C' with ClassGeneratedBy '/Game/Maps/Basement_Blockout.Basement_Blockout:PersistentLevel.Basement_Blockout'
[2015.12.28-01.25.08:787][112]LogBlueprintUserMessages: Late PlayInEditor Detection: Level '/Game/ThirdPersonBP/Maps/ThirdPersonExampleMap.ThirdPersonExampleMap:PersistentLevel' has LevelScriptBlueprint '/Game/ThirdPersonBP/Maps/ThirdPersonExampleMap.ThirdPersonExampleMap:PersistentLevel.ThirdPersonExampleMap' with GeneratedClass '/Game/ThirdPersonBP/Maps/ThirdPersonExampleMap.ThirdPersonExampleMap_C' with ClassGeneratedBy '/Game/ThirdPersonBP/Maps/ThirdPersonExampleMap.ThirdPersonExampleMap:PersistentLevel.ThirdPersonExampleMap'
[2015.12.28-01.25.08:878][112]LogWorld: PIE: Copying PIE streaming level from /Game/Maps/Plaza_Blockout.Plaza_Blockout to /Game/Maps/UEDPIE_0_Plaza_Blockout.Plaza_Blockout. OwningWorld: /Game/Maps/UEDPIE_0_VerticalSlicePersitantLevel.VerticalSlicePersitantLevel
[2015.12.28-01.25.08:902][113]LogRenderer: Reallocating scene render targets to support 2560x1440 (Frame:566).
[2015.12.28-01.25.08:913][113]LogRenderTargetPool:Warning: r.RenderTargetPoolMin exceeded 406/400 MB (ok in editor, bad on fixed memory platform)
[2015.12.28-01.25.09:362][135]LogNet: Browse: /game/maps/basement_blockout
[2015.12.28-01.25.09:382][135]LogLoad: LoadMap: /game/maps/basement_blockout
[2015.12.28-01.25.09:431][135]LogParticles: Destroying 0 GPU particle simulations for FXSystem 0x000000001D1665C0
[2015.12.28-01.25.09:431][135]Cmd: MEM
[2015.12.28-01.25.09:464][135]LogMemory: Platform Memory Stats for Windows
[2015.12.28-01.25.09:464][135]LogMemory: Process Physical Memory: 1080.65 MB used, 1082.75 MB peak
[2015.12.28-01.25.09:464][135]LogMemory: Process Virtual Memory: 1006.18 MB used, 1009.31 MB peak
[2015.12.28-01.25.09:464][135]LogMemory: Physical Memory: 6007.21 MB used, 8109.12 MB total
[2015.12.28-01.25.09:464][135]LogMemory: Virtual Memory: 1640.80 MB used, 8388608.00 MB total
[2015.12.28-01.25.09:464][135]LogMemory: 
[2015.12.28-01.25.09:464][135]Allocator Stats for TBB: (not implemented)
[2015.12.28-01.25.09:561][135]LogWindows:Error: Windows GetLastError: The operation completed successfully. (0)
[2015.12.28-01.25.09:999][135]LogCrashTracker: 


[2015.12.28-01.25.09:999][135]LogCrashTracker: 


[2015.12.28-01.25.09:999][135]LogWindows:Error: === Critical error: ===
Assertion failed: WorldContext.World()->GetOutermost()->HasAnyPackageFlags(PKG_PlayInEditor) [File:D:\BuildFarm\buildmachine_++depot+UE4-Releases+4.10\Engine\Source\Runtime\Engine\Private\UnrealEngine.cpp] [Line: 9477] 





[2015.12.28-01.25.10:076][135]LogExit: Executing StaticShutdownAfterError
[2015.12.28-01.25.10:081][135]LogPhysics:Warning: PHYSX: ..\..\PhysX\src\NpScene.cpp (2946) 8 : PxScene::unlockWrite() called without matching call to PxScene::lockWrite(), behaviour will be undefined.
[2015.12.28-01.25.10:081][135]LogPhysics:Warning: PHYSX: ..\..\PhysX\src\NpScene.cpp (2946) 8 : PxScene::unlockWrite() called without matching call to PxScene::lockWrite(), behaviour will be undefined.
[2015.12.28-01.25.10:081][135]LogPhysics:Warning: PHYSX: ..\..\PhysX\src\NpScene.cpp (2946) 8 : PxScene::unlockWrite() called without matching call to PxScene::lockWrite(), behaviour will be undefined.
[2015.12.28-01.25.10:082][135]LogPhysics:Warning: PHYSX: ..\..\PhysX\src\NpScene.cpp (2946) 8 : PxScene::unlockWrite() called without matching call to PxScene::lockWrite(), behaviour will be undefined.
[2015.12.28-01.25.10:082][135]LogPhysics:Warning: PHYSX: ..\..\PhysX\src\NpScene.cpp (2946) 8 : PxScene::unlockWrite() called without matching call to PxScene::lockWrite(), behaviour will be undefined.
[2015.12.28-01.25.10:082][135]LogPhysics:Warning: PHYSX: ..\..\PhysX\src\NpScene.cpp (2946) 8 : PxScene::unlockWrite() called without matching call to PxScene::lockWrite(), behaviour will be undefined.
[2015.12.28-01.25.10:082][135]LogWindows: FPlatformMisc::RequestExit(1)
[2015.12.28-01.25.10:082][135]Log file closed, 12/27/15 17:25:10
