[2015.12.25-21.25.55:091][  0]Log file open, 12/25/15 13:25:55
[2015.12.25-21.25.55:091][  0]LogInit:Display: Running engine for game: MyProject19
[2015.12.25-21.25.55:091][  0]LogPlatformFile: Not using cached read wrapper
[2015.12.25-21.25.55:091][  0]LogInit:Display: RandInit(1371465758) SRandInit(1371465759).
[2015.12.25-21.25.55:091][  0]LogTaskGraph: Started task graph with 4 named threads and 7 total threads.
[2015.12.25-21.25.55:091][  0]LogStats: Stats thread started at 4.561870
[2015.12.25-21.25.55:091][  0]LogInit: Version: 4.10.1-2791327+++depot+UE4-Releases+4.10
[2015.12.25-21.25.55:091][  0]LogInit: API Version: 2758231
[2015.12.25-21.25.55:091][  0]LogInit: Compiled (64-bit): Dec  4 2015 19:44:40
[2015.12.25-21.25.55:091][  0]LogInit: Compiled with Visual C++: 19.00.23026.00
[2015.12.25-21.25.55:091][  0]LogInit: Build Configuration: Development
[2015.12.25-21.25.55:091][  0]LogInit: Branch Name: ++depot+UE4-Releases+4.10
[2015.12.25-21.25.55:091][  0]LogInit: Command line:  
[2015.12.25-21.25.55:091][  0]LogInit: Base directory: C:/Program Files/Epic Games/4.10/Engine/Binaries/Win64/
[2015.12.25-21.25.55:091][  0]LogInit: Rocket: 1
[2015.12.25-21.25.56:451][  0]LogInit: Using libcurl 7.41.0
[2015.12.25-21.25.56:451][  0]LogInit:  - built for x86_64-pc-win32
[2015.12.25-21.25.56:451][  0]LogInit:  - supports SSL with WinSSL
[2015.12.25-21.25.56:451][  0]LogInit:  - other features:
[2015.12.25-21.25.56:451][  0]LogInit:      CURL_VERSION_SSL
[2015.12.25-21.25.56:451][  0]LogInit:      CURL_VERSION_IPV6
[2015.12.25-21.25.56:475][  0]LogInit:      CURL_VERSION_ASYNCHDNS
[2015.12.25-21.25.56:475][  0]LogInit:      CURL_VERSION_LARGEFILE
[2015.12.25-21.25.56:475][  0]LogInit:      CURL_VERSION_IDN
[2015.12.25-21.25.56:574][  0]LogInit:  CurlRequestOptions (configurable via config and command line):
[2015.12.25-21.25.56:574][  0]LogInit:  - bVerifyPeer = true  - Libcurl will verify peer certificate
[2015.12.25-21.25.56:574][  0]LogInit:  - bUseHttpProxy = false  - Libcurl will NOT use HTTP proxy
[2015.12.25-21.25.56:574][  0]LogInit:  - bDontReuseConnections = false  - Libcurl will reuse connections
[2015.12.25-21.25.56:598][  0]LogInit:  - CertBundlePath = nullptr  - Libcurl will use whatever was configured at build time.
[2015.12.25-21.25.57:817][  0]LogInit: Presizing for 0 objects not considered by GC, pre-allocating 0 bytes.
[2015.12.25-21.25.58:026][  0]LogInit: Object subsystem initialized
[2015.12.25-21.25.59:464][  0]LogInit: Selected Device Profile: [Windows]
[2015.12.25-21.25.59:464][  0]LogInit: Applying CVar settings loaded from the selected device profile: [Windows]
[2015.12.25-21.25.59:708][  0]LogInit: Computer: MATT-PC
[2015.12.25-21.25.59:708][  0]LogInit: User: Matt
[2015.12.25-21.25.59:708][  0]LogInit: CPU Page size=4096, Cores=4
[2015.12.25-21.25.59:708][  0]LogInit: High frequency timer resolution =3.020527 MHz
[2015.12.25-21.25.59:708][  0]LogMemory: Memory total: Physical=7.9GB (8GB approx)
[2015.12.25-21.25.59:708][  0]LogMemory: Platform Memory Stats for Windows
[2015.12.25-21.25.59:708][  0]LogMemory: Process Physical Memory: 60.34 MB used, 60.34 MB peak
[2015.12.25-21.25.59:708][  0]LogMemory: Process Virtual Memory: 60.63 MB used, 60.63 MB peak
[2015.12.25-21.25.59:708][  0]LogMemory: Physical Memory: 4268.39 MB used, 8109.12 MB total
[2015.12.25-21.25.59:708][  0]LogMemory: Virtual Memory: 354.33 MB used, 8388608.00 MB total
[2015.12.25-21.26.07:091][  0]LogTextLocalizationManager: No specific translations for ('en-US') exist, so ('en') translations will be used.
[2015.12.25-21.26.12:765][  0]LogD3D11RHI: Found D3D11 adapter 0: AMD Radeon HD 7800 Series (Feature Level 11_0)
[2015.12.25-21.26.12:765][  0]LogD3D11RHI: Adapter has 2029MB of dedicated video memory, 0MB of dedicated system memory, and 3798MB of shared system memory, 1 output[s]
[2015.12.25-21.26.13:750][  0]LogD3D11RHI: Found D3D11 adapter 1: Intel(R) HD Graphics (Feature Level 11_0)
[2015.12.25-21.26.13:750][  0]LogD3D11RHI: Adapter has 64MB of dedicated video memory, 0MB of dedicated system memory, and 1632MB of shared system memory, 0 output[s]
[2015.12.25-21.26.13:750][  0]LogD3D11RHI: Chosen D3D11 Adapter Id = 0
[2015.12.25-21.26.13:756][  0]LogD3D11RHI: !Direct3DDevice
[2015.12.25-21.26.13:757][  0]LogRHI: Texture pool is 1361 MB (70% of 1945 MB)
[2015.12.25-21.26.13:761][  0]LogD3D11RHI: Async texture creation disabled: no driver support
[2015.12.25-21.26.14:307][  0]LogShaderCompilers: Guid format shader working directory is -29 characters bigger than the processId version (../../../../../../Users/Matt/Documents/GitHub/P3NGUIN/P3NGUIN/MyProject19/Intermediate/Shaders/WorkingDirectory/12724/).
[2015.12.25-21.26.14:307][  0]LogShaderCompilers: Cleaned the shader compiler working directory 'C:/Users/Matt/AppData/Local/Temp/UnrealShaderWorkingDir/B5175B6746B9CB767892AE977E90A8A4/'.
[2015.12.25-21.26.14:330][  0]LogShaderCompilers:Display: Using Local Shader Compiler.
[2015.12.25-21.26.31:607][  0]LogTemp:Display: Loaded TP AllDesktopTargetPlatform
[2015.12.25-21.26.31:614][  0]LogTemp:Display: Loaded TP WindowsClientTargetPlatform
[2015.12.25-21.26.31:620][  0]LogTemp:Display: Loaded TP WindowsNoEditorTargetPlatform
[2015.12.25-21.26.31:626][  0]LogTemp:Display: Loaded TP WindowsServerTargetPlatform
[2015.12.25-21.26.31:637][  0]LogTemp:Display: Loaded TP WindowsTargetPlatform
[2015.12.25-21.26.31:646][  0]LogTemp:Display: Loaded TP AndroidTargetPlatform
[2015.12.25-21.26.31:651][  0]LogTemp:Display: Loaded TP Android_ASTCTargetPlatform
[2015.12.25-21.26.31:670][  0]LogTemp:Display: Loaded TP Android_ATCTargetPlatform
[2015.12.25-21.26.31:696][  0]LogTemp:Display: Loaded TP Android_DXTTargetPlatform
[2015.12.25-21.26.31:715][  0]LogTemp:Display: Loaded TP Android_ETC1TargetPlatform
[2015.12.25-21.26.31:760][  0]LogTemp:Display: Loaded TP Android_ETC2TargetPlatform
[2015.12.25-21.26.31:786][  0]LogTemp:Display: Loaded TP Android_MultiTargetPlatform
[2015.12.25-21.26.31:786][  0]LogTemp:Display: Loaded TP Android_PVRTCTargetPlatform
[2015.12.25-21.26.31:804][  0]LogTemp:Display: Loaded TP HTML5TargetPlatform
[2015.12.25-21.26.31:856][  0]LogTemp:Display: Loaded TP IOSTargetPlatform
[2015.12.25-21.26.31:860][  0]LogTemp:Display: Loaded TP LinuxNoEditorTargetPlatform
[2015.12.25-21.26.31:865][  0]LogTemp:Display: Loaded TP LinuxServerTargetPlatform
[2015.12.25-21.26.31:887][  0]LogTemp:Display: Loaded TP LinuxTargetPlatform
[2015.12.25-21.26.31:887][  0]LogTargetPlatformManager:Display: Building Assets For Windows
[2015.12.25-21.26.33:365][  0]LogDerivedDataCache:Display: Max Cache Size: 512 MB
[2015.12.25-21.26.34:479][  0]LogDerivedDataCache: Loaded boot cache 1.11s 41MB C:/Users/Matt/AppData/Local/UnrealEngine/4.10/DerivedDataCache/Boot.ddc.
[2015.12.25-21.26.34:479][  0]LogDerivedDataCache:Display: Loaded Boot cache: C:/Users/Matt/AppData/Local/UnrealEngine/4.10/DerivedDataCache/Boot.ddc
[2015.12.25-21.26.34:479][  0]LogDerivedDataCache: FDerivedDataBackendGraph:  Pak pak cache file ../../../../../../Users/Matt/Documents/GitHub/P3NGUIN/P3NGUIN/MyProject19/DerivedDataCache/DDC.ddp not found, will not use a pak cache.
[2015.12.25-21.26.34:479][  0]LogDerivedDataCache: Unable to find inner node Pak for hierarchical cache Hierarchy.
[2015.12.25-21.26.34:479][  0]LogDerivedDataCache: FDerivedDataBackendGraph:  CompressedPak pak cache file ../../../../../../Users/Matt/Documents/GitHub/P3NGUIN/P3NGUIN/MyProject19/DerivedDataCache/Compressed.ddp not found, will not use a pak cache.
[2015.12.25-21.26.34:479][  0]LogDerivedDataCache: Unable to find inner node CompressedPak for hierarchical cache Hierarchy.
[2015.12.25-21.26.34:600][  0]LogDerivedDataCache:Display: Pak cache opened for reading ../../../Engine/DerivedDataCache/Compressed.ddp.
[2015.12.25-21.26.34:655][  0]LogDerivedDataCache: Using Local data cache path C:/Users/Matt/AppData/Local/UnrealEngine/Common/DerivedDataCache: Writable
[2015.12.25-21.26.44:354][  0]LogInit: Selected Device Profile: [Windows]
[2015.12.25-21.26.44:457][  0]LogContentStreaming: Texture pool size is 0.000000MB
[2015.12.25-21.26.45:427][  0]LogMeshUtilities: No automatic mesh reduction module available
[2015.12.25-21.26.45:427][  0]LogMeshUtilities: No automatic mesh merging module available
[2015.12.25-21.26.50:142][  0]LogInit: WinSock: version 1.1 (2.2), MaxSocks=32767, MaxUdp=65467
[2015.12.25-21.27.33:539][  0]UdpMessaging: Initializing bridge on interface 0.0.0.0:0 to multicast group 230.0.0.1:6666.
[2015.12.25-21.27.34:643][  0]LogAssetRegistry: FAssetRegistry took 0.0152 seconds to start up
[2015.12.25-21.27.41:625][  0]SourceControl: Info Source control is disabled
[2015.12.25-21.27.41:645][  0]SourceControl: Info Source control is disabled
[2015.12.25-21.27.41:851][  0]SourceControl: Info Source control is disabled
[2015.12.25-21.27.42:623][  0]SourceControl: Info Source control is disabled
[2015.12.25-21.28.00:233][  0]LogObj: 28633 objects as part of root set at end of initial load.
[2015.12.25-21.28.00:233][  0]LogUObjectAllocator: 6099752 out of 0 bytes used by permanent object pool.
[2015.12.25-21.28.00:892][  0]LogEngine: Initializing Engine...
[2015.12.25-21.28.00:936][  0]LogHMD: Can't find Oculus library dev build: is proper Runtime installed? Version: 0.8.0.0
[2015.12.25-21.28.01:091][  0]LogHMD: SteamVR failed to initialize.  Err: 110
[2015.12.25-21.28.02:394][  0]LogAIModule: Creating AISystem for world NewWorld
[2015.12.25-21.28.03:234][  0]LogInit: XAudio2 using 'Speakers (Realtek High Definition Audio)' : 2 channels at 48 kHz using 32 bits per sample (channel mask 0x3)
[2015.12.25-21.28.03:508][  0]LogInit: FAudioDevice initialized.
[2015.12.25-21.28.03:533][  0]LogDerivedDataCache: Saved boot cache 0.02s 41MB C:/Users/Matt/AppData/Local/UnrealEngine/4.10/DerivedDataCache/Boot.ddc.
[2015.12.25-21.28.03:535][  0]LogInit: Texture streaming: Enabled
[2015.12.25-21.28.03:638][  0]LogAnalytics: Creating configured Analytics provider AnalyticsET
[2015.12.25-21.28.03:658][  0]LogAnalytics: [UEEditor.Rocket.Release] APIServer = http://et2.epicgames.com/ET2/. AppVersion = 4.10.1-2791327+++depot+UE4-Releases+4.10
[2015.12.25-21.28.03:658][  0]LogAnalytics: [UEEditor.Rocket.Release] SetUserId de43219841e5038bf49fbfa481591ee0|4e461f00ab6f49d29405414d884919d6|9448dfb4-8168-4a85-8046-6b7a073564d8
[2015.12.25-21.28.03:945][  0]LogAnalytics: [UEEditor.Rocket.Release] AnalyticsET::StartSession
[2015.12.25-21.28.06:939][  0]LogInit: Transaction tracking system initialized
[2015.12.25-21.28.09:276][  0]BlueprintLog: New page: Editor Load
[2015.12.25-21.28.20:293][  0]LocalizationService: Info Localization service is disabled
[2015.12.25-21.28.23:338][  0]LogConsoleResponse:Display: 
[2015.12.25-21.28.29:306][  0]LogFileCache: Scanning file cache for directory 'C:/Users/Matt/Documents/GitHub/P3NGUIN/P3NGUIN/MyProject19/Content/' took 0.02s
[2015.12.25-21.28.29:306][  0]LogCook:Display: Done creating registry. It took  0.00s.
[2015.12.25-21.28.33:852][  0]SourceControl: Info Source control is disabled
[2015.12.25-21.28.33:927][  0]Cmd: MAP LOAD FILE="../../../../../../Users/Matt/Documents/GitHub/P3NGUIN/P3NGUIN/MyProject19/Content/Maps/Plaza_Blockout.umap" TEMPLATE=0 SHOWPROGRESS=1 FEATURELEVEL=3
[2015.12.25-21.28.34:018][  0]LightingResults: New page: Lighting Build
[2015.12.25-21.28.34:695][  0]MapCheck: New page: Map Check
[2015.12.25-21.28.34:695][  0]LightingResults: New page: Lighting Build
[2015.12.25-21.28.36:393][  0]LogParticles: Destroying 0 GPU particle simulations for FXSystem 0x0000000020E86160
[2015.12.25-21.28.44:587][  0]LogAIModule: Creating AISystem for world Plaza_Blockout
[2015.12.25-21.28.45:137][  0]LogEditorServer: Finished looking for orphan Actors (0.000 secs)
[2015.12.25-21.28.45:216][  0]Cmd: MAP CHECKDEP NOCLEARLOG
[2015.12.25-21.28.45:389][  0]MapCheck: Info Map check complete: 0 Error(s), 0 Warning(s), took 172.114ms to complete.
[2015.12.25-21.28.45:389][  0]LogFileHelpers: Loading map 'Plaza_Blockout' took 11.503
[2015.12.25-21.28.47:714][  0]LogCollectionManager: Loaded 0 collections in 0.002884 seconds
[2015.12.25-21.28.47:956][  0]LogFileCache: Scanning file cache for directory 'C:/Users/Matt/Documents/GitHub/P3NGUIN/P3NGUIN/MyProject19/Saved/Collections/' took 0.01s
[2015.12.25-21.28.47:956][  0]LogFileCache: Scanning file cache for directory 'C:/Users/Matt/Documents/GitHub/P3NGUIN/P3NGUIN/MyProject19/Content/Developers/Matt/Collections/' took 0.01s
[2015.12.25-21.28.47:956][  0]LogFileCache: Scanning file cache for directory 'C:/Users/Matt/Documents/GitHub/P3NGUIN/P3NGUIN/MyProject19/Content/Collections/' took 0.01s
[2015.12.25-21.28.47:956][  0]LogCollectionManager: Rebuilt the GUID cache for 0 collections in 0.000002 seconds
[2015.12.25-21.28.47:979][  0]LogContentBrowser: Native class hierarchy populated in 0.0222 seconds. Added 1893 classes and 338 folders.
[2015.12.25-21.28.48:055][  0]LogContentBrowser: Native class hierarchy updated for 'WidgetCarousel' in 0.0005 seconds. Added 0 classes and 0 folders.
[2015.12.25-21.28.49:670][  0]LogContentBrowser: Native class hierarchy updated for 'AddContentDialog' in 0.0005 seconds. Added 0 classes and 0 folders.
[2015.12.25-21.28.49:749][  0]LogContentBrowser: Native class hierarchy updated for 'SceneOutliner' in 0.0006 seconds. Added 1 classes and 2 folders.
[2015.12.25-21.28.50:389][  0]LogContentBrowser: Native class hierarchy updated for 'WorldBrowser' in 0.0006 seconds. Added 1 classes and 3 folders.
[2015.12.25-21.28.50:440][  0]LogCrashTracker: Crashtracker disabled due to settings.
[2015.12.25-21.28.51:199][  0]LogUObjectGlobals:Warning: Failed to find object 'Class None.'
[2015.12.25-21.28.51:264][  0]LogLoad: Full Startup: 191.01 seconds (BP compile: 1.30 seconds)
[2015.12.25-21.28.51:633][  0]LogOcInput: Can't find Oculus library dev build: is proper Runtime installed? Version: 0.8.0.0
[2015.12.25-21.28.53:121][  0]LogContentStreaming: Texture pool size now 1000 MB
[2015.12.25-21.28.54:379][  0]LogRenderer: Reallocating scene render targets to support 892x516 (Frame:2).
[2015.12.25-21.28.55:869][  3]LogAssetRegistry: Asset discovery search completed in 81.2352 seconds
[2015.12.25-21.28.55:872][  3]LogCollectionManager: Rebuilt the object cache for 0 collections in 0.000001 seconds (found 0 objects)
[2015.12.25-21.28.55:872][  3]LogCollectionManager: Fixed up redirectors for 0 collections in 0.000038 seconds (updated 0 objects)
[2015.12.25-21.30.23:528][697]LogBlueprintUserMessages: Early PlayInEditor Detection: Level '/Game/Maps/Plaza_Blockout.Plaza_Blockout:PersistentLevel' has LevelScriptBlueprint '/Game/Maps/Plaza_Blockout.Plaza_Blockout:PersistentLevel.Plaza_Blockout' with GeneratedClass '/Game/Maps/Plaza_Blockout.Plaza_Blockout_C' with ClassGeneratedBy '/Game/Maps/Plaza_Blockout.Plaza_Blockout:PersistentLevel.Plaza_Blockout'
[2015.12.25-21.30.23:528][697]LogPlayLevel: PlayLevel: No blueprints needed recompiling
[2015.12.25-21.30.23:639][697]PIE: New page: PIE session: Plaza_Blockout (Dec 25, 2015, 5:30:23 AM)
[2015.12.25-21.30.23:639][697]LogPlayLevel: Creating play world package: /Game/Maps/UEDPIE_0_Plaza_Blockout
[2015.12.25-21.30.23:794][697]LogPlayLevel: PIE: StaticDuplicateObject took: (0.154968s)
[2015.12.25-21.30.23:795][697]LogAIModule: Creating AISystem for world Plaza_Blockout
[2015.12.25-21.30.23:795][697]LogPlayLevel: PIE: World Init took: (0.000817s)
[2015.12.25-21.30.23:795][697]LogPlayLevel: PIE: Created PIE world by copying editor world from /Game/Maps/Plaza_Blockout.Plaza_Blockout to /Game/Maps/UEDPIE_0_Plaza_Blockout.Plaza_Blockout (0.156138s)
[2015.12.25-21.30.24:001][697]LogInit: XAudio2 using 'Speakers (Realtek High Definition Audio)' : 2 channels at 48 kHz using 32 bits per sample (channel mask 0x3)
[2015.12.25-21.30.24:042][697]LogInit: FAudioDevice initialized.
[2015.12.25-21.30.24:899][697]LogLinker:Warning: Asset '../../../../../../Users/Matt/Documents/GitHub/P3NGUIN/P3NGUIN/MyProject19/Content/Mannequin/Animations/ThirdPerson_AnimBP.uasset' has been saved with empty engine version. The asset will be loaded but may be incompatible.
[2015.12.25-21.30.25:051][697]LogLinker:Warning: Asset '../../../../../../Users/Matt/Documents/GitHub/P3NGUIN/P3NGUIN/MyProject19/Content/Mannequin/Animations/ThirdPerson_Jump.uasset' has been saved with empty engine version. The asset will be loaded but may be incompatible.
[2015.12.25-21.30.25:166][697]LogLinker:Warning: Asset '../../../../../../Users/Matt/Documents/GitHub/P3NGUIN/P3NGUIN/MyProject19/Content/Mannequin/Animations/ThirdPersonJump_Loop.uasset' has been saved with empty engine version. The asset will be loaded but may be incompatible.
[2015.12.25-21.30.25:196][697]LogLinker:Warning: Asset '../../../../../../Users/Matt/Documents/GitHub/P3NGUIN/P3NGUIN/MyProject19/Content/Mannequin/Animations/ThirdPersonJump_Start.uasset' has been saved with empty engine version. The asset will be loaded but may be incompatible.
[2015.12.25-21.30.25:233][697]LogLinker:Warning: Asset '../../../../../../Users/Matt/Documents/GitHub/P3NGUIN/P3NGUIN/MyProject19/Content/Mannequin/Animations/ThirdPerson_IdleRun_2D.uasset' has been saved with empty engine version. The asset will be loaded but may be incompatible.
[2015.12.25-21.30.25:244][697]LogLinker:Warning: Asset '../../../../../../Users/Matt/Documents/GitHub/P3NGUIN/P3NGUIN/MyProject19/Content/Mannequin/Animations/ThirdPersonIdle.uasset' has been saved with empty engine version. The asset will be loaded but may be incompatible.
[2015.12.25-21.30.25:259][697]LogLinker:Warning: Asset '../../../../../../Users/Matt/Documents/GitHub/P3NGUIN/P3NGUIN/MyProject19/Content/Mannequin/Animations/ThirdPersonRun.uasset' has been saved with empty engine version. The asset will be loaded but may be incompatible.
[2015.12.25-21.30.25:270][697]LogLinker:Warning: Asset '../../../../../../Users/Matt/Documents/GitHub/P3NGUIN/P3NGUIN/MyProject19/Content/Mannequin/Animations/ThirdPersonWalk.uasset' has been saved with empty engine version. The asset will be loaded but may be incompatible.
[2015.12.25-21.30.27:743][697]LogBlueprint:Warning: [compiler ThirdPersonCharacter] Warning 'AbilitiesMenu' is already a 'Ability Menu', you don't need  Cast To AbilityMenu .
[2015.12.25-21.30.27:746][697]LogBlueprint:Warning: [compiler ThirdPersonCharacter] Warning 'PointerClass' is already a 'Pointer', you don't need  Cast To Pointer .
[2015.12.25-21.30.27:748][697]LogBlueprint:Warning: [compiler ThirdPersonCharacter] Warning No value will be returned by reference. Parameter 'EndTime'. Node:  (none) 
[2015.12.25-21.30.27:759][697]LogBlueprint:Warning: [compiler ThirdPersonCharacter] Warning 'SecondPointer' is already a 'Pointer 2', you don't need  Cast To Pointer2 .
[2015.12.25-21.30.27:777][697]LogBlueprint:Warning: [compiler ThirdPersonCharacter] Warning [0287.52] Compile of ThirdPersonCharacter successful, but with 4 Warning(s) [in 195 ms]
[2015.12.25-21.30.27:778][697]LogBlueprint:Warning: [compiler ThirdPersonCharacter] Warning [0287.52] Compile of ThirdPersonCharacter successful, but with 5 Warning(s) [in 0 ms]
[2015.12.25-21.30.27:778][697]LogBlueprint:Warning: [compiler ThirdPersonCharacter] Warning [0287.52] Compile of ThirdPersonCharacter successful, but with 6 Warning(s) [in 0 ms]
[2015.12.25-21.30.27:882][697]LogBlueprint:Warning: [compiler AbilityMenu] Warning 'ReturnValue' is already a 'Listed Item', you don't need  Cast To ListedItem .
[2015.12.25-21.30.27:883][697]LogBlueprint:Warning: [compiler AbilityMenu] Warning 'ReturnValue' is already a 'Listed Item', you don't need  Cast To ListedItem .
[2015.12.25-21.30.27:887][697]LogBlueprint:Warning: [compiler AbilityMenu] Warning [0287.63] Compile of AbilityMenu successful, but with 2 Warning(s) [in 48 ms]
[2015.12.25-21.30.27:889][697]LogBlueprint:Warning: [compiler AbilityMenu] Warning [0287.63] Compile of AbilityMenu successful, but with 3 Warning(s) [in 1 ms]
[2015.12.25-21.30.27:889][697]LogBlueprint:Warning: [compiler AbilityMenu] Warning [0287.63] Compile of AbilityMenu successful, but with 4 Warning(s) [in 0 ms]
[2015.12.25-21.30.27:943][697]LogBlueprint:Warning: [compiler FreeMovementLocator] Warning 'Third Person Character 2D' does not inherit from 'Player Controller' ( Cast To ThirdPersonCharacter2D  would always fail).
[2015.12.25-21.30.27:943][697]LogBlueprint:Warning: [compiler FreeMovementLocator] Warning [0287.68] Compile of FreeMovementLocator successful, but with 1 Warning(s) [in 4 ms]
[2015.12.25-21.30.27:944][697]LogBlueprint:Warning: [compiler FreeMovementLocator] Warning [0287.68] Compile of FreeMovementLocator successful, but with 2 Warning(s) [in 0 ms]
[2015.12.25-21.30.27:944][697]LogBlueprint:Warning: [compiler FreeMovementLocator] Warning [0287.68] Compile of FreeMovementLocator successful, but with 3 Warning(s) [in 0 ms]
[2015.12.25-21.30.29:001][697]LogBlueprint:Warning: [compiler ThirdPersonCharacter2D] Warning No value will be returned by reference. Parameter 'EndTime'. Node:  (none) 
[2015.12.25-21.30.29:021][697]LogBlueprint:Warning: [compiler ThirdPersonCharacter2D] Warning 'AbilitiesMenu' is already a 'Ability Menu', you don't need  Cast To AbilityMenu .
[2015.12.25-21.30.29:022][697]LogBlueprint:Warning: [compiler ThirdPersonCharacter2D] Warning 'ReturnValue' is already a 'Knife', you don't need  Cast To Knife .
[2015.12.25-21.30.29:034][697]LogBlueprint:Warning: [compiler ThirdPersonCharacter2D] Warning 'SecondPointer' is already a 'Pointer 2', you don't need  Cast To Pointer2 .
[2015.12.25-21.30.29:110][697]LogBlueprint:Warning: [compiler ThirdPersonCharacter2D] Warning [0288.85] Compile of ThirdPersonCharacter2D successful, but with 4 Warning(s) [in 255 ms]
[2015.12.25-21.30.29:111][697]LogBlueprint:Warning: [compiler ThirdPersonCharacter2D] Warning [0288.85] Compile of ThirdPersonCharacter2D successful, but with 5 Warning(s) [in 0 ms]
[2015.12.25-21.30.29:111][697]LogBlueprint:Warning: [compiler ThirdPersonCharacter2D] Warning [0288.85] Compile of ThirdPersonCharacter2D successful, but with 6 Warning(s) [in 0 ms]
[2015.12.25-21.30.29:117][697]LogBlueprint:Warning: [compiler FreeMovementLocator] Warning 'Third Person Character 2D' does not inherit from 'Player Controller' ( Cast To ThirdPersonCharacter2D  would always fail).
[2015.12.25-21.30.29:118][697]LogBlueprint:Warning: [compiler FreeMovementLocator] Warning [0288.86] Compile of FreeMovementLocator successful, but with 1 Warning(s) [in 4 ms]
[2015.12.25-21.30.29:118][697]LogBlueprint:Warning: [compiler FreeMovementLocator] Warning [0288.86] Compile of FreeMovementLocator successful, but with 2 Warning(s) [in 0 ms]
[2015.12.25-21.30.29:121][697]LogBlueprint:Warning: [compiler FreeMovementLocator] Warning [0288.86] Compile of FreeMovementLocator successful, but with 3 Warning(s) [in 3 ms]
[2015.12.25-21.30.29:230][697]LogBlueprint:Warning: [compiler AbilityMenu] Warning 'ReturnValue' is already a 'Listed Item', you don't need  Cast To ListedItem .
[2015.12.25-21.30.29:230][697]LogBlueprint:Warning: [compiler AbilityMenu] Warning 'ReturnValue' is already a 'Listed Item', you don't need  Cast To ListedItem .
[2015.12.25-21.30.29:234][697]LogBlueprint:Warning: [compiler AbilityMenu] Warning [0288.97] Compile of AbilityMenu successful, but with 2 Warning(s) [in 48 ms]
[2015.12.25-21.30.29:234][697]LogBlueprint:Warning: [compiler AbilityMenu] Warning [0288.97] Compile of AbilityMenu successful, but with 3 Warning(s) [in 0 ms]
[2015.12.25-21.30.29:239][697]LogBlueprint:Warning: [compiler AbilityMenu] Warning [0288.98] Compile of AbilityMenu successful, but with 4 Warning(s) [in 5 ms]
[2015.12.25-21.30.29:434][697]LogBlueprint:Warning: [compiler ThirdPersonCharacter] Warning 'AbilitiesMenu' is already a 'Ability Menu', you don't need  Cast To AbilityMenu .
[2015.12.25-21.30.29:437][697]LogBlueprint:Warning: [compiler ThirdPersonCharacter] Warning 'PointerClass' is already a 'Pointer', you don't need  Cast To Pointer .
[2015.12.25-21.30.29:439][697]LogBlueprint:Warning: [compiler ThirdPersonCharacter] Warning No value will be returned by reference. Parameter 'EndTime'. Node:  (none) 
[2015.12.25-21.30.29:450][697]LogBlueprint:Warning: [compiler ThirdPersonCharacter] Warning 'SecondPointer' is already a 'Pointer 2', you don't need  Cast To Pointer2 .
[2015.12.25-21.30.29:468][697]LogBlueprint:Warning: [compiler ThirdPersonCharacter] Warning [0289.21] Compile of ThirdPersonCharacter successful, but with 4 Warning(s) [in 179 ms]
[2015.12.25-21.30.29:468][697]LogBlueprint:Warning: [compiler ThirdPersonCharacter] Warning [0289.21] Compile of ThirdPersonCharacter successful, but with 5 Warning(s) [in 0 ms]
[2015.12.25-21.30.29:468][697]LogBlueprint:Warning: [compiler ThirdPersonCharacter] Warning [0289.21] Compile of ThirdPersonCharacter successful, but with 6 Warning(s) [in 0 ms]
[2015.12.25-21.30.29:654][697]LogBlueprint:Warning: [compiler ThirdPersonCharacter2D] Warning No value will be returned by reference. Parameter 'EndTime'. Node:  (none) 
[2015.12.25-21.30.29:674][697]LogBlueprint:Warning: [compiler ThirdPersonCharacter2D] Warning 'AbilitiesMenu' is already a 'Ability Menu', you don't need  Cast To AbilityMenu .
[2015.12.25-21.30.29:674][697]LogBlueprint:Warning: [compiler ThirdPersonCharacter2D] Warning 'ReturnValue' is already a 'Knife', you don't need  Cast To Knife .
[2015.12.25-21.30.29:687][697]LogBlueprint:Warning: [compiler ThirdPersonCharacter2D] Warning 'SecondPointer' is already a 'Pointer 2', you don't need  Cast To Pointer2 .
[2015.12.25-21.30.29:762][697]LogBlueprint:Warning: [compiler ThirdPersonCharacter2D] Warning [0289.50] Compile of ThirdPersonCharacter2D successful, but with 4 Warning(s) [in 257 ms]
[2015.12.25-21.30.29:762][697]LogBlueprint:Warning: [compiler ThirdPersonCharacter2D] Warning [0289.50] Compile of ThirdPersonCharacter2D successful, but with 5 Warning(s) [in 0 ms]
[2015.12.25-21.30.29:763][697]LogBlueprint:Warning: [compiler ThirdPersonCharacter2D] Warning [0289.50] Compile of ThirdPersonCharacter2D successful, but with 6 Warning(s) [in 0 ms]
[2015.12.25-21.30.35:966][697]LogWorld: Game class is '2dFlipBookGameMode_C'
[2015.12.25-21.30.36:226][697]LogWorld: Bringing World /Game/Maps/UEDPIE_0_Plaza_Blockout.Plaza_Blockout up for play (max tick rate 3) at 2015.12.25-13.30.36
[2015.12.25-21.30.36:226][697]LogActor:Warning: GameSession /Game/Maps/UEDPIE_0_Plaza_Blockout.Plaza_Blockout:PersistentLevel.GameSession_0 has natively added scene component(s), but none of them were set as the actor's RootComponent - picking one arbitrarily
[2015.12.25-21.30.36:227][697]LogActor:Warning: GameNetworkManager /Game/Maps/UEDPIE_0_Plaza_Blockout.Plaza_Blockout:PersistentLevel.GameNetworkManager_0 has natively added scene component(s), but none of them were set as the actor's RootComponent - picking one arbitrarily
[2015.12.25-21.30.36:256][697]LogWorld: Bringing up level for play took: 0.155055
[2015.12.25-21.30.36:606][697]PIE: Info Play in editor start time for /Game/Maps/UEDPIE_0_Plaza_Blockout 13.974
[2015.12.25-21.30.36:606][697]LogBlueprintUserMessages: Late PlayInEditor Detection: Level '/Game/Maps/Plaza_Blockout.Plaza_Blockout:PersistentLevel' has LevelScriptBlueprint '/Game/Maps/Plaza_Blockout.Plaza_Blockout:PersistentLevel.Plaza_Blockout' with GeneratedClass '/Game/Maps/Plaza_Blockout.Plaza_Blockout_C' with ClassGeneratedBy '/Game/Maps/Plaza_Blockout.Plaza_Blockout:PersistentLevel.Plaza_Blockout'
[2015.12.25-21.30.56:598][910]LogNet: Browse: /game/maps/basement_blockout
[2015.12.25-21.30.56:598][910]LogLoad: LoadMap: /game/maps/basement_blockout
[2015.12.25-21.30.56:674][910]LogParticles: Destroying 0 GPU particle simulations for FXSystem 0x000000001E0DA980
[2015.12.25-21.30.56:705][910]Cmd: MEM
[2015.12.25-21.30.56:759][910]LogMemory: Platform Memory Stats for Windows
[2015.12.25-21.30.56:759][910]LogMemory: Process Physical Memory: 693.60 MB used, 696.79 MB peak
[2015.12.25-21.30.56:759][910]LogMemory: Process Virtual Memory: 622.71 MB used, 626.79 MB peak
[2015.12.25-21.30.56:759][910]LogMemory: Physical Memory: 4639.05 MB used, 8109.12 MB total
[2015.12.25-21.30.56:759][910]LogMemory: Virtual Memory: 1248.58 MB used, 8388608.00 MB total
[2015.12.25-21.30.56:759][910]LogMemory: 
[2015.12.25-21.30.56:759][910]Allocator Stats for TBB: (not implemented)
[2015.12.25-21.30.58:157][910]LogAIModule: Creating AISystem for world Basement_Blockout
[2015.12.25-21.30.58:158][910]LogWorld: Game class is '2dFlipBookGameMode_C'
[2015.12.25-21.30.58:184][910]LogWorld: Bringing World /game/maps/UEDPIE_0_basement_blockout.Basement_Blockout up for play (max tick rate 3) at 2015.12.25-13.30.58
[2015.12.25-21.30.58:184][910]LogActor:Warning: GameSession /game/maps/UEDPIE_0_basement_blockout.Basement_Blockout:PersistentLevel.GameSession_1 has natively added scene component(s), but none of them were set as the actor's RootComponent - picking one arbitrarily
[2015.12.25-21.30.58:184][910]LogActor:Warning: GameNetworkManager /game/maps/UEDPIE_0_basement_blockout.Basement_Blockout:PersistentLevel.GameNetworkManager_1 has natively added scene component(s), but none of them were set as the actor's RootComponent - picking one arbitrarily
[2015.12.25-21.30.58:227][910]LogWorld: Bringing up level for play took: 0.054755
[2015.12.25-21.30.58:227][910]LogPathFollowing:Warning: No NavigationData found while trying to cache it for AIController_0's PathFollowingComponent
[2015.12.25-21.31.09:164][276]LogBlueprintUserMessages: Early EndPlayMap Detection: Level '/Game/Maps/Plaza_Blockout.Plaza_Blockout:PersistentLevel' has LevelScriptBlueprint '/Game/Maps/Plaza_Blockout.Plaza_Blockout:PersistentLevel.Plaza_Blockout' with GeneratedClass '/Game/Maps/Plaza_Blockout.Plaza_Blockout_C' with ClassGeneratedBy '/Game/Maps/Plaza_Blockout.Plaza_Blockout:PersistentLevel.Plaza_Blockout'
[2015.12.25-21.31.09:258][276]LogBlueprintUserMessages: Late EndPlayMap Detection: Level '/Game/Maps/Plaza_Blockout.Plaza_Blockout:PersistentLevel' has LevelScriptBlueprint '/Game/Maps/Plaza_Blockout.Plaza_Blockout:PersistentLevel.Plaza_Blockout' with GeneratedClass '/Game/Maps/Plaza_Blockout.Plaza_Blockout_C' with ClassGeneratedBy '/Game/Maps/Plaza_Blockout.Plaza_Blockout:PersistentLevel.Plaza_Blockout'
[2015.12.25-21.31.09:277][276]LogParticles: Destroying 0 GPU particle simulations for FXSystem 0x000000002FF14A40
[2015.12.25-21.31.17:515][212]Cmd: MAP LOAD FILE="../../../../../../Users/Matt/Documents/GitHub/P3NGUIN/P3NGUIN/MyProject19/Content/Maps/Basement_Blockout.umap" TEMPLATE=0 SHOWPROGRESS=1 FEATURELEVEL=3
[2015.12.25-21.31.17:539][212]LightingResults: New page: Lighting Build
[2015.12.25-21.31.17:597][212]LoadErrors: New page: Loading map: Basement_Blockout.umap
[2015.12.25-21.31.17:651][212]MapCheck: New page: Map Check
[2015.12.25-21.31.17:651][212]LightingResults: New page: Lighting Build
[2015.12.25-21.31.17:667][212]LogParticles: Destroying 0 GPU particle simulations for FXSystem 0x0000000012D20720
[2015.12.25-21.31.17:679][212]LogLinker:Warning: Asset '../../../../../../Users/Matt/Documents/GitHub/P3NGUIN/P3NGUIN/MyProject19/Content/Mannequin/Animations/ThirdPerson_AnimBP.uasset' has been saved with empty engine version. The asset will be loaded but may be incompatible.
[2015.12.25-21.31.17:681][212]LogLinker:Warning: Asset '../../../../../../Users/Matt/Documents/GitHub/P3NGUIN/P3NGUIN/MyProject19/Content/Mannequin/Animations/ThirdPerson_Jump.uasset' has been saved with empty engine version. The asset will be loaded but may be incompatible.
[2015.12.25-21.31.17:683][212]LogLinker:Warning: Asset '../../../../../../Users/Matt/Documents/GitHub/P3NGUIN/P3NGUIN/MyProject19/Content/Mannequin/Animations/ThirdPersonJump_Loop.uasset' has been saved with empty engine version. The asset will be loaded but may be incompatible.
[2015.12.25-21.31.17:684][212]LogLinker:Warning: Asset '../../../../../../Users/Matt/Documents/GitHub/P3NGUIN/P3NGUIN/MyProject19/Content/Mannequin/Animations/ThirdPersonJump_Start.uasset' has been saved with empty engine version. The asset will be loaded but may be incompatible.
[2015.12.25-21.31.17:685][212]LogLinker:Warning: Asset '../../../../../../Users/Matt/Documents/GitHub/P3NGUIN/P3NGUIN/MyProject19/Content/Mannequin/Animations/ThirdPerson_IdleRun_2D.uasset' has been saved with empty engine version. The asset will be loaded but may be incompatible.
[2015.12.25-21.31.17:685][212]LogLinker:Warning: Asset '../../../../../../Users/Matt/Documents/GitHub/P3NGUIN/P3NGUIN/MyProject19/Content/Mannequin/Animations/ThirdPersonIdle.uasset' has been saved with empty engine version. The asset will be loaded but may be incompatible.
[2015.12.25-21.31.17:687][212]LogLinker:Warning: Asset '../../../../../../Users/Matt/Documents/GitHub/P3NGUIN/P3NGUIN/MyProject19/Content/Mannequin/Animations/ThirdPersonRun.uasset' has been saved with empty engine version. The asset will be loaded but may be incompatible.
[2015.12.25-21.31.17:688][212]LogLinker:Warning: Asset '../../../../../../Users/Matt/Documents/GitHub/P3NGUIN/P3NGUIN/MyProject19/Content/Mannequin/Animations/ThirdPersonWalk.uasset' has been saved with empty engine version. The asset will be loaded but may be incompatible.
[2015.12.25-21.31.17:773][212]LogAIModule: Creating AISystem for world Basement_Blockout
[2015.12.25-21.31.17:783][212]LogEditorServer: Finished looking for orphan Actors (0.000 secs)
[2015.12.25-21.31.17:863][212]Cmd: MAP CHECKDEP NOCLEARLOG
[2015.12.25-21.31.18:018][212]MapCheck: Info Map check complete: 0 Error(s), 0 Warning(s), took 155.154ms to complete.
[2015.12.25-21.31.18:018][212]LogFileHelpers: Loading map 'Basement_Blockout' took 0.505
[2015.12.25-21.31.25:725][ 90]LogEditorViewport: Clicking on Actor (LMB): WallSwitch_C (WallSwitch)
[2015.12.25-21.31.39:549][534]Cmd: DELETE
[2015.12.25-21.31.39:550][534]Cmd: ACTOR DELETE
[2015.12.25-21.31.41:218][534]LogEditorActor: Deleted Actor: WallSwitch_C
[2015.12.25-21.31.41:218][534]LogActorComponent: UnregisterComponent: (/Engine/Transient.CharMoveComp) Not registered. Aborting.
[2015.12.25-21.31.41:219][534]LogActorComponent: UnregisterComponent: (/Engine/Transient.CharacterMovementComponent_0) Not registered. Aborting.
[2015.12.25-21.31.41:258][534]LogEditorActor: Deleted 1 Actors (1.706 secs)
[2015.12.25-21.31.44:928][898]LogLinker:Warning: Asset '../../../Engine/Content/ArtTools/RenderToTexture/Macros/RenderToTextureMacros.uasset' has been saved with empty engine version. The asset will be loaded but may be incompatible.
[2015.12.25-21.31.45:742][898]LogContentBrowser: Native class hierarchy updated for 'BlueprintGraph' in 0.0009 seconds. Added 107 classes and 0 folders.
[2015.12.25-21.31.54:290][614]BlueprintLog: New page: Compile Basement_Blockout
[2015.12.25-21.31.54:419][614]LogActorComponent: UnregisterComponent: (/Engine/Transient.CharMoveComp) Not registered. Aborting.
[2015.12.25-21.31.54:419][614]LogActorComponent: UnregisterComponent: (/Engine/Transient.CharacterMovementComponent_1) Not registered. Aborting.
[2015.12.25-21.31.54:449][614]BlueprintEditorCompileResults: Info [0374.19] Compile of Basement_Blockout successful! [in 159 ms]
[2015.12.25-21.32.04:364][639]LogSavePackage: Save=188.443268ms
[2015.12.25-21.32.04:364][639]LogSavePackage: Moving '../../../../../../Users/Matt/Documents/GitHub/P3NGUIN/P3NGUIN/MyProject19/Saved/Basement_Blockout009DB82644E860836797CB8351093FCC.tmp' to '../../../../../../Users/Matt/Documents/GitHub/P3NGUIN/P3NGUIN/MyProject19/Content/Maps/Basement_Blockout.umap'
[2015.12.25-21.32.04:368][639]LogSavePackage: Total save time: 815.698721ms
[2015.12.25-21.32.04:368][639]LogSavePackage:Display: Finished SavePackage ../../../../../../Users/Matt/Documents/GitHub/P3NGUIN/P3NGUIN/MyProject19/Content/Maps/Basement_Blockout.umap
[2015.12.25-21.32.04:441][639]LogFileHelpers: Saving map 'Basement_Blockout' took 1.101
[2015.12.25-21.32.10:671][359]LogBlueprintUserMessages: Early PlayInEditor Detection: Level '/Game/Maps/Basement_Blockout.Basement_Blockout:PersistentLevel' has LevelScriptBlueprint '/Game/Maps/Basement_Blockout.Basement_Blockout:PersistentLevel.Basement_Blockout' with GeneratedClass '/Game/Maps/Basement_Blockout.Basement_Blockout_C' with ClassGeneratedBy '/Game/Maps/Basement_Blockout.Basement_Blockout:PersistentLevel.Basement_Blockout'
[2015.12.25-21.32.10:671][359]LogPlayLevel: PlayLevel: No blueprints needed recompiling
[2015.12.25-21.32.10:671][359]PIE: New page: PIE session: Basement_Blockout (Dec 25, 2015, 5:32:10 AM)
[2015.12.25-21.32.10:672][359]LogPlayLevel: Creating play world package: /Game/Maps/UEDPIE_0_Basement_Blockout
[2015.12.25-21.32.10:683][359]LogPlayLevel: PIE: StaticDuplicateObject took: (0.011576s)
[2015.12.25-21.32.10:684][359]LogAIModule: Creating AISystem for world Basement_Blockout
[2015.12.25-21.32.10:684][359]LogPlayLevel: PIE: World Init took: (0.000652s)
[2015.12.25-21.32.10:684][359]LogPlayLevel: PIE: Created PIE world by copying editor world from /Game/Maps/Basement_Blockout.Basement_Blockout to /Game/Maps/UEDPIE_0_Basement_Blockout.Basement_Blockout (0.012483s)
[2015.12.25-21.32.10:715][359]LogInit: XAudio2 using 'Speakers (Realtek High Definition Audio)' : 2 channels at 48 kHz using 32 bits per sample (channel mask 0x3)
[2015.12.25-21.32.10:756][359]LogInit: FAudioDevice initialized.
[2015.12.25-21.32.10:788][359]LogWorld: Game class is '2dFlipBookGameMode_C'
[2015.12.25-21.32.10:794][359]LogWorld: Bringing World /Game/Maps/UEDPIE_0_Basement_Blockout.Basement_Blockout up for play (max tick rate 0) at 2015.12.25-13.32.10
[2015.12.25-21.32.10:794][359]LogActor:Warning: GameSession /Game/Maps/UEDPIE_0_Basement_Blockout.Basement_Blockout:PersistentLevel.GameSession_2 has natively added scene component(s), but none of them were set as the actor's RootComponent - picking one arbitrarily
[2015.12.25-21.32.10:794][359]LogActor:Warning: GameNetworkManager /Game/Maps/UEDPIE_0_Basement_Blockout.Basement_Blockout:PersistentLevel.GameNetworkManager_2 has natively added scene component(s), but none of them were set as the actor's RootComponent - picking one arbitrarily
[2015.12.25-21.32.10:795][359]LogWorld: Bringing up level for play took: 0.005576
[2015.12.25-21.32.10:799][359]PIE: Info Play in editor start time for /Game/Maps/UEDPIE_0_Basement_Blockout 0.167
[2015.12.25-21.32.10:799][359]LogBlueprintUserMessages: Late PlayInEditor Detection: Level '/Game/Maps/Basement_Blockout.Basement_Blockout:PersistentLevel' has LevelScriptBlueprint '/Game/Maps/Basement_Blockout.Basement_Blockout:PersistentLevel.Basement_Blockout' with GeneratedClass '/Game/Maps/Basement_Blockout.Basement_Blockout_C' with ClassGeneratedBy '/Game/Maps/Basement_Blockout.Basement_Blockout:PersistentLevel.Basement_Blockout'
[2015.12.25-21.32.12:891][603]LogBlueprintUserMessages: Early EndPlayMap Detection: Level '/Game/Maps/Basement_Blockout.Basement_Blockout:PersistentLevel' has LevelScriptBlueprint '/Game/Maps/Basement_Blockout.Basement_Blockout:PersistentLevel.Basement_Blockout' with GeneratedClass '/Game/Maps/Basement_Blockout.Basement_Blockout_C' with ClassGeneratedBy '/Game/Maps/Basement_Blockout.Basement_Blockout:PersistentLevel.Basement_Blockout'
[2015.12.25-21.32.12:921][603]LogBlueprintUserMessages: Late EndPlayMap Detection: Level '/Game/Maps/Basement_Blockout.Basement_Blockout:PersistentLevel' has LevelScriptBlueprint '/Game/Maps/Basement_Blockout.Basement_Blockout:PersistentLevel.Basement_Blockout' with GeneratedClass '/Game/Maps/Basement_Blockout.Basement_Blockout_C' with ClassGeneratedBy '/Game/Maps/Basement_Blockout.Basement_Blockout:PersistentLevel.Basement_Blockout'
[2015.12.25-21.32.12:946][603]LogParticles: Destroying 0 GPU particle simulations for FXSystem 0x0000000029B453A0
[2015.12.25-21.32.14:561][791]LogBlueprintUserMessages: Early PlayInEditor Detection: Level '/Game/Maps/Basement_Blockout.Basement_Blockout:PersistentLevel' has LevelScriptBlueprint '/Game/Maps/Basement_Blockout.Basement_Blockout:PersistentLevel.Basement_Blockout' with GeneratedClass '/Game/Maps/Basement_Blockout.Basement_Blockout_C' with ClassGeneratedBy '/Game/Maps/Basement_Blockout.Basement_Blockout:PersistentLevel.Basement_Blockout'
[2015.12.25-21.32.14:561][791]LogPlayLevel: PlayLevel: No blueprints needed recompiling
[2015.12.25-21.32.14:561][791]PIE: New page: PIE session: Basement_Blockout (Dec 25, 2015, 5:32:14 AM)
[2015.12.25-21.32.14:561][791]LogPlayLevel: Creating play world package: /Game/Maps/UEDPIE_0_Basement_Blockout
[2015.12.25-21.32.14:573][791]LogPlayLevel: PIE: StaticDuplicateObject took: (0.011799s)
[2015.12.25-21.32.14:573][791]LogAIModule: Creating AISystem for world Basement_Blockout
[2015.12.25-21.32.14:574][791]LogPlayLevel: PIE: World Init took: (0.000610s)
[2015.12.25-21.32.14:574][791]LogPlayLevel: PIE: Created PIE world by copying editor world from /Game/Maps/Basement_Blockout.Basement_Blockout to /Game/Maps/UEDPIE_0_Basement_Blockout.Basement_Blockout (0.012599s)
[2015.12.25-21.32.14:604][791]LogInit: XAudio2 using 'Speakers (Realtek High Definition Audio)' : 2 channels at 48 kHz using 32 bits per sample (channel mask 0x3)
[2015.12.25-21.32.14:643][791]LogInit: FAudioDevice initialized.
[2015.12.25-21.32.14:675][791]LogWorld: Game class is '2dFlipBookGameMode_C'
[2015.12.25-21.32.14:681][791]LogWorld: Bringing World /Game/Maps/UEDPIE_0_Basement_Blockout.Basement_Blockout up for play (max tick rate 0) at 2015.12.25-13.32.14
[2015.12.25-21.32.14:681][791]LogActor:Warning: GameSession /Game/Maps/UEDPIE_0_Basement_Blockout.Basement_Blockout:PersistentLevel.GameSession_3 has natively added scene component(s), but none of them were set as the actor's RootComponent - picking one arbitrarily
[2015.12.25-21.32.14:681][791]LogActor:Warning: GameNetworkManager /Game/Maps/UEDPIE_0_Basement_Blockout.Basement_Blockout:PersistentLevel.GameNetworkManager_3 has natively added scene component(s), but none of them were set as the actor's RootComponent - picking one arbitrarily
[2015.12.25-21.32.14:682][791]LogWorld: Bringing up level for play took: 0.005317
[2015.12.25-21.32.14:686][791]PIE: Info Play in editor start time for /Game/Maps/UEDPIE_0_Basement_Blockout 0.054
[2015.12.25-21.32.14:686][791]LogBlueprintUserMessages: Late PlayInEditor Detection: Level '/Game/Maps/Basement_Blockout.Basement_Blockout:PersistentLevel' has LevelScriptBlueprint '/Game/Maps/Basement_Blockout.Basement_Blockout:PersistentLevel.Basement_Blockout' with GeneratedClass '/Game/Maps/Basement_Blockout.Basement_Blockout_C' with ClassGeneratedBy '/Game/Maps/Basement_Blockout.Basement_Blockout:PersistentLevel.Basement_Blockout'
[2015.12.25-21.32.14:981][826]LogBlueprintUserMessages: [ThirdPersonCharacter2D_C_3] ZaWarudo
[2015.12.25-21.32.14:981][826]LogScript:Warning: Accessed None 'CallFunc_SlotAsCanvasSlot_ReturnValue'
	ThirdPersonCharacter2D_C /Game/Maps/UEDPIE_0_Basement_Blockout.Basement_Blockout:PersistentLevel.ThirdPersonCharacter2D_C_3
	Function /Game/Blueprints/2D/Blueprints/Tests/ThirdPersonCharacter2D.ThirdPersonCharacter2D_C:MovePointer2:0125
[2015.12.25-21.32.14:982][826]PIE:Error: Error Accessed None 'CallFunc_SlotAsCanvasSlot_ReturnValue' from node Move Me Too in graph 'MovePointer2' in blueprint ThirdPersonCharacter2D
[2015.12.25-21.32.16:258][979]LogScript:Warning: Accessed None 'CallFunc_SlotAsCanvasSlot_ReturnValue'
	ThirdPersonCharacter2D_C /Game/Maps/UEDPIE_0_Basement_Blockout.Basement_Blockout:PersistentLevel.ThirdPersonCharacter2D_C_3
	Function /Game/Blueprints/2D/Blueprints/Tests/ThirdPersonCharacter2D.ThirdPersonCharacter2D_C:MovePointer2:0125
[2015.12.25-21.32.16:258][979]PIE:Error: Error Accessed None 'CallFunc_SlotAsCanvasSlot_ReturnValue' from node Move Me Too in graph 'MovePointer2' in blueprint ThirdPersonCharacter2D
[2015.12.25-21.32.18:435][240]LogScript:Warning: Accessed None 'CallFunc_SlotAsCanvasSlot_ReturnValue'
	ThirdPersonCharacter2D_C /Game/Maps/UEDPIE_0_Basement_Blockout.Basement_Blockout:PersistentLevel.ThirdPersonCharacter2D_C_3
	Function /Game/Blueprints/2D/Blueprints/Tests/ThirdPersonCharacter2D.ThirdPersonCharacter2D_C:MovePointer2:0125
[2015.12.25-21.32.18:435][240]PIE:Error: Error Accessed None 'CallFunc_SlotAsCanvasSlot_ReturnValue' from node Move Me Too in graph 'MovePointer2' in blueprint ThirdPersonCharacter2D
[2015.12.25-21.32.21:108][558]LogBlueprintUserMessages: Early EndPlayMap Detection: Level '/Game/Maps/Basement_Blockout.Basement_Blockout:PersistentLevel' has LevelScriptBlueprint '/Game/Maps/Basement_Blockout.Basement_Blockout:PersistentLevel.Basement_Blockout' with GeneratedClass '/Game/Maps/Basement_Blockout.Basement_Blockout_C' with ClassGeneratedBy '/Game/Maps/Basement_Blockout.Basement_Blockout:PersistentLevel.Basement_Blockout'
[2015.12.25-21.32.21:142][558]LogBlueprintUserMessages: Late EndPlayMap Detection: Level '/Game/Maps/Basement_Blockout.Basement_Blockout:PersistentLevel' has LevelScriptBlueprint '/Game/Maps/Basement_Blockout.Basement_Blockout:PersistentLevel.Basement_Blockout' with GeneratedClass '/Game/Maps/Basement_Blockout.Basement_Blockout_C' with ClassGeneratedBy '/Game/Maps/Basement_Blockout.Basement_Blockout:PersistentLevel.Basement_Blockout'
[2015.12.25-21.32.21:180][558]LogParticles: Destroying 0 GPU particle simulations for FXSystem 0x0000000032309940
[2015.12.25-21.33.11:148][968]Cmd: QUIT_EDITOR
[2015.12.25-21.33.11:457][968]LogExit: Preparing to exit.
[2015.12.25-21.33.11:829][968]LogExit: Editor shut down
[2015.12.25-21.33.11:830][968]LogExit: Transaction tracking system shut down
[2015.12.25-21.33.11:830][968]LogParticles: Destroying 0 GPU particle simulations for FXSystem 0x0000000030D7F560
[2015.12.25-21.33.11:867][968]LogParticles: Destroying 0 GPU particle simulations for FXSystem 0x000000003AA85080
[2015.12.25-21.33.11:867][968]LogParticles: Destroying 0 GPU particle simulations for FXSystem 0x0000000032144EA0
[2015.12.25-21.33.11:867][968]LogParticles: Destroying 0 GPU particle simulations for FXSystem 0x000000002F9B5B20
[2015.12.25-21.33.11:868][968]LogParticles: Destroying 0 GPU particle simulations for FXSystem 0x0000000020482B60
[2015.12.25-21.33.11:868][968]LogParticles: Destroying 0 GPU particle simulations for FXSystem 0x0000000028AF79C0
[2015.12.25-21.33.11:868][968]LogParticles: Destroying 0 GPU particle simulations for FXSystem 0x000000001161BA60
[2015.12.25-21.33.11:869][968]LogParticles: Destroying 0 GPU particle simulations for FXSystem 0x000000003AA85620
[2015.12.25-21.33.11:875][968]LogParticles: Destroying 0 GPU particle simulations for FXSystem 0x0000000029B460C0
[2015.12.25-21.33.12:272][968]LogParticles: Destroying 0 GPU particle simulations for FXSystem 0x000000001FDEDBC0
[2015.12.25-21.33.12:272][968]LogExit: Object subsystem successfully closed.
[2015.12.25-21.33.12:382][968]LogD3D11RHI: Shutdown
[2015.12.25-21.33.12:382][968]LogD3D11RHI: CleanupD3DDevice
[2015.12.25-21.33.12:445][968]LogD3D11RHI: ~FD3D11DynamicRHI
[2015.12.25-21.33.12:695][968]LogModuleManager: Shutting down and abandoning module SequencerWidgets (202)
[2015.12.25-21.33.12:695][968]LogModuleManager: Shutting down and abandoning module CookingStats (201)
[2015.12.25-21.33.12:695][968]LogModuleManager: Shutting down and abandoning module BlueprintGraph (200)
[2015.12.25-21.33.12:695][968]LogModuleManager: Shutting down and abandoning module CrashTracker (199)
[2015.12.25-21.33.12:695][968]LogModuleManager: Shutting down and abandoning module WorldBrowser (198)
[2015.12.25-21.33.12:696][968]LogModuleManager: Shutting down and abandoning module SceneOutliner (197)
[2015.12.25-21.33.12:696][968]LogModuleManager: Shutting down and abandoning module SuperSearch (196)
[2015.12.25-21.33.12:696][968]LogModuleManager: Shutting down and abandoning module WidgetCarousel (195)
[2015.12.25-21.33.12:696][968]LogModuleManager: Shutting down and abandoning module AddContentDialog (194)
[2015.12.25-21.33.12:697][968]LogModuleManager: Shutting down and abandoning module EditorWidgets (193)
[2015.12.25-21.33.12:697][968]LogModuleManager: Shutting down and abandoning module CollectionManager (192)
[2015.12.25-21.33.12:697][968]LogModuleManager: Shutting down and abandoning module StatsViewer (191)
[2015.12.25-21.33.12:697][968]LogModuleManager: Shutting down and abandoning module FoliageEdit (190)
[2015.12.25-21.33.12:697][968]LogModuleManager: Shutting down and abandoning module LandscapeEditor (189)
[2015.12.25-21.33.12:702][968]LogModuleManager: Shutting down and abandoning module ActorPickerMode (188)
[2015.12.25-21.33.12:702][968]LogModuleManager: Shutting down and abandoning module GeometryMode (187)
[2015.12.25-21.33.12:702][968]LogModuleManager: Shutting down and abandoning module TextureAlignMode (186)
[2015.12.25-21.33.12:702][968]LogModuleManager: Shutting down and abandoning module BspMode (185)
[2015.12.25-21.33.12:702][968]LogModuleManager: Shutting down and abandoning module PlacementMode (184)
[2015.12.25-21.33.12:702][968]LogModuleManager: Shutting down and abandoning module AutomationWorker (183)
[2015.12.25-21.33.12:702][968]LogModuleManager: Shutting down and abandoning module CharacterAI (182)
[2015.12.25-21.33.12:702][968]LogModuleManager: Shutting down and abandoning module SmartSnapping (181)
[2015.12.25-21.33.12:702][968]LogModuleManager: Shutting down and abandoning module ViewportSnapping (180)
[2015.12.25-21.33.12:702][968]LogModuleManager: Shutting down and abandoning module LogVisualizer (179)
[2015.12.25-21.33.12:702][968]LogModuleManager: Shutting down and abandoning module GameProjectGeneration (178)
[2015.12.25-21.33.12:715][968]LogModuleManager: Shutting down and abandoning module IntroTutorials (177)
[2015.12.25-21.33.12:715][968]LogModuleManager: Shutting down and abandoning module EditorLiveStreaming (176)
[2015.12.25-21.33.12:715][968]LogModuleManager: Shutting down and abandoning module IOSPlatformEditor (175)
[2015.12.25-21.33.12:715][968]LogModuleManager: Shutting down and abandoning module HTML5PlatformEditor (174)
[2015.12.25-21.33.12:715][968]LogModuleManager: Shutting down and abandoning module AndroidDeviceDetection (173)
[2015.12.25-21.33.12:936][968]LogModuleManager: Shutting down and abandoning module AndroidPlatformEditor (172)
[2015.12.25-21.33.12:936][968]LogModuleManager: Shutting down and abandoning module IOSRuntimeSettings (171)
[2015.12.25-21.33.12:936][968]LogModuleManager: Shutting down and abandoning module AndroidRuntimeSettings (170)
[2015.12.25-21.33.12:936][968]LogModuleManager: Shutting down and abandoning module MergeActors (169)
[2015.12.25-21.33.12:936][968]LogModuleManager: Shutting down and abandoning module SizeMap (168)
[2015.12.25-21.33.12:936][968]LogModuleManager: Shutting down and abandoning module TreeMap (167)
[2015.12.25-21.33.12:936][968]LogModuleManager: Shutting down and abandoning module ReferenceViewer (166)
[2015.12.25-21.33.12:936][968]LogModuleManager: Shutting down and abandoning module LocalizationService (165)
[2015.12.25-21.33.12:936][968]LogModuleManager: Shutting down and abandoning module LocalizationDashboard (164)
[2015.12.25-21.33.12:958][968]LogModuleManager: Shutting down and abandoning module HardwareTargeting (163)
[2015.12.25-21.33.12:958][968]LogModuleManager: Shutting down and abandoning module DeviceProfileEditor (162)
[2015.12.25-21.33.12:958][968]LogModuleManager: Shutting down and abandoning module UndoHistory (161)
[2015.12.25-21.33.12:958][968]LogModuleManager: Shutting down and abandoning module GameplayTagsEditor (160)
[2015.12.25-21.33.12:958][968]LogModuleManager: Shutting down and abandoning module UserFeedback (159)
[2015.12.25-21.33.12:958][968]LogModuleManager: Shutting down and abandoning module XmlParser (158)
[2015.12.25-21.33.12:958][968]LogModuleManager: Shutting down and abandoning module Blutility (157)
[2015.12.25-21.33.12:958][968]LogModuleManager: Shutting down and abandoning module ProjectTargetPlatformEditor (156)
[2015.12.25-21.33.12:958][968]LogModuleManager: Shutting down and abandoning module ProjectSettingsViewer (155)
[2015.12.25-21.33.12:958][968]LogModuleManager: Shutting down and abandoning module InputBindingEditor (154)
[2015.12.25-21.33.12:971][968]LogModuleManager: Shutting down and abandoning module EditorSettingsViewer (153)
[2015.12.25-21.33.12:972][968]LogModuleManager: Shutting down and abandoning module SettingsEditor (152)
[2015.12.25-21.33.12:972][968]LogModuleManager: Shutting down and abandoning module ProjectLauncher (151)
[2015.12.25-21.33.12:977][968]LogModuleManager: Shutting down and abandoning module SessionFrontend (150)
[2015.12.25-21.33.12:977][968]LogModuleManager: Shutting down and abandoning module ProfilerClient (149)
[2015.12.25-21.33.12:993][968]LogModuleManager: Shutting down and abandoning module TargetDeviceServices (148)
[2015.12.25-21.33.12:993][968]LogModuleManager: Shutting down and abandoning module DeviceManager (147)
[2015.12.25-21.33.12:993][968]LogModuleManager: Shutting down and abandoning module AutomationController (146)
[2015.12.25-21.33.12:993][968]LogModuleManager: Shutting down and abandoning module AutomationWindow (145)
[2015.12.25-21.33.13:002][968]LogModuleManager: Shutting down and abandoning module Layers (144)
[2015.12.25-21.33.13:029][968]LogModuleManager: Shutting down and abandoning module ComponentVisualizers (143)
[2015.12.25-21.33.13:029][968]LogModuleManager: Shutting down and abandoning module DetailCustomizations (142)
[2015.12.25-21.33.13:029][968]LogModuleManager: Shutting down and abandoning module PackagesDialog (141)
[2015.12.25-21.33.13:029][968]LogModuleManager: Shutting down and abandoning module Persona (140)
[2015.12.25-21.33.13:045][968]LogModuleManager: Shutting down and abandoning module Kismet (139)
[2015.12.25-21.33.13:045][968]LogModuleManager: Shutting down and abandoning module GraphEditor (138)
[2015.12.25-21.33.13:045][968]LogModuleManager: Shutting down and abandoning module ClassViewer (137)
[2015.12.25-21.33.13:045][968]LogModuleManager: Shutting down and abandoning module Toolbox (136)
[2015.12.25-21.33.13:045][968]LogModuleManager: Shutting down and abandoning module ModuleUI (135)
[2015.12.25-21.33.13:053][968]LogModuleManager: Shutting down and abandoning module MovieSceneTools (134)
[2015.12.25-21.33.13:053][968]LogModuleManager: Shutting down and abandoning module OutputLog (133)
[2015.12.25-21.33.13:053][968]LogModuleManager: Shutting down and abandoning module GammaUI (132)
[2015.12.25-21.33.13:062][968]LogModuleManager: Shutting down and abandoning module Documentation (131)
[2015.12.25-21.33.13:062][968]LogModuleManager: Shutting down and abandoning module GameLiveStreaming (130)
[2015.12.25-21.33.13:062][968]LogModuleManager: Shutting down and abandoning module StreamingPauseRendering (129)
[2015.12.25-21.33.13:062][968]LogModuleManager: Shutting down and abandoning module AnalyticsET (128)
[2015.12.25-21.33.13:062][968]LogModuleManager: Shutting down and abandoning module Analytics (127)
[2015.12.25-21.33.13:062][968]LogModuleManager: Shutting down and abandoning module AITestSuite (126)
[2015.12.25-21.33.13:062][968]LogModuleManager: Shutting down and abandoning module GameplayDebugger (125)
[2015.12.25-21.33.13:062][968]LogModuleManager: Shutting down and abandoning module AIModule (124)
[2015.12.25-21.33.13:062][968]LogModuleManager: Shutting down and abandoning module ProfilerService (123)
[2015.12.25-21.33.13:229][968]LogModuleManager: Shutting down and abandoning module TaskGraph (122)
[2015.12.25-21.33.13:252][968]LogModuleManager: Shutting down and abandoning module SlateRemote (121)
[2015.12.25-21.33.13:252][968]LogModuleManager: Shutting down and abandoning module SteamVRController (120)
[2015.12.25-21.33.13:252][968]LogModuleManager: Shutting down and abandoning module SteamVR (119)
[2015.12.25-21.33.13:252][968]LogModuleManager: Shutting down and abandoning module ProceduralMeshComponent (118)
[2015.12.25-21.33.13:252][968]LogModuleManager: Shutting down and abandoning module OculusLibrary (117)
[2015.12.25-21.33.13:252][968]LogModuleManager: Shutting down and abandoning module OculusInput (116)
[2015.12.25-21.33.13:252][968]LogModuleManager: Shutting down and abandoning module LeapMotionController (115)
[2015.12.25-21.33.13:264][968]LogModuleManager: Shutting down and abandoning module CustomMeshComponent (114)
[2015.12.25-21.33.13:264][968]LogModuleManager: Shutting down and abandoning module CableComponent (113)
[2015.12.25-21.33.13:264][968]LogModuleManager: Shutting down and abandoning module ArchVisCharacter (112)
[2015.12.25-21.33.13:264][968]LogModuleManager: Shutting down and abandoning module MessagingDebugger (111)
[2015.12.25-21.33.13:269][968]LogModuleManager: Shutting down and abandoning module MediaPlayerEditor (110)
[2015.12.25-21.33.13:269][968]LogModuleManager: Shutting down and abandoning module HTML5Networking (109)
[2015.12.25-21.33.13:270][968]LogModuleManager: Shutting down and abandoning module SpeedTreeImporter (108)
[2015.12.25-21.33.13:270][968]LogModuleManager: Shutting down and abandoning module PluginBrowser (107)
[2015.12.25-21.33.13:273][968]LogModuleManager: Shutting down and abandoning module EpicSurvey (106)
[2015.12.25-21.33.13:273][968]LogModuleManager: Shutting down and abandoning module DesktopPlatform (105)
[2015.12.25-21.33.13:273][968]LogModuleManager: Shutting down and abandoning module VisualStudioSourceCodeAccess (104)
[2015.12.25-21.33.13:273][968]LogModuleManager: Shutting down and abandoning module UObjectPlugin (103)
[2015.12.25-21.33.13:273][968]LogModuleManager: Shutting down and abandoning module SubversionSourceControl (102)
[2015.12.25-21.33.13:273][968]LogModuleManager: Shutting down and abandoning module PerforceSourceControl (101)
[2015.12.25-21.33.13:273][968]LogModuleManager: Shutting down and abandoning module SourceControl (100)
[2015.12.25-21.33.13:282][968]LogModuleManager: Shutting down and abandoning module GitSourceControl (99)
[2015.12.25-21.33.13:282][968]LogModuleManager: Shutting down and abandoning module LightPropagationVolumeEditor (98)
[2015.12.25-21.33.13:282][968]LogModuleManager: Shutting down and abandoning module PaperTiledImporter (97)
[2015.12.25-21.33.13:282][968]LogModuleManager: Shutting down and abandoning module PaperSpriteSheetImporter (96)
[2015.12.25-21.33.13:282][968]LogModuleManager: Shutting down and abandoning module MeshPaint (95)
[2015.12.25-21.33.13:282][968]LogModuleManager: Shutting down and abandoning module SlateReflector (94)
[2015.12.25-21.33.13:290][968]LogModuleManager: Shutting down and abandoning module HotReload (93)
[2015.12.25-21.33.13:290][968]LogModuleManager: Shutting down and abandoning module MainFrame (92)
[2015.12.25-21.33.13:290][968]LogModuleManager: Shutting down and abandoning module LevelEditor (91)
[2015.12.25-21.33.13:297][968]LogModuleManager: Shutting down and abandoning module DirectoryWatcher (90)
[2015.12.25-21.33.13:297][968]LogModuleManager: Shutting down and abandoning module AssetRegistry (89)
[2015.12.25-21.33.13:375][968]LogModuleManager: Shutting down and abandoning module ContentBrowser (88)
[2015.12.25-21.33.13:376][968]LogModuleManager: Shutting down and abandoning module Paper2DEditor (87)
[2015.12.25-21.33.13:376][968]LogModuleManager: Shutting down and abandoning module UdpMessaging (86)
[2015.12.25-21.33.13:476][968]LogModuleManager: Shutting down and abandoning module LightPropagationVolumeRuntime (85)
[2015.12.25-21.33.13:476][968]LogModuleManager: Shutting down and abandoning module Paper2D (84)
[2015.12.25-21.33.13:476][968]LogModuleManager: Shutting down and abandoning module WindowsMoviePlayer (83)
[2015.12.25-21.33.13:479][968]LogModuleManager: Shutting down and abandoning module Media (82)
[2015.12.25-21.33.13:479][968]LogModuleManager: Shutting down and abandoning module WmfMedia (81)
[2015.12.25-21.33.13:479][968]LogModuleManager: Shutting down and abandoning module OnlineBlueprintSupport (80)
[2015.12.25-21.33.13:479][968]LogModuleManager: Shutting down and abandoning module GameplayTasksEditor (79)
[2015.12.25-21.33.13:479][968]LogModuleManager: Shutting down and abandoning module PropertyEditor (78)
[2015.12.25-21.33.13:495][968]LogModuleManager: Shutting down and abandoning module BehaviorTreeEditor (77)
[2015.12.25-21.33.13:517][968]LogModuleManager: Shutting down and abandoning module FunctionalTesting (76)
[2015.12.25-21.33.13:517][968]LogModuleManager: Shutting down and abandoning module CollisionAnalyzer (75)
[2015.12.25-21.33.13:517][968]LogModuleManager: Shutting down and abandoning module WorkspaceMenuStructure (74)
[2015.12.25-21.33.13:517][968]LogModuleManager: Shutting down and abandoning module MessageLog (73)
[2015.12.25-21.33.13:517][968]LogModuleManager: Shutting down and abandoning module Sequencer (72)
[2015.12.25-21.33.13:517][968]LogModuleManager: Shutting down and abandoning module AssetTools (71)
[2015.12.25-21.33.13:536][968]LogModuleManager: Shutting down and abandoning module UMGEditor (70)
[2015.12.25-21.33.13:536][968]LogModuleManager: Shutting down and abandoning module UMG (69)
[2015.12.25-21.33.13:536][968]LogModuleManager: Shutting down and abandoning module Slate (68)
[2015.12.25-21.33.13:536][968]LogModuleManager: Shutting down and abandoning module EditorStyle (67)
[2015.12.25-21.33.13:541][968]LogModuleManager: Shutting down and abandoning module SessionServices (66)
[2015.12.25-21.33.13:541][968]LogModuleManager: Shutting down and abandoning module SourceCodeAccess (65)
[2015.12.25-21.33.13:541][968]LogModuleManager: Shutting down and abandoning module HeadMountedDisplay (64)
[2015.12.25-21.33.13:541][968]LogModuleManager: Shutting down and abandoning module XAudio2 (63)
[2015.12.25-21.33.13:541][968]LogModuleManager: Shutting down and abandoning module Networking (61)
[2015.12.25-21.33.13:541][968]LogModuleManager: Shutting down and abandoning module Core (60)
[2015.12.25-21.33.13:541][968]LogModuleManager: Shutting down and abandoning module KismetCompiler (59)
[2015.12.25-21.33.13:541][968]LogModuleManager: Shutting down and abandoning module PhysXFormats (58)
[2015.12.25-21.33.13:541][968]LogModuleManager: Shutting down and abandoning module MeshUtilities (57)
[2015.12.25-21.33.13:557][968]LogModuleManager: Shutting down and abandoning module DerivedDataCache (56)
[2015.12.25-21.33.13:559][968]LogDerivedDataCache: Shutdown
[2015.12.25-21.33.13:559][968]LogModuleManager: Shutting down and abandoning module ShaderFormatOpenGL (55)
[2015.12.25-21.33.13:572][968]LogModuleManager: Shutting down and abandoning module ShaderFormatD3D (54)
[2015.12.25-21.33.13:573][968]LogModuleManager: Shutting down and abandoning module MetalShaderFormat (53)
[2015.12.25-21.33.13:592][968]LogModuleManager: Shutting down and abandoning module TextureFormatUncompressed (52)
[2015.12.25-21.33.13:592][968]LogModuleManager: Shutting down and abandoning module TextureFormatPVR (51)
[2015.12.25-21.33.13:592][968]LogModuleManager: Shutting down and abandoning module TextureFormatIntelISPCTexComp (50)
[2015.12.25-21.33.13:592][968]LogModuleManager: Shutting down and abandoning module TextureFormatDXT (49)
[2015.12.25-21.33.13:592][968]LogModuleManager: Shutting down and abandoning module ImageWrapper (48)
[2015.12.25-21.33.13:592][968]LogModuleManager: Shutting down and abandoning module TextureFormatASTC (47)
[2015.12.25-21.33.13:592][968]LogModuleManager: Shutting down and abandoning module TextureFormatAndroid (46)
[2015.12.25-21.33.13:592][968]LogModuleManager: Shutting down and abandoning module AudioFormatOpus (45)
[2015.12.25-21.33.13:592][968]LogModuleManager: Shutting down and abandoning module AudioFormatOgg (44)
[2015.12.25-21.33.13:592][968]LogModuleManager: Shutting down and abandoning module AudioFormatADPCM (43)
[2015.12.25-21.33.13:592][968]LogModuleManager: Shutting down and abandoning module LinuxTargetPlatform (42)
[2015.12.25-21.33.13:592][968]LogModuleManager: Shutting down and abandoning module LinuxServerTargetPlatform (41)
[2015.12.25-21.33.13:592][968]LogModuleManager: Shutting down and abandoning module LinuxNoEditorTargetPlatform (40)
[2015.12.25-21.33.13:592][968]LogModuleManager: Shutting down and abandoning module Messaging (39)
[2015.12.25-21.33.13:592][968]LogModuleManager: Shutting down and abandoning module IOSTargetPlatform (38)
[2015.12.25-21.33.13:592][968]LogModuleManager: Shutting down and abandoning module HTML5TargetPlatform (37)
[2015.12.25-21.33.13:592][968]LogModuleManager: Shutting down and abandoning module Android_PVRTCTargetPlatform (36)
[2015.12.25-21.33.13:592][968]LogModuleManager: Shutting down and abandoning module Android_MultiTargetPlatform (35)
[2015.12.25-21.33.13:592][968]LogModuleManager: Shutting down and abandoning module Android_ETC2TargetPlatform (34)
[2015.12.25-21.33.13:592][968]LogModuleManager: Shutting down and abandoning module Android_ETC1TargetPlatform (33)
[2015.12.25-21.33.13:592][968]LogModuleManager: Shutting down and abandoning module Android_DXTTargetPlatform (32)
[2015.12.25-21.33.13:592][968]LogModuleManager: Shutting down and abandoning module Android_ATCTargetPlatform (31)
[2015.12.25-21.33.13:592][968]LogModuleManager: Shutting down and abandoning module Android_ASTCTargetPlatform (30)
[2015.12.25-21.33.13:592][968]LogModuleManager: Shutting down and abandoning module AndroidTargetPlatform (29)
[2015.12.25-21.33.13:592][968]LogModuleManager: Shutting down and abandoning module WindowsTargetPlatform (28)
[2015.12.25-21.33.13:592][968]LogModuleManager: Shutting down and abandoning module WindowsServerTargetPlatform (27)
[2015.12.25-21.33.13:592][968]LogModuleManager: Shutting down and abandoning module WindowsNoEditorTargetPlatform (26)
[2015.12.25-21.33.13:592][968]LogModuleManager: Shutting down and abandoning module WindowsClientTargetPlatform (25)
[2015.12.25-21.33.13:592][968]LogModuleManager: Shutting down and abandoning module AllDesktopTargetPlatform (24)
[2015.12.25-21.33.13:592][968]LogModuleManager: Shutting down and abandoning module TargetPlatform (23)
[2015.12.25-21.33.13:592][968]LogModuleManager: Shutting down and abandoning module InputCore (22)
[2015.12.25-21.33.13:592][968]LogModuleManager: Shutting down and abandoning module Settings (21)
[2015.12.25-21.33.13:592][968]LogModuleManager: Shutting down and abandoning module OnlineSubsystem (19)
[2015.12.25-21.33.13:592][968]LogModuleManager: Shutting down and abandoning module HTTP (18)
[2015.12.25-21.33.14:593][968]LogModuleManager: Shutting down and abandoning module XMPP (17)
[2015.12.25-21.33.14:616][968]LogModuleManager: Shutting down and abandoning module OculusRift (16)
[2015.12.25-21.33.14:630][968]LogModuleManager: Shutting down and abandoning module ExampleDeviceProfileSelector (15)
[2015.12.25-21.33.14:630][968]LogModuleManager: Shutting down and abandoning module TextureCompressor (14)
[2015.12.25-21.33.14:630][968]LogModuleManager: Shutting down and abandoning module ShaderCore (13)
[2015.12.25-21.33.14:630][968]LogModuleManager: Shutting down and abandoning module Landscape (12)
[2015.12.25-21.33.14:630][968]LogModuleManager: Shutting down and abandoning module SlateRHIRenderer (11)
[2015.12.25-21.33.14:631][968]LogModuleManager: Shutting down and abandoning module OpenGLDrv (10)
[2015.12.25-21.33.14:639][968]LogModuleManager: Shutting down and abandoning module D3D11RHI (9)
[2015.12.25-21.33.14:639][968]LogModuleManager: Shutting down and abandoning module AnimGraphRuntime (8)
[2015.12.25-21.33.14:639][968]LogModuleManager: Shutting down and abandoning module Renderer (7)
[2015.12.25-21.33.14:639][968]LogModuleManager: Shutting down and abandoning module Engine (6)
[2015.12.25-21.33.14:639][968]LogModuleManager: Shutting down and abandoning module CoreUObject (5)
[2015.12.25-21.33.14:639][968]LogModuleManager: Shutting down and abandoning module NetworkFile (4)
[2015.12.25-21.33.14:646][968]LogModuleManager: Shutting down and abandoning module StreamingFile (3)
[2015.12.25-21.33.14:646][968]LogModuleManager: Shutting down and abandoning module SandboxFile (2)
[2015.12.25-21.33.14:646][968]LogModuleManager: Shutting down and abandoning module PakFile (1)
[2015.12.25-21.33.14:647][968]LogExit: Exiting.
[2015.12.25-21.33.14:648][968]Log file closed, 12/25/15 13:33:14
