[2015.12.24-22.21.49:245][  0]Log file open, 12/24/15 14:21:49
[2015.12.24-22.21.49:245][  0]LogInit:Display: Running engine for game: MyProject19
[2015.12.24-22.21.49:245][  0]LogPlatformFile: Not using cached read wrapper
[2015.12.24-22.21.49:245][  0]LogInit:Display: RandInit(-330052259) SRandInit(-330052258).
[2015.12.24-22.21.49:245][  0]LogTaskGraph: Started task graph with 4 named threads and 7 total threads.
[2015.12.24-22.21.49:245][  0]LogStats: Stats thread started at 0.082954
[2015.12.24-22.21.49:245][  0]LogInit: Version: 4.10.1-2791327+++depot+UE4-Releases+4.10
[2015.12.24-22.21.49:245][  0]LogInit: API Version: 2758231
[2015.12.24-22.21.49:245][  0]LogInit: Compiled (64-bit): Dec  4 2015 19:44:40
[2015.12.24-22.21.49:245][  0]LogInit: Compiled with Visual C++: 19.00.23026.00
[2015.12.24-22.21.49:245][  0]LogInit: Build Configuration: Development
[2015.12.24-22.21.49:245][  0]LogInit: Branch Name: ++depot+UE4-Releases+4.10
[2015.12.24-22.21.49:245][  0]LogInit: Command line:  
[2015.12.24-22.21.49:245][  0]LogInit: Base directory: C:/Program Files/Epic Games/4.10/Engine/Binaries/Win64/
[2015.12.24-22.21.49:245][  0]LogInit: Rocket: 1
[2015.12.24-22.21.49:256][  0]LogInit: Using libcurl 7.41.0
[2015.12.24-22.21.49:256][  0]LogInit:  - built for x86_64-pc-win32
[2015.12.24-22.21.49:256][  0]LogInit:  - supports SSL with WinSSL
[2015.12.24-22.21.49:256][  0]LogInit:  - other features:
[2015.12.24-22.21.49:256][  0]LogInit:      CURL_VERSION_SSL
[2015.12.24-22.21.49:256][  0]LogInit:      CURL_VERSION_IPV6
[2015.12.24-22.21.49:256][  0]LogInit:      CURL_VERSION_ASYNCHDNS
[2015.12.24-22.21.49:256][  0]LogInit:      CURL_VERSION_LARGEFILE
[2015.12.24-22.21.49:256][  0]LogInit:      CURL_VERSION_IDN
[2015.12.24-22.21.49:256][  0]LogInit:  CurlRequestOptions (configurable via config and command line):
[2015.12.24-22.21.49:256][  0]LogInit:  - bVerifyPeer = true  - Libcurl will verify peer certificate
[2015.12.24-22.21.49:256][  0]LogInit:  - bUseHttpProxy = false  - Libcurl will NOT use HTTP proxy
[2015.12.24-22.21.49:256][  0]LogInit:  - bDontReuseConnections = false  - Libcurl will reuse connections
[2015.12.24-22.21.49:256][  0]LogInit:  - CertBundlePath = nullptr  - Libcurl will use whatever was configured at build time.
[2015.12.24-22.21.49:263][  0]LogInit: Presizing for 0 objects not considered by GC, pre-allocating 0 bytes.
[2015.12.24-22.21.49:270][  0]LogInit: Object subsystem initialized
[2015.12.24-22.21.49:271][  0]LogInit: Selected Device Profile: [Windows]
[2015.12.24-22.21.49:271][  0]LogInit: Applying CVar settings loaded from the selected device profile: [Windows]
[2015.12.24-22.21.49:280][  0]LogInit: Computer: MATT-PC
[2015.12.24-22.21.49:280][  0]LogInit: User: Matt
[2015.12.24-22.21.49:280][  0]LogInit: CPU Page size=4096, Cores=4
[2015.12.24-22.21.49:280][  0]LogInit: High frequency timer resolution =3.020527 MHz
[2015.12.24-22.21.49:280][  0]LogMemory: Memory total: Physical=7.9GB (8GB approx)
[2015.12.24-22.21.49:280][  0]LogMemory: Platform Memory Stats for Windows
[2015.12.24-22.21.49:280][  0]LogMemory: Process Physical Memory: 60.08 MB used, 60.08 MB peak
[2015.12.24-22.21.49:280][  0]LogMemory: Process Virtual Memory: 60.39 MB used, 60.39 MB peak
[2015.12.24-22.21.49:280][  0]LogMemory: Physical Memory: 3170.22 MB used, 8109.12 MB total
[2015.12.24-22.21.49:280][  0]LogMemory: Virtual Memory: 354.05 MB used, 8388608.00 MB total
[2015.12.24-22.21.49:348][  0]LogTextLocalizationManager: No specific translations for ('en-US') exist, so ('en') translations will be used.
[2015.12.24-22.21.49:766][  0]LogD3D11RHI: Found D3D11 adapter 0: AMD Radeon HD 7800 Series (Feature Level 11_0)
[2015.12.24-22.21.49:766][  0]LogD3D11RHI: Adapter has 2029MB of dedicated video memory, 0MB of dedicated system memory, and 3798MB of shared system memory, 1 output[s]
[2015.12.24-22.21.49:770][  0]LogD3D11RHI: Found D3D11 adapter 1: Intel(R) HD Graphics (Feature Level 11_0)
[2015.12.24-22.21.49:770][  0]LogD3D11RHI: Adapter has 64MB of dedicated video memory, 0MB of dedicated system memory, and 1632MB of shared system memory, 0 output[s]
[2015.12.24-22.21.49:770][  0]LogD3D11RHI: Chosen D3D11 Adapter Id = 0
[2015.12.24-22.21.49:774][  0]LogD3D11RHI: !Direct3DDevice
[2015.12.24-22.21.49:775][  0]LogRHI: Texture pool is 1361 MB (70% of 1945 MB)
[2015.12.24-22.21.49:779][  0]LogD3D11RHI: Async texture creation disabled: no driver support
[2015.12.24-22.21.49:788][  0]LogShaderCompilers: Guid format shader working directory is -28 characters bigger than the processId version (../../../../../../Users/Matt/Documents/GitHub/P3NGUIN/P3NGUIN/MyProject19/Intermediate/Shaders/WorkingDirectory/5544/).
[2015.12.24-22.21.49:788][  0]LogShaderCompilers: Cleaned the shader compiler working directory 'C:/Users/Matt/AppData/Local/Temp/UnrealShaderWorkingDir/3E55C67145A8D973A04604B37159E2EC/'.
[2015.12.24-22.21.49:788][  0]LogShaderCompilers:Display: Using Local Shader Compiler.
[2015.12.24-22.21.52:109][  0]LogTemp:Display: Loaded TP AllDesktopTargetPlatform
[2015.12.24-22.21.52:113][  0]LogTemp:Display: Loaded TP WindowsClientTargetPlatform
[2015.12.24-22.21.52:118][  0]LogTemp:Display: Loaded TP WindowsNoEditorTargetPlatform
[2015.12.24-22.21.52:124][  0]LogTemp:Display: Loaded TP WindowsServerTargetPlatform
[2015.12.24-22.21.52:129][  0]LogTemp:Display: Loaded TP WindowsTargetPlatform
[2015.12.24-22.21.52:133][  0]LogTemp:Display: Loaded TP AndroidTargetPlatform
[2015.12.24-22.21.52:136][  0]LogTemp:Display: Loaded TP Android_ASTCTargetPlatform
[2015.12.24-22.21.52:140][  0]LogTemp:Display: Loaded TP Android_ATCTargetPlatform
[2015.12.24-22.21.52:144][  0]LogTemp:Display: Loaded TP Android_DXTTargetPlatform
[2015.12.24-22.21.52:147][  0]LogTemp:Display: Loaded TP Android_ETC1TargetPlatform
[2015.12.24-22.21.52:150][  0]LogTemp:Display: Loaded TP Android_ETC2TargetPlatform
[2015.12.24-22.21.52:158][  0]LogTemp:Display: Loaded TP Android_MultiTargetPlatform
[2015.12.24-22.21.52:158][  0]LogTemp:Display: Loaded TP Android_PVRTCTargetPlatform
[2015.12.24-22.21.52:159][  0]LogTemp:Display: Loaded TP HTML5TargetPlatform
[2015.12.24-22.21.52:176][  0]LogTemp:Display: Loaded TP IOSTargetPlatform
[2015.12.24-22.21.52:179][  0]LogTemp:Display: Loaded TP LinuxNoEditorTargetPlatform
[2015.12.24-22.21.52:182][  0]LogTemp:Display: Loaded TP LinuxServerTargetPlatform
[2015.12.24-22.21.52:196][  0]LogTemp:Display: Loaded TP LinuxTargetPlatform
[2015.12.24-22.21.52:196][  0]LogTargetPlatformManager:Display: Building Assets For Windows
[2015.12.24-22.21.52:495][  0]LogDerivedDataCache:Display: Max Cache Size: 512 MB
[2015.12.24-22.21.53:758][  0]LogDerivedDataCache: Loaded boot cache 1.26s 41MB C:/Users/Matt/AppData/Local/UnrealEngine/4.10/DerivedDataCache/Boot.ddc.
[2015.12.24-22.21.53:758][  0]LogDerivedDataCache:Display: Loaded Boot cache: C:/Users/Matt/AppData/Local/UnrealEngine/4.10/DerivedDataCache/Boot.ddc
[2015.12.24-22.21.53:758][  0]LogDerivedDataCache: FDerivedDataBackendGraph:  Pak pak cache file ../../../../../../Users/Matt/Documents/GitHub/P3NGUIN/P3NGUIN/MyProject19/DerivedDataCache/DDC.ddp not found, will not use a pak cache.
[2015.12.24-22.21.53:758][  0]LogDerivedDataCache: Unable to find inner node Pak for hierarchical cache Hierarchy.
[2015.12.24-22.21.53:758][  0]LogDerivedDataCache: FDerivedDataBackendGraph:  CompressedPak pak cache file ../../../../../../Users/Matt/Documents/GitHub/P3NGUIN/P3NGUIN/MyProject19/DerivedDataCache/Compressed.ddp not found, will not use a pak cache.
[2015.12.24-22.21.53:758][  0]LogDerivedDataCache: Unable to find inner node CompressedPak for hierarchical cache Hierarchy.
[2015.12.24-22.21.53:876][  0]LogDerivedDataCache:Display: Pak cache opened for reading ../../../Engine/DerivedDataCache/Compressed.ddp.
[2015.12.24-22.21.53:888][  0]LogDerivedDataCache: Using Local data cache path C:/Users/Matt/AppData/Local/UnrealEngine/Common/DerivedDataCache: Writable
[2015.12.24-22.21.59:304][  0]LogInit: Selected Device Profile: [Windows]
[2015.12.24-22.21.59:304][  0]LogContentStreaming: Texture pool size is 0.000000MB
[2015.12.24-22.21.59:352][  0]LogMeshUtilities: No automatic mesh reduction module available
[2015.12.24-22.21.59:352][  0]LogMeshUtilities: No automatic mesh merging module available
[2015.12.24-22.21.59:734][  0]LogInit: WinSock: version 1.1 (2.2), MaxSocks=32767, MaxUdp=65467
[2015.12.24-22.22.27:999][  0]UdpMessaging: Initializing bridge on interface 0.0.0.0:0 to multicast group 230.0.0.1:6666.
[2015.12.24-22.22.28:528][  0]LogAssetRegistry: FAssetRegistry took 0.0097 seconds to start up
[2015.12.24-22.22.28:730][  0]SourceControl: Info Source control is disabled
[2015.12.24-22.22.28:732][  0]SourceControl: Info Source control is disabled
[2015.12.24-22.22.28:749][  0]SourceControl: Info Source control is disabled
[2015.12.24-22.22.28:766][  0]SourceControl: Info Source control is disabled
[2015.12.24-22.22.29:726][  0]LogObj: 28633 objects as part of root set at end of initial load.
[2015.12.24-22.22.29:726][  0]LogUObjectAllocator: 6099752 out of 0 bytes used by permanent object pool.
[2015.12.24-22.22.29:847][  0]LogEngine: Initializing Engine...
[2015.12.24-22.22.29:856][  0]LogHMD: Can't find Oculus library dev build: is proper Runtime installed? Version: 0.8.0.0
[2015.12.24-22.22.29:962][  0]LogHMD: SteamVR failed to initialize.  Err: 110
[2015.12.24-22.22.30:091][  0]LogAIModule: Creating AISystem for world NewWorld
[2015.12.24-22.22.30:098][  0]LogInit: XAudio2 using 'Speakers (Realtek High Definition Audio)' : 2 channels at 48 kHz using 32 bits per sample (channel mask 0x3)
[2015.12.24-22.22.30:138][  0]LogInit: FAudioDevice initialized.
[2015.12.24-22.22.30:178][  0]LogDerivedDataCache: Saved boot cache 0.04s 41MB C:/Users/Matt/AppData/Local/UnrealEngine/4.10/DerivedDataCache/Boot.ddc.
[2015.12.24-22.22.30:181][  0]LogInit: Texture streaming: Enabled
[2015.12.24-22.22.30:187][  0]LogAnalytics: Creating configured Analytics provider AnalyticsET
[2015.12.24-22.22.30:187][  0]LogAnalytics: [UEEditor.Rocket.Release] APIServer = http://et2.epicgames.com/ET2/. AppVersion = 4.10.1-2791327+++depot+UE4-Releases+4.10
[2015.12.24-22.22.30:187][  0]LogAnalytics: [UEEditor.Rocket.Release] SetUserId de43219841e5038bf49fbfa481591ee0|4e461f00ab6f49d29405414d884919d6|9448dfb4-8168-4a85-8046-6b7a073564d8
[2015.12.24-22.22.30:187][  0]LogAnalytics: [UEEditor.Rocket.Release] AnalyticsET::StartSession
[2015.12.24-22.22.30:663][  0]LogInit: Transaction tracking system initialized
[2015.12.24-22.22.30:692][  0]BlueprintLog: New page: Editor Load
[2015.12.24-22.22.30:814][  0]LocalizationService: Info Localization service is disabled
[2015.12.24-22.22.31:168][  0]LogConsoleResponse:Display: 
[2015.12.24-22.22.32:774][  0]LogCook:Display: Done creating registry. It took  0.00s.
[2015.12.24-22.22.33:475][  0]LogFileCache: Scanning file cache for directory 'C:/Users/Matt/Documents/GitHub/P3NGUIN/P3NGUIN/MyProject19/Content/' took 0.01s
[2015.12.24-22.22.33:570][  0]SourceControl: Info Source control is disabled
[2015.12.24-22.22.33:570][  0]Cmd: MAP LOAD FILE="../../../../../../Users/Matt/Documents/GitHub/P3NGUIN/P3NGUIN/MyProject19/Content/Maps/Basement_Blockout.umap" TEMPLATE=0 SHOWPROGRESS=1 FEATURELEVEL=3
[2015.12.24-22.22.33:571][  0]LightingResults: New page: Lighting Build
[2015.12.24-22.22.33:574][  0]MapCheck: New page: Map Check
[2015.12.24-22.22.33:574][  0]LightingResults: New page: Lighting Build
[2015.12.24-22.22.33:584][  0]LogParticles: Destroying 0 GPU particle simulations for FXSystem 0x0000000020B2E160
[2015.12.24-22.22.33:589][  0]LogLinker:Warning: Asset '../../../../../../Users/Matt/Documents/GitHub/P3NGUIN/P3NGUIN/MyProject19/Content/Mannequin/Animations/ThirdPerson_AnimBP.uasset' has been saved with empty engine version. The asset will be loaded but may be incompatible.
[2015.12.24-22.22.33:590][  0]LogLinker:Warning: Asset '../../../../../../Users/Matt/Documents/GitHub/P3NGUIN/P3NGUIN/MyProject19/Content/Mannequin/Animations/ThirdPerson_Jump.uasset' has been saved with empty engine version. The asset will be loaded but may be incompatible.
[2015.12.24-22.22.33:592][  0]LogLinker:Warning: Asset '../../../../../../Users/Matt/Documents/GitHub/P3NGUIN/P3NGUIN/MyProject19/Content/Mannequin/Animations/ThirdPersonJump_Loop.uasset' has been saved with empty engine version. The asset will be loaded but may be incompatible.
[2015.12.24-22.22.33:593][  0]LogLinker:Warning: Asset '../../../../../../Users/Matt/Documents/GitHub/P3NGUIN/P3NGUIN/MyProject19/Content/Mannequin/Animations/ThirdPersonJump_Start.uasset' has been saved with empty engine version. The asset will be loaded but may be incompatible.
[2015.12.24-22.22.33:594][  0]LogLinker:Warning: Asset '../../../../../../Users/Matt/Documents/GitHub/P3NGUIN/P3NGUIN/MyProject19/Content/Mannequin/Animations/ThirdPerson_IdleRun_2D.uasset' has been saved with empty engine version. The asset will be loaded but may be incompatible.
[2015.12.24-22.22.33:595][  0]LogLinker:Warning: Asset '../../../../../../Users/Matt/Documents/GitHub/P3NGUIN/P3NGUIN/MyProject19/Content/Mannequin/Animations/ThirdPersonIdle.uasset' has been saved with empty engine version. The asset will be loaded but may be incompatible.
[2015.12.24-22.22.33:596][  0]LogLinker:Warning: Asset '../../../../../../Users/Matt/Documents/GitHub/P3NGUIN/P3NGUIN/MyProject19/Content/Mannequin/Animations/ThirdPersonRun.uasset' has been saved with empty engine version. The asset will be loaded but may be incompatible.
[2015.12.24-22.22.33:597][  0]LogLinker:Warning: Asset '../../../../../../Users/Matt/Documents/GitHub/P3NGUIN/P3NGUIN/MyProject19/Content/Mannequin/Animations/ThirdPersonWalk.uasset' has been saved with empty engine version. The asset will be loaded but may be incompatible.
[2015.12.24-22.22.37:774][  0]LogAIModule: Creating AISystem for world Basement_Blockout
[2015.12.24-22.22.37:813][  0]LogEditorServer: Finished looking for orphan Actors (0.000 secs)
[2015.12.24-22.22.37:814][  0]Cmd: MAP CHECKDEP NOCLEARLOG
[2015.12.24-22.22.37:888][  0]MapCheck: Info Map check complete: 0 Error(s), 0 Warning(s), took 73.875ms to complete.
[2015.12.24-22.22.37:888][  0]LogFileHelpers: Loading map 'Basement_Blockout' took 4.318
[2015.12.24-22.22.38:284][  0]LogCollectionManager: Loaded 0 collections in 0.002480 seconds
[2015.12.24-22.22.38:323][  0]LogFileCache: Scanning file cache for directory 'C:/Users/Matt/Documents/GitHub/P3NGUIN/P3NGUIN/MyProject19/Saved/Collections/' took 0.01s
[2015.12.24-22.22.38:323][  0]LogFileCache: Scanning file cache for directory 'C:/Users/Matt/Documents/GitHub/P3NGUIN/P3NGUIN/MyProject19/Content/Developers/Matt/Collections/' took 0.01s
[2015.12.24-22.22.38:323][  0]LogFileCache: Scanning file cache for directory 'C:/Users/Matt/Documents/GitHub/P3NGUIN/P3NGUIN/MyProject19/Content/Collections/' took 0.01s
[2015.12.24-22.22.38:323][  0]LogCollectionManager: Rebuilt the GUID cache for 0 collections in 0.000002 seconds
[2015.12.24-22.22.38:331][  0]LogContentBrowser: Native class hierarchy populated in 0.0078 seconds. Added 1893 classes and 338 folders.
[2015.12.24-22.22.38:338][  0]LogContentBrowser: Native class hierarchy updated for 'WidgetCarousel' in 0.0005 seconds. Added 0 classes and 0 folders.
[2015.12.24-22.22.46:130][  0]LogContentBrowser: Native class hierarchy updated for 'AddContentDialog' in 0.0005 seconds. Added 0 classes and 0 folders.
[2015.12.24-22.22.46:134][  0]LogContentBrowser: Native class hierarchy updated for 'SceneOutliner' in 0.0004 seconds. Added 1 classes and 2 folders.
[2015.12.24-22.22.46:530][  0]LogContentBrowser: Native class hierarchy updated for 'WorldBrowser' in 0.0005 seconds. Added 1 classes and 3 folders.
[2015.12.24-22.22.46:535][  0]LogCrashTracker: Crashtracker disabled due to settings.
[2015.12.24-22.22.46:540][  0]LogUObjectGlobals:Warning: Failed to find object 'Class None.'
[2015.12.24-22.22.46:560][  0]LogLoad: Full Startup: 57.81 seconds (BP compile: 0.13 seconds)
[2015.12.24-22.22.46:908][  0]LogOcInput: Can't find Oculus library dev build: is proper Runtime installed? Version: 0.8.0.0
[2015.12.24-22.22.46:999][  0]LogContentStreaming: Texture pool size now 1000 MB
[2015.12.24-22.22.47:156][  0]LogRenderer: Reallocating scene render targets to support 892x516 (Frame:2).
[2015.12.24-22.22.47:807][  2]LogCollectionManager: Rebuilt the object cache for 0 collections in 0.000001 seconds (found 0 objects)
[2015.12.24-22.22.48:447][  4]LogAssetRegistry: Asset discovery search completed in 19.9285 seconds
[2015.12.24-22.22.48:447][  4]LogCollectionManager: Fixed up redirectors for 0 collections in 0.000002 seconds (updated 0 objects)
[2015.12.24-22.24.52:346][  6]LogActorComponent: UnregisterComponent: (/Engine/Transient.CharMoveComp) Not registered. Aborting.
[2015.12.24-22.24.52:346][  6]LogActorComponent: UnregisterComponent: (/Engine/Transient.CharacterMovementComponent_0) Not registered. Aborting.
[2015.12.24-22.24.52:366][  6]Cmd: MAP LOAD FILE="../../../../../../Users/Matt/Documents/GitHub/P3NGUIN/P3NGUIN/MyProject19/Content/Maps/Basement_Blockout.umap" TEMPLATE=0 SHOWPROGRESS=1 FEATURELEVEL=3
[2015.12.24-22.24.52:390][  6]LightingResults: New page: Lighting Build
[2015.12.24-22.24.52:418][  6]LoadErrors: New page: Loading map: Basement_Blockout.umap
[2015.12.24-22.24.52:431][  6]MapCheck: New page: Map Check
[2015.12.24-22.24.52:431][  6]LightingResults: New page: Lighting Build
[2015.12.24-22.24.52:441][  6]LogParticles: Destroying 0 GPU particle simulations for FXSystem 0x000000000EDF0FE0
[2015.12.24-22.24.52:477][  6]LogAIModule: Creating AISystem for world Basement_Blockout
[2015.12.24-22.24.52:487][  6]LogEditorServer: Finished looking for orphan Actors (0.000 secs)
[2015.12.24-22.24.52:568][  6]Cmd: MAP CHECKDEP NOCLEARLOG
[2015.12.24-22.24.52:644][  6]MapCheck: Info Map check complete: 0 Error(s), 0 Warning(s), took 75.626ms to complete.
[2015.12.24-22.24.52:644][  6]LogFileHelpers: Loading map 'Basement_Blockout' took 0.279
[2015.12.24-22.24.55:060][282]LogActorComponent: UnregisterComponent: (/Engine/Transient.CharMoveComp) Not registered. Aborting.
[2015.12.24-22.24.55:060][282]LogActorComponent: UnregisterComponent: (/Engine/Transient.CharacterMovementComponent_1) Not registered. Aborting.
[2015.12.24-22.24.55:073][282]Cmd: MAP LOAD FILE="../../../../../../Users/Matt/Documents/GitHub/P3NGUIN/P3NGUIN/MyProject19/Content/Maps/EnemyArena.umap" TEMPLATE=0 SHOWPROGRESS=1 FEATURELEVEL=3
[2015.12.24-22.24.55:090][282]LightingResults: New page: Lighting Build
[2015.12.24-22.24.55:116][282]LoadErrors: New page: Loading map: EnemyArena.umap
[2015.12.24-22.24.55:117][282]MapCheck: New page: Map Check
[2015.12.24-22.24.55:117][282]LightingResults: New page: Lighting Build
[2015.12.24-22.24.55:130][282]LogParticles: Destroying 0 GPU particle simulations for FXSystem 0x0000000011D3A5C0
[2015.12.24-22.24.55:916][282]LogBlueprint:Warning: [compiler ThirdPersonCharacter] Warning 'AbilitiesMenu' is already a 'Ability Menu', you don't need  Cast To AbilityMenu .
[2015.12.24-22.24.55:918][282]LogBlueprint:Warning: [compiler ThirdPersonCharacter] Warning 'PointerClass' is already a 'Pointer', you don't need  Cast To Pointer .
[2015.12.24-22.24.55:920][282]LogBlueprint:Warning: [compiler ThirdPersonCharacter] Warning No value will be returned by reference. Parameter 'EndTime'. Node:  (none) 
[2015.12.24-22.24.55:931][282]LogBlueprint:Warning: [compiler ThirdPersonCharacter] Warning 'SecondPointer' is already a 'Pointer 2', you don't need  Cast To Pointer2 .
[2015.12.24-22.24.55:949][282]LogBlueprint:Warning: [compiler ThirdPersonCharacter] Warning [0187.20] Compile of ThirdPersonCharacter successful, but with 4 Warning(s) [in 107 ms]
[2015.12.24-22.24.55:949][282]LogBlueprint:Warning: [compiler ThirdPersonCharacter] Warning [0187.20] Compile of ThirdPersonCharacter successful, but with 5 Warning(s) [in 0 ms]
[2015.12.24-22.24.55:949][282]LogBlueprint:Warning: [compiler ThirdPersonCharacter] Warning [0187.20] Compile of ThirdPersonCharacter successful, but with 6 Warning(s) [in 0 ms]
[2015.12.24-22.24.56:007][282]LogBlueprint:Warning: [compiler AbilityMenu] Warning 'ReturnValue' is already a 'Listed Item', you don't need  Cast To ListedItem .
[2015.12.24-22.24.56:007][282]LogBlueprint:Warning: [compiler AbilityMenu] Warning 'ReturnValue' is already a 'Listed Item', you don't need  Cast To ListedItem .
[2015.12.24-22.24.56:011][282]LogBlueprint:Warning: [compiler AbilityMenu] Warning [0187.26] Compile of AbilityMenu successful, but with 2 Warning(s) [in 26 ms]
[2015.12.24-22.24.56:013][282]LogBlueprint:Warning: [compiler AbilityMenu] Warning [0187.26] Compile of AbilityMenu successful, but with 3 Warning(s) [in 1 ms]
[2015.12.24-22.24.56:013][282]LogBlueprint:Warning: [compiler AbilityMenu] Warning [0187.26] Compile of AbilityMenu successful, but with 4 Warning(s) [in 0 ms]
[2015.12.24-22.24.56:047][282]LogBlueprint:Warning: [compiler FreeMovementLocator] Warning 'Third Person Character 2D' does not inherit from 'Player Controller' ( Cast To ThirdPersonCharacter2D  would always fail).
[2015.12.24-22.24.56:048][282]LogBlueprint:Warning: [compiler FreeMovementLocator] Warning [0187.30] Compile of FreeMovementLocator successful, but with 1 Warning(s) [in 2 ms]
[2015.12.24-22.24.56:048][282]LogBlueprint:Warning: [compiler FreeMovementLocator] Warning [0187.30] Compile of FreeMovementLocator successful, but with 2 Warning(s) [in 0 ms]
[2015.12.24-22.24.56:048][282]LogBlueprint:Warning: [compiler FreeMovementLocator] Warning [0187.30] Compile of FreeMovementLocator successful, but with 3 Warning(s) [in 0 ms]
[2015.12.24-22.24.56:566][282]LogBlueprint:Warning: [compiler ThirdPersonCharacter2D] Warning No value will be returned by reference. Parameter 'EndTime'. Node:  (none) 
[2015.12.24-22.24.56:583][282]LogBlueprint:Warning: [compiler ThirdPersonCharacter2D] Warning 'AbilitiesMenu' is already a 'Ability Menu', you don't need  Cast To AbilityMenu .
[2015.12.24-22.24.56:583][282]LogBlueprint:Warning: [compiler ThirdPersonCharacter2D] Warning 'ReturnValue' is already a 'Knife', you don't need  Cast To Knife .
[2015.12.24-22.24.56:593][282]LogBlueprint:Warning: [compiler ThirdPersonCharacter2D] Warning 'SecondPointer' is already a 'Pointer 2', you don't need  Cast To Pointer2 .
[2015.12.24-22.24.56:665][282]LogBlueprint:Warning: [compiler ThirdPersonCharacter2D] Warning [0187.91] Compile of ThirdPersonCharacter2D successful, but with 4 Warning(s) [in 177 ms]
[2015.12.24-22.24.56:666][282]LogBlueprint:Warning: [compiler ThirdPersonCharacter2D] Warning [0187.92] Compile of ThirdPersonCharacter2D successful, but with 5 Warning(s) [in 0 ms]
[2015.12.24-22.24.56:666][282]LogBlueprint:Warning: [compiler ThirdPersonCharacter2D] Warning [0187.92] Compile of ThirdPersonCharacter2D successful, but with 6 Warning(s) [in 0 ms]
[2015.12.24-22.24.56:670][282]LogBlueprint:Warning: [compiler FreeMovementLocator] Warning 'Third Person Character 2D' does not inherit from 'Player Controller' ( Cast To ThirdPersonCharacter2D  would always fail).
[2015.12.24-22.24.56:671][282]LogBlueprint:Warning: [compiler FreeMovementLocator] Warning [0187.92] Compile of FreeMovementLocator successful, but with 1 Warning(s) [in 3 ms]
[2015.12.24-22.24.56:671][282]LogBlueprint:Warning: [compiler FreeMovementLocator] Warning [0187.92] Compile of FreeMovementLocator successful, but with 2 Warning(s) [in 0 ms]
[2015.12.24-22.24.56:675][282]LogBlueprint:Warning: [compiler FreeMovementLocator] Warning [0187.92] Compile of FreeMovementLocator successful, but with 3 Warning(s) [in 3 ms]
[2015.12.24-22.24.56:741][282]LogBlueprint:Warning: [compiler AbilityMenu] Warning 'ReturnValue' is already a 'Listed Item', you don't need  Cast To ListedItem .
[2015.12.24-22.24.56:741][282]LogBlueprint:Warning: [compiler AbilityMenu] Warning 'ReturnValue' is already a 'Listed Item', you don't need  Cast To ListedItem .
[2015.12.24-22.24.56:745][282]LogBlueprint:Warning: [compiler AbilityMenu] Warning [0187.99] Compile of AbilityMenu successful, but with 2 Warning(s) [in 27 ms]
[2015.12.24-22.24.56:745][282]LogBlueprint:Warning: [compiler AbilityMenu] Warning [0188.00] Compile of AbilityMenu successful, but with 3 Warning(s) [in 0 ms]
[2015.12.24-22.24.56:750][282]LogBlueprint:Warning: [compiler AbilityMenu] Warning [0188.00] Compile of AbilityMenu successful, but with 4 Warning(s) [in 5 ms]
[2015.12.24-22.24.56:874][282]LogBlueprint:Warning: [compiler ThirdPersonCharacter] Warning 'AbilitiesMenu' is already a 'Ability Menu', you don't need  Cast To AbilityMenu .
[2015.12.24-22.24.56:877][282]LogBlueprint:Warning: [compiler ThirdPersonCharacter] Warning 'PointerClass' is already a 'Pointer', you don't need  Cast To Pointer .
[2015.12.24-22.24.56:878][282]LogBlueprint:Warning: [compiler ThirdPersonCharacter] Warning No value will be returned by reference. Parameter 'EndTime'. Node:  (none) 
[2015.12.24-22.24.56:889][282]LogBlueprint:Warning: [compiler ThirdPersonCharacter] Warning 'SecondPointer' is already a 'Pointer 2', you don't need  Cast To Pointer2 .
[2015.12.24-22.24.56:907][282]LogBlueprint:Warning: [compiler ThirdPersonCharacter] Warning [0188.16] Compile of ThirdPersonCharacter successful, but with 4 Warning(s) [in 111 ms]
[2015.12.24-22.24.56:907][282]LogBlueprint:Warning: [compiler ThirdPersonCharacter] Warning [0188.16] Compile of ThirdPersonCharacter successful, but with 5 Warning(s) [in 0 ms]
[2015.12.24-22.24.56:908][282]LogBlueprint:Warning: [compiler ThirdPersonCharacter] Warning [0188.16] Compile of ThirdPersonCharacter successful, but with 6 Warning(s) [in 0 ms]
[2015.12.24-22.24.57:027][282]LogBlueprint:Warning: [compiler ThirdPersonCharacter2D] Warning No value will be returned by reference. Parameter 'EndTime'. Node:  (none) 
[2015.12.24-22.24.57:043][282]LogBlueprint:Warning: [compiler ThirdPersonCharacter2D] Warning 'AbilitiesMenu' is already a 'Ability Menu', you don't need  Cast To AbilityMenu .
[2015.12.24-22.24.57:043][282]LogBlueprint:Warning: [compiler ThirdPersonCharacter2D] Warning 'ReturnValue' is already a 'Knife', you don't need  Cast To Knife .
[2015.12.24-22.24.57:052][282]LogBlueprint:Warning: [compiler ThirdPersonCharacter2D] Warning 'SecondPointer' is already a 'Pointer 2', you don't need  Cast To Pointer2 .
[2015.12.24-22.24.57:124][282]LogBlueprint:Warning: [compiler ThirdPersonCharacter2D] Warning [0188.37] Compile of ThirdPersonCharacter2D successful, but with 4 Warning(s) [in 178 ms]
[2015.12.24-22.24.57:124][282]LogBlueprint:Warning: [compiler ThirdPersonCharacter2D] Warning [0188.37] Compile of ThirdPersonCharacter2D successful, but with 5 Warning(s) [in 0 ms]
[2015.12.24-22.24.57:125][282]LogBlueprint:Warning: [compiler ThirdPersonCharacter2D] Warning [0188.38] Compile of ThirdPersonCharacter2D successful, but with 6 Warning(s) [in 0 ms]
[2015.12.24-22.24.58:496][282]LogAIModule: Creating AISystem for world EnemyArena
[2015.12.24-22.24.58:500][282]LogEditorServer: Finished looking for orphan Actors (0.000 secs)
[2015.12.24-22.24.58:576][282]Cmd: MAP CHECKDEP NOCLEARLOG
[2015.12.24-22.24.58:674][282]MapCheck: Info Map check complete: 0 Error(s), 0 Warning(s), took 97.838ms to complete.
[2015.12.24-22.24.58:674][282]LogFileHelpers: Loading map 'EnemyArena' took 3.603
[2015.12.24-22.25.06:424][734]LogActorComponent: UnregisterComponent: (/Engine/Transient.CharMoveComp) Not registered. Aborting.
[2015.12.24-22.25.06:424][734]LogActorComponent: UnregisterComponent: (/Engine/Transient.CharacterMovementComponent_2) Not registered. Aborting.
[2015.12.24-22.25.06:507][734]Cmd: MAP LOAD FILE="../../../../../../Users/Matt/Documents/GitHub/P3NGUIN/P3NGUIN/MyProject19/Content/Maps/Basement_Blockout.umap" TEMPLATE=0 SHOWPROGRESS=1 FEATURELEVEL=3
[2015.12.24-22.25.06:524][734]LightingResults: New page: Lighting Build
[2015.12.24-22.25.06:552][734]LoadErrors: New page: Loading map: Basement_Blockout.umap
[2015.12.24-22.25.06:553][734]MapCheck: New page: Map Check
[2015.12.24-22.25.06:553][734]LightingResults: New page: Lighting Build
[2015.12.24-22.25.06:568][734]LogParticles: Destroying 0 GPU particle simulations for FXSystem 0x00000000319E8AE0
[2015.12.24-22.25.06:604][734]LogAIModule: Creating AISystem for world Basement_Blockout
[2015.12.24-22.25.06:611][734]LogEditorServer: Finished looking for orphan Actors (0.000 secs)
[2015.12.24-22.25.06:689][734]Cmd: MAP CHECKDEP NOCLEARLOG
[2015.12.24-22.25.06:784][734]MapCheck: Info Map check complete: 0 Error(s), 0 Warning(s), took 95.34ms to complete.
[2015.12.24-22.25.06:784][734]LogFileHelpers: Loading map 'Basement_Blockout' took 0.279
[2015.12.24-22.26.42:437][416]LogEditorViewport: Clicking Background
[2015.12.24-22.26.43:034][486]LogEditorViewport: Clicking on Actor (LMB): PostProcessVolume (PostProcessVolume)
[2015.12.24-22.26.45:125][730]Cmd: DELETE
[2015.12.24-22.26.45:125][730]Cmd: ACTOR DELETE
[2015.12.24-22.26.45:129][730]LogEditorActor: Deleted Actor: PostProcessVolume
[2015.12.24-22.26.45:129][730]LogActorComponent: UnregisterComponent: (/Engine/Transient.CharMoveComp) Not registered. Aborting.
[2015.12.24-22.26.45:129][730]LogActorComponent: UnregisterComponent: (/Engine/Transient.CharacterMovementComponent_3) Not registered. Aborting.
[2015.12.24-22.26.45:129][730]LogActorComponent: UnregisterComponent: (/Engine/Transient.CharacterMovementComponent_4) Not registered. Aborting.
[2015.12.24-22.26.45:269][730]LogEditorActor: Deleted 1 Actors (0.143 secs)
[2015.12.24-22.26.47:864][988]LogSavePackage: Save=130.583176ms
[2015.12.24-22.26.47:864][988]LogSavePackage: Moving '../../../../../../Users/Matt/Documents/GitHub/P3NGUIN/P3NGUIN/MyProject19/Saved/Basement_BlockoutFDFDE30A47C2F9384F2A469356157320.tmp' to '../../../../../../Users/Matt/Documents/GitHub/P3NGUIN/P3NGUIN/MyProject19/Content/Maps/Basement_Blockout.umap'
[2015.12.24-22.26.47:868][988]LogSavePackage: Total save time: 163.383078ms
[2015.12.24-22.26.47:868][988]LogSavePackage:Display: Finished SavePackage ../../../../../../Users/Matt/Documents/GitHub/P3NGUIN/P3NGUIN/MyProject19/Content/Maps/Basement_Blockout.umap
[2015.12.24-22.26.47:945][988]LogFileHelpers: Saving map 'Basement_Blockout' took 0.451
[2015.12.24-22.26.49:105][ 79]Cmd: QUIT_EDITOR
[2015.12.24-22.26.49:265][ 79]LogExit: Preparing to exit.
[2015.12.24-22.26.50:124][ 79]LogExit: Editor shut down
[2015.12.24-22.26.50:124][ 79]LogExit: Transaction tracking system shut down
[2015.12.24-22.26.50:125][ 79]LogParticles: Destroying 0 GPU particle simulations for FXSystem 0x0000000023A7B880
[2015.12.24-22.26.50:125][ 79]LogParticles: Destroying 0 GPU particle simulations for FXSystem 0x0000000022F9A8E0
[2015.12.24-22.26.50:125][ 79]LogParticles: Destroying 0 GPU particle simulations for FXSystem 0x00000000272232E0
[2015.12.24-22.26.50:125][ 79]LogParticles: Destroying 0 GPU particle simulations for FXSystem 0x0000000027223100
[2015.12.24-22.26.50:269][ 79]LogParticles: Destroying 0 GPU particle simulations for FXSystem 0x00000000319EAA20
[2015.12.24-22.26.50:269][ 79]LogExit: Object subsystem successfully closed.
[2015.12.24-22.26.50:283][ 79]LogD3D11RHI: Shutdown
[2015.12.24-22.26.50:283][ 79]LogD3D11RHI: CleanupD3DDevice
[2015.12.24-22.26.50:311][ 79]LogD3D11RHI: ~FD3D11DynamicRHI
[2015.12.24-22.26.50:355][ 79]LogModuleManager: Shutting down and abandoning module CookingStats (200)
[2015.12.24-22.26.50:355][ 79]LogModuleManager: Shutting down and abandoning module CrashTracker (199)
[2015.12.24-22.26.50:355][ 79]LogModuleManager: Shutting down and abandoning module WorldBrowser (198)
[2015.12.24-22.26.50:355][ 79]LogModuleManager: Shutting down and abandoning module SceneOutliner (197)
[2015.12.24-22.26.50:355][ 79]LogModuleManager: Shutting down and abandoning module SuperSearch (196)
[2015.12.24-22.26.50:355][ 79]LogModuleManager: Shutting down and abandoning module WidgetCarousel (195)
[2015.12.24-22.26.50:355][ 79]LogModuleManager: Shutting down and abandoning module AddContentDialog (194)
[2015.12.24-22.26.50:356][ 79]LogModuleManager: Shutting down and abandoning module EditorWidgets (193)
[2015.12.24-22.26.50:356][ 79]LogModuleManager: Shutting down and abandoning module CollectionManager (192)
[2015.12.24-22.26.50:356][ 79]LogModuleManager: Shutting down and abandoning module StatsViewer (191)
[2015.12.24-22.26.50:356][ 79]LogModuleManager: Shutting down and abandoning module FoliageEdit (190)
[2015.12.24-22.26.50:356][ 79]LogModuleManager: Shutting down and abandoning module LandscapeEditor (189)
[2015.12.24-22.26.50:357][ 79]LogModuleManager: Shutting down and abandoning module ActorPickerMode (188)
[2015.12.24-22.26.50:357][ 79]LogModuleManager: Shutting down and abandoning module GeometryMode (187)
[2015.12.24-22.26.50:357][ 79]LogModuleManager: Shutting down and abandoning module TextureAlignMode (186)
[2015.12.24-22.26.50:357][ 79]LogModuleManager: Shutting down and abandoning module BspMode (185)
[2015.12.24-22.26.50:357][ 79]LogModuleManager: Shutting down and abandoning module PlacementMode (184)
[2015.12.24-22.26.50:357][ 79]LogModuleManager: Shutting down and abandoning module AutomationWorker (183)
[2015.12.24-22.26.50:357][ 79]LogModuleManager: Shutting down and abandoning module CharacterAI (182)
[2015.12.24-22.26.50:357][ 79]LogModuleManager: Shutting down and abandoning module SmartSnapping (181)
[2015.12.24-22.26.50:357][ 79]LogModuleManager: Shutting down and abandoning module ViewportSnapping (180)
[2015.12.24-22.26.50:357][ 79]LogModuleManager: Shutting down and abandoning module LogVisualizer (179)
[2015.12.24-22.26.50:357][ 79]LogModuleManager: Shutting down and abandoning module GameProjectGeneration (178)
[2015.12.24-22.26.50:357][ 79]LogModuleManager: Shutting down and abandoning module IntroTutorials (177)
[2015.12.24-22.26.50:357][ 79]LogModuleManager: Shutting down and abandoning module EditorLiveStreaming (176)
[2015.12.24-22.26.50:357][ 79]LogModuleManager: Shutting down and abandoning module IOSPlatformEditor (175)
[2015.12.24-22.26.50:357][ 79]LogModuleManager: Shutting down and abandoning module HTML5PlatformEditor (174)
[2015.12.24-22.26.50:357][ 79]LogModuleManager: Shutting down and abandoning module AndroidDeviceDetection (173)
[2015.12.24-22.26.50:971][ 79]LogModuleManager: Shutting down and abandoning module AndroidPlatformEditor (172)
[2015.12.24-22.26.50:971][ 79]LogModuleManager: Shutting down and abandoning module IOSRuntimeSettings (171)
[2015.12.24-22.26.50:971][ 79]LogModuleManager: Shutting down and abandoning module AndroidRuntimeSettings (170)
[2015.12.24-22.26.50:971][ 79]LogModuleManager: Shutting down and abandoning module MergeActors (169)
[2015.12.24-22.26.50:971][ 79]LogModuleManager: Shutting down and abandoning module SizeMap (168)
[2015.12.24-22.26.50:971][ 79]LogModuleManager: Shutting down and abandoning module TreeMap (167)
[2015.12.24-22.26.50:971][ 79]LogModuleManager: Shutting down and abandoning module ReferenceViewer (166)
[2015.12.24-22.26.50:971][ 79]LogModuleManager: Shutting down and abandoning module LocalizationService (165)
[2015.12.24-22.26.50:971][ 79]LogModuleManager: Shutting down and abandoning module LocalizationDashboard (164)
[2015.12.24-22.26.50:971][ 79]LogModuleManager: Shutting down and abandoning module HardwareTargeting (163)
[2015.12.24-22.26.50:971][ 79]LogModuleManager: Shutting down and abandoning module DeviceProfileEditor (162)
[2015.12.24-22.26.50:971][ 79]LogModuleManager: Shutting down and abandoning module UndoHistory (161)
[2015.12.24-22.26.50:971][ 79]LogModuleManager: Shutting down and abandoning module GameplayTagsEditor (160)
[2015.12.24-22.26.50:971][ 79]LogModuleManager: Shutting down and abandoning module UserFeedback (159)
[2015.12.24-22.26.50:971][ 79]LogModuleManager: Shutting down and abandoning module XmlParser (158)
[2015.12.24-22.26.50:971][ 79]LogModuleManager: Shutting down and abandoning module Blutility (157)
[2015.12.24-22.26.50:971][ 79]LogModuleManager: Shutting down and abandoning module ProjectTargetPlatformEditor (156)
[2015.12.24-22.26.50:971][ 79]LogModuleManager: Shutting down and abandoning module ProjectSettingsViewer (155)
[2015.12.24-22.26.50:971][ 79]LogModuleManager: Shutting down and abandoning module InputBindingEditor (154)
[2015.12.24-22.26.50:971][ 79]LogModuleManager: Shutting down and abandoning module EditorSettingsViewer (153)
[2015.12.24-22.26.50:972][ 79]LogModuleManager: Shutting down and abandoning module SettingsEditor (152)
[2015.12.24-22.26.50:972][ 79]LogModuleManager: Shutting down and abandoning module ProjectLauncher (151)
[2015.12.24-22.26.50:972][ 79]LogModuleManager: Shutting down and abandoning module SessionFrontend (150)
[2015.12.24-22.26.50:972][ 79]LogModuleManager: Shutting down and abandoning module ProfilerClient (149)
[2015.12.24-22.26.50:972][ 79]LogModuleManager: Shutting down and abandoning module TargetDeviceServices (148)
[2015.12.24-22.26.50:972][ 79]LogModuleManager: Shutting down and abandoning module DeviceManager (147)
[2015.12.24-22.26.50:972][ 79]LogModuleManager: Shutting down and abandoning module AutomationController (146)
[2015.12.24-22.26.50:972][ 79]LogModuleManager: Shutting down and abandoning module AutomationWindow (145)
[2015.12.24-22.26.50:972][ 79]LogModuleManager: Shutting down and abandoning module Layers (144)
[2015.12.24-22.26.50:972][ 79]LogModuleManager: Shutting down and abandoning module ComponentVisualizers (143)
[2015.12.24-22.26.50:972][ 79]LogModuleManager: Shutting down and abandoning module DetailCustomizations (142)
[2015.12.24-22.26.50:972][ 79]LogModuleManager: Shutting down and abandoning module PackagesDialog (141)
[2015.12.24-22.26.50:972][ 79]LogModuleManager: Shutting down and abandoning module Persona (140)
[2015.12.24-22.26.50:972][ 79]LogModuleManager: Shutting down and abandoning module Kismet (139)
[2015.12.24-22.26.50:972][ 79]LogModuleManager: Shutting down and abandoning module GraphEditor (138)
[2015.12.24-22.26.50:972][ 79]LogModuleManager: Shutting down and abandoning module ClassViewer (137)
[2015.12.24-22.26.50:972][ 79]LogModuleManager: Shutting down and abandoning module Toolbox (136)
[2015.12.24-22.26.50:972][ 79]LogModuleManager: Shutting down and abandoning module ModuleUI (135)
[2015.12.24-22.26.50:972][ 79]LogModuleManager: Shutting down and abandoning module MovieSceneTools (134)
[2015.12.24-22.26.50:972][ 79]LogModuleManager: Shutting down and abandoning module OutputLog (133)
[2015.12.24-22.26.50:972][ 79]LogModuleManager: Shutting down and abandoning module GammaUI (132)
[2015.12.24-22.26.50:972][ 79]LogModuleManager: Shutting down and abandoning module Documentation (131)
[2015.12.24-22.26.50:972][ 79]LogModuleManager: Shutting down and abandoning module GameLiveStreaming (130)
[2015.12.24-22.26.50:972][ 79]LogModuleManager: Shutting down and abandoning module StreamingPauseRendering (129)
[2015.12.24-22.26.50:972][ 79]LogModuleManager: Shutting down and abandoning module AnalyticsET (128)
[2015.12.24-22.26.50:972][ 79]LogModuleManager: Shutting down and abandoning module Analytics (127)
[2015.12.24-22.26.50:972][ 79]LogModuleManager: Shutting down and abandoning module AITestSuite (126)
[2015.12.24-22.26.50:972][ 79]LogModuleManager: Shutting down and abandoning module GameplayDebugger (125)
[2015.12.24-22.26.50:972][ 79]LogModuleManager: Shutting down and abandoning module AIModule (124)
[2015.12.24-22.26.50:972][ 79]LogModuleManager: Shutting down and abandoning module ProfilerService (123)
[2015.12.24-22.26.51:066][ 79]LogModuleManager: Shutting down and abandoning module TaskGraph (122)
[2015.12.24-22.26.51:066][ 79]LogModuleManager: Shutting down and abandoning module SlateRemote (121)
[2015.12.24-22.26.51:066][ 79]LogModuleManager: Shutting down and abandoning module SteamVRController (120)
[2015.12.24-22.26.51:066][ 79]LogModuleManager: Shutting down and abandoning module SteamVR (119)
[2015.12.24-22.26.51:066][ 79]LogModuleManager: Shutting down and abandoning module ProceduralMeshComponent (118)
[2015.12.24-22.26.51:066][ 79]LogModuleManager: Shutting down and abandoning module OculusLibrary (117)
[2015.12.24-22.26.51:066][ 79]LogModuleManager: Shutting down and abandoning module OculusInput (116)
[2015.12.24-22.26.51:066][ 79]LogModuleManager: Shutting down and abandoning module LeapMotionController (115)
[2015.12.24-22.26.51:076][ 79]LogModuleManager: Shutting down and abandoning module CustomMeshComponent (114)
[2015.12.24-22.26.51:076][ 79]LogModuleManager: Shutting down and abandoning module CableComponent (113)
[2015.12.24-22.26.51:076][ 79]LogModuleManager: Shutting down and abandoning module ArchVisCharacter (112)
[2015.12.24-22.26.51:076][ 79]LogModuleManager: Shutting down and abandoning module MessagingDebugger (111)
[2015.12.24-22.26.51:076][ 79]LogModuleManager: Shutting down and abandoning module MediaPlayerEditor (110)
[2015.12.24-22.26.51:076][ 79]LogModuleManager: Shutting down and abandoning module HTML5Networking (109)
[2015.12.24-22.26.51:076][ 79]LogModuleManager: Shutting down and abandoning module SpeedTreeImporter (108)
[2015.12.24-22.26.51:076][ 79]LogModuleManager: Shutting down and abandoning module PluginBrowser (107)
[2015.12.24-22.26.51:076][ 79]LogModuleManager: Shutting down and abandoning module EpicSurvey (106)
[2015.12.24-22.26.51:076][ 79]LogModuleManager: Shutting down and abandoning module DesktopPlatform (105)
[2015.12.24-22.26.51:076][ 79]LogModuleManager: Shutting down and abandoning module VisualStudioSourceCodeAccess (104)
[2015.12.24-22.26.51:076][ 79]LogModuleManager: Shutting down and abandoning module UObjectPlugin (103)
[2015.12.24-22.26.51:076][ 79]LogModuleManager: Shutting down and abandoning module SubversionSourceControl (102)
[2015.12.24-22.26.51:076][ 79]LogModuleManager: Shutting down and abandoning module PerforceSourceControl (101)
[2015.12.24-22.26.51:076][ 79]LogModuleManager: Shutting down and abandoning module SourceControl (100)
[2015.12.24-22.26.51:076][ 79]LogModuleManager: Shutting down and abandoning module GitSourceControl (99)
[2015.12.24-22.26.51:076][ 79]LogModuleManager: Shutting down and abandoning module LightPropagationVolumeEditor (98)
[2015.12.24-22.26.51:076][ 79]LogModuleManager: Shutting down and abandoning module PaperTiledImporter (97)
[2015.12.24-22.26.51:076][ 79]LogModuleManager: Shutting down and abandoning module PaperSpriteSheetImporter (96)
[2015.12.24-22.26.51:076][ 79]LogModuleManager: Shutting down and abandoning module MeshPaint (95)
[2015.12.24-22.26.51:076][ 79]LogModuleManager: Shutting down and abandoning module SlateReflector (94)
[2015.12.24-22.26.51:076][ 79]LogModuleManager: Shutting down and abandoning module HotReload (93)
[2015.12.24-22.26.51:076][ 79]LogModuleManager: Shutting down and abandoning module MainFrame (92)
[2015.12.24-22.26.51:076][ 79]LogModuleManager: Shutting down and abandoning module LevelEditor (91)
[2015.12.24-22.26.51:077][ 79]LogModuleManager: Shutting down and abandoning module DirectoryWatcher (90)
[2015.12.24-22.26.51:078][ 79]LogModuleManager: Shutting down and abandoning module AssetRegistry (89)
[2015.12.24-22.26.51:194][ 79]LogModuleManager: Shutting down and abandoning module ContentBrowser (88)
[2015.12.24-22.26.51:195][ 79]LogModuleManager: Shutting down and abandoning module Paper2DEditor (87)
[2015.12.24-22.26.51:195][ 79]LogModuleManager: Shutting down and abandoning module UdpMessaging (86)
[2015.12.24-22.26.51:295][ 79]LogModuleManager: Shutting down and abandoning module LightPropagationVolumeRuntime (85)
[2015.12.24-22.26.51:295][ 79]LogModuleManager: Shutting down and abandoning module Paper2D (84)
[2015.12.24-22.26.51:295][ 79]LogModuleManager: Shutting down and abandoning module WindowsMoviePlayer (83)
[2015.12.24-22.26.51:298][ 79]LogModuleManager: Shutting down and abandoning module Media (82)
[2015.12.24-22.26.51:298][ 79]LogModuleManager: Shutting down and abandoning module WmfMedia (81)
[2015.12.24-22.26.51:298][ 79]LogModuleManager: Shutting down and abandoning module OnlineBlueprintSupport (80)
[2015.12.24-22.26.51:298][ 79]LogModuleManager: Shutting down and abandoning module GameplayTasksEditor (79)
[2015.12.24-22.26.51:298][ 79]LogModuleManager: Shutting down and abandoning module PropertyEditor (78)
[2015.12.24-22.26.51:298][ 79]LogModuleManager: Shutting down and abandoning module BehaviorTreeEditor (77)
[2015.12.24-22.26.51:298][ 79]LogModuleManager: Shutting down and abandoning module FunctionalTesting (76)
[2015.12.24-22.26.51:298][ 79]LogModuleManager: Shutting down and abandoning module CollisionAnalyzer (75)
[2015.12.24-22.26.51:298][ 79]LogModuleManager: Shutting down and abandoning module WorkspaceMenuStructure (74)
[2015.12.24-22.26.51:298][ 79]LogModuleManager: Shutting down and abandoning module MessageLog (73)
[2015.12.24-22.26.51:298][ 79]LogModuleManager: Shutting down and abandoning module Sequencer (72)
[2015.12.24-22.26.51:298][ 79]LogModuleManager: Shutting down and abandoning module AssetTools (71)
[2015.12.24-22.26.51:298][ 79]LogModuleManager: Shutting down and abandoning module UMGEditor (70)
[2015.12.24-22.26.51:298][ 79]LogModuleManager: Shutting down and abandoning module UMG (69)
[2015.12.24-22.26.51:298][ 79]LogModuleManager: Shutting down and abandoning module Slate (68)
[2015.12.24-22.26.51:298][ 79]LogModuleManager: Shutting down and abandoning module EditorStyle (67)
[2015.12.24-22.26.51:305][ 79]LogModuleManager: Shutting down and abandoning module SessionServices (66)
[2015.12.24-22.26.51:305][ 79]LogModuleManager: Shutting down and abandoning module SourceCodeAccess (65)
[2015.12.24-22.26.51:306][ 79]LogModuleManager: Shutting down and abandoning module HeadMountedDisplay (64)
[2015.12.24-22.26.51:306][ 79]LogModuleManager: Shutting down and abandoning module XAudio2 (63)
[2015.12.24-22.26.51:306][ 79]LogModuleManager: Shutting down and abandoning module Networking (61)
[2015.12.24-22.26.51:306][ 79]LogModuleManager: Shutting down and abandoning module Core (60)
[2015.12.24-22.26.51:306][ 79]LogModuleManager: Shutting down and abandoning module KismetCompiler (59)
[2015.12.24-22.26.51:306][ 79]LogModuleManager: Shutting down and abandoning module PhysXFormats (58)
[2015.12.24-22.26.51:306][ 79]LogModuleManager: Shutting down and abandoning module MeshUtilities (57)
[2015.12.24-22.26.51:306][ 79]LogModuleManager: Shutting down and abandoning module DerivedDataCache (56)
[2015.12.24-22.26.51:334][ 79]LogDerivedDataCache: Shutdown
[2015.12.24-22.26.51:334][ 79]LogModuleManager: Shutting down and abandoning module ShaderFormatOpenGL (55)
[2015.12.24-22.26.51:334][ 79]LogModuleManager: Shutting down and abandoning module ShaderFormatD3D (54)
[2015.12.24-22.26.51:334][ 79]LogModuleManager: Shutting down and abandoning module MetalShaderFormat (53)
[2015.12.24-22.26.51:334][ 79]LogModuleManager: Shutting down and abandoning module TextureFormatUncompressed (52)
[2015.12.24-22.26.51:334][ 79]LogModuleManager: Shutting down and abandoning module TextureFormatPVR (51)
[2015.12.24-22.26.51:334][ 79]LogModuleManager: Shutting down and abandoning module TextureFormatIntelISPCTexComp (50)
[2015.12.24-22.26.51:334][ 79]LogModuleManager: Shutting down and abandoning module TextureFormatDXT (49)
[2015.12.24-22.26.51:334][ 79]LogModuleManager: Shutting down and abandoning module ImageWrapper (48)
[2015.12.24-22.26.51:334][ 79]LogModuleManager: Shutting down and abandoning module TextureFormatASTC (47)
[2015.12.24-22.26.51:334][ 79]LogModuleManager: Shutting down and abandoning module TextureFormatAndroid (46)
[2015.12.24-22.26.51:334][ 79]LogModuleManager: Shutting down and abandoning module AudioFormatOpus (45)
[2015.12.24-22.26.51:334][ 79]LogModuleManager: Shutting down and abandoning module AudioFormatOgg (44)
[2015.12.24-22.26.51:334][ 79]LogModuleManager: Shutting down and abandoning module AudioFormatADPCM (43)
[2015.12.24-22.26.51:334][ 79]LogModuleManager: Shutting down and abandoning module LinuxTargetPlatform (42)
[2015.12.24-22.26.51:334][ 79]LogModuleManager: Shutting down and abandoning module LinuxServerTargetPlatform (41)
[2015.12.24-22.26.51:334][ 79]LogModuleManager: Shutting down and abandoning module LinuxNoEditorTargetPlatform (40)
[2015.12.24-22.26.51:334][ 79]LogModuleManager: Shutting down and abandoning module Messaging (39)
[2015.12.24-22.26.51:334][ 79]LogModuleManager: Shutting down and abandoning module IOSTargetPlatform (38)
[2015.12.24-22.26.51:334][ 79]LogModuleManager: Shutting down and abandoning module HTML5TargetPlatform (37)
[2015.12.24-22.26.51:334][ 79]LogModuleManager: Shutting down and abandoning module Android_PVRTCTargetPlatform (36)
[2015.12.24-22.26.51:334][ 79]LogModuleManager: Shutting down and abandoning module Android_MultiTargetPlatform (35)
[2015.12.24-22.26.51:334][ 79]LogModuleManager: Shutting down and abandoning module Android_ETC2TargetPlatform (34)
[2015.12.24-22.26.51:334][ 79]LogModuleManager: Shutting down and abandoning module Android_ETC1TargetPlatform (33)
[2015.12.24-22.26.51:334][ 79]LogModuleManager: Shutting down and abandoning module Android_DXTTargetPlatform (32)
[2015.12.24-22.26.51:334][ 79]LogModuleManager: Shutting down and abandoning module Android_ATCTargetPlatform (31)
[2015.12.24-22.26.51:334][ 79]LogModuleManager: Shutting down and abandoning module Android_ASTCTargetPlatform (30)
[2015.12.24-22.26.51:334][ 79]LogModuleManager: Shutting down and abandoning module AndroidTargetPlatform (29)
[2015.12.24-22.26.51:334][ 79]LogModuleManager: Shutting down and abandoning module WindowsTargetPlatform (28)
[2015.12.24-22.26.51:334][ 79]LogModuleManager: Shutting down and abandoning module WindowsServerTargetPlatform (27)
[2015.12.24-22.26.51:334][ 79]LogModuleManager: Shutting down and abandoning module WindowsNoEditorTargetPlatform (26)
[2015.12.24-22.26.51:334][ 79]LogModuleManager: Shutting down and abandoning module WindowsClientTargetPlatform (25)
[2015.12.24-22.26.51:334][ 79]LogModuleManager: Shutting down and abandoning module AllDesktopTargetPlatform (24)
[2015.12.24-22.26.51:334][ 79]LogModuleManager: Shutting down and abandoning module TargetPlatform (23)
[2015.12.24-22.26.51:334][ 79]LogModuleManager: Shutting down and abandoning module InputCore (22)
[2015.12.24-22.26.51:334][ 79]LogModuleManager: Shutting down and abandoning module Settings (21)
[2015.12.24-22.26.51:335][ 79]LogModuleManager: Shutting down and abandoning module OnlineSubsystem (19)
[2015.12.24-22.26.51:335][ 79]LogModuleManager: Shutting down and abandoning module HTTP (18)
[2015.12.24-22.26.54:337][ 79]LogModuleManager: Shutting down and abandoning module XMPP (17)
[2015.12.24-22.26.54:337][ 79]LogModuleManager: Shutting down and abandoning module OculusRift (16)
[2015.12.24-22.26.54:337][ 79]LogModuleManager: Shutting down and abandoning module ExampleDeviceProfileSelector (15)
[2015.12.24-22.26.54:337][ 79]LogModuleManager: Shutting down and abandoning module TextureCompressor (14)
[2015.12.24-22.26.54:337][ 79]LogModuleManager: Shutting down and abandoning module ShaderCore (13)
[2015.12.24-22.26.54:337][ 79]LogModuleManager: Shutting down and abandoning module Landscape (12)
[2015.12.24-22.26.54:337][ 79]LogModuleManager: Shutting down and abandoning module SlateRHIRenderer (11)
[2015.12.24-22.26.54:337][ 79]LogModuleManager: Shutting down and abandoning module OpenGLDrv (10)
[2015.12.24-22.26.54:338][ 79]LogModuleManager: Shutting down and abandoning module D3D11RHI (9)
[2015.12.24-22.26.54:338][ 79]LogModuleManager: Shutting down and abandoning module AnimGraphRuntime (8)
[2015.12.24-22.26.54:338][ 79]LogModuleManager: Shutting down and abandoning module Renderer (7)
[2015.12.24-22.26.54:338][ 79]LogModuleManager: Shutting down and abandoning module Engine (6)
[2015.12.24-22.26.54:338][ 79]LogModuleManager: Shutting down and abandoning module CoreUObject (5)
[2015.12.24-22.26.54:338][ 79]LogModuleManager: Shutting down and abandoning module NetworkFile (4)
[2015.12.24-22.26.54:338][ 79]LogModuleManager: Shutting down and abandoning module StreamingFile (3)
[2015.12.24-22.26.54:338][ 79]LogModuleManager: Shutting down and abandoning module SandboxFile (2)
[2015.12.24-22.26.54:338][ 79]LogModuleManager: Shutting down and abandoning module PakFile (1)
[2015.12.24-22.26.54:339][ 79]LogExit: Exiting.
[2015.12.24-22.26.54:340][ 79]Log file closed, 12/24/15 14:26:54
